"../../../../../Github/GEP/GEPProject/Content/Audio/Pistol_Shoot.uasset" 0
"../../../../../Github/GEP/GEPProject/Content/Audio/Pistol_Shoot_Cue.uasset" 1
"../../../../../Github/GEP/GEPProject/Content/Textures/PolygonScifi_01_A.uasset" 2
"../../../../../Github/GEP/GEPProject/Content/Textures/PolygonScifi_Emissive_01.uasset" 3
"../../../../../Github/GEP/GEPProject/Content/Textures/PolygonSciFiCity_Texture_Metallic.uasset" 4
"../../../../../Github/GEP/GEPProject/Content/Textures/PolygonSciFiCity_Texture_Normal.uasset" 5
"../../../../../Github/GEP/GEPProject/Content/Models/lambert1.uasset" 6
"../../../../../Github/GEP/GEPProject/Content/Models/lambert16.uasset" 7
"../../../../../Github/GEP/GEPProject/Content/Models/SM_Wep_Pistol_01_PhysicsAsset.uasset" 8
"../../../../../Github/GEP/GEPProject/Content/Models/SM_Wep_Pistol_01_Skeleton.uasset" 9
"../../../../../Github/GEP/GEPProject/Content/Models/SM_Wep_Pistol_01.uasset" 10
"../../../Engine/Content/Functions/Engine_MaterialFunctions01/Gradient/RadialGradient.uasset" 11
"../../../../../Github/GEP/GEPProject/Content/StarterContent/Particles/Materials/M_Radial_Gradient.uasset" 12
"../../../../../Github/GEP/GEPProject/Content/StarterContent/Textures/T_Spark_Core.uasset" 13
"../../../../../Github/GEP/GEPProject/Content/StarterContent/Particles/Materials/M_Spark.uasset" 14
"../../../../../Github/GEP/GEPProject/Content/Particles/P_HitParticle.uasset" 15
"../../../../../Github/GEP/GEPProject/Content/Particles/P_MuzzleFlash.uasset" 16
"../../../../../Github/GEP/GEPProject/Content/Weapons/BP_Weapon_Pistol.uasset" 17
"../../../../../Github/GEP/GEPProject/Content/BP_PlayerCharacter.uasset" 18
"../../../../../Github/GEP/GEPProject/Content/BP_GEPPlayerController.uasset" 19
"../../../../../Github/GEP/GEPProject/Content/UI/BP_MainUI.uasset" 20
"../../../../../Github/GEP/GEPProject/Content/BP_GEPGamemode.uasset" 21
"../../../../../Github/GEP/GEPProject/Content/BP_GetGEPGamemode.uasset" 22
"../../../../../Github/GEP/GEPProject/Content/AI/AIBB.uasset" 23
"../../../../../Github/GEP/GEPProject/Content/AI/KeyQuery.uasset" 24
"../../../../../Github/GEP/GEPProject/Content/AI/BTD_CheckDistanceAgainstKey.uasset" 25
"../../../Engine/Content/EditorBlueprintResources/StandardMacros.uasset" 26
"../../../../../Github/GEP/GEPProject/Content/AI/BP_AIMoveToParameters.uasset" 27
"../../../../../Github/GEP/GEPProject/Content/AI/BTT_AddForceToLocation.uasset" 28
"../../../../../Github/GEP/GEPProject/Content/AI/BTT_FaceTarget.uasset" 29
"../../../../../Github/GEP/GEPProject/Content/AI/BTT_FindPointAwayFromTarget.uasset" 30
"../../../../../Github/GEP/GEPProject/Content/AI/BTT_GetDistToPlayer.uasset" 31
"../../../../../Github/GEP/GEPProject/Content/AI/BTT_LocationAbovePlayer.uasset" 32
"../../../../../Github/GEP/GEPProject/Content/AI/BT_FlyingAI.uasset" 33
"../../../../../Github/GEP/GEPProject/Content/AI/KeyTypes.uasset" 34
"../../../../../Github/GEP/GEPProject/Content/AI/AIFunctionLibrary.uasset" 35
"../../../../../Github/GEP/GEPProject/Content/AI/BP_BaseAIC.uasset" 36
"../../../../../Github/GEP/GEPProject/Content/Models/SM_Prop_Drone_Ball_01.uasset" 37
"../../../../../Github/GEP/GEPProject/Content/AI/BP_FlyingAI.uasset" 38
"../../../../../Github/GEP/GEPProject/Content/Models/SM_Prop_Drone_01.uasset" 39
"../../../../../Github/GEP/GEPProject/Content/AI/BP_FlyingAI_Drone1.uasset" 40
"../../../../../Github/GEP/GEPProject/Content/Models/SM_Prop_Drone_02.uasset" 41
"../../../../../Github/GEP/GEPProject/Content/AI/BP_FlyingAI_Drone2.uasset" 42
"../../../../../Github/GEP/GEPProject/Content/Models/SM_Prop_Drone_Insect_01.uasset" 43
"../../../../../Github/GEP/GEPProject/Content/AI/BP_FlyingAI_Insect.uasset" 44
"../../../../../Github/GEP/GEPProject/Content/Models/SM_Prop_Drone_Quad_01.uasset" 45
"../../../../../Github/GEP/GEPProject/Content/AI/BP_FlyingAI_Quad.uasset" 46
"../../../../../Github/GEP/GEPProject/Content/AI/BTT_FindRoamingLocation.uasset" 47
"../../../../../Github/GEP/GEPProject/Content/AI/BTT_SetBBKey.uasset" 48
"../../../../../Github/GEP/GEPProject/Content/AI/BT_PatrollingAI.uasset" 49
"../../../../../Github/GEP/GEPProject/Content/Geometry/Meshes/1M_Cube.uasset" 50
"../../../../../Github/GEP/GEPProject/Content/AI/BP_PatrollingAI.uasset" 51
"../../../../../Github/GEP/GEPProject/Content/AI/BTT_FindValidFlyingLocation.uasset" 52
"../../../../../Github/GEP/GEPProject/Content/Materials/RedMaterial.uasset" 53
"../../../../../Github/GEP/GEPProject/Content/StarterContent/Audio/Explosion_Cue.uasset" 54
"../../../../../Github/GEP/GEPProject/Content/StarterContent/Textures/T_Burst_M.uasset" 55
"../../../../../Github/GEP/GEPProject/Content/StarterContent/Particles/Materials/M_Burst.uasset" 56
"../../../../../Github/GEP/GEPProject/Content/StarterContent/Textures/T_Explosion_SubUV.uasset" 57
"../../../../../Github/GEP/GEPProject/Content/StarterContent/Particles/Materials/M_explosion_subUV.uasset" 58
"../../../../../Github/GEP/GEPProject/Content/StarterContent/Particles/Materials/m_flare_01.uasset" 59
"../../../../../Github/GEP/GEPProject/Content/StarterContent/Particles/Materials/M_radial_ramp.uasset" 60
"../../../../../Github/GEP/GEPProject/Content/StarterContent/Textures/T_Smoke_SubUV.uasset" 61
"../../../../../Github/GEP/GEPProject/Content/StarterContent/Textures/T_Smoke_Tiled_D.uasset" 62
"../../../../../Github/GEP/GEPProject/Content/StarterContent/Particles/Materials/M_smoke_subUV.uasset" 63
"../../../../../Github/GEP/GEPProject/Content/StarterContent/Particles/P_Explosion.uasset" 64
"../../../../../Github/GEP/GEPProject/Content/Enemies/BP_DefaultEnemy.uasset" 65
"../../../../../Github/GEP/GEPProject/Content/Materials/MrStrongBoxMat.uasset" 66
"../../../../../Github/GEP/GEPProject/Content/Enemies/BP_MrStrongBox.uasset" 67
"../../../../../Github/GEP/GEPProject/Content/FirstPerson/Textures/FirstPersonCrosshair.uasset" 68
"../../../../../Github/GEP/GEPProject/Content/Levels/TestLevel_BuiltData.uasset" 69
"../../../../../Github/GEP/GEPProject/Content/Materials/CelShaderForEnemy.uasset" 70
"../../../../../Github/GEP/GEPProject/Content/Materials/CelShader1.uasset" 71
"../../../../../Github/GEP/GEPProject/Content/Materials/BorderShaderForWeapon.uasset" 72
"../../../../../Github/GEP/GEPProject/Content/Materials/CelShader.uasset" 73
"../../../../../Github/GEP/GEPProject/Content/Materials/EnemySpawner.uasset" 74
"../../../../../Github/GEP/GEPProject/Content/Materials/Floor.uasset" 75
"../../../../../Github/GEP/GEPProject/Content/Models/lambert182.uasset" 76
"../../../../../Github/GEP/GEPProject/Content/Models/lambert183.uasset" 77
"../../../../../Github/GEP/GEPProject/Content/StarterContent/Audio/Collapse01.uasset" 78
"../../../../../Github/GEP/GEPProject/Content/StarterContent/Audio/Collapse02.uasset" 79
"../../../../../Github/GEP/GEPProject/Content/StarterContent/Audio/Collapse_Cue.uasset" 80
"../../../../../Github/GEP/GEPProject/Content/StarterContent/Audio/Explosion01.uasset" 81
"../../../../../Github/GEP/GEPProject/Content/StarterContent/Audio/Explosion02.uasset" 82
"../../../../../Github/GEP/GEPProject/Content/StarterContent/Audio/Fire01.uasset" 83
"../../../../../Github/GEP/GEPProject/Content/StarterContent/Audio/Fire01_Cue.uasset" 84
"../../../../../Github/GEP/GEPProject/Content/StarterContent/Audio/Fire_Sparks01.uasset" 85
"../../../../../Github/GEP/GEPProject/Content/StarterContent/Audio/Fire_Sparks01_Cue.uasset" 86
"../../../../../Github/GEP/GEPProject/Content/StarterContent/Audio/Light01.uasset" 87
"../../../../../Github/GEP/GEPProject/Content/StarterContent/Audio/Light01_Cue.uasset" 88
"../../../../../Github/GEP/GEPProject/Content/StarterContent/Audio/Light02.uasset" 89
"../../../../../Github/GEP/GEPProject/Content/StarterContent/Audio/Light02_Cue.uasset" 90
"../../../../../Github/GEP/GEPProject/Content/StarterContent/Audio/Smoke01.uasset" 91
"../../../../../Github/GEP/GEPProject/Content/StarterContent/Audio/Smoke01_Cue.uasset" 92
"../../../../../Github/GEP/GEPProject/Content/StarterContent/Audio/Starter_Background_Cue.uasset" 93
"../../../../../Github/GEP/GEPProject/Content/StarterContent/Audio/Starter_Birds01.uasset" 94
"../../../../../Github/GEP/GEPProject/Content/StarterContent/Audio/Starter_Music01.uasset" 95
"../../../../../Github/GEP/GEPProject/Content/StarterContent/Audio/Starter_Music_Cue.uasset" 96
"../../../../../Github/GEP/GEPProject/Content/StarterContent/Audio/Starter_Wind05.uasset" 97
"../../../../../Github/GEP/GEPProject/Content/StarterContent/Audio/Starter_Wind06.uasset" 98
"../../../../../Github/GEP/GEPProject/Content/StarterContent/Audio/Steam01.uasset" 99
"../../../../../Github/GEP/GEPProject/Content/StarterContent/Audio/Steam01_Cue.uasset" 100
"../../../../../Github/GEP/GEPProject/Content/StarterContent/Particles/P_Sparks.uasset" 101
"../../../../../Github/GEP/GEPProject/Content/StarterContent/Textures/T_Dust_Particle_D.uasset" 102
"../../../../../Github/GEP/GEPProject/Content/StarterContent/Particles/Materials/M_Dust_Particle.uasset" 103
"../../../../../Github/GEP/GEPProject/Content/StarterContent/Textures/T_Fire_SubUV.uasset" 104
"../../../../../Github/GEP/GEPProject/Content/StarterContent/Textures/T_Fire_Tiled_D.uasset" 105
"../../../../../Github/GEP/GEPProject/Content/StarterContent/Particles/Materials/M_Fire_SubUV.uasset" 106
"../../../../../Github/GEP/GEPProject/Content/StarterContent/Textures/T_Water_N.uasset" 107
"../../../../../Github/GEP/GEPProject/Content/StarterContent/Particles/Materials/M_Heat_Distortion.uasset" 108
"../../../../../Github/GEP/GEPProject/Content/StarterContent/Shapes/Shape_Cone.uasset" 109
"../../../../../Github/GEP/GEPProject/Content/StarterContent/Shapes/Shape_Cube.uasset" 110
"../../../../../Github/GEP/GEPProject/Content/StarterContent/Shapes/Shape_Cylinder.uasset" 111
"../../../../../Github/GEP/GEPProject/Content/StarterContent/Shapes/Shape_NarrowCapsule.uasset" 112
"../../../../../Github/GEP/GEPProject/Content/StarterContent/Shapes/Shape_Pipe.uasset" 113
"../../../../../Github/GEP/GEPProject/Content/StarterContent/Shapes/Shape_Pipe_180.uasset" 114
"../../../../../Github/GEP/GEPProject/Content/StarterContent/Shapes/Shape_Pipe_90.uasset" 115
"../../../../../Github/GEP/GEPProject/Content/StarterContent/Shapes/Shape_Plane.uasset" 116
"../../../../../Github/GEP/GEPProject/Content/StarterContent/Shapes/Shape_QuadPyramid.uasset" 117
"../../../../../Github/GEP/GEPProject/Content/StarterContent/Shapes/Shape_Sphere.uasset" 118
"../../../../../Github/GEP/GEPProject/Content/StarterContent/Shapes/Shape_Torus.uasset" 119
"../../../../../Github/GEP/GEPProject/Content/StarterContent/Shapes/Shape_Trim.uasset" 120
"../../../../../Github/GEP/GEPProject/Content/StarterContent/Shapes/Shape_Trim_90_In.uasset" 121
"../../../../../Github/GEP/GEPProject/Content/StarterContent/Shapes/Shape_Trim_90_Out.uasset" 122
"../../../../../Github/GEP/GEPProject/Content/StarterContent/Shapes/Shape_TriPyramid.uasset" 123
"../../../../../Github/GEP/GEPProject/Content/StarterContent/Shapes/Shape_Tube.uasset" 124
"../../../../../Github/GEP/GEPProject/Content/StarterContent/Shapes/Shape_Wedge_A.uasset" 125
"../../../../../Github/GEP/GEPProject/Content/StarterContent/Shapes/Shape_Wedge_B.uasset" 126
"../../../../../Github/GEP/GEPProject/Content/StarterContent/Shapes/Shape_WideCapsule.uasset" 127
"../../../../../Github/GEP/GEPProject/Content/Weapons/BP_Weapon_Base.uasset" 128
"../../../../../Github/GEP/GEPProject/Content/Weapons/BP_Weapon_Hitscan.uasset" 129
"../../../../../Github/GEP/GEPProject/Content/Weapons/BP_Weapon_Hitscan_Auto.uasset" 130
"../../../../../Github/GEP/GEPProject/Content/Weapons/BP_Weapon_Hitscan_Charge.uasset" 131
"../../../../../Github/GEP/GEPProject/Content/Models/SM_Wep_Revolver_01_PhysicsAsset.uasset" 132
"../../../../../Github/GEP/GEPProject/Content/Models/SM_Wep_Revolver_01_Skeleton.uasset" 133
"../../../../../Github/GEP/GEPProject/Content/Models/SM_Wep_Revolver_01.uasset" 134
"../../../../../Github/GEP/GEPProject/Content/Weapons/BP_Weapon_Revolver.uasset" 135
"../../../Engine/Content/Animation/DefaultAnimCurveCompressionSettings.uasset" 136
"../../../Engine/Content/Functions/Engine_MaterialFunctions01/Opacity/CameraDepthFade.uasset" 137
"../../../Engine/Content/EngineMaterials/T_Default_Material_Grid_M.uasset" 138
"../../../Engine/Content/EngineMaterials/T_Default_Material_Grid_N.uasset" 139
"../../../Engine/Content/EngineMaterials/WorldGridMaterial.uasset" 140
"../../../Engine/Content/ArtTools/RenderToTexture/Meshes/S_1_Unit_Plane.uasset" 141
"../../../Engine/Content/BasicShapes/BasicShapeMaterial.uasset" 142
"../../../Engine/Content/EngineMaterials/DefaultMaterial.uasset" 143
"../../../Engine/Content/BasicShapes/Cone.uasset" 144
"../../../Engine/Content/BasicShapes/Cube.uasset" 145
"../../../Engine/Content/BasicShapes/Cylinder.uasset" 146
"../../../Engine/Content/BasicShapes/Plane.uasset" 147
"../../../Engine/Content/BasicShapes/Sphere.uasset" 148
"../../../Engine/Content/EditorLandscapeResources/DataLayer.uasset" 149
"../../../Engine/Content/EditorMaterials/MAT_Groups_Toggle.uasset" 150
"../../../Engine/Content/EditorMaterials/MAT_Groups_Visibility.uasset" 151
"../../../Engine/Content/EditorMaterials/PreviewShadowIndicator.uasset" 152
"../../../Engine/Content/EditorMaterials/PreviewShadowIndicatorMaterial.uasset" 153
"../../../Engine/Content/EditorMaterials/MatineeGroups/MAT_ColorTrack.uasset" 154
"../../../Engine/Content/EditorMaterials/MatineeGroups/MAT_Groups_Anim.uasset" 155
"../../../Engine/Content/EditorMaterials/MatineeGroups/MAT_Groups_AudioMaster.uasset" 156
"../../../Engine/Content/EditorMaterials/MatineeGroups/MAT_Groups_Director.uasset" 157
"../../../Engine/Content/EditorMaterials/MatineeGroups/MAT_Groups_Event.uasset" 158
"../../../Engine/Content/EditorMaterials/MatineeGroups/MAT_Groups_Fade.uasset" 159
"../../../Engine/Content/EditorMaterials/MatineeGroups/MAT_Groups_Float.uasset" 160
"../../../Engine/Content/EditorMaterials/MatineeGroups/MAT_Groups_Move.uasset" 161
"../../../Engine/Content/EditorMaterials/MatineeGroups/MAT_Groups_Slomo.uasset" 162
"../../../Engine/Content/EditorMaterials/MatineeGroups/MAT_Groups_Sound.uasset" 163
"../../../Engine/Content/EditorMaterials/MatineeGroups/MAT_Groups_Vector.uasset" 164
"../../../Engine/Content/EditorMaterials/ParticleSystems/PSysThumbnail_NoImage.uasset" 165
"../../../Engine/Content/EditorMaterials/ParticleSystems/PSysThumbnail_OOD.uasset" 166
"../../../Engine/Content/EditorMaterials/Camera/CineMat.uasset" 167
"../../../Engine/Content/EditorMaterials/Camera/MI_CineMat_Rig.uasset" 168
"../../../Engine/Content/EditorMeshes/Camera/SM_CraneRig_Arm.uasset" 169
"../../../Engine/Content/EditorMeshes/Camera/SM_CraneRig_Base.uasset" 170
"../../../Engine/Content/EditorMeshes/Camera/SM_CraneRig_Body.uasset" 171
"../../../Engine/Content/EditorMeshes/Camera/SM_CraneRig_Mount.uasset" 172
"../../../Engine/Content/EditorMeshes/Camera/SM_RailRig_Mount.uasset" 173
"../../../Engine/Content/EditorMeshes/Camera/SM_RailRig_Track.uasset" 174
"../../../Engine/Content/EditorResources/BSPVertex.uasset" 175
"../../../Engine/Content/EditorResources/EmptyActor.uasset" 176
"../../../Engine/Content/EditorResources/S_Actor.uasset" 177
"../../../Engine/Content/EditorResources/S_Note.uasset" 178
"../../../Engine/Content/EditorResources/S_Solver.uasset" 179
"../../../Engine/Content/EditorResources/S_Trigger.uasset" 180
"../../../Engine/Content/EditorResources/LightIcons/S_LightError.uasset" 181
"../../../Engine/Content/EditorResources/SequenceRecorder/Countdown.uasset" 182
"../../../Engine/Content/EditorResources/SequenceRecorder/RecordingIndicator.uasset" 183
"../../../Engine/Content/EditorSounds/Notifications/CompileFailed.uasset" 184
"../../../Engine/Content/EditorSounds/Notifications/CompileFailed_Cue.uasset" 185
"../../../Engine/Content/EditorSounds/Notifications/CompileSuccess.uasset" 186
"../../../Engine/Content/EditorSounds/Notifications/CompileStart_Cue.uasset" 187
"../../../Engine/Content/EditorSounds/Notifications/CompileSuccess_Cue.uasset" 188
"../../../Engine/Content/EngineDamageTypes/DmgTypeBP_Environmental.uasset" 189
"../../../Engine/Content/EngineDebugMaterials/DebugEditorMaterial.uasset" 190
"../../../Engine/Content/EngineDebugMaterials/DebugMeshMaterial.uasset" 191
"../../../Engine/Content/EngineDebugMaterials/M_SimpleUnlitTranslucent.uasset" 192
"../../../Engine/Content/Functions/Engine_MaterialFunctions02/Utility/CameraDirectionVector.uasset" 193
"../../../Engine/Content/EngineDebugMaterials/VolumeToRender.uasset" 194
"../../../Engine/Content/EngineDebugMaterials/M_VolumeRenderSphereTracePP.uasset" 195
"../../../Engine/Content/EngineDebugMaterials/WireframeMaterial.uasset" 196
"../../../Engine/Content/EngineFonts/Faces/DroidSansFallback.uasset" 197
"../../../Engine/Content/EngineFonts/Faces/RobotoBold.uasset" 198
"../../../Engine/Content/EngineFonts/Faces/RobotoBoldItalic.uasset" 199
"../../../Engine/Content/EngineFonts/Faces/RobotoItalic.uasset" 200
"../../../Engine/Content/EngineFonts/Faces/RobotoLight.uasset" 201
"../../../Engine/Content/EngineFonts/Faces/RobotoRegular.uasset" 202
"../../../Engine/Content/EngineFonts/Roboto.uasset" 203
"../../../Engine/Content/EngineMaterials/BaseFlattenDiffuseMap.uasset" 204
"../../../Engine/Content/EngineMaterials/BaseFlattenEmissiveMap.uasset" 205
"../../../Engine/Content/EngineMaterials/BaseFlattenGrayscaleMap.uasset" 206
"../../../Engine/Content/EngineMaterials/BaseFlattenNormalMap.uasset" 207
"../../../Engine/Content/EngineMaterials/BaseFlattenMaterial.uasset" 208
"../../../Engine/Content/EngineMaterials/BlueNoise.uasset" 209
"../../../Engine/Content/EngineMaterials/DefaultBloomKernel.uasset" 210
"../../../Engine/Content/EngineMaterials/DefaultBokeh.uasset" 211
"../../../Engine/Content/EngineMaterials/DefaultDiffuse.uasset" 212
"../../../Engine/Content/EngineMaterials/DefaultDeferredDecalMaterial.uasset" 213
"../../../Engine/Content/EngineMaterials/DefaultLightFunctionMaterial.uasset" 214
"../../../Engine/Content/EngineMaterials/DefaultPhysicalMaterial.uasset" 215
"../../../Engine/Content/Functions/Engine_MaterialFunctions02/Utility/BreakOutFloat2Components.uasset" 216
"../../../Engine/Content/EngineMaterials/DefaultPostProcessMaterial.uasset" 217
"../../../Engine/Content/EngineFonts/RobotoDistanceField.uasset" 218
"../../../Engine/Content/EngineMaterials/DefaultTextMaterialOpaque.uasset" 219
"../../../Engine/Content/EngineMaterials/DefaultWhiteGrid.uasset" 220
"../../../Engine/Content/EngineMaterials/DefaultWhiteGrid_Low.uasset" 221
"../../../Engine/Content/EngineMaterials/EmissiveMeshMaterial.uasset" 222
"../../../Engine/Content/EngineMaterials/GizmoMaterial.uasset" 223
"../../../Engine/Content/EngineMaterials/Good64x64TilingNoiseHighFreq.uasset" 224
"../../../Engine/Content/EngineMaterials/MiniFont.uasset" 225
"../../../Engine/Content/EngineMaterials/InvalidLightmapSettings.uasset" 226
"../../../Engine/Content/EngineMaterials/M_InvalidLightmapSettings.uasset" 227
"../../../Engine/Content/Functions/Engine_MaterialFunctions02/WorldPositionOffset/CameraOffset.uasset" 228
"../../../Engine/Content/EngineMaterials/PhAT_JointLimitMaterial.uasset" 229
"../../../Engine/Content/EngineMaterials/PreintegratedSkinBRDF.uasset" 230
"../../../Engine/Content/EngineMaterials/RemoveSurfaceMaterial.uasset" 231
"../../../Engine/Content/EngineMaterials/WeightMapPlaceholderTexture.uasset" 232
"../../../Engine/Content/EngineResources/WhiteSquareTexture.uasset" 233
"../../../Engine/Content/EngineMaterials/Widget3DPassThrough.uasset" 234
"../../../Engine/Content/EngineMaterials/Widget3DPassThrough_Masked.uasset" 235
"../../../Engine/Content/EngineMaterials/Widget3DPassThrough_Opaque.uasset" 236
"../../../Engine/Content/EngineMaterials/Widget3DPassThrough_Masked_OneSided.uasset" 237
"../../../Engine/Content/EngineMaterials/Widget3DPassThrough_Opaque_OneSided.uasset" 238
"../../../Engine/Content/EngineMaterials/Widget3DPassThrough_Translucent.uasset" 239
"../../../Engine/Content/EngineMaterials/Widget3DPassThrough_Translucent_OneSided.uasset" 240
"../../../Engine/Content/EngineMeshes/Cylinder.uasset" 241
"../../../Engine/Content/EngineMeshes/Sphere.uasset" 242
"../../../Engine/Content/EngineResources/Black.uasset" 243
"../../../Engine/Content/EngineResources/DefaultTexture.uasset" 244
"../../../Engine/Content/EngineResources/DefaultTextureCube.uasset" 245
"../../../Engine/Content/EngineResources/DefaultVolumeTexture2D.uasset" 246
"../../../Engine/Content/EngineResources/DefaultVolumeTexture.uasset" 247
"../../../Engine/Content/EngineResources/GradientTexture0.uasset" 248
"../../../Engine/Content/EngineSounds/Master.uasset" 249
"../../../Engine/Content/Functions/Engine_MaterialFunctions01/Shading/ConvertFromDiffSpec.uasset" 250
"../../../Engine/Content/Functions/Engine_MaterialFunctions01/Shading/PowerToRoughness.uasset" 251
"../../../Engine/Content/Maps/Templates/Thumbnails/Default.uasset" 252
"../../../Engine/Content/Maps/Templates/Thumbnails/TimeOfDay.uasset" 253
"../../../Engine/Content/Maps/Templates/Thumbnails/VR-Basic.uasset" 254
"../../../Engine/Content/MobileResources/T_MobileControls_texture.uasset" 255
"../../../Engine/Content/MobileResources/T_MobileMenu2.uasset" 256
"../../../Engine/Content/MobileResources/HUD/AnalogHat.uasset" 257
"../../../Engine/Content/MobileResources/HUD/VirtualJoystick_Background.uasset" 258
"../../../Engine/Content/MobileResources/HUD/VirtualJoystick_Thumb.uasset" 259
"../../../Engine/Content/MobileResources/HUD/DefaultVirtualJoysticks.uasset" 260
"../../../Engine/Content/MobileResources/HUD/LeftVirtualJoystickOnly.uasset" 261
"../../../Engine/Content/MobileResources/HUD/MobileHUDButton1_off.uasset" 262
"../../../Engine/Content/MobileResources/HUD/MobileHUDButton1_on.uasset" 263
"../../../Engine/Content/MobileResources/HUD/MobileHUDButton2_off.uasset" 264
"../../../Engine/Content/MobileResources/HUD/MobileHUDButton2_on.uasset" 265
"../../../Engine/Content/MobileResources/HUD/MobileHUDButton3.uasset" 266
"../../../Engine/Content/MobileResources/HUD/MobileHUDButtonFire.uasset" 267
"../../../Engine/Content/MobileResources/HUD/MobileHUDDirectionPad.uasset" 268
"../../../Engine/Content/MobileResources/HUD/MobileHUDDirectionPad2.uasset" 269
"../../../Engine/Content/MobileResources/HUD/MobileHUDDirectionPad3.uasset" 270
"../../../Engine/Content/MobileResources/HUD/MobileHUDDirectionStick.uasset" 271
"../../../Engine/Content/MobileResources/HUD/T_Castle_ThumbstickInner.uasset" 272
"../../../Engine/Content/MobileResources/HUD/T_Castle_ThumbstickOutter.uasset" 273
"../../../Engine/Content/Tutorial/ContentIntroCurve.uasset" 274
"../../../Engine/Content/Tutorial/Basics/LevelEditorAttract.uasset" 275
"../../../Engine/Content/Tutorial/Basics/TutorialAssets/icon_tab_Levels_40x.uasset" 276
"../../../Engine/Content/Tutorial/Basics/LevelEditorOverview.uasset" 277
"../../../Engine/Content/Tutorial/BlueprintTutorials/TutorialAssets/Blueprint_64x.uasset" 278
"../../../Engine/Content/Tutorial/BlueprintTutorials/BlueprintEditorTutorial.uasset" 279
"../../../Engine/Content/Tutorial/BlueprintTutorials/TutorialAssets/BlueprintInterface_64x.uasset" 280
"../../../Engine/Content/Tutorial/BlueprintTutorials/BlueprintInterfacesEditorOverview.uasset" 281
"../../../Engine/Content/Tutorial/BlueprintTutorials/TutorialAssets/Tutorial_BP_Interface.uasset" 282
"../../../Engine/Content/VREditor/LaserPointer/VR_LaserPower_01.uasset" 283
"../../../Engine/Content/VREditor/TransformGizmo/TransformGizmoMaterial.uasset" 284
"../../../Engine/Content/VREditor/TransformGizmo/TranslucentTransformGizmoMaterial.uasset" 285
"../../../Engine/Content/VREditor/TransformGizmo/BoundingBoxCorner.uasset" 286
"../../../Engine/Content/VREditor/TransformGizmo/BoundingBoxEdge.uasset" 287
"../../../Engine/Content/VREditor/TransformGizmo/PlaneTranslationHandle.uasset" 288
"../../../Engine/Content/VREditor/TransformGizmo/Main.uasset" 289
"../../../Engine/Content/VREditor/TransformGizmo/Xray.uasset" 290
"../../../Engine/Content/VREditor/TransformGizmo/SM_Sequencer_Key.uasset" 291
"../../../Engine/Content/VREditor/TransformGizmo/SM_Sequencer_Node.uasset" 292
"../../Plugins/2D/Paper2D/Content/PlaceholderTextures/DummySpriteTexture.uasset" 293
"../../Plugins/2D/Paper2D/Content/DummySprite.uasset" 294
"../../Plugins/2D/Paper2D/Content/DefaultPaperTerrainMaterial.uasset" 295
"../../Plugins/2D/Paper2D/Content/DefaultSpriteMaterial.uasset" 296
"../../Plugins/2D/Paper2D/Content/MaskedUnlitSpriteMaterial.uasset" 297
"../../Plugins/2D/Paper2D/Content/OpaqueUnlitSpriteMaterial.uasset" 298
"../../Plugins/FX/Niagara/Content/Enums/ENiagaraBooleanLogicOps.uasset" 299
"../../Plugins/FX/Niagara/Content/Enums/ENiagaraCoordinateSpace.uasset" 300
"../../Plugins/FX/Niagara/Content/Enums/ENiagaraExpansionMode.uasset" 301
"../../Plugins/FX/Niagara/Content/Enums/ENiagaraOrientationAxis.uasset" 302
"../../Plugins/FX/Niagara/Content/Enums/ENiagaraRandomnessMode.uasset" 303
"../../../Engine/Content/Functions/Engine_MaterialFunctions02/Utility/BreakOutFloat4Components.uasset" 304
"../../../Engine/Content/Functions/Engine_MaterialFunctions02/Utility/MakeFloat2.uasset" 305
"../../../Engine/Content/Functions/Engine_MaterialFunctions02/Utility/MakeFloat3.uasset" 306
"../../Plugins/Runtime/Oculus/OculusVR/Content/Materials/OculusMR_ChromaKey.uasset" 307
"../../Plugins/Runtime/Oculus/OculusVR/Content/Materials/OculusMR_ChromaKey_Lit.uasset" 308
"../../Plugins/Runtime/Oculus/OculusVR/Content/Materials/OculusMR_OpaqueColoredMaterial.uasset" 309
"../../Plugins/Runtime/Oculus/OculusVR/Content/Materials/OculusMR_WhiteMaterial.uasset" 310
"../../../Engine/Content/EngineSky/C_Sky_Cloud_Color.uasset" 311
"../../../Engine/Content/EngineSky/C_Sky_Horizon_Color.uasset" 312
"../../../Engine/Content/EngineSky/C_Sky_Zenith_Color.uasset" 313
"../../../Engine/Content/EngineSky/T_Sky_Blue.uasset" 314
"../../../Engine/Content/EngineSky/T_Sky_Clouds_M.uasset" 315
"../../../Engine/Content/EngineSky/T_Sky_Stars.uasset" 316
"../../../Engine/Content/EngineSky/M_Sky_Panning_Clouds2.uasset" 317
"../../../Engine/Content/EngineSky/SM_SkySphere.uasset" 318
"../../../Engine/Content/EngineSky/BP_Sky_Sphere.uasset" 319
"../../../../../Github/GEP/GEPProject/Content/BP_TestBlock.uasset" 320
"../../../../../Github/GEP/GEPProject/Content/Materials/BlueMaterial.uasset" 321
"../../../../../Github/GEP/GEPProject/Content/Enemies/BP_DefaultEnemyLv3.uasset" 322
"../../../../../Github/GEP/GEPProject/Content/Materials/GreenMaterial.uasset" 323
"../../../../../Github/GEP/GEPProject/Content/Enemies/BP_DefaultEnemyLvl2.uasset" 324
"../../../../../Github/GEP/GEPProject/Content/Enemies/BP_EnemySpawner.uasset" 325
"../../../../../Github/GEP/GEPProject/Content/Models/lambert27.uasset" 326
"../../../../../Github/GEP/GEPProject/Content/Models/SM_Prop_Barrier_line_01.uasset" 327
"../../../../../Github/GEP/GEPProject/Content/Props/BP_PurchaseableWeaponStand.uasset" 328
"../../../../../Github/GEP/GEPProject/Content/Audio/Rifle_Shoot.uasset" 329
"../../../../../Github/GEP/GEPProject/Content/Audio/Rifle_Shoot_Cue.uasset" 330
"../../../../../Github/GEP/GEPProject/Content/Models/SM_Wep_Rifle_Base_01_PhysicsAsset.uasset" 331
"../../../../../Github/GEP/GEPProject/Content/Models/SM_Wep_Rifle_Base_01_Skeleton.uasset" 332
"../../../../../Github/GEP/GEPProject/Content/Models/SM_Wep_Rifle_Base_01.uasset" 333
"../../../../../Github/GEP/GEPProject/Content/Weapons/BP_Weapon_AutoRifle.uasset" 334
"../../../../../Github/GEP/GEPProject/Content/Props/BP_AutoRifleStand.uasset" 335
"../../../../../Github/GEP/GEPProject/Content/Models/SM_Wep_Grenade_Ball_01.uasset" 336
"../../../../../Github/GEP/GEPProject/Content/Weapons/BP_GrenadeProjectile.uasset" 337
"../../../../../Github/GEP/GEPProject/Content/Audio/EnergyGun_Shoot.uasset" 338
"../../../../../Github/GEP/GEPProject/Content/Audio/EnergyShoot_Cue.uasset" 339
"../../../../../Github/GEP/GEPProject/Content/Models/SM_Wep_Rifle_Laser_01_PhysicsAsset.uasset" 340
"../../../../../Github/GEP/GEPProject/Content/Models/SM_Wep_Rifle_Laser_01.uasset" 341
"../../../../../Github/GEP/GEPProject/Content/Weapons/BP_GrenadeLauncher.uasset" 342
"../../../../../Github/GEP/GEPProject/Content/Props/BP_GrenadeLauncherStand.uasset" 343
"../../../../../Github/GEP/GEPProject/Content/Models/SM_Wep_Syringe_Gun_01_PhysicsAsset.uasset" 344
"../../../../../Github/GEP/GEPProject/Content/Models/SM_Wep_Syringe_Gun_01_Skeleton.uasset" 345
"../../../../../Github/GEP/GEPProject/Content/Models/SM_Wep_Syringe_Gun_01.uasset" 346
"../../../../../Github/GEP/GEPProject/Content/Weapons/BP_Weapon_RayGun.uasset" 347
"../../../../../Github/GEP/GEPProject/Content/Props/BP_RayGunStand.uasset" 348
"../../../../../Github/GEP/GEPProject/Content/Audio/ChargeSound.uasset" 349
"../../../../../Github/GEP/GEPProject/Content/Audio/ChargeSound_Cue.uasset" 350
"../../../../../Github/GEP/GEPProject/Content/Weapons/BP_Weapon_ChargeRevolver.uasset" 351
"../../../../../Github/GEP/GEPProject/Content/Props/BP_RevolverStand.uasset" 352
"../../../../../Github/GEP/GEPProject/Content/Models/SM_Wep_Rifle_Plasma_02_PhysicsAsset.uasset" 353
"../../../../../Github/GEP/GEPProject/Content/Models/SM_Wep_Rifle_Plasma_02_Skeleton.uasset" 354
"../../../../../Github/GEP/GEPProject/Content/Models/SM_Wep_Rifle_Plasma_02.uasset" 355
"../../../../../Github/GEP/GEPProject/Content/Weapons/BP_Weapon_Rifle.uasset" 356
"../../../../../Github/GEP/GEPProject/Content/Props/BP_RifleStand.uasset" 357
"../../../../../Github/GEP/GEPProject/Content/Audio/Shotgun_Shoot.uasset" 358
"../../../../../Github/GEP/GEPProject/Content/Audio/Shotgun_Shoot_Cue.uasset" 359
"../../../../../Github/GEP/GEPProject/Content/Models/SM_Wep_Shotgun_Plasma_01_PhysicsAsset.uasset" 360
"../../../../../Github/GEP/GEPProject/Content/Models/SM_Wep_Shotgun_Plasma_01_Skeleton.uasset" 361
"../../../../../Github/GEP/GEPProject/Content/Models/SM_Wep_Shotgun_Plasma_01.uasset" 362
"../../../../../Github/GEP/GEPProject/Content/Weapons/BP_Weapon_Shotgun.uasset" 363
"../../../../../Github/GEP/GEPProject/Content/Props/BP_ShotgunStand.uasset" 364
"../../../../../Github/GEP/GEPProject/Content/Models/SM_Wep_SMG_01_PhysicsAsset.uasset" 365
"../../../../../Github/GEP/GEPProject/Content/Models/SM_Wep_SMG_01_Skeleton.uasset" 366
"../../../../../Github/GEP/GEPProject/Content/Models/SM_Wep_SMG_01.uasset" 367
"../../../../../Github/GEP/GEPProject/Content/Weapons/BP_Weapon_SMG.uasset" 368
"../../../../../Github/GEP/GEPProject/Content/Props/BP_SmgStand.uasset" 369
"../../../../../Github/GEP/GEPProject/Content/Models/SM_Prop_Medical_Machine_01.uasset" 370
"../../../../../Github/GEP/GEPProject/Content/UI/BP_UpgradeMenu.uasset" 371
"../../../../../Github/GEP/GEPProject/Content/Props/UpgradeMachine.uasset" 372
"../../../../../Github/GEP/GEPProject/Content/GameLevel_BuiltData.uasset" 373
"../../../../../Github/GEP/GEPProject/Content/Materials/CelShaderDos.uasset" 374
"../../../../../Github/GEP/GEPProject/Content/Materials/CelShaderForWeapon.uasset" 375
"../../../../../Github/GEP/GEPProject/Content/Materials/PP_DroneOutline.uasset" 376
"../../../../../Github/GEP/GEPProject/Content/Textures/tilegep.uasset" 377
"../../../../../Github/GEP/GEPProject/Content/Materials/TileMat.uasset" 378
"../../../../../Github/GEP/GEPProject/Content/GameLevel.umap" 379
"../../../Engine/Content/Maps/Entry_BuiltData.uasset" 380
"../../../Engine/Content/Maps/Entry.umap" 381
