Log file open, 03/22/21 14:22:09
LogInit: Display: Running engine for game: GEPProject
LogPlatformFile: Not using cached read wrapper
LogTaskGraph: Started task graph with 5 named threads and 47 total threads with 3 sets of task threads.
LogStats: Stats thread started at 0.269850
LogD3D11RHI: Loaded GFSDK_Aftermath_Lib.x64.dll
LogICUInternationalization: ICU TimeZone Detection - Raw Offset: +0:00, Platform Override: ''
LogPluginManager: Mounting plugin Paper2D
LogPluginManager: Mounting plugin AISupport
LogPluginManager: Mounting plugin LightPropagationVolume
LogPluginManager: Mounting plugin CameraShakePreviewer
LogPluginManager: Mounting plugin ActorLayerUtilities
LogPluginManager: Mounting plugin AnimationSharing
LogPluginManager: Mounting plugin CLionSourceCodeAccess
LogPluginManager: Mounting plugin CodeLiteSourceCodeAccess
LogPluginManager: Mounting plugin GitSourceControl
LogPluginManager: Mounting plugin KDevelopSourceCodeAccess
LogPluginManager: Mounting plugin NullSourceCodeAccess
LogPluginManager: Mounting plugin PerforceSourceControl
LogPluginManager: Mounting plugin PlasticSourceControl
LogPluginManager: Mounting plugin RiderLink
LogPluginManager: Mounting plugin RiderSourceCodeAccess
LogPluginManager: Mounting plugin SubversionSourceControl
LogPluginManager: Mounting plugin UObjectPlugin
LogPluginManager: Mounting plugin VisualStudioCodeSourceCodeAccess
LogPluginManager: Mounting plugin VisualStudioSourceCodeAccess
LogPluginManager: Mounting plugin XCodeSourceCodeAccess
LogPluginManager: Mounting plugin AssetManagerEditor
LogPluginManager: Mounting plugin CryptoKeys
LogPluginManager: Mounting plugin CurveEditorTools
LogPluginManager: Mounting plugin DataValidation
LogPluginManager: Mounting plugin EditorScriptingUtilities
LogPluginManager: Mounting plugin FacialAnimation
LogPluginManager: Mounting plugin GameplayTagsEditor
LogPluginManager: Mounting plugin GeometryMode
LogPluginManager: Mounting plugin MacGraphicsSwitching
LogPluginManager: Mounting plugin MaterialAnalyzer
LogPluginManager: Mounting plugin MobileLauncherProfileWizard
LogPluginManager: Mounting plugin PluginBrowser
LogPluginManager: Mounting plugin SpeedTreeImporter
LogPluginManager: Mounting plugin DatasmithContent
LogPluginManager: Mounting plugin VariantManagerContent
LogPluginManager: Mounting plugin AlembicImporter
LogPluginManager: Mounting plugin AutomationUtils
LogPluginManager: Mounting plugin BackChannel
LogPluginManager: Mounting plugin ChaosCloth
LogPluginManager: Mounting plugin ChaosClothEditor
LogPluginManager: Mounting plugin ChaosEditor
LogPluginManager: Mounting plugin ChaosNiagara
LogPluginManager: Mounting plugin ChaosSolverPlugin
LogPluginManager: Mounting plugin CharacterAI
LogPluginManager: Mounting plugin GeometryCache
LogPluginManager: Mounting plugin GeometryCollectionPlugin
LogPluginManager: Mounting plugin GeometryProcessing
LogPluginManager: Mounting plugin PlanarCut
LogPluginManager: Mounting plugin PlatformCrypto
LogPluginManager: Mounting plugin ProxyLODPlugin
LogPluginManager: Mounting plugin SkeletalReduction
LogPluginManager: Mounting plugin Text3D
LogPluginManager: Mounting plugin Niagara
LogPluginManager: Mounting plugin MagicLeap
LogPluginManager: Mounting plugin MagicLeapLightEstimation
LogPluginManager: Mounting plugin MagicLeapMedia
LogPluginManager: Mounting plugin MagicLeapPassableWorld
LogPluginManager: Mounting plugin MLSDK
LogPluginManager: Mounting plugin AndroidMedia
LogPluginManager: Mounting plugin AvfMedia
LogPluginManager: Mounting plugin ImgMedia
LogPluginManager: Mounting plugin MediaCompositing
LogPluginManager: Mounting plugin MediaPlayerEditor
LogPluginManager: Mounting plugin WebMMedia
LogPluginManager: Mounting plugin WmfMedia
LogPluginManager: Mounting plugin MeshPainting
LogPluginManager: Mounting plugin TcpMessaging
LogPluginManager: Mounting plugin UdpMessaging
LogPluginManager: Mounting plugin ActorSequence
LogPluginManager: Mounting plugin LevelSequenceEditor
LogPluginManager: Mounting plugin MatineeToLevelSequence
LogPluginManager: Mounting plugin MovieRenderPipeline
LogPluginManager: Mounting plugin TemplateSequence
LogPluginManager: Mounting plugin NetcodeUnitTest
LogPluginManager: Mounting plugin NUTUnrealEngine4
LogPluginManager: Mounting plugin OnlineSubsystemGooglePlay
LogPluginManager: Mounting plugin OnlineSubsystemIOS
LogPluginManager: Mounting plugin OnlineSubsystem
LogPluginManager: Mounting plugin OnlineSubsystemNull
LogPluginManager: Mounting plugin OnlineSubsystemUtils
LogPluginManager: Mounting plugin LauncherChunkInstaller
LogPluginManager: Mounting plugin AndroidDeviceProfileSelector
LogPluginManager: Mounting plugin AndroidMoviePlayer
LogPluginManager: Mounting plugin AndroidPermission
LogPluginManager: Mounting plugin AppleImageUtils
LogPluginManager: Mounting plugin AppleMoviePlayer
LogPluginManager: Mounting plugin ArchVisCharacter
LogPluginManager: Mounting plugin AssetTags
LogPluginManager: Mounting plugin AudioCapture
LogPluginManager: Mounting plugin CableComponent
LogPluginManager: Mounting plugin CustomMeshComponent
LogPluginManager: Mounting plugin EditableMesh
LogPluginManager: Mounting plugin ExampleDeviceProfileSelector
LogPluginManager: Mounting plugin GoogleCloudMessaging
LogPluginManager: Mounting plugin GooglePAD
LogPluginManager: Mounting plugin IOSDeviceProfileSelector
LogPluginManager: Mounting plugin LinuxDeviceProfileSelector
LogPluginManager: Mounting plugin LocationServicesBPLibrary
LogPluginManager: Mounting plugin MobilePatchingUtils
LogPluginManager: Mounting plugin OculusVR
LogPluginManager: Mounting plugin PhysXVehicles
LogPluginManager: Mounting plugin PostSplashScreen
LogPluginManager: Mounting plugin ProceduralMeshComponent
LogPluginManager: Mounting plugin RuntimePhysXCooking
LogPluginManager: Mounting plugin SignificanceManager
LogPluginManager: Mounting plugin SoundFields
LogPluginManager: Mounting plugin SteamVR
LogPluginManager: Mounting plugin Synthesis
LogPluginManager: Mounting plugin WebMMoviePlayer
LogPluginManager: Mounting plugin WindowsMoviePlayer
LogPluginManager: Mounting plugin ScreenshotTools
LogInit: Using libcurl 7.55.1-DEV
LogInit:  - built for x86_64-pc-win32
LogInit:  - supports SSL with OpenSSL/1.1.1
LogInit:  - supports HTTP deflate (compression) using libz 1.2.8
LogInit:  - other features:
LogInit:      CURL_VERSION_SSL
LogInit:      CURL_VERSION_LIBZ
LogInit:      CURL_VERSION_IPV6
LogInit:      CURL_VERSION_ASYNCHDNS
LogInit:      CURL_VERSION_LARGEFILE
LogInit:      CURL_VERSION_IDN
LogInit:  CurlRequestOptions (configurable via config and command line):
LogInit:  - bVerifyPeer = true  - Libcurl will verify peer certificate
LogInit:  - bUseHttpProxy = false  - Libcurl will NOT use HTTP proxy
LogInit:  - bDontReuseConnections = false  - Libcurl will reuse connections
LogInit:  - MaxHostConnections = 16  - Libcurl will limit the number of connections to a host
LogInit:  - LocalHostAddr = Default
LogInit:  - BufferSize = 65536
LogOnline: OSS: Creating online subsystem instance for: NULL
LogInit: WinSock: version 1.1 (2.2), MaxSocks=32767, MaxUdp=65467
LogOnline: OSS: TryLoadSubsystemAndSetDefault: Loaded subsystem for module [NULL]
LogInit: Build: ++UE4+Release-4.25-CL-14469661
LogInit: Engine Version: 4.25.4-14469661+++UE4+Release-4.25
LogInit: Compatible Engine Version: 4.25.0-13144385+++UE4+Release-4.25
LogInit: Net CL: 13144385
LogInit: OS: Windows 10 (Release 2004) (), CPU: AMD Ryzen 7 2700X Eight-Core Processor         , GPU: NVIDIA GeForce RTX 2060
LogInit: Compiled (64-bit): Oct 11 2020 08:10:49
LogInit: Compiled with Visual C++: 19.24.28315.00
LogInit: Build Configuration: Development
LogInit: Branch Name: ++UE4+Release-4.25
LogInit: Command Line:  -skipcompile
LogInit: Base Directory: E:/epk/UE_4.25/Engine/Binaries/Win64/
LogInit: Allocator: TBB
LogInit: Installed Engine Build: 1
LogDevObjectVersion: Number of dev versions registered: 26
LogDevObjectVersion:   Dev-Blueprints (B0D832E4-1F89-4F0D-ACCF-7EB736FD4AA2): 10
LogDevObjectVersion:   Dev-Build (E1C64328-A22C-4D53-A36C-8E866417BD8C): 0
LogDevObjectVersion:   Dev-Core (375EC13C-06E4-48FB-B500-84F0262A717E): 4
LogDevObjectVersion:   Dev-Editor (E4B068ED-F494-42E9-A231-DA0B2E46BB41): 38
LogDevObjectVersion:   Dev-Framework (CFFC743F-43B0-4480-9391-14DF171D2073): 37
LogDevObjectVersion:   Dev-Mobile (B02B49B5-BB20-44E9-A304-32B752E40360): 2
LogDevObjectVersion:   Dev-Networking (A4E4105C-59A1-49B5-A7C5-40C4547EDFEE): 0
LogDevObjectVersion:   Dev-Online (39C831C9-5AE6-47DC-9A44-9C173E1C8E7C): 0
LogDevObjectVersion:   Dev-Physics (78F01B33-EBEA-4F98-B9B4-84EACCB95AA2): 4
LogDevObjectVersion:   Dev-Platform (6631380F-2D4D-43E0-8009-CF276956A95A): 0
LogDevObjectVersion:   Dev-Rendering (12F88B9F-8875-4AFC-A67C-D90C383ABD29): 43
LogDevObjectVersion:   Dev-Sequencer (7B5AE74C-D270-4C10-A958-57980B212A5A): 12
LogDevObjectVersion:   Dev-VR (D7296918-1DD6-4BDD-9DE2-64A83CC13884): 3
LogDevObjectVersion:   Dev-LoadTimes (C2A15278-BFE7-4AFE-6C17-90FF531DF755): 1
LogDevObjectVersion:   Private-Geometry (6EACA3D4-40EC-4CC1-B786-8BED09428FC5): 3
LogDevObjectVersion:   Dev-AnimPhys (29E575DD-E0A3-4627-9D10-D276232CDCEA): 17
LogDevObjectVersion:   Dev-Anim (AF43A65D-7FD3-4947-9873-3E8ED9C1BB05): 7
LogDevObjectVersion:   Dev-ReflectionCapture (6B266CEC-1EC7-4B8F-A30B-E4D90942FC07): 1
LogDevObjectVersion:   Dev-Automation (0DF73D61-A23F-47EA-B727-89E90C41499A): 1
LogDevObjectVersion:   FortniteMain (601D1886-AC64-4F84-AA16-D3DE0DEAC7D6): 31
LogDevObjectVersion:   Dev-Enterprise (9DFFBCD6-494F-0158-E221-12823C92A888): 10
LogDevObjectVersion:   Dev-Niagara (F2AED0AC-9AFE-416F-8664-AA7FFA26D6FC): 1
LogDevObjectVersion:   Dev-Destruction (174F1F0B-B4C6-45A5-B13F-2EE8D0FB917D): 10
LogDevObjectVersion:   Dev-Physics-Ext (35F94A83-E258-406C-A318-09F59610247C): 37
LogDevObjectVersion:   Dev-PhysicsMaterial-Chaos (B68FC16E-8B1B-42E2-B453-215C058844FE): 1
LogDevObjectVersion:   Dev-CineCamera (B2E18506-4273-CFC2-A54E-F4BB758BBA07): 1
LogInit: Presizing for max 25165824 objects, including 0 objects not considered by GC, pre-allocating 0 bytes for permanent pool.
LogConfig: Applying CVar settings from Section [/Script/Engine.StreamingSettings] File [E:/Github/GEP/GEPProject/Saved/Config/Windows/Engine.ini]
LogConfig: Setting CVar [[s.MinBulkDataSizeForAsyncLoading:131072]]
LogConfig: Setting CVar [[s.AsyncLoadingThreadEnabled:0]]
LogConfig: Setting CVar [[s.EventDrivenLoaderEnabled:1]]
LogConfig: Setting CVar [[s.WarnIfTimeLimitExceeded:0]]
LogConfig: Setting CVar [[s.TimeLimitExceededMultiplier:1.5]]
LogConfig: Setting CVar [[s.TimeLimitExceededMinTime:0.005]]
LogConfig: Setting CVar [[s.UseBackgroundLevelStreaming:1]]
LogConfig: Setting CVar [[s.PriorityAsyncLoadingExtraTime:15.0]]
LogConfig: Setting CVar [[s.LevelStreamingActorsUpdateTimeLimit:5.0]]
LogConfig: Setting CVar [[s.PriorityLevelStreamingActorsUpdateExtraTime:5.0]]
LogConfig: Setting CVar [[s.LevelStreamingComponentsRegistrationGranularity:10]]
LogConfig: Setting CVar [[s.UnregisterComponentsTimeLimit:1.0]]
LogConfig: Setting CVar [[s.LevelStreamingComponentsUnregistrationGranularity:5]]
LogConfig: Setting CVar [[s.FlushStreamingOnExit:1]]
LogInit: Object subsystem initialized
LogConfig: Setting CVar [[con.DebugEarlyDefault:1]]
LogConfig: Setting CVar [[r.setres:1280x720]]
[2021.03.22-14.22.09:830][  0]LogConfig: Setting CVar [[r.VSync:0]]
[2021.03.22-14.22.09:830][  0]LogConfig: Setting CVar [[r.RHICmdBypass:0]]
[2021.03.22-14.22.09:830][  0]LogConfig: Applying CVar settings from Section [/Script/Engine.RendererSettings] File [E:/Github/GEP/GEPProject/Saved/Config/Windows/Engine.ini]
[2021.03.22-14.22.09:830][  0]LogConfig: Setting CVar [[r.GPUCrashDebugging:0]]
[2021.03.22-14.22.09:830][  0]LogConfig: Applying CVar settings from Section [/Script/Engine.RendererOverrideSettings] File [E:/Github/GEP/GEPProject/Saved/Config/Windows/Engine.ini]
[2021.03.22-14.22.09:830][  0]LogConfig: Applying CVar settings from Section [/Script/Engine.StreamingSettings] File [E:/Github/GEP/GEPProject/Saved/Config/Windows/Engine.ini]
[2021.03.22-14.22.09:830][  0]LogConfig: Setting CVar [[s.MinBulkDataSizeForAsyncLoading:131072]]
[2021.03.22-14.22.09:830][  0]LogConfig: Setting CVar [[s.AsyncLoadingThreadEnabled:0]]
[2021.03.22-14.22.09:830][  0]LogConfig: Setting CVar [[s.EventDrivenLoaderEnabled:1]]
[2021.03.22-14.22.09:830][  0]LogConfig: Setting CVar [[s.WarnIfTimeLimitExceeded:0]]
[2021.03.22-14.22.09:830][  0]LogConfig: Setting CVar [[s.TimeLimitExceededMultiplier:1.5]]
[2021.03.22-14.22.09:830][  0]LogConfig: Setting CVar [[s.TimeLimitExceededMinTime:0.005]]
[2021.03.22-14.22.09:830][  0]LogConfig: Setting CVar [[s.UseBackgroundLevelStreaming:1]]
[2021.03.22-14.22.09:830][  0]LogConfig: Setting CVar [[s.PriorityAsyncLoadingExtraTime:15.0]]
[2021.03.22-14.22.09:830][  0]LogConfig: Setting CVar [[s.LevelStreamingActorsUpdateTimeLimit:5.0]]
[2021.03.22-14.22.09:830][  0]LogConfig: Setting CVar [[s.PriorityLevelStreamingActorsUpdateExtraTime:5.0]]
[2021.03.22-14.22.09:830][  0]LogConfig: Setting CVar [[s.LevelStreamingComponentsRegistrationGranularity:10]]
[2021.03.22-14.22.09:830][  0]LogConfig: Setting CVar [[s.UnregisterComponentsTimeLimit:1.0]]
[2021.03.22-14.22.09:830][  0]LogConfig: Setting CVar [[s.LevelStreamingComponentsUnregistrationGranularity:5]]
[2021.03.22-14.22.09:830][  0]LogConfig: Setting CVar [[s.FlushStreamingOnExit:1]]
[2021.03.22-14.22.09:830][  0]LogConfig: Applying CVar settings from Section [/Script/Engine.GarbageCollectionSettings] File [E:/Github/GEP/GEPProject/Saved/Config/Windows/Engine.ini]
[2021.03.22-14.22.09:830][  0]LogConfig: Setting CVar [[gc.MaxObjectsNotConsideredByGC:1]]
[2021.03.22-14.22.09:830][  0]LogConfig: Setting CVar [[gc.SizeOfPermanentObjectPool:0]]
[2021.03.22-14.22.09:830][  0]LogConfig: Setting CVar [[gc.FlushStreamingOnGC:0]]
[2021.03.22-14.22.09:830][  0]LogConfig: Setting CVar [[gc.NumRetriesBeforeForcingGC:10]]
[2021.03.22-14.22.09:830][  0]LogConfig: Setting CVar [[gc.AllowParallelGC:1]]
[2021.03.22-14.22.09:830][  0]LogConfig: Setting CVar [[gc.TimeBetweenPurgingPendingKillObjects:61.1]]
[2021.03.22-14.22.09:830][  0]LogConfig: Setting CVar [[gc.MaxObjectsInEditor:25165824]]
[2021.03.22-14.22.09:830][  0]LogConfig: Setting CVar [[gc.IncrementalBeginDestroyEnabled:1]]
[2021.03.22-14.22.09:830][  0]LogConfig: Setting CVar [[gc.CreateGCClusters:1]]
[2021.03.22-14.22.09:830][  0]LogConfig: Setting CVar [[gc.MinGCClusterSize:5]]
[2021.03.22-14.22.09:830][  0]LogConfig: Setting CVar [[gc.ActorClusteringEnabled:0]]
[2021.03.22-14.22.09:830][  0]LogConfig: Setting CVar [[gc.BlueprintClusteringEnabled:0]]
[2021.03.22-14.22.09:830][  0]LogConfig: Setting CVar [[gc.UseDisregardForGCOnDedicatedServers:0]]
[2021.03.22-14.22.09:830][  0]LogConfig: Applying CVar settings from Section [/Script/Engine.NetworkSettings] File [E:/Github/GEP/GEPProject/Saved/Config/Windows/Engine.ini]
[2021.03.22-14.22.09:830][  0]LogConfig: Applying CVar settings from Section [/Script/UnrealEd.CookerSettings] File [E:/Github/GEP/GEPProject/Saved/Config/Windows/Engine.ini]
[2021.03.22-14.22.09:972][  0]LogConfig: Applying CVar settings from Section [ViewDistanceQuality@3] File [E:/Github/GEP/GEPProject/Saved/Config/Windows/Scalability.ini]
[2021.03.22-14.22.09:972][  0]LogConfig: Setting CVar [[r.SkeletalMeshLODBias:0]]
[2021.03.22-14.22.09:972][  0]LogConfig: Setting CVar [[r.ViewDistanceScale:1.0]]
[2021.03.22-14.22.09:972][  0]LogConfig: Applying CVar settings from Section [AntiAliasingQuality@3] File [E:/Github/GEP/GEPProject/Saved/Config/Windows/Scalability.ini]
[2021.03.22-14.22.09:972][  0]LogConfig: Setting CVar [[r.PostProcessAAQuality:4]]
[2021.03.22-14.22.09:972][  0]LogConfig: Applying CVar settings from Section [ShadowQuality@3] File [E:/Github/GEP/GEPProject/Saved/Config/Windows/Scalability.ini]
[2021.03.22-14.22.09:972][  0]LogConfig: Setting CVar [[r.LightFunctionQuality:1]]
[2021.03.22-14.22.09:972][  0]LogConfig: Setting CVar [[r.ShadowQuality:5]]
[2021.03.22-14.22.09:972][  0]LogConfig: Setting CVar [[r.Shadow.CSM.MaxCascades:10]]
[2021.03.22-14.22.09:972][  0]LogConfig: Setting CVar [[r.Shadow.MaxResolution:2048]]
[2021.03.22-14.22.09:972][  0]LogConfig: Setting CVar [[r.Shadow.MaxCSMResolution:2048]]
[2021.03.22-14.22.09:972][  0]LogConfig: Setting CVar [[r.Shadow.RadiusThreshold:0.01]]
[2021.03.22-14.22.09:972][  0]LogConfig: Setting CVar [[r.Shadow.DistanceScale:1.0]]
[2021.03.22-14.22.09:972][  0]LogConfig: Setting CVar [[r.Shadow.CSM.TransitionScale:1.0]]
[2021.03.22-14.22.09:972][  0]LogConfig: Setting CVar [[r.Shadow.PreShadowResolutionFactor:1.0]]
[2021.03.22-14.22.09:972][  0]LogConfig: Setting CVar [[r.DistanceFieldShadowing:1]]
[2021.03.22-14.22.09:972][  0]LogConfig: Setting CVar [[r.DistanceFieldAO:1]]
[2021.03.22-14.22.09:972][  0]LogConfig: Setting CVar [[r.AOQuality:2]]
[2021.03.22-14.22.09:972][  0]LogConfig: Setting CVar [[r.VolumetricFog:1]]
[2021.03.22-14.22.09:972][  0]LogConfig: Setting CVar [[r.VolumetricFog.GridPixelSize:8]]
[2021.03.22-14.22.09:972][  0]LogConfig: Setting CVar [[r.VolumetricFog.GridSizeZ:128]]
[2021.03.22-14.22.09:972][  0]LogConfig: Setting CVar [[r.VolumetricFog.HistoryMissSupersampleCount:4]]
[2021.03.22-14.22.09:973][  0]LogConfig: Setting CVar [[r.LightMaxDrawDistanceScale:1]]
[2021.03.22-14.22.09:973][  0]LogConfig: Setting CVar [[r.CapsuleShadows:1]]
[2021.03.22-14.22.09:973][  0]LogConfig: Applying CVar settings from Section [PostProcessQuality@3] File [E:/Github/GEP/GEPProject/Saved/Config/Windows/Scalability.ini]
[2021.03.22-14.22.09:973][  0]LogConfig: Setting CVar [[r.MotionBlurQuality:4]]
[2021.03.22-14.22.09:973][  0]LogConfig: Setting CVar [[r.AmbientOcclusionMipLevelFactor:0.4]]
[2021.03.22-14.22.09:973][  0]LogConfig: Setting CVar [[r.AmbientOcclusionMaxQuality:100]]
[2021.03.22-14.22.09:973][  0]LogConfig: Setting CVar [[r.AmbientOcclusionLevels:-1]]
[2021.03.22-14.22.09:973][  0]LogConfig: Setting CVar [[r.AmbientOcclusionRadiusScale:1.0]]
[2021.03.22-14.22.09:973][  0]LogConfig: Setting CVar [[r.DepthOfFieldQuality:2]]
[2021.03.22-14.22.09:973][  0]LogConfig: Setting CVar [[r.RenderTargetPoolMin:400]]
[2021.03.22-14.22.09:973][  0]LogConfig: Setting CVar [[r.LensFlareQuality:2]]
[2021.03.22-14.22.09:973][  0]LogConfig: Setting CVar [[r.SceneColorFringeQuality:1]]
[2021.03.22-14.22.09:973][  0]LogConfig: Setting CVar [[r.EyeAdaptationQuality:2]]
[2021.03.22-14.22.09:973][  0]LogConfig: Setting CVar [[r.BloomQuality:5]]
[2021.03.22-14.22.09:973][  0]LogConfig: Setting CVar [[r.FastBlurThreshold:100]]
[2021.03.22-14.22.09:973][  0]LogConfig: Setting CVar [[r.Upscale.Quality:3]]
[2021.03.22-14.22.09:973][  0]LogConfig: Setting CVar [[r.Tonemapper.GrainQuantization:1]]
[2021.03.22-14.22.09:973][  0]LogConfig: Setting CVar [[r.LightShaftQuality:1]]
[2021.03.22-14.22.09:973][  0]LogConfig: Setting CVar [[r.Filter.SizeScale:1]]
[2021.03.22-14.22.09:973][  0]LogConfig: Setting CVar [[r.Tonemapper.Quality:5]]
[2021.03.22-14.22.09:973][  0]LogConfig: Setting CVar [[r.DOF.Gather.AccumulatorQuality:1        ; higher gathering accumulator quality]]
[2021.03.22-14.22.09:973][  0]LogConfig: Setting CVar [[r.DOF.Gather.PostfilterMethod:1          ; Median3x3 postfilering method]]
[2021.03.22-14.22.09:973][  0]LogConfig: Setting CVar [[r.DOF.Gather.EnableBokehSettings:0       ; no bokeh simulation when gathering]]
[2021.03.22-14.22.09:973][  0]LogConfig: Setting CVar [[r.DOF.Gather.RingCount:4                 ; medium number of samples when gathering]]
[2021.03.22-14.22.09:973][  0]LogConfig: Setting CVar [[r.DOF.Scatter.ForegroundCompositing:1    ; additive foreground scattering]]
[2021.03.22-14.22.09:973][  0]LogConfig: Setting CVar [[r.DOF.Scatter.BackgroundCompositing:2    ; additive background scattering]]
[2021.03.22-14.22.09:973][  0]LogConfig: Setting CVar [[r.DOF.Scatter.EnableBokehSettings:1      ; bokeh simulation when scattering]]
[2021.03.22-14.22.09:973][  0]LogConfig: Setting CVar [[r.DOF.Scatter.MaxSpriteRatio:0.1         ; only a maximum of 10% of scattered bokeh]]
[2021.03.22-14.22.09:973][  0]LogConfig: Setting CVar [[r.DOF.Recombine.Quality:1                ; cheap slight out of focus]]
[2021.03.22-14.22.09:973][  0]LogConfig: Setting CVar [[r.DOF.Recombine.EnableBokehSettings:0    ; no bokeh simulation on slight out of focus]]
[2021.03.22-14.22.09:973][  0]LogConfig: Setting CVar [[r.DOF.TemporalAAQuality:1                ; more stable temporal accumulation]]
[2021.03.22-14.22.09:973][  0]LogConfig: Setting CVar [[r.DOF.Kernel.MaxForegroundRadius:0.025]]
[2021.03.22-14.22.09:973][  0]LogConfig: Setting CVar [[r.DOF.Kernel.MaxBackgroundRadius:0.025]]
[2021.03.22-14.22.09:973][  0]LogConfig: Applying CVar settings from Section [TextureQuality@3] File [E:/Github/GEP/GEPProject/Saved/Config/Windows/Scalability.ini]
[2021.03.22-14.22.09:973][  0]LogConfig: Setting CVar [[r.Streaming.MipBias:0]]
[2021.03.22-14.22.09:973][  0]LogConfig: Setting CVar [[r.Streaming.AmortizeCPUToGPUCopy:0]]
[2021.03.22-14.22.09:973][  0]LogConfig: Setting CVar [[r.Streaming.MaxNumTexturesToStreamPerFrame:0]]
[2021.03.22-14.22.09:973][  0]LogConfig: Setting CVar [[r.Streaming.Boost:1]]
[2021.03.22-14.22.09:973][  0]LogConfig: Setting CVar [[r.MaxAnisotropy:8]]
[2021.03.22-14.22.09:973][  0]LogConfig: Setting CVar [[r.VT.MaxAnisotropy:8]]
[2021.03.22-14.22.09:973][  0]LogConfig: Setting CVar [[r.Streaming.LimitPoolSizeToVRAM:0]]
[2021.03.22-14.22.09:973][  0]LogConfig: Setting CVar [[r.Streaming.PoolSize:1000]]
[2021.03.22-14.22.09:973][  0]LogConfig: Setting CVar [[r.Streaming.MaxEffectiveScreenSize:0]]
[2021.03.22-14.22.09:973][  0]LogConfig: Applying CVar settings from Section [EffectsQuality@3] File [E:/Github/GEP/GEPProject/Saved/Config/Windows/Scalability.ini]
[2021.03.22-14.22.09:973][  0]LogConfig: Setting CVar [[r.TranslucencyLightingVolumeDim:64]]
[2021.03.22-14.22.09:973][  0]LogConfig: Setting CVar [[r.RefractionQuality:2]]
[2021.03.22-14.22.09:973][  0]LogConfig: Setting CVar [[r.SSR.Quality:3]]
[2021.03.22-14.22.09:973][  0]LogConfig: Setting CVar [[r.SSR.HalfResSceneColor:0]]
[2021.03.22-14.22.09:973][  0]LogConfig: Setting CVar [[r.SceneColorFormat:4]]
[2021.03.22-14.22.09:973][  0]LogConfig: Setting CVar [[r.DetailMode:2]]
[2021.03.22-14.22.09:973][  0]LogConfig: Setting CVar [[r.TranslucencyVolumeBlur:1]]
[2021.03.22-14.22.09:973][  0]LogConfig: Setting CVar [[r.MaterialQualityLevel:1 ; High quality]]
[2021.03.22-14.22.09:973][  0]LogConfig: Setting CVar [[r.SSS.Scale:1]]
[2021.03.22-14.22.09:973][  0]LogConfig: Setting CVar [[r.SSS.SampleSet:2]]
[2021.03.22-14.22.09:973][  0]LogConfig: Setting CVar [[r.SSS.Quality:1]]
[2021.03.22-14.22.09:973][  0]LogConfig: Setting CVar [[r.SSS.HalfRes:0]]
[2021.03.22-14.22.09:973][  0]LogConfig: Setting CVar [[r.SSGI.Quality:3]]
[2021.03.22-14.22.09:973][  0]LogConfig: Setting CVar [[r.EmitterSpawnRateScale:1.0]]
[2021.03.22-14.22.09:973][  0]LogConfig: Setting CVar [[r.ParticleLightQuality:2]]
[2021.03.22-14.22.09:973][  0]LogConfig: Setting CVar [[r.SkyAtmosphere.AerialPerspectiveLUT.FastApplyOnOpaque:1 ; Always have FastSkyLUT 1 in this case to avoid wrong sky]]
[2021.03.22-14.22.09:973][  0]LogConfig: Setting CVar [[r.SkyAtmosphere.AerialPerspectiveLUT.SampleCountPerSlice:1]]
[2021.03.22-14.22.09:973][  0]LogConfig: Setting CVar [[r.SkyAtmosphere.AerialPerspectiveLUT.DepthResolution:16.0]]
[2021.03.22-14.22.09:973][  0]LogConfig: Setting CVar [[r.SkyAtmosphere.FastSkyLUT:1]]
[2021.03.22-14.22.09:973][  0]LogConfig: Setting CVar [[r.SkyAtmosphere.FastSkyLUT.SampleCountMin:4.0]]
[2021.03.22-14.22.09:973][  0]LogConfig: Setting CVar [[r.SkyAtmosphere.FastSkyLUT.SampleCountMax:32.0]]
[2021.03.22-14.22.09:973][  0]LogConfig: Setting CVar [[r.SkyAtmosphere.SampleCountMin:4.0]]
[2021.03.22-14.22.09:973][  0]LogConfig: Setting CVar [[r.SkyAtmosphere.SampleCountMax:32.0]]
[2021.03.22-14.22.09:973][  0]LogConfig: Setting CVar [[r.SkyAtmosphere.TransmittanceLUT.UseSmallFormat:0]]
[2021.03.22-14.22.09:973][  0]LogConfig: Setting CVar [[r.SkyAtmosphere.TransmittanceLUT.SampleCount:10.0]]
[2021.03.22-14.22.09:973][  0]LogConfig: Setting CVar [[r.SkyAtmosphere.MultiScatteringLUT.SampleCount:15.0]]
[2021.03.22-14.22.09:974][  0]LogConfig: Applying CVar settings from Section [FoliageQuality@3] File [E:/Github/GEP/GEPProject/Saved/Config/Windows/Scalability.ini]
[2021.03.22-14.22.09:974][  0]LogConfig: Setting CVar [[foliage.DensityScale:1.0]]
[2021.03.22-14.22.09:974][  0]LogConfig: Setting CVar [[grass.DensityScale:1.0]]
[2021.03.22-14.22.09:974][  0]LogConfig: Applying CVar settings from Section [ShadingQuality@3] File [E:/Github/GEP/GEPProject/Saved/Config/Windows/Scalability.ini]
[2021.03.22-14.22.09:974][  0]LogConfig: Setting CVar [[r.HairStrands.SkyLighting.SampleCount:16]]
[2021.03.22-14.22.09:974][  0]LogConfig: Setting CVar [[r.HairStrands.SkyLighting.JitterIntegration:0]]
[2021.03.22-14.22.09:974][  0]LogConfig: Setting CVar [[r.HairStrands.SkyAO.SampleCount:16]]
[2021.03.22-14.22.09:974][  0]LogConfig: Setting CVar [[r.HairStrands.DeepShadow.SuperSampling:0]]
[2021.03.22-14.22.09:974][  0]LogConfig: Setting CVar [[r.HairStrands.VisibilityPPLL:0]]
[2021.03.22-14.22.09:974][  0]LogConfig: Setting CVar [[r.HairStrands.RasterizationScale:0.5]]
[2021.03.22-14.22.09:974][  0]LogConfig: Setting CVar [[r.HairStrands.VelocityRasterizationScale:1]]
[2021.03.22-14.22.09:974][  0]LogInit: Selected Device Profile: [Windows]
[2021.03.22-14.22.09:974][  0]LogInit: Applying CVar settings loaded from the selected device profile: [Windows]
[2021.03.22-14.22.09:974][  0]LogHAL: Display: Platform has ~ 16 GB [17123741696 / 17179869184 / 16], which maps to Larger [LargestMinGB=32, LargerMinGB=12, DefaultMinGB=8, SmallerMinGB=6, SmallestMinGB=0)
[2021.03.22-14.22.09:974][  0]LogInit: Going up to parent DeviceProfile []
[2021.03.22-14.22.09:974][  0]LogConfig: Applying CVar settings from Section [ViewDistanceQuality@3] File [E:/Github/GEP/GEPProject/Saved/Config/Windows/Scalability.ini]
[2021.03.22-14.22.09:974][  0]LogConfig: Setting CVar [[r.SkeletalMeshLODBias:0]]
[2021.03.22-14.22.09:974][  0]LogConfig: Setting CVar [[r.ViewDistanceScale:1.0]]
[2021.03.22-14.22.09:974][  0]LogConfig: Applying CVar settings from Section [AntiAliasingQuality@3] File [E:/Github/GEP/GEPProject/Saved/Config/Windows/Scalability.ini]
[2021.03.22-14.22.09:974][  0]LogConfig: Setting CVar [[r.PostProcessAAQuality:4]]
[2021.03.22-14.22.09:974][  0]LogConfig: Applying CVar settings from Section [ShadowQuality@3] File [E:/Github/GEP/GEPProject/Saved/Config/Windows/Scalability.ini]
[2021.03.22-14.22.09:974][  0]LogConfig: Setting CVar [[r.LightFunctionQuality:1]]
[2021.03.22-14.22.09:974][  0]LogConfig: Setting CVar [[r.ShadowQuality:5]]
[2021.03.22-14.22.09:974][  0]LogConfig: Setting CVar [[r.Shadow.CSM.MaxCascades:10]]
[2021.03.22-14.22.09:974][  0]LogConfig: Setting CVar [[r.Shadow.MaxResolution:2048]]
[2021.03.22-14.22.09:974][  0]LogConfig: Setting CVar [[r.Shadow.MaxCSMResolution:2048]]
[2021.03.22-14.22.09:974][  0]LogConfig: Setting CVar [[r.Shadow.RadiusThreshold:0.01]]
[2021.03.22-14.22.09:974][  0]LogConfig: Setting CVar [[r.Shadow.DistanceScale:1.0]]
[2021.03.22-14.22.09:974][  0]LogConfig: Setting CVar [[r.Shadow.CSM.TransitionScale:1.0]]
[2021.03.22-14.22.09:974][  0]LogConfig: Setting CVar [[r.Shadow.PreShadowResolutionFactor:1.0]]
[2021.03.22-14.22.09:974][  0]LogConfig: Setting CVar [[r.DistanceFieldShadowing:1]]
[2021.03.22-14.22.09:974][  0]LogConfig: Setting CVar [[r.DistanceFieldAO:1]]
[2021.03.22-14.22.09:974][  0]LogConfig: Setting CVar [[r.AOQuality:2]]
[2021.03.22-14.22.09:974][  0]LogConfig: Setting CVar [[r.VolumetricFog:1]]
[2021.03.22-14.22.09:974][  0]LogConfig: Setting CVar [[r.VolumetricFog.GridPixelSize:8]]
[2021.03.22-14.22.09:974][  0]LogConfig: Setting CVar [[r.VolumetricFog.GridSizeZ:128]]
[2021.03.22-14.22.09:974][  0]LogConfig: Setting CVar [[r.VolumetricFog.HistoryMissSupersampleCount:4]]
[2021.03.22-14.22.09:974][  0]LogConfig: Setting CVar [[r.LightMaxDrawDistanceScale:1]]
[2021.03.22-14.22.09:974][  0]LogConfig: Setting CVar [[r.CapsuleShadows:1]]
[2021.03.22-14.22.09:974][  0]LogConfig: Applying CVar settings from Section [PostProcessQuality@3] File [E:/Github/GEP/GEPProject/Saved/Config/Windows/Scalability.ini]
[2021.03.22-14.22.09:974][  0]LogConfig: Setting CVar [[r.MotionBlurQuality:4]]
[2021.03.22-14.22.09:974][  0]LogConfig: Setting CVar [[r.AmbientOcclusionMipLevelFactor:0.4]]
[2021.03.22-14.22.09:974][  0]LogConfig: Setting CVar [[r.AmbientOcclusionMaxQuality:100]]
[2021.03.22-14.22.09:974][  0]LogConfig: Setting CVar [[r.AmbientOcclusionLevels:-1]]
[2021.03.22-14.22.09:974][  0]LogConfig: Setting CVar [[r.AmbientOcclusionRadiusScale:1.0]]
[2021.03.22-14.22.09:974][  0]LogConfig: Setting CVar [[r.DepthOfFieldQuality:2]]
[2021.03.22-14.22.09:974][  0]LogConfig: Setting CVar [[r.RenderTargetPoolMin:400]]
[2021.03.22-14.22.09:974][  0]LogConfig: Setting CVar [[r.LensFlareQuality:2]]
[2021.03.22-14.22.09:974][  0]LogConfig: Setting CVar [[r.SceneColorFringeQuality:1]]
[2021.03.22-14.22.09:974][  0]LogConfig: Setting CVar [[r.EyeAdaptationQuality:2]]
[2021.03.22-14.22.09:974][  0]LogConfig: Setting CVar [[r.BloomQuality:5]]
[2021.03.22-14.22.09:974][  0]LogConfig: Setting CVar [[r.FastBlurThreshold:100]]
[2021.03.22-14.22.09:974][  0]LogConfig: Setting CVar [[r.Upscale.Quality:3]]
[2021.03.22-14.22.09:974][  0]LogConfig: Setting CVar [[r.Tonemapper.GrainQuantization:1]]
[2021.03.22-14.22.09:974][  0]LogConfig: Setting CVar [[r.LightShaftQuality:1]]
[2021.03.22-14.22.09:974][  0]LogConfig: Setting CVar [[r.Filter.SizeScale:1]]
[2021.03.22-14.22.09:974][  0]LogConfig: Setting CVar [[r.Tonemapper.Quality:5]]
[2021.03.22-14.22.09:974][  0]LogConfig: Setting CVar [[r.DOF.Gather.AccumulatorQuality:1        ; higher gathering accumulator quality]]
[2021.03.22-14.22.09:974][  0]LogConfig: Setting CVar [[r.DOF.Gather.PostfilterMethod:1          ; Median3x3 postfilering method]]
[2021.03.22-14.22.09:974][  0]LogConfig: Setting CVar [[r.DOF.Gather.EnableBokehSettings:0       ; no bokeh simulation when gathering]]
[2021.03.22-14.22.09:974][  0]LogConfig: Setting CVar [[r.DOF.Gather.RingCount:4                 ; medium number of samples when gathering]]
[2021.03.22-14.22.09:974][  0]LogConfig: Setting CVar [[r.DOF.Scatter.ForegroundCompositing:1    ; additive foreground scattering]]
[2021.03.22-14.22.09:974][  0]LogConfig: Setting CVar [[r.DOF.Scatter.BackgroundCompositing:2    ; additive background scattering]]
[2021.03.22-14.22.09:974][  0]LogConfig: Setting CVar [[r.DOF.Scatter.EnableBokehSettings:1      ; bokeh simulation when scattering]]
[2021.03.22-14.22.09:974][  0]LogConfig: Setting CVar [[r.DOF.Scatter.MaxSpriteRatio:0.1         ; only a maximum of 10% of scattered bokeh]]
[2021.03.22-14.22.09:974][  0]LogConfig: Setting CVar [[r.DOF.Recombine.Quality:1                ; cheap slight out of focus]]
[2021.03.22-14.22.09:974][  0]LogConfig: Setting CVar [[r.DOF.Recombine.EnableBokehSettings:0    ; no bokeh simulation on slight out of focus]]
[2021.03.22-14.22.09:974][  0]LogConfig: Setting CVar [[r.DOF.TemporalAAQuality:1                ; more stable temporal accumulation]]
[2021.03.22-14.22.09:974][  0]LogConfig: Setting CVar [[r.DOF.Kernel.MaxForegroundRadius:0.025]]
[2021.03.22-14.22.09:974][  0]LogConfig: Setting CVar [[r.DOF.Kernel.MaxBackgroundRadius:0.025]]
[2021.03.22-14.22.09:974][  0]LogConfig: Applying CVar settings from Section [TextureQuality@3] File [E:/Github/GEP/GEPProject/Saved/Config/Windows/Scalability.ini]
[2021.03.22-14.22.09:975][  0]LogConfig: Setting CVar [[r.Streaming.MipBias:0]]
[2021.03.22-14.22.09:975][  0]LogConfig: Setting CVar [[r.Streaming.AmortizeCPUToGPUCopy:0]]
[2021.03.22-14.22.09:975][  0]LogConfig: Setting CVar [[r.Streaming.MaxNumTexturesToStreamPerFrame:0]]
[2021.03.22-14.22.09:975][  0]LogConfig: Setting CVar [[r.Streaming.Boost:1]]
[2021.03.22-14.22.09:975][  0]LogConfig: Setting CVar [[r.MaxAnisotropy:8]]
[2021.03.22-14.22.09:975][  0]LogConfig: Setting CVar [[r.VT.MaxAnisotropy:8]]
[2021.03.22-14.22.09:975][  0]LogConfig: Setting CVar [[r.Streaming.LimitPoolSizeToVRAM:0]]
[2021.03.22-14.22.09:975][  0]LogConfig: Setting CVar [[r.Streaming.PoolSize:1000]]
[2021.03.22-14.22.09:975][  0]LogConfig: Setting CVar [[r.Streaming.MaxEffectiveScreenSize:0]]
[2021.03.22-14.22.09:975][  0]LogConfig: Applying CVar settings from Section [EffectsQuality@3] File [E:/Github/GEP/GEPProject/Saved/Config/Windows/Scalability.ini]
[2021.03.22-14.22.09:975][  0]LogConfig: Setting CVar [[r.TranslucencyLightingVolumeDim:64]]
[2021.03.22-14.22.09:975][  0]LogConfig: Setting CVar [[r.RefractionQuality:2]]
[2021.03.22-14.22.09:975][  0]LogConfig: Setting CVar [[r.SSR.Quality:3]]
[2021.03.22-14.22.09:975][  0]LogConfig: Setting CVar [[r.SSR.HalfResSceneColor:0]]
[2021.03.22-14.22.09:975][  0]LogConfig: Setting CVar [[r.SceneColorFormat:4]]
[2021.03.22-14.22.09:975][  0]LogConfig: Setting CVar [[r.DetailMode:2]]
[2021.03.22-14.22.09:975][  0]LogConfig: Setting CVar [[r.TranslucencyVolumeBlur:1]]
[2021.03.22-14.22.09:975][  0]LogConfig: Setting CVar [[r.MaterialQualityLevel:1 ; High quality]]
[2021.03.22-14.22.09:975][  0]LogConfig: Setting CVar [[r.SSS.Scale:1]]
[2021.03.22-14.22.09:975][  0]LogConfig: Setting CVar [[r.SSS.SampleSet:2]]
[2021.03.22-14.22.09:975][  0]LogConfig: Setting CVar [[r.SSS.Quality:1]]
[2021.03.22-14.22.09:975][  0]LogConfig: Setting CVar [[r.SSS.HalfRes:0]]
[2021.03.22-14.22.09:975][  0]LogConfig: Setting CVar [[r.SSGI.Quality:3]]
[2021.03.22-14.22.09:975][  0]LogConfig: Setting CVar [[r.EmitterSpawnRateScale:1.0]]
[2021.03.22-14.22.09:975][  0]LogConfig: Setting CVar [[r.ParticleLightQuality:2]]
[2021.03.22-14.22.09:975][  0]LogConfig: Setting CVar [[r.SkyAtmosphere.AerialPerspectiveLUT.FastApplyOnOpaque:1 ; Always have FastSkyLUT 1 in this case to avoid wrong sky]]
[2021.03.22-14.22.09:975][  0]LogConfig: Setting CVar [[r.SkyAtmosphere.AerialPerspectiveLUT.SampleCountPerSlice:1]]
[2021.03.22-14.22.09:975][  0]LogConfig: Setting CVar [[r.SkyAtmosphere.AerialPerspectiveLUT.DepthResolution:16.0]]
[2021.03.22-14.22.09:975][  0]LogConfig: Setting CVar [[r.SkyAtmosphere.FastSkyLUT:1]]
[2021.03.22-14.22.09:975][  0]LogConfig: Setting CVar [[r.SkyAtmosphere.FastSkyLUT.SampleCountMin:4.0]]
[2021.03.22-14.22.09:975][  0]LogConfig: Setting CVar [[r.SkyAtmosphere.FastSkyLUT.SampleCountMax:32.0]]
[2021.03.22-14.22.09:975][  0]LogConfig: Setting CVar [[r.SkyAtmosphere.SampleCountMin:4.0]]
[2021.03.22-14.22.09:975][  0]LogConfig: Setting CVar [[r.SkyAtmosphere.SampleCountMax:32.0]]
[2021.03.22-14.22.09:975][  0]LogConfig: Setting CVar [[r.SkyAtmosphere.TransmittanceLUT.UseSmallFormat:0]]
[2021.03.22-14.22.09:975][  0]LogConfig: Setting CVar [[r.SkyAtmosphere.TransmittanceLUT.SampleCount:10.0]]
[2021.03.22-14.22.09:975][  0]LogConfig: Setting CVar [[r.SkyAtmosphere.MultiScatteringLUT.SampleCount:15.0]]
[2021.03.22-14.22.09:975][  0]LogConfig: Applying CVar settings from Section [FoliageQuality@3] File [E:/Github/GEP/GEPProject/Saved/Config/Windows/Scalability.ini]
[2021.03.22-14.22.09:975][  0]LogConfig: Setting CVar [[foliage.DensityScale:1.0]]
[2021.03.22-14.22.09:975][  0]LogConfig: Setting CVar [[grass.DensityScale:1.0]]
[2021.03.22-14.22.09:975][  0]LogConfig: Applying CVar settings from Section [ShadingQuality@3] File [E:/Github/GEP/GEPProject/Saved/Config/Windows/Scalability.ini]
[2021.03.22-14.22.09:975][  0]LogConfig: Setting CVar [[r.HairStrands.SkyLighting.SampleCount:16]]
[2021.03.22-14.22.09:975][  0]LogConfig: Setting CVar [[r.HairStrands.SkyLighting.JitterIntegration:0]]
[2021.03.22-14.22.09:975][  0]LogConfig: Setting CVar [[r.HairStrands.SkyAO.SampleCount:16]]
[2021.03.22-14.22.09:975][  0]LogConfig: Setting CVar [[r.HairStrands.DeepShadow.SuperSampling:0]]
[2021.03.22-14.22.09:975][  0]LogConfig: Setting CVar [[r.HairStrands.VisibilityPPLL:0]]
[2021.03.22-14.22.09:975][  0]LogConfig: Setting CVar [[r.HairStrands.RasterizationScale:0.5]]
[2021.03.22-14.22.09:975][  0]LogConfig: Setting CVar [[r.HairStrands.VelocityRasterizationScale:1]]
[2021.03.22-14.22.09:975][  0]LogConfig: Applying CVar settings from Section [Startup] File [../../../Engine/Config/ConsoleVariables.ini]
[2021.03.22-14.22.09:975][  0]LogConfig: Setting CVar [[net.UseAdaptiveNetUpdateFrequency:0]]
[2021.03.22-14.22.09:975][  0]LogConfig: Setting CVar [[p.chaos.AllowCreatePhysxBodies:1]]
[2021.03.22-14.22.09:975][  0]LogConfig: Setting CVar [[fx.SkipVectorVMBackendOptimizations:1]]
[2021.03.22-14.22.09:975][  0]LogConfig: Applying CVar settings from Section [ConsoleVariables] File [E:/Github/GEP/GEPProject/Saved/Config/Windows/Engine.ini]
[2021.03.22-14.22.09:976][  0]LogInit: Computer: DESKTOP-8MPSU4G
[2021.03.22-14.22.09:976][  0]LogInit: User: cathan
[2021.03.22-14.22.09:976][  0]LogInit: CPU Page size=4096, Cores=8
[2021.03.22-14.22.09:976][  0]LogInit: High frequency timer resolution =10.000000 MHz
[2021.03.22-14.22.09:976][  0]LogMemory: Memory total: Physical=15.9GB (16GB approx)
[2021.03.22-14.22.09:976][  0]LogMemory: Platform Memory Stats for Windows
[2021.03.22-14.22.09:976][  0]LogMemory: Process Physical Memory: 118.48 MB used, 118.48 MB peak
[2021.03.22-14.22.09:976][  0]LogMemory: Process Virtual Memory: 112.33 MB used, 112.33 MB peak
[2021.03.22-14.22.09:976][  0]LogMemory: Physical Memory: 12651.96 MB used,  3678.51 MB free, 16330.47 MB total
[2021.03.22-14.22.09:976][  0]LogMemory: Virtual Memory: 5200.97 MB used,  134212528.00 MB free, 134217728.00 MB total
[2021.03.22-14.22.09:987][  0]LogWindows: WindowsPlatformFeatures enabled
[2021.03.22-14.22.10:061][  0]LogInit: Physics initialised using underlying interface: PhysX
[2021.03.22-14.22.10:063][  0]LogInit: Using OS detected language (en-GB).
[2021.03.22-14.22.10:063][  0]LogInit: Using OS detected locale (en-GB).
[2021.03.22-14.22.10:069][  0]LogTextLocalizationManager: No specific localization for 'en-GB' exists, so the 'en' localization will be used.
[2021.03.22-14.22.10:335][  0]LogInit: Setting process to per monitor DPI aware
[2021.03.22-14.22.10:377][  0]LogSlate: New Slate User Created.  User Index 0, Is Virtual User: 0
[2021.03.22-14.22.10:377][  0]LogSlate: Slate User Registered.  User Index 0, Is Virtual User: 0
[2021.03.22-14.22.10:728][  0]LogHMD: Failed to initialize OpenVR with code 110
[2021.03.22-14.22.10:728][  0]LogD3D11RHI: D3D11 min allowed feature level: 11_0
[2021.03.22-14.22.10:728][  0]LogD3D11RHI: D3D11 max allowed feature level: 11_0
[2021.03.22-14.22.10:728][  0]LogD3D11RHI: D3D11 adapters:
[2021.03.22-14.22.10:851][  0]LogD3D11RHI:    0. 'NVIDIA GeForce RTX 2060' (Feature Level 11_0)
[2021.03.22-14.22.10:851][  0]LogD3D11RHI:       5980/0/8165 MB DedicatedVideo/DedicatedSystem/SharedSystem, Outputs:3, VendorId:0x10de
[2021.03.22-14.22.10:855][  0]LogD3D11RHI:    1. 'Microsoft Basic Render Driver' (Feature Level 11_0)
[2021.03.22-14.22.10:855][  0]LogD3D11RHI:       0/0/8165 MB DedicatedVideo/DedicatedSystem/SharedSystem, Outputs:0, VendorId:0x1414
[2021.03.22-14.22.10:855][  0]LogD3D11RHI: Chosen D3D11 Adapter: 0
[2021.03.22-14.22.10:865][  0]LogD3D11RHI: Creating new Direct3DDevice
[2021.03.22-14.22.10:865][  0]LogD3D11RHI:     GPU DeviceId: 0x1f08 (for the marketing name, search the web for "GPU Device Id")
[2021.03.22-14.22.10:865][  0]LogWindows: EnumDisplayDevices:
[2021.03.22-14.22.10:865][  0]LogWindows:    0. 'NVIDIA GeForce RTX 2060' (P:1 D:1)
[2021.03.22-14.22.10:866][  0]LogWindows:    1. 'NVIDIA GeForce RTX 2060' (P:0 D:1)
[2021.03.22-14.22.10:866][  0]LogWindows:    2. 'NVIDIA GeForce RTX 2060' (P:0 D:1)
[2021.03.22-14.22.10:866][  0]LogWindows:    3. 'NVIDIA GeForce RTX 2060' (P:0 D:0)
[2021.03.22-14.22.10:866][  0]LogWindows: DebugString: FoundDriverCount:4 
[2021.03.22-14.22.10:866][  0]LogD3D11RHI:     Adapter Name: NVIDIA GeForce RTX 2060
[2021.03.22-14.22.10:866][  0]LogD3D11RHI:   Driver Version: 460.79 (internal:27.21.14.6079, unified:460.79)
[2021.03.22-14.22.10:866][  0]LogD3D11RHI:      Driver Date: 12-3-2020
[2021.03.22-14.22.10:866][  0]LogRHI: Texture pool is 4186 MB (70% of 5980 MB)
[2021.03.22-14.22.10:950][  0]LogD3D11RHI: RHI has support for 64 bit atomics
[2021.03.22-14.22.10:950][  0]LogD3D11RHI: Async texture creation enabled
[2021.03.22-14.22.10:950][  0]LogD3D11RHI: Array index from any shader is supported
[2021.03.22-14.22.10:986][  0]LogD3D11RHI: GPU Timing Frequency: 1000.000000 (Debug: 2 1)
[2021.03.22-14.22.11:283][  0]LogTargetPlatformManager: Display: Loaded TargetPlatform 'AllDesktop'
[2021.03.22-14.22.11:306][  0]LogTargetPlatformManager: Display: Loaded TargetPlatform 'Android'
[2021.03.22-14.22.11:306][  0]LogTargetPlatformManager: Display: Loaded TargetPlatform 'Android_ASTC'
[2021.03.22-14.22.11:306][  0]LogTargetPlatformManager: Display: Loaded TargetPlatform 'Android_DXT'
[2021.03.22-14.22.11:306][  0]LogTargetPlatformManager: Display: Loaded TargetPlatform 'Android_ETC2'
[2021.03.22-14.22.11:306][  0]LogTargetPlatformManager: Display: Loaded TargetPlatform 'AndroidClient'
[2021.03.22-14.22.11:306][  0]LogTargetPlatformManager: Display: Loaded TargetPlatform 'Android_ASTCClient'
[2021.03.22-14.22.11:306][  0]LogTargetPlatformManager: Display: Loaded TargetPlatform 'Android_DXTClient'
[2021.03.22-14.22.11:306][  0]LogTargetPlatformManager: Display: Loaded TargetPlatform 'Android_ETC2Client'
[2021.03.22-14.22.11:306][  0]LogTargetPlatformManager: Display: Loaded TargetPlatform 'Android_Multi'
[2021.03.22-14.22.11:306][  0]LogTargetPlatformManager: Display: Loaded TargetPlatform 'Android_MultiClient'
[2021.03.22-14.22.11:335][  0]LogTargetPlatformManager: Display: Loaded TargetPlatform 'IOSClient'
[2021.03.22-14.22.11:335][  0]LogTargetPlatformManager: Display: Loaded TargetPlatform 'IOS'
[2021.03.22-14.22.11:347][  0]LogTargetPlatformManager: Display: Loaded TargetPlatform 'Linux'
[2021.03.22-14.22.11:358][  0]LogTargetPlatformManager: Display: Loaded TargetPlatform 'LinuxNoEditor'
[2021.03.22-14.22.11:369][  0]LogTargetPlatformManager: Display: Loaded TargetPlatform 'LinuxClient'
[2021.03.22-14.22.11:381][  0]LogTargetPlatformManager: Display: Loaded TargetPlatform 'LinuxServer'
[2021.03.22-14.22.11:392][  0]LogTargetPlatformManager: Display: Loaded TargetPlatform 'LinuxAArch64NoEditor'
[2021.03.22-14.22.11:403][  0]LogTargetPlatformManager: Display: Loaded TargetPlatform 'LinuxAArch64Client'
[2021.03.22-14.22.11:415][  0]LogTargetPlatformManager: Display: Loaded TargetPlatform 'LinuxAArch64Server'
[2021.03.22-14.22.11:444][  0]LogTargetPlatformManager: Display: Loaded TargetPlatform 'Lumin'
[2021.03.22-14.22.11:444][  0]LogTargetPlatformManager: Display: Loaded TargetPlatform 'LuminClient'
[2021.03.22-14.22.11:461][  0]LogTargetPlatformManager: Display: Loaded TargetPlatform 'TVOSClient'
[2021.03.22-14.22.11:461][  0]LogTargetPlatformManager: Display: Loaded TargetPlatform 'TVOS'
[2021.03.22-14.22.11:472][  0]LogTargetPlatformManager: Display: Loaded TargetPlatform 'WindowsNoEditor'
[2021.03.22-14.22.11:484][  0]LogTargetPlatformManager: Display: Loaded TargetPlatform 'Windows'
[2021.03.22-14.22.11:495][  0]LogTargetPlatformManager: Display: Loaded TargetPlatform 'WindowsClient'
[2021.03.22-14.22.11:505][  0]LogTargetPlatformManager: Display: Loaded TargetPlatform 'WindowsServer'
[2021.03.22-14.22.11:506][  0]LogTargetPlatformManager: Display: Building Assets For Windows
[2021.03.22-14.22.11:519][  0]LogAudioDebug: Display: Lib vorbis DLL was dynamically loaded.
[2021.03.22-14.22.11:609][  0]LogShaderCompilers: Guid format shader working directory is 10 characters bigger than the processId version (../../../../../Github/GEP/GEPProject/Intermediate/Shaders/WorkingDirectory/94964/).
[2021.03.22-14.22.11:610][  0]LogShaderCompilers: Cleaned the shader compiler working directory 'C:/Users/cathan/AppData/Local/Temp/UnrealShaderWorkingDir/49C4FE7643366BE52D560D8D9F539BA0/'.
[2021.03.22-14.22.11:611][  0]LogXGEController: Cleaning working directory: C:/Users/cathan/AppData/Local/Temp/UnrealXGEWorkingDir/
[2021.03.22-14.22.11:611][  0]LogXGEController: Cannot use XGE Controller as Incredibuild is not installed on this machine.
[2021.03.22-14.22.11:611][  0]LogShaderCompilers: Cannot use XGE Shader Compiler as Incredibuild is not installed on this machine.
[2021.03.22-14.22.11:611][  0]LogShaderCompilers: Display: Using Local Shader Compiler.
[2021.03.22-14.22.12:496][  0]LogDerivedDataCache: Display: Max Cache Size: 512 MB
[2021.03.22-14.22.12:656][  0]LogDerivedDataCache: Loaded boot cache 0.16s 76MB C:/Users/cathan/AppData/Local/UnrealEngine/4.25/DerivedDataCache/Boot.ddc.
[2021.03.22-14.22.12:656][  0]LogDerivedDataCache: Display: Loaded Boot cache: C:/Users/cathan/AppData/Local/UnrealEngine/4.25/DerivedDataCache/Boot.ddc
[2021.03.22-14.22.12:656][  0]LogDerivedDataCache: FDerivedDataBackendGraph:  Pak pak cache file ../../../../../Github/GEP/GEPProject/DerivedDataCache/DDC.ddp not found, will not use a pak cache.
[2021.03.22-14.22.12:656][  0]LogDerivedDataCache: Unable to find inner node Pak for hierarchical cache Hierarchy.
[2021.03.22-14.22.12:656][  0]LogDerivedDataCache: FDerivedDataBackendGraph:  CompressedPak pak cache file ../../../../../Github/GEP/GEPProject/DerivedDataCache/Compressed.ddp not found, will not use a pak cache.
[2021.03.22-14.22.12:656][  0]LogDerivedDataCache: Unable to find inner node CompressedPak for hierarchical cache Hierarchy.
[2021.03.22-14.22.12:667][  0]LogDerivedDataCache: Display: Pak cache opened for reading ../../../Engine/DerivedDataCache/Compressed.ddp.
[2021.03.22-14.22.12:667][  0]LogDerivedDataCache: FDerivedDataBackendGraph:  EnterprisePak pak cache file ../../../Enterprise/DerivedDataCache/Compressed.ddp not found, will not use a pak cache.
[2021.03.22-14.22.12:667][  0]LogDerivedDataCache: Unable to find inner node EnterprisePak for hierarchical cache Hierarchy.
[2021.03.22-14.22.12:668][  0]LogDerivedDataCache: Using Local data cache path C:/Users/cathan/AppData/Local/UnrealEngine/Common/DerivedDataCache: Writable
[2021.03.22-14.22.12:669][  0]LogDerivedDataCache: Shared data cache path not found in *engine.ini, will not use an Shared cache.
[2021.03.22-14.22.12:669][  0]LogDerivedDataCache: Unable to find inner node Shared for hierarchical cache Hierarchy.
[2021.03.22-14.22.12:719][  0]LogSlate: Using FreeType 2.10.0
[2021.03.22-14.22.12:720][  0]LogSlate: SlateFontServices - WITH_FREETYPE: 1, WITH_HARFBUZZ: 1
[2021.03.22-14.22.12:748][  0]LogAssetRegistry: FAssetRegistry took 0.0025 seconds to start up
[2021.03.22-14.22.12:989][  0]LogInit: Selected Device Profile: [Windows]
[2021.03.22-14.22.13:113][  0]LogMeshReduction: Using QuadricMeshReduction for automatic static mesh reduction
[2021.03.22-14.22.13:113][  0]LogMeshReduction: Using SimplygonMeshReduction for automatic skeletal mesh reduction
[2021.03.22-14.22.13:113][  0]LogMeshReduction: Using ProxyLODMeshReduction for automatic mesh merging
[2021.03.22-14.22.13:113][  0]LogMeshReduction: No distributed automatic mesh merging module available
[2021.03.22-14.22.13:113][  0]LogMeshMerging: No distributed automatic mesh merging module available
[2021.03.22-14.22.13:134][  0]LogNetVersion: GEPProject 1.0.0, NetCL: 13144385, EngineNetVer: 14, GameNetVer: 0 (Checksum: 386946200)
[2021.03.22-14.22.13:576][  0]LogAISub: UAISubsystem::UAISubsystem AISubsystem (000002787871DBC0), frame # 0
[2021.03.22-14.22.13:576][  0]LogAISub: UAISubsystem::UAISubsystem AIPerceptionSystem (000002787865F740), frame # 0
[2021.03.22-14.22.13:577][  0]LogAISub: UAISubsystem::UAISubsystem EnvQueryManager (00000278786EC800), frame # 0
[2021.03.22-14.22.13:643][  0]LogPackageLocalizationCache: Processed 19 localized package path(s) for 1 prioritized culture(s) in 0.058212 seconds
[2021.03.22-14.22.13:648][  0]LogUObjectArray: 15917 objects as part of root set at end of initial load.
[2021.03.22-14.22.13:648][  0]LogUObjectAllocator: 3965568 out of 0 bytes used by permanent object pool.
[2021.03.22-14.22.13:648][  0]LogUObjectArray: CloseDisregardForGC: 0/0 objects in disregard for GC pool
[2021.03.22-14.22.14:150][  0]LogTcpMessaging: Initializing TcpMessaging bridge
[2021.03.22-14.22.14:157][  0]LogUdpMessaging: Initializing bridge on interface 0.0.0.0:0 to multicast group 230.0.0.1:6666.
[2021.03.22-14.22.14:304][  0]SourceControl: Source control is disabled
[2021.03.22-14.22.14:304][  0]SourceControl: Source control is disabled
[2021.03.22-14.22.14:310][  0]SourceControl: Source control is disabled
[2021.03.22-14.22.14:314][  0]SourceControl: Source control is disabled
[2021.03.22-14.22.14:329][  0]SourceControl: Source control is disabled
[2021.03.22-14.22.14:687][  0]LogAndroidPermission: UAndroidPermissionCallbackProxy::GetInstance
[2021.03.22-14.22.14:716][  0]LogAudioCaptureCore: Display: No Audio Capture implementations found. Audio input will be silent.
[2021.03.22-14.22.14:716][  0]LogAudioCaptureCore: Display: No Audio Capture implementations found. Audio input will be silent.
[2021.03.22-14.22.14:779][  0]LogOcInput: OculusInput pre-init called
[2021.03.22-14.22.14:793][  0]LogWindows: Failed to load 'OVRPlugin.dll' (GetLastError=126)
[2021.03.22-14.22.14:793][  0]LogWindows: File 'OVRPlugin.dll' does not exist
[2021.03.22-14.22.14:870][  0]LogClass: Warning: FUpgrade::upgradeType is not initialized properly
[2021.03.22-14.22.14:870][  0]LogClass: Display: 1 Uninitialized script stuct members found
[2021.03.22-14.22.14:870][  0]LogAutomationTest: Warning: FUpgrade::upgradeType is not initialized properly
[2021.03.22-14.22.14:871][  0]LogEngine: Initializing Engine...
[2021.03.22-14.22.14:872][  0]LogHMD: Failed to initialize OpenVR with code 110
[2021.03.22-14.22.14:872][  0]LogMagicLeap: Warning: VR disabled because ZI is not enabled.  To enable, in the editor, Edit -> Project Settings -> Plugins -> Magic Leap Plugin -> Enable Zero Iteration
[2021.03.22-14.22.14:874][  0]LogStats: UGameplayTagsManager::InitializeManager -  0.000 s
[2021.03.22-14.22.14:988][  0]LogInit: Initializing FReadOnlyCVARCache
[2021.03.22-14.22.14:999][  0]LogAIModule: Creating AISystem for world Untitled
[2021.03.22-14.22.14:999][  0]LogAISub: UAISubsystem::UAISubsystem EnvQueryManager (0000027879FA3C00), frame # 0
[2021.03.22-14.22.14:999][  0]LogAISub: UAISubsystem::UAISubsystem AIPerceptionSystem (000002787A010CC0), frame # 0
[2021.03.22-14.22.15:013][  0]LogAudioMixer: Display: Audio Mixer Platform Settings:
[2021.03.22-14.22.15:013][  0]LogAudioMixer: Display: 	Sample Rate:						  48000
[2021.03.22-14.22.15:013][  0]LogAudioMixer: Display: 	Callback Buffer Frame Size Requested: 1024
[2021.03.22-14.22.15:013][  0]LogAudioMixer: Display: 	Callback Buffer Frame Size To Use:	  1024
[2021.03.22-14.22.15:013][  0]LogAudioMixer: Display: 	Number of buffers to queue:			  2
[2021.03.22-14.22.15:013][  0]LogAudioMixer: Display: 	Max Channels (voices):				  32
[2021.03.22-14.22.15:013][  0]LogAudioMixer: Display: 	Number of Async Source Workers:		  0
[2021.03.22-14.22.15:013][  0]LogAudio: Display: AudioDevice MaxSources: 32
[2021.03.22-14.22.15:013][  0]LogAudio: Display: Using built-in audio occlusion.
[2021.03.22-14.22.15:013][  0]LogAudioMixer: Display: Initializing audio mixer.
[2021.03.22-14.22.15:032][  0]LogAudioMixer: Display: 0: FrontLeft
[2021.03.22-14.22.15:032][  0]LogAudioMixer: Display: 1: FrontRight
[2021.03.22-14.22.15:071][  0]LogAudioMixer: Display: Using Audio Device Speakers (5- Focusrite Usb Audio)
[2021.03.22-14.22.15:074][  0]LogAudioMixer: Display: Initializing Sound Submixes...
[2021.03.22-14.22.15:076][  0]LogAudioMixer: Display: Creating Master Submix 'MasterSubmixDefault'
[2021.03.22-14.22.15:076][  0]LogAudioMixer: Display: Creating Master Submix 'MasterReverbSubmixDefault'
[2021.03.22-14.22.15:077][  0]LogAudioMixer: Display: Creating Master Submix 'MasterEQSubmixDefault'
[2021.03.22-14.22.15:079][  0]LogInit: FAudioDevice initialized.
[2021.03.22-14.22.15:079][  0]LogNetVersion: Set ProjectVersion to 1.0.0.0. Version Checksum will be recalculated on next use.
[2021.03.22-14.22.15:165][  0]LogDerivedDataCache: Saved boot cache 0.09s 76MB C:/Users/cathan/AppData/Local/UnrealEngine/4.25/DerivedDataCache/Boot.ddc.
[2021.03.22-14.22.15:170][  0]LogInit: Texture streaming: Enabled
[2021.03.22-14.22.15:194][  0]LogEngineSessionManager: EngineSessionManager initialized
[2021.03.22-14.22.15:194][  0]LogEditorSessionSummary: Verbose: Initializing EditorSessionSummaryWriter for editor session tracking
[2021.03.22-14.22.15:199][  0]LogEditorSessionSummary: EditorSessionSummaryWriter initialized
[2021.03.22-14.22.15:285][  0]LogInit: Transaction tracking system initialized
[2021.03.22-14.22.15:323][  0]BlueprintLog: New page: Editor Load
[2021.03.22-14.22.15:425][  0]LocalizationService: Localization service is disabled
[2021.03.22-14.22.15:615][  0]LogCook: Display: Max memory allowance for cook 16384mb min free memory 0mb
[2021.03.22-14.22.15:615][  0]LogCook: Display: Mobile HDR setting 1
[2021.03.22-14.22.15:817][  0]LogFileCache: Scanning file cache for directory 'E:/Github/GEP/GEPProject/Content/' took 0.01s
[2021.03.22-14.22.16:019][  0]SourceControl: Source control is disabled
[2021.03.22-14.22.16:019][  0]LogUnrealEdMisc: Loading editor; pre map load, took 8.871
[2021.03.22-14.22.16:019][  0]Cmd: MAP LOAD FILE="../../../../../Github/GEP/GEPProject/Content/GameLevel.umap" TEMPLATE=0 SHOWPROGRESS=1 FEATURELEVEL=3
[2021.03.22-14.22.16:020][  0]LightingResults: New page: Lighting Build
[2021.03.22-14.22.16:022][  0]LogWorld: UWorld::CleanupWorld for Untitled, bSessionEnded=true, bCleanupResources=true
[2021.03.22-14.22.16:022][  0]LogSlate: InvalidateAllWidgets triggered.  All widgets were invalidated
[2021.03.22-14.22.16:022][  0]MapCheck: New page: Map Check
[2021.03.22-14.22.16:022][  0]LightingResults: New page: Lighting Build
[2021.03.22-14.22.16:035][  0]LogAISub: UAISubsystem::~UAISubsystem EnvQueryManager (0000027879FA3C00), frame # 0
[2021.03.22-14.22.16:035][  0]LogAISub: UAISubsystem::~UAISubsystem AIPerceptionSystem (000002787A010CC0), frame # 0
[2021.03.22-14.22.16:036][  0]LogUObjectHash: Compacting FUObjectHashTables data took   0.97ms
[2021.03.22-14.22.16:212][  0]LogLinker: Error: HOTRELOADED_GEPProjectGameMode_1 has an inappropriate outermost, it was probably saved with a deprecated outer (file: ../../../../../Github/GEP/GEPProject/Content/UI/BP_MainUI.uasset)
[2021.03.22-14.22.16:212][  0]LogLinker: Error: HOTRELOADED_GEPProjectGameMode_1 has an inappropriate outermost, it was probably saved with a deprecated outer (file: ../../../../../Github/GEP/GEPProject/Content/UI/BP_MainUI.uasset)
[2021.03.22-14.22.16:212][  0]LogLinker: Error: HOTRELOADED_GEPProjectGameMode_1 has an inappropriate outermost, it was probably saved with a deprecated outer (file: ../../../../../Github/GEP/GEPProject/Content/UI/BP_MainUI.uasset)
[2021.03.22-14.22.16:333][  0]LogAIModule: Creating AISystem for world GameLevel
[2021.03.22-14.22.16:333][  0]LogAISub: UAISubsystem::UAISubsystem EnvQueryManager (0000027806F0FE00), frame # 0
[2021.03.22-14.22.16:333][  0]LogAISub: UAISubsystem::UAISubsystem AIPerceptionSystem (0000027806F3AC00), frame # 0
[2021.03.22-14.22.16:343][  0]LogEditorServer: Finished looking for orphan Actors (0.000 secs)
[2021.03.22-14.22.16:360][  0]LogUObjectHash: Compacting FUObjectHashTables data took   0.94ms
[2021.03.22-14.22.16:361][  0]Cmd: MAP CHECKDEP NOCLEARLOG
[2021.03.22-14.22.16:361][  0]MapCheck: Map check complete: 0 Error(s), 0 Warning(s), took 0.157ms to complete.
[2021.03.22-14.22.16:361][  0]LogFileHelpers: Loading map 'GameLevel' took 0.341
[2021.03.22-14.22.16:365][  0]LogUnrealEdMisc: Total Editor Startup Time, took 9.216
[2021.03.22-14.22.16:502][  0]LogSlate: Updating window title bar state: overlay mode, drag disabled, window buttons hidden, title bar hidden
[2021.03.22-14.22.16:509][  0]LogSlate: Updating window title bar state: overlay mode, drag disabled, window buttons hidden, title bar hidden
[2021.03.22-14.22.16:516][  0]LogSlate: Updating window title bar state: overlay mode, drag disabled, window buttons hidden, title bar hidden
[2021.03.22-14.22.16:523][  0]LogSlate: Updating window title bar state: overlay mode, drag disabled, window buttons hidden, title bar hidden
[2021.03.22-14.22.16:530][  0]LogCollectionManager: Loaded 0 collections in 0.000990 seconds
[2021.03.22-14.22.16:548][  0]LogFileCache: Scanning file cache for directory 'E:/Github/GEP/GEPProject/Saved/Collections/' took 0.00s
[2021.03.22-14.22.16:548][  0]LogFileCache: Scanning file cache for directory 'E:/Github/GEP/GEPProject/Content/Developers/cathan/Collections/' took 0.00s
[2021.03.22-14.22.16:548][  0]LogFileCache: Scanning file cache for directory 'E:/Github/GEP/GEPProject/Content/Collections/' took 0.00s
[2021.03.22-14.22.16:548][  0]LogContentBrowser: Native class hierarchy populated in 0.0109 seconds. Added 3465 classes and 834 folders.
[2021.03.22-14.22.16:553][  0]LogContentBrowser: Native class hierarchy updated for 'WidgetCarousel' in 0.0006 seconds. Added 0 classes and 0 folders.
[2021.03.22-14.22.16:695][  0]LogContentBrowser: Native class hierarchy updated for 'AddContentDialog' in 0.0005 seconds. Added 0 classes and 0 folders.
[2021.03.22-14.22.16:730][  0]LogSlate: Took 0.001118 seconds to synchronously load lazily loaded font '../../../Engine/Content/Slate/Fonts/Roboto-Regular.ttf' (155K)
[2021.03.22-14.22.16:735][  0]LogSlate: Took 0.000911 seconds to synchronously load lazily loaded font '../../../Engine/Content/Slate/Fonts/Roboto-Bold.ttf' (160K)
[2021.03.22-14.22.16:738][  0]LogSlate: Took 0.000941 seconds to synchronously load lazily loaded font '../../../Engine/Content/Editor/Slate/Fonts/FontAwesome.ttf' (139K)
[2021.03.22-14.22.16:815][  0]LogRenderer: Reallocating scene render targets to support 1208x572 Format 10 NumSamples 1 (Frame:1).
[2021.03.22-14.22.16:890][  0]LogSlate: Took 0.000871 seconds to synchronously load lazily loaded font '../../../Engine/Content/Slate/Fonts/Roboto-Light.ttf' (167K)
[2021.03.22-14.22.16:941][  0]LogContentBrowser: Native class hierarchy updated for 'HierarchicalLODOutliner' in 0.0006 seconds. Added 0 classes and 0 folders.
[2021.03.22-14.22.16:941][  0]LogLoad: (Engine Initialization) Total time: 9.79 seconds
[2021.03.22-14.22.16:941][  0]LogLoad: (Engine Initialization) Total Blueprint compile time: 0.00 seconds
[2021.03.22-14.22.17:037][  0]LogActor: Warning: BP_TestBlock_C /Engine/Transient.World_0:PersistentLevel.BP_TestBlock_C_0 has natively added scene component(s), but none of them were set as the actor's RootComponent - picking one arbitrarily
[2021.03.22-14.22.17:071][  0]LogAssetRegistry: Asset discovery search completed in 4.3243 seconds
[2021.03.22-14.22.17:075][  0]LogCollectionManager: Fixed up redirectors for 0 collections in 0.000002 seconds (updated 0 objects)
[2021.03.22-14.22.17:077][  0]LogContentStreaming: Texture pool size now 1000 MB
[2021.03.22-14.22.39:481][508]LogSlate: Took 0.000219 seconds to synchronously load lazily loaded font '../../../Engine/Content/Slate/Fonts/Roboto-Light.ttf' (167K)
[2021.03.22-14.22.39:498][508]LogAssetEditorSubsystem: Opening Asset editor for WidgetBlueprint /Game/UI/BP_MainUI.BP_MainUI
[2021.03.22-14.22.39:704][508]LogContentBrowser: Native class hierarchy updated for 'BlueprintGraph' in 0.0010 seconds. Added 125 classes and 0 folders.
[2021.03.22-14.22.41:006][508]LogSlate: Took 0.001183 seconds to synchronously load lazily loaded font '../../../Engine/Content/Slate/Fonts/Roboto-BoldCondensed.ttf' (158K)
[2021.03.22-14.22.43:518][752]LogSlate: Took 0.001618 seconds to synchronously load lazily loaded font '../../../Engine/Content/Slate/Fonts/DroidSansFallback.ttf' (3848K)
[2021.03.22-14.22.49:387][248]LogSlate: Window 'Color Picker' being destroyed
[2021.03.22-14.22.51:520][416]BlueprintLog: New page: Compile BP_MainUI
[2021.03.22-14.22.51:584][416]LogUObjectHash: Compacting FUObjectHashTables data took   4.23ms
[2021.03.22-14.22.51:687][416]LogSlate: Took 0.000276 seconds to synchronously load lazily loaded font '../../../Engine/Content/Slate/Fonts/DroidSansMono.ttf' (77K)
[2021.03.22-14.22.51:940][437]Cmd: OBJ SAVEPACKAGE PACKAGE="/Game/UI/BP_MainUI" FILE="../../../../../Github/GEP/GEPProject/Content/UI/BP_MainUI.uasset" SILENT=true
[2021.03.22-14.22.51:972][437]LogSavePackage: Moving '../../../../../Github/GEP/GEPProject/Saved/BP_MainUIB4F9724D4667D3658DB56E871D6EFDCC.tmp' to '../../../../../Github/GEP/GEPProject/Content/UI/BP_MainUI.uasset'
[2021.03.22-14.22.52:014][437]AssetCheck: New page: Asset Save: BP_MainUI
[2021.03.22-14.22.52:014][437]LogContentValidation: Display: Validating WidgetBlueprint /Game/UI/BP_MainUI.BP_MainUI
[2021.03.22-14.22.52:781][493]LogSlate: Took 0.001004 seconds to synchronously load lazily loaded font '../../../Engine/Content/Slate/Fonts/Roboto-Italic.ttf' (157K)
[2021.03.22-14.22.55:426][744]BlueprintLog: New page: Compile BP_MainUI
[2021.03.22-14.22.55:457][744]LogUObjectHash: Compacting FUObjectHashTables data took   3.77ms
[2021.03.22-14.24.12:952][228]Candidate modules for hot reload:
[2021.03.22-14.24.12:952][228]  GEPProject
[2021.03.22-14.24.12:952][228]Launching UnrealBuildTool... [E:/epk/UE_4.25/Engine/Binaries/DotNET/UnrealBuildTool.exe  -ModuleWithSuffix=GEPProject,8459 GEPProjectEditor Win64 Development -Project="E:/Github/GEP/GEPProject/GEPProject.uproject" "E:/Github/GEP/GEPProject/GEPProject.uproject"  -IgnoreJunk]
[2021.03.22-14.24.12:956][228]Warning: Starting HotReload took  0.0s.
[2021.03.22-14.24.28:141][382]CompilerResultsLog: New page: Compilation - 22 Mar 2021, 14:24:28
[2021.03.22-14.24.28:141][382]CompilerResultsLog: Using 'git status' to determine working set for adaptive non-unity build (E:\Github\GEP).
[2021.03.22-14.24.28:141][382]CompilerResultsLog: Parsing headers for GEPProjectEditor
[2021.03.22-14.24.28:141][382]CompilerResultsLog:   Running UnrealHeaderTool "E:\Github\GEP\GEPProject\GEPProject.uproject" "E:\Github\GEP\GEPProject\Intermediate\Build\Win64\GEPProjectEditor\Development\GEPProjectEditor.uhtmanifest" -LogCmds="loginit warning, logexit warning, logdatabase error" -Unattended -WarningsAsErrors -abslog="C:\Users\cathan\AppData\Local\UnrealBuildTool\Log_UHT.txt" -installed
[2021.03.22-14.24.28:141][382]CompilerResultsLog: Reflection code generated for GEPProjectEditor in 6.3767256 seconds
[2021.03.22-14.24.28:141][382]CompilerResultsLog: Building GEPProjectEditor...
[2021.03.22-14.24.28:141][382]CompilerResultsLog: Using Visual Studio 2019 14.24.28316 toolchain (C:\Program Files (x86)\Microsoft Visual Studio\2019\Community\VC\Tools\MSVC\14.24.28314) and Windows 10.0.18362.0 SDK (C:\Program Files (x86)\Windows Kits\10).
[2021.03.22-14.24.28:141][382]CompilerResultsLog: [Adaptive unity build] Excluded from GEPProject unity file: GEPProjectGameMode.cpp, UpgradeSystem.cpp
[2021.03.22-14.24.28:141][382]CompilerResultsLog: [Adaptive unity build] Excluded from GEPProject.gen unity file: EUpgradeTypes.gen.cpp, EventSystem.gen.cpp, GEPProject.init.gen.cpp, GEPProjectGameMode.gen.cpp, Upgrade.gen.cpp
[2021.03.22-14.24.28:141][382]CompilerResultsLog: Building 6 actions with 16 processes...
[2021.03.22-14.24.28:141][382]CompilerResultsLog:   [1/6] GEPProject.init.gen.cpp
[2021.03.22-14.24.28:141][382]CompilerResultsLog:   [2/6] GEPProjectGameMode.gen.cpp
[2021.03.22-14.24.28:141][382]CompilerResultsLog:   [3/6] GEPProjectGameMode.cpp
[2021.03.22-14.24.28:141][382]CompilerResultsLog:   [4/6] UE4Editor-GEPProject-8459.lib
[2021.03.22-14.24.28:141][382]CompilerResultsLog:      Creating library E:\Github\GEP\GEPProject\Intermediate\Build\Win64\UE4Editor\Development\GEPProject\UE4Editor-GEPProject-8459.lib and object E:\Github\GEP\GEPProject\Intermediate\Build\Win64\UE4Editor\Development\GEPProject\UE4Editor-GEPProject-8459.exp
[2021.03.22-14.24.28:141][382]CompilerResultsLog:   [5/6] UE4Editor-GEPProject-8459.dll
[2021.03.22-14.24.28:141][382]CompilerResultsLog:      Creating library E:\Github\GEP\GEPProject\Intermediate\Build\Win64\UE4Editor\Development\GEPProject\UE4Editor-GEPProject-8459.suppressed.lib and object E:\Github\GEP\GEPProject\Intermediate\Build\Win64\UE4Editor\Development\GEPProject\UE4Editor-GEPProject-8459.suppressed.exp
[2021.03.22-14.24.28:141][382]CompilerResultsLog:   [6/6] GEPProjectEditor.target
[2021.03.22-14.24.28:141][382]CompilerResultsLog: Total time in Parallel executor: 7.62 seconds
[2021.03.22-14.24.28:141][382]CompilerResultsLog: Total execution time: 14.82 seconds
[2021.03.22-14.24.28:141][382]LogMainFrame: MainFrame: Module compiling took 15.195 seconds
[2021.03.22-14.24.28:174][382]LogClass: Could not find existing class GEPProjectGameMode in package /Script/GEPProject for HotReload, assuming new class
[2021.03.22-14.24.28:174][382]LogClass: Function GetCurrency is new.
[2021.03.22-14.24.28:174][382]LogClass: Function GetEnergyPercent is new.
[2021.03.22-14.24.28:174][382]LogClass: Function GetGEPGamemode is new.
[2021.03.22-14.24.28:174][382]LogClass: Function GetHealthPercent is new.
[2021.03.22-14.24.28:174][382]LogClass: Function UpdateCurrency is new.
[2021.03.22-14.24.28:174][382]LogClass: Function UpdateEnergyPercent is new.
[2021.03.22-14.24.28:174][382]LogClass: Function UpdateHealthPercent is new.
[2021.03.22-14.24.28:238][382]LogClass: EUpgradeValueTypes HotReload.
[2021.03.22-14.24.28:238][382]LogClass: EUpgradeTypes HotReload.
[2021.03.22-14.24.28:238][382]LogClass: Upgrade HotReload.
[2021.03.22-14.24.28:246][382]LogHotReload: Re-instancing GEPProjectGameMode after hot-reload.
[2021.03.22-14.24.28:281][382]LogContentBrowser: Native class hierarchy updated for 'GEPProject' in 0.0007 seconds. Added 34 classes and 9 folders.
[2021.03.22-14.24.28:286][382]Display: HotReload successful (91 functions remapped  1 scriptstructs remapped)
[2021.03.22-14.24.28:366][382]LogContentBrowser: Native class hierarchy populated in 0.0123 seconds. Added 3465 classes and 834 folders.
[2021.03.22-14.24.28:366][382]Display: HotReload took 15.4s.
[2021.03.22-14.24.44:277][679]BlueprintLog: New page: Compile BP_MainUI
[2021.03.22-14.24.44:286][679]LogBlueprint: Error: [Compiler BP_MainUI] COMPILER ERROR: failed building connection with 'HOTRELOADED GEPProject Game Mode 0 Object Reference is not compatible with GEPProject Game Mode Object Reference.' at  Get GEPGamemode
[2021.03.22-14.24.44:286][679]LogBlueprint: Error: [Compiler BP_MainUI] COMPILER ERROR: failed building connection with 'HOTRELOADED GEPProject Game Mode 0 Object Reference is not compatible with GEPProject Game Mode Object Reference.' at  Get GEPGamemode
[2021.03.22-14.24.44:287][679]LogBlueprint: Error: [Compiler BP_MainUI] COMPILER ERROR: failed building connection with 'HOTRELOADED GEPProject Game Mode 0 Object Reference is not compatible with GEPProject Game Mode Object Reference.' at  Get GEPGamemode
[2021.03.22-14.24.44:287][679]LogBlueprint: Error: [Compiler BP_MainUI] This blueprint (self) is not a GEPProjectGameMode, therefore ' Target ' must have a connection.
[2021.03.22-14.24.44:287][679]LogBlueprint: Error: [Compiler BP_MainUI] This blueprint (self) is not a GEPProjectGameMode, therefore ' Target ' must have a connection.
[2021.03.22-14.24.44:287][679]LogBlueprint: Error: [Compiler BP_MainUI] This blueprint (self) is not a GEPProjectGameMode, therefore ' Target ' must have a connection.
[2021.03.22-14.24.44:363][679]LogUObjectHash: Compacting FUObjectHashTables data took   5.83ms
[2021.03.22-14.24.44:681][706]Cmd: OBJ SAVEPACKAGE PACKAGE="/Game/UI/BP_MainUI" FILE="../../../../../Github/GEP/GEPProject/Content/UI/BP_MainUI.uasset" SILENT=true
[2021.03.22-14.24.44:713][706]LogSavePackage: Moving '../../../../../Github/GEP/GEPProject/Saved/BP_MainUIA6858EF24932A28A61DEE2ABC6B72058.tmp' to '../../../../../Github/GEP/GEPProject/Content/UI/BP_MainUI.uasset'
[2021.03.22-14.24.44:745][706]AssetCheck: New page: Asset Save: BP_MainUI
[2021.03.22-14.24.44:745][706]LogContentValidation: Display: Validating WidgetBlueprint /Game/UI/BP_MainUI.BP_MainUI
