Log file open, 02/24/21 12:04:21
LogInit: Display: Running engine for game: GEPProject
LogPlatformFile: Not using cached read wrapper
LogTaskGraph: Started task graph with 5 named threads and 47 total threads with 3 sets of task threads.
LogStats: Stats thread started at 0.205320
LogD3D11RHI: Loaded GFSDK_Aftermath_Lib.x64.dll
LogICUInternationalization: ICU TimeZone Detection - Raw Offset: +0:00, Platform Override: ''
LogPluginManager: Mounting plugin Paper2D
LogPluginManager: Mounting plugin AISupport
LogPluginManager: Mounting plugin LightPropagationVolume
LogPluginManager: Mounting plugin CameraShakePreviewer
LogPluginManager: Mounting plugin ActorLayerUtilities
LogPluginManager: Mounting plugin AnimationSharing
LogPluginManager: Mounting plugin CLionSourceCodeAccess
LogPluginManager: Mounting plugin CodeLiteSourceCodeAccess
LogPluginManager: Mounting plugin GitSourceControl
LogPluginManager: Mounting plugin KDevelopSourceCodeAccess
LogPluginManager: Mounting plugin NullSourceCodeAccess
LogPluginManager: Mounting plugin PerforceSourceControl
LogPluginManager: Mounting plugin PlasticSourceControl
LogPluginManager: Mounting plugin RiderLink
LogPluginManager: Mounting plugin RiderSourceCodeAccess
LogPluginManager: Mounting plugin SubversionSourceControl
LogPluginManager: Mounting plugin UObjectPlugin
LogPluginManager: Mounting plugin VisualStudioCodeSourceCodeAccess
LogPluginManager: Mounting plugin VisualStudioSourceCodeAccess
LogPluginManager: Mounting plugin XCodeSourceCodeAccess
LogPluginManager: Mounting plugin AssetManagerEditor
LogPluginManager: Mounting plugin CryptoKeys
LogPluginManager: Mounting plugin CurveEditorTools
LogPluginManager: Mounting plugin DataValidation
LogPluginManager: Mounting plugin EditorScriptingUtilities
LogPluginManager: Mounting plugin FacialAnimation
LogPluginManager: Mounting plugin GameplayTagsEditor
LogPluginManager: Mounting plugin GeometryMode
LogPluginManager: Mounting plugin MacGraphicsSwitching
LogPluginManager: Mounting plugin MaterialAnalyzer
LogPluginManager: Mounting plugin MobileLauncherProfileWizard
LogPluginManager: Mounting plugin PluginBrowser
LogPluginManager: Mounting plugin SpeedTreeImporter
LogPluginManager: Mounting plugin DatasmithContent
LogPluginManager: Mounting plugin VariantManagerContent
LogPluginManager: Mounting plugin AlembicImporter
LogPluginManager: Mounting plugin AutomationUtils
LogPluginManager: Mounting plugin BackChannel
LogPluginManager: Mounting plugin ChaosCloth
LogPluginManager: Mounting plugin ChaosClothEditor
LogPluginManager: Mounting plugin ChaosEditor
LogPluginManager: Mounting plugin ChaosNiagara
LogPluginManager: Mounting plugin ChaosSolverPlugin
LogPluginManager: Mounting plugin CharacterAI
LogPluginManager: Mounting plugin GeometryCache
LogPluginManager: Mounting plugin GeometryCollectionPlugin
LogPluginManager: Mounting plugin GeometryProcessing
LogPluginManager: Mounting plugin PlanarCut
LogPluginManager: Mounting plugin PlatformCrypto
LogPluginManager: Mounting plugin ProxyLODPlugin
LogPluginManager: Mounting plugin SkeletalReduction
LogPluginManager: Mounting plugin Niagara
LogPluginManager: Mounting plugin MagicLeap
LogPluginManager: Mounting plugin MagicLeapLightEstimation
LogPluginManager: Mounting plugin MagicLeapMedia
LogPluginManager: Mounting plugin MagicLeapPassableWorld
LogPluginManager: Mounting plugin MLSDK
LogPluginManager: Mounting plugin AndroidMedia
LogPluginManager: Mounting plugin AvfMedia
LogPluginManager: Mounting plugin ImgMedia
LogPluginManager: Mounting plugin MediaCompositing
LogPluginManager: Mounting plugin MediaPlayerEditor
LogPluginManager: Mounting plugin WebMMedia
LogPluginManager: Mounting plugin WmfMedia
LogPluginManager: Mounting plugin MeshPainting
LogPluginManager: Mounting plugin TcpMessaging
LogPluginManager: Mounting plugin UdpMessaging
LogPluginManager: Mounting plugin ActorSequence
LogPluginManager: Mounting plugin LevelSequenceEditor
LogPluginManager: Mounting plugin MatineeToLevelSequence
LogPluginManager: Mounting plugin MovieRenderPipeline
LogPluginManager: Mounting plugin TemplateSequence
LogPluginManager: Mounting plugin NetcodeUnitTest
LogPluginManager: Mounting plugin NUTUnrealEngine4
LogPluginManager: Mounting plugin OnlineSubsystemGooglePlay
LogPluginManager: Mounting plugin OnlineSubsystemIOS
LogPluginManager: Mounting plugin OnlineSubsystem
LogPluginManager: Mounting plugin OnlineSubsystemNull
LogPluginManager: Mounting plugin OnlineSubsystemUtils
LogPluginManager: Mounting plugin LauncherChunkInstaller
LogPluginManager: Mounting plugin AndroidDeviceProfileSelector
LogPluginManager: Mounting plugin AndroidMoviePlayer
LogPluginManager: Mounting plugin AndroidPermission
LogPluginManager: Mounting plugin AppleImageUtils
LogPluginManager: Mounting plugin AppleMoviePlayer
LogPluginManager: Mounting plugin ArchVisCharacter
LogPluginManager: Mounting plugin AssetTags
LogPluginManager: Mounting plugin AudioCapture
LogPluginManager: Mounting plugin CableComponent
LogPluginManager: Mounting plugin CustomMeshComponent
LogPluginManager: Mounting plugin EditableMesh
LogPluginManager: Mounting plugin ExampleDeviceProfileSelector
LogPluginManager: Mounting plugin GoogleCloudMessaging
LogPluginManager: Mounting plugin GooglePAD
LogPluginManager: Mounting plugin IOSDeviceProfileSelector
LogPluginManager: Mounting plugin LinuxDeviceProfileSelector
LogPluginManager: Mounting plugin LocationServicesBPLibrary
LogPluginManager: Mounting plugin MobilePatchingUtils
LogPluginManager: Mounting plugin OculusVR
LogPluginManager: Mounting plugin PhysXVehicles
LogPluginManager: Mounting plugin PostSplashScreen
LogPluginManager: Mounting plugin ProceduralMeshComponent
LogPluginManager: Mounting plugin RuntimePhysXCooking
LogPluginManager: Mounting plugin SignificanceManager
LogPluginManager: Mounting plugin SoundFields
LogPluginManager: Mounting plugin SteamVR
LogPluginManager: Mounting plugin Synthesis
LogPluginManager: Mounting plugin WebMMoviePlayer
LogPluginManager: Mounting plugin WindowsMoviePlayer
LogPluginManager: Mounting plugin ScreenshotTools
LogInit: Using libcurl 7.55.1-DEV
LogInit:  - built for x86_64-pc-win32
LogInit:  - supports SSL with OpenSSL/1.1.1
LogInit:  - supports HTTP deflate (compression) using libz 1.2.8
LogInit:  - other features:
LogInit:      CURL_VERSION_SSL
LogInit:      CURL_VERSION_LIBZ
LogInit:      CURL_VERSION_IPV6
LogInit:      CURL_VERSION_ASYNCHDNS
LogInit:      CURL_VERSION_LARGEFILE
LogInit:      CURL_VERSION_IDN
LogInit:  CurlRequestOptions (configurable via config and command line):
LogInit:  - bVerifyPeer = true  - Libcurl will verify peer certificate
LogInit:  - bUseHttpProxy = false  - Libcurl will NOT use HTTP proxy
LogInit:  - bDontReuseConnections = false  - Libcurl will reuse connections
LogInit:  - MaxHostConnections = 16  - Libcurl will limit the number of connections to a host
LogInit:  - LocalHostAddr = Default
LogInit:  - BufferSize = 65536
LogOnline: OSS: Creating online subsystem instance for: NULL
LogInit: WinSock: version 1.1 (2.2), MaxSocks=32767, MaxUdp=65467
LogOnline: OSS: TryLoadSubsystemAndSetDefault: Loaded subsystem for module [NULL]
LogInit: Build: ++UE4+Release-4.25-CL-14469661
LogInit: Engine Version: 4.25.4-14469661+++UE4+Release-4.25
LogInit: Compatible Engine Version: 4.25.0-13144385+++UE4+Release-4.25
LogInit: Net CL: 13144385
LogInit: OS: Windows 10 (Release 2004) (), CPU: AMD Ryzen 7 2700X Eight-Core Processor         , GPU: NVIDIA GeForce RTX 2060
LogInit: Compiled (64-bit): Oct 11 2020 08:10:49
LogInit: Compiled with Visual C++: 19.24.28315.00
LogInit: Build Configuration: Development
LogInit: Branch Name: ++UE4+Release-4.25
LogInit: Command Line:  -skipcompile
LogInit: Base Directory: E:/epk/UE_4.25/Engine/Binaries/Win64/
LogInit: Allocator: TBB
LogInit: Installed Engine Build: 1
LogDevObjectVersion: Number of dev versions registered: 26
LogDevObjectVersion:   Dev-Blueprints (B0D832E4-1F89-4F0D-ACCF-7EB736FD4AA2): 10
LogDevObjectVersion:   Dev-Build (E1C64328-A22C-4D53-A36C-8E866417BD8C): 0
LogDevObjectVersion:   Dev-Core (375EC13C-06E4-48FB-B500-84F0262A717E): 4
LogDevObjectVersion:   Dev-Editor (E4B068ED-F494-42E9-A231-DA0B2E46BB41): 38
LogDevObjectVersion:   Dev-Framework (CFFC743F-43B0-4480-9391-14DF171D2073): 37
LogDevObjectVersion:   Dev-Mobile (B02B49B5-BB20-44E9-A304-32B752E40360): 2
LogDevObjectVersion:   Dev-Networking (A4E4105C-59A1-49B5-A7C5-40C4547EDFEE): 0
LogDevObjectVersion:   Dev-Online (39C831C9-5AE6-47DC-9A44-9C173E1C8E7C): 0
LogDevObjectVersion:   Dev-Physics (78F01B33-EBEA-4F98-B9B4-84EACCB95AA2): 4
LogDevObjectVersion:   Dev-Platform (6631380F-2D4D-43E0-8009-CF276956A95A): 0
LogDevObjectVersion:   Dev-Rendering (12F88B9F-8875-4AFC-A67C-D90C383ABD29): 43
LogDevObjectVersion:   Dev-Sequencer (7B5AE74C-D270-4C10-A958-57980B212A5A): 12
LogDevObjectVersion:   Dev-VR (D7296918-1DD6-4BDD-9DE2-64A83CC13884): 3
LogDevObjectVersion:   Dev-LoadTimes (C2A15278-BFE7-4AFE-6C17-90FF531DF755): 1
LogDevObjectVersion:   Private-Geometry (6EACA3D4-40EC-4CC1-B786-8BED09428FC5): 3
LogDevObjectVersion:   Dev-AnimPhys (29E575DD-E0A3-4627-9D10-D276232CDCEA): 17
LogDevObjectVersion:   Dev-Anim (AF43A65D-7FD3-4947-9873-3E8ED9C1BB05): 7
LogDevObjectVersion:   Dev-ReflectionCapture (6B266CEC-1EC7-4B8F-A30B-E4D90942FC07): 1
LogDevObjectVersion:   Dev-Automation (0DF73D61-A23F-47EA-B727-89E90C41499A): 1
LogDevObjectVersion:   FortniteMain (601D1886-AC64-4F84-AA16-D3DE0DEAC7D6): 31
LogDevObjectVersion:   Dev-Enterprise (9DFFBCD6-494F-0158-E221-12823C92A888): 10
LogDevObjectVersion:   Dev-Niagara (F2AED0AC-9AFE-416F-8664-AA7FFA26D6FC): 1
LogDevObjectVersion:   Dev-Destruction (174F1F0B-B4C6-45A5-B13F-2EE8D0FB917D): 10
LogDevObjectVersion:   Dev-Physics-Ext (35F94A83-E258-406C-A318-09F59610247C): 37
LogDevObjectVersion:   Dev-PhysicsMaterial-Chaos (B68FC16E-8B1B-42E2-B453-215C058844FE): 1
LogDevObjectVersion:   Dev-CineCamera (B2E18506-4273-CFC2-A54E-F4BB758BBA07): 1
LogInit: Presizing for max 25165824 objects, including 0 objects not considered by GC, pre-allocating 0 bytes for permanent pool.
LogConfig: Applying CVar settings from Section [/Script/Engine.StreamingSettings] File [E:/Github/GEP/GEPProject/Saved/Config/Windows/Engine.ini]
LogConfig: Setting CVar [[s.MinBulkDataSizeForAsyncLoading:131072]]
LogConfig: Setting CVar [[s.AsyncLoadingThreadEnabled:0]]
LogConfig: Setting CVar [[s.EventDrivenLoaderEnabled:1]]
LogConfig: Setting CVar [[s.WarnIfTimeLimitExceeded:0]]
LogConfig: Setting CVar [[s.TimeLimitExceededMultiplier:1.5]]
LogConfig: Setting CVar [[s.TimeLimitExceededMinTime:0.005]]
LogConfig: Setting CVar [[s.UseBackgroundLevelStreaming:1]]
LogConfig: Setting CVar [[s.PriorityAsyncLoadingExtraTime:15.0]]
LogConfig: Setting CVar [[s.LevelStreamingActorsUpdateTimeLimit:5.0]]
LogConfig: Setting CVar [[s.PriorityLevelStreamingActorsUpdateExtraTime:5.0]]
LogConfig: Setting CVar [[s.LevelStreamingComponentsRegistrationGranularity:10]]
LogConfig: Setting CVar [[s.UnregisterComponentsTimeLimit:1.0]]
LogConfig: Setting CVar [[s.LevelStreamingComponentsUnregistrationGranularity:5]]
LogConfig: Setting CVar [[s.FlushStreamingOnExit:1]]
LogInit: Object subsystem initialized
LogConfig: Setting CVar [[con.DebugEarlyDefault:1]]
LogConfig: Setting CVar [[r.setres:1280x720]]
[2021.02.24-12.04.27:593][  0]LogConfig: Setting CVar [[r.VSync:0]]
[2021.02.24-12.04.27:593][  0]LogConfig: Setting CVar [[r.RHICmdBypass:0]]
[2021.02.24-12.04.27:593][  0]LogConfig: Applying CVar settings from Section [/Script/Engine.RendererSettings] File [E:/Github/GEP/GEPProject/Saved/Config/Windows/Engine.ini]
[2021.02.24-12.04.27:593][  0]LogConfig: Setting CVar [[r.GPUCrashDebugging:0]]
[2021.02.24-12.04.27:593][  0]LogConfig: Applying CVar settings from Section [/Script/Engine.RendererOverrideSettings] File [E:/Github/GEP/GEPProject/Saved/Config/Windows/Engine.ini]
[2021.02.24-12.04.27:593][  0]LogConfig: Applying CVar settings from Section [/Script/Engine.StreamingSettings] File [E:/Github/GEP/GEPProject/Saved/Config/Windows/Engine.ini]
[2021.02.24-12.04.27:593][  0]LogConfig: Setting CVar [[s.MinBulkDataSizeForAsyncLoading:131072]]
[2021.02.24-12.04.27:593][  0]LogConfig: Setting CVar [[s.AsyncLoadingThreadEnabled:0]]
[2021.02.24-12.04.27:593][  0]LogConfig: Setting CVar [[s.EventDrivenLoaderEnabled:1]]
[2021.02.24-12.04.27:593][  0]LogConfig: Setting CVar [[s.WarnIfTimeLimitExceeded:0]]
[2021.02.24-12.04.27:593][  0]LogConfig: Setting CVar [[s.TimeLimitExceededMultiplier:1.5]]
[2021.02.24-12.04.27:593][  0]LogConfig: Setting CVar [[s.TimeLimitExceededMinTime:0.005]]
[2021.02.24-12.04.27:593][  0]LogConfig: Setting CVar [[s.UseBackgroundLevelStreaming:1]]
[2021.02.24-12.04.27:593][  0]LogConfig: Setting CVar [[s.PriorityAsyncLoadingExtraTime:15.0]]
[2021.02.24-12.04.27:593][  0]LogConfig: Setting CVar [[s.LevelStreamingActorsUpdateTimeLimit:5.0]]
[2021.02.24-12.04.27:593][  0]LogConfig: Setting CVar [[s.PriorityLevelStreamingActorsUpdateExtraTime:5.0]]
[2021.02.24-12.04.27:593][  0]LogConfig: Setting CVar [[s.LevelStreamingComponentsRegistrationGranularity:10]]
[2021.02.24-12.04.27:593][  0]LogConfig: Setting CVar [[s.UnregisterComponentsTimeLimit:1.0]]
[2021.02.24-12.04.27:593][  0]LogConfig: Setting CVar [[s.LevelStreamingComponentsUnregistrationGranularity:5]]
[2021.02.24-12.04.27:593][  0]LogConfig: Setting CVar [[s.FlushStreamingOnExit:1]]
[2021.02.24-12.04.27:593][  0]LogConfig: Applying CVar settings from Section [/Script/Engine.GarbageCollectionSettings] File [E:/Github/GEP/GEPProject/Saved/Config/Windows/Engine.ini]
[2021.02.24-12.04.27:594][  0]LogConfig: Setting CVar [[gc.MaxObjectsNotConsideredByGC:1]]
[2021.02.24-12.04.27:594][  0]LogConfig: Setting CVar [[gc.SizeOfPermanentObjectPool:0]]
[2021.02.24-12.04.27:594][  0]LogConfig: Setting CVar [[gc.FlushStreamingOnGC:0]]
[2021.02.24-12.04.27:594][  0]LogConfig: Setting CVar [[gc.NumRetriesBeforeForcingGC:10]]
[2021.02.24-12.04.27:594][  0]LogConfig: Setting CVar [[gc.AllowParallelGC:1]]
[2021.02.24-12.04.27:594][  0]LogConfig: Setting CVar [[gc.TimeBetweenPurgingPendingKillObjects:61.1]]
[2021.02.24-12.04.27:594][  0]LogConfig: Setting CVar [[gc.MaxObjectsInEditor:25165824]]
[2021.02.24-12.04.27:594][  0]LogConfig: Setting CVar [[gc.IncrementalBeginDestroyEnabled:1]]
[2021.02.24-12.04.27:594][  0]LogConfig: Setting CVar [[gc.CreateGCClusters:1]]
[2021.02.24-12.04.27:594][  0]LogConfig: Setting CVar [[gc.MinGCClusterSize:5]]
[2021.02.24-12.04.27:594][  0]LogConfig: Setting CVar [[gc.ActorClusteringEnabled:0]]
[2021.02.24-12.04.27:594][  0]LogConfig: Setting CVar [[gc.BlueprintClusteringEnabled:0]]
[2021.02.24-12.04.27:594][  0]LogConfig: Setting CVar [[gc.UseDisregardForGCOnDedicatedServers:0]]
[2021.02.24-12.04.27:594][  0]LogConfig: Applying CVar settings from Section [/Script/Engine.NetworkSettings] File [E:/Github/GEP/GEPProject/Saved/Config/Windows/Engine.ini]
[2021.02.24-12.04.27:594][  0]LogConfig: Applying CVar settings from Section [/Script/UnrealEd.CookerSettings] File [E:/Github/GEP/GEPProject/Saved/Config/Windows/Engine.ini]
[2021.02.24-12.04.27:599][  0]LogConfig: Applying CVar settings from Section [ViewDistanceQuality@3] File [E:/Github/GEP/GEPProject/Saved/Config/Windows/Scalability.ini]
[2021.02.24-12.04.27:599][  0]LogConfig: Setting CVar [[r.SkeletalMeshLODBias:0]]
[2021.02.24-12.04.27:599][  0]LogConfig: Setting CVar [[r.ViewDistanceScale:1.0]]
[2021.02.24-12.04.27:599][  0]LogConfig: Applying CVar settings from Section [AntiAliasingQuality@3] File [E:/Github/GEP/GEPProject/Saved/Config/Windows/Scalability.ini]
[2021.02.24-12.04.27:599][  0]LogConfig: Setting CVar [[r.PostProcessAAQuality:4]]
[2021.02.24-12.04.27:599][  0]LogConfig: Applying CVar settings from Section [ShadowQuality@3] File [E:/Github/GEP/GEPProject/Saved/Config/Windows/Scalability.ini]
[2021.02.24-12.04.27:599][  0]LogConfig: Setting CVar [[r.LightFunctionQuality:1]]
[2021.02.24-12.04.27:599][  0]LogConfig: Setting CVar [[r.ShadowQuality:5]]
[2021.02.24-12.04.27:599][  0]LogConfig: Setting CVar [[r.Shadow.CSM.MaxCascades:10]]
[2021.02.24-12.04.27:599][  0]LogConfig: Setting CVar [[r.Shadow.MaxResolution:2048]]
[2021.02.24-12.04.27:599][  0]LogConfig: Setting CVar [[r.Shadow.MaxCSMResolution:2048]]
[2021.02.24-12.04.27:599][  0]LogConfig: Setting CVar [[r.Shadow.RadiusThreshold:0.01]]
[2021.02.24-12.04.27:599][  0]LogConfig: Setting CVar [[r.Shadow.DistanceScale:1.0]]
[2021.02.24-12.04.27:599][  0]LogConfig: Setting CVar [[r.Shadow.CSM.TransitionScale:1.0]]
[2021.02.24-12.04.27:599][  0]LogConfig: Setting CVar [[r.Shadow.PreShadowResolutionFactor:1.0]]
[2021.02.24-12.04.27:599][  0]LogConfig: Setting CVar [[r.DistanceFieldShadowing:1]]
[2021.02.24-12.04.27:599][  0]LogConfig: Setting CVar [[r.DistanceFieldAO:1]]
[2021.02.24-12.04.27:599][  0]LogConfig: Setting CVar [[r.AOQuality:2]]
[2021.02.24-12.04.27:599][  0]LogConfig: Setting CVar [[r.VolumetricFog:1]]
[2021.02.24-12.04.27:599][  0]LogConfig: Setting CVar [[r.VolumetricFog.GridPixelSize:8]]
[2021.02.24-12.04.27:599][  0]LogConfig: Setting CVar [[r.VolumetricFog.GridSizeZ:128]]
[2021.02.24-12.04.27:599][  0]LogConfig: Setting CVar [[r.VolumetricFog.HistoryMissSupersampleCount:4]]
[2021.02.24-12.04.27:599][  0]LogConfig: Setting CVar [[r.LightMaxDrawDistanceScale:1]]
[2021.02.24-12.04.27:599][  0]LogConfig: Setting CVar [[r.CapsuleShadows:1]]
[2021.02.24-12.04.27:599][  0]LogConfig: Applying CVar settings from Section [PostProcessQuality@3] File [E:/Github/GEP/GEPProject/Saved/Config/Windows/Scalability.ini]
[2021.02.24-12.04.27:599][  0]LogConfig: Setting CVar [[r.MotionBlurQuality:4]]
[2021.02.24-12.04.27:599][  0]LogConfig: Setting CVar [[r.AmbientOcclusionMipLevelFactor:0.4]]
[2021.02.24-12.04.27:599][  0]LogConfig: Setting CVar [[r.AmbientOcclusionMaxQuality:100]]
[2021.02.24-12.04.27:599][  0]LogConfig: Setting CVar [[r.AmbientOcclusionLevels:-1]]
[2021.02.24-12.04.27:599][  0]LogConfig: Setting CVar [[r.AmbientOcclusionRadiusScale:1.0]]
[2021.02.24-12.04.27:599][  0]LogConfig: Setting CVar [[r.DepthOfFieldQuality:2]]
[2021.02.24-12.04.27:599][  0]LogConfig: Setting CVar [[r.RenderTargetPoolMin:400]]
[2021.02.24-12.04.27:599][  0]LogConfig: Setting CVar [[r.LensFlareQuality:2]]
[2021.02.24-12.04.27:599][  0]LogConfig: Setting CVar [[r.SceneColorFringeQuality:1]]
[2021.02.24-12.04.27:599][  0]LogConfig: Setting CVar [[r.EyeAdaptationQuality:2]]
[2021.02.24-12.04.27:600][  0]LogConfig: Setting CVar [[r.BloomQuality:5]]
[2021.02.24-12.04.27:600][  0]LogConfig: Setting CVar [[r.FastBlurThreshold:100]]
[2021.02.24-12.04.27:600][  0]LogConfig: Setting CVar [[r.Upscale.Quality:3]]
[2021.02.24-12.04.27:600][  0]LogConfig: Setting CVar [[r.Tonemapper.GrainQuantization:1]]
[2021.02.24-12.04.27:600][  0]LogConfig: Setting CVar [[r.LightShaftQuality:1]]
[2021.02.24-12.04.27:600][  0]LogConfig: Setting CVar [[r.Filter.SizeScale:1]]
[2021.02.24-12.04.27:600][  0]LogConfig: Setting CVar [[r.Tonemapper.Quality:5]]
[2021.02.24-12.04.27:600][  0]LogConfig: Setting CVar [[r.DOF.Gather.AccumulatorQuality:1        ; higher gathering accumulator quality]]
[2021.02.24-12.04.27:600][  0]LogConfig: Setting CVar [[r.DOF.Gather.PostfilterMethod:1          ; Median3x3 postfilering method]]
[2021.02.24-12.04.27:600][  0]LogConfig: Setting CVar [[r.DOF.Gather.EnableBokehSettings:0       ; no bokeh simulation when gathering]]
[2021.02.24-12.04.27:600][  0]LogConfig: Setting CVar [[r.DOF.Gather.RingCount:4                 ; medium number of samples when gathering]]
[2021.02.24-12.04.27:600][  0]LogConfig: Setting CVar [[r.DOF.Scatter.ForegroundCompositing:1    ; additive foreground scattering]]
[2021.02.24-12.04.27:600][  0]LogConfig: Setting CVar [[r.DOF.Scatter.BackgroundCompositing:2    ; additive background scattering]]
[2021.02.24-12.04.27:600][  0]LogConfig: Setting CVar [[r.DOF.Scatter.EnableBokehSettings:1      ; bokeh simulation when scattering]]
[2021.02.24-12.04.27:600][  0]LogConfig: Setting CVar [[r.DOF.Scatter.MaxSpriteRatio:0.1         ; only a maximum of 10% of scattered bokeh]]
[2021.02.24-12.04.27:600][  0]LogConfig: Setting CVar [[r.DOF.Recombine.Quality:1                ; cheap slight out of focus]]
[2021.02.24-12.04.27:600][  0]LogConfig: Setting CVar [[r.DOF.Recombine.EnableBokehSettings:0    ; no bokeh simulation on slight out of focus]]
[2021.02.24-12.04.27:600][  0]LogConfig: Setting CVar [[r.DOF.TemporalAAQuality:1                ; more stable temporal accumulation]]
[2021.02.24-12.04.27:600][  0]LogConfig: Setting CVar [[r.DOF.Kernel.MaxForegroundRadius:0.025]]
[2021.02.24-12.04.27:600][  0]LogConfig: Setting CVar [[r.DOF.Kernel.MaxBackgroundRadius:0.025]]
[2021.02.24-12.04.27:600][  0]LogConfig: Applying CVar settings from Section [TextureQuality@3] File [E:/Github/GEP/GEPProject/Saved/Config/Windows/Scalability.ini]
[2021.02.24-12.04.27:600][  0]LogConfig: Setting CVar [[r.Streaming.MipBias:0]]
[2021.02.24-12.04.27:600][  0]LogConfig: Setting CVar [[r.Streaming.AmortizeCPUToGPUCopy:0]]
[2021.02.24-12.04.27:600][  0]LogConfig: Setting CVar [[r.Streaming.MaxNumTexturesToStreamPerFrame:0]]
[2021.02.24-12.04.27:600][  0]LogConfig: Setting CVar [[r.Streaming.Boost:1]]
[2021.02.24-12.04.27:600][  0]LogConfig: Setting CVar [[r.MaxAnisotropy:8]]
[2021.02.24-12.04.27:600][  0]LogConfig: Setting CVar [[r.VT.MaxAnisotropy:8]]
[2021.02.24-12.04.27:600][  0]LogConfig: Setting CVar [[r.Streaming.LimitPoolSizeToVRAM:0]]
[2021.02.24-12.04.27:600][  0]LogConfig: Setting CVar [[r.Streaming.PoolSize:1000]]
[2021.02.24-12.04.27:600][  0]LogConfig: Setting CVar [[r.Streaming.MaxEffectiveScreenSize:0]]
[2021.02.24-12.04.27:600][  0]LogConfig: Applying CVar settings from Section [EffectsQuality@3] File [E:/Github/GEP/GEPProject/Saved/Config/Windows/Scalability.ini]
[2021.02.24-12.04.27:600][  0]LogConfig: Setting CVar [[r.TranslucencyLightingVolumeDim:64]]
[2021.02.24-12.04.27:600][  0]LogConfig: Setting CVar [[r.RefractionQuality:2]]
[2021.02.24-12.04.27:600][  0]LogConfig: Setting CVar [[r.SSR.Quality:3]]
[2021.02.24-12.04.27:600][  0]LogConfig: Setting CVar [[r.SSR.HalfResSceneColor:0]]
[2021.02.24-12.04.27:600][  0]LogConfig: Setting CVar [[r.SceneColorFormat:4]]
[2021.02.24-12.04.27:600][  0]LogConfig: Setting CVar [[r.DetailMode:2]]
[2021.02.24-12.04.27:600][  0]LogConfig: Setting CVar [[r.TranslucencyVolumeBlur:1]]
[2021.02.24-12.04.27:600][  0]LogConfig: Setting CVar [[r.MaterialQualityLevel:1 ; High quality]]
[2021.02.24-12.04.27:600][  0]LogConfig: Setting CVar [[r.SSS.Scale:1]]
[2021.02.24-12.04.27:600][  0]LogConfig: Setting CVar [[r.SSS.SampleSet:2]]
[2021.02.24-12.04.27:600][  0]LogConfig: Setting CVar [[r.SSS.Quality:1]]
[2021.02.24-12.04.27:600][  0]LogConfig: Setting CVar [[r.SSS.HalfRes:0]]
[2021.02.24-12.04.27:600][  0]LogConfig: Setting CVar [[r.SSGI.Quality:3]]
[2021.02.24-12.04.27:600][  0]LogConfig: Setting CVar [[r.EmitterSpawnRateScale:1.0]]
[2021.02.24-12.04.27:600][  0]LogConfig: Setting CVar [[r.ParticleLightQuality:2]]
[2021.02.24-12.04.27:600][  0]LogConfig: Setting CVar [[r.SkyAtmosphere.AerialPerspectiveLUT.FastApplyOnOpaque:1 ; Always have FastSkyLUT 1 in this case to avoid wrong sky]]
[2021.02.24-12.04.27:600][  0]LogConfig: Setting CVar [[r.SkyAtmosphere.AerialPerspectiveLUT.SampleCountPerSlice:1]]
[2021.02.24-12.04.27:600][  0]LogConfig: Setting CVar [[r.SkyAtmosphere.AerialPerspectiveLUT.DepthResolution:16.0]]
[2021.02.24-12.04.27:600][  0]LogConfig: Setting CVar [[r.SkyAtmosphere.FastSkyLUT:1]]
[2021.02.24-12.04.27:600][  0]LogConfig: Setting CVar [[r.SkyAtmosphere.FastSkyLUT.SampleCountMin:4.0]]
[2021.02.24-12.04.27:600][  0]LogConfig: Setting CVar [[r.SkyAtmosphere.FastSkyLUT.SampleCountMax:32.0]]
[2021.02.24-12.04.27:600][  0]LogConfig: Setting CVar [[r.SkyAtmosphere.SampleCountMin:4.0]]
[2021.02.24-12.04.27:600][  0]LogConfig: Setting CVar [[r.SkyAtmosphere.SampleCountMax:32.0]]
[2021.02.24-12.04.27:600][  0]LogConfig: Setting CVar [[r.SkyAtmosphere.TransmittanceLUT.UseSmallFormat:0]]
[2021.02.24-12.04.27:600][  0]LogConfig: Setting CVar [[r.SkyAtmosphere.TransmittanceLUT.SampleCount:10.0]]
[2021.02.24-12.04.27:600][  0]LogConfig: Setting CVar [[r.SkyAtmosphere.MultiScatteringLUT.SampleCount:15.0]]
[2021.02.24-12.04.27:600][  0]LogConfig: Applying CVar settings from Section [FoliageQuality@3] File [E:/Github/GEP/GEPProject/Saved/Config/Windows/Scalability.ini]
[2021.02.24-12.04.27:600][  0]LogConfig: Setting CVar [[foliage.DensityScale:1.0]]
[2021.02.24-12.04.27:600][  0]LogConfig: Setting CVar [[grass.DensityScale:1.0]]
[2021.02.24-12.04.27:600][  0]LogConfig: Applying CVar settings from Section [ShadingQuality@3] File [E:/Github/GEP/GEPProject/Saved/Config/Windows/Scalability.ini]
[2021.02.24-12.04.27:600][  0]LogConfig: Setting CVar [[r.HairStrands.SkyLighting.SampleCount:16]]
[2021.02.24-12.04.27:600][  0]LogConfig: Setting CVar [[r.HairStrands.SkyLighting.JitterIntegration:0]]
[2021.02.24-12.04.27:600][  0]LogConfig: Setting CVar [[r.HairStrands.SkyAO.SampleCount:16]]
[2021.02.24-12.04.27:600][  0]LogConfig: Setting CVar [[r.HairStrands.DeepShadow.SuperSampling:0]]
[2021.02.24-12.04.27:600][  0]LogConfig: Setting CVar [[r.HairStrands.VisibilityPPLL:0]]
[2021.02.24-12.04.27:600][  0]LogConfig: Setting CVar [[r.HairStrands.RasterizationScale:0.5]]
[2021.02.24-12.04.27:600][  0]LogConfig: Setting CVar [[r.HairStrands.VelocityRasterizationScale:1]]
[2021.02.24-12.04.27:601][  0]LogInit: Selected Device Profile: [Windows]
[2021.02.24-12.04.27:601][  0]LogInit: Applying CVar settings loaded from the selected device profile: [Windows]
[2021.02.24-12.04.27:602][  0]LogHAL: Display: Platform has ~ 16 GB [17123741696 / 17179869184 / 16], which maps to Larger [LargestMinGB=32, LargerMinGB=12, DefaultMinGB=8, SmallerMinGB=6, SmallestMinGB=0)
[2021.02.24-12.04.27:602][  0]LogInit: Going up to parent DeviceProfile []
[2021.02.24-12.04.27:602][  0]LogConfig: Applying CVar settings from Section [ViewDistanceQuality@3] File [E:/Github/GEP/GEPProject/Saved/Config/Windows/Scalability.ini]
[2021.02.24-12.04.27:602][  0]LogConfig: Setting CVar [[r.SkeletalMeshLODBias:0]]
[2021.02.24-12.04.27:602][  0]LogConfig: Setting CVar [[r.ViewDistanceScale:1.0]]
[2021.02.24-12.04.27:602][  0]LogConfig: Applying CVar settings from Section [AntiAliasingQuality@3] File [E:/Github/GEP/GEPProject/Saved/Config/Windows/Scalability.ini]
[2021.02.24-12.04.27:602][  0]LogConfig: Setting CVar [[r.PostProcessAAQuality:4]]
[2021.02.24-12.04.27:602][  0]LogConfig: Applying CVar settings from Section [ShadowQuality@3] File [E:/Github/GEP/GEPProject/Saved/Config/Windows/Scalability.ini]
[2021.02.24-12.04.27:602][  0]LogConfig: Setting CVar [[r.LightFunctionQuality:1]]
[2021.02.24-12.04.27:602][  0]LogConfig: Setting CVar [[r.ShadowQuality:5]]
[2021.02.24-12.04.27:602][  0]LogConfig: Setting CVar [[r.Shadow.CSM.MaxCascades:10]]
[2021.02.24-12.04.27:602][  0]LogConfig: Setting CVar [[r.Shadow.MaxResolution:2048]]
[2021.02.24-12.04.27:602][  0]LogConfig: Setting CVar [[r.Shadow.MaxCSMResolution:2048]]
[2021.02.24-12.04.27:602][  0]LogConfig: Setting CVar [[r.Shadow.RadiusThreshold:0.01]]
[2021.02.24-12.04.27:602][  0]LogConfig: Setting CVar [[r.Shadow.DistanceScale:1.0]]
[2021.02.24-12.04.27:602][  0]LogConfig: Setting CVar [[r.Shadow.CSM.TransitionScale:1.0]]
[2021.02.24-12.04.27:602][  0]LogConfig: Setting CVar [[r.Shadow.PreShadowResolutionFactor:1.0]]
[2021.02.24-12.04.27:602][  0]LogConfig: Setting CVar [[r.DistanceFieldShadowing:1]]
[2021.02.24-12.04.27:602][  0]LogConfig: Setting CVar [[r.DistanceFieldAO:1]]
[2021.02.24-12.04.27:602][  0]LogConfig: Setting CVar [[r.AOQuality:2]]
[2021.02.24-12.04.27:602][  0]LogConfig: Setting CVar [[r.VolumetricFog:1]]
[2021.02.24-12.04.27:602][  0]LogConfig: Setting CVar [[r.VolumetricFog.GridPixelSize:8]]
[2021.02.24-12.04.27:602][  0]LogConfig: Setting CVar [[r.VolumetricFog.GridSizeZ:128]]
[2021.02.24-12.04.27:602][  0]LogConfig: Setting CVar [[r.VolumetricFog.HistoryMissSupersampleCount:4]]
[2021.02.24-12.04.27:602][  0]LogConfig: Setting CVar [[r.LightMaxDrawDistanceScale:1]]
[2021.02.24-12.04.27:602][  0]LogConfig: Setting CVar [[r.CapsuleShadows:1]]
[2021.02.24-12.04.27:602][  0]LogConfig: Applying CVar settings from Section [PostProcessQuality@3] File [E:/Github/GEP/GEPProject/Saved/Config/Windows/Scalability.ini]
[2021.02.24-12.04.27:602][  0]LogConfig: Setting CVar [[r.MotionBlurQuality:4]]
[2021.02.24-12.04.27:602][  0]LogConfig: Setting CVar [[r.AmbientOcclusionMipLevelFactor:0.4]]
[2021.02.24-12.04.27:602][  0]LogConfig: Setting CVar [[r.AmbientOcclusionMaxQuality:100]]
[2021.02.24-12.04.27:602][  0]LogConfig: Setting CVar [[r.AmbientOcclusionLevels:-1]]
[2021.02.24-12.04.27:602][  0]LogConfig: Setting CVar [[r.AmbientOcclusionRadiusScale:1.0]]
[2021.02.24-12.04.27:602][  0]LogConfig: Setting CVar [[r.DepthOfFieldQuality:2]]
[2021.02.24-12.04.27:602][  0]LogConfig: Setting CVar [[r.RenderTargetPoolMin:400]]
[2021.02.24-12.04.27:602][  0]LogConfig: Setting CVar [[r.LensFlareQuality:2]]
[2021.02.24-12.04.27:602][  0]LogConfig: Setting CVar [[r.SceneColorFringeQuality:1]]
[2021.02.24-12.04.27:602][  0]LogConfig: Setting CVar [[r.EyeAdaptationQuality:2]]
[2021.02.24-12.04.27:602][  0]LogConfig: Setting CVar [[r.BloomQuality:5]]
[2021.02.24-12.04.27:602][  0]LogConfig: Setting CVar [[r.FastBlurThreshold:100]]
[2021.02.24-12.04.27:602][  0]LogConfig: Setting CVar [[r.Upscale.Quality:3]]
[2021.02.24-12.04.27:602][  0]LogConfig: Setting CVar [[r.Tonemapper.GrainQuantization:1]]
[2021.02.24-12.04.27:602][  0]LogConfig: Setting CVar [[r.LightShaftQuality:1]]
[2021.02.24-12.04.27:602][  0]LogConfig: Setting CVar [[r.Filter.SizeScale:1]]
[2021.02.24-12.04.27:602][  0]LogConfig: Setting CVar [[r.Tonemapper.Quality:5]]
[2021.02.24-12.04.27:602][  0]LogConfig: Setting CVar [[r.DOF.Gather.AccumulatorQuality:1        ; higher gathering accumulator quality]]
[2021.02.24-12.04.27:602][  0]LogConfig: Setting CVar [[r.DOF.Gather.PostfilterMethod:1          ; Median3x3 postfilering method]]
[2021.02.24-12.04.27:602][  0]LogConfig: Setting CVar [[r.DOF.Gather.EnableBokehSettings:0       ; no bokeh simulation when gathering]]
[2021.02.24-12.04.27:602][  0]LogConfig: Setting CVar [[r.DOF.Gather.RingCount:4                 ; medium number of samples when gathering]]
[2021.02.24-12.04.27:602][  0]LogConfig: Setting CVar [[r.DOF.Scatter.ForegroundCompositing:1    ; additive foreground scattering]]
[2021.02.24-12.04.27:602][  0]LogConfig: Setting CVar [[r.DOF.Scatter.BackgroundCompositing:2    ; additive background scattering]]
[2021.02.24-12.04.27:602][  0]LogConfig: Setting CVar [[r.DOF.Scatter.EnableBokehSettings:1      ; bokeh simulation when scattering]]
[2021.02.24-12.04.27:602][  0]LogConfig: Setting CVar [[r.DOF.Scatter.MaxSpriteRatio:0.1         ; only a maximum of 10% of scattered bokeh]]
[2021.02.24-12.04.27:602][  0]LogConfig: Setting CVar [[r.DOF.Recombine.Quality:1                ; cheap slight out of focus]]
[2021.02.24-12.04.27:602][  0]LogConfig: Setting CVar [[r.DOF.Recombine.EnableBokehSettings:0    ; no bokeh simulation on slight out of focus]]
[2021.02.24-12.04.27:602][  0]LogConfig: Setting CVar [[r.DOF.TemporalAAQuality:1                ; more stable temporal accumulation]]
[2021.02.24-12.04.27:602][  0]LogConfig: Setting CVar [[r.DOF.Kernel.MaxForegroundRadius:0.025]]
[2021.02.24-12.04.27:602][  0]LogConfig: Setting CVar [[r.DOF.Kernel.MaxBackgroundRadius:0.025]]
[2021.02.24-12.04.27:602][  0]LogConfig: Applying CVar settings from Section [TextureQuality@3] File [E:/Github/GEP/GEPProject/Saved/Config/Windows/Scalability.ini]
[2021.02.24-12.04.27:602][  0]LogConfig: Setting CVar [[r.Streaming.MipBias:0]]
[2021.02.24-12.04.27:602][  0]LogConfig: Setting CVar [[r.Streaming.AmortizeCPUToGPUCopy:0]]
[2021.02.24-12.04.27:602][  0]LogConfig: Setting CVar [[r.Streaming.MaxNumTexturesToStreamPerFrame:0]]
[2021.02.24-12.04.27:602][  0]LogConfig: Setting CVar [[r.Streaming.Boost:1]]
[2021.02.24-12.04.27:602][  0]LogConfig: Setting CVar [[r.MaxAnisotropy:8]]
[2021.02.24-12.04.27:602][  0]LogConfig: Setting CVar [[r.VT.MaxAnisotropy:8]]
[2021.02.24-12.04.27:602][  0]LogConfig: Setting CVar [[r.Streaming.LimitPoolSizeToVRAM:0]]
[2021.02.24-12.04.27:602][  0]LogConfig: Setting CVar [[r.Streaming.PoolSize:1000]]
[2021.02.24-12.04.27:602][  0]LogConfig: Setting CVar [[r.Streaming.MaxEffectiveScreenSize:0]]
[2021.02.24-12.04.27:602][  0]LogConfig: Applying CVar settings from Section [EffectsQuality@3] File [E:/Github/GEP/GEPProject/Saved/Config/Windows/Scalability.ini]
[2021.02.24-12.04.27:602][  0]LogConfig: Setting CVar [[r.TranslucencyLightingVolumeDim:64]]
[2021.02.24-12.04.27:602][  0]LogConfig: Setting CVar [[r.RefractionQuality:2]]
[2021.02.24-12.04.27:602][  0]LogConfig: Setting CVar [[r.SSR.Quality:3]]
[2021.02.24-12.04.27:602][  0]LogConfig: Setting CVar [[r.SSR.HalfResSceneColor:0]]
[2021.02.24-12.04.27:602][  0]LogConfig: Setting CVar [[r.SceneColorFormat:4]]
[2021.02.24-12.04.27:602][  0]LogConfig: Setting CVar [[r.DetailMode:2]]
[2021.02.24-12.04.27:602][  0]LogConfig: Setting CVar [[r.TranslucencyVolumeBlur:1]]
[2021.02.24-12.04.27:603][  0]LogConfig: Setting CVar [[r.MaterialQualityLevel:1 ; High quality]]
[2021.02.24-12.04.27:603][  0]LogConfig: Setting CVar [[r.SSS.Scale:1]]
[2021.02.24-12.04.27:603][  0]LogConfig: Setting CVar [[r.SSS.SampleSet:2]]
[2021.02.24-12.04.27:603][  0]LogConfig: Setting CVar [[r.SSS.Quality:1]]
[2021.02.24-12.04.27:603][  0]LogConfig: Setting CVar [[r.SSS.HalfRes:0]]
[2021.02.24-12.04.27:603][  0]LogConfig: Setting CVar [[r.SSGI.Quality:3]]
[2021.02.24-12.04.27:603][  0]LogConfig: Setting CVar [[r.EmitterSpawnRateScale:1.0]]
[2021.02.24-12.04.27:603][  0]LogConfig: Setting CVar [[r.ParticleLightQuality:2]]
[2021.02.24-12.04.27:603][  0]LogConfig: Setting CVar [[r.SkyAtmosphere.AerialPerspectiveLUT.FastApplyOnOpaque:1 ; Always have FastSkyLUT 1 in this case to avoid wrong sky]]
[2021.02.24-12.04.27:603][  0]LogConfig: Setting CVar [[r.SkyAtmosphere.AerialPerspectiveLUT.SampleCountPerSlice:1]]
[2021.02.24-12.04.27:603][  0]LogConfig: Setting CVar [[r.SkyAtmosphere.AerialPerspectiveLUT.DepthResolution:16.0]]
[2021.02.24-12.04.27:603][  0]LogConfig: Setting CVar [[r.SkyAtmosphere.FastSkyLUT:1]]
[2021.02.24-12.04.27:603][  0]LogConfig: Setting CVar [[r.SkyAtmosphere.FastSkyLUT.SampleCountMin:4.0]]
[2021.02.24-12.04.27:603][  0]LogConfig: Setting CVar [[r.SkyAtmosphere.FastSkyLUT.SampleCountMax:32.0]]
[2021.02.24-12.04.27:603][  0]LogConfig: Setting CVar [[r.SkyAtmosphere.SampleCountMin:4.0]]
[2021.02.24-12.04.27:603][  0]LogConfig: Setting CVar [[r.SkyAtmosphere.SampleCountMax:32.0]]
[2021.02.24-12.04.27:603][  0]LogConfig: Setting CVar [[r.SkyAtmosphere.TransmittanceLUT.UseSmallFormat:0]]
[2021.02.24-12.04.27:603][  0]LogConfig: Setting CVar [[r.SkyAtmosphere.TransmittanceLUT.SampleCount:10.0]]
[2021.02.24-12.04.27:603][  0]LogConfig: Setting CVar [[r.SkyAtmosphere.MultiScatteringLUT.SampleCount:15.0]]
[2021.02.24-12.04.27:603][  0]LogConfig: Applying CVar settings from Section [FoliageQuality@3] File [E:/Github/GEP/GEPProject/Saved/Config/Windows/Scalability.ini]
[2021.02.24-12.04.27:603][  0]LogConfig: Setting CVar [[foliage.DensityScale:1.0]]
[2021.02.24-12.04.27:603][  0]LogConfig: Setting CVar [[grass.DensityScale:1.0]]
[2021.02.24-12.04.27:603][  0]LogConfig: Applying CVar settings from Section [ShadingQuality@3] File [E:/Github/GEP/GEPProject/Saved/Config/Windows/Scalability.ini]
[2021.02.24-12.04.27:603][  0]LogConfig: Setting CVar [[r.HairStrands.SkyLighting.SampleCount:16]]
[2021.02.24-12.04.27:603][  0]LogConfig: Setting CVar [[r.HairStrands.SkyLighting.JitterIntegration:0]]
[2021.02.24-12.04.27:603][  0]LogConfig: Setting CVar [[r.HairStrands.SkyAO.SampleCount:16]]
[2021.02.24-12.04.27:603][  0]LogConfig: Setting CVar [[r.HairStrands.DeepShadow.SuperSampling:0]]
[2021.02.24-12.04.27:603][  0]LogConfig: Setting CVar [[r.HairStrands.VisibilityPPLL:0]]
[2021.02.24-12.04.27:603][  0]LogConfig: Setting CVar [[r.HairStrands.RasterizationScale:0.5]]
[2021.02.24-12.04.27:603][  0]LogConfig: Setting CVar [[r.HairStrands.VelocityRasterizationScale:1]]
[2021.02.24-12.04.27:603][  0]LogConfig: Applying CVar settings from Section [Startup] File [../../../Engine/Config/ConsoleVariables.ini]
[2021.02.24-12.04.27:603][  0]LogConfig: Setting CVar [[net.UseAdaptiveNetUpdateFrequency:0]]
[2021.02.24-12.04.27:603][  0]LogConfig: Setting CVar [[p.chaos.AllowCreatePhysxBodies:1]]
[2021.02.24-12.04.27:603][  0]LogConfig: Setting CVar [[fx.SkipVectorVMBackendOptimizations:1]]
[2021.02.24-12.04.27:603][  0]LogConfig: Applying CVar settings from Section [ConsoleVariables] File [E:/Github/GEP/GEPProject/Saved/Config/Windows/Engine.ini]
[2021.02.24-12.04.27:604][  0]LogInit: Computer: DESKTOP-8MPSU4G
[2021.02.24-12.04.27:604][  0]LogInit: User: cathan
[2021.02.24-12.04.27:604][  0]LogInit: CPU Page size=4096, Cores=8
[2021.02.24-12.04.27:604][  0]LogInit: High frequency timer resolution =10.000000 MHz
[2021.02.24-12.04.27:604][  0]LogMemory: Memory total: Physical=15.9GB (16GB approx)
[2021.02.24-12.04.27:604][  0]LogMemory: Platform Memory Stats for Windows
[2021.02.24-12.04.27:604][  0]LogMemory: Process Physical Memory: 117.86 MB used, 117.86 MB peak
[2021.02.24-12.04.27:604][  0]LogMemory: Process Virtual Memory: 106.29 MB used, 106.29 MB peak
[2021.02.24-12.04.27:604][  0]LogMemory: Physical Memory: 13662.41 MB used,  2668.06 MB free, 16330.47 MB total
[2021.02.24-12.04.27:605][  0]LogMemory: Virtual Memory: 5195.04 MB used,  134212536.00 MB free, 134217728.00 MB total
[2021.02.24-12.04.27:611][  0]LogWindows: WindowsPlatformFeatures enabled
[2021.02.24-12.04.27:719][  0]LogInit: Physics initialised using underlying interface: PhysX
[2021.02.24-12.04.27:725][  0]LogInit: Using OS detected language (en-GB).
[2021.02.24-12.04.27:725][  0]LogInit: Using OS detected locale (en-GB).
[2021.02.24-12.04.27:749][  0]LogTextLocalizationManager: No specific localization for 'en-GB' exists, so the 'en' localization will be used.
[2021.02.24-12.04.28:065][  0]LogInit: Setting process to per monitor DPI aware
[2021.02.24-12.04.28:120][  0]LogSlate: New Slate User Created.  User Index 0, Is Virtual User: 0
[2021.02.24-12.04.28:121][  0]LogSlate: Slate User Registered.  User Index 0, Is Virtual User: 0
[2021.02.24-12.04.28:530][  0]LogHMD: Failed to initialize OpenVR with code 110
[2021.02.24-12.04.28:530][  0]LogD3D11RHI: D3D11 min allowed feature level: 11_0
[2021.02.24-12.04.28:530][  0]LogD3D11RHI: D3D11 max allowed feature level: 11_0
[2021.02.24-12.04.28:530][  0]LogD3D11RHI: D3D11 adapters:
[2021.02.24-12.04.28:644][  0]LogD3D11RHI:    0. 'NVIDIA GeForce RTX 2060' (Feature Level 11_0)
[2021.02.24-12.04.28:644][  0]LogD3D11RHI:       5980/0/8165 MB DedicatedVideo/DedicatedSystem/SharedSystem, Outputs:2, VendorId:0x10de
[2021.02.24-12.04.28:648][  0]LogD3D11RHI:    1. 'Microsoft Basic Render Driver' (Feature Level 11_0)
[2021.02.24-12.04.28:648][  0]LogD3D11RHI:       0/0/8165 MB DedicatedVideo/DedicatedSystem/SharedSystem, Outputs:0, VendorId:0x1414
[2021.02.24-12.04.28:648][  0]LogD3D11RHI: Chosen D3D11 Adapter: 0
[2021.02.24-12.04.28:659][  0]LogD3D11RHI: Creating new Direct3DDevice
[2021.02.24-12.04.28:659][  0]LogD3D11RHI:     GPU DeviceId: 0x1f08 (for the marketing name, search the web for "GPU Device Id")
[2021.02.24-12.04.28:659][  0]LogWindows: EnumDisplayDevices:
[2021.02.24-12.04.28:659][  0]LogWindows:    0. 'NVIDIA GeForce RTX 2060' (P:1 D:1)
[2021.02.24-12.04.28:660][  0]LogWindows:    1. 'NVIDIA GeForce RTX 2060' (P:0 D:1)
[2021.02.24-12.04.28:660][  0]LogWindows:    2. 'NVIDIA GeForce RTX 2060' (P:0 D:0)
[2021.02.24-12.04.28:660][  0]LogWindows:    3. 'NVIDIA GeForce RTX 2060' (P:0 D:0)
[2021.02.24-12.04.28:660][  0]LogWindows: DebugString: FoundDriverCount:4 
[2021.02.24-12.04.28:660][  0]LogD3D11RHI:     Adapter Name: NVIDIA GeForce RTX 2060
[2021.02.24-12.04.28:660][  0]LogD3D11RHI:   Driver Version: 460.79 (internal:27.21.14.6079, unified:460.79)
[2021.02.24-12.04.28:660][  0]LogD3D11RHI:      Driver Date: 12-3-2020
[2021.02.24-12.04.28:660][  0]LogRHI: Texture pool is 4186 MB (70% of 5980 MB)
[2021.02.24-12.04.28:753][  0]LogD3D11RHI: RHI has support for 64 bit atomics
[2021.02.24-12.04.28:753][  0]LogD3D11RHI: Async texture creation enabled
[2021.02.24-12.04.28:753][  0]LogD3D11RHI: Array index from any shader is supported
[2021.02.24-12.04.28:804][  0]LogD3D11RHI: GPU Timing Frequency: 1000.000000 (Debug: 2 1)
[2021.02.24-12.04.29:080][  0]LogTargetPlatformManager: Display: Loaded TargetPlatform 'AllDesktop'
[2021.02.24-12.04.29:105][  0]LogTargetPlatformManager: Display: Loaded TargetPlatform 'Android'
[2021.02.24-12.04.29:105][  0]LogTargetPlatformManager: Display: Loaded TargetPlatform 'Android_ASTC'
[2021.02.24-12.04.29:105][  0]LogTargetPlatformManager: Display: Loaded TargetPlatform 'Android_DXT'
[2021.02.24-12.04.29:106][  0]LogTargetPlatformManager: Display: Loaded TargetPlatform 'Android_ETC2'
[2021.02.24-12.04.29:106][  0]LogTargetPlatformManager: Display: Loaded TargetPlatform 'AndroidClient'
[2021.02.24-12.04.29:106][  0]LogTargetPlatformManager: Display: Loaded TargetPlatform 'Android_ASTCClient'
[2021.02.24-12.04.29:106][  0]LogTargetPlatformManager: Display: Loaded TargetPlatform 'Android_DXTClient'
[2021.02.24-12.04.29:106][  0]LogTargetPlatformManager: Display: Loaded TargetPlatform 'Android_ETC2Client'
[2021.02.24-12.04.29:106][  0]LogTargetPlatformManager: Display: Loaded TargetPlatform 'Android_Multi'
[2021.02.24-12.04.29:106][  0]LogTargetPlatformManager: Display: Loaded TargetPlatform 'Android_MultiClient'
[2021.02.24-12.04.29:146][  0]LogTargetPlatformManager: Display: Loaded TargetPlatform 'IOSClient'
[2021.02.24-12.04.29:147][  0]LogTargetPlatformManager: Display: Loaded TargetPlatform 'IOS'
[2021.02.24-12.04.29:171][  0]LogTargetPlatformManager: Display: Loaded TargetPlatform 'Linux'
[2021.02.24-12.04.29:181][  0]LogTargetPlatformManager: Display: Loaded TargetPlatform 'LinuxNoEditor'
[2021.02.24-12.04.29:191][  0]LogTargetPlatformManager: Display: Loaded TargetPlatform 'LinuxClient'
[2021.02.24-12.04.29:203][  0]LogTargetPlatformManager: Display: Loaded TargetPlatform 'LinuxServer'
[2021.02.24-12.04.29:214][  0]LogTargetPlatformManager: Display: Loaded TargetPlatform 'LinuxAArch64NoEditor'
[2021.02.24-12.04.29:224][  0]LogTargetPlatformManager: Display: Loaded TargetPlatform 'LinuxAArch64Client'
[2021.02.24-12.04.29:236][  0]LogTargetPlatformManager: Display: Loaded TargetPlatform 'LinuxAArch64Server'
[2021.02.24-12.04.29:270][  0]LogTargetPlatformManager: Display: Loaded TargetPlatform 'Lumin'
[2021.02.24-12.04.29:270][  0]LogTargetPlatformManager: Display: Loaded TargetPlatform 'LuminClient'
[2021.02.24-12.04.29:287][  0]LogTargetPlatformManager: Display: Loaded TargetPlatform 'TVOSClient'
[2021.02.24-12.04.29:287][  0]LogTargetPlatformManager: Display: Loaded TargetPlatform 'TVOS'
[2021.02.24-12.04.29:298][  0]LogTargetPlatformManager: Display: Loaded TargetPlatform 'WindowsNoEditor'
[2021.02.24-12.04.29:310][  0]LogTargetPlatformManager: Display: Loaded TargetPlatform 'Windows'
[2021.02.24-12.04.29:320][  0]LogTargetPlatformManager: Display: Loaded TargetPlatform 'WindowsClient'
[2021.02.24-12.04.29:330][  0]LogTargetPlatformManager: Display: Loaded TargetPlatform 'WindowsServer'
[2021.02.24-12.04.29:331][  0]LogTargetPlatformManager: Display: Building Assets For Windows
[2021.02.24-12.04.29:342][  0]LogAudioDebug: Display: Lib vorbis DLL was dynamically loaded.
[2021.02.24-12.04.29:445][  0]LogShaderCompilers: Guid format shader working directory is 10 characters bigger than the processId version (../../../../../Github/GEP/GEPProject/Intermediate/Shaders/WorkingDirectory/26040/).
[2021.02.24-12.04.29:445][  0]LogShaderCompilers: Cleaned the shader compiler working directory 'C:/Users/cathan/AppData/Local/Temp/UnrealShaderWorkingDir/1250E5D34D0BAC970D3F73AED1C107EE/'.
[2021.02.24-12.04.29:446][  0]LogXGEController: Cleaning working directory: C:/Users/cathan/AppData/Local/Temp/UnrealXGEWorkingDir/
[2021.02.24-12.04.29:446][  0]LogXGEController: Cannot use XGE Controller as Incredibuild is not installed on this machine.
[2021.02.24-12.04.29:446][  0]LogShaderCompilers: Cannot use XGE Shader Compiler as Incredibuild is not installed on this machine.
[2021.02.24-12.04.29:446][  0]LogShaderCompilers: Display: Using Local Shader Compiler.
[2021.02.24-12.04.30:364][  0]LogDerivedDataCache: Display: Max Cache Size: 512 MB
[2021.02.24-12.04.30:570][  0]LogDerivedDataCache: Loaded boot cache 0.21s 79MB C:/Users/cathan/AppData/Local/UnrealEngine/4.25/DerivedDataCache/Boot.ddc.
[2021.02.24-12.04.30:570][  0]LogDerivedDataCache: Display: Loaded Boot cache: C:/Users/cathan/AppData/Local/UnrealEngine/4.25/DerivedDataCache/Boot.ddc
[2021.02.24-12.04.30:570][  0]LogDerivedDataCache: FDerivedDataBackendGraph:  Pak pak cache file ../../../../../Github/GEP/GEPProject/DerivedDataCache/DDC.ddp not found, will not use a pak cache.
[2021.02.24-12.04.30:570][  0]LogDerivedDataCache: Unable to find inner node Pak for hierarchical cache Hierarchy.
[2021.02.24-12.04.30:570][  0]LogDerivedDataCache: FDerivedDataBackendGraph:  CompressedPak pak cache file ../../../../../Github/GEP/GEPProject/DerivedDataCache/Compressed.ddp not found, will not use a pak cache.
[2021.02.24-12.04.30:570][  0]LogDerivedDataCache: Unable to find inner node CompressedPak for hierarchical cache Hierarchy.
[2021.02.24-12.04.30:581][  0]LogDerivedDataCache: Display: Pak cache opened for reading ../../../Engine/DerivedDataCache/Compressed.ddp.
[2021.02.24-12.04.30:581][  0]LogDerivedDataCache: FDerivedDataBackendGraph:  EnterprisePak pak cache file ../../../Enterprise/DerivedDataCache/Compressed.ddp not found, will not use a pak cache.
[2021.02.24-12.04.30:581][  0]LogDerivedDataCache: Unable to find inner node EnterprisePak for hierarchical cache Hierarchy.
[2021.02.24-12.04.30:582][  0]LogDerivedDataCache: Using Local data cache path C:/Users/cathan/AppData/Local/UnrealEngine/Common/DerivedDataCache: Writable
[2021.02.24-12.04.30:582][  0]LogDerivedDataCache: Shared data cache path not found in *engine.ini, will not use an Shared cache.
[2021.02.24-12.04.30:582][  0]LogDerivedDataCache: Unable to find inner node Shared for hierarchical cache Hierarchy.
[2021.02.24-12.04.30:634][  0]LogSlate: Using FreeType 2.10.0
[2021.02.24-12.04.30:635][  0]LogSlate: SlateFontServices - WITH_FREETYPE: 1, WITH_HARFBUZZ: 1
[2021.02.24-12.04.30:721][  0]LogAssetRegistry: FAssetRegistry took 0.0029 seconds to start up
[2021.02.24-12.04.31:890][  0]LogInit: Selected Device Profile: [Windows]
[2021.02.24-12.04.36:452][  0]LogMeshReduction: Using QuadricMeshReduction for automatic static mesh reduction
[2021.02.24-12.04.36:452][  0]LogMeshReduction: Using SimplygonMeshReduction for automatic skeletal mesh reduction
[2021.02.24-12.04.36:452][  0]LogMeshReduction: Using ProxyLODMeshReduction for automatic mesh merging
[2021.02.24-12.04.36:452][  0]LogMeshReduction: No distributed automatic mesh merging module available
[2021.02.24-12.04.36:550][  0]LogMeshMerging: No distributed automatic mesh merging module available
[2021.02.24-12.04.37:134][  0]LogNetVersion: GEPProject 1.0.0, NetCL: 13144385, EngineNetVer: 14, GameNetVer: 0 (Checksum: 386946200)
[2021.02.24-12.04.44:989][  0]LogAISub: UAISubsystem::UAISubsystem AISubsystem (000001F1B77C4780), frame # 0
[2021.02.24-12.04.44:989][  0]LogAISub: UAISubsystem::UAISubsystem AIPerceptionSystem (000001F1B766AAC0), frame # 0
[2021.02.24-12.04.44:992][  0]LogAISub: UAISubsystem::UAISubsystem EnvQueryManager (000001F1B77BAA00), frame # 0
[2021.02.24-12.04.45:083][  0]LogPackageLocalizationCache: Processed 19 localized package path(s) for 1 prioritized culture(s) in 0.067629 seconds
[2021.02.24-12.04.45:088][  0]LogUObjectArray: 15917 objects as part of root set at end of initial load.
[2021.02.24-12.04.45:088][  0]LogUObjectAllocator: 3965568 out of 0 bytes used by permanent object pool.
[2021.02.24-12.04.45:088][  0]LogUObjectArray: CloseDisregardForGC: 0/0 objects in disregard for GC pool
[2021.02.24-12.04.45:776][  0]LogTcpMessaging: Initializing TcpMessaging bridge
[2021.02.24-12.04.45:783][  0]LogUdpMessaging: Initializing bridge on interface 0.0.0.0:0 to multicast group 230.0.0.1:6666.
[2021.02.24-12.04.46:055][  0]SourceControl: Source control is disabled
[2021.02.24-12.04.46:056][  0]SourceControl: Source control is disabled
[2021.02.24-12.04.46:067][  0]SourceControl: Source control is disabled
[2021.02.24-12.04.46:074][  0]SourceControl: Source control is disabled
[2021.02.24-12.04.46:093][  0]SourceControl: Source control is disabled
[2021.02.24-12.04.46:525][  0]LogAndroidPermission: UAndroidPermissionCallbackProxy::GetInstance
[2021.02.24-12.04.46:554][  0]LogAudioCaptureCore: Display: No Audio Capture implementations found. Audio input will be silent.
[2021.02.24-12.04.46:554][  0]LogAudioCaptureCore: Display: No Audio Capture implementations found. Audio input will be silent.
[2021.02.24-12.04.46:622][  0]LogOcInput: OculusInput pre-init called
[2021.02.24-12.04.46:639][  0]LogWindows: Failed to load 'OVRPlugin.dll' (GetLastError=126)
[2021.02.24-12.04.46:639][  0]LogWindows: File 'OVRPlugin.dll' does not exist
[2021.02.24-12.04.46:769][  0]LogEngine: Initializing Engine...
[2021.02.24-12.04.46:771][  0]LogHMD: Failed to initialize OpenVR with code 110
[2021.02.24-12.04.46:771][  0]LogMagicLeap: Warning: VR disabled because ZI is not enabled.  To enable, in the editor, Edit -> Project Settings -> Plugins -> Magic Leap Plugin -> Enable Zero Iteration
[2021.02.24-12.04.46:774][  0]LogStats: UGameplayTagsManager::InitializeManager -  0.001 s
[2021.02.24-12.04.46:922][  0]LogInit: Initializing FReadOnlyCVARCache
[2021.02.24-12.04.46:938][  0]LogAIModule: Creating AISystem for world Untitled
[2021.02.24-12.04.46:938][  0]LogAISub: UAISubsystem::UAISubsystem EnvQueryManager (000001F1BEBD5C00), frame # 0
[2021.02.24-12.04.46:938][  0]LogAISub: UAISubsystem::UAISubsystem AIPerceptionSystem (000001F1BEC06840), frame # 0
[2021.02.24-12.04.46:945][  0]LogAudioMixer: Display: Audio Mixer Platform Settings:
[2021.02.24-12.04.46:945][  0]LogAudioMixer: Display: 	Sample Rate:						  48000
[2021.02.24-12.04.46:945][  0]LogAudioMixer: Display: 	Callback Buffer Frame Size Requested: 1024
[2021.02.24-12.04.46:945][  0]LogAudioMixer: Display: 	Callback Buffer Frame Size To Use:	  1024
[2021.02.24-12.04.46:945][  0]LogAudioMixer: Display: 	Number of buffers to queue:			  2
[2021.02.24-12.04.46:945][  0]LogAudioMixer: Display: 	Max Channels (voices):				  32
[2021.02.24-12.04.46:945][  0]LogAudioMixer: Display: 	Number of Async Source Workers:		  0
[2021.02.24-12.04.46:945][  0]LogAudio: Display: AudioDevice MaxSources: 32
[2021.02.24-12.04.46:945][  0]LogAudio: Display: Using built-in audio occlusion.
[2021.02.24-12.04.46:945][  0]LogAudioMixer: Display: Initializing audio mixer.
[2021.02.24-12.04.46:968][  0]LogAudioMixer: Display: 0: FrontLeft
[2021.02.24-12.04.46:968][  0]LogAudioMixer: Display: 1: FrontRight
[2021.02.24-12.04.47:009][  0]LogAudioMixer: Display: Using Audio Device OUT 1-2 (BEHRINGER UMC 202HD 192k)
[2021.02.24-12.04.47:010][  0]LogAudioMixer: Display: Initializing Sound Submixes...
[2021.02.24-12.04.47:013][  0]LogAudioMixer: Display: Creating Master Submix 'MasterSubmixDefault'
[2021.02.24-12.04.47:013][  0]LogAudioMixer: Display: Creating Master Submix 'MasterReverbSubmixDefault'
[2021.02.24-12.04.47:015][  0]LogAudioMixer: Display: Creating Master Submix 'MasterEQSubmixDefault'
[2021.02.24-12.04.47:016][  0]LogInit: FAudioDevice initialized.
[2021.02.24-12.04.47:017][  0]LogNetVersion: Set ProjectVersion to 1.0.0.0. Version Checksum will be recalculated on next use.
[2021.02.24-12.04.47:103][  0]LogDerivedDataCache: Saved boot cache 0.09s 79MB C:/Users/cathan/AppData/Local/UnrealEngine/4.25/DerivedDataCache/Boot.ddc.
[2021.02.24-12.04.47:113][  0]LogInit: Texture streaming: Enabled
[2021.02.24-12.04.47:140][  0]LogEngineSessionManager: EngineSessionManager initialized
[2021.02.24-12.04.47:141][  0]LogEngineSessionManager: EngineSessionManager sent abnormal shutdown report. Type=Crashed, SessionId={89425755-4F08-4DCC-3CE5-D18AD26C034C}
[2021.02.24-12.04.47:141][  0]LogEditorSessionSummary: Verbose: Initializing EditorSessionSummaryWriter for editor session tracking
[2021.02.24-12.04.47:143][  0]LogEditorSessionSummary: EditorSessionSummaryWriter initialized
[2021.02.24-12.04.47:234][  0]LogInit: Transaction tracking system initialized
[2021.02.24-12.04.47:277][  0]BlueprintLog: New page: Editor Load
[2021.02.24-12.04.47:429][  0]LocalizationService: Localization service is disabled
[2021.02.24-12.04.47:691][  0]LogCook: Display: Max memory allowance for cook 16384mb min free memory 0mb
[2021.02.24-12.04.47:691][  0]LogCook: Display: Mobile HDR setting 1
[2021.02.24-12.04.47:933][  0]LogFileCache: Scanning file cache for directory 'E:/Github/GEP/GEPProject/Content/' took 0.01s
[2021.02.24-12.04.48:153][  0]SourceControl: Source control is disabled
[2021.02.24-12.04.48:256][  0]LogSlate: Took 0.000250 seconds to synchronously load lazily loaded font '../../../Engine/Content/Slate/Fonts/Roboto-Regular.ttf' (155K)
[2021.02.24-12.04.55:551][  0]LogD3D11RHI: Timed out while waiting for GPU to catch up. (0.5 s) (ErrorCode 00000001)
[2021.02.24-12.05.03:200][  0]LogSlate: Window 'Restore Packages' being destroyed
[2021.02.24-12.05.03:201][  0]LogWindowsTextInputMethodSystem: Display: IME system now deactivated.
[2021.02.24-12.05.03:219][  0]LogWindowsTextInputMethodSystem: Display: IME system now deactivated.
[2021.02.24-12.05.03:220][  0]LogUnrealEdMisc: Loading editor; pre map load, took 48.015
[2021.02.24-12.05.03:222][  0]Cmd: MAP LOAD FILE="../../../../../Github/GEP/GEPProject/Content/FirstPersonCPP/Maps/FirstPersonExampleMap.umap" TEMPLATE=0 SHOWPROGRESS=1 FEATURELEVEL=3
[2021.02.24-12.05.03:223][  0]LightingResults: New page: Lighting Build
[2021.02.24-12.05.03:227][  0]LogWorld: UWorld::CleanupWorld for Untitled, bSessionEnded=true, bCleanupResources=true
[2021.02.24-12.05.03:227][  0]LogSlate: InvalidateAllWidgets triggered.  All widgets were invalidated
[2021.02.24-12.05.03:227][  0]MapCheck: New page: Map Check
[2021.02.24-12.05.03:227][  0]LightingResults: New page: Lighting Build
[2021.02.24-12.05.03:250][  0]LogAISub: UAISubsystem::~UAISubsystem EnvQueryManager (000001F1BEBD5C00), frame # 0
[2021.02.24-12.05.03:250][  0]LogAISub: UAISubsystem::~UAISubsystem AIPerceptionSystem (000001F1BEC06840), frame # 0
[2021.02.24-12.05.03:251][  0]LogUObjectHash: Compacting FUObjectHashTables data took   1.15ms
[2021.02.24-12.05.03:374][  0]LogAIModule: Creating AISystem for world FirstPersonExampleMap
[2021.02.24-12.05.03:374][  0]LogAISub: UAISubsystem::UAISubsystem EnvQueryManager (000001F1A9215800), frame # 0
[2021.02.24-12.05.03:374][  0]LogAISub: UAISubsystem::UAISubsystem AIPerceptionSystem (000001F1A57182C0), frame # 0
[2021.02.24-12.05.03:393][  0]LogEditorServer: Finished looking for orphan Actors (0.000 secs)
[2021.02.24-12.05.03:413][  0]LogUObjectHash: Compacting FUObjectHashTables data took   0.78ms
[2021.02.24-12.05.03:414][  0]Cmd: MAP CHECKDEP NOCLEARLOG
[2021.02.24-12.05.03:415][  0]MapCheck: Map check complete: 0 Error(s), 0 Warning(s), took 0.127ms to complete.
[2021.02.24-12.05.03:415][  0]LogFileHelpers: Loading map 'FirstPersonExampleMap' took 0.194
[2021.02.24-12.05.03:419][  0]LogUnrealEdMisc: Total Editor Startup Time, took 48.215
[2021.02.24-12.05.03:532][  0]LogSlate: Updating window title bar state: overlay mode, drag disabled, window buttons hidden, title bar hidden
[2021.02.24-12.05.03:541][  0]LogSlate: Updating window title bar state: overlay mode, drag disabled, window buttons hidden, title bar hidden
[2021.02.24-12.05.03:550][  0]LogSlate: Updating window title bar state: overlay mode, drag disabled, window buttons hidden, title bar hidden
[2021.02.24-12.05.03:558][  0]LogSlate: Updating window title bar state: overlay mode, drag disabled, window buttons hidden, title bar hidden
[2021.02.24-12.05.03:570][  0]LogCollectionManager: Loaded 0 collections in 0.001020 seconds
[2021.02.24-12.05.03:594][  0]LogFileCache: Scanning file cache for directory 'E:/Github/GEP/GEPProject/Saved/Collections/' took 0.00s
[2021.02.24-12.05.03:594][  0]LogFileCache: Scanning file cache for directory 'E:/Github/GEP/GEPProject/Content/Developers/cathan/Collections/' took 0.00s
[2021.02.24-12.05.03:594][  0]LogFileCache: Scanning file cache for directory 'E:/Github/GEP/GEPProject/Content/Collections/' took 0.00s
[2021.02.24-12.05.03:594][  0]LogContentBrowser: Native class hierarchy populated in 0.0132 seconds. Added 3435 classes and 823 folders.
[2021.02.24-12.05.03:600][  0]LogContentBrowser: Native class hierarchy updated for 'WidgetCarousel' in 0.0005 seconds. Added 0 classes and 0 folders.
[2021.02.24-12.05.03:843][  0]LogContentBrowser: Native class hierarchy updated for 'AddContentDialog' in 0.0005 seconds. Added 0 classes and 0 folders.
[2021.02.24-12.05.03:844][  0]LogContentBrowser: Native class hierarchy updated for 'SceneOutliner' in 0.0005 seconds. Added 2 classes and 0 folders.
[2021.02.24-12.05.03:879][  0]LogSlate: Took 0.000242 seconds to synchronously load lazily loaded font '../../../Engine/Content/Slate/Fonts/Roboto-Bold.ttf' (160K)
[2021.02.24-12.05.03:915][  0]LogSlate: Took 0.031616 seconds to synchronously load lazily loaded font '../../../Engine/Content/Editor/Slate/Fonts/FontAwesome.ttf' (139K)
[2021.02.24-12.05.03:967][  0]LogRenderer: Reallocating scene render targets to support 1208x572 Format 10 NumSamples 1 (Frame:1).
[2021.02.24-12.05.04:165][  0]LogContentBrowser: Native class hierarchy updated for 'HierarchicalLODOutliner' in 0.0006 seconds. Added 0 classes and 0 folders.
[2021.02.24-12.05.04:165][  0]LogLoad: (Engine Initialization) Total time: 48.96 seconds
[2021.02.24-12.05.04:165][  0]LogLoad: (Engine Initialization) Total Blueprint compile time: 0.00 seconds
[2021.02.24-12.05.04:207][  0]LogAssetRegistry: Asset discovery search completed in 33.4872 seconds
[2021.02.24-12.05.04:211][  0]LogCollectionManager: Fixed up redirectors for 0 collections in 0.000003 seconds (updated 0 objects)
[2021.02.24-12.05.04:214][  0]LogContentStreaming: Texture pool size now 1000 MB
[2021.02.24-12.05.04:229][  0]LogSlate: Took 0.001332 seconds to synchronously load lazily loaded font '../../../Engine/Content/Slate/Fonts/Roboto-Light.ttf' (167K)
[2021.02.24-12.05.05:845][180]LogTemp: Repeating last play command: Selected Viewport
[2021.02.24-12.05.05:861][180]LogPlayLevel: PlayLevel: No blueprints needed recompiling
[2021.02.24-12.05.05:863][180]PIE: New page: PIE session: FirstPersonExampleMap (24 Feb 2021, 12:05:05)
[2021.02.24-12.05.05:864][180]LogOnline: OSS: Creating online subsystem instance for: NULL
[2021.02.24-12.05.05:865][180]LogOnline: OSS: TryLoadSubsystemAndSetDefault: Loaded subsystem for module [NULL]
[2021.02.24-12.05.05:866][180]LogPlayLevel: Creating play world package: /Game/FirstPersonCPP/Maps/UEDPIE_0_FirstPersonExampleMap
[2021.02.24-12.05.05:880][180]LogPlayLevel: PIE: StaticDuplicateObject took: (0.014747s)
[2021.02.24-12.05.05:881][180]LogAIModule: Creating AISystem for world FirstPersonExampleMap
[2021.02.24-12.05.05:881][180]LogAISub: UAISubsystem::UAISubsystem EnvQueryManager (000001F1E3623E00), frame # 180
[2021.02.24-12.05.05:881][180]LogAISub: UAISubsystem::UAISubsystem AIPerceptionSystem (000001F1BC689A80), frame # 180
[2021.02.24-12.05.05:882][180]LogPlayLevel: PIE: World Init took: (0.001258s)
[2021.02.24-12.05.05:882][180]LogPlayLevel: PIE: Created PIE world by copying editor world from /Game/FirstPersonCPP/Maps/FirstPersonExampleMap.FirstPersonExampleMap to /Game/FirstPersonCPP/Maps/UEDPIE_0_FirstPersonExampleMap.FirstPersonExampleMap (0.016163s)
[2021.02.24-12.05.05:895][180]LogUObjectHash: Compacting FUObjectHashTables data took   0.62ms
[2021.02.24-12.05.05:898][180]LogAudioMixer: Display: Audio Mixer Platform Settings:
[2021.02.24-12.05.05:898][180]LogAudioMixer: Display: 	Sample Rate:						  48000
[2021.02.24-12.05.05:898][180]LogAudioMixer: Display: 	Callback Buffer Frame Size Requested: 1024
[2021.02.24-12.05.05:898][180]LogAudioMixer: Display: 	Callback Buffer Frame Size To Use:	  1024
[2021.02.24-12.05.05:898][180]LogAudioMixer: Display: 	Number of buffers to queue:			  2
[2021.02.24-12.05.05:898][180]LogAudioMixer: Display: 	Max Channels (voices):				  32
[2021.02.24-12.05.05:898][180]LogAudioMixer: Display: 	Number of Async Source Workers:		  0
[2021.02.24-12.05.05:898][180]LogAudio: Display: AudioDevice MaxSources: 32
[2021.02.24-12.05.05:899][180]LogAudio: Display: Using built-in audio occlusion.
[2021.02.24-12.05.05:899][180]LogAudioMixer: Display: Initializing audio mixer.
[2021.02.24-12.05.05:905][180]LogAudioMixer: Display: 0: FrontLeft
[2021.02.24-12.05.05:905][180]LogAudioMixer: Display: 1: FrontRight
[2021.02.24-12.05.05:924][180]LogAudioMixer: Display: Using Audio Device OUT 1-2 (BEHRINGER UMC 202HD 192k)
[2021.02.24-12.05.05:924][180]LogAudioMixer: Display: Initializing Sound Submixes...
[2021.02.24-12.05.05:924][180]LogAudioMixer: Display: Creating Master Submix 'MasterSubmixDefault'
[2021.02.24-12.05.05:924][180]LogAudioMixer: Display: Creating Master Submix 'MasterReverbSubmixDefault'
[2021.02.24-12.05.05:925][180]LogAudioMixer: Display: Creating Master Submix 'MasterEQSubmixDefault'
[2021.02.24-12.05.05:938][180]LogInit: FAudioDevice initialized.
[2021.02.24-12.05.05:946][180]LogLoad: Game class is 'GEPProjectGameMode'
[2021.02.24-12.05.05:948][180]LogWorld: Bringing World /Game/FirstPersonCPP/Maps/UEDPIE_0_FirstPersonExampleMap.FirstPersonExampleMap up for play (max tick rate 0) at 2021.02.24-12.05.05
[2021.02.24-12.05.05:948][180]LogWorld: Bringing up level for play took: 0.001678
[2021.02.24-12.05.05:949][180]LogOnline: OSS: Creating online subsystem instance for: :Context_1
[2021.02.24-12.05.05:953][180]LogContentBrowser: Native class hierarchy updated for 'MovieSceneCapture' in 0.0005 seconds. Added 20 classes and 0 folders.
[2021.02.24-12.05.05:953][180]PIE: Server logged in
[2021.02.24-12.05.05:955][180]PIE: Play in editor total start time 0.094 seconds.
[2021.02.24-12.05.11:277][807]LogSlate: Updating window title bar state: overlay mode, drag disabled, window buttons hidden, title bar hidden
[2021.02.24-12.05.11:277][807]LogWorld: BeginTearingDown for /Game/FirstPersonCPP/Maps/UEDPIE_0_FirstPersonExampleMap
[2021.02.24-12.05.11:277][807]LogWorld: UWorld::CleanupWorld for FirstPersonExampleMap, bSessionEnded=true, bCleanupResources=true
[2021.02.24-12.05.11:278][807]LogSlate: InvalidateAllWidgets triggered.  All widgets were invalidated
[2021.02.24-12.05.11:287][807]LogPlayLevel: Display: Shutting down PIE online subsystems
[2021.02.24-12.05.11:289][807]LogSlate: InvalidateAllWidgets triggered.  All widgets were invalidated
[2021.02.24-12.05.11:317][807]LogSlate: Updating window title bar state: overlay mode, drag disabled, window buttons hidden, title bar hidden
[2021.02.24-12.05.11:318][807]LogAISub: UAISubsystem::~UAISubsystem EnvQueryManager (000001F1E3623E00), frame # 807
[2021.02.24-12.05.11:319][807]LogAISub: UAISubsystem::~UAISubsystem AIPerceptionSystem (000001F1BC689A80), frame # 807
[2021.02.24-12.05.11:319][807]LogUObjectHash: Compacting FUObjectHashTables data took   0.61ms
[2021.02.24-12.05.11:483][808]LogPlayLevel: Display: Destroying online subsystem :Context_1
[2021.02.24-12.06.32:196][412]LogTemp: Repeating last play command: Selected Viewport
[2021.02.24-12.06.32:214][412]LogPlayLevel: PlayLevel: No blueprints needed recompiling
[2021.02.24-12.06.32:214][412]PIE: New page: PIE session: FirstPersonExampleMap (24 Feb 2021, 12:06:32)
[2021.02.24-12.06.32:252][412]LogPlayLevel: Creating play world package: /Game/FirstPersonCPP/Maps/UEDPIE_0_FirstPersonExampleMap
[2021.02.24-12.06.32:264][412]LogPlayLevel: PIE: StaticDuplicateObject took: (0.012080s)
[2021.02.24-12.06.32:265][412]LogAIModule: Creating AISystem for world FirstPersonExampleMap
[2021.02.24-12.06.32:265][412]LogAISub: UAISubsystem::UAISubsystem EnvQueryManager (000001F1E32D3E00), frame # 1412
[2021.02.24-12.06.32:265][412]LogAISub: UAISubsystem::UAISubsystem AIPerceptionSystem (000001F1E3463740), frame # 1412
[2021.02.24-12.06.32:265][412]LogPlayLevel: PIE: World Init took: (0.001580s)
[2021.02.24-12.06.32:265][412]LogPlayLevel: PIE: Created PIE world by copying editor world from /Game/FirstPersonCPP/Maps/FirstPersonExampleMap.FirstPersonExampleMap to /Game/FirstPersonCPP/Maps/UEDPIE_0_FirstPersonExampleMap.FirstPersonExampleMap (0.013859s)
[2021.02.24-12.06.32:279][412]LogUObjectHash: Compacting FUObjectHashTables data took   0.79ms
[2021.02.24-12.06.32:281][412]LogAudioMixer: Display: Audio Mixer Platform Settings:
[2021.02.24-12.06.32:281][412]LogAudioMixer: Display: 	Sample Rate:						  48000
[2021.02.24-12.06.32:281][412]LogAudioMixer: Display: 	Callback Buffer Frame Size Requested: 1024
[2021.02.24-12.06.32:281][412]LogAudioMixer: Display: 	Callback Buffer Frame Size To Use:	  1024
[2021.02.24-12.06.32:281][412]LogAudioMixer: Display: 	Number of buffers to queue:			  2
[2021.02.24-12.06.32:281][412]LogAudioMixer: Display: 	Max Channels (voices):				  32
[2021.02.24-12.06.32:281][412]LogAudioMixer: Display: 	Number of Async Source Workers:		  0
[2021.02.24-12.06.32:281][412]LogAudio: Display: AudioDevice MaxSources: 32
[2021.02.24-12.06.32:281][412]LogAudio: Display: Using built-in audio occlusion.
[2021.02.24-12.06.32:281][412]LogAudioMixer: Display: Initializing audio mixer.
[2021.02.24-12.06.32:289][412]LogAudioMixer: Display: 0: FrontLeft
[2021.02.24-12.06.32:289][412]LogAudioMixer: Display: 1: FrontRight
[2021.02.24-12.06.32:308][412]LogAudioMixer: Display: Using Audio Device OUT 1-2 (BEHRINGER UMC 202HD 192k)
[2021.02.24-12.06.32:308][412]LogAudioMixer: Display: Initializing Sound Submixes...
[2021.02.24-12.06.32:308][412]LogAudioMixer: Display: Creating Master Submix 'MasterSubmixDefault'
[2021.02.24-12.06.32:308][412]LogAudioMixer: Display: Creating Master Submix 'MasterReverbSubmixDefault'
[2021.02.24-12.06.32:309][412]LogAudioMixer: Display: Creating Master Submix 'MasterEQSubmixDefault'
[2021.02.24-12.06.32:320][412]LogInit: FAudioDevice initialized.
[2021.02.24-12.06.32:328][412]LogLoad: Game class is 'GEPProjectGameMode'
[2021.02.24-12.06.32:329][412]LogWorld: Bringing World /Game/FirstPersonCPP/Maps/UEDPIE_0_FirstPersonExampleMap.FirstPersonExampleMap up for play (max tick rate 0) at 2021.02.24-12.06.32
[2021.02.24-12.06.32:330][412]LogWorld: Bringing up level for play took: 0.001374
[2021.02.24-12.06.32:330][412]LogOnline: OSS: Creating online subsystem instance for: :Context_2
[2021.02.24-12.06.32:332][412]PIE: Server logged in
[2021.02.24-12.06.32:333][412]PIE: Play in editor total start time 0.119 seconds.
[2021.02.24-12.06.44:565][874]LogSlate: Updating window title bar state: overlay mode, drag disabled, window buttons hidden, title bar hidden
[2021.02.24-12.06.44:565][874]LogWorld: BeginTearingDown for /Game/FirstPersonCPP/Maps/UEDPIE_0_FirstPersonExampleMap
[2021.02.24-12.06.44:565][874]LogWorld: UWorld::CleanupWorld for FirstPersonExampleMap, bSessionEnded=true, bCleanupResources=true
[2021.02.24-12.06.44:566][874]LogSlate: InvalidateAllWidgets triggered.  All widgets were invalidated
[2021.02.24-12.06.44:573][874]LogPlayLevel: Display: Shutting down PIE online subsystems
[2021.02.24-12.06.44:574][874]LogSlate: InvalidateAllWidgets triggered.  All widgets were invalidated
[2021.02.24-12.06.44:587][874]LogSlate: Updating window title bar state: overlay mode, drag disabled, window buttons hidden, title bar hidden
[2021.02.24-12.06.44:604][874]LogAISub: UAISubsystem::~UAISubsystem AIPerceptionSystem (000001F1E3463740), frame # 2874
[2021.02.24-12.06.44:604][874]LogAISub: UAISubsystem::~UAISubsystem EnvQueryManager (000001F1E32D3E00), frame # 2874
[2021.02.24-12.06.44:604][874]LogUObjectHash: Compacting FUObjectHashTables data took   0.65ms
[2021.02.24-12.06.44:659][876]LogPlayLevel: Display: Destroying online subsystem :Context_2
[2021.02.24-12.08.35:579][477]Candidate modules for hot reload:
[2021.02.24-12.08.35:579][477]  GEPProject
[2021.02.24-12.08.35:579][477]Launching UnrealBuildTool... [E:/epk/UE_4.25/Engine/Binaries/DotNET/UnrealBuildTool.exe  -ModuleWithSuffix=GEPProject,2189 GEPProjectEditor Win64 Development -Project="E:/Github/GEP/GEPProject/GEPProject.uproject" "E:/Github/GEP/GEPProject/GEPProject.uproject"  -IgnoreJunk]
[2021.02.24-12.08.35:582][477]Warning: Starting HotReload took  0.0s.
[2021.02.24-12.08.38:468][784]CompilerResultsLog: New page: Compilation - 24 Feb 2021, 12:08:38
[2021.02.24-12.08.38:468][784]CompilerResultsLog: Using 'git status' to determine working set for adaptive non-unity build (E:\Github\GEP).
[2021.02.24-12.08.38:468][784]CompilerResultsLog: Building GEPProjectEditor...
[2021.02.24-12.08.38:468][784]CompilerResultsLog: Using Visual Studio 2019 14.24.28316 toolchain (C:\Program Files (x86)\Microsoft Visual Studio\2019\Community\VC\Tools\MSVC\14.24.28314) and Windows 10.0.18362.0 SDK (C:\Program Files (x86)\Windows Kits\10).
[2021.02.24-12.08.38:468][784]CompilerResultsLog: Building 4 actions with 16 processes...
[2021.02.24-12.08.38:468][784]CompilerResultsLog:   [1/4] Weapon_Hitscan.cpp
[2021.02.24-12.08.38:469][784]CompilerResultsLog:   [2/4] UE4Editor-GEPProject-2189.lib
[2021.02.24-12.08.38:469][784]CompilerResultsLog:      Creating library E:\Github\GEP\GEPProject\Intermediate\Build\Win64\UE4Editor\Development\GEPProject\UE4Editor-GEPProject-2189.lib and object E:\Github\GEP\GEPProject\Intermediate\Build\Win64\UE4Editor\Development\GEPProject\UE4Editor-GEPProject-2189.exp
[2021.02.24-12.08.38:469][784]CompilerResultsLog:   [3/4] UE4Editor-GEPProject-2189.dll
[2021.02.24-12.08.38:469][784]CompilerResultsLog:      Creating library E:\Github\GEP\GEPProject\Intermediate\Build\Win64\UE4Editor\Development\GEPProject\UE4Editor-GEPProject-2189.suppressed.lib and object E:\Github\GEP\GEPProject\Intermediate\Build\Win64\UE4Editor\Development\GEPProject\UE4Editor-GEPProject-2189.suppressed.exp
[2021.02.24-12.08.38:469][784]CompilerResultsLog:   [4/4] GEPProjectEditor.target
[2021.02.24-12.08.38:469][784]CompilerResultsLog: Total time in Parallel executor: 1.97 seconds
[2021.02.24-12.08.38:469][784]CompilerResultsLog: Total execution time: 2.75 seconds
[2021.02.24-12.08.38:469][784]LogMainFrame: MainFrame: Module compiling took 2.895 seconds
[2021.02.24-12.08.38:511][784]LogContentBrowser: Native class hierarchy updated for 'GEPProject' in 0.0005 seconds. Added 8 classes and 2 folders.
[2021.02.24-12.08.38:513][784]Display: HotReload successful (5 functions remapped  0 scriptstructs remapped)
[2021.02.24-12.08.38:557][784]LogContentBrowser: Native class hierarchy populated in 0.0108 seconds. Added 3435 classes and 823 folders.
[2021.02.24-12.08.38:557][784]Display: HotReload took  3.0s.
[2021.02.24-12.08.39:414][886]LogTemp: Repeating last play command: Selected Viewport
[2021.02.24-12.08.39:435][886]LogPlayLevel: PlayLevel: No blueprints needed recompiling
[2021.02.24-12.08.39:435][886]PIE: New page: PIE session: FirstPersonExampleMap (24 Feb 2021, 12:08:39)
[2021.02.24-12.08.39:435][886]LogPlayLevel: Creating play world package: /Game/FirstPersonCPP/Maps/UEDPIE_0_FirstPersonExampleMap
[2021.02.24-12.08.39:447][886]LogPlayLevel: PIE: StaticDuplicateObject took: (0.011192s)
[2021.02.24-12.08.39:448][886]LogAIModule: Creating AISystem for world FirstPersonExampleMap
[2021.02.24-12.08.39:448][886]LogAISub: UAISubsystem::UAISubsystem EnvQueryManager (000001F1B1673E00), frame # 3886
[2021.02.24-12.08.39:448][886]LogAISub: UAISubsystem::UAISubsystem AIPerceptionSystem (000001F1E34602C0), frame # 3886
[2021.02.24-12.08.39:448][886]LogPlayLevel: PIE: World Init took: (0.001421s)
[2021.02.24-12.08.39:448][886]LogPlayLevel: PIE: Created PIE world by copying editor world from /Game/FirstPersonCPP/Maps/FirstPersonExampleMap.FirstPersonExampleMap to /Game/FirstPersonCPP/Maps/UEDPIE_0_FirstPersonExampleMap.FirstPersonExampleMap (0.012808s)
[2021.02.24-12.08.39:471][886]LogUObjectHash: Compacting FUObjectHashTables data took   0.65ms
[2021.02.24-12.08.39:473][886]LogAudioMixer: Display: Audio Mixer Platform Settings:
[2021.02.24-12.08.39:473][886]LogAudioMixer: Display: 	Sample Rate:						  48000
[2021.02.24-12.08.39:473][886]LogAudioMixer: Display: 	Callback Buffer Frame Size Requested: 1024
[2021.02.24-12.08.39:473][886]LogAudioMixer: Display: 	Callback Buffer Frame Size To Use:	  1024
[2021.02.24-12.08.39:473][886]LogAudioMixer: Display: 	Number of buffers to queue:			  2
[2021.02.24-12.08.39:473][886]LogAudioMixer: Display: 	Max Channels (voices):				  32
[2021.02.24-12.08.39:473][886]LogAudioMixer: Display: 	Number of Async Source Workers:		  0
[2021.02.24-12.08.39:473][886]LogAudio: Display: AudioDevice MaxSources: 32
[2021.02.24-12.08.39:474][886]LogAudio: Display: Using built-in audio occlusion.
[2021.02.24-12.08.39:474][886]LogAudioMixer: Display: Initializing audio mixer.
[2021.02.24-12.08.39:481][886]LogAudioMixer: Display: 0: FrontLeft
[2021.02.24-12.08.39:481][886]LogAudioMixer: Display: 1: FrontRight
[2021.02.24-12.08.39:503][886]LogAudioMixer: Display: Using Audio Device OUT 1-2 (BEHRINGER UMC 202HD 192k)
[2021.02.24-12.08.39:504][886]LogAudioMixer: Display: Initializing Sound Submixes...
[2021.02.24-12.08.39:504][886]LogAudioMixer: Display: Creating Master Submix 'MasterSubmixDefault'
[2021.02.24-12.08.39:504][886]LogAudioMixer: Display: Creating Master Submix 'MasterReverbSubmixDefault'
[2021.02.24-12.08.39:504][886]LogAudioMixer: Display: Creating Master Submix 'MasterEQSubmixDefault'
[2021.02.24-12.08.39:516][886]LogInit: FAudioDevice initialized.
[2021.02.24-12.08.39:526][886]LogLoad: Game class is 'GEPProjectGameMode'
[2021.02.24-12.08.39:527][886]LogWorld: Bringing World /Game/FirstPersonCPP/Maps/UEDPIE_0_FirstPersonExampleMap.FirstPersonExampleMap up for play (max tick rate 0) at 2021.02.24-12.08.39
[2021.02.24-12.08.39:527][886]LogWorld: Bringing up level for play took: 0.001275
[2021.02.24-12.08.39:528][886]LogOnline: OSS: Creating online subsystem instance for: :Context_3
[2021.02.24-12.08.39:529][886]PIE: Server logged in
[2021.02.24-12.08.39:530][886]PIE: Play in editor total start time 0.098 seconds.
[2021.02.24-12.08.54:753][706]LogSlate: Updating window title bar state: overlay mode, drag disabled, window buttons hidden, title bar hidden
[2021.02.24-12.08.54:753][706]LogWorld: BeginTearingDown for /Game/FirstPersonCPP/Maps/UEDPIE_0_FirstPersonExampleMap
[2021.02.24-12.08.54:753][706]LogWorld: UWorld::CleanupWorld for FirstPersonExampleMap, bSessionEnded=true, bCleanupResources=true
[2021.02.24-12.08.54:753][706]LogSlate: InvalidateAllWidgets triggered.  All widgets were invalidated
[2021.02.24-12.08.54:764][706]LogPlayLevel: Display: Shutting down PIE online subsystems
[2021.02.24-12.08.54:766][706]LogSlate: InvalidateAllWidgets triggered.  All widgets were invalidated
[2021.02.24-12.08.54:795][706]LogSlate: Updating window title bar state: overlay mode, drag disabled, window buttons hidden, title bar hidden
[2021.02.24-12.08.54:796][706]LogAISub: UAISubsystem::~UAISubsystem AIPerceptionSystem (000001F1E34602C0), frame # 5706
[2021.02.24-12.08.54:796][706]LogAISub: UAISubsystem::~UAISubsystem EnvQueryManager (000001F1B1673E00), frame # 5706
[2021.02.24-12.08.54:797][706]LogUObjectHash: Compacting FUObjectHashTables data took   0.69ms
[2021.02.24-12.08.54:836][707]LogPlayLevel: Display: Destroying online subsystem :Context_3
[2021.02.24-12.08.58:762][163]LogTemp: Repeating last play command: Selected Viewport
[2021.02.24-12.08.58:778][163]LogPlayLevel: PlayLevel: No blueprints needed recompiling
[2021.02.24-12.08.58:778][163]PIE: New page: PIE session: FirstPersonExampleMap (24 Feb 2021, 12:08:58)
[2021.02.24-12.08.58:816][163]LogPlayLevel: Creating play world package: /Game/FirstPersonCPP/Maps/UEDPIE_0_FirstPersonExampleMap
[2021.02.24-12.08.58:827][163]LogPlayLevel: PIE: StaticDuplicateObject took: (0.010925s)
[2021.02.24-12.08.58:828][163]LogAIModule: Creating AISystem for world FirstPersonExampleMap
[2021.02.24-12.08.58:828][163]LogAISub: UAISubsystem::UAISubsystem EnvQueryManager (000001F1E3621200), frame # 6163
[2021.02.24-12.08.58:828][163]LogAISub: UAISubsystem::UAISubsystem AIPerceptionSystem (000001F1E4E32E80), frame # 6163
[2021.02.24-12.08.58:828][163]LogPlayLevel: PIE: World Init took: (0.001308s)
[2021.02.24-12.08.58:829][163]LogPlayLevel: PIE: Created PIE world by copying editor world from /Game/FirstPersonCPP/Maps/FirstPersonExampleMap.FirstPersonExampleMap to /Game/FirstPersonCPP/Maps/UEDPIE_0_FirstPersonExampleMap.FirstPersonExampleMap (0.012528s)
[2021.02.24-12.08.58:842][163]LogUObjectHash: Compacting FUObjectHashTables data took   0.57ms
[2021.02.24-12.08.58:844][163]LogAudioMixer: Display: Audio Mixer Platform Settings:
[2021.02.24-12.08.58:844][163]LogAudioMixer: Display: 	Sample Rate:						  48000
[2021.02.24-12.08.58:844][163]LogAudioMixer: Display: 	Callback Buffer Frame Size Requested: 1024
[2021.02.24-12.08.58:844][163]LogAudioMixer: Display: 	Callback Buffer Frame Size To Use:	  1024
[2021.02.24-12.08.58:844][163]LogAudioMixer: Display: 	Number of buffers to queue:			  2
[2021.02.24-12.08.58:844][163]LogAudioMixer: Display: 	Max Channels (voices):				  32
[2021.02.24-12.08.58:844][163]LogAudioMixer: Display: 	Number of Async Source Workers:		  0
[2021.02.24-12.08.58:844][163]LogAudio: Display: AudioDevice MaxSources: 32
[2021.02.24-12.08.58:844][163]LogAudio: Display: Using built-in audio occlusion.
[2021.02.24-12.08.58:844][163]LogAudioMixer: Display: Initializing audio mixer.
[2021.02.24-12.08.58:851][163]LogAudioMixer: Display: 0: FrontLeft
[2021.02.24-12.08.58:851][163]LogAudioMixer: Display: 1: FrontRight
[2021.02.24-12.08.58:869][163]LogAudioMixer: Display: Using Audio Device OUT 1-2 (BEHRINGER UMC 202HD 192k)
[2021.02.24-12.08.58:870][163]LogAudioMixer: Display: Initializing Sound Submixes...
[2021.02.24-12.08.58:870][163]LogAudioMixer: Display: Creating Master Submix 'MasterSubmixDefault'
[2021.02.24-12.08.58:870][163]LogAudioMixer: Display: Creating Master Submix 'MasterReverbSubmixDefault'
[2021.02.24-12.08.58:870][163]LogAudioMixer: Display: Creating Master Submix 'MasterEQSubmixDefault'
[2021.02.24-12.08.58:881][163]LogInit: FAudioDevice initialized.
[2021.02.24-12.08.58:892][163]LogLoad: Game class is 'GEPProjectGameMode'
[2021.02.24-12.08.58:894][163]LogWorld: Bringing World /Game/FirstPersonCPP/Maps/UEDPIE_0_FirstPersonExampleMap.FirstPersonExampleMap up for play (max tick rate 0) at 2021.02.24-12.08.58
[2021.02.24-12.08.58:894][163]LogWorld: Bringing up level for play took: 0.001494
[2021.02.24-12.08.58:894][163]LogOnline: OSS: Creating online subsystem instance for: :Context_4
[2021.02.24-12.08.58:897][163]PIE: Server logged in
[2021.02.24-12.08.58:898][163]PIE: Play in editor total start time 0.121 seconds.
[2021.02.24-12.09.27:641][601]LogSlate: Updating window title bar state: overlay mode, drag disabled, window buttons hidden, title bar hidden
[2021.02.24-12.09.27:641][601]LogWorld: BeginTearingDown for /Game/FirstPersonCPP/Maps/UEDPIE_0_FirstPersonExampleMap
[2021.02.24-12.09.27:641][601]LogWorld: UWorld::CleanupWorld for FirstPersonExampleMap, bSessionEnded=true, bCleanupResources=true
[2021.02.24-12.09.27:641][601]LogSlate: InvalidateAllWidgets triggered.  All widgets were invalidated
[2021.02.24-12.09.27:651][601]LogPlayLevel: Display: Shutting down PIE online subsystems
[2021.02.24-12.09.27:653][601]LogSlate: InvalidateAllWidgets triggered.  All widgets were invalidated
[2021.02.24-12.09.27:664][601]LogSlate: Updating window title bar state: overlay mode, drag disabled, window buttons hidden, title bar hidden
[2021.02.24-12.09.27:679][601]LogAISub: UAISubsystem::~UAISubsystem AIPerceptionSystem (000001F1E4E32E80), frame # 9601
[2021.02.24-12.09.27:679][601]LogAISub: UAISubsystem::~UAISubsystem EnvQueryManager (000001F1E3621200), frame # 9601
[2021.02.24-12.09.27:680][601]LogUObjectHash: Compacting FUObjectHashTables data took   0.66ms
[2021.02.24-12.09.27:711][602]LogPlayLevel: Display: Destroying online subsystem :Context_4
