Log file open, 02/24/21 10:07:39
LogInit: Display: Running engine for game: GEPProject
LogPlatformFile: Not using cached read wrapper
LogTaskGraph: Started task graph with 5 named threads and 47 total threads with 3 sets of task threads.
LogStats: Stats thread started at 0.291255
LogD3D11RHI: Loaded GFSDK_Aftermath_Lib.x64.dll
LogICUInternationalization: ICU TimeZone Detection - Raw Offset: +0:00, Platform Override: ''
LogPluginManager: Mounting plugin Paper2D
LogPluginManager: Mounting plugin AISupport
LogPluginManager: Mounting plugin LightPropagationVolume
LogPluginManager: Mounting plugin CameraShakePreviewer
LogPluginManager: Mounting plugin ActorLayerUtilities
LogPluginManager: Mounting plugin AnimationSharing
LogPluginManager: Mounting plugin CLionSourceCodeAccess
LogPluginManager: Mounting plugin CodeLiteSourceCodeAccess
LogPluginManager: Mounting plugin GitSourceControl
LogPluginManager: Mounting plugin KDevelopSourceCodeAccess
LogPluginManager: Mounting plugin NullSourceCodeAccess
LogPluginManager: Mounting plugin PerforceSourceControl
LogPluginManager: Mounting plugin PlasticSourceControl
LogPluginManager: Mounting plugin RiderLink
LogPluginManager: Mounting plugin RiderSourceCodeAccess
LogPluginManager: Mounting plugin SubversionSourceControl
LogPluginManager: Mounting plugin UObjectPlugin
LogPluginManager: Mounting plugin VisualStudioCodeSourceCodeAccess
LogPluginManager: Mounting plugin VisualStudioSourceCodeAccess
LogPluginManager: Mounting plugin XCodeSourceCodeAccess
LogPluginManager: Mounting plugin AssetManagerEditor
LogPluginManager: Mounting plugin CryptoKeys
LogPluginManager: Mounting plugin CurveEditorTools
LogPluginManager: Mounting plugin DataValidation
LogPluginManager: Mounting plugin EditorScriptingUtilities
LogPluginManager: Mounting plugin FacialAnimation
LogPluginManager: Mounting plugin GameplayTagsEditor
LogPluginManager: Mounting plugin GeometryMode
LogPluginManager: Mounting plugin MacGraphicsSwitching
LogPluginManager: Mounting plugin MaterialAnalyzer
LogPluginManager: Mounting plugin MobileLauncherProfileWizard
LogPluginManager: Mounting plugin PluginBrowser
LogPluginManager: Mounting plugin SpeedTreeImporter
LogPluginManager: Mounting plugin DatasmithContent
LogPluginManager: Mounting plugin VariantManagerContent
LogPluginManager: Mounting plugin AlembicImporter
LogPluginManager: Mounting plugin AutomationUtils
LogPluginManager: Mounting plugin BackChannel
LogPluginManager: Mounting plugin ChaosCloth
LogPluginManager: Mounting plugin ChaosClothEditor
LogPluginManager: Mounting plugin ChaosEditor
LogPluginManager: Mounting plugin ChaosNiagara
LogPluginManager: Mounting plugin ChaosSolverPlugin
LogPluginManager: Mounting plugin CharacterAI
LogPluginManager: Mounting plugin GeometryCache
LogPluginManager: Mounting plugin GeometryCollectionPlugin
LogPluginManager: Mounting plugin GeometryProcessing
LogPluginManager: Mounting plugin PlanarCut
LogPluginManager: Mounting plugin PlatformCrypto
LogPluginManager: Mounting plugin ProxyLODPlugin
LogPluginManager: Mounting plugin SkeletalReduction
LogPluginManager: Mounting plugin Niagara
LogPluginManager: Mounting plugin MagicLeap
LogPluginManager: Mounting plugin MagicLeapLightEstimation
LogPluginManager: Mounting plugin MagicLeapMedia
LogPluginManager: Mounting plugin MagicLeapPassableWorld
LogPluginManager: Mounting plugin MLSDK
LogPluginManager: Mounting plugin AndroidMedia
LogPluginManager: Mounting plugin AvfMedia
LogPluginManager: Mounting plugin ImgMedia
LogPluginManager: Mounting plugin MediaCompositing
LogPluginManager: Mounting plugin MediaPlayerEditor
LogPluginManager: Mounting plugin WebMMedia
LogPluginManager: Mounting plugin WmfMedia
LogPluginManager: Mounting plugin MeshPainting
LogPluginManager: Mounting plugin TcpMessaging
LogPluginManager: Mounting plugin UdpMessaging
LogPluginManager: Mounting plugin ActorSequence
LogPluginManager: Mounting plugin LevelSequenceEditor
LogPluginManager: Mounting plugin MatineeToLevelSequence
LogPluginManager: Mounting plugin MovieRenderPipeline
LogPluginManager: Mounting plugin TemplateSequence
LogPluginManager: Mounting plugin NetcodeUnitTest
LogPluginManager: Mounting plugin NUTUnrealEngine4
LogPluginManager: Mounting plugin OnlineSubsystemGooglePlay
LogPluginManager: Mounting plugin OnlineSubsystemIOS
LogPluginManager: Mounting plugin OnlineSubsystem
LogPluginManager: Mounting plugin OnlineSubsystemNull
LogPluginManager: Mounting plugin OnlineSubsystemUtils
LogPluginManager: Mounting plugin LauncherChunkInstaller
LogPluginManager: Mounting plugin AndroidDeviceProfileSelector
LogPluginManager: Mounting plugin AndroidMoviePlayer
LogPluginManager: Mounting plugin AndroidPermission
LogPluginManager: Mounting plugin AppleImageUtils
LogPluginManager: Mounting plugin AppleMoviePlayer
LogPluginManager: Mounting plugin ArchVisCharacter
LogPluginManager: Mounting plugin AssetTags
LogPluginManager: Mounting plugin AudioCapture
LogPluginManager: Mounting plugin CableComponent
LogPluginManager: Mounting plugin CustomMeshComponent
LogPluginManager: Mounting plugin EditableMesh
LogPluginManager: Mounting plugin ExampleDeviceProfileSelector
LogPluginManager: Mounting plugin GoogleCloudMessaging
LogPluginManager: Mounting plugin GooglePAD
LogPluginManager: Mounting plugin IOSDeviceProfileSelector
LogPluginManager: Mounting plugin LinuxDeviceProfileSelector
LogPluginManager: Mounting plugin LocationServicesBPLibrary
LogPluginManager: Mounting plugin MobilePatchingUtils
LogPluginManager: Mounting plugin OculusVR
LogPluginManager: Mounting plugin PhysXVehicles
LogPluginManager: Mounting plugin PostSplashScreen
LogPluginManager: Mounting plugin ProceduralMeshComponent
LogPluginManager: Mounting plugin RuntimePhysXCooking
LogPluginManager: Mounting plugin SignificanceManager
LogPluginManager: Mounting plugin SoundFields
LogPluginManager: Mounting plugin SteamVR
LogPluginManager: Mounting plugin Synthesis
LogPluginManager: Mounting plugin WebMMoviePlayer
LogPluginManager: Mounting plugin WindowsMoviePlayer
LogPluginManager: Mounting plugin ScreenshotTools
LogInit: Using libcurl 7.55.1-DEV
LogInit:  - built for x86_64-pc-win32
LogInit:  - supports SSL with OpenSSL/1.1.1
LogInit:  - supports HTTP deflate (compression) using libz 1.2.8
LogInit:  - other features:
LogInit:      CURL_VERSION_SSL
LogInit:      CURL_VERSION_LIBZ
LogInit:      CURL_VERSION_IPV6
LogInit:      CURL_VERSION_ASYNCHDNS
LogInit:      CURL_VERSION_LARGEFILE
LogInit:      CURL_VERSION_IDN
LogInit:  CurlRequestOptions (configurable via config and command line):
LogInit:  - bVerifyPeer = true  - Libcurl will verify peer certificate
LogInit:  - bUseHttpProxy = false  - Libcurl will NOT use HTTP proxy
LogInit:  - bDontReuseConnections = false  - Libcurl will reuse connections
LogInit:  - MaxHostConnections = 16  - Libcurl will limit the number of connections to a host
LogInit:  - LocalHostAddr = Default
LogInit:  - BufferSize = 65536
LogOnline: OSS: Creating online subsystem instance for: NULL
LogInit: WinSock: version 1.1 (2.2), MaxSocks=32767, MaxUdp=65467
LogOnline: OSS: TryLoadSubsystemAndSetDefault: Loaded subsystem for module [NULL]
LogInit: Build: ++UE4+Release-4.25-CL-14469661
LogInit: Engine Version: 4.25.4-14469661+++UE4+Release-4.25
LogInit: Compatible Engine Version: 4.25.0-13144385+++UE4+Release-4.25
LogInit: Net CL: 13144385
LogInit: OS: Windows 10 (Release 2004) (), CPU: AMD Ryzen 7 2700X Eight-Core Processor         , GPU: NVIDIA GeForce RTX 2060
LogInit: Compiled (64-bit): Oct 11 2020 08:10:49
LogInit: Compiled with Visual C++: 19.24.28315.00
LogInit: Build Configuration: Development
LogInit: Branch Name: ++UE4+Release-4.25
LogInit: Command Line:  -skipcompile
LogInit: Base Directory: E:/epk/UE_4.25/Engine/Binaries/Win64/
LogInit: Allocator: TBB
LogInit: Installed Engine Build: 1
LogDevObjectVersion: Number of dev versions registered: 26
LogDevObjectVersion:   Dev-Blueprints (B0D832E4-1F89-4F0D-ACCF-7EB736FD4AA2): 10
LogDevObjectVersion:   Dev-Build (E1C64328-A22C-4D53-A36C-8E866417BD8C): 0
LogDevObjectVersion:   Dev-Core (375EC13C-06E4-48FB-B500-84F0262A717E): 4
LogDevObjectVersion:   Dev-Editor (E4B068ED-F494-42E9-A231-DA0B2E46BB41): 38
LogDevObjectVersion:   Dev-Framework (CFFC743F-43B0-4480-9391-14DF171D2073): 37
LogDevObjectVersion:   Dev-Mobile (B02B49B5-BB20-44E9-A304-32B752E40360): 2
LogDevObjectVersion:   Dev-Networking (A4E4105C-59A1-49B5-A7C5-40C4547EDFEE): 0
LogDevObjectVersion:   Dev-Online (39C831C9-5AE6-47DC-9A44-9C173E1C8E7C): 0
LogDevObjectVersion:   Dev-Physics (78F01B33-EBEA-4F98-B9B4-84EACCB95AA2): 4
LogDevObjectVersion:   Dev-Platform (6631380F-2D4D-43E0-8009-CF276956A95A): 0
LogDevObjectVersion:   Dev-Rendering (12F88B9F-8875-4AFC-A67C-D90C383ABD29): 43
LogDevObjectVersion:   Dev-Sequencer (7B5AE74C-D270-4C10-A958-57980B212A5A): 12
LogDevObjectVersion:   Dev-VR (D7296918-1DD6-4BDD-9DE2-64A83CC13884): 3
LogDevObjectVersion:   Dev-LoadTimes (C2A15278-BFE7-4AFE-6C17-90FF531DF755): 1
LogDevObjectVersion:   Private-Geometry (6EACA3D4-40EC-4CC1-B786-8BED09428FC5): 3
LogDevObjectVersion:   Dev-AnimPhys (29E575DD-E0A3-4627-9D10-D276232CDCEA): 17
LogDevObjectVersion:   Dev-Anim (AF43A65D-7FD3-4947-9873-3E8ED9C1BB05): 7
LogDevObjectVersion:   Dev-ReflectionCapture (6B266CEC-1EC7-4B8F-A30B-E4D90942FC07): 1
LogDevObjectVersion:   Dev-Automation (0DF73D61-A23F-47EA-B727-89E90C41499A): 1
LogDevObjectVersion:   FortniteMain (601D1886-AC64-4F84-AA16-D3DE0DEAC7D6): 31
LogDevObjectVersion:   Dev-Enterprise (9DFFBCD6-494F-0158-E221-12823C92A888): 10
LogDevObjectVersion:   Dev-Niagara (F2AED0AC-9AFE-416F-8664-AA7FFA26D6FC): 1
LogDevObjectVersion:   Dev-Destruction (174F1F0B-B4C6-45A5-B13F-2EE8D0FB917D): 10
LogDevObjectVersion:   Dev-Physics-Ext (35F94A83-E258-406C-A318-09F59610247C): 37
LogDevObjectVersion:   Dev-PhysicsMaterial-Chaos (B68FC16E-8B1B-42E2-B453-215C058844FE): 1
LogDevObjectVersion:   Dev-CineCamera (B2E18506-4273-CFC2-A54E-F4BB758BBA07): 1
LogInit: Presizing for max 25165824 objects, including 0 objects not considered by GC, pre-allocating 0 bytes for permanent pool.
LogConfig: Applying CVar settings from Section [/Script/Engine.StreamingSettings] File [E:/Github/GEP/GEPProject/Saved/Config/Windows/Engine.ini]
LogConfig: Setting CVar [[s.MinBulkDataSizeForAsyncLoading:131072]]
LogConfig: Setting CVar [[s.AsyncLoadingThreadEnabled:0]]
LogConfig: Setting CVar [[s.EventDrivenLoaderEnabled:1]]
LogConfig: Setting CVar [[s.WarnIfTimeLimitExceeded:0]]
LogConfig: Setting CVar [[s.TimeLimitExceededMultiplier:1.5]]
LogConfig: Setting CVar [[s.TimeLimitExceededMinTime:0.005]]
LogConfig: Setting CVar [[s.UseBackgroundLevelStreaming:1]]
LogConfig: Setting CVar [[s.PriorityAsyncLoadingExtraTime:15.0]]
LogConfig: Setting CVar [[s.LevelStreamingActorsUpdateTimeLimit:5.0]]
LogConfig: Setting CVar [[s.PriorityLevelStreamingActorsUpdateExtraTime:5.0]]
LogConfig: Setting CVar [[s.LevelStreamingComponentsRegistrationGranularity:10]]
LogConfig: Setting CVar [[s.UnregisterComponentsTimeLimit:1.0]]
LogConfig: Setting CVar [[s.LevelStreamingComponentsUnregistrationGranularity:5]]
LogConfig: Setting CVar [[s.FlushStreamingOnExit:1]]
LogInit: Object subsystem initialized
LogConfig: Setting CVar [[con.DebugEarlyDefault:1]]
LogConfig: Setting CVar [[r.setres:1280x720]]
[2021.02.24-10.07.40:090][  0]LogConfig: Setting CVar [[r.VSync:0]]
[2021.02.24-10.07.40:090][  0]LogConfig: Setting CVar [[r.RHICmdBypass:0]]
[2021.02.24-10.07.40:090][  0]LogConfig: Applying CVar settings from Section [/Script/Engine.RendererSettings] File [E:/Github/GEP/GEPProject/Saved/Config/Windows/Engine.ini]
[2021.02.24-10.07.40:090][  0]LogConfig: Setting CVar [[r.GPUCrashDebugging:0]]
[2021.02.24-10.07.40:090][  0]LogConfig: Applying CVar settings from Section [/Script/Engine.RendererOverrideSettings] File [E:/Github/GEP/GEPProject/Saved/Config/Windows/Engine.ini]
[2021.02.24-10.07.40:090][  0]LogConfig: Applying CVar settings from Section [/Script/Engine.StreamingSettings] File [E:/Github/GEP/GEPProject/Saved/Config/Windows/Engine.ini]
[2021.02.24-10.07.40:090][  0]LogConfig: Setting CVar [[s.MinBulkDataSizeForAsyncLoading:131072]]
[2021.02.24-10.07.40:090][  0]LogConfig: Setting CVar [[s.AsyncLoadingThreadEnabled:0]]
[2021.02.24-10.07.40:090][  0]LogConfig: Setting CVar [[s.EventDrivenLoaderEnabled:1]]
[2021.02.24-10.07.40:090][  0]LogConfig: Setting CVar [[s.WarnIfTimeLimitExceeded:0]]
[2021.02.24-10.07.40:090][  0]LogConfig: Setting CVar [[s.TimeLimitExceededMultiplier:1.5]]
[2021.02.24-10.07.40:090][  0]LogConfig: Setting CVar [[s.TimeLimitExceededMinTime:0.005]]
[2021.02.24-10.07.40:090][  0]LogConfig: Setting CVar [[s.UseBackgroundLevelStreaming:1]]
[2021.02.24-10.07.40:090][  0]LogConfig: Setting CVar [[s.PriorityAsyncLoadingExtraTime:15.0]]
[2021.02.24-10.07.40:090][  0]LogConfig: Setting CVar [[s.LevelStreamingActorsUpdateTimeLimit:5.0]]
[2021.02.24-10.07.40:090][  0]LogConfig: Setting CVar [[s.PriorityLevelStreamingActorsUpdateExtraTime:5.0]]
[2021.02.24-10.07.40:090][  0]LogConfig: Setting CVar [[s.LevelStreamingComponentsRegistrationGranularity:10]]
[2021.02.24-10.07.40:090][  0]LogConfig: Setting CVar [[s.UnregisterComponentsTimeLimit:1.0]]
[2021.02.24-10.07.40:090][  0]LogConfig: Setting CVar [[s.LevelStreamingComponentsUnregistrationGranularity:5]]
[2021.02.24-10.07.40:090][  0]LogConfig: Setting CVar [[s.FlushStreamingOnExit:1]]
[2021.02.24-10.07.40:090][  0]LogConfig: Applying CVar settings from Section [/Script/Engine.GarbageCollectionSettings] File [E:/Github/GEP/GEPProject/Saved/Config/Windows/Engine.ini]
[2021.02.24-10.07.40:090][  0]LogConfig: Setting CVar [[gc.MaxObjectsNotConsideredByGC:1]]
[2021.02.24-10.07.40:090][  0]LogConfig: Setting CVar [[gc.SizeOfPermanentObjectPool:0]]
[2021.02.24-10.07.40:090][  0]LogConfig: Setting CVar [[gc.FlushStreamingOnGC:0]]
[2021.02.24-10.07.40:090][  0]LogConfig: Setting CVar [[gc.NumRetriesBeforeForcingGC:10]]
[2021.02.24-10.07.40:090][  0]LogConfig: Setting CVar [[gc.AllowParallelGC:1]]
[2021.02.24-10.07.40:090][  0]LogConfig: Setting CVar [[gc.TimeBetweenPurgingPendingKillObjects:61.1]]
[2021.02.24-10.07.40:090][  0]LogConfig: Setting CVar [[gc.MaxObjectsInEditor:25165824]]
[2021.02.24-10.07.40:090][  0]LogConfig: Setting CVar [[gc.IncrementalBeginDestroyEnabled:1]]
[2021.02.24-10.07.40:090][  0]LogConfig: Setting CVar [[gc.CreateGCClusters:1]]
[2021.02.24-10.07.40:090][  0]LogConfig: Setting CVar [[gc.MinGCClusterSize:5]]
[2021.02.24-10.07.40:090][  0]LogConfig: Setting CVar [[gc.ActorClusteringEnabled:0]]
[2021.02.24-10.07.40:090][  0]LogConfig: Setting CVar [[gc.BlueprintClusteringEnabled:0]]
[2021.02.24-10.07.40:090][  0]LogConfig: Setting CVar [[gc.UseDisregardForGCOnDedicatedServers:0]]
[2021.02.24-10.07.40:090][  0]LogConfig: Applying CVar settings from Section [/Script/Engine.NetworkSettings] File [E:/Github/GEP/GEPProject/Saved/Config/Windows/Engine.ini]
[2021.02.24-10.07.40:090][  0]LogConfig: Applying CVar settings from Section [/Script/UnrealEd.CookerSettings] File [E:/Github/GEP/GEPProject/Saved/Config/Windows/Engine.ini]
[2021.02.24-10.07.40:095][  0]LogConfig: Applying CVar settings from Section [ViewDistanceQuality@3] File [E:/Github/GEP/GEPProject/Saved/Config/Windows/Scalability.ini]
[2021.02.24-10.07.40:095][  0]LogConfig: Setting CVar [[r.SkeletalMeshLODBias:0]]
[2021.02.24-10.07.40:095][  0]LogConfig: Setting CVar [[r.ViewDistanceScale:1.0]]
[2021.02.24-10.07.40:095][  0]LogConfig: Applying CVar settings from Section [AntiAliasingQuality@3] File [E:/Github/GEP/GEPProject/Saved/Config/Windows/Scalability.ini]
[2021.02.24-10.07.40:095][  0]LogConfig: Setting CVar [[r.PostProcessAAQuality:4]]
[2021.02.24-10.07.40:095][  0]LogConfig: Applying CVar settings from Section [ShadowQuality@3] File [E:/Github/GEP/GEPProject/Saved/Config/Windows/Scalability.ini]
[2021.02.24-10.07.40:095][  0]LogConfig: Setting CVar [[r.LightFunctionQuality:1]]
[2021.02.24-10.07.40:095][  0]LogConfig: Setting CVar [[r.ShadowQuality:5]]
[2021.02.24-10.07.40:095][  0]LogConfig: Setting CVar [[r.Shadow.CSM.MaxCascades:10]]
[2021.02.24-10.07.40:095][  0]LogConfig: Setting CVar [[r.Shadow.MaxResolution:2048]]
[2021.02.24-10.07.40:095][  0]LogConfig: Setting CVar [[r.Shadow.MaxCSMResolution:2048]]
[2021.02.24-10.07.40:095][  0]LogConfig: Setting CVar [[r.Shadow.RadiusThreshold:0.01]]
[2021.02.24-10.07.40:095][  0]LogConfig: Setting CVar [[r.Shadow.DistanceScale:1.0]]
[2021.02.24-10.07.40:095][  0]LogConfig: Setting CVar [[r.Shadow.CSM.TransitionScale:1.0]]
[2021.02.24-10.07.40:095][  0]LogConfig: Setting CVar [[r.Shadow.PreShadowResolutionFactor:1.0]]
[2021.02.24-10.07.40:095][  0]LogConfig: Setting CVar [[r.DistanceFieldShadowing:1]]
[2021.02.24-10.07.40:095][  0]LogConfig: Setting CVar [[r.DistanceFieldAO:1]]
[2021.02.24-10.07.40:095][  0]LogConfig: Setting CVar [[r.AOQuality:2]]
[2021.02.24-10.07.40:095][  0]LogConfig: Setting CVar [[r.VolumetricFog:1]]
[2021.02.24-10.07.40:095][  0]LogConfig: Setting CVar [[r.VolumetricFog.GridPixelSize:8]]
[2021.02.24-10.07.40:095][  0]LogConfig: Setting CVar [[r.VolumetricFog.GridSizeZ:128]]
[2021.02.24-10.07.40:095][  0]LogConfig: Setting CVar [[r.VolumetricFog.HistoryMissSupersampleCount:4]]
[2021.02.24-10.07.40:095][  0]LogConfig: Setting CVar [[r.LightMaxDrawDistanceScale:1]]
[2021.02.24-10.07.40:095][  0]LogConfig: Setting CVar [[r.CapsuleShadows:1]]
[2021.02.24-10.07.40:095][  0]LogConfig: Applying CVar settings from Section [PostProcessQuality@3] File [E:/Github/GEP/GEPProject/Saved/Config/Windows/Scalability.ini]
[2021.02.24-10.07.40:095][  0]LogConfig: Setting CVar [[r.MotionBlurQuality:4]]
[2021.02.24-10.07.40:095][  0]LogConfig: Setting CVar [[r.AmbientOcclusionMipLevelFactor:0.4]]
[2021.02.24-10.07.40:095][  0]LogConfig: Setting CVar [[r.AmbientOcclusionMaxQuality:100]]
[2021.02.24-10.07.40:095][  0]LogConfig: Setting CVar [[r.AmbientOcclusionLevels:-1]]
[2021.02.24-10.07.40:095][  0]LogConfig: Setting CVar [[r.AmbientOcclusionRadiusScale:1.0]]
[2021.02.24-10.07.40:095][  0]LogConfig: Setting CVar [[r.DepthOfFieldQuality:2]]
[2021.02.24-10.07.40:095][  0]LogConfig: Setting CVar [[r.RenderTargetPoolMin:400]]
[2021.02.24-10.07.40:095][  0]LogConfig: Setting CVar [[r.LensFlareQuality:2]]
[2021.02.24-10.07.40:095][  0]LogConfig: Setting CVar [[r.SceneColorFringeQuality:1]]
[2021.02.24-10.07.40:095][  0]LogConfig: Setting CVar [[r.EyeAdaptationQuality:2]]
[2021.02.24-10.07.40:095][  0]LogConfig: Setting CVar [[r.BloomQuality:5]]
[2021.02.24-10.07.40:095][  0]LogConfig: Setting CVar [[r.FastBlurThreshold:100]]
[2021.02.24-10.07.40:095][  0]LogConfig: Setting CVar [[r.Upscale.Quality:3]]
[2021.02.24-10.07.40:095][  0]LogConfig: Setting CVar [[r.Tonemapper.GrainQuantization:1]]
[2021.02.24-10.07.40:095][  0]LogConfig: Setting CVar [[r.LightShaftQuality:1]]
[2021.02.24-10.07.40:095][  0]LogConfig: Setting CVar [[r.Filter.SizeScale:1]]
[2021.02.24-10.07.40:095][  0]LogConfig: Setting CVar [[r.Tonemapper.Quality:5]]
[2021.02.24-10.07.40:095][  0]LogConfig: Setting CVar [[r.DOF.Gather.AccumulatorQuality:1        ; higher gathering accumulator quality]]
[2021.02.24-10.07.40:095][  0]LogConfig: Setting CVar [[r.DOF.Gather.PostfilterMethod:1          ; Median3x3 postfilering method]]
[2021.02.24-10.07.40:095][  0]LogConfig: Setting CVar [[r.DOF.Gather.EnableBokehSettings:0       ; no bokeh simulation when gathering]]
[2021.02.24-10.07.40:095][  0]LogConfig: Setting CVar [[r.DOF.Gather.RingCount:4                 ; medium number of samples when gathering]]
[2021.02.24-10.07.40:095][  0]LogConfig: Setting CVar [[r.DOF.Scatter.ForegroundCompositing:1    ; additive foreground scattering]]
[2021.02.24-10.07.40:095][  0]LogConfig: Setting CVar [[r.DOF.Scatter.BackgroundCompositing:2    ; additive background scattering]]
[2021.02.24-10.07.40:095][  0]LogConfig: Setting CVar [[r.DOF.Scatter.EnableBokehSettings:1      ; bokeh simulation when scattering]]
[2021.02.24-10.07.40:095][  0]LogConfig: Setting CVar [[r.DOF.Scatter.MaxSpriteRatio:0.1         ; only a maximum of 10% of scattered bokeh]]
[2021.02.24-10.07.40:095][  0]LogConfig: Setting CVar [[r.DOF.Recombine.Quality:1                ; cheap slight out of focus]]
[2021.02.24-10.07.40:095][  0]LogConfig: Setting CVar [[r.DOF.Recombine.EnableBokehSettings:0    ; no bokeh simulation on slight out of focus]]
[2021.02.24-10.07.40:095][  0]LogConfig: Setting CVar [[r.DOF.TemporalAAQuality:1                ; more stable temporal accumulation]]
[2021.02.24-10.07.40:095][  0]LogConfig: Setting CVar [[r.DOF.Kernel.MaxForegroundRadius:0.025]]
[2021.02.24-10.07.40:095][  0]LogConfig: Setting CVar [[r.DOF.Kernel.MaxBackgroundRadius:0.025]]
[2021.02.24-10.07.40:095][  0]LogConfig: Applying CVar settings from Section [TextureQuality@3] File [E:/Github/GEP/GEPProject/Saved/Config/Windows/Scalability.ini]
[2021.02.24-10.07.40:095][  0]LogConfig: Setting CVar [[r.Streaming.MipBias:0]]
[2021.02.24-10.07.40:095][  0]LogConfig: Setting CVar [[r.Streaming.AmortizeCPUToGPUCopy:0]]
[2021.02.24-10.07.40:095][  0]LogConfig: Setting CVar [[r.Streaming.MaxNumTexturesToStreamPerFrame:0]]
[2021.02.24-10.07.40:095][  0]LogConfig: Setting CVar [[r.Streaming.Boost:1]]
[2021.02.24-10.07.40:095][  0]LogConfig: Setting CVar [[r.MaxAnisotropy:8]]
[2021.02.24-10.07.40:095][  0]LogConfig: Setting CVar [[r.VT.MaxAnisotropy:8]]
[2021.02.24-10.07.40:095][  0]LogConfig: Setting CVar [[r.Streaming.LimitPoolSizeToVRAM:0]]
[2021.02.24-10.07.40:095][  0]LogConfig: Setting CVar [[r.Streaming.PoolSize:1000]]
[2021.02.24-10.07.40:095][  0]LogConfig: Setting CVar [[r.Streaming.MaxEffectiveScreenSize:0]]
[2021.02.24-10.07.40:095][  0]LogConfig: Applying CVar settings from Section [EffectsQuality@3] File [E:/Github/GEP/GEPProject/Saved/Config/Windows/Scalability.ini]
[2021.02.24-10.07.40:095][  0]LogConfig: Setting CVar [[r.TranslucencyLightingVolumeDim:64]]
[2021.02.24-10.07.40:095][  0]LogConfig: Setting CVar [[r.RefractionQuality:2]]
[2021.02.24-10.07.40:095][  0]LogConfig: Setting CVar [[r.SSR.Quality:3]]
[2021.02.24-10.07.40:095][  0]LogConfig: Setting CVar [[r.SSR.HalfResSceneColor:0]]
[2021.02.24-10.07.40:095][  0]LogConfig: Setting CVar [[r.SceneColorFormat:4]]
[2021.02.24-10.07.40:095][  0]LogConfig: Setting CVar [[r.DetailMode:2]]
[2021.02.24-10.07.40:095][  0]LogConfig: Setting CVar [[r.TranslucencyVolumeBlur:1]]
[2021.02.24-10.07.40:095][  0]LogConfig: Setting CVar [[r.MaterialQualityLevel:1 ; High quality]]
[2021.02.24-10.07.40:095][  0]LogConfig: Setting CVar [[r.SSS.Scale:1]]
[2021.02.24-10.07.40:095][  0]LogConfig: Setting CVar [[r.SSS.SampleSet:2]]
[2021.02.24-10.07.40:096][  0]LogConfig: Setting CVar [[r.SSS.Quality:1]]
[2021.02.24-10.07.40:096][  0]LogConfig: Setting CVar [[r.SSS.HalfRes:0]]
[2021.02.24-10.07.40:096][  0]LogConfig: Setting CVar [[r.SSGI.Quality:3]]
[2021.02.24-10.07.40:096][  0]LogConfig: Setting CVar [[r.EmitterSpawnRateScale:1.0]]
[2021.02.24-10.07.40:096][  0]LogConfig: Setting CVar [[r.ParticleLightQuality:2]]
[2021.02.24-10.07.40:096][  0]LogConfig: Setting CVar [[r.SkyAtmosphere.AerialPerspectiveLUT.FastApplyOnOpaque:1 ; Always have FastSkyLUT 1 in this case to avoid wrong sky]]
[2021.02.24-10.07.40:096][  0]LogConfig: Setting CVar [[r.SkyAtmosphere.AerialPerspectiveLUT.SampleCountPerSlice:1]]
[2021.02.24-10.07.40:096][  0]LogConfig: Setting CVar [[r.SkyAtmosphere.AerialPerspectiveLUT.DepthResolution:16.0]]
[2021.02.24-10.07.40:096][  0]LogConfig: Setting CVar [[r.SkyAtmosphere.FastSkyLUT:1]]
[2021.02.24-10.07.40:096][  0]LogConfig: Setting CVar [[r.SkyAtmosphere.FastSkyLUT.SampleCountMin:4.0]]
[2021.02.24-10.07.40:096][  0]LogConfig: Setting CVar [[r.SkyAtmosphere.FastSkyLUT.SampleCountMax:32.0]]
[2021.02.24-10.07.40:096][  0]LogConfig: Setting CVar [[r.SkyAtmosphere.SampleCountMin:4.0]]
[2021.02.24-10.07.40:096][  0]LogConfig: Setting CVar [[r.SkyAtmosphere.SampleCountMax:32.0]]
[2021.02.24-10.07.40:096][  0]LogConfig: Setting CVar [[r.SkyAtmosphere.TransmittanceLUT.UseSmallFormat:0]]
[2021.02.24-10.07.40:096][  0]LogConfig: Setting CVar [[r.SkyAtmosphere.TransmittanceLUT.SampleCount:10.0]]
[2021.02.24-10.07.40:096][  0]LogConfig: Setting CVar [[r.SkyAtmosphere.MultiScatteringLUT.SampleCount:15.0]]
[2021.02.24-10.07.40:096][  0]LogConfig: Applying CVar settings from Section [FoliageQuality@3] File [E:/Github/GEP/GEPProject/Saved/Config/Windows/Scalability.ini]
[2021.02.24-10.07.40:096][  0]LogConfig: Setting CVar [[foliage.DensityScale:1.0]]
[2021.02.24-10.07.40:096][  0]LogConfig: Setting CVar [[grass.DensityScale:1.0]]
[2021.02.24-10.07.40:096][  0]LogConfig: Applying CVar settings from Section [ShadingQuality@3] File [E:/Github/GEP/GEPProject/Saved/Config/Windows/Scalability.ini]
[2021.02.24-10.07.40:096][  0]LogConfig: Setting CVar [[r.HairStrands.SkyLighting.SampleCount:16]]
[2021.02.24-10.07.40:096][  0]LogConfig: Setting CVar [[r.HairStrands.SkyLighting.JitterIntegration:0]]
[2021.02.24-10.07.40:096][  0]LogConfig: Setting CVar [[r.HairStrands.SkyAO.SampleCount:16]]
[2021.02.24-10.07.40:096][  0]LogConfig: Setting CVar [[r.HairStrands.DeepShadow.SuperSampling:0]]
[2021.02.24-10.07.40:096][  0]LogConfig: Setting CVar [[r.HairStrands.VisibilityPPLL:0]]
[2021.02.24-10.07.40:096][  0]LogConfig: Setting CVar [[r.HairStrands.RasterizationScale:0.5]]
[2021.02.24-10.07.40:096][  0]LogConfig: Setting CVar [[r.HairStrands.VelocityRasterizationScale:1]]
[2021.02.24-10.07.40:096][  0]LogInit: Selected Device Profile: [Windows]
[2021.02.24-10.07.40:096][  0]LogInit: Applying CVar settings loaded from the selected device profile: [Windows]
[2021.02.24-10.07.40:096][  0]LogHAL: Display: Platform has ~ 16 GB [17123741696 / 17179869184 / 16], which maps to Larger [LargestMinGB=32, LargerMinGB=12, DefaultMinGB=8, SmallerMinGB=6, SmallestMinGB=0)
[2021.02.24-10.07.40:096][  0]LogInit: Going up to parent DeviceProfile []
[2021.02.24-10.07.40:096][  0]LogConfig: Applying CVar settings from Section [ViewDistanceQuality@3] File [E:/Github/GEP/GEPProject/Saved/Config/Windows/Scalability.ini]
[2021.02.24-10.07.40:096][  0]LogConfig: Setting CVar [[r.SkeletalMeshLODBias:0]]
[2021.02.24-10.07.40:096][  0]LogConfig: Setting CVar [[r.ViewDistanceScale:1.0]]
[2021.02.24-10.07.40:096][  0]LogConfig: Applying CVar settings from Section [AntiAliasingQuality@3] File [E:/Github/GEP/GEPProject/Saved/Config/Windows/Scalability.ini]
[2021.02.24-10.07.40:096][  0]LogConfig: Setting CVar [[r.PostProcessAAQuality:4]]
[2021.02.24-10.07.40:096][  0]LogConfig: Applying CVar settings from Section [ShadowQuality@3] File [E:/Github/GEP/GEPProject/Saved/Config/Windows/Scalability.ini]
[2021.02.24-10.07.40:096][  0]LogConfig: Setting CVar [[r.LightFunctionQuality:1]]
[2021.02.24-10.07.40:096][  0]LogConfig: Setting CVar [[r.ShadowQuality:5]]
[2021.02.24-10.07.40:096][  0]LogConfig: Setting CVar [[r.Shadow.CSM.MaxCascades:10]]
[2021.02.24-10.07.40:096][  0]LogConfig: Setting CVar [[r.Shadow.MaxResolution:2048]]
[2021.02.24-10.07.40:096][  0]LogConfig: Setting CVar [[r.Shadow.MaxCSMResolution:2048]]
[2021.02.24-10.07.40:096][  0]LogConfig: Setting CVar [[r.Shadow.RadiusThreshold:0.01]]
[2021.02.24-10.07.40:096][  0]LogConfig: Setting CVar [[r.Shadow.DistanceScale:1.0]]
[2021.02.24-10.07.40:096][  0]LogConfig: Setting CVar [[r.Shadow.CSM.TransitionScale:1.0]]
[2021.02.24-10.07.40:096][  0]LogConfig: Setting CVar [[r.Shadow.PreShadowResolutionFactor:1.0]]
[2021.02.24-10.07.40:096][  0]LogConfig: Setting CVar [[r.DistanceFieldShadowing:1]]
[2021.02.24-10.07.40:096][  0]LogConfig: Setting CVar [[r.DistanceFieldAO:1]]
[2021.02.24-10.07.40:096][  0]LogConfig: Setting CVar [[r.AOQuality:2]]
[2021.02.24-10.07.40:096][  0]LogConfig: Setting CVar [[r.VolumetricFog:1]]
[2021.02.24-10.07.40:096][  0]LogConfig: Setting CVar [[r.VolumetricFog.GridPixelSize:8]]
[2021.02.24-10.07.40:096][  0]LogConfig: Setting CVar [[r.VolumetricFog.GridSizeZ:128]]
[2021.02.24-10.07.40:096][  0]LogConfig: Setting CVar [[r.VolumetricFog.HistoryMissSupersampleCount:4]]
[2021.02.24-10.07.40:096][  0]LogConfig: Setting CVar [[r.LightMaxDrawDistanceScale:1]]
[2021.02.24-10.07.40:096][  0]LogConfig: Setting CVar [[r.CapsuleShadows:1]]
[2021.02.24-10.07.40:096][  0]LogConfig: Applying CVar settings from Section [PostProcessQuality@3] File [E:/Github/GEP/GEPProject/Saved/Config/Windows/Scalability.ini]
[2021.02.24-10.07.40:096][  0]LogConfig: Setting CVar [[r.MotionBlurQuality:4]]
[2021.02.24-10.07.40:096][  0]LogConfig: Setting CVar [[r.AmbientOcclusionMipLevelFactor:0.4]]
[2021.02.24-10.07.40:096][  0]LogConfig: Setting CVar [[r.AmbientOcclusionMaxQuality:100]]
[2021.02.24-10.07.40:096][  0]LogConfig: Setting CVar [[r.AmbientOcclusionLevels:-1]]
[2021.02.24-10.07.40:096][  0]LogConfig: Setting CVar [[r.AmbientOcclusionRadiusScale:1.0]]
[2021.02.24-10.07.40:096][  0]LogConfig: Setting CVar [[r.DepthOfFieldQuality:2]]
[2021.02.24-10.07.40:096][  0]LogConfig: Setting CVar [[r.RenderTargetPoolMin:400]]
[2021.02.24-10.07.40:096][  0]LogConfig: Setting CVar [[r.LensFlareQuality:2]]
[2021.02.24-10.07.40:096][  0]LogConfig: Setting CVar [[r.SceneColorFringeQuality:1]]
[2021.02.24-10.07.40:096][  0]LogConfig: Setting CVar [[r.EyeAdaptationQuality:2]]
[2021.02.24-10.07.40:096][  0]LogConfig: Setting CVar [[r.BloomQuality:5]]
[2021.02.24-10.07.40:096][  0]LogConfig: Setting CVar [[r.FastBlurThreshold:100]]
[2021.02.24-10.07.40:096][  0]LogConfig: Setting CVar [[r.Upscale.Quality:3]]
[2021.02.24-10.07.40:096][  0]LogConfig: Setting CVar [[r.Tonemapper.GrainQuantization:1]]
[2021.02.24-10.07.40:096][  0]LogConfig: Setting CVar [[r.LightShaftQuality:1]]
[2021.02.24-10.07.40:096][  0]LogConfig: Setting CVar [[r.Filter.SizeScale:1]]
[2021.02.24-10.07.40:096][  0]LogConfig: Setting CVar [[r.Tonemapper.Quality:5]]
[2021.02.24-10.07.40:096][  0]LogConfig: Setting CVar [[r.DOF.Gather.AccumulatorQuality:1        ; higher gathering accumulator quality]]
[2021.02.24-10.07.40:097][  0]LogConfig: Setting CVar [[r.DOF.Gather.PostfilterMethod:1          ; Median3x3 postfilering method]]
[2021.02.24-10.07.40:097][  0]LogConfig: Setting CVar [[r.DOF.Gather.EnableBokehSettings:0       ; no bokeh simulation when gathering]]
[2021.02.24-10.07.40:097][  0]LogConfig: Setting CVar [[r.DOF.Gather.RingCount:4                 ; medium number of samples when gathering]]
[2021.02.24-10.07.40:097][  0]LogConfig: Setting CVar [[r.DOF.Scatter.ForegroundCompositing:1    ; additive foreground scattering]]
[2021.02.24-10.07.40:097][  0]LogConfig: Setting CVar [[r.DOF.Scatter.BackgroundCompositing:2    ; additive background scattering]]
[2021.02.24-10.07.40:097][  0]LogConfig: Setting CVar [[r.DOF.Scatter.EnableBokehSettings:1      ; bokeh simulation when scattering]]
[2021.02.24-10.07.40:097][  0]LogConfig: Setting CVar [[r.DOF.Scatter.MaxSpriteRatio:0.1         ; only a maximum of 10% of scattered bokeh]]
[2021.02.24-10.07.40:097][  0]LogConfig: Setting CVar [[r.DOF.Recombine.Quality:1                ; cheap slight out of focus]]
[2021.02.24-10.07.40:097][  0]LogConfig: Setting CVar [[r.DOF.Recombine.EnableBokehSettings:0    ; no bokeh simulation on slight out of focus]]
[2021.02.24-10.07.40:097][  0]LogConfig: Setting CVar [[r.DOF.TemporalAAQuality:1                ; more stable temporal accumulation]]
[2021.02.24-10.07.40:097][  0]LogConfig: Setting CVar [[r.DOF.Kernel.MaxForegroundRadius:0.025]]
[2021.02.24-10.07.40:097][  0]LogConfig: Setting CVar [[r.DOF.Kernel.MaxBackgroundRadius:0.025]]
[2021.02.24-10.07.40:097][  0]LogConfig: Applying CVar settings from Section [TextureQuality@3] File [E:/Github/GEP/GEPProject/Saved/Config/Windows/Scalability.ini]
[2021.02.24-10.07.40:097][  0]LogConfig: Setting CVar [[r.Streaming.MipBias:0]]
[2021.02.24-10.07.40:097][  0]LogConfig: Setting CVar [[r.Streaming.AmortizeCPUToGPUCopy:0]]
[2021.02.24-10.07.40:097][  0]LogConfig: Setting CVar [[r.Streaming.MaxNumTexturesToStreamPerFrame:0]]
[2021.02.24-10.07.40:097][  0]LogConfig: Setting CVar [[r.Streaming.Boost:1]]
[2021.02.24-10.07.40:097][  0]LogConfig: Setting CVar [[r.MaxAnisotropy:8]]
[2021.02.24-10.07.40:097][  0]LogConfig: Setting CVar [[r.VT.MaxAnisotropy:8]]
[2021.02.24-10.07.40:097][  0]LogConfig: Setting CVar [[r.Streaming.LimitPoolSizeToVRAM:0]]
[2021.02.24-10.07.40:097][  0]LogConfig: Setting CVar [[r.Streaming.PoolSize:1000]]
[2021.02.24-10.07.40:097][  0]LogConfig: Setting CVar [[r.Streaming.MaxEffectiveScreenSize:0]]
[2021.02.24-10.07.40:097][  0]LogConfig: Applying CVar settings from Section [EffectsQuality@3] File [E:/Github/GEP/GEPProject/Saved/Config/Windows/Scalability.ini]
[2021.02.24-10.07.40:097][  0]LogConfig: Setting CVar [[r.TranslucencyLightingVolumeDim:64]]
[2021.02.24-10.07.40:097][  0]LogConfig: Setting CVar [[r.RefractionQuality:2]]
[2021.02.24-10.07.40:097][  0]LogConfig: Setting CVar [[r.SSR.Quality:3]]
[2021.02.24-10.07.40:097][  0]LogConfig: Setting CVar [[r.SSR.HalfResSceneColor:0]]
[2021.02.24-10.07.40:097][  0]LogConfig: Setting CVar [[r.SceneColorFormat:4]]
[2021.02.24-10.07.40:097][  0]LogConfig: Setting CVar [[r.DetailMode:2]]
[2021.02.24-10.07.40:097][  0]LogConfig: Setting CVar [[r.TranslucencyVolumeBlur:1]]
[2021.02.24-10.07.40:097][  0]LogConfig: Setting CVar [[r.MaterialQualityLevel:1 ; High quality]]
[2021.02.24-10.07.40:097][  0]LogConfig: Setting CVar [[r.SSS.Scale:1]]
[2021.02.24-10.07.40:097][  0]LogConfig: Setting CVar [[r.SSS.SampleSet:2]]
[2021.02.24-10.07.40:097][  0]LogConfig: Setting CVar [[r.SSS.Quality:1]]
[2021.02.24-10.07.40:097][  0]LogConfig: Setting CVar [[r.SSS.HalfRes:0]]
[2021.02.24-10.07.40:097][  0]LogConfig: Setting CVar [[r.SSGI.Quality:3]]
[2021.02.24-10.07.40:097][  0]LogConfig: Setting CVar [[r.EmitterSpawnRateScale:1.0]]
[2021.02.24-10.07.40:097][  0]LogConfig: Setting CVar [[r.ParticleLightQuality:2]]
[2021.02.24-10.07.40:097][  0]LogConfig: Setting CVar [[r.SkyAtmosphere.AerialPerspectiveLUT.FastApplyOnOpaque:1 ; Always have FastSkyLUT 1 in this case to avoid wrong sky]]
[2021.02.24-10.07.40:097][  0]LogConfig: Setting CVar [[r.SkyAtmosphere.AerialPerspectiveLUT.SampleCountPerSlice:1]]
[2021.02.24-10.07.40:097][  0]LogConfig: Setting CVar [[r.SkyAtmosphere.AerialPerspectiveLUT.DepthResolution:16.0]]
[2021.02.24-10.07.40:097][  0]LogConfig: Setting CVar [[r.SkyAtmosphere.FastSkyLUT:1]]
[2021.02.24-10.07.40:097][  0]LogConfig: Setting CVar [[r.SkyAtmosphere.FastSkyLUT.SampleCountMin:4.0]]
[2021.02.24-10.07.40:097][  0]LogConfig: Setting CVar [[r.SkyAtmosphere.FastSkyLUT.SampleCountMax:32.0]]
[2021.02.24-10.07.40:097][  0]LogConfig: Setting CVar [[r.SkyAtmosphere.SampleCountMin:4.0]]
[2021.02.24-10.07.40:097][  0]LogConfig: Setting CVar [[r.SkyAtmosphere.SampleCountMax:32.0]]
[2021.02.24-10.07.40:097][  0]LogConfig: Setting CVar [[r.SkyAtmosphere.TransmittanceLUT.UseSmallFormat:0]]
[2021.02.24-10.07.40:097][  0]LogConfig: Setting CVar [[r.SkyAtmosphere.TransmittanceLUT.SampleCount:10.0]]
[2021.02.24-10.07.40:097][  0]LogConfig: Setting CVar [[r.SkyAtmosphere.MultiScatteringLUT.SampleCount:15.0]]
[2021.02.24-10.07.40:097][  0]LogConfig: Applying CVar settings from Section [FoliageQuality@3] File [E:/Github/GEP/GEPProject/Saved/Config/Windows/Scalability.ini]
[2021.02.24-10.07.40:097][  0]LogConfig: Setting CVar [[foliage.DensityScale:1.0]]
[2021.02.24-10.07.40:097][  0]LogConfig: Setting CVar [[grass.DensityScale:1.0]]
[2021.02.24-10.07.40:097][  0]LogConfig: Applying CVar settings from Section [ShadingQuality@3] File [E:/Github/GEP/GEPProject/Saved/Config/Windows/Scalability.ini]
[2021.02.24-10.07.40:097][  0]LogConfig: Setting CVar [[r.HairStrands.SkyLighting.SampleCount:16]]
[2021.02.24-10.07.40:097][  0]LogConfig: Setting CVar [[r.HairStrands.SkyLighting.JitterIntegration:0]]
[2021.02.24-10.07.40:097][  0]LogConfig: Setting CVar [[r.HairStrands.SkyAO.SampleCount:16]]
[2021.02.24-10.07.40:097][  0]LogConfig: Setting CVar [[r.HairStrands.DeepShadow.SuperSampling:0]]
[2021.02.24-10.07.40:097][  0]LogConfig: Setting CVar [[r.HairStrands.VisibilityPPLL:0]]
[2021.02.24-10.07.40:097][  0]LogConfig: Setting CVar [[r.HairStrands.RasterizationScale:0.5]]
[2021.02.24-10.07.40:097][  0]LogConfig: Setting CVar [[r.HairStrands.VelocityRasterizationScale:1]]
[2021.02.24-10.07.40:097][  0]LogConfig: Applying CVar settings from Section [Startup] File [../../../Engine/Config/ConsoleVariables.ini]
[2021.02.24-10.07.40:098][  0]LogConfig: Setting CVar [[net.UseAdaptiveNetUpdateFrequency:0]]
[2021.02.24-10.07.40:098][  0]LogConfig: Setting CVar [[p.chaos.AllowCreatePhysxBodies:1]]
[2021.02.24-10.07.40:098][  0]LogConfig: Setting CVar [[fx.SkipVectorVMBackendOptimizations:1]]
[2021.02.24-10.07.40:098][  0]LogConfig: Applying CVar settings from Section [ConsoleVariables] File [E:/Github/GEP/GEPProject/Saved/Config/Windows/Engine.ini]
[2021.02.24-10.07.40:098][  0]LogInit: Computer: DESKTOP-8MPSU4G
[2021.02.24-10.07.40:098][  0]LogInit: User: cathan
[2021.02.24-10.07.40:098][  0]LogInit: CPU Page size=4096, Cores=8
[2021.02.24-10.07.40:098][  0]LogInit: High frequency timer resolution =10.000000 MHz
[2021.02.24-10.07.40:098][  0]LogMemory: Memory total: Physical=15.9GB (16GB approx)
[2021.02.24-10.07.40:098][  0]LogMemory: Platform Memory Stats for Windows
[2021.02.24-10.07.40:098][  0]LogMemory: Process Physical Memory: 117.55 MB used, 117.55 MB peak
[2021.02.24-10.07.40:098][  0]LogMemory: Process Virtual Memory: 98.21 MB used, 98.21 MB peak
[2021.02.24-10.07.40:098][  0]LogMemory: Physical Memory: 13743.29 MB used,  2587.18 MB free, 16330.47 MB total
[2021.02.24-10.07.40:098][  0]LogMemory: Virtual Memory: 5186.79 MB used,  134212544.00 MB free, 134217728.00 MB total
[2021.02.24-10.07.40:104][  0]LogWindows: WindowsPlatformFeatures enabled
[2021.02.24-10.07.40:177][  0]LogInit: Physics initialised using underlying interface: PhysX
[2021.02.24-10.07.40:179][  0]LogInit: Using OS detected language (en-GB).
[2021.02.24-10.07.40:179][  0]LogInit: Using OS detected locale (en-GB).
[2021.02.24-10.07.40:190][  0]LogTextLocalizationManager: No specific localization for 'en-GB' exists, so the 'en' localization will be used.
[2021.02.24-10.07.40:440][  0]LogInit: Setting process to per monitor DPI aware
[2021.02.24-10.07.40:474][  0]LogSlate: New Slate User Created.  User Index 0, Is Virtual User: 0
[2021.02.24-10.07.40:474][  0]LogSlate: Slate User Registered.  User Index 0, Is Virtual User: 0
[2021.02.24-10.07.40:804][  0]LogHMD: Failed to initialize OpenVR with code 110
[2021.02.24-10.07.40:804][  0]LogD3D11RHI: D3D11 min allowed feature level: 11_0
[2021.02.24-10.07.40:804][  0]LogD3D11RHI: D3D11 max allowed feature level: 11_0
[2021.02.24-10.07.40:804][  0]LogD3D11RHI: D3D11 adapters:
[2021.02.24-10.07.40:924][  0]LogD3D11RHI:    0. 'NVIDIA GeForce RTX 2060' (Feature Level 11_0)
[2021.02.24-10.07.40:924][  0]LogD3D11RHI:       5980/0/8165 MB DedicatedVideo/DedicatedSystem/SharedSystem, Outputs:2, VendorId:0x10de
[2021.02.24-10.07.40:928][  0]LogD3D11RHI:    1. 'Microsoft Basic Render Driver' (Feature Level 11_0)
[2021.02.24-10.07.40:928][  0]LogD3D11RHI:       0/0/8165 MB DedicatedVideo/DedicatedSystem/SharedSystem, Outputs:0, VendorId:0x1414
[2021.02.24-10.07.40:928][  0]LogD3D11RHI: Chosen D3D11 Adapter: 0
[2021.02.24-10.07.40:937][  0]LogD3D11RHI: Creating new Direct3DDevice
[2021.02.24-10.07.40:937][  0]LogD3D11RHI:     GPU DeviceId: 0x1f08 (for the marketing name, search the web for "GPU Device Id")
[2021.02.24-10.07.40:937][  0]LogWindows: EnumDisplayDevices:
[2021.02.24-10.07.40:937][  0]LogWindows:    0. 'NVIDIA GeForce RTX 2060' (P:1 D:1)
[2021.02.24-10.07.40:938][  0]LogWindows:    1. 'NVIDIA GeForce RTX 2060' (P:0 D:1)
[2021.02.24-10.07.40:938][  0]LogWindows:    2. 'NVIDIA GeForce RTX 2060' (P:0 D:0)
[2021.02.24-10.07.40:938][  0]LogWindows:    3. 'NVIDIA GeForce RTX 2060' (P:0 D:0)
[2021.02.24-10.07.40:938][  0]LogWindows: DebugString: FoundDriverCount:4 
[2021.02.24-10.07.40:938][  0]LogD3D11RHI:     Adapter Name: NVIDIA GeForce RTX 2060
[2021.02.24-10.07.40:938][  0]LogD3D11RHI:   Driver Version: 460.79 (internal:27.21.14.6079, unified:460.79)
[2021.02.24-10.07.40:938][  0]LogD3D11RHI:      Driver Date: 12-3-2020
[2021.02.24-10.07.40:938][  0]LogRHI: Texture pool is 4186 MB (70% of 5980 MB)
[2021.02.24-10.07.41:027][  0]LogD3D11RHI: RHI has support for 64 bit atomics
[2021.02.24-10.07.41:027][  0]LogD3D11RHI: Async texture creation enabled
[2021.02.24-10.07.41:027][  0]LogD3D11RHI: Array index from any shader is supported
[2021.02.24-10.07.41:059][  0]LogD3D11RHI: GPU Timing Frequency: 1000.000000 (Debug: 2 1)
[2021.02.24-10.07.41:343][  0]LogTargetPlatformManager: Display: Loaded TargetPlatform 'AllDesktop'
[2021.02.24-10.07.41:367][  0]LogTargetPlatformManager: Display: Loaded TargetPlatform 'Android'
[2021.02.24-10.07.41:367][  0]LogTargetPlatformManager: Display: Loaded TargetPlatform 'Android_ASTC'
[2021.02.24-10.07.41:367][  0]LogTargetPlatformManager: Display: Loaded TargetPlatform 'Android_DXT'
[2021.02.24-10.07.41:367][  0]LogTargetPlatformManager: Display: Loaded TargetPlatform 'Android_ETC2'
[2021.02.24-10.07.41:367][  0]LogTargetPlatformManager: Display: Loaded TargetPlatform 'AndroidClient'
[2021.02.24-10.07.41:367][  0]LogTargetPlatformManager: Display: Loaded TargetPlatform 'Android_ASTCClient'
[2021.02.24-10.07.41:367][  0]LogTargetPlatformManager: Display: Loaded TargetPlatform 'Android_DXTClient'
[2021.02.24-10.07.41:367][  0]LogTargetPlatformManager: Display: Loaded TargetPlatform 'Android_ETC2Client'
[2021.02.24-10.07.41:367][  0]LogTargetPlatformManager: Display: Loaded TargetPlatform 'Android_Multi'
[2021.02.24-10.07.41:367][  0]LogTargetPlatformManager: Display: Loaded TargetPlatform 'Android_MultiClient'
[2021.02.24-10.07.41:397][  0]LogTargetPlatformManager: Display: Loaded TargetPlatform 'IOSClient'
[2021.02.24-10.07.41:397][  0]LogTargetPlatformManager: Display: Loaded TargetPlatform 'IOS'
[2021.02.24-10.07.41:409][  0]LogTargetPlatformManager: Display: Loaded TargetPlatform 'Linux'
[2021.02.24-10.07.41:420][  0]LogTargetPlatformManager: Display: Loaded TargetPlatform 'LinuxNoEditor'
[2021.02.24-10.07.41:431][  0]LogTargetPlatformManager: Display: Loaded TargetPlatform 'LinuxClient'
[2021.02.24-10.07.41:441][  0]LogTargetPlatformManager: Display: Loaded TargetPlatform 'LinuxServer'
[2021.02.24-10.07.41:452][  0]LogTargetPlatformManager: Display: Loaded TargetPlatform 'LinuxAArch64NoEditor'
[2021.02.24-10.07.41:463][  0]LogTargetPlatformManager: Display: Loaded TargetPlatform 'LinuxAArch64Client'
[2021.02.24-10.07.41:474][  0]LogTargetPlatformManager: Display: Loaded TargetPlatform 'LinuxAArch64Server'
[2021.02.24-10.07.41:503][  0]LogTargetPlatformManager: Display: Loaded TargetPlatform 'Lumin'
[2021.02.24-10.07.41:503][  0]LogTargetPlatformManager: Display: Loaded TargetPlatform 'LuminClient'
[2021.02.24-10.07.41:520][  0]LogTargetPlatformManager: Display: Loaded TargetPlatform 'TVOSClient'
[2021.02.24-10.07.41:520][  0]LogTargetPlatformManager: Display: Loaded TargetPlatform 'TVOS'
[2021.02.24-10.07.41:531][  0]LogTargetPlatformManager: Display: Loaded TargetPlatform 'WindowsNoEditor'
[2021.02.24-10.07.41:543][  0]LogTargetPlatformManager: Display: Loaded TargetPlatform 'Windows'
[2021.02.24-10.07.41:554][  0]LogTargetPlatformManager: Display: Loaded TargetPlatform 'WindowsClient'
[2021.02.24-10.07.41:566][  0]LogTargetPlatformManager: Display: Loaded TargetPlatform 'WindowsServer'
[2021.02.24-10.07.41:566][  0]LogTargetPlatformManager: Display: Building Assets For Windows
[2021.02.24-10.07.41:580][  0]LogAudioDebug: Display: Lib vorbis DLL was dynamically loaded.
[2021.02.24-10.07.41:667][  0]LogShaderCompilers: Guid format shader working directory is 11 characters bigger than the processId version (../../../../../Github/GEP/GEPProject/Intermediate/Shaders/WorkingDirectory/9760/).
[2021.02.24-10.07.41:667][  0]LogShaderCompilers: Cleaned the shader compiler working directory 'C:/Users/cathan/AppData/Local/Temp/UnrealShaderWorkingDir/79BDF8C1421FD423037A35A661B86B8C/'.
[2021.02.24-10.07.41:668][  0]LogXGEController: Cleaning working directory: C:/Users/cathan/AppData/Local/Temp/UnrealXGEWorkingDir/
[2021.02.24-10.07.41:669][  0]LogXGEController: Cannot use XGE Controller as Incredibuild is not installed on this machine.
[2021.02.24-10.07.41:669][  0]LogShaderCompilers: Cannot use XGE Shader Compiler as Incredibuild is not installed on this machine.
[2021.02.24-10.07.41:669][  0]LogShaderCompilers: Display: Using Local Shader Compiler.
[2021.02.24-10.07.42:560][  0]LogDerivedDataCache: Display: Max Cache Size: 512 MB
[2021.02.24-10.07.42:777][  0]LogDerivedDataCache: Loaded boot cache 0.22s 79MB C:/Users/cathan/AppData/Local/UnrealEngine/4.25/DerivedDataCache/Boot.ddc.
[2021.02.24-10.07.42:777][  0]LogDerivedDataCache: Display: Loaded Boot cache: C:/Users/cathan/AppData/Local/UnrealEngine/4.25/DerivedDataCache/Boot.ddc
[2021.02.24-10.07.42:777][  0]LogDerivedDataCache: FDerivedDataBackendGraph:  Pak pak cache file ../../../../../Github/GEP/GEPProject/DerivedDataCache/DDC.ddp not found, will not use a pak cache.
[2021.02.24-10.07.42:777][  0]LogDerivedDataCache: Unable to find inner node Pak for hierarchical cache Hierarchy.
[2021.02.24-10.07.42:777][  0]LogDerivedDataCache: FDerivedDataBackendGraph:  CompressedPak pak cache file ../../../../../Github/GEP/GEPProject/DerivedDataCache/Compressed.ddp not found, will not use a pak cache.
[2021.02.24-10.07.42:777][  0]LogDerivedDataCache: Unable to find inner node CompressedPak for hierarchical cache Hierarchy.
[2021.02.24-10.07.42:790][  0]LogDerivedDataCache: Display: Pak cache opened for reading ../../../Engine/DerivedDataCache/Compressed.ddp.
[2021.02.24-10.07.42:790][  0]LogDerivedDataCache: FDerivedDataBackendGraph:  EnterprisePak pak cache file ../../../Enterprise/DerivedDataCache/Compressed.ddp not found, will not use a pak cache.
[2021.02.24-10.07.42:790][  0]LogDerivedDataCache: Unable to find inner node EnterprisePak for hierarchical cache Hierarchy.
[2021.02.24-10.07.42:791][  0]LogDerivedDataCache: Using Local data cache path C:/Users/cathan/AppData/Local/UnrealEngine/Common/DerivedDataCache: Writable
[2021.02.24-10.07.42:791][  0]LogDerivedDataCache: Shared data cache path not found in *engine.ini, will not use an Shared cache.
[2021.02.24-10.07.42:791][  0]LogDerivedDataCache: Unable to find inner node Shared for hierarchical cache Hierarchy.
[2021.02.24-10.07.42:843][  0]LogSlate: Using FreeType 2.10.0
[2021.02.24-10.07.42:844][  0]LogSlate: SlateFontServices - WITH_FREETYPE: 1, WITH_HARFBUZZ: 1
[2021.02.24-10.07.42:878][  0]LogAssetRegistry: FAssetRegistry took 0.0029 seconds to start up
[2021.02.24-10.07.43:165][  0]LogInit: Selected Device Profile: [Windows]
[2021.02.24-10.07.43:305][  0]LogMeshReduction: Using QuadricMeshReduction for automatic static mesh reduction
[2021.02.24-10.07.43:305][  0]LogMeshReduction: Using SimplygonMeshReduction for automatic skeletal mesh reduction
[2021.02.24-10.07.43:305][  0]LogMeshReduction: Using ProxyLODMeshReduction for automatic mesh merging
[2021.02.24-10.07.43:305][  0]LogMeshReduction: No distributed automatic mesh merging module available
[2021.02.24-10.07.43:305][  0]LogMeshMerging: No distributed automatic mesh merging module available
[2021.02.24-10.07.43:322][  0]LogNetVersion: GEPProject 1.0.0, NetCL: 13144385, EngineNetVer: 14, GameNetVer: 0 (Checksum: 386946200)
[2021.02.24-10.07.43:809][  0]LogAISub: UAISubsystem::UAISubsystem AISubsystem (000001D2389EC380), frame # 0
[2021.02.24-10.07.43:809][  0]LogAISub: UAISubsystem::UAISubsystem AIPerceptionSystem (000001D23892AAC0), frame # 0
[2021.02.24-10.07.43:810][  0]LogAISub: UAISubsystem::UAISubsystem EnvQueryManager (000001D2389A8800), frame # 0
[2021.02.24-10.07.43:862][  0]LogPackageLocalizationCache: Processed 19 localized package path(s) for 1 prioritized culture(s) in 0.043929 seconds
[2021.02.24-10.07.43:867][  0]LogUObjectArray: 15917 objects as part of root set at end of initial load.
[2021.02.24-10.07.43:867][  0]LogUObjectAllocator: 3965568 out of 0 bytes used by permanent object pool.
[2021.02.24-10.07.43:867][  0]LogUObjectArray: CloseDisregardForGC: 0/0 objects in disregard for GC pool
[2021.02.24-10.07.44:656][  0]LogTcpMessaging: Initializing TcpMessaging bridge
[2021.02.24-10.07.44:666][  0]LogUdpMessaging: Initializing bridge on interface 0.0.0.0:0 to multicast group 230.0.0.1:6666.
[2021.02.24-10.07.45:002][  0]SourceControl: Source control is disabled
[2021.02.24-10.07.45:002][  0]SourceControl: Source control is disabled
[2021.02.24-10.07.45:015][  0]SourceControl: Source control is disabled
[2021.02.24-10.07.45:023][  0]SourceControl: Source control is disabled
[2021.02.24-10.07.45:044][  0]SourceControl: Source control is disabled
[2021.02.24-10.07.45:561][  0]LogAndroidPermission: UAndroidPermissionCallbackProxy::GetInstance
[2021.02.24-10.07.45:597][  0]LogAudioCaptureCore: Display: No Audio Capture implementations found. Audio input will be silent.
[2021.02.24-10.07.45:597][  0]LogAudioCaptureCore: Display: No Audio Capture implementations found. Audio input will be silent.
[2021.02.24-10.07.45:679][  0]LogOcInput: OculusInput pre-init called
[2021.02.24-10.07.45:697][  0]LogWindows: Failed to load 'OVRPlugin.dll' (GetLastError=126)
[2021.02.24-10.07.45:697][  0]LogWindows: File 'OVRPlugin.dll' does not exist
[2021.02.24-10.07.45:811][  0]LogEngine: Initializing Engine...
[2021.02.24-10.07.45:812][  0]LogHMD: Failed to initialize OpenVR with code 110
[2021.02.24-10.07.45:812][  0]LogMagicLeap: Warning: VR disabled because ZI is not enabled.  To enable, in the editor, Edit -> Project Settings -> Plugins -> Magic Leap Plugin -> Enable Zero Iteration
[2021.02.24-10.07.45:814][  0]LogStats: UGameplayTagsManager::InitializeManager -  0.001 s
[2021.02.24-10.07.45:954][  0]LogInit: Initializing FReadOnlyCVARCache
[2021.02.24-10.07.45:972][  0]LogAIModule: Creating AISystem for world Untitled
[2021.02.24-10.07.45:972][  0]LogAISub: UAISubsystem::UAISubsystem EnvQueryManager (000001D241FC7C00), frame # 0
[2021.02.24-10.07.45:972][  0]LogAISub: UAISubsystem::UAISubsystem AIPerceptionSystem (000001D242006840), frame # 0
[2021.02.24-10.07.45:982][  0]LogAudioMixer: Display: Audio Mixer Platform Settings:
[2021.02.24-10.07.45:982][  0]LogAudioMixer: Display: 	Sample Rate:						  48000
[2021.02.24-10.07.45:982][  0]LogAudioMixer: Display: 	Callback Buffer Frame Size Requested: 1024
[2021.02.24-10.07.45:982][  0]LogAudioMixer: Display: 	Callback Buffer Frame Size To Use:	  1024
[2021.02.24-10.07.45:982][  0]LogAudioMixer: Display: 	Number of buffers to queue:			  2
[2021.02.24-10.07.45:982][  0]LogAudioMixer: Display: 	Max Channels (voices):				  32
[2021.02.24-10.07.45:982][  0]LogAudioMixer: Display: 	Number of Async Source Workers:		  0
[2021.02.24-10.07.45:982][  0]LogAudio: Display: AudioDevice MaxSources: 32
[2021.02.24-10.07.45:982][  0]LogAudio: Display: Using built-in audio occlusion.
[2021.02.24-10.07.45:982][  0]LogAudioMixer: Display: Initializing audio mixer.
[2021.02.24-10.07.46:005][  0]LogAudioMixer: Display: 0: FrontLeft
[2021.02.24-10.07.46:005][  0]LogAudioMixer: Display: 1: FrontRight
[2021.02.24-10.07.46:050][  0]LogAudioMixer: Display: Using Audio Device OUT 1-2 (BEHRINGER UMC 202HD 192k)
[2021.02.24-10.07.46:056][  0]LogAudioMixer: Display: Initializing Sound Submixes...
[2021.02.24-10.07.46:060][  0]LogAudioMixer: Display: Creating Master Submix 'MasterSubmixDefault'
[2021.02.24-10.07.46:060][  0]LogAudioMixer: Display: Creating Master Submix 'MasterReverbSubmixDefault'
[2021.02.24-10.07.46:061][  0]LogAudioMixer: Display: Creating Master Submix 'MasterEQSubmixDefault'
[2021.02.24-10.07.46:063][  0]LogInit: FAudioDevice initialized.
[2021.02.24-10.07.46:063][  0]LogNetVersion: Set ProjectVersion to 1.0.0.0. Version Checksum will be recalculated on next use.
[2021.02.24-10.07.46:301][  0]LogDerivedDataCache: Saved boot cache 0.24s 79MB C:/Users/cathan/AppData/Local/UnrealEngine/4.25/DerivedDataCache/Boot.ddc.
[2021.02.24-10.07.46:307][  0]LogInit: Texture streaming: Enabled
[2021.02.24-10.07.46:332][  0]LogEngineSessionManager: EngineSessionManager initialized
[2021.02.24-10.07.46:332][  0]LogEditorSessionSummary: Verbose: Initializing EditorSessionSummaryWriter for editor session tracking
[2021.02.24-10.07.46:334][  0]LogEditorSessionSummary: EditorSessionSummaryWriter initialized
[2021.02.24-10.07.46:412][  0]LogInit: Transaction tracking system initialized
[2021.02.24-10.07.46:462][  0]BlueprintLog: New page: Editor Load
[2021.02.24-10.07.46:638][  0]LocalizationService: Localization service is disabled
[2021.02.24-10.07.46:918][  0]LogCook: Display: Max memory allowance for cook 16384mb min free memory 0mb
[2021.02.24-10.07.46:918][  0]LogCook: Display: Mobile HDR setting 1
[2021.02.24-10.07.47:182][  0]LogFileCache: Scanning file cache for directory 'E:/Github/GEP/GEPProject/Content/' took 0.01s
[2021.02.24-10.07.47:398][  0]SourceControl: Source control is disabled
[2021.02.24-10.07.47:398][  0]LogUnrealEdMisc: Loading editor; pre map load, took 9.693
[2021.02.24-10.07.47:398][  0]Cmd: MAP LOAD FILE="../../../../../Github/GEP/GEPProject/Content/FirstPersonCPP/Maps/FirstPersonExampleMap.umap" TEMPLATE=0 SHOWPROGRESS=1 FEATURELEVEL=3
[2021.02.24-10.07.47:400][  0]LightingResults: New page: Lighting Build
[2021.02.24-10.07.47:402][  0]LogWorld: UWorld::CleanupWorld for Untitled, bSessionEnded=true, bCleanupResources=true
[2021.02.24-10.07.47:402][  0]LogSlate: InvalidateAllWidgets triggered.  All widgets were invalidated
[2021.02.24-10.07.47:402][  0]MapCheck: New page: Map Check
[2021.02.24-10.07.47:402][  0]LightingResults: New page: Lighting Build
[2021.02.24-10.07.47:429][  0]LogAISub: UAISubsystem::~UAISubsystem EnvQueryManager (000001D241FC7C00), frame # 0
[2021.02.24-10.07.47:429][  0]LogAISub: UAISubsystem::~UAISubsystem AIPerceptionSystem (000001D242006840), frame # 0
[2021.02.24-10.07.47:430][  0]LogUObjectHash: Compacting FUObjectHashTables data took   0.79ms
[2021.02.24-10.07.47:744][  0]LogAIModule: Creating AISystem for world FirstPersonExampleMap
[2021.02.24-10.07.47:744][  0]LogAISub: UAISubsystem::UAISubsystem EnvQueryManager (000001D2306EBE00), frame # 0
[2021.02.24-10.07.47:744][  0]LogAISub: UAISubsystem::UAISubsystem AIPerceptionSystem (000001D241A696C0), frame # 0
[2021.02.24-10.07.47:969][  0]LogEditorServer: Finished looking for orphan Actors (0.000 secs)
[2021.02.24-10.07.47:983][  0]LogUObjectHash: Compacting FUObjectHashTables data took   0.80ms
[2021.02.24-10.07.47:984][  0]Cmd: MAP CHECKDEP NOCLEARLOG
[2021.02.24-10.07.47:984][  0]MapCheck: Map check complete: 0 Error(s), 0 Warning(s), took 0.131ms to complete.
[2021.02.24-10.07.47:984][  0]LogFileHelpers: Loading map 'FirstPersonExampleMap' took 0.586
[2021.02.24-10.07.50:356][  0]LogUnrealEdMisc: Total Editor Startup Time, took 12.652
[2021.02.24-10.07.50:772][  0]LogSlate: Updating window title bar state: overlay mode, drag disabled, window buttons hidden, title bar hidden
[2021.02.24-10.07.50:779][  0]LogSlate: Updating window title bar state: overlay mode, drag disabled, window buttons hidden, title bar hidden
[2021.02.24-10.07.50:785][  0]LogSlate: Updating window title bar state: overlay mode, drag disabled, window buttons hidden, title bar hidden
[2021.02.24-10.07.50:792][  0]LogSlate: Updating window title bar state: overlay mode, drag disabled, window buttons hidden, title bar hidden
[2021.02.24-10.07.51:150][  0]LogCollectionManager: Loaded 0 collections in 0.001126 seconds
[2021.02.24-10.07.51:419][  0]LogFileCache: Scanning file cache for directory 'E:/Github/GEP/GEPProject/Saved/Collections/' took 0.00s
[2021.02.24-10.07.51:419][  0]LogFileCache: Scanning file cache for directory 'E:/Github/GEP/GEPProject/Content/Developers/cathan/Collections/' took 0.00s
[2021.02.24-10.07.51:419][  0]LogFileCache: Scanning file cache for directory 'E:/Github/GEP/GEPProject/Content/Collections/' took 0.00s
[2021.02.24-10.07.51:419][  0]LogContentBrowser: Native class hierarchy populated in 0.0102 seconds. Added 3431 classes and 823 folders.
[2021.02.24-10.07.51:732][  0]LogContentBrowser: Native class hierarchy updated for 'WidgetCarousel' in 0.0005 seconds. Added 0 classes and 0 folders.
[2021.02.24-10.07.59:432][  0]LogContentBrowser: Native class hierarchy updated for 'AddContentDialog' in 0.0004 seconds. Added 0 classes and 0 folders.
[2021.02.24-10.07.59:438][  0]LogContentBrowser: Native class hierarchy updated for 'SceneOutliner' in 0.0005 seconds. Added 2 classes and 0 folders.
[2021.02.24-10.07.59:467][  0]LogSlate: Took 0.001352 seconds to synchronously load lazily loaded font '../../../Engine/Content/Slate/Fonts/Roboto-Regular.ttf' (155K)
[2021.02.24-10.07.59:471][  0]LogSlate: Took 0.001685 seconds to synchronously load lazily loaded font '../../../Engine/Content/Slate/Fonts/Roboto-Bold.ttf' (160K)
[2021.02.24-10.07.59:477][  0]LogSlate: Took 0.001147 seconds to synchronously load lazily loaded font '../../../Engine/Content/Editor/Slate/Fonts/FontAwesome.ttf' (139K)
[2021.02.24-10.07.59:538][  0]LogRenderer: Reallocating scene render targets to support 1208x572 Format 10 NumSamples 1 (Frame:1).
[2021.02.24-10.07.59:658][  0]LogContentBrowser: Native class hierarchy updated for 'HierarchicalLODOutliner' in 0.0005 seconds. Added 0 classes and 0 folders.
[2021.02.24-10.07.59:658][  0]LogLoad: (Engine Initialization) Total time: 21.95 seconds
[2021.02.24-10.07.59:658][  0]LogLoad: (Engine Initialization) Total Blueprint compile time: 0.00 seconds
[2021.02.24-10.07.59:703][  0]LogAssetRegistry: Asset discovery search completed in 16.8258 seconds
[2021.02.24-10.07.59:706][  0]LogCollectionManager: Fixed up redirectors for 0 collections in 0.000002 seconds (updated 0 objects)
[2021.02.24-10.07.59:709][  0]LogContentStreaming: Texture pool size now 1000 MB
[2021.02.24-10.07.59:727][  0]LogSlate: Took 0.001141 seconds to synchronously load lazily loaded font '../../../Engine/Content/Slate/Fonts/Roboto-Light.ttf' (167K)
[2021.02.24-10.08.48:356][205]LogSlate: Took 0.000258 seconds to synchronously load lazily loaded font '../../../Engine/Content/Slate/Fonts/Roboto-Light.ttf' (167K)
[2021.02.24-10.08.48:419][205]LogSlate: WidgetSwitcher ('None') active index changed to -1
[2021.02.24-10.08.48:420][205]LogSlate: WidgetSwitcher ('None') active index changed to 0
[2021.02.24-10.08.48:458][205]LogSlate: Took 0.007145 seconds to synchronously load lazily loaded font '../../../Engine/Content/Slate/Fonts/Roboto-BoldCondensed.ttf' (158K)
[2021.02.24-10.08.52:390][649]LogSlate: WidgetSwitcher ('None') active index changed to 1
[2021.02.24-10.08.55:531][ 22]Running E:/epk/UE_4.25/Engine/Binaries/DotNET/UnrealBuildTool.exe  -projectfiles -project="E:/Github/GEP/GEPProject/GEPProject.uproject" -game -rocket -progress
[2021.02.24-10.08.55:935][ 22]Discovering modules, targets and source code for project...
[2021.02.24-10.08.57:737][ 22]Binding IntelliSense data...
[2021.02.24-10.08.59:553][ 22]Binding IntelliSense data... 100%
[2021.02.24-10.08.59:553][ 22]Writing project files...
[2021.02.24-10.09.04:361][ 22]Writing project files... 100%
[2021.02.24-10.09.04:474][ 22]Candidate modules for hot reload:
[2021.02.24-10.09.04:474][ 22]  GEPProject
[2021.02.24-10.09.04:474][ 22]Launching UnrealBuildTool... [E:/epk/UE_4.25/Engine/Binaries/DotNET/UnrealBuildTool.exe  -ModuleWithSuffix=GEPProject,6113 GEPProjectEditor Win64 Development -Project="E:/Github/GEP/GEPProject/GEPProject.uproject" "E:/Github/GEP/GEPProject/GEPProject.uproject"  -IgnoreJunk]
[2021.02.24-10.09.22:906][ 22]CompilerResultsLog: New page: Compilation - 24 Feb 2021, 10:09:22
[2021.02.24-10.09.22:906][ 22]CompilerResultsLog: Using 'git status' to determine working set for adaptive non-unity build (E:\Github\GEP).
[2021.02.24-10.09.22:906][ 22]CompilerResultsLog: Creating makefile for GEPProjectEditor (no existing makefile)
[2021.02.24-10.09.22:906][ 22]CompilerResultsLog: Parsing headers for GEPProjectEditor
[2021.02.24-10.09.22:906][ 22]CompilerResultsLog:   Running UnrealHeaderTool "E:\Github\GEP\GEPProject\GEPProject.uproject" "E:\Github\GEP\GEPProject\Intermediate\Build\Win64\GEPProjectEditor\Development\GEPProjectEditor.uhtmanifest" -LogCmds="loginit warning, logexit warning, logdatabase error" -Unattended -WarningsAsErrors -abslog="C:\Users\cathan\AppData\Local\UnrealBuildTool\Log_UHT.txt" -installed
[2021.02.24-10.09.22:906][ 22]CompilerResultsLog: Reflection code generated for GEPProjectEditor in 7.0847199 seconds
[2021.02.24-10.09.22:906][ 22]CompilerResultsLog: Building GEPProjectEditor...
[2021.02.24-10.09.22:906][ 22]CompilerResultsLog: Using Visual Studio 2019 14.24.28316 toolchain (C:\Program Files (x86)\Microsoft Visual Studio\2019\Community\VC\Tools\MSVC\14.24.28314) and Windows 10.0.18362.0 SDK (C:\Program Files (x86)\Windows Kits\10).
[2021.02.24-10.09.22:906][ 22]CompilerResultsLog: Building 6 actions with 16 processes...
[2021.02.24-10.09.22:906][ 22]CompilerResultsLog:   [1/6] GEPProject.init.gen.cpp
[2021.02.24-10.09.22:906][ 22]CompilerResultsLog:   [2/6] Fireable.cpp
[2021.02.24-10.09.22:906][ 22]CompilerResultsLog:   [3/6] Fireable.gen.cpp
[2021.02.24-10.09.22:906][ 22]CompilerResultsLog:   [4/6] UE4Editor-GEPProject-6113.lib
[2021.02.24-10.09.22:906][ 22]CompilerResultsLog:      Creating library E:\Github\GEP\GEPProject\Intermediate\Build\Win64\UE4Editor\Development\GEPProject\UE4Editor-GEPProject-6113.lib and object E:\Github\GEP\GEPProject\Intermediate\Build\Win64\UE4Editor\Development\GEPProject\UE4Editor-GEPProject-6113.exp
[2021.02.24-10.09.22:906][ 22]CompilerResultsLog:   [5/6] UE4Editor-GEPProject-6113.dll
[2021.02.24-10.09.22:907][ 22]CompilerResultsLog:      Creating library E:\Github\GEP\GEPProject\Intermediate\Build\Win64\UE4Editor\Development\GEPProject\UE4Editor-GEPProject-6113.suppressed.lib and object E:\Github\GEP\GEPProject\Intermediate\Build\Win64\UE4Editor\Development\GEPProject\UE4Editor-GEPProject-6113.suppressed.exp
[2021.02.24-10.09.22:907][ 22]CompilerResultsLog:   [6/6] GEPProjectEditor.target
[2021.02.24-10.09.22:907][ 22]CompilerResultsLog: Total time in Parallel executor: 9.37 seconds
[2021.02.24-10.09.22:907][ 22]CompilerResultsLog: Total execution time: 18.32 seconds
[2021.02.24-10.09.22:907][ 22]LogMainFrame: MainFrame: Module compiling took 18.443 seconds
[2021.02.24-10.09.22:951][ 22]LogClass: Could not find existing class Fireable in package /Script/GEPProject for HotReload, assuming new class
[2021.02.24-10.09.22:960][ 22]LogContentBrowser: Native class hierarchy updated for 'GEPProject' in 0.0006 seconds. Added 5 classes and 2 folders.
[2021.02.24-10.09.22:962][ 22]Display: HotReload successful (1 functions remapped  0 scriptstructs remapped)
[2021.02.24-10.09.23:014][ 22]LogContentBrowser: Native class hierarchy populated in 0.0107 seconds. Added 3432 classes and 823 folders.
[2021.02.24-10.09.23:016][ 22]Display: HotReload took 18.6s.
[2021.02.24-10.09.23:023][ 22]Warning: HotReload operation took 18.6s.
[2021.02.24-10.09.23:056][ 22]LogSlate: Window 'Add C++ Class' being destroyed
[2021.02.24-10.09.23:063][ 22]LogHotReload: New module detected: UE4Editor-GEPProject-6113.dll
[2021.02.24-10.09.23:128][ 23]LogHotReload: Starting Hot-Reload from IDE
[2021.02.24-10.09.23:241][ 23]LogContentBrowser: Native class hierarchy updated for 'GEPProject' in 0.0005 seconds. Added 5 classes and 2 folders.
[2021.02.24-10.09.23:242][ 23]Display: HotReload successful (0 functions remapped  0 scriptstructs remapped)
[2021.02.24-10.09.23:256][ 23]LogContentBrowser: Native class hierarchy populated in 0.0097 seconds. Added 3432 classes and 823 folders.
[2021.02.24-10.09.23:261][ 23]Display: HotReload took  0.1s.
[2021.02.24-10.09.28:234][562]LogSlate: WidgetSwitcher ('None') active index changed to -1
[2021.02.24-10.09.28:234][562]LogSlate: WidgetSwitcher ('None') active index changed to 0
[2021.02.24-10.09.31:497][912]LogSlate: WidgetSwitcher ('None') active index changed to 1
[2021.02.24-10.09.36:089][459]Running E:/epk/UE_4.25/Engine/Binaries/DotNET/UnrealBuildTool.exe  -projectfiles -project="E:/Github/GEP/GEPProject/GEPProject.uproject" -game -rocket -progress
[2021.02.24-10.09.36:393][459]Discovering modules, targets and source code for project...
[2021.02.24-10.09.38:195][459]Binding IntelliSense data...
[2021.02.24-10.09.40:105][459]Binding IntelliSense data... 100%
[2021.02.24-10.09.40:105][459]Writing project files...
[2021.02.24-10.09.44:612][459]Writing project files... 100%
[2021.02.24-10.09.44:819][459]Candidate modules for hot reload:
[2021.02.24-10.09.44:819][459]  GEPProject
[2021.02.24-10.09.44:819][459]Launching UnrealBuildTool... [E:/epk/UE_4.25/Engine/Binaries/DotNET/UnrealBuildTool.exe  -ModuleWithSuffix=GEPProject,4972 GEPProjectEditor Win64 Development -Project="E:/Github/GEP/GEPProject/GEPProject.uproject" "E:/Github/GEP/GEPProject/GEPProject.uproject"  -IgnoreJunk]
[2021.02.24-10.09.54:196][459]CompilerResultsLog: New page: Compilation - 24 Feb 2021, 10:09:54
[2021.02.24-10.09.54:196][459]CompilerResultsLog: Using 'git status' to determine working set for adaptive non-unity build (E:\Github\GEP).
[2021.02.24-10.09.54:196][459]CompilerResultsLog: Creating makefile for GEPProjectEditor (no existing makefile)
[2021.02.24-10.09.54:196][459]CompilerResultsLog: Parsing headers for GEPProjectEditor
[2021.02.24-10.09.54:196][459]CompilerResultsLog:   Running UnrealHeaderTool "E:\Github\GEP\GEPProject\GEPProject.uproject" "E:\Github\GEP\GEPProject\Intermediate\Build\Win64\GEPProjectEditor\Development\GEPProjectEditor.uhtmanifest" -LogCmds="loginit warning, logexit warning, logdatabase error" -Unattended -WarningsAsErrors -abslog="C:\Users\cathan\AppData\Local\UnrealBuildTool\Log_UHT.txt" -installed
[2021.02.24-10.09.54:196][459]CompilerResultsLog: Reflection code generated for GEPProjectEditor in 5.9525109 seconds
[2021.02.24-10.09.54:196][459]CompilerResultsLog: Building GEPProjectEditor...
[2021.02.24-10.09.54:196][459]CompilerResultsLog: Using Visual Studio 2019 14.24.28316 toolchain (C:\Program Files (x86)\Microsoft Visual Studio\2019\Community\VC\Tools\MSVC\14.24.28314) and Windows 10.0.18362.0 SDK (C:\Program Files (x86)\Windows Kits\10).
[2021.02.24-10.09.54:196][459]CompilerResultsLog: Building 6 actions with 16 processes...
[2021.02.24-10.09.54:196][459]CompilerResultsLog:   [1/6] GEPProject.init.gen.cpp
[2021.02.24-10.09.54:196][459]CompilerResultsLog:   [2/6] Pawnable.cpp
[2021.02.24-10.09.54:196][459]CompilerResultsLog:   [3/6] Pawnable.gen.cpp
[2021.02.24-10.09.54:196][459]CompilerResultsLog:   [4/6] UE4Editor-GEPProject-4972.lib
[2021.02.24-10.09.54:197][459]CompilerResultsLog:      Creating library E:\Github\GEP\GEPProject\Intermediate\Build\Win64\UE4Editor\Development\GEPProject\UE4Editor-GEPProject-4972.lib and object E:\Github\GEP\GEPProject\Intermediate\Build\Win64\UE4Editor\Development\GEPProject\UE4Editor-GEPProject-4972.exp
[2021.02.24-10.09.54:197][459]CompilerResultsLog:   [5/6] UE4Editor-GEPProject-4972.dll
[2021.02.24-10.09.54:197][459]CompilerResultsLog:      Creating library E:\Github\GEP\GEPProject\Intermediate\Build\Win64\UE4Editor\Development\GEPProject\UE4Editor-GEPProject-4972.suppressed.lib and object E:\Github\GEP\GEPProject\Intermediate\Build\Win64\UE4Editor\Development\GEPProject\UE4Editor-GEPProject-4972.suppressed.exp
[2021.02.24-10.09.54:197][459]CompilerResultsLog:   [6/6] GEPProjectEditor.target
[2021.02.24-10.09.54:197][459]CompilerResultsLog: Total time in Parallel executor: 1.45 seconds
[2021.02.24-10.09.54:197][459]CompilerResultsLog: Total execution time: 9.27 seconds
[2021.02.24-10.09.54:197][459]LogMainFrame: MainFrame: Module compiling took 9.383 seconds
[2021.02.24-10.09.54:221][459]LogClass: Could not find existing class Pawnable in package /Script/GEPProject for HotReload, assuming new class
[2021.02.24-10.09.54:228][459]LogContentBrowser: Native class hierarchy updated for 'GEPProject' in 0.0005 seconds. Added 6 classes and 2 folders.
[2021.02.24-10.09.54:229][459]Display: HotReload successful (1 functions remapped  0 scriptstructs remapped)
[2021.02.24-10.09.54:264][459]LogContentBrowser: Native class hierarchy populated in 0.0100 seconds. Added 3433 classes and 823 folders.
[2021.02.24-10.09.54:264][459]Display: HotReload took  9.4s.
[2021.02.24-10.09.54:264][459]Warning: HotReload operation took  9.4s.
[2021.02.24-10.09.54:299][459]LogSlate: Window 'Add C++ Class' being destroyed
[2021.02.24-10.09.54:304][459]LogHotReload: New module detected: UE4Editor-GEPProject-4972.dll
[2021.02.24-10.09.54:368][460]LogHotReload: Starting Hot-Reload from IDE
[2021.02.24-10.09.54:470][460]LogContentBrowser: Native class hierarchy updated for 'GEPProject' in 0.0008 seconds. Added 6 classes and 2 folders.
[2021.02.24-10.09.54:473][460]Display: HotReload successful (0 functions remapped  0 scriptstructs remapped)
[2021.02.24-10.09.54:491][460]LogContentBrowser: Native class hierarchy populated in 0.0116 seconds. Added 3433 classes and 823 folders.
[2021.02.24-10.09.54:496][460]Display: HotReload took  0.1s.
[2021.02.24-10.11.23:567][985]Candidate modules for hot reload:
[2021.02.24-10.11.23:567][985]  GEPProject
[2021.02.24-10.11.23:567][985]Launching UnrealBuildTool... [E:/epk/UE_4.25/Engine/Binaries/DotNET/UnrealBuildTool.exe  -ModuleWithSuffix=GEPProject,8097 GEPProjectEditor Win64 Development -Project="E:/Github/GEP/GEPProject/GEPProject.uproject" "E:/Github/GEP/GEPProject/GEPProject.uproject"  -IgnoreJunk]
[2021.02.24-10.11.23:569][985]Warning: Starting HotReload took  0.0s.
[2021.02.24-10.12.01:235][709]CompilerResultsLog: New page: Compilation - 24 Feb 2021, 10:12:01
[2021.02.24-10.12.01:235][709]CompilerResultsLog: Using 'git status' to determine working set for adaptive non-unity build (E:\Github\GEP).
[2021.02.24-10.12.01:235][709]CompilerResultsLog: Parsing headers for GEPProjectEditor
[2021.02.24-10.12.01:235][709]CompilerResultsLog:   Running UnrealHeaderTool "E:\Github\GEP\GEPProject\GEPProject.uproject" "E:\Github\GEP\GEPProject\Intermediate\Build\Win64\GEPProjectEditor\Development\GEPProjectEditor.uhtmanifest" -LogCmds="loginit warning, logexit warning, logdatabase error" -Unattended -WarningsAsErrors -abslog="C:\Users\cathan\AppData\Local\UnrealBuildTool\Log_UHT.txt" -installed
[2021.02.24-10.12.01:235][709]CompilerResultsLog: Reflection code generated for GEPProjectEditor in 6.9848572 seconds
[2021.02.24-10.12.01:235][709]CompilerResultsLog: Building GEPProjectEditor...
[2021.02.24-10.12.01:235][709]CompilerResultsLog: Using Visual Studio 2019 14.24.28316 toolchain (C:\Program Files (x86)\Microsoft Visual Studio\2019\Community\VC\Tools\MSVC\14.24.28314) and Windows 10.0.18362.0 SDK (C:\Program Files (x86)\Windows Kits\10).
[2021.02.24-10.12.01:235][709]CompilerResultsLog: Building 8 actions with 16 processes...
[2021.02.24-10.12.01:235][709]CompilerResultsLog:   [1/8] Pawnable.cpp
[2021.02.24-10.12.01:235][709]CompilerResultsLog:   [2/8] Fireable.cpp
[2021.02.24-10.12.01:235][709]CompilerResultsLog:   [3/8] GEPProject.init.gen.cpp
[2021.02.24-10.12.01:235][709]CompilerResultsLog:   [4/8] Fireable.gen.cpp
[2021.02.24-10.12.01:235][709]CompilerResultsLog:   [5/8] Pawnable.gen.cpp
[2021.02.24-10.12.01:235][709]CompilerResultsLog:   [6/8] UE4Editor-GEPProject-8097.lib
[2021.02.24-10.12.01:235][709]CompilerResultsLog:      Creating library E:\Github\GEP\GEPProject\Intermediate\Build\Win64\UE4Editor\Development\GEPProject\UE4Editor-GEPProject-8097.lib and object E:\Github\GEP\GEPProject\Intermediate\Build\Win64\UE4Editor\Development\GEPProject\UE4Editor-GEPProject-8097.exp
[2021.02.24-10.12.01:235][709]CompilerResultsLog:   [7/8] UE4Editor-GEPProject-8097.dll
[2021.02.24-10.12.01:236][709]CompilerResultsLog:      Creating library E:\Github\GEP\GEPProject\Intermediate\Build\Win64\UE4Editor\Development\GEPProject\UE4Editor-GEPProject-8097.suppressed.lib and object E:\Github\GEP\GEPProject\Intermediate\Build\Win64\UE4Editor\Development\GEPProject\UE4Editor-GEPProject-8097.suppressed.exp
[2021.02.24-10.12.01:236][709]CompilerResultsLog:   [8/8] GEPProjectEditor.target
[2021.02.24-10.12.01:236][709]CompilerResultsLog: Total time in Parallel executor: 29.05 seconds
[2021.02.24-10.12.01:236][709]CompilerResultsLog: Total execution time: 36.98 seconds
[2021.02.24-10.12.01:236][709]LogMainFrame: MainFrame: Module compiling took 37.673 seconds
[2021.02.24-10.12.01:261][709]LogClass: Could not find existing class Fireable in package /Script/GEPProject for HotReload, assuming new class
[2021.02.24-10.12.01:261][709]LogClass: Function Fire is new.
[2021.02.24-10.12.01:263][709]LogClass: Could not find existing class Pawnable in package /Script/GEPProject for HotReload, assuming new class
[2021.02.24-10.12.01:263][709]LogClass: Function GetAsPawn is new.
[2021.02.24-10.12.01:265][709]LogHotReload: Re-instancing Fireable after hot-reload.
[2021.02.24-10.12.01:281][709]LogHotReload: Re-instancing Pawnable after hot-reload.
[2021.02.24-10.12.01:284][709]LogContentBrowser: Native class hierarchy updated for 'GEPProject' in 0.0005 seconds. Added 6 classes and 2 folders.
[2021.02.24-10.12.01:285][709]Display: HotReload successful (1 functions remapped  0 scriptstructs remapped)
[2021.02.24-10.12.01:318][709]LogContentBrowser: Native class hierarchy populated in 0.0105 seconds. Added 3433 classes and 823 folders.
[2021.02.24-10.12.01:318][709]Display: HotReload took 37.8s.
[2021.02.24-10.22.02:264][860]Candidate modules for hot reload:
[2021.02.24-10.22.02:264][860]  GEPProject
[2021.02.24-10.22.02:265][860]Launching UnrealBuildTool... [E:/epk/UE_4.25/Engine/Binaries/DotNET/UnrealBuildTool.exe  -ModuleWithSuffix=GEPProject,3169 GEPProjectEditor Win64 Development -Project="E:/Github/GEP/GEPProject/GEPProject.uproject" "E:/Github/GEP/GEPProject/GEPProject.uproject"  -IgnoreJunk]
[2021.02.24-10.22.02:267][860]Warning: Starting HotReload took  0.0s.
[2021.02.24-10.22.13:517][173]CompilerResultsLog: New page: Compilation - 24 Feb 2021, 10:22:13
[2021.02.24-10.22.13:518][173]CompilerResultsLog: Using 'git status' to determine working set for adaptive non-unity build (E:\Github\GEP).
[2021.02.24-10.22.13:518][173]CompilerResultsLog: Parsing headers for GEPProjectEditor
[2021.02.24-10.22.13:518][173]CompilerResultsLog:   Running UnrealHeaderTool "E:\Github\GEP\GEPProject\GEPProject.uproject" "E:\Github\GEP\GEPProject\Intermediate\Build\Win64\GEPProjectEditor\Development\GEPProjectEditor.uhtmanifest" -LogCmds="loginit warning, logexit warning, logdatabase error" -Unattended -WarningsAsErrors -abslog="C:\Users\cathan\AppData\Local\UnrealBuildTool\Log_UHT.txt" -installed
[2021.02.24-10.22.13:518][173]CompilerResultsLog: Reflection code generated for GEPProjectEditor in 6.4132254 seconds
[2021.02.24-10.22.13:518][173]CompilerResultsLog: Building GEPProjectEditor...
[2021.02.24-10.22.13:518][173]CompilerResultsLog: Using Visual Studio 2019 14.24.28316 toolchain (C:\Program Files (x86)\Microsoft Visual Studio\2019\Community\VC\Tools\MSVC\14.24.28314) and Windows 10.0.18362.0 SDK (C:\Program Files (x86)\Windows Kits\10).
[2021.02.24-10.22.13:518][173]CompilerResultsLog: Building 7 actions with 16 processes...
[2021.02.24-10.22.13:518][173]CompilerResultsLog:   [1/7] GEPProject.init.gen.cpp
[2021.02.24-10.22.13:518][173]CompilerResultsLog:   [2/7] GEPProjectGameMode.cpp
[2021.02.24-10.22.13:518][173]CompilerResultsLog:    E:\Github\GEP\GEPProject\Source\GEPProject\GEPProjectCharacter.h(31) : error C3668: 'AGEPProjectCharacter::GetAsPawn_Implementation': method with override specifier 'override' did not override any base class methods
[2021.02.24-10.22.13:518][173]CompilerResultsLog:   [3/7] GEPProjectCharacter.gen.cpp
[2021.02.24-10.22.13:518][173]CompilerResultsLog:    E:\Github\GEP\GEPProject\Source\GEPProject/GEPProjectCharacter.h(31) : error C3668: 'AGEPProjectCharacter::GetAsPawn_Implementation': method with override specifier 'override' did not override any base class methods
[2021.02.24-10.22.13:518][173]CompilerResultsLog:   [4/7] GEPProjectCharacter.cpp
[2021.02.24-10.22.13:518][173]CompilerResultsLog:    E:\Github\GEP\GEPProject\Source\GEPProject\GEPProjectCharacter.h(31) : error C3668: 'AGEPProjectCharacter::GetAsPawn_Implementation': method with override specifier 'override' did not override any base class methods
[2021.02.24-10.22.13:518][173]LogMainFrame: MainFrame: Module compiling took 11.258 seconds
[2021.02.24-10.22.13:518][173]Warning: HotReload failed, recompile failed
[2021.02.24-10.22.15:420][394]LogSlate: Took 0.001073 seconds to synchronously load lazily loaded font '../../../Engine/Content/Slate/Fonts/DroidSansMono.ttf' (77K)
[2021.02.24-10.26.45:076][491]LogSlate: Window 'Message Log' being destroyed
[2021.02.24-10.26.45:082][491]LogSlate: Window 'Message Log' being destroyed
[2021.02.24-10.29.47:195][318]Candidate modules for hot reload:
[2021.02.24-10.29.47:195][318]  GEPProject
[2021.02.24-10.29.47:195][318]Launching UnrealBuildTool... [E:/epk/UE_4.25/Engine/Binaries/DotNET/UnrealBuildTool.exe  -ModuleWithSuffix=GEPProject,1063 GEPProjectEditor Win64 Development -Project="E:/Github/GEP/GEPProject/GEPProject.uproject" "E:/Github/GEP/GEPProject/GEPProject.uproject"  -IgnoreJunk]
[2021.02.24-10.29.47:199][318]Warning: Starting HotReload took  0.0s.
[2021.02.24-10.30.02:886][121]CompilerResultsLog: New page: Compilation - 24 Feb 2021, 10:30:02
[2021.02.24-10.30.02:886][121]CompilerResultsLog: Using 'git status' to determine working set for adaptive non-unity build (E:\Github\GEP).
[2021.02.24-10.30.02:886][121]CompilerResultsLog: Parsing headers for GEPProjectEditor
[2021.02.24-10.30.02:886][121]CompilerResultsLog:   Running UnrealHeaderTool "E:\Github\GEP\GEPProject\GEPProject.uproject" "E:\Github\GEP\GEPProject\Intermediate\Build\Win64\GEPProjectEditor\Development\GEPProjectEditor.uhtmanifest" -LogCmds="loginit warning, logexit warning, logdatabase error" -Unattended -WarningsAsErrors -abslog="C:\Users\cathan\AppData\Local\UnrealBuildTool\Log_UHT.txt" -installed
[2021.02.24-10.30.02:886][121]CompilerResultsLog: Reflection code generated for GEPProjectEditor in 6.2745662 seconds
[2021.02.24-10.30.02:886][121]CompilerResultsLog: Building GEPProjectEditor...
[2021.02.24-10.30.02:886][121]CompilerResultsLog: Using Visual Studio 2019 14.24.28316 toolchain (C:\Program Files (x86)\Microsoft Visual Studio\2019\Community\VC\Tools\MSVC\14.24.28314) and Windows 10.0.18362.0 SDK (C:\Program Files (x86)\Windows Kits\10).
[2021.02.24-10.30.02:886][121]CompilerResultsLog: Building 6 actions with 16 processes...
[2021.02.24-10.30.02:886][121]CompilerResultsLog:   [1/6] GEPProjectGameMode.cpp
[2021.02.24-10.30.02:886][121]CompilerResultsLog:   [2/6] GEPProjectCharacter.gen.cpp
[2021.02.24-10.30.02:886][121]CompilerResultsLog:   [3/6] GEPProjectCharacter.cpp
[2021.02.24-10.30.02:886][121]CompilerResultsLog:   [4/6] UE4Editor-GEPProject-1063.lib
[2021.02.24-10.30.02:886][121]CompilerResultsLog:      Creating library E:\Github\GEP\GEPProject\Intermediate\Build\Win64\UE4Editor\Development\GEPProject\UE4Editor-GEPProject-1063.lib and object E:\Github\GEP\GEPProject\Intermediate\Build\Win64\UE4Editor\Development\GEPProject\UE4Editor-GEPProject-1063.exp
[2021.02.24-10.30.02:886][121]CompilerResultsLog:   [5/6] UE4Editor-GEPProject-1063.dll
[2021.02.24-10.30.02:886][121]CompilerResultsLog:      Creating library E:\Github\GEP\GEPProject\Intermediate\Build\Win64\UE4Editor\Development\GEPProject\UE4Editor-GEPProject-1063.suppressed.lib and object E:\Github\GEP\GEPProject\Intermediate\Build\Win64\UE4Editor\Development\GEPProject\UE4Editor-GEPProject-1063.suppressed.exp
[2021.02.24-10.30.02:886][121]CompilerResultsLog:   [6/6] GEPProjectEditor.target
[2021.02.24-10.30.02:886][121]CompilerResultsLog: Total time in Parallel executor: 8.51 seconds
[2021.02.24-10.30.02:886][121]CompilerResultsLog: Total execution time: 15.56 seconds
[2021.02.24-10.30.02:886][121]LogMainFrame: MainFrame: Module compiling took 15.695 seconds
[2021.02.24-10.30.03:024][121]LogOutputDevice: Warning: 

Script Stack (0 frames):

[2021.02.24-10.30.03:024][121]LogWindows: Windows GetLastError: The operation completed successfully. (0)
[2021.02.24-10.30.06:199][121]LogWindows: Error: === Critical error: ===
[2021.02.24-10.30.06:199][121]LogWindows: Error: 
[2021.02.24-10.30.06:199][121]LogWindows: Error: Fatal error: [File:D:/Build/++UE4/Sync/Engine/Source/Runtime/CoreUObject/Private/UObject/UObjectGlobals.cpp] [Line: 2335] 
[2021.02.24-10.30.06:200][121]LogWindows: Error: Objects have the same fully qualified name but different paths.
[2021.02.24-10.30.06:200][121]LogWindows: Error: 	New Object: Fireable /Engine/Transient.Default__Fireable
[2021.02.24-10.30.06:200][121]LogWindows: Error: 	Existing Object: HOTRELOADED_Fireable_0 /Engine/Transient.Default__Fireable
[2021.02.24-10.30.06:200][121]LogWindows: Error: 
[2021.02.24-10.30.06:200][121]LogWindows: Error: 
[2021.02.24-10.30.06:200][121]LogWindows: Error: [Callstack] 0x00007ffaed393e49 KERNELBASE.dll!UnknownFunction []
[2021.02.24-10.30.06:200][121]LogWindows: Error: [Callstack] 0x00007ffa59ddec66 UE4Editor-Core.dll!UnknownFunction []
[2021.02.24-10.30.06:200][121]LogWindows: Error: [Callstack] 0x00007ffa59de2048 UE4Editor-Core.dll!UnknownFunction []
[2021.02.24-10.30.06:200][121]LogWindows: Error: [Callstack] 0x00007ffa59b6e52d UE4Editor-Core.dll!UnknownFunction []
[2021.02.24-10.30.06:200][121]LogWindows: Error: [Callstack] 0x00007ffa5cd1dfca UE4Editor-CoreUObject.dll!UnknownFunction []
[2021.02.24-10.30.06:200][121]LogWindows: Error: [Callstack] 0x00007ffae2315efc UE4Editor-GEPProject-1063.dll!InternalVTableHelperCtorCaller<UFireable>() [E:\epk\UE_4.25\Engine\Source\Runtime\CoreUObject\Public\UObject\Class.h:3273]
[2021.02.24-10.30.06:200][121]LogWindows: Error: [Callstack] 0x00007ffa5ca8f34b UE4Editor-CoreUObject.dll!UnknownFunction []
[2021.02.24-10.30.06:200][121]LogWindows: Error: [Callstack] 0x00007ffa5ca8c13d UE4Editor-CoreUObject.dll!UnknownFunction []
[2021.02.24-10.30.06:200][121]LogWindows: Error: [Callstack] 0x00007ffae231611b UE4Editor-GEPProject-1063.dll!UFireable::GetPrivateStaticClass() [E:\Github\GEP\GEPProject\Intermediate\Build\Win64\UE4Editor\Inc\GEPProject\Fireable.gen.cpp:128]
[2021.02.24-10.30.06:200][121]LogWindows: Error: [Callstack] 0x00007ffae2315e3f UE4Editor-GEPProject-1063.dll!TClassCompiledInDefer<UFireable>::Register() [E:\epk\UE_4.25\Engine\Source\Runtime\CoreUObject\Public\UObject\UObjectBase.h:288]
[2021.02.24-10.30.06:200][121]LogWindows: Error: [Callstack] 0x00007ffa5cd264a3 UE4Editor-CoreUObject.dll!UnknownFunction []
[2021.02.24-10.30.06:200][121]LogWindows: Error: [Callstack] 0x00007ffa5cd05b6e UE4Editor-CoreUObject.dll!UnknownFunction []
[2021.02.24-10.30.06:200][121]LogWindows: Error: [Callstack] 0x00007ffa5cc24465 UE4Editor-CoreUObject.dll!UnknownFunction []
[2021.02.24-10.30.06:200][121]LogWindows: Error: [Callstack] 0x00007ffa59ba986a UE4Editor-Core.dll!UnknownFunction []
[2021.02.24-10.30.06:200][121]LogWindows: Error: [Callstack] 0x00007ffa59bc99f0 UE4Editor-Core.dll!UnknownFunction []
[2021.02.24-10.30.06:200][121]LogWindows: Error: [Callstack] 0x00007ffa59bc8b08 UE4Editor-Core.dll!UnknownFunction []
[2021.02.24-10.30.06:200][121]LogWindows: Error: [Callstack] 0x00007ffa197bb9b2 UE4Editor-HotReload.dll!UnknownFunction []
[2021.02.24-10.30.06:200][121]LogWindows: Error: [Callstack] 0x00007ffa197b9617 UE4Editor-HotReload.dll!UnknownFunction []
[2021.02.24-10.30.06:200][121]LogWindows: Error: [Callstack] 0x00007ffa197ba1ad UE4Editor-HotReload.dll!UnknownFunction []
[2021.02.24-10.30.06:200][121]LogWindows: Error: [Callstack] 0x00007ffa197cc057 UE4Editor-HotReload.dll!UnknownFunction []
[2021.02.24-10.30.06:200][121]LogWindows: Error: [Callstack] 0x00007ffa5992d0a9 UE4Editor-Core.dll!UnknownFunction []
[2021.02.24-10.30.06:200][121]LogWindows: Error: [Callstack] 0x00007ff781aea213 UE4Editor.exe!UnknownFunction []
[2021.02.24-10.30.06:200][121]LogWindows: Error: [Callstack] 0x00007ff781afba7c UE4Editor.exe!UnknownFunction []
[2021.02.24-10.30.06:200][121]LogWindows: Error: [Callstack] 0x00007ff781afbb5a UE4Editor.exe!UnknownFunction []
[2021.02.24-10.30.06:200][121]LogWindows: Error: [Callstack] 0x00007ff781b0e31d UE4Editor.exe!UnknownFunction []
[2021.02.24-10.30.06:200][121]LogWindows: Error: [Callstack] 0x00007ff781b1145a UE4Editor.exe!UnknownFunction []
[2021.02.24-10.30.06:200][121]LogWindows: Error: [Callstack] 0x00007ffaedbb6fd4 KERNEL32.DLL!UnknownFunction []
[2021.02.24-10.30.06:200][121]LogWindows: Error: [Callstack] 0x00007ffaefafcec1 ntdll.dll!UnknownFunction []
[2021.02.24-10.30.06:200][121]LogWindows: Error: 
[2021.02.24-10.30.06:213][121]LogExit: Executing StaticShutdownAfterError
[2021.02.24-10.30.06:230][121]LogWindows: FPlatformMisc::RequestExit(1)
[2021.02.24-10.30.06:230][121]LogCore: Engine exit requested (reason: Win RequestExit)
[2021.02.24-10.30.06:238][121]Log file closed, 02/24/21 10:30:06
