Log file open, 03/12/21 15:19:49
LogInit: Display: Running engine for game: GEPProject
LogPlatformFile: Not using cached read wrapper
LogTaskGraph: Started task graph with 5 named threads and 47 total threads with 3 sets of task threads.
LogStats: Stats thread started at 0.209326
LogD3D11RHI: Loaded GFSDK_Aftermath_Lib.x64.dll
LogICUInternationalization: ICU TimeZone Detection - Raw Offset: +0:00, Platform Override: ''
LogPluginManager: Mounting plugin Paper2D
LogPluginManager: Mounting plugin AISupport
LogPluginManager: Mounting plugin LightPropagationVolume
LogPluginManager: Mounting plugin CameraShakePreviewer
LogPluginManager: Mounting plugin ActorLayerUtilities
LogPluginManager: Mounting plugin AnimationSharing
LogPluginManager: Mounting plugin CLionSourceCodeAccess
LogPluginManager: Mounting plugin CodeLiteSourceCodeAccess
LogPluginManager: Mounting plugin GitSourceControl
LogPluginManager: Mounting plugin KDevelopSourceCodeAccess
LogPluginManager: Mounting plugin NullSourceCodeAccess
LogPluginManager: Mounting plugin PerforceSourceControl
LogPluginManager: Mounting plugin PlasticSourceControl
LogPluginManager: Mounting plugin RiderLink
LogPluginManager: Mounting plugin RiderSourceCodeAccess
LogPluginManager: Mounting plugin SubversionSourceControl
LogPluginManager: Mounting plugin UObjectPlugin
LogPluginManager: Mounting plugin VisualStudioCodeSourceCodeAccess
LogPluginManager: Mounting plugin VisualStudioSourceCodeAccess
LogPluginManager: Mounting plugin XCodeSourceCodeAccess
LogPluginManager: Mounting plugin AssetManagerEditor
LogPluginManager: Mounting plugin CryptoKeys
LogPluginManager: Mounting plugin CurveEditorTools
LogPluginManager: Mounting plugin DataValidation
LogPluginManager: Mounting plugin EditorScriptingUtilities
LogPluginManager: Mounting plugin FacialAnimation
LogPluginManager: Mounting plugin GameplayTagsEditor
LogPluginManager: Mounting plugin GeometryMode
LogPluginManager: Mounting plugin MacGraphicsSwitching
LogPluginManager: Mounting plugin MaterialAnalyzer
LogPluginManager: Mounting plugin MobileLauncherProfileWizard
LogPluginManager: Mounting plugin PluginBrowser
LogPluginManager: Mounting plugin SpeedTreeImporter
LogPluginManager: Mounting plugin DatasmithContent
LogPluginManager: Mounting plugin VariantManagerContent
LogPluginManager: Mounting plugin AlembicImporter
LogPluginManager: Mounting plugin AutomationUtils
LogPluginManager: Mounting plugin BackChannel
LogPluginManager: Mounting plugin ChaosCloth
LogPluginManager: Mounting plugin ChaosClothEditor
LogPluginManager: Mounting plugin ChaosEditor
LogPluginManager: Mounting plugin ChaosNiagara
LogPluginManager: Mounting plugin ChaosSolverPlugin
LogPluginManager: Mounting plugin CharacterAI
LogPluginManager: Mounting plugin GeometryCache
LogPluginManager: Mounting plugin GeometryCollectionPlugin
LogPluginManager: Mounting plugin GeometryProcessing
LogPluginManager: Mounting plugin PlanarCut
LogPluginManager: Mounting plugin PlatformCrypto
LogPluginManager: Mounting plugin ProxyLODPlugin
LogPluginManager: Mounting plugin SkeletalReduction
LogPluginManager: Mounting plugin Niagara
LogPluginManager: Mounting plugin MagicLeap
LogPluginManager: Mounting plugin MagicLeapLightEstimation
LogPluginManager: Mounting plugin MagicLeapMedia
LogPluginManager: Mounting plugin MagicLeapPassableWorld
LogPluginManager: Mounting plugin MLSDK
LogPluginManager: Mounting plugin AndroidMedia
LogPluginManager: Mounting plugin AvfMedia
LogPluginManager: Mounting plugin ImgMedia
LogPluginManager: Mounting plugin MediaCompositing
LogPluginManager: Mounting plugin MediaPlayerEditor
LogPluginManager: Mounting plugin WebMMedia
LogPluginManager: Mounting plugin WmfMedia
LogPluginManager: Mounting plugin MeshPainting
LogPluginManager: Mounting plugin TcpMessaging
LogPluginManager: Mounting plugin UdpMessaging
LogPluginManager: Mounting plugin ActorSequence
LogPluginManager: Mounting plugin LevelSequenceEditor
LogPluginManager: Mounting plugin MatineeToLevelSequence
LogPluginManager: Mounting plugin MovieRenderPipeline
LogPluginManager: Mounting plugin TemplateSequence
LogPluginManager: Mounting plugin NetcodeUnitTest
LogPluginManager: Mounting plugin NUTUnrealEngine4
LogPluginManager: Mounting plugin OnlineSubsystemGooglePlay
LogPluginManager: Mounting plugin OnlineSubsystemIOS
LogPluginManager: Mounting plugin OnlineSubsystem
LogPluginManager: Mounting plugin OnlineSubsystemNull
LogPluginManager: Mounting plugin OnlineSubsystemUtils
LogPluginManager: Mounting plugin LauncherChunkInstaller
LogPluginManager: Mounting plugin AndroidDeviceProfileSelector
LogPluginManager: Mounting plugin AndroidMoviePlayer
LogPluginManager: Mounting plugin AndroidPermission
LogPluginManager: Mounting plugin AppleImageUtils
LogPluginManager: Mounting plugin AppleMoviePlayer
LogPluginManager: Mounting plugin ArchVisCharacter
LogPluginManager: Mounting plugin AssetTags
LogPluginManager: Mounting plugin AudioCapture
LogPluginManager: Mounting plugin CableComponent
LogPluginManager: Mounting plugin CustomMeshComponent
LogPluginManager: Mounting plugin EditableMesh
LogPluginManager: Mounting plugin ExampleDeviceProfileSelector
LogPluginManager: Mounting plugin GoogleCloudMessaging
LogPluginManager: Mounting plugin GooglePAD
LogPluginManager: Mounting plugin IOSDeviceProfileSelector
LogPluginManager: Mounting plugin LinuxDeviceProfileSelector
LogPluginManager: Mounting plugin LocationServicesBPLibrary
LogPluginManager: Mounting plugin MobilePatchingUtils
LogPluginManager: Mounting plugin OculusVR
LogPluginManager: Mounting plugin PhysXVehicles
LogPluginManager: Mounting plugin PostSplashScreen
LogPluginManager: Mounting plugin ProceduralMeshComponent
LogPluginManager: Mounting plugin RuntimePhysXCooking
LogPluginManager: Mounting plugin SignificanceManager
LogPluginManager: Mounting plugin SoundFields
LogPluginManager: Mounting plugin SteamVR
LogPluginManager: Mounting plugin Synthesis
LogPluginManager: Mounting plugin WebMMoviePlayer
LogPluginManager: Mounting plugin WindowsMoviePlayer
LogPluginManager: Mounting plugin ScreenshotTools
LogInit: Using libcurl 7.55.1-DEV
LogInit:  - built for x86_64-pc-win32
LogInit:  - supports SSL with OpenSSL/1.1.1
LogInit:  - supports HTTP deflate (compression) using libz 1.2.8
LogInit:  - other features:
LogInit:      CURL_VERSION_SSL
LogInit:      CURL_VERSION_LIBZ
LogInit:      CURL_VERSION_IPV6
LogInit:      CURL_VERSION_ASYNCHDNS
LogInit:      CURL_VERSION_LARGEFILE
LogInit:      CURL_VERSION_IDN
LogInit:  CurlRequestOptions (configurable via config and command line):
LogInit:  - bVerifyPeer = true  - Libcurl will verify peer certificate
LogInit:  - bUseHttpProxy = false  - Libcurl will NOT use HTTP proxy
LogInit:  - bDontReuseConnections = false  - Libcurl will reuse connections
LogInit:  - MaxHostConnections = 16  - Libcurl will limit the number of connections to a host
LogInit:  - LocalHostAddr = Default
LogInit:  - BufferSize = 65536
LogOnline: OSS: Creating online subsystem instance for: NULL
LogInit: WinSock: version 1.1 (2.2), MaxSocks=32767, MaxUdp=65467
LogOnline: OSS: TryLoadSubsystemAndSetDefault: Loaded subsystem for module [NULL]
LogInit: Build: ++UE4+Release-4.25-CL-14469661
LogInit: Engine Version: 4.25.4-14469661+++UE4+Release-4.25
LogInit: Compatible Engine Version: 4.25.0-13144385+++UE4+Release-4.25
LogInit: Net CL: 13144385
LogInit: OS: Windows 10 (Release 2004) (), CPU: AMD Ryzen 7 2700X Eight-Core Processor         , GPU: NVIDIA GeForce RTX 2060
LogInit: Compiled (64-bit): Oct 11 2020 08:10:49
LogInit: Compiled with Visual C++: 19.24.28315.00
LogInit: Build Configuration: Development
LogInit: Branch Name: ++UE4+Release-4.25
LogInit: Command Line:  -skipcompile
LogInit: Base Directory: E:/epk/UE_4.25/Engine/Binaries/Win64/
LogInit: Allocator: TBB
LogInit: Installed Engine Build: 1
LogDevObjectVersion: Number of dev versions registered: 26
LogDevObjectVersion:   Dev-Blueprints (B0D832E4-1F89-4F0D-ACCF-7EB736FD4AA2): 10
LogDevObjectVersion:   Dev-Build (E1C64328-A22C-4D53-A36C-8E866417BD8C): 0
LogDevObjectVersion:   Dev-Core (375EC13C-06E4-48FB-B500-84F0262A717E): 4
LogDevObjectVersion:   Dev-Editor (E4B068ED-F494-42E9-A231-DA0B2E46BB41): 38
LogDevObjectVersion:   Dev-Framework (CFFC743F-43B0-4480-9391-14DF171D2073): 37
LogDevObjectVersion:   Dev-Mobile (B02B49B5-BB20-44E9-A304-32B752E40360): 2
LogDevObjectVersion:   Dev-Networking (A4E4105C-59A1-49B5-A7C5-40C4547EDFEE): 0
LogDevObjectVersion:   Dev-Online (39C831C9-5AE6-47DC-9A44-9C173E1C8E7C): 0
LogDevObjectVersion:   Dev-Physics (78F01B33-EBEA-4F98-B9B4-84EACCB95AA2): 4
LogDevObjectVersion:   Dev-Platform (6631380F-2D4D-43E0-8009-CF276956A95A): 0
LogDevObjectVersion:   Dev-Rendering (12F88B9F-8875-4AFC-A67C-D90C383ABD29): 43
LogDevObjectVersion:   Dev-Sequencer (7B5AE74C-D270-4C10-A958-57980B212A5A): 12
LogDevObjectVersion:   Dev-VR (D7296918-1DD6-4BDD-9DE2-64A83CC13884): 3
LogDevObjectVersion:   Dev-LoadTimes (C2A15278-BFE7-4AFE-6C17-90FF531DF755): 1
LogDevObjectVersion:   Private-Geometry (6EACA3D4-40EC-4CC1-B786-8BED09428FC5): 3
LogDevObjectVersion:   Dev-AnimPhys (29E575DD-E0A3-4627-9D10-D276232CDCEA): 17
LogDevObjectVersion:   Dev-Anim (AF43A65D-7FD3-4947-9873-3E8ED9C1BB05): 7
LogDevObjectVersion:   Dev-ReflectionCapture (6B266CEC-1EC7-4B8F-A30B-E4D90942FC07): 1
LogDevObjectVersion:   Dev-Automation (0DF73D61-A23F-47EA-B727-89E90C41499A): 1
LogDevObjectVersion:   FortniteMain (601D1886-AC64-4F84-AA16-D3DE0DEAC7D6): 31
LogDevObjectVersion:   Dev-Enterprise (9DFFBCD6-494F-0158-E221-12823C92A888): 10
LogDevObjectVersion:   Dev-Niagara (F2AED0AC-9AFE-416F-8664-AA7FFA26D6FC): 1
LogDevObjectVersion:   Dev-Destruction (174F1F0B-B4C6-45A5-B13F-2EE8D0FB917D): 10
LogDevObjectVersion:   Dev-Physics-Ext (35F94A83-E258-406C-A318-09F59610247C): 37
LogDevObjectVersion:   Dev-PhysicsMaterial-Chaos (B68FC16E-8B1B-42E2-B453-215C058844FE): 1
LogDevObjectVersion:   Dev-CineCamera (B2E18506-4273-CFC2-A54E-F4BB758BBA07): 1
LogInit: Presizing for max 25165824 objects, including 0 objects not considered by GC, pre-allocating 0 bytes for permanent pool.
LogConfig: Applying CVar settings from Section [/Script/Engine.StreamingSettings] File [E:/Github/GEP/GEPProject/Saved/Config/Windows/Engine.ini]
LogConfig: Setting CVar [[s.MinBulkDataSizeForAsyncLoading:131072]]
LogConfig: Setting CVar [[s.AsyncLoadingThreadEnabled:0]]
LogConfig: Setting CVar [[s.EventDrivenLoaderEnabled:1]]
LogConfig: Setting CVar [[s.WarnIfTimeLimitExceeded:0]]
LogConfig: Setting CVar [[s.TimeLimitExceededMultiplier:1.5]]
LogConfig: Setting CVar [[s.TimeLimitExceededMinTime:0.005]]
LogConfig: Setting CVar [[s.UseBackgroundLevelStreaming:1]]
LogConfig: Setting CVar [[s.PriorityAsyncLoadingExtraTime:15.0]]
LogConfig: Setting CVar [[s.LevelStreamingActorsUpdateTimeLimit:5.0]]
LogConfig: Setting CVar [[s.PriorityLevelStreamingActorsUpdateExtraTime:5.0]]
LogConfig: Setting CVar [[s.LevelStreamingComponentsRegistrationGranularity:10]]
LogConfig: Setting CVar [[s.UnregisterComponentsTimeLimit:1.0]]
LogConfig: Setting CVar [[s.LevelStreamingComponentsUnregistrationGranularity:5]]
LogConfig: Setting CVar [[s.FlushStreamingOnExit:1]]
LogInit: Object subsystem initialized
LogConfig: Setting CVar [[con.DebugEarlyDefault:1]]
LogConfig: Setting CVar [[r.setres:1280x720]]
[2021.03.12-15.19.50:157][  0]LogConfig: Setting CVar [[r.VSync:0]]
[2021.03.12-15.19.50:157][  0]LogConfig: Setting CVar [[r.RHICmdBypass:0]]
[2021.03.12-15.19.50:157][  0]LogConfig: Applying CVar settings from Section [/Script/Engine.RendererSettings] File [E:/Github/GEP/GEPProject/Saved/Config/Windows/Engine.ini]
[2021.03.12-15.19.50:157][  0]LogConfig: Setting CVar [[r.GPUCrashDebugging:0]]
[2021.03.12-15.19.50:157][  0]LogConfig: Applying CVar settings from Section [/Script/Engine.RendererOverrideSettings] File [E:/Github/GEP/GEPProject/Saved/Config/Windows/Engine.ini]
[2021.03.12-15.19.50:157][  0]LogConfig: Applying CVar settings from Section [/Script/Engine.StreamingSettings] File [E:/Github/GEP/GEPProject/Saved/Config/Windows/Engine.ini]
[2021.03.12-15.19.50:157][  0]LogConfig: Setting CVar [[s.MinBulkDataSizeForAsyncLoading:131072]]
[2021.03.12-15.19.50:157][  0]LogConfig: Setting CVar [[s.AsyncLoadingThreadEnabled:0]]
[2021.03.12-15.19.50:157][  0]LogConfig: Setting CVar [[s.EventDrivenLoaderEnabled:1]]
[2021.03.12-15.19.50:157][  0]LogConfig: Setting CVar [[s.WarnIfTimeLimitExceeded:0]]
[2021.03.12-15.19.50:157][  0]LogConfig: Setting CVar [[s.TimeLimitExceededMultiplier:1.5]]
[2021.03.12-15.19.50:157][  0]LogConfig: Setting CVar [[s.TimeLimitExceededMinTime:0.005]]
[2021.03.12-15.19.50:157][  0]LogConfig: Setting CVar [[s.UseBackgroundLevelStreaming:1]]
[2021.03.12-15.19.50:157][  0]LogConfig: Setting CVar [[s.PriorityAsyncLoadingExtraTime:15.0]]
[2021.03.12-15.19.50:157][  0]LogConfig: Setting CVar [[s.LevelStreamingActorsUpdateTimeLimit:5.0]]
[2021.03.12-15.19.50:157][  0]LogConfig: Setting CVar [[s.PriorityLevelStreamingActorsUpdateExtraTime:5.0]]
[2021.03.12-15.19.50:157][  0]LogConfig: Setting CVar [[s.LevelStreamingComponentsRegistrationGranularity:10]]
[2021.03.12-15.19.50:157][  0]LogConfig: Setting CVar [[s.UnregisterComponentsTimeLimit:1.0]]
[2021.03.12-15.19.50:157][  0]LogConfig: Setting CVar [[s.LevelStreamingComponentsUnregistrationGranularity:5]]
[2021.03.12-15.19.50:157][  0]LogConfig: Setting CVar [[s.FlushStreamingOnExit:1]]
[2021.03.12-15.19.50:157][  0]LogConfig: Applying CVar settings from Section [/Script/Engine.GarbageCollectionSettings] File [E:/Github/GEP/GEPProject/Saved/Config/Windows/Engine.ini]
[2021.03.12-15.19.50:157][  0]LogConfig: Setting CVar [[gc.MaxObjectsNotConsideredByGC:1]]
[2021.03.12-15.19.50:157][  0]LogConfig: Setting CVar [[gc.SizeOfPermanentObjectPool:0]]
[2021.03.12-15.19.50:157][  0]LogConfig: Setting CVar [[gc.FlushStreamingOnGC:0]]
[2021.03.12-15.19.50:157][  0]LogConfig: Setting CVar [[gc.NumRetriesBeforeForcingGC:10]]
[2021.03.12-15.19.50:157][  0]LogConfig: Setting CVar [[gc.AllowParallelGC:1]]
[2021.03.12-15.19.50:157][  0]LogConfig: Setting CVar [[gc.TimeBetweenPurgingPendingKillObjects:61.1]]
[2021.03.12-15.19.50:157][  0]LogConfig: Setting CVar [[gc.MaxObjectsInEditor:25165824]]
[2021.03.12-15.19.50:157][  0]LogConfig: Setting CVar [[gc.IncrementalBeginDestroyEnabled:1]]
[2021.03.12-15.19.50:157][  0]LogConfig: Setting CVar [[gc.CreateGCClusters:1]]
[2021.03.12-15.19.50:157][  0]LogConfig: Setting CVar [[gc.MinGCClusterSize:5]]
[2021.03.12-15.19.50:157][  0]LogConfig: Setting CVar [[gc.ActorClusteringEnabled:0]]
[2021.03.12-15.19.50:158][  0]LogConfig: Setting CVar [[gc.BlueprintClusteringEnabled:0]]
[2021.03.12-15.19.50:158][  0]LogConfig: Setting CVar [[gc.UseDisregardForGCOnDedicatedServers:0]]
[2021.03.12-15.19.50:158][  0]LogConfig: Applying CVar settings from Section [/Script/Engine.NetworkSettings] File [E:/Github/GEP/GEPProject/Saved/Config/Windows/Engine.ini]
[2021.03.12-15.19.50:158][  0]LogConfig: Applying CVar settings from Section [/Script/UnrealEd.CookerSettings] File [E:/Github/GEP/GEPProject/Saved/Config/Windows/Engine.ini]
[2021.03.12-15.19.50:165][  0]LogConfig: Applying CVar settings from Section [ViewDistanceQuality@3] File [E:/Github/GEP/GEPProject/Saved/Config/Windows/Scalability.ini]
[2021.03.12-15.19.50:165][  0]LogConfig: Setting CVar [[r.SkeletalMeshLODBias:0]]
[2021.03.12-15.19.50:165][  0]LogConfig: Setting CVar [[r.ViewDistanceScale:1.0]]
[2021.03.12-15.19.50:165][  0]LogConfig: Applying CVar settings from Section [AntiAliasingQuality@3] File [E:/Github/GEP/GEPProject/Saved/Config/Windows/Scalability.ini]
[2021.03.12-15.19.50:165][  0]LogConfig: Setting CVar [[r.PostProcessAAQuality:4]]
[2021.03.12-15.19.50:165][  0]LogConfig: Applying CVar settings from Section [ShadowQuality@3] File [E:/Github/GEP/GEPProject/Saved/Config/Windows/Scalability.ini]
[2021.03.12-15.19.50:165][  0]LogConfig: Setting CVar [[r.LightFunctionQuality:1]]
[2021.03.12-15.19.50:165][  0]LogConfig: Setting CVar [[r.ShadowQuality:5]]
[2021.03.12-15.19.50:165][  0]LogConfig: Setting CVar [[r.Shadow.CSM.MaxCascades:10]]
[2021.03.12-15.19.50:165][  0]LogConfig: Setting CVar [[r.Shadow.MaxResolution:2048]]
[2021.03.12-15.19.50:165][  0]LogConfig: Setting CVar [[r.Shadow.MaxCSMResolution:2048]]
[2021.03.12-15.19.50:165][  0]LogConfig: Setting CVar [[r.Shadow.RadiusThreshold:0.01]]
[2021.03.12-15.19.50:165][  0]LogConfig: Setting CVar [[r.Shadow.DistanceScale:1.0]]
[2021.03.12-15.19.50:165][  0]LogConfig: Setting CVar [[r.Shadow.CSM.TransitionScale:1.0]]
[2021.03.12-15.19.50:165][  0]LogConfig: Setting CVar [[r.Shadow.PreShadowResolutionFactor:1.0]]
[2021.03.12-15.19.50:165][  0]LogConfig: Setting CVar [[r.DistanceFieldShadowing:1]]
[2021.03.12-15.19.50:165][  0]LogConfig: Setting CVar [[r.DistanceFieldAO:1]]
[2021.03.12-15.19.50:165][  0]LogConfig: Setting CVar [[r.AOQuality:2]]
[2021.03.12-15.19.50:165][  0]LogConfig: Setting CVar [[r.VolumetricFog:1]]
[2021.03.12-15.19.50:165][  0]LogConfig: Setting CVar [[r.VolumetricFog.GridPixelSize:8]]
[2021.03.12-15.19.50:165][  0]LogConfig: Setting CVar [[r.VolumetricFog.GridSizeZ:128]]
[2021.03.12-15.19.50:165][  0]LogConfig: Setting CVar [[r.VolumetricFog.HistoryMissSupersampleCount:4]]
[2021.03.12-15.19.50:165][  0]LogConfig: Setting CVar [[r.LightMaxDrawDistanceScale:1]]
[2021.03.12-15.19.50:165][  0]LogConfig: Setting CVar [[r.CapsuleShadows:1]]
[2021.03.12-15.19.50:165][  0]LogConfig: Applying CVar settings from Section [PostProcessQuality@3] File [E:/Github/GEP/GEPProject/Saved/Config/Windows/Scalability.ini]
[2021.03.12-15.19.50:165][  0]LogConfig: Setting CVar [[r.MotionBlurQuality:4]]
[2021.03.12-15.19.50:165][  0]LogConfig: Setting CVar [[r.AmbientOcclusionMipLevelFactor:0.4]]
[2021.03.12-15.19.50:165][  0]LogConfig: Setting CVar [[r.AmbientOcclusionMaxQuality:100]]
[2021.03.12-15.19.50:165][  0]LogConfig: Setting CVar [[r.AmbientOcclusionLevels:-1]]
[2021.03.12-15.19.50:165][  0]LogConfig: Setting CVar [[r.AmbientOcclusionRadiusScale:1.0]]
[2021.03.12-15.19.50:165][  0]LogConfig: Setting CVar [[r.DepthOfFieldQuality:2]]
[2021.03.12-15.19.50:165][  0]LogConfig: Setting CVar [[r.RenderTargetPoolMin:400]]
[2021.03.12-15.19.50:165][  0]LogConfig: Setting CVar [[r.LensFlareQuality:2]]
[2021.03.12-15.19.50:165][  0]LogConfig: Setting CVar [[r.SceneColorFringeQuality:1]]
[2021.03.12-15.19.50:165][  0]LogConfig: Setting CVar [[r.EyeAdaptationQuality:2]]
[2021.03.12-15.19.50:165][  0]LogConfig: Setting CVar [[r.BloomQuality:5]]
[2021.03.12-15.19.50:165][  0]LogConfig: Setting CVar [[r.FastBlurThreshold:100]]
[2021.03.12-15.19.50:165][  0]LogConfig: Setting CVar [[r.Upscale.Quality:3]]
[2021.03.12-15.19.50:165][  0]LogConfig: Setting CVar [[r.Tonemapper.GrainQuantization:1]]
[2021.03.12-15.19.50:165][  0]LogConfig: Setting CVar [[r.LightShaftQuality:1]]
[2021.03.12-15.19.50:166][  0]LogConfig: Setting CVar [[r.Filter.SizeScale:1]]
[2021.03.12-15.19.50:166][  0]LogConfig: Setting CVar [[r.Tonemapper.Quality:5]]
[2021.03.12-15.19.50:166][  0]LogConfig: Setting CVar [[r.DOF.Gather.AccumulatorQuality:1        ; higher gathering accumulator quality]]
[2021.03.12-15.19.50:166][  0]LogConfig: Setting CVar [[r.DOF.Gather.PostfilterMethod:1          ; Median3x3 postfilering method]]
[2021.03.12-15.19.50:166][  0]LogConfig: Setting CVar [[r.DOF.Gather.EnableBokehSettings:0       ; no bokeh simulation when gathering]]
[2021.03.12-15.19.50:166][  0]LogConfig: Setting CVar [[r.DOF.Gather.RingCount:4                 ; medium number of samples when gathering]]
[2021.03.12-15.19.50:166][  0]LogConfig: Setting CVar [[r.DOF.Scatter.ForegroundCompositing:1    ; additive foreground scattering]]
[2021.03.12-15.19.50:166][  0]LogConfig: Setting CVar [[r.DOF.Scatter.BackgroundCompositing:2    ; additive background scattering]]
[2021.03.12-15.19.50:166][  0]LogConfig: Setting CVar [[r.DOF.Scatter.EnableBokehSettings:1      ; bokeh simulation when scattering]]
[2021.03.12-15.19.50:166][  0]LogConfig: Setting CVar [[r.DOF.Scatter.MaxSpriteRatio:0.1         ; only a maximum of 10% of scattered bokeh]]
[2021.03.12-15.19.50:166][  0]LogConfig: Setting CVar [[r.DOF.Recombine.Quality:1                ; cheap slight out of focus]]
[2021.03.12-15.19.50:166][  0]LogConfig: Setting CVar [[r.DOF.Recombine.EnableBokehSettings:0    ; no bokeh simulation on slight out of focus]]
[2021.03.12-15.19.50:166][  0]LogConfig: Setting CVar [[r.DOF.TemporalAAQuality:1                ; more stable temporal accumulation]]
[2021.03.12-15.19.50:166][  0]LogConfig: Setting CVar [[r.DOF.Kernel.MaxForegroundRadius:0.025]]
[2021.03.12-15.19.50:166][  0]LogConfig: Setting CVar [[r.DOF.Kernel.MaxBackgroundRadius:0.025]]
[2021.03.12-15.19.50:166][  0]LogConfig: Applying CVar settings from Section [TextureQuality@3] File [E:/Github/GEP/GEPProject/Saved/Config/Windows/Scalability.ini]
[2021.03.12-15.19.50:166][  0]LogConfig: Setting CVar [[r.Streaming.MipBias:0]]
[2021.03.12-15.19.50:166][  0]LogConfig: Setting CVar [[r.Streaming.AmortizeCPUToGPUCopy:0]]
[2021.03.12-15.19.50:166][  0]LogConfig: Setting CVar [[r.Streaming.MaxNumTexturesToStreamPerFrame:0]]
[2021.03.12-15.19.50:166][  0]LogConfig: Setting CVar [[r.Streaming.Boost:1]]
[2021.03.12-15.19.50:166][  0]LogConfig: Setting CVar [[r.MaxAnisotropy:8]]
[2021.03.12-15.19.50:166][  0]LogConfig: Setting CVar [[r.VT.MaxAnisotropy:8]]
[2021.03.12-15.19.50:166][  0]LogConfig: Setting CVar [[r.Streaming.LimitPoolSizeToVRAM:0]]
[2021.03.12-15.19.50:166][  0]LogConfig: Setting CVar [[r.Streaming.PoolSize:1000]]
[2021.03.12-15.19.50:166][  0]LogConfig: Setting CVar [[r.Streaming.MaxEffectiveScreenSize:0]]
[2021.03.12-15.19.50:166][  0]LogConfig: Applying CVar settings from Section [EffectsQuality@3] File [E:/Github/GEP/GEPProject/Saved/Config/Windows/Scalability.ini]
[2021.03.12-15.19.50:166][  0]LogConfig: Setting CVar [[r.TranslucencyLightingVolumeDim:64]]
[2021.03.12-15.19.50:166][  0]LogConfig: Setting CVar [[r.RefractionQuality:2]]
[2021.03.12-15.19.50:166][  0]LogConfig: Setting CVar [[r.SSR.Quality:3]]
[2021.03.12-15.19.50:166][  0]LogConfig: Setting CVar [[r.SSR.HalfResSceneColor:0]]
[2021.03.12-15.19.50:166][  0]LogConfig: Setting CVar [[r.SceneColorFormat:4]]
[2021.03.12-15.19.50:166][  0]LogConfig: Setting CVar [[r.DetailMode:2]]
[2021.03.12-15.19.50:166][  0]LogConfig: Setting CVar [[r.TranslucencyVolumeBlur:1]]
[2021.03.12-15.19.50:166][  0]LogConfig: Setting CVar [[r.MaterialQualityLevel:1 ; High quality]]
[2021.03.12-15.19.50:166][  0]LogConfig: Setting CVar [[r.SSS.Scale:1]]
[2021.03.12-15.19.50:166][  0]LogConfig: Setting CVar [[r.SSS.SampleSet:2]]
[2021.03.12-15.19.50:166][  0]LogConfig: Setting CVar [[r.SSS.Quality:1]]
[2021.03.12-15.19.50:166][  0]LogConfig: Setting CVar [[r.SSS.HalfRes:0]]
[2021.03.12-15.19.50:166][  0]LogConfig: Setting CVar [[r.SSGI.Quality:3]]
[2021.03.12-15.19.50:166][  0]LogConfig: Setting CVar [[r.EmitterSpawnRateScale:1.0]]
[2021.03.12-15.19.50:166][  0]LogConfig: Setting CVar [[r.ParticleLightQuality:2]]
[2021.03.12-15.19.50:166][  0]LogConfig: Setting CVar [[r.SkyAtmosphere.AerialPerspectiveLUT.FastApplyOnOpaque:1 ; Always have FastSkyLUT 1 in this case to avoid wrong sky]]
[2021.03.12-15.19.50:166][  0]LogConfig: Setting CVar [[r.SkyAtmosphere.AerialPerspectiveLUT.SampleCountPerSlice:1]]
[2021.03.12-15.19.50:166][  0]LogConfig: Setting CVar [[r.SkyAtmosphere.AerialPerspectiveLUT.DepthResolution:16.0]]
[2021.03.12-15.19.50:166][  0]LogConfig: Setting CVar [[r.SkyAtmosphere.FastSkyLUT:1]]
[2021.03.12-15.19.50:166][  0]LogConfig: Setting CVar [[r.SkyAtmosphere.FastSkyLUT.SampleCountMin:4.0]]
[2021.03.12-15.19.50:166][  0]LogConfig: Setting CVar [[r.SkyAtmosphere.FastSkyLUT.SampleCountMax:32.0]]
[2021.03.12-15.19.50:166][  0]LogConfig: Setting CVar [[r.SkyAtmosphere.SampleCountMin:4.0]]
[2021.03.12-15.19.50:166][  0]LogConfig: Setting CVar [[r.SkyAtmosphere.SampleCountMax:32.0]]
[2021.03.12-15.19.50:166][  0]LogConfig: Setting CVar [[r.SkyAtmosphere.TransmittanceLUT.UseSmallFormat:0]]
[2021.03.12-15.19.50:166][  0]LogConfig: Setting CVar [[r.SkyAtmosphere.TransmittanceLUT.SampleCount:10.0]]
[2021.03.12-15.19.50:166][  0]LogConfig: Setting CVar [[r.SkyAtmosphere.MultiScatteringLUT.SampleCount:15.0]]
[2021.03.12-15.19.50:166][  0]LogConfig: Applying CVar settings from Section [FoliageQuality@3] File [E:/Github/GEP/GEPProject/Saved/Config/Windows/Scalability.ini]
[2021.03.12-15.19.50:166][  0]LogConfig: Setting CVar [[foliage.DensityScale:1.0]]
[2021.03.12-15.19.50:166][  0]LogConfig: Setting CVar [[grass.DensityScale:1.0]]
[2021.03.12-15.19.50:166][  0]LogConfig: Applying CVar settings from Section [ShadingQuality@3] File [E:/Github/GEP/GEPProject/Saved/Config/Windows/Scalability.ini]
[2021.03.12-15.19.50:166][  0]LogConfig: Setting CVar [[r.HairStrands.SkyLighting.SampleCount:16]]
[2021.03.12-15.19.50:166][  0]LogConfig: Setting CVar [[r.HairStrands.SkyLighting.JitterIntegration:0]]
[2021.03.12-15.19.50:166][  0]LogConfig: Setting CVar [[r.HairStrands.SkyAO.SampleCount:16]]
[2021.03.12-15.19.50:166][  0]LogConfig: Setting CVar [[r.HairStrands.DeepShadow.SuperSampling:0]]
[2021.03.12-15.19.50:166][  0]LogConfig: Setting CVar [[r.HairStrands.VisibilityPPLL:0]]
[2021.03.12-15.19.50:166][  0]LogConfig: Setting CVar [[r.HairStrands.RasterizationScale:0.5]]
[2021.03.12-15.19.50:166][  0]LogConfig: Setting CVar [[r.HairStrands.VelocityRasterizationScale:1]]
[2021.03.12-15.19.50:166][  0]LogInit: Selected Device Profile: [Windows]
[2021.03.12-15.19.50:166][  0]LogInit: Applying CVar settings loaded from the selected device profile: [Windows]
[2021.03.12-15.19.50:166][  0]LogHAL: Display: Platform has ~ 16 GB [17123741696 / 17179869184 / 16], which maps to Larger [LargestMinGB=32, LargerMinGB=12, DefaultMinGB=8, SmallerMinGB=6, SmallestMinGB=0)
[2021.03.12-15.19.50:166][  0]LogInit: Going up to parent DeviceProfile []
[2021.03.12-15.19.50:166][  0]LogConfig: Applying CVar settings from Section [ViewDistanceQuality@3] File [E:/Github/GEP/GEPProject/Saved/Config/Windows/Scalability.ini]
[2021.03.12-15.19.50:166][  0]LogConfig: Setting CVar [[r.SkeletalMeshLODBias:0]]
[2021.03.12-15.19.50:166][  0]LogConfig: Setting CVar [[r.ViewDistanceScale:1.0]]
[2021.03.12-15.19.50:167][  0]LogConfig: Applying CVar settings from Section [AntiAliasingQuality@3] File [E:/Github/GEP/GEPProject/Saved/Config/Windows/Scalability.ini]
[2021.03.12-15.19.50:167][  0]LogConfig: Setting CVar [[r.PostProcessAAQuality:4]]
[2021.03.12-15.19.50:167][  0]LogConfig: Applying CVar settings from Section [ShadowQuality@3] File [E:/Github/GEP/GEPProject/Saved/Config/Windows/Scalability.ini]
[2021.03.12-15.19.50:167][  0]LogConfig: Setting CVar [[r.LightFunctionQuality:1]]
[2021.03.12-15.19.50:167][  0]LogConfig: Setting CVar [[r.ShadowQuality:5]]
[2021.03.12-15.19.50:167][  0]LogConfig: Setting CVar [[r.Shadow.CSM.MaxCascades:10]]
[2021.03.12-15.19.50:167][  0]LogConfig: Setting CVar [[r.Shadow.MaxResolution:2048]]
[2021.03.12-15.19.50:167][  0]LogConfig: Setting CVar [[r.Shadow.MaxCSMResolution:2048]]
[2021.03.12-15.19.50:167][  0]LogConfig: Setting CVar [[r.Shadow.RadiusThreshold:0.01]]
[2021.03.12-15.19.50:167][  0]LogConfig: Setting CVar [[r.Shadow.DistanceScale:1.0]]
[2021.03.12-15.19.50:167][  0]LogConfig: Setting CVar [[r.Shadow.CSM.TransitionScale:1.0]]
[2021.03.12-15.19.50:167][  0]LogConfig: Setting CVar [[r.Shadow.PreShadowResolutionFactor:1.0]]
[2021.03.12-15.19.50:167][  0]LogConfig: Setting CVar [[r.DistanceFieldShadowing:1]]
[2021.03.12-15.19.50:167][  0]LogConfig: Setting CVar [[r.DistanceFieldAO:1]]
[2021.03.12-15.19.50:167][  0]LogConfig: Setting CVar [[r.AOQuality:2]]
[2021.03.12-15.19.50:167][  0]LogConfig: Setting CVar [[r.VolumetricFog:1]]
[2021.03.12-15.19.50:167][  0]LogConfig: Setting CVar [[r.VolumetricFog.GridPixelSize:8]]
[2021.03.12-15.19.50:167][  0]LogConfig: Setting CVar [[r.VolumetricFog.GridSizeZ:128]]
[2021.03.12-15.19.50:167][  0]LogConfig: Setting CVar [[r.VolumetricFog.HistoryMissSupersampleCount:4]]
[2021.03.12-15.19.50:167][  0]LogConfig: Setting CVar [[r.LightMaxDrawDistanceScale:1]]
[2021.03.12-15.19.50:167][  0]LogConfig: Setting CVar [[r.CapsuleShadows:1]]
[2021.03.12-15.19.50:167][  0]LogConfig: Applying CVar settings from Section [PostProcessQuality@3] File [E:/Github/GEP/GEPProject/Saved/Config/Windows/Scalability.ini]
[2021.03.12-15.19.50:167][  0]LogConfig: Setting CVar [[r.MotionBlurQuality:4]]
[2021.03.12-15.19.50:167][  0]LogConfig: Setting CVar [[r.AmbientOcclusionMipLevelFactor:0.4]]
[2021.03.12-15.19.50:167][  0]LogConfig: Setting CVar [[r.AmbientOcclusionMaxQuality:100]]
[2021.03.12-15.19.50:167][  0]LogConfig: Setting CVar [[r.AmbientOcclusionLevels:-1]]
[2021.03.12-15.19.50:167][  0]LogConfig: Setting CVar [[r.AmbientOcclusionRadiusScale:1.0]]
[2021.03.12-15.19.50:167][  0]LogConfig: Setting CVar [[r.DepthOfFieldQuality:2]]
[2021.03.12-15.19.50:167][  0]LogConfig: Setting CVar [[r.RenderTargetPoolMin:400]]
[2021.03.12-15.19.50:167][  0]LogConfig: Setting CVar [[r.LensFlareQuality:2]]
[2021.03.12-15.19.50:167][  0]LogConfig: Setting CVar [[r.SceneColorFringeQuality:1]]
[2021.03.12-15.19.50:167][  0]LogConfig: Setting CVar [[r.EyeAdaptationQuality:2]]
[2021.03.12-15.19.50:167][  0]LogConfig: Setting CVar [[r.BloomQuality:5]]
[2021.03.12-15.19.50:167][  0]LogConfig: Setting CVar [[r.FastBlurThreshold:100]]
[2021.03.12-15.19.50:167][  0]LogConfig: Setting CVar [[r.Upscale.Quality:3]]
[2021.03.12-15.19.50:167][  0]LogConfig: Setting CVar [[r.Tonemapper.GrainQuantization:1]]
[2021.03.12-15.19.50:167][  0]LogConfig: Setting CVar [[r.LightShaftQuality:1]]
[2021.03.12-15.19.50:167][  0]LogConfig: Setting CVar [[r.Filter.SizeScale:1]]
[2021.03.12-15.19.50:167][  0]LogConfig: Setting CVar [[r.Tonemapper.Quality:5]]
[2021.03.12-15.19.50:167][  0]LogConfig: Setting CVar [[r.DOF.Gather.AccumulatorQuality:1        ; higher gathering accumulator quality]]
[2021.03.12-15.19.50:167][  0]LogConfig: Setting CVar [[r.DOF.Gather.PostfilterMethod:1          ; Median3x3 postfilering method]]
[2021.03.12-15.19.50:167][  0]LogConfig: Setting CVar [[r.DOF.Gather.EnableBokehSettings:0       ; no bokeh simulation when gathering]]
[2021.03.12-15.19.50:167][  0]LogConfig: Setting CVar [[r.DOF.Gather.RingCount:4                 ; medium number of samples when gathering]]
[2021.03.12-15.19.50:167][  0]LogConfig: Setting CVar [[r.DOF.Scatter.ForegroundCompositing:1    ; additive foreground scattering]]
[2021.03.12-15.19.50:167][  0]LogConfig: Setting CVar [[r.DOF.Scatter.BackgroundCompositing:2    ; additive background scattering]]
[2021.03.12-15.19.50:167][  0]LogConfig: Setting CVar [[r.DOF.Scatter.EnableBokehSettings:1      ; bokeh simulation when scattering]]
[2021.03.12-15.19.50:167][  0]LogConfig: Setting CVar [[r.DOF.Scatter.MaxSpriteRatio:0.1         ; only a maximum of 10% of scattered bokeh]]
[2021.03.12-15.19.50:167][  0]LogConfig: Setting CVar [[r.DOF.Recombine.Quality:1                ; cheap slight out of focus]]
[2021.03.12-15.19.50:167][  0]LogConfig: Setting CVar [[r.DOF.Recombine.EnableBokehSettings:0    ; no bokeh simulation on slight out of focus]]
[2021.03.12-15.19.50:167][  0]LogConfig: Setting CVar [[r.DOF.TemporalAAQuality:1                ; more stable temporal accumulation]]
[2021.03.12-15.19.50:167][  0]LogConfig: Setting CVar [[r.DOF.Kernel.MaxForegroundRadius:0.025]]
[2021.03.12-15.19.50:167][  0]LogConfig: Setting CVar [[r.DOF.Kernel.MaxBackgroundRadius:0.025]]
[2021.03.12-15.19.50:167][  0]LogConfig: Applying CVar settings from Section [TextureQuality@3] File [E:/Github/GEP/GEPProject/Saved/Config/Windows/Scalability.ini]
[2021.03.12-15.19.50:167][  0]LogConfig: Setting CVar [[r.Streaming.MipBias:0]]
[2021.03.12-15.19.50:167][  0]LogConfig: Setting CVar [[r.Streaming.AmortizeCPUToGPUCopy:0]]
[2021.03.12-15.19.50:167][  0]LogConfig: Setting CVar [[r.Streaming.MaxNumTexturesToStreamPerFrame:0]]
[2021.03.12-15.19.50:167][  0]LogConfig: Setting CVar [[r.Streaming.Boost:1]]
[2021.03.12-15.19.50:167][  0]LogConfig: Setting CVar [[r.MaxAnisotropy:8]]
[2021.03.12-15.19.50:167][  0]LogConfig: Setting CVar [[r.VT.MaxAnisotropy:8]]
[2021.03.12-15.19.50:167][  0]LogConfig: Setting CVar [[r.Streaming.LimitPoolSizeToVRAM:0]]
[2021.03.12-15.19.50:167][  0]LogConfig: Setting CVar [[r.Streaming.PoolSize:1000]]
[2021.03.12-15.19.50:167][  0]LogConfig: Setting CVar [[r.Streaming.MaxEffectiveScreenSize:0]]
[2021.03.12-15.19.50:167][  0]LogConfig: Applying CVar settings from Section [EffectsQuality@3] File [E:/Github/GEP/GEPProject/Saved/Config/Windows/Scalability.ini]
[2021.03.12-15.19.50:167][  0]LogConfig: Setting CVar [[r.TranslucencyLightingVolumeDim:64]]
[2021.03.12-15.19.50:167][  0]LogConfig: Setting CVar [[r.RefractionQuality:2]]
[2021.03.12-15.19.50:167][  0]LogConfig: Setting CVar [[r.SSR.Quality:3]]
[2021.03.12-15.19.50:167][  0]LogConfig: Setting CVar [[r.SSR.HalfResSceneColor:0]]
[2021.03.12-15.19.50:167][  0]LogConfig: Setting CVar [[r.SceneColorFormat:4]]
[2021.03.12-15.19.50:167][  0]LogConfig: Setting CVar [[r.DetailMode:2]]
[2021.03.12-15.19.50:167][  0]LogConfig: Setting CVar [[r.TranslucencyVolumeBlur:1]]
[2021.03.12-15.19.50:167][  0]LogConfig: Setting CVar [[r.MaterialQualityLevel:1 ; High quality]]
[2021.03.12-15.19.50:167][  0]LogConfig: Setting CVar [[r.SSS.Scale:1]]
[2021.03.12-15.19.50:167][  0]LogConfig: Setting CVar [[r.SSS.SampleSet:2]]
[2021.03.12-15.19.50:167][  0]LogConfig: Setting CVar [[r.SSS.Quality:1]]
[2021.03.12-15.19.50:167][  0]LogConfig: Setting CVar [[r.SSS.HalfRes:0]]
[2021.03.12-15.19.50:167][  0]LogConfig: Setting CVar [[r.SSGI.Quality:3]]
[2021.03.12-15.19.50:167][  0]LogConfig: Setting CVar [[r.EmitterSpawnRateScale:1.0]]
[2021.03.12-15.19.50:168][  0]LogConfig: Setting CVar [[r.ParticleLightQuality:2]]
[2021.03.12-15.19.50:168][  0]LogConfig: Setting CVar [[r.SkyAtmosphere.AerialPerspectiveLUT.FastApplyOnOpaque:1 ; Always have FastSkyLUT 1 in this case to avoid wrong sky]]
[2021.03.12-15.19.50:168][  0]LogConfig: Setting CVar [[r.SkyAtmosphere.AerialPerspectiveLUT.SampleCountPerSlice:1]]
[2021.03.12-15.19.50:168][  0]LogConfig: Setting CVar [[r.SkyAtmosphere.AerialPerspectiveLUT.DepthResolution:16.0]]
[2021.03.12-15.19.50:168][  0]LogConfig: Setting CVar [[r.SkyAtmosphere.FastSkyLUT:1]]
[2021.03.12-15.19.50:168][  0]LogConfig: Setting CVar [[r.SkyAtmosphere.FastSkyLUT.SampleCountMin:4.0]]
[2021.03.12-15.19.50:168][  0]LogConfig: Setting CVar [[r.SkyAtmosphere.FastSkyLUT.SampleCountMax:32.0]]
[2021.03.12-15.19.50:168][  0]LogConfig: Setting CVar [[r.SkyAtmosphere.SampleCountMin:4.0]]
[2021.03.12-15.19.50:168][  0]LogConfig: Setting CVar [[r.SkyAtmosphere.SampleCountMax:32.0]]
[2021.03.12-15.19.50:168][  0]LogConfig: Setting CVar [[r.SkyAtmosphere.TransmittanceLUT.UseSmallFormat:0]]
[2021.03.12-15.19.50:168][  0]LogConfig: Setting CVar [[r.SkyAtmosphere.TransmittanceLUT.SampleCount:10.0]]
[2021.03.12-15.19.50:168][  0]LogConfig: Setting CVar [[r.SkyAtmosphere.MultiScatteringLUT.SampleCount:15.0]]
[2021.03.12-15.19.50:168][  0]LogConfig: Applying CVar settings from Section [FoliageQuality@3] File [E:/Github/GEP/GEPProject/Saved/Config/Windows/Scalability.ini]
[2021.03.12-15.19.50:168][  0]LogConfig: Setting CVar [[foliage.DensityScale:1.0]]
[2021.03.12-15.19.50:168][  0]LogConfig: Setting CVar [[grass.DensityScale:1.0]]
[2021.03.12-15.19.50:168][  0]LogConfig: Applying CVar settings from Section [ShadingQuality@3] File [E:/Github/GEP/GEPProject/Saved/Config/Windows/Scalability.ini]
[2021.03.12-15.19.50:168][  0]LogConfig: Setting CVar [[r.HairStrands.SkyLighting.SampleCount:16]]
[2021.03.12-15.19.50:168][  0]LogConfig: Setting CVar [[r.HairStrands.SkyLighting.JitterIntegration:0]]
[2021.03.12-15.19.50:168][  0]LogConfig: Setting CVar [[r.HairStrands.SkyAO.SampleCount:16]]
[2021.03.12-15.19.50:168][  0]LogConfig: Setting CVar [[r.HairStrands.DeepShadow.SuperSampling:0]]
[2021.03.12-15.19.50:168][  0]LogConfig: Setting CVar [[r.HairStrands.VisibilityPPLL:0]]
[2021.03.12-15.19.50:168][  0]LogConfig: Setting CVar [[r.HairStrands.RasterizationScale:0.5]]
[2021.03.12-15.19.50:168][  0]LogConfig: Setting CVar [[r.HairStrands.VelocityRasterizationScale:1]]
[2021.03.12-15.19.50:168][  0]LogConfig: Applying CVar settings from Section [Startup] File [../../../Engine/Config/ConsoleVariables.ini]
[2021.03.12-15.19.50:168][  0]LogConfig: Setting CVar [[net.UseAdaptiveNetUpdateFrequency:0]]
[2021.03.12-15.19.50:168][  0]LogConfig: Setting CVar [[p.chaos.AllowCreatePhysxBodies:1]]
[2021.03.12-15.19.50:168][  0]LogConfig: Setting CVar [[fx.SkipVectorVMBackendOptimizations:1]]
[2021.03.12-15.19.50:168][  0]LogConfig: Applying CVar settings from Section [ConsoleVariables] File [E:/Github/GEP/GEPProject/Saved/Config/Windows/Engine.ini]
[2021.03.12-15.19.50:168][  0]LogInit: Computer: DESKTOP-8MPSU4G
[2021.03.12-15.19.50:168][  0]LogInit: User: cathan
[2021.03.12-15.19.50:168][  0]LogInit: CPU Page size=4096, Cores=8
[2021.03.12-15.19.50:168][  0]LogInit: High frequency timer resolution =10.000000 MHz
[2021.03.12-15.19.50:168][  0]LogMemory: Memory total: Physical=15.9GB (16GB approx)
[2021.03.12-15.19.50:168][  0]LogMemory: Platform Memory Stats for Windows
[2021.03.12-15.19.50:169][  0]LogMemory: Process Physical Memory: 118.49 MB used, 118.50 MB peak
[2021.03.12-15.19.50:169][  0]LogMemory: Process Virtual Memory: 106.11 MB used, 106.11 MB peak
[2021.03.12-15.19.50:169][  0]LogMemory: Physical Memory: 13917.12 MB used,  2413.36 MB free, 16330.47 MB total
[2021.03.12-15.19.50:169][  0]LogMemory: Virtual Memory: 5195.04 MB used,  134212536.00 MB free, 134217728.00 MB total
[2021.03.12-15.19.50:175][  0]LogWindows: WindowsPlatformFeatures enabled
[2021.03.12-15.19.50:237][  0]LogInit: Physics initialised using underlying interface: PhysX
[2021.03.12-15.19.50:238][  0]LogInit: Using OS detected language (en-GB).
[2021.03.12-15.19.50:238][  0]LogInit: Using OS detected locale (en-GB).
[2021.03.12-15.19.50:242][  0]LogTextLocalizationManager: No specific localization for 'en-GB' exists, so the 'en' localization will be used.
[2021.03.12-15.19.50:438][  0]LogInit: Setting process to per monitor DPI aware
[2021.03.12-15.19.50:485][  0]LogSlate: New Slate User Created.  User Index 0, Is Virtual User: 0
[2021.03.12-15.19.50:485][  0]LogSlate: Slate User Registered.  User Index 0, Is Virtual User: 0
[2021.03.12-15.19.50:715][  0]LogHMD: Failed to initialize OpenVR with code 110
[2021.03.12-15.19.50:715][  0]LogD3D11RHI: D3D11 min allowed feature level: 11_0
[2021.03.12-15.19.50:715][  0]LogD3D11RHI: D3D11 max allowed feature level: 11_0
[2021.03.12-15.19.50:715][  0]LogD3D11RHI: D3D11 adapters:
[2021.03.12-15.19.50:843][  0]LogD3D11RHI:    0. 'NVIDIA GeForce RTX 2060' (Feature Level 11_0)
[2021.03.12-15.19.50:843][  0]LogD3D11RHI:       5980/0/8165 MB DedicatedVideo/DedicatedSystem/SharedSystem, Outputs:2, VendorId:0x10de
[2021.03.12-15.19.50:846][  0]LogD3D11RHI:    1. 'Microsoft Basic Render Driver' (Feature Level 11_0)
[2021.03.12-15.19.50:846][  0]LogD3D11RHI:       0/0/8165 MB DedicatedVideo/DedicatedSystem/SharedSystem, Outputs:0, VendorId:0x1414
[2021.03.12-15.19.50:846][  0]LogD3D11RHI: Chosen D3D11 Adapter: 0
[2021.03.12-15.19.50:860][  0]LogD3D11RHI: Creating new Direct3DDevice
[2021.03.12-15.19.50:860][  0]LogD3D11RHI:     GPU DeviceId: 0x1f08 (for the marketing name, search the web for "GPU Device Id")
[2021.03.12-15.19.50:860][  0]LogWindows: EnumDisplayDevices:
[2021.03.12-15.19.50:861][  0]LogWindows:    0. 'NVIDIA GeForce RTX 2060' (P:1 D:1)
[2021.03.12-15.19.50:861][  0]LogWindows:    1. 'NVIDIA GeForce RTX 2060' (P:0 D:1)
[2021.03.12-15.19.50:861][  0]LogWindows:    2. 'NVIDIA GeForce RTX 2060' (P:0 D:0)
[2021.03.12-15.19.50:861][  0]LogWindows:    3. 'NVIDIA GeForce RTX 2060' (P:0 D:0)
[2021.03.12-15.19.50:861][  0]LogWindows: DebugString: FoundDriverCount:4 
[2021.03.12-15.19.50:861][  0]LogD3D11RHI:     Adapter Name: NVIDIA GeForce RTX 2060
[2021.03.12-15.19.50:861][  0]LogD3D11RHI:   Driver Version: 460.79 (internal:27.21.14.6079, unified:460.79)
[2021.03.12-15.19.50:862][  0]LogD3D11RHI:      Driver Date: 12-3-2020
[2021.03.12-15.19.50:862][  0]LogRHI: Texture pool is 4186 MB (70% of 5980 MB)
[2021.03.12-15.19.50:957][  0]LogD3D11RHI: RHI has support for 64 bit atomics
[2021.03.12-15.19.50:957][  0]LogD3D11RHI: Async texture creation enabled
[2021.03.12-15.19.50:957][  0]LogD3D11RHI: Array index from any shader is supported
[2021.03.12-15.19.50:994][  0]LogD3D11RHI: GPU Timing Frequency: 1000.000000 (Debug: 2 1)
[2021.03.12-15.19.51:300][  0]LogTargetPlatformManager: Display: Loaded TargetPlatform 'AllDesktop'
[2021.03.12-15.19.51:323][  0]LogTargetPlatformManager: Display: Loaded TargetPlatform 'Android'
[2021.03.12-15.19.51:323][  0]LogTargetPlatformManager: Display: Loaded TargetPlatform 'Android_ASTC'
[2021.03.12-15.19.51:323][  0]LogTargetPlatformManager: Display: Loaded TargetPlatform 'Android_DXT'
[2021.03.12-15.19.51:323][  0]LogTargetPlatformManager: Display: Loaded TargetPlatform 'Android_ETC2'
[2021.03.12-15.19.51:323][  0]LogTargetPlatformManager: Display: Loaded TargetPlatform 'AndroidClient'
[2021.03.12-15.19.51:323][  0]LogTargetPlatformManager: Display: Loaded TargetPlatform 'Android_ASTCClient'
[2021.03.12-15.19.51:323][  0]LogTargetPlatformManager: Display: Loaded TargetPlatform 'Android_DXTClient'
[2021.03.12-15.19.51:323][  0]LogTargetPlatformManager: Display: Loaded TargetPlatform 'Android_ETC2Client'
[2021.03.12-15.19.51:323][  0]LogTargetPlatformManager: Display: Loaded TargetPlatform 'Android_Multi'
[2021.03.12-15.19.51:323][  0]LogTargetPlatformManager: Display: Loaded TargetPlatform 'Android_MultiClient'
[2021.03.12-15.19.51:351][  0]LogTargetPlatformManager: Display: Loaded TargetPlatform 'IOSClient'
[2021.03.12-15.19.51:351][  0]LogTargetPlatformManager: Display: Loaded TargetPlatform 'IOS'
[2021.03.12-15.19.51:363][  0]LogTargetPlatformManager: Display: Loaded TargetPlatform 'Linux'
[2021.03.12-15.19.51:375][  0]LogTargetPlatformManager: Display: Loaded TargetPlatform 'LinuxNoEditor'
[2021.03.12-15.19.51:386][  0]LogTargetPlatformManager: Display: Loaded TargetPlatform 'LinuxClient'
[2021.03.12-15.19.51:397][  0]LogTargetPlatformManager: Display: Loaded TargetPlatform 'LinuxServer'
[2021.03.12-15.19.51:407][  0]LogTargetPlatformManager: Display: Loaded TargetPlatform 'LinuxAArch64NoEditor'
[2021.03.12-15.19.51:418][  0]LogTargetPlatformManager: Display: Loaded TargetPlatform 'LinuxAArch64Client'
[2021.03.12-15.19.51:429][  0]LogTargetPlatformManager: Display: Loaded TargetPlatform 'LinuxAArch64Server'
[2021.03.12-15.19.51:461][  0]LogTargetPlatformManager: Display: Loaded TargetPlatform 'Lumin'
[2021.03.12-15.19.51:461][  0]LogTargetPlatformManager: Display: Loaded TargetPlatform 'LuminClient'
[2021.03.12-15.19.51:480][  0]LogTargetPlatformManager: Display: Loaded TargetPlatform 'TVOSClient'
[2021.03.12-15.19.51:480][  0]LogTargetPlatformManager: Display: Loaded TargetPlatform 'TVOS'
[2021.03.12-15.19.51:490][  0]LogTargetPlatformManager: Display: Loaded TargetPlatform 'WindowsNoEditor'
[2021.03.12-15.19.51:502][  0]LogTargetPlatformManager: Display: Loaded TargetPlatform 'Windows'
[2021.03.12-15.19.51:512][  0]LogTargetPlatformManager: Display: Loaded TargetPlatform 'WindowsClient'
[2021.03.12-15.19.51:523][  0]LogTargetPlatformManager: Display: Loaded TargetPlatform 'WindowsServer'
[2021.03.12-15.19.51:523][  0]LogTargetPlatformManager: Display: Building Assets For Windows
[2021.03.12-15.19.51:534][  0]LogAudioDebug: Display: Lib vorbis DLL was dynamically loaded.
[2021.03.12-15.19.51:612][  0]LogShaderCompilers: Guid format shader working directory is 10 characters bigger than the processId version (../../../../../Github/GEP/GEPProject/Intermediate/Shaders/WorkingDirectory/11540/).
[2021.03.12-15.19.51:612][  0]LogShaderCompilers: Cleaned the shader compiler working directory 'C:/Users/cathan/AppData/Local/Temp/UnrealShaderWorkingDir/6CBB7EC64002F94D2FF8D987A266533E/'.
[2021.03.12-15.19.51:613][  0]LogXGEController: Cleaning working directory: C:/Users/cathan/AppData/Local/Temp/UnrealXGEWorkingDir/
[2021.03.12-15.19.51:613][  0]LogXGEController: Cannot use XGE Controller as Incredibuild is not installed on this machine.
[2021.03.12-15.19.51:613][  0]LogShaderCompilers: Cannot use XGE Shader Compiler as Incredibuild is not installed on this machine.
[2021.03.12-15.19.51:613][  0]LogShaderCompilers: Display: Using Local Shader Compiler.
[2021.03.12-15.19.52:446][  0]LogDerivedDataCache: Display: Max Cache Size: 512 MB
[2021.03.12-15.19.52:515][  0]LogDerivedDataCache: Loaded boot cache 0.07s 76MB C:/Users/cathan/AppData/Local/UnrealEngine/4.25/DerivedDataCache/Boot.ddc.
[2021.03.12-15.19.52:515][  0]LogDerivedDataCache: Display: Loaded Boot cache: C:/Users/cathan/AppData/Local/UnrealEngine/4.25/DerivedDataCache/Boot.ddc
[2021.03.12-15.19.52:516][  0]LogDerivedDataCache: FDerivedDataBackendGraph:  Pak pak cache file ../../../../../Github/GEP/GEPProject/DerivedDataCache/DDC.ddp not found, will not use a pak cache.
[2021.03.12-15.19.52:516][  0]LogDerivedDataCache: Unable to find inner node Pak for hierarchical cache Hierarchy.
[2021.03.12-15.19.52:516][  0]LogDerivedDataCache: FDerivedDataBackendGraph:  CompressedPak pak cache file ../../../../../Github/GEP/GEPProject/DerivedDataCache/Compressed.ddp not found, will not use a pak cache.
[2021.03.12-15.19.52:516][  0]LogDerivedDataCache: Unable to find inner node CompressedPak for hierarchical cache Hierarchy.
[2021.03.12-15.19.52:530][  0]LogDerivedDataCache: Display: Pak cache opened for reading ../../../Engine/DerivedDataCache/Compressed.ddp.
[2021.03.12-15.19.52:530][  0]LogDerivedDataCache: FDerivedDataBackendGraph:  EnterprisePak pak cache file ../../../Enterprise/DerivedDataCache/Compressed.ddp not found, will not use a pak cache.
[2021.03.12-15.19.52:530][  0]LogDerivedDataCache: Unable to find inner node EnterprisePak for hierarchical cache Hierarchy.
[2021.03.12-15.19.52:532][  0]LogDerivedDataCache: Using Local data cache path C:/Users/cathan/AppData/Local/UnrealEngine/Common/DerivedDataCache: Writable
[2021.03.12-15.19.52:532][  0]LogDerivedDataCache: Shared data cache path not found in *engine.ini, will not use an Shared cache.
[2021.03.12-15.19.52:532][  0]LogDerivedDataCache: Unable to find inner node Shared for hierarchical cache Hierarchy.
[2021.03.12-15.19.52:592][  0]LogSlate: Using FreeType 2.10.0
[2021.03.12-15.19.52:593][  0]LogSlate: SlateFontServices - WITH_FREETYPE: 1, WITH_HARFBUZZ: 1
[2021.03.12-15.19.52:624][  0]LogAssetRegistry: FAssetRegistry took 0.0036 seconds to start up
[2021.03.12-15.19.52:917][  0]LogInit: Selected Device Profile: [Windows]
[2021.03.12-15.19.53:039][  0]LogMeshReduction: Using QuadricMeshReduction for automatic static mesh reduction
[2021.03.12-15.19.53:039][  0]LogMeshReduction: Using SimplygonMeshReduction for automatic skeletal mesh reduction
[2021.03.12-15.19.53:039][  0]LogMeshReduction: Using ProxyLODMeshReduction for automatic mesh merging
[2021.03.12-15.19.53:039][  0]LogMeshReduction: No distributed automatic mesh merging module available
[2021.03.12-15.19.53:039][  0]LogMeshMerging: No distributed automatic mesh merging module available
[2021.03.12-15.19.53:059][  0]LogNetVersion: GEPProject 1.0.0, NetCL: 13144385, EngineNetVer: 14, GameNetVer: 0 (Checksum: 386946200)
[2021.03.12-15.19.53:567][  0]LogAISub: UAISubsystem::UAISubsystem AISubsystem (000001E7453C42C0), frame # 0
[2021.03.12-15.19.53:567][  0]LogAISub: UAISubsystem::UAISubsystem AIPerceptionSystem (000001E745AFEAC0), frame # 0
[2021.03.12-15.19.53:570][  0]LogAISub: UAISubsystem::UAISubsystem EnvQueryManager (000001E745B74800), frame # 0
[2021.03.12-15.19.53:687][  0]LogPackageLocalizationCache: Processed 19 localized package path(s) for 1 prioritized culture(s) in 0.103938 seconds
[2021.03.12-15.19.53:694][  0]LogUObjectArray: 15917 objects as part of root set at end of initial load.
[2021.03.12-15.19.53:694][  0]LogUObjectAllocator: 3965568 out of 0 bytes used by permanent object pool.
[2021.03.12-15.19.53:694][  0]LogUObjectArray: CloseDisregardForGC: 0/0 objects in disregard for GC pool
[2021.03.12-15.19.54:190][  0]LogTcpMessaging: Initializing TcpMessaging bridge
[2021.03.12-15.19.54:195][  0]LogUdpMessaging: Initializing bridge on interface 0.0.0.0:0 to multicast group 230.0.0.1:6666.
[2021.03.12-15.19.54:354][  0]SourceControl: Source control is disabled
[2021.03.12-15.19.54:354][  0]SourceControl: Source control is disabled
[2021.03.12-15.19.54:358][  0]SourceControl: Source control is disabled
[2021.03.12-15.19.54:363][  0]SourceControl: Source control is disabled
[2021.03.12-15.19.54:377][  0]SourceControl: Source control is disabled
[2021.03.12-15.19.54:691][  0]LogAndroidPermission: UAndroidPermissionCallbackProxy::GetInstance
[2021.03.12-15.19.54:719][  0]LogAudioCaptureCore: Display: No Audio Capture implementations found. Audio input will be silent.
[2021.03.12-15.19.54:719][  0]LogAudioCaptureCore: Display: No Audio Capture implementations found. Audio input will be silent.
[2021.03.12-15.19.54:779][  0]LogOcInput: OculusInput pre-init called
[2021.03.12-15.19.54:791][  0]LogWindows: Failed to load 'OVRPlugin.dll' (GetLastError=126)
[2021.03.12-15.19.54:791][  0]LogWindows: File 'OVRPlugin.dll' does not exist
[2021.03.12-15.19.54:867][  0]LogEngine: Initializing Engine...
[2021.03.12-15.19.54:868][  0]LogHMD: Failed to initialize OpenVR with code 110
[2021.03.12-15.19.54:868][  0]LogMagicLeap: Warning: VR disabled because ZI is not enabled.  To enable, in the editor, Edit -> Project Settings -> Plugins -> Magic Leap Plugin -> Enable Zero Iteration
[2021.03.12-15.19.54:869][  0]LogStats: UGameplayTagsManager::InitializeManager -  0.000 s
[2021.03.12-15.19.55:067][  0]LogInit: Initializing FReadOnlyCVARCache
[2021.03.12-15.19.55:078][  0]LogAIModule: Creating AISystem for world Untitled
[2021.03.12-15.19.55:078][  0]LogAISub: UAISubsystem::UAISubsystem EnvQueryManager (000001E74D9DBC00), frame # 0
[2021.03.12-15.19.55:078][  0]LogAISub: UAISubsystem::UAISubsystem AIPerceptionSystem (000001E74DA45440), frame # 0
[2021.03.12-15.19.55:086][  0]LogAudioMixer: Display: Audio Mixer Platform Settings:
[2021.03.12-15.19.55:086][  0]LogAudioMixer: Display: 	Sample Rate:						  48000
[2021.03.12-15.19.55:086][  0]LogAudioMixer: Display: 	Callback Buffer Frame Size Requested: 1024
[2021.03.12-15.19.55:086][  0]LogAudioMixer: Display: 	Callback Buffer Frame Size To Use:	  1024
[2021.03.12-15.19.55:086][  0]LogAudioMixer: Display: 	Number of buffers to queue:			  2
[2021.03.12-15.19.55:086][  0]LogAudioMixer: Display: 	Max Channels (voices):				  32
[2021.03.12-15.19.55:086][  0]LogAudioMixer: Display: 	Number of Async Source Workers:		  0
[2021.03.12-15.19.55:087][  0]LogAudio: Display: AudioDevice MaxSources: 32
[2021.03.12-15.19.55:087][  0]LogAudio: Display: Using built-in audio occlusion.
[2021.03.12-15.19.55:087][  0]LogAudioMixer: Display: Initializing audio mixer.
[2021.03.12-15.19.55:107][  0]LogAudioMixer: Display: 0: FrontLeft
[2021.03.12-15.19.55:107][  0]LogAudioMixer: Display: 1: FrontRight
[2021.03.12-15.19.55:160][  0]LogAudioMixer: Display: Using Audio Device OUT 1-2 (BEHRINGER UMC 202HD 192k)
[2021.03.12-15.19.55:161][  0]LogAudioMixer: Display: Initializing Sound Submixes...
[2021.03.12-15.19.55:164][  0]LogAudioMixer: Display: Creating Master Submix 'MasterSubmixDefault'
[2021.03.12-15.19.55:164][  0]LogAudioMixer: Display: Creating Master Submix 'MasterReverbSubmixDefault'
[2021.03.12-15.19.55:165][  0]LogAudioMixer: Display: Creating Master Submix 'MasterEQSubmixDefault'
[2021.03.12-15.19.55:167][  0]LogInit: FAudioDevice initialized.
[2021.03.12-15.19.55:167][  0]LogNetVersion: Set ProjectVersion to 1.0.0.0. Version Checksum will be recalculated on next use.
[2021.03.12-15.19.55:259][  0]LogDerivedDataCache: Saved boot cache 0.09s 76MB C:/Users/cathan/AppData/Local/UnrealEngine/4.25/DerivedDataCache/Boot.ddc.
[2021.03.12-15.19.55:265][  0]LogInit: Texture streaming: Enabled
[2021.03.12-15.19.55:287][  0]LogEngineSessionManager: EngineSessionManager initialized
[2021.03.12-15.19.55:287][  0]LogEngineSessionManager: EngineSessionManager sent abnormal shutdown report. Type=Crashed, SessionId={5028572A-4018-3494-D1F4-2393482A5FFB}
[2021.03.12-15.19.55:287][  0]LogEditorSessionSummary: Verbose: Initializing EditorSessionSummaryWriter for editor session tracking
[2021.03.12-15.19.55:289][  0]LogEditorSessionSummary: EditorSessionSummaryWriter initialized
[2021.03.12-15.19.55:373][  0]LogInit: Transaction tracking system initialized
[2021.03.12-15.19.55:401][  0]BlueprintLog: New page: Editor Load
[2021.03.12-15.19.55:494][  0]LocalizationService: Localization service is disabled
[2021.03.12-15.19.55:694][  0]LogCook: Display: Max memory allowance for cook 16384mb min free memory 0mb
[2021.03.12-15.19.55:694][  0]LogCook: Display: Mobile HDR setting 1
[2021.03.12-15.19.55:871][  0]LogFileCache: Scanning file cache for directory 'E:/Github/GEP/GEPProject/Content/' took 0.01s
[2021.03.12-15.19.56:102][  0]SourceControl: Source control is disabled
[2021.03.12-15.19.56:102][  0]LogUnrealEdMisc: Loading editor; pre map load, took 8.130
[2021.03.12-15.19.56:102][  0]Cmd: MAP LOAD FILE="../../../../../Github/GEP/GEPProject/Content/FirstPersonCPP/Maps/FirstPersonExampleMap.umap" TEMPLATE=0 SHOWPROGRESS=1 FEATURELEVEL=3
[2021.03.12-15.19.56:103][  0]LightingResults: New page: Lighting Build
[2021.03.12-15.19.56:103][  0]LogWorld: UWorld::CleanupWorld for Untitled, bSessionEnded=true, bCleanupResources=true
[2021.03.12-15.19.56:104][  0]LogSlate: InvalidateAllWidgets triggered.  All widgets were invalidated
[2021.03.12-15.19.56:104][  0]MapCheck: New page: Map Check
[2021.03.12-15.19.56:104][  0]LightingResults: New page: Lighting Build
[2021.03.12-15.19.56:119][  0]LogAISub: UAISubsystem::~UAISubsystem EnvQueryManager (000001E74D9DBC00), frame # 0
[2021.03.12-15.19.56:119][  0]LogAISub: UAISubsystem::~UAISubsystem AIPerceptionSystem (000001E74DA45440), frame # 0
[2021.03.12-15.19.56:120][  0]LogUObjectHash: Compacting FUObjectHashTables data took   0.84ms
[2021.03.12-15.19.56:314][  0]LogAIModule: Creating AISystem for world FirstPersonExampleMap
[2021.03.12-15.19.56:314][  0]LogAISub: UAISubsystem::UAISubsystem EnvQueryManager (000001E738813E00), frame # 0
[2021.03.12-15.19.56:314][  0]LogAISub: UAISubsystem::UAISubsystem AIPerceptionSystem (000001E73881B880), frame # 0
[2021.03.12-15.19.56:320][  0]LogEditorServer: Finished looking for orphan Actors (0.000 secs)
[2021.03.12-15.19.56:342][  0]LogUObjectHash: Compacting FUObjectHashTables data took   1.11ms
[2021.03.12-15.19.56:343][  0]Cmd: MAP CHECKDEP NOCLEARLOG
[2021.03.12-15.19.56:343][  0]MapCheck: Map check complete: 0 Error(s), 0 Warning(s), took 0.153ms to complete.
[2021.03.12-15.19.56:343][  0]LogFileHelpers: Loading map 'FirstPersonExampleMap' took 0.241
[2021.03.12-15.19.56:347][  0]LogUnrealEdMisc: Total Editor Startup Time, took 8.374
[2021.03.12-15.19.56:496][  0]LogSlate: Updating window title bar state: overlay mode, drag disabled, window buttons hidden, title bar hidden
[2021.03.12-15.19.56:504][  0]LogSlate: Updating window title bar state: overlay mode, drag disabled, window buttons hidden, title bar hidden
[2021.03.12-15.19.56:512][  0]LogSlate: Updating window title bar state: overlay mode, drag disabled, window buttons hidden, title bar hidden
[2021.03.12-15.19.56:519][  0]LogSlate: Updating window title bar state: overlay mode, drag disabled, window buttons hidden, title bar hidden
[2021.03.12-15.19.56:526][  0]LogCollectionManager: Loaded 0 collections in 0.001018 seconds
[2021.03.12-15.19.56:544][  0]LogFileCache: Scanning file cache for directory 'E:/Github/GEP/GEPProject/Saved/Collections/' took 0.00s
[2021.03.12-15.19.56:545][  0]LogFileCache: Scanning file cache for directory 'E:/Github/GEP/GEPProject/Content/Developers/cathan/Collections/' took 0.00s
[2021.03.12-15.19.56:545][  0]LogFileCache: Scanning file cache for directory 'E:/Github/GEP/GEPProject/Content/Collections/' took 0.00s
[2021.03.12-15.19.56:545][  0]LogContentBrowser: Native class hierarchy populated in 0.0121 seconds. Added 3443 classes and 825 folders.
[2021.03.12-15.19.56:548][  0]LogContentBrowser: Native class hierarchy updated for 'WidgetCarousel' in 0.0005 seconds. Added 0 classes and 0 folders.
[2021.03.12-15.19.56:649][  0]LogContentBrowser: Native class hierarchy updated for 'AddContentDialog' in 0.0005 seconds. Added 0 classes and 0 folders.
[2021.03.12-15.19.56:650][  0]LogContentBrowser: Native class hierarchy updated for 'SceneOutliner' in 0.0005 seconds. Added 2 classes and 0 folders.
[2021.03.12-15.19.56:682][  0]LogSlate: Took 0.000339 seconds to synchronously load lazily loaded font '../../../Engine/Content/Slate/Fonts/Roboto-Regular.ttf' (155K)
[2021.03.12-15.19.56:684][  0]LogSlate: Took 0.000261 seconds to synchronously load lazily loaded font '../../../Engine/Content/Slate/Fonts/Roboto-Bold.ttf' (160K)
[2021.03.12-15.19.56:691][  0]LogSlate: Took 0.000534 seconds to synchronously load lazily loaded font '../../../Engine/Content/Editor/Slate/Fonts/FontAwesome.ttf' (139K)
[2021.03.12-15.19.56:765][  0]LogRenderer: Reallocating scene render targets to support 1208x572 Format 10 NumSamples 1 (Frame:1).
[2021.03.12-15.19.56:826][  0]LogSlate: Took 0.000236 seconds to synchronously load lazily loaded font '../../../Engine/Content/Slate/Fonts/Roboto-Light.ttf' (167K)
[2021.03.12-15.19.56:874][  0]LogContentBrowser: Native class hierarchy updated for 'HierarchicalLODOutliner' in 0.0006 seconds. Added 0 classes and 0 folders.
[2021.03.12-15.19.56:874][  0]LogLoad: (Engine Initialization) Total time: 8.90 seconds
[2021.03.12-15.19.56:874][  0]LogLoad: (Engine Initialization) Total Blueprint compile time: 0.00 seconds
[2021.03.12-15.19.56:899][  0]LogActor: Warning: BP_TestBlock_C /Engine/Transient.World_0:PersistentLevel.BP_TestBlock_C_0 has natively added scene component(s), but none of them were set as the actor's RootComponent - picking one arbitrarily
[2021.03.12-15.19.56:934][  0]LogAssetRegistry: Asset discovery search completed in 4.3115 seconds
[2021.03.12-15.19.56:938][  0]LogCollectionManager: Fixed up redirectors for 0 collections in 0.000003 seconds (updated 0 objects)
[2021.03.12-15.19.56:941][  0]LogContentStreaming: Texture pool size now 1000 MB
[2021.03.12-15.20.02:607][468]LogTemp: Repeating last play command: Selected Viewport
[2021.03.12-15.20.02:631][468]LogPlayLevel: PlayLevel: No blueprints needed recompiling
[2021.03.12-15.20.02:632][468]PIE: New page: PIE session: FirstPersonExampleMap (12 Mar 2021, 15:20:02)
[2021.03.12-15.20.02:633][468]LogOnline: OSS: Creating online subsystem instance for: NULL
[2021.03.12-15.20.02:634][468]LogOnline: OSS: TryLoadSubsystemAndSetDefault: Loaded subsystem for module [NULL]
[2021.03.12-15.20.02:634][468]LogPlayLevel: Creating play world package: /Game/FirstPersonCPP/Maps/UEDPIE_0_FirstPersonExampleMap
[2021.03.12-15.20.02:648][468]LogPlayLevel: PIE: StaticDuplicateObject took: (0.014179s)
[2021.03.12-15.20.02:649][468]LogAIModule: Creating AISystem for world FirstPersonExampleMap
[2021.03.12-15.20.02:649][468]LogAISub: UAISubsystem::UAISubsystem EnvQueryManager (000001E768A3C600), frame # 468
[2021.03.12-15.20.02:649][468]LogAISub: UAISubsystem::UAISubsystem AIPerceptionSystem (000001E744CF87C0), frame # 468
[2021.03.12-15.20.02:650][468]LogPlayLevel: PIE: World Init took: (0.001311s)
[2021.03.12-15.20.02:650][468]LogPlayLevel: PIE: Created PIE world by copying editor world from /Game/FirstPersonCPP/Maps/FirstPersonExampleMap.FirstPersonExampleMap to /Game/FirstPersonCPP/Maps/UEDPIE_0_FirstPersonExampleMap.FirstPersonExampleMap (0.015693s)
[2021.03.12-15.20.02:672][468]LogUObjectHash: Compacting FUObjectHashTables data took   0.59ms
[2021.03.12-15.20.02:675][468]LogAudioMixer: Display: Audio Mixer Platform Settings:
[2021.03.12-15.20.02:675][468]LogAudioMixer: Display: 	Sample Rate:						  48000
[2021.03.12-15.20.02:675][468]LogAudioMixer: Display: 	Callback Buffer Frame Size Requested: 1024
[2021.03.12-15.20.02:675][468]LogAudioMixer: Display: 	Callback Buffer Frame Size To Use:	  1024
[2021.03.12-15.20.02:675][468]LogAudioMixer: Display: 	Number of buffers to queue:			  2
[2021.03.12-15.20.02:675][468]LogAudioMixer: Display: 	Max Channels (voices):				  32
[2021.03.12-15.20.02:675][468]LogAudioMixer: Display: 	Number of Async Source Workers:		  0
[2021.03.12-15.20.02:675][468]LogAudio: Display: AudioDevice MaxSources: 32
[2021.03.12-15.20.02:676][468]LogAudio: Display: Using built-in audio occlusion.
[2021.03.12-15.20.02:676][468]LogAudioMixer: Display: Initializing audio mixer.
[2021.03.12-15.20.02:683][468]LogAudioMixer: Display: 0: FrontLeft
[2021.03.12-15.20.02:683][468]LogAudioMixer: Display: 1: FrontRight
[2021.03.12-15.20.03:295][468]LogAudioMixer: Display: Using Audio Device OUT 1-2 (BEHRINGER UMC 202HD 192k)
[2021.03.12-15.20.03:296][468]LogAudioMixer: Display: Initializing Sound Submixes...
[2021.03.12-15.20.03:296][468]LogAudioMixer: Display: Creating Master Submix 'MasterSubmixDefault'
[2021.03.12-15.20.03:296][468]LogAudioMixer: Display: Creating Master Submix 'MasterReverbSubmixDefault'
[2021.03.12-15.20.03:297][468]LogAudioMixer: Display: Creating Master Submix 'MasterEQSubmixDefault'
[2021.03.12-15.20.03:309][468]LogInit: FAudioDevice initialized.
[2021.03.12-15.20.03:322][468]LogLoad: Game class is 'BP_GEPGamemode_C'
[2021.03.12-15.20.03:324][468]LogWorld: Bringing World /Game/FirstPersonCPP/Maps/UEDPIE_0_FirstPersonExampleMap.FirstPersonExampleMap up for play (max tick rate 0) at 2021.03.12-15.20.03
[2021.03.12-15.20.03:324][468]LogWorld: Bringing up level for play took: 0.001752
[2021.03.12-15.20.03:325][468]LogOnline: OSS: Creating online subsystem instance for: :Context_2
[2021.03.12-15.20.03:327][468]LogOutputDevice: Warning: 

Script Stack (2 frames):
GEPProjectCharacter.Init
GEPPlayerController.Init

[2021.03.12-15.20.04:128][468]LogStats: FPlatformStackWalk::StackWalkAndDump -  0.801 s
[2021.03.12-15.20.04:128][468]LogOutputDevice: Error: === Handled ensure: ===
[2021.03.12-15.20.04:128][468]LogOutputDevice: Error: 
[2021.03.12-15.20.04:128][468]LogOutputDevice: Error: Ensure condition failed: ActorHasBegunPlay == EActorBeginPlayState::BeginningPlay [File:D:/Build/++UE4/Sync/Engine/Source/Runtime/Engine/Private/Actor.cpp] [Line: 3421]
[2021.03.12-15.20.04:128][468]LogOutputDevice: Error: BeginPlay was called on actor /Game/FirstPersonCPP/Maps/UEDPIE_0_FirstPersonExampleMap.FirstPersonExampleMap:PersistentLevel.GEPProjectCharacter_0 which was in state 0
[2021.03.12-15.20.04:128][468]LogOutputDevice: Error: Stack: 
[2021.03.12-15.20.04:128][468]LogOutputDevice: Error: [Callstack] 0x00007ffa2814c730 UE4Editor-Engine.dll!UnknownFunction []
[2021.03.12-15.20.04:128][468]LogOutputDevice: Error: [Callstack] 0x00007ffa268d4aa1 UE4Editor-Engine.dll!UnknownFunction []
[2021.03.12-15.20.04:128][468]LogOutputDevice: Error: [Callstack] 0x00007ffa2bc70b34 UE4Editor-CoreUObject.dll!UnknownFunction []
[2021.03.12-15.20.04:128][468]LogOutputDevice: Error: [Callstack] 0x00007ffa2bee4753 UE4Editor-CoreUObject.dll!UnknownFunction []
[2021.03.12-15.20.04:128][468]LogOutputDevice: Error: [Callstack] 0x00007ffa2690afe5 UE4Editor-Engine.dll!UnknownFunction []
[2021.03.12-15.20.04:128][468]LogOutputDevice: Error: [Callstack] 0x00007ffa10d86fdd UE4Editor-GEPProject.dll!AGEPPlayerController::Init_Implementation() [E:\Github\GEP\GEPProject\Source\GEPProject\GEPPlayerController.cpp:44]
[2021.03.12-15.20.04:128][468]LogOutputDevice: Error: [Callstack] 0x00007ffa2bc70b34 UE4Editor-CoreUObject.dll!UnknownFunction []
[2021.03.12-15.20.04:128][468]LogOutputDevice: Error: [Callstack] 0x00007ffa2bee4753 UE4Editor-CoreUObject.dll!UnknownFunction []
[2021.03.12-15.20.04:128][468]LogOutputDevice: Error: [Callstack] 0x00007ffa2690afe5 UE4Editor-Engine.dll!UnknownFunction []
[2021.03.12-15.20.04:128][468]LogOutputDevice: Error: [Callstack] 0x00007ffa10d88cbb UE4Editor-GEPProject.dll!AGEPProjectGameMode::PostLogin() [E:\Github\GEP\GEPProject\Source\GEPProject\GEPProjectGameMode.cpp:40]
[2021.03.12-15.20.04:128][468]LogOutputDevice: Error: [Callstack] 0x00007ffa27195099 UE4Editor-Engine.dll!UnknownFunction []
[2021.03.12-15.20.04:128][468]LogOutputDevice: Error: [Callstack] 0x00007ffa271e4f9d UE4Editor-Engine.dll!UnknownFunction []
[2021.03.12-15.20.04:128][468]LogOutputDevice: Error: [Callstack] 0x00007ffa26fe43b9 UE4Editor-Engine.dll!UnknownFunction []
[2021.03.12-15.20.04:128][468]LogOutputDevice: Error: [Callstack] 0x00007ffa2a0b595c UE4Editor-UnrealEd.dll!UnknownFunction []
[2021.03.12-15.20.04:128][468]LogOutputDevice: Error: [Callstack] 0x00007ffa2a0d682c UE4Editor-UnrealEd.dll!UnknownFunction []
[2021.03.12-15.20.04:129][468]LogOutputDevice: Error: [Callstack] 0x00007ffa2a0b6899 UE4Editor-UnrealEd.dll!UnknownFunction []
[2021.03.12-15.20.04:129][468]LogOutputDevice: Error: [Callstack] 0x00007ffa2a0f23da UE4Editor-UnrealEd.dll!UnknownFunction []
[2021.03.12-15.20.04:129][468]LogOutputDevice: Error: [Callstack] 0x00007ffa2a0f569d UE4Editor-UnrealEd.dll!UnknownFunction []
[2021.03.12-15.20.04:129][468]LogOutputDevice: Error: [Callstack] 0x00007ffa2a0f5078 UE4Editor-UnrealEd.dll!UnknownFunction []
[2021.03.12-15.20.04:129][468]LogOutputDevice: Error: [Callstack] 0x00007ffa29b7a854 UE4Editor-UnrealEd.dll!UnknownFunction []
[2021.03.12-15.20.04:129][468]LogOutputDevice: Error: [Callstack] 0x00007ffa2a4537e6 UE4Editor-UnrealEd.dll!UnknownFunction []
[2021.03.12-15.20.04:129][468]LogOutputDevice: Error: [Callstack] 0x00007ff6aca77800 UE4Editor.exe!UnknownFunction []
[2021.03.12-15.20.04:129][468]LogOutputDevice: Error: [Callstack] 0x00007ff6aca8ba7c UE4Editor.exe!UnknownFunction []
[2021.03.12-15.20.04:129][468]LogOutputDevice: Error: [Callstack] 0x00007ff6aca8bb5a UE4Editor.exe!UnknownFunction []
[2021.03.12-15.20.04:129][468]LogOutputDevice: Error: [Callstack] 0x00007ff6aca9e31d UE4Editor.exe!UnknownFunction []
[2021.03.12-15.20.04:129][468]LogOutputDevice: Error: [Callstack] 0x00007ff6acaa145a UE4Editor.exe!UnknownFunction []
[2021.03.12-15.20.04:129][468]LogOutputDevice: Error: [Callstack] 0x00007ffaedbb6fd4 KERNEL32.DLL!UnknownFunction []
[2021.03.12-15.20.04:129][468]LogOutputDevice: Error: [Callstack] 0x00007ffaefafcec1 ntdll.dll!UnknownFunction []
[2021.03.12-15.20.04:129][468]LogOutputDevice: Error: 
[2021.03.12-15.20.04:137][468]LogStats:                SubmitErrorReport -  0.000 s
[2021.03.12-15.20.06:165][468]LogStats:                    SendNewReport -  2.028 s
[2021.03.12-15.20.06:165][468]LogStats:             FDebug::EnsureFailed -  2.838 s
[2021.03.12-15.20.06:167][468]LogContentBrowser: Native class hierarchy updated for 'MovieSceneCapture' in 0.0005 seconds. Added 20 classes and 0 folders.
[2021.03.12-15.20.06:171][468]PIE: Server logged in
[2021.03.12-15.20.06:172][468]PIE: Play in editor total start time 3.542 seconds.
[2021.03.12-15.20.06:182][468]LogTemp: Resetting audio stream to device id 
[2021.03.12-15.20.06:211][468]LogAudioMixer: Display: 0: FrontLeft
[2021.03.12-15.20.06:211][468]LogAudioMixer: Display: 1: FrontRight
[2021.03.12-15.20.08:263][700]LogSlate: Updating window title bar state: overlay mode, drag disabled, window buttons hidden, title bar hidden
[2021.03.12-15.20.08:263][700]LogWorld: BeginTearingDown for /Game/FirstPersonCPP/Maps/UEDPIE_0_FirstPersonExampleMap
[2021.03.12-15.20.08:263][700]LogWorld: UWorld::CleanupWorld for FirstPersonExampleMap, bSessionEnded=true, bCleanupResources=true
[2021.03.12-15.20.08:263][700]LogSlate: InvalidateAllWidgets triggered.  All widgets were invalidated
[2021.03.12-15.20.08:273][700]LogPlayLevel: Display: Shutting down PIE online subsystems
[2021.03.12-15.20.08:275][700]LogSlate: InvalidateAllWidgets triggered.  All widgets were invalidated
[2021.03.12-15.20.08:303][700]LogSlate: Updating window title bar state: overlay mode, drag disabled, window buttons hidden, title bar hidden
[2021.03.12-15.20.08:305][700]LogAISub: UAISubsystem::~UAISubsystem AIPerceptionSystem (000001E744CF87C0), frame # 700
[2021.03.12-15.20.08:305][700]LogAISub: UAISubsystem::~UAISubsystem EnvQueryManager (000001E768A3C600), frame # 700
[2021.03.12-15.20.08:306][700]LogUObjectHash: Compacting FUObjectHashTables data took   0.75ms
[2021.03.12-15.20.08:339][701]LogPlayLevel: Display: Destroying online subsystem :Context_2
[2021.03.12-15.20.11:021][  0]LogSlate: Took 0.000238 seconds to synchronously load lazily loaded font '../../../Engine/Content/Slate/Fonts/Roboto-Light.ttf' (167K)
[2021.03.12-15.20.11:039][  0]LogAssetEditorSubsystem: Opening Asset editor for Blueprint /Game/BP_GEPPlayerController.BP_GEPPlayerController
[2021.03.12-15.20.11:275][  0]LogContentBrowser: Native class hierarchy updated for 'BlueprintGraph' in 0.0008 seconds. Added 125 classes and 0 folders.
[2021.03.12-15.20.22:502][123]BlueprintLog: New page: Compile BP_GEPPlayerController
[2021.03.12-15.20.22:536][123]LogUObjectHash: Compacting FUObjectHashTables data took   1.99ms
[2021.03.12-15.20.22:871][156]Cmd: OBJ SAVEPACKAGE PACKAGE="/Game/BP_GEPPlayerController" FILE="../../../../../Github/GEP/GEPProject/Content/BP_GEPPlayerController.uasset" SILENT=true
[2021.03.12-15.20.22:989][156]LogSavePackage: Moving '../../../../../Github/GEP/GEPProject/Saved/BP_GEPPlayerController21D53C8A414E4082924700802A3DCD1F.tmp' to '../../../../../Github/GEP/GEPProject/Content/BP_GEPPlayerController.uasset'
[2021.03.12-15.20.23:008][156]AssetCheck: New page: Asset Save: BP_GEPPlayerController
[2021.03.12-15.20.23:008][156]LogContentValidation: Display: Validating Blueprint /Game/BP_GEPPlayerController.BP_GEPPlayerController
[2021.03.12-15.20.23:622][226]LogSlate: Window 'BP_GEPPlayerController' being destroyed
[2021.03.12-15.20.23:654][226]LogWorld: UWorld::CleanupWorld for World_1, bSessionEnded=true, bCleanupResources=true
[2021.03.12-15.20.23:654][226]LogSlate: InvalidateAllWidgets triggered.  All widgets were invalidated
[2021.03.12-15.20.32:364][225]LogAssetEditorSubsystem: Opening Asset editor for Blueprint /Game/BP_GEPPlayerController.BP_GEPPlayerController
[2021.03.12-15.20.33:284][274]LogSlate: Prevented a slow task dialog from being summoned while a context menu was open
[2021.03.12-15.20.36:645][583]BlueprintLog: New page: Compile BP_GEPPlayerController
[2021.03.12-15.20.36:680][583]LogUObjectHash: Compacting FUObjectHashTables data took   2.28ms
[2021.03.12-15.20.37:063][619]Cmd: OBJ SAVEPACKAGE PACKAGE="/Game/BP_GEPPlayerController" FILE="../../../../../Github/GEP/GEPProject/Content/BP_GEPPlayerController.uasset" SILENT=true
[2021.03.12-15.20.37:076][619]LogSavePackage: Moving '../../../../../Github/GEP/GEPProject/Saved/BP_GEPPlayerControllerBA2FFF6943CD28FF4CC5E3A0F438339F.tmp' to '../../../../../Github/GEP/GEPProject/Content/BP_GEPPlayerController.uasset'
[2021.03.12-15.20.37:093][619]AssetCheck: New page: Asset Save: BP_GEPPlayerController
[2021.03.12-15.20.37:093][619]LogContentValidation: Display: Validating Blueprint /Game/BP_GEPPlayerController.BP_GEPPlayerController
[2021.03.12-15.20.37:652][676]LogSlate: Window 'BP_GEPPlayerController' being destroyed
[2021.03.12-15.20.37:658][676]LogWorld: UWorld::CleanupWorld for World_2, bSessionEnded=true, bCleanupResources=true
[2021.03.12-15.20.37:658][676]LogSlate: InvalidateAllWidgets triggered.  All widgets were invalidated
[2021.03.12-15.20.39:924][911]LogAssetEditorSubsystem: Opening Asset editor for Blueprint /Game/FirstPersonCPP/Blueprints/FirstPersonCharacter.FirstPersonCharacter
[2021.03.12-15.20.43:806][263]LogSlate: Window 'FirstPersonCharacter' being destroyed
[2021.03.12-15.20.43:846][263]LogWorld: UWorld::CleanupWorld for World_3, bSessionEnded=true, bCleanupResources=true
[2021.03.12-15.20.43:846][263]LogSlate: InvalidateAllWidgets triggered.  All widgets were invalidated
[2021.03.12-15.20.43:917][263]LogAssetEditorSubsystem: Opening Asset editor for Blueprint /Game/FirstPersonCPP/Blueprints/FirstPersonCharacter.FirstPersonCharacter
[2021.03.12-15.20.44:334][263]LogSlate: Took 0.001067 seconds to synchronously load lazily loaded font '../../../Engine/Content/Slate/Fonts/Roboto-BoldCondensed.ttf' (158K)
[2021.03.12-15.20.44:897][311]LogSlate: Took 0.000301 seconds to synchronously load lazily loaded font '../../../Engine/Content/Slate/Fonts/Roboto-Italic.ttf' (157K)
[2021.03.12-15.20.48:017][625]LogSlate: Window 'FirstPersonCharacter' being destroyed
[2021.03.12-15.20.48:023][625]LogSlate: Window 'FirstPersonCharacter' being destroyed
[2021.03.12-15.20.48:032][625]LogWorld: UWorld::CleanupWorld for World_4, bSessionEnded=true, bCleanupResources=true
[2021.03.12-15.20.48:032][625]LogSlate: InvalidateAllWidgets triggered.  All widgets were invalidated
[2021.03.12-15.20.48:885][715]LogTemp: Repeating last play command: Selected Viewport
[2021.03.12-15.20.48:904][715]LogPlayLevel: PlayLevel: No blueprints needed recompiling
[2021.03.12-15.20.48:904][715]PIE: New page: PIE session: FirstPersonExampleMap (12 Mar 2021, 15:20:48)
[2021.03.12-15.20.48:937][715]LogPlayLevel: Creating play world package: /Game/FirstPersonCPP/Maps/UEDPIE_0_FirstPersonExampleMap
[2021.03.12-15.20.48:948][715]LogPlayLevel: PIE: StaticDuplicateObject took: (0.010441s)
[2021.03.12-15.20.48:949][715]LogAIModule: Creating AISystem for world FirstPersonExampleMap
[2021.03.12-15.20.48:949][715]LogAISub: UAISubsystem::UAISubsystem EnvQueryManager (000001E7729C5800), frame # 4715
[2021.03.12-15.20.48:949][715]LogAISub: UAISubsystem::UAISubsystem AIPerceptionSystem (000001E744CF8B80), frame # 4715
[2021.03.12-15.20.48:949][715]LogPlayLevel: PIE: World Init took: (0.001310s)
[2021.03.12-15.20.48:949][715]LogPlayLevel: PIE: Created PIE world by copying editor world from /Game/FirstPersonCPP/Maps/FirstPersonExampleMap.FirstPersonExampleMap to /Game/FirstPersonCPP/Maps/UEDPIE_0_FirstPersonExampleMap.FirstPersonExampleMap (0.011982s)
[2021.03.12-15.20.48:972][715]LogUObjectHash: Compacting FUObjectHashTables data took   1.99ms
[2021.03.12-15.20.48:974][715]LogAudioMixer: Display: Audio Mixer Platform Settings:
[2021.03.12-15.20.48:974][715]LogAudioMixer: Display: 	Sample Rate:						  48000
[2021.03.12-15.20.48:974][715]LogAudioMixer: Display: 	Callback Buffer Frame Size Requested: 1024
[2021.03.12-15.20.48:974][715]LogAudioMixer: Display: 	Callback Buffer Frame Size To Use:	  1024
[2021.03.12-15.20.48:974][715]LogAudioMixer: Display: 	Number of buffers to queue:			  2
[2021.03.12-15.20.48:974][715]LogAudioMixer: Display: 	Max Channels (voices):				  32
[2021.03.12-15.20.48:974][715]LogAudioMixer: Display: 	Number of Async Source Workers:		  0
[2021.03.12-15.20.48:974][715]LogAudio: Display: AudioDevice MaxSources: 32
[2021.03.12-15.20.48:975][715]LogAudio: Display: Using built-in audio occlusion.
[2021.03.12-15.20.48:975][715]LogAudioMixer: Display: Initializing audio mixer.
[2021.03.12-15.20.48:982][715]LogAudioMixer: Display: 0: FrontLeft
[2021.03.12-15.20.48:982][715]LogAudioMixer: Display: 1: FrontRight
[2021.03.12-15.20.49:001][715]LogAudioMixer: Display: Using Audio Device OUT 1-2 (BEHRINGER UMC 202HD 192k)
[2021.03.12-15.20.49:002][715]LogAudioMixer: Display: Initializing Sound Submixes...
[2021.03.12-15.20.49:002][715]LogAudioMixer: Display: Creating Master Submix 'MasterSubmixDefault'
[2021.03.12-15.20.49:002][715]LogAudioMixer: Display: Creating Master Submix 'MasterReverbSubmixDefault'
[2021.03.12-15.20.49:002][715]LogAudioMixer: Display: Creating Master Submix 'MasterEQSubmixDefault'
[2021.03.12-15.20.49:014][715]LogInit: FAudioDevice initialized.
[2021.03.12-15.20.49:020][715]LogLoad: Game class is 'BP_GEPGamemode_C'
[2021.03.12-15.20.49:021][715]LogWorld: Bringing World /Game/FirstPersonCPP/Maps/UEDPIE_0_FirstPersonExampleMap.FirstPersonExampleMap up for play (max tick rate 0) at 2021.03.12-15.20.49
[2021.03.12-15.20.49:022][715]LogWorld: Bringing up level for play took: 0.001445
[2021.03.12-15.20.49:022][715]LogOnline: OSS: Creating online subsystem instance for: :Context_7
[2021.03.12-15.20.49:027][715]PIE: Server logged in
[2021.03.12-15.20.49:028][715]PIE: Play in editor total start time 0.124 seconds.
[2021.03.12-15.20.59:079][908]LogSlate: Updating window title bar state: overlay mode, drag disabled, window buttons hidden, title bar hidden
[2021.03.12-15.20.59:079][908]LogWorld: BeginTearingDown for /Game/FirstPersonCPP/Maps/UEDPIE_0_FirstPersonExampleMap
[2021.03.12-15.20.59:079][908]LogWorld: UWorld::CleanupWorld for FirstPersonExampleMap, bSessionEnded=true, bCleanupResources=true
[2021.03.12-15.20.59:079][908]LogSlate: InvalidateAllWidgets triggered.  All widgets were invalidated
[2021.03.12-15.20.59:089][908]LogPlayLevel: Display: Shutting down PIE online subsystems
[2021.03.12-15.20.59:092][908]LogSlate: InvalidateAllWidgets triggered.  All widgets were invalidated
[2021.03.12-15.20.59:124][908]LogSlate: Updating window title bar state: overlay mode, drag disabled, window buttons hidden, title bar hidden
[2021.03.12-15.20.59:125][908]LogAISub: UAISubsystem::~UAISubsystem AIPerceptionSystem (000001E744CF8B80), frame # 5908
[2021.03.12-15.20.59:125][908]LogAISub: UAISubsystem::~UAISubsystem EnvQueryManager (000001E7729C5800), frame # 5908
[2021.03.12-15.20.59:127][908]LogUObjectHash: Compacting FUObjectHashTables data took   1.78ms
[2021.03.12-15.20.59:161][909]LogPlayLevel: Display: Destroying online subsystem :Context_7
[2021.03.12-15.21.47:462][511]Cmd: DELETE
[2021.03.12-15.21.47:463][511]Cmd: ACTOR DELETE
[2021.03.12-15.21.47:483][511]LogEditorActor: Deleted Actor: FirstPersonCharacter_C
[2021.03.12-15.21.47:512][511]LogUObjectHash: Compacting FUObjectHashTables data took   1.95ms
[2021.03.12-15.21.47:515][511]LogEditorActor: Deleted 1 Actors (0.043 secs)
[2021.03.12-15.21.48:618][636]LogTemp: Repeating last play command: Selected Viewport
[2021.03.12-15.21.48:639][636]LogPlayLevel: PlayLevel: No blueprints needed recompiling
[2021.03.12-15.21.48:639][636]PIE: New page: PIE session: FirstPersonExampleMap (12 Mar 2021, 15:21:48)
[2021.03.12-15.21.48:686][636]LogPlayLevel: Creating play world package: /Game/FirstPersonCPP/Maps/UEDPIE_0_FirstPersonExampleMap
[2021.03.12-15.21.48:696][636]LogPlayLevel: PIE: StaticDuplicateObject took: (0.010049s)
[2021.03.12-15.21.48:697][636]LogAIModule: Creating AISystem for world FirstPersonExampleMap
[2021.03.12-15.21.48:697][636]LogAISub: UAISubsystem::UAISubsystem EnvQueryManager (000001E768A3D200), frame # 7636
[2021.03.12-15.21.48:697][636]LogAISub: UAISubsystem::UAISubsystem AIPerceptionSystem (000001E779BD9580), frame # 7636
[2021.03.12-15.21.48:697][636]LogPlayLevel: PIE: World Init took: (0.001391s)
[2021.03.12-15.21.48:697][636]LogPlayLevel: PIE: Created PIE world by copying editor world from /Game/FirstPersonCPP/Maps/FirstPersonExampleMap.FirstPersonExampleMap to /Game/FirstPersonCPP/Maps/UEDPIE_0_FirstPersonExampleMap.FirstPersonExampleMap (0.011664s)
[2021.03.12-15.21.48:717][636]LogUObjectHash: Compacting FUObjectHashTables data took   2.14ms
[2021.03.12-15.21.48:719][636]LogAudioMixer: Display: Audio Mixer Platform Settings:
[2021.03.12-15.21.48:719][636]LogAudioMixer: Display: 	Sample Rate:						  48000
[2021.03.12-15.21.48:719][636]LogAudioMixer: Display: 	Callback Buffer Frame Size Requested: 1024
[2021.03.12-15.21.48:719][636]LogAudioMixer: Display: 	Callback Buffer Frame Size To Use:	  1024
[2021.03.12-15.21.48:719][636]LogAudioMixer: Display: 	Number of buffers to queue:			  2
[2021.03.12-15.21.48:719][636]LogAudioMixer: Display: 	Max Channels (voices):				  32
[2021.03.12-15.21.48:719][636]LogAudioMixer: Display: 	Number of Async Source Workers:		  0
[2021.03.12-15.21.48:719][636]LogAudio: Display: AudioDevice MaxSources: 32
[2021.03.12-15.21.48:719][636]LogAudio: Display: Using built-in audio occlusion.
[2021.03.12-15.21.48:719][636]LogAudioMixer: Display: Initializing audio mixer.
[2021.03.12-15.21.48:726][636]LogAudioMixer: Display: 0: FrontLeft
[2021.03.12-15.21.48:726][636]LogAudioMixer: Display: 1: FrontRight
[2021.03.12-15.21.48:746][636]LogAudioMixer: Display: Using Audio Device OUT 1-2 (BEHRINGER UMC 202HD 192k)
[2021.03.12-15.21.48:746][636]LogAudioMixer: Display: Initializing Sound Submixes...
[2021.03.12-15.21.48:746][636]LogAudioMixer: Display: Creating Master Submix 'MasterSubmixDefault'
[2021.03.12-15.21.48:746][636]LogAudioMixer: Display: Creating Master Submix 'MasterReverbSubmixDefault'
[2021.03.12-15.21.48:747][636]LogAudioMixer: Display: Creating Master Submix 'MasterEQSubmixDefault'
[2021.03.12-15.21.48:758][636]LogInit: FAudioDevice initialized.
[2021.03.12-15.21.48:763][636]LogLoad: Game class is 'BP_GEPGamemode_C'
[2021.03.12-15.21.48:765][636]LogWorld: Bringing World /Game/FirstPersonCPP/Maps/UEDPIE_0_FirstPersonExampleMap.FirstPersonExampleMap up for play (max tick rate 0) at 2021.03.12-15.21.48
[2021.03.12-15.21.48:765][636]LogWorld: Bringing up level for play took: 0.001159
[2021.03.12-15.21.48:765][636]LogOnline: OSS: Creating online subsystem instance for: :Context_8
[2021.03.12-15.21.48:770][636]PIE: Server logged in
[2021.03.12-15.21.48:771][636]PIE: Play in editor total start time 0.133 seconds.
[2021.03.12-15.21.57:078][625]LogSlate: Updating window title bar state: overlay mode, drag disabled, window buttons hidden, title bar hidden
[2021.03.12-15.21.57:078][625]LogWorld: BeginTearingDown for /Game/FirstPersonCPP/Maps/UEDPIE_0_FirstPersonExampleMap
[2021.03.12-15.21.57:079][625]LogWorld: UWorld::CleanupWorld for FirstPersonExampleMap, bSessionEnded=true, bCleanupResources=true
[2021.03.12-15.21.57:079][625]LogSlate: InvalidateAllWidgets triggered.  All widgets were invalidated
[2021.03.12-15.21.57:090][625]LogPlayLevel: Display: Shutting down PIE online subsystems
[2021.03.12-15.21.57:093][625]LogSlate: InvalidateAllWidgets triggered.  All widgets were invalidated
[2021.03.12-15.21.57:108][625]LogSlate: Updating window title bar state: overlay mode, drag disabled, window buttons hidden, title bar hidden
[2021.03.12-15.21.57:123][625]LogAISub: UAISubsystem::~UAISubsystem AIPerceptionSystem (000001E779BD9580), frame # 8625
[2021.03.12-15.21.57:123][625]LogAISub: UAISubsystem::~UAISubsystem EnvQueryManager (000001E768A3D200), frame # 8625
[2021.03.12-15.21.57:125][625]LogUObjectHash: Compacting FUObjectHashTables data took   1.65ms
[2021.03.12-15.21.57:158][626]LogPlayLevel: Display: Destroying online subsystem :Context_8
[2021.03.12-15.21.58:683][791]LogUObjectHash: Compacting FUObjectHashTables data took   1.61ms
[2021.03.12-15.21.58:728][791]LogSavePackage: Moving '../../../../../Github/GEP/GEPProject/Saved/FirstPersonExampleMap0B92BCC145ED65AD986DAC9A8B83A479.tmp' to '../../../../../Github/GEP/GEPProject/Content/FirstPersonCPP/Maps/FirstPersonExampleMap.umap'
[2021.03.12-15.21.59:512][791]LogSavePackage: Moving '../../../../../Github/GEP/GEPProject/Saved/FirstPersonExampleMap_BuiltData049E02E54B98D7368024CBABCC748E04.tmp' to '../../../../../Github/GEP/GEPProject/Content/FirstPersonCPP/Maps/FirstPersonExampleMap_BuiltData.uasset'
[2021.03.12-15.21.59:554][791]AssetCheck: New page: Asset Save: multiple assets
[2021.03.12-15.21.59:554][791]LogContentValidation: Display: Validating World /Game/FirstPersonCPP/Maps/FirstPersonExampleMap.FirstPersonExampleMap
[2021.03.12-15.21.59:554][791]LogContentValidation: Display: Validating MapBuildDataRegistry /Game/FirstPersonCPP/Maps/FirstPersonExampleMap_BuiltData.FirstPersonExampleMap_BuiltData
[2021.03.12-15.22.06:454][572]LogSlate: Window 'Open Level' being destroyed
[2021.03.12-15.22.28:088][ 90]LogAssetEditorSubsystem: Opening Asset editor for MapBuildDataRegistry /Game/Levels/TestLevel_BuiltData.TestLevel_BuiltData
[2021.03.12-15.22.29:856][293]LogSlate: Window 'TestLevel_BuiltData' being destroyed
[2021.03.12-15.22.29:862][293]LogSlate: Window 'TestLevel_BuiltData' being destroyed
[2021.03.12-15.22.36:199][ 32]LogAssetEditorSubsystem: Opening Asset editor for World /Game/FirstPersonCPP/Maps/FirstPersonExampleMap.FirstPersonExampleMap
[2021.03.12-15.22.36:217][ 32]LogUObjectHash: Compacting FUObjectHashTables data took   1.78ms
[2021.03.12-15.22.36:223][ 32]Cmd: MAP LOAD FILE="../../../../../Github/GEP/GEPProject/Content/FirstPersonCPP/Maps/FirstPersonExampleMap.umap" TEMPLATE=0 SHOWPROGRESS=1 FEATURELEVEL=3
[2021.03.12-15.22.36:223][ 32]LightingResults: New page: Lighting Build
[2021.03.12-15.22.36:223][ 32]LoadErrors: New page: Loading map: FirstPersonExampleMap.umap
[2021.03.12-15.22.36:246][ 32]LogWorld: UWorld::CleanupWorld for FirstPersonExampleMap, bSessionEnded=true, bCleanupResources=true
[2021.03.12-15.22.36:247][ 32]LogSlate: InvalidateAllWidgets triggered.  All widgets were invalidated
[2021.03.12-15.22.36:247][ 32]MapCheck: New page: Map Check
[2021.03.12-15.22.36:247][ 32]LightingResults: New page: Lighting Build
[2021.03.12-15.22.36:266][ 32]LogAISub: UAISubsystem::~UAISubsystem EnvQueryManager (000001E738813E00), frame # 13032
[2021.03.12-15.22.36:266][ 32]LogAISub: UAISubsystem::~UAISubsystem AIPerceptionSystem (000001E73881B880), frame # 13032
[2021.03.12-15.22.36:268][ 32]LogUObjectHash: Compacting FUObjectHashTables data took   1.85ms
[2021.03.12-15.22.36:301][ 32]LogAIModule: Creating AISystem for world FirstPersonExampleMap
[2021.03.12-15.22.36:301][ 32]LogAISub: UAISubsystem::UAISubsystem EnvQueryManager (000001E74DB7B000), frame # 13032
[2021.03.12-15.22.36:301][ 32]LogAISub: UAISubsystem::UAISubsystem AIPerceptionSystem (000001E738787EC0), frame # 13032
[2021.03.12-15.22.36:320][ 32]LogEditorServer: Finished looking for orphan Actors (0.000 secs)
[2021.03.12-15.22.36:340][ 32]LogUObjectHash: Compacting FUObjectHashTables data took   1.59ms
[2021.03.12-15.22.36:376][ 32]Cmd: MAP CHECKDEP NOCLEARLOG
[2021.03.12-15.22.36:376][ 32]MapCheck: Map check complete: 0 Error(s), 0 Warning(s), took 0.107ms to complete.
[2021.03.12-15.22.36:376][ 32]LogFileHelpers: Loading map 'FirstPersonExampleMap' took 0.154
[2021.03.12-15.22.51:797][563]LogStaticMesh: Building static mesh Floor_400x400...
[2021.03.12-15.22.51:802][563]LogStaticMesh: Built static mesh [0.00s] /Game/StarterContent/Architecture/Floor_400x400.Floor_400x400
[2021.03.12-15.22.52:105][563]LogAssetEditorSubsystem: Opening Asset editor for World /Game/StarterContent/Maps/StarterMap.StarterMap
[2021.03.12-15.22.52:133][563]LogUObjectHash: Compacting FUObjectHashTables data took   3.72ms
[2021.03.12-15.22.52:138][563]Cmd: MAP LOAD FILE="../../../../../Github/GEP/GEPProject/Content/StarterContent/Maps/StarterMap.umap" TEMPLATE=0 SHOWPROGRESS=1 FEATURELEVEL=3
[2021.03.12-15.22.52:138][563]LightingResults: New page: Lighting Build
[2021.03.12-15.22.52:138][563]LoadErrors: New page: Loading map: StarterMap.umap
[2021.03.12-15.22.52:194][563]LogWorld: UWorld::CleanupWorld for FirstPersonExampleMap, bSessionEnded=true, bCleanupResources=true
[2021.03.12-15.22.52:194][563]LogSlate: InvalidateAllWidgets triggered.  All widgets were invalidated
[2021.03.12-15.22.52:194][563]MapCheck: New page: Map Check
[2021.03.12-15.22.52:194][563]LightingResults: New page: Lighting Build
[2021.03.12-15.22.52:214][563]LogAISub: UAISubsystem::~UAISubsystem AIPerceptionSystem (000001E738787EC0), frame # 14563
[2021.03.12-15.22.52:214][563]LogAISub: UAISubsystem::~UAISubsystem EnvQueryManager (000001E74DB7B000), frame # 14563
[2021.03.12-15.22.52:217][563]LogUObjectHash: Compacting FUObjectHashTables data took   2.42ms
[2021.03.12-15.22.52:245][563]LogEditorServer: Finished looking for orphan Actors (0.000 secs)
[2021.03.12-15.22.52:245][563]LogAIModule: Creating AISystem for world StarterMap
[2021.03.12-15.22.52:245][563]LogAISub: UAISubsystem::UAISubsystem EnvQueryManager (000001E74DB7BC00), frame # 14563
[2021.03.12-15.22.52:245][563]LogAISub: UAISubsystem::UAISubsystem AIPerceptionSystem (000001E7A6890540), frame # 14563
[2021.03.12-15.22.52:272][563]LogUObjectHash: Compacting FUObjectHashTables data took   2.54ms
[2021.03.12-15.22.52:318][563]Cmd: MAP CHECKDEP NOCLEARLOG
[2021.03.12-15.22.52:318][563]MapCheck: Map check complete: 0 Error(s), 0 Warning(s), took 0.163ms to complete.
[2021.03.12-15.22.52:318][563]LogFileHelpers: Loading map 'StarterMap' took 0.180
[2021.03.12-15.23.35:555][916]LogAssetEditorSubsystem: Opening Asset editor for World /Game/StarterContent/Maps/Minimal_Default.Minimal_Default
[2021.03.12-15.23.35:572][916]LogUObjectHash: Compacting FUObjectHashTables data took   1.47ms
[2021.03.12-15.23.35:577][916]Cmd: MAP LOAD FILE="../../../../../Github/GEP/GEPProject/Content/StarterContent/Maps/Minimal_Default.umap" TEMPLATE=0 SHOWPROGRESS=1 FEATURELEVEL=3
[2021.03.12-15.23.35:577][916]LightingResults: New page: Lighting Build
[2021.03.12-15.23.35:578][916]LoadErrors: New page: Loading map: Minimal_Default.umap
[2021.03.12-15.23.35:607][916]LogWorld: UWorld::CleanupWorld for StarterMap, bSessionEnded=true, bCleanupResources=true
[2021.03.12-15.23.35:607][916]LogSlate: InvalidateAllWidgets triggered.  All widgets were invalidated
[2021.03.12-15.23.35:607][916]MapCheck: New page: Map Check
[2021.03.12-15.23.35:607][916]LightingResults: New page: Lighting Build
[2021.03.12-15.23.35:626][916]LogAISub: UAISubsystem::~UAISubsystem AIPerceptionSystem (000001E7A6890540), frame # 18916
[2021.03.12-15.23.35:626][916]LogAISub: UAISubsystem::~UAISubsystem EnvQueryManager (000001E74DB7BC00), frame # 18916
[2021.03.12-15.23.35:630][916]LogUObjectHash: Compacting FUObjectHashTables data took   2.15ms
[2021.03.12-15.23.35:634][916]LogEditorServer: Finished looking for orphan Actors (0.000 secs)
[2021.03.12-15.23.35:634][916]LogAIModule: Creating AISystem for world Minimal_Default
[2021.03.12-15.23.35:634][916]LogAISub: UAISubsystem::UAISubsystem EnvQueryManager (000001E7A65D9400), frame # 18916
[2021.03.12-15.23.35:634][916]LogAISub: UAISubsystem::UAISubsystem AIPerceptionSystem (000001E7A6B40F40), frame # 18916
[2021.03.12-15.23.35:653][916]LogUObjectHash: Compacting FUObjectHashTables data took   1.85ms
[2021.03.12-15.23.35:689][916]Cmd: MAP CHECKDEP NOCLEARLOG
[2021.03.12-15.23.35:689][916]MapCheck: Map check complete: 0 Error(s), 0 Warning(s), took 0.101ms to complete.
[2021.03.12-15.23.35:689][916]LogFileHelpers: Loading map 'Minimal_Default' took 0.112
[2021.03.12-15.23.43:093][662]LogAssetEditorSubsystem: Opening Asset editor for World /Game/StarterContent/Maps/Advanced_Lighting.Advanced_Lighting
[2021.03.12-15.23.43:114][662]LogUObjectHash: Compacting FUObjectHashTables data took   2.21ms
[2021.03.12-15.23.43:117][662]Cmd: MAP LOAD FILE="../../../../../Github/GEP/GEPProject/Content/StarterContent/Maps/Advanced_Lighting.umap" TEMPLATE=0 SHOWPROGRESS=1 FEATURELEVEL=3
[2021.03.12-15.23.43:117][662]LightingResults: New page: Lighting Build
[2021.03.12-15.23.43:117][662]LoadErrors: New page: Loading map: Advanced_Lighting.umap
[2021.03.12-15.23.43:119][662]LogWorld: UWorld::CleanupWorld for Minimal_Default, bSessionEnded=true, bCleanupResources=true
[2021.03.12-15.23.43:119][662]LogSlate: InvalidateAllWidgets triggered.  All widgets were invalidated
[2021.03.12-15.23.43:119][662]MapCheck: New page: Map Check
[2021.03.12-15.23.43:119][662]LightingResults: New page: Lighting Build
[2021.03.12-15.23.43:136][662]LogAISub: UAISubsystem::~UAISubsystem AIPerceptionSystem (000001E7A6B40F40), frame # 19662
[2021.03.12-15.23.43:137][662]LogAISub: UAISubsystem::~UAISubsystem EnvQueryManager (000001E7A65D9400), frame # 19662
[2021.03.12-15.23.43:139][662]LogUObjectHash: Compacting FUObjectHashTables data took   1.94ms
[2021.03.12-15.23.43:144][662]LogEditorServer: Finished looking for orphan Actors (0.000 secs)
[2021.03.12-15.23.43:144][662]LogAIModule: Creating AISystem for world Advanced_Lighting
[2021.03.12-15.23.43:144][662]LogAISub: UAISubsystem::UAISubsystem EnvQueryManager (000001E7A65D9200), frame # 19662
[2021.03.12-15.23.43:144][662]LogAISub: UAISubsystem::UAISubsystem AIPerceptionSystem (000001E7A523D580), frame # 19662
[2021.03.12-15.23.43:163][662]LogUObjectHash: Compacting FUObjectHashTables data took   1.67ms
[2021.03.12-15.23.43:199][662]Cmd: MAP CHECKDEP NOCLEARLOG
[2021.03.12-15.23.43:199][662]MapCheck: Map check complete: 0 Error(s), 0 Warning(s), took 0.1ms to complete.
[2021.03.12-15.23.43:199][662]LogFileHelpers: Loading map 'Advanced_Lighting' took 0.082
[2021.03.12-15.24.24:135][625]LogSlate: Window 'Open Level' being destroyed
[2021.03.12-15.24.34:337][720]LogAssetEditorSubsystem: Opening Asset editor for World /Game/FirstPersonCPP/Maps/FirstPersonExampleMap.FirstPersonExampleMap
[2021.03.12-15.24.34:356][720]LogUObjectHash: Compacting FUObjectHashTables data took   1.93ms
[2021.03.12-15.24.34:362][720]Cmd: MAP LOAD FILE="../../../../../Github/GEP/GEPProject/Content/FirstPersonCPP/Maps/FirstPersonExampleMap.umap" TEMPLATE=0 SHOWPROGRESS=1 FEATURELEVEL=3
[2021.03.12-15.24.34:363][720]LightingResults: New page: Lighting Build
[2021.03.12-15.24.34:363][720]LoadErrors: New page: Loading map: FirstPersonExampleMap.umap
[2021.03.12-15.24.34:386][720]LogWorld: UWorld::CleanupWorld for Advanced_Lighting, bSessionEnded=true, bCleanupResources=true
[2021.03.12-15.24.34:386][720]LogSlate: InvalidateAllWidgets triggered.  All widgets were invalidated
[2021.03.12-15.24.34:386][720]MapCheck: New page: Map Check
[2021.03.12-15.24.34:386][720]LightingResults: New page: Lighting Build
[2021.03.12-15.24.34:408][720]LogAISub: UAISubsystem::~UAISubsystem AIPerceptionSystem (000001E7A523D580), frame # 24720
[2021.03.12-15.24.34:408][720]LogAISub: UAISubsystem::~UAISubsystem EnvQueryManager (000001E7A65D9200), frame # 24720
[2021.03.12-15.24.34:410][720]LogUObjectHash: Compacting FUObjectHashTables data took   1.80ms
[2021.03.12-15.24.34:414][720]LogEditorServer: Finished looking for orphan Actors (0.000 secs)
[2021.03.12-15.24.34:414][720]LogAIModule: Creating AISystem for world FirstPersonExampleMap
[2021.03.12-15.24.34:414][720]LogAISub: UAISubsystem::UAISubsystem EnvQueryManager (000001E74E47DE00), frame # 24720
[2021.03.12-15.24.34:414][720]LogAISub: UAISubsystem::UAISubsystem AIPerceptionSystem (000001E7A5223C40), frame # 24720
[2021.03.12-15.24.34:436][720]LogUObjectHash: Compacting FUObjectHashTables data took   1.80ms
[2021.03.12-15.24.34:471][720]Cmd: MAP CHECKDEP NOCLEARLOG
[2021.03.12-15.24.34:471][720]MapCheck: Map check complete: 0 Error(s), 0 Warning(s), took 0.116ms to complete.
[2021.03.12-15.24.34:471][720]LogFileHelpers: Loading map 'FirstPersonExampleMap' took 0.109
[2021.03.12-15.31.08:939][290]LogTemp: Repeating last play command: Selected Viewport
[2021.03.12-15.31.08:967][290]LogPlayLevel: PlayLevel: No blueprints needed recompiling
[2021.03.12-15.31.08:967][290]PIE: New page: PIE session: FirstPersonExampleMap (12 Mar 2021, 15:31:08)
[2021.03.12-15.31.08:967][290]LogPlayLevel: Creating play world package: /Game/FirstPersonCPP/Maps/UEDPIE_0_FirstPersonExampleMap
[2021.03.12-15.31.08:982][290]LogPlayLevel: PIE: StaticDuplicateObject took: (0.014257s)
[2021.03.12-15.31.08:983][290]LogAIModule: Creating AISystem for world FirstPersonExampleMap
[2021.03.12-15.31.08:984][290]LogAISub: UAISubsystem::UAISubsystem EnvQueryManager (000001E7A6BC6000), frame # 32290
[2021.03.12-15.31.08:984][290]LogAISub: UAISubsystem::UAISubsystem AIPerceptionSystem (000001E7A6B9AFC0), frame # 32290
[2021.03.12-15.31.08:984][290]LogPlayLevel: PIE: World Init took: (0.001654s)
[2021.03.12-15.31.08:984][290]LogPlayLevel: PIE: Created PIE world by copying editor world from /Game/FirstPersonCPP/Maps/FirstPersonExampleMap.FirstPersonExampleMap to /Game/FirstPersonCPP/Maps/UEDPIE_0_FirstPersonExampleMap.FirstPersonExampleMap (0.016113s)
[2021.03.12-15.31.09:006][290]LogUObjectHash: Compacting FUObjectHashTables data took   2.73ms
[2021.03.12-15.31.09:018][290]LogAudioMixer: Display: Audio Mixer Platform Settings:
[2021.03.12-15.31.09:018][290]LogAudioMixer: Display: 	Sample Rate:						  48000
[2021.03.12-15.31.09:018][290]LogAudioMixer: Display: 	Callback Buffer Frame Size Requested: 1024
[2021.03.12-15.31.09:018][290]LogAudioMixer: Display: 	Callback Buffer Frame Size To Use:	  1024
[2021.03.12-15.31.09:018][290]LogAudioMixer: Display: 	Number of buffers to queue:			  2
[2021.03.12-15.31.09:018][290]LogAudioMixer: Display: 	Max Channels (voices):				  32
[2021.03.12-15.31.09:018][290]LogAudioMixer: Display: 	Number of Async Source Workers:		  0
[2021.03.12-15.31.09:018][290]LogAudio: Display: AudioDevice MaxSources: 32
[2021.03.12-15.31.09:019][290]LogAudio: Display: Using built-in audio occlusion.
[2021.03.12-15.31.09:019][290]LogAudioMixer: Display: Initializing audio mixer.
[2021.03.12-15.31.09:027][290]LogAudioMixer: Display: 0: FrontLeft
[2021.03.12-15.31.09:027][290]LogAudioMixer: Display: 1: FrontRight
[2021.03.12-15.31.09:048][290]LogAudioMixer: Display: Using Audio Device OUT 1-2 (BEHRINGER UMC 202HD 192k)
[2021.03.12-15.31.09:048][290]LogAudioMixer: Display: Initializing Sound Submixes...
[2021.03.12-15.31.09:048][290]LogAudioMixer: Display: Creating Master Submix 'MasterSubmixDefault'
[2021.03.12-15.31.09:048][290]LogAudioMixer: Display: Creating Master Submix 'MasterReverbSubmixDefault'
[2021.03.12-15.31.09:049][290]LogAudioMixer: Display: Creating Master Submix 'MasterEQSubmixDefault'
[2021.03.12-15.31.09:060][290]LogInit: FAudioDevice initialized.
[2021.03.12-15.31.09:067][290]LogLoad: Game class is 'BP_GEPGamemode_C'
[2021.03.12-15.31.09:069][290]LogWorld: Bringing World /Game/FirstPersonCPP/Maps/UEDPIE_0_FirstPersonExampleMap.FirstPersonExampleMap up for play (max tick rate 0) at 2021.03.12-15.31.09
[2021.03.12-15.31.09:069][290]LogWorld: Bringing up level for play took: 0.001337
[2021.03.12-15.31.09:069][290]LogOnline: OSS: Creating online subsystem instance for: :Context_10
[2021.03.12-15.31.09:074][290]PIE: Server logged in
[2021.03.12-15.31.09:075][290]PIE: Play in editor total start time 0.109 seconds.
[2021.03.12-15.33.19:711][935]LogSlate: Updating window title bar state: overlay mode, drag disabled, window buttons hidden, title bar hidden
[2021.03.12-15.33.19:711][935]LogWorld: BeginTearingDown for /Game/FirstPersonCPP/Maps/UEDPIE_0_FirstPersonExampleMap
[2021.03.12-15.33.19:711][935]LogWorld: UWorld::CleanupWorld for FirstPersonExampleMap, bSessionEnded=true, bCleanupResources=true
[2021.03.12-15.33.19:712][935]LogSlate: InvalidateAllWidgets triggered.  All widgets were invalidated
[2021.03.12-15.33.19:722][935]LogPlayLevel: Display: Shutting down PIE online subsystems
[2021.03.12-15.33.19:725][935]LogSlate: InvalidateAllWidgets triggered.  All widgets were invalidated
[2021.03.12-15.33.19:745][935]LogSlate: Updating window title bar state: overlay mode, drag disabled, window buttons hidden, title bar hidden
[2021.03.12-15.33.19:762][935]LogAISub: UAISubsystem::~UAISubsystem AIPerceptionSystem (000001E7A6B9AFC0), frame # 47935
[2021.03.12-15.33.19:763][935]LogAISub: UAISubsystem::~UAISubsystem EnvQueryManager (000001E7A6BC6000), frame # 47935
[2021.03.12-15.33.19:765][935]LogUObjectHash: Compacting FUObjectHashTables data took   2.18ms
[2021.03.12-15.33.19:805][936]LogPlayLevel: Display: Destroying online subsystem :Context_10
[2021.03.12-15.33.35:081][763]LogUObjectHash: Compacting FUObjectHashTables data took   1.77ms
[2021.03.12-15.33.35:184][763]LogSlate: Window 'GEPProject - Unreal Editor' being destroyed
[2021.03.12-15.33.35:322][764]Cmd: QUIT_EDITOR
[2021.03.12-15.33.35:322][764]LogCore: Engine exit requested (reason: UUnrealEdEngine::CloseEditor())
[2021.03.12-15.33.35:333][764]LogCore: Engine exit requested (reason: EngineExit() was called; note: exit was already requested)
[2021.03.12-15.33.36:367][764]LogWindowsTextInputMethodSystem: Display: IME system now deactivated.
[2021.03.12-15.33.36:379][764]LogExit: Preparing to exit.
