Log file open, 03/22/21 15:45:19
LogInit: Display: Running engine for game: GEPProject
LogPlatformFile: Not using cached read wrapper
LogTaskGraph: Started task graph with 5 named threads and 47 total threads with 3 sets of task threads.
LogStats: Stats thread started at 0.210856
LogD3D11RHI: Loaded GFSDK_Aftermath_Lib.x64.dll
LogICUInternationalization: ICU TimeZone Detection - Raw Offset: +0:00, Platform Override: ''
LogPluginManager: Mounting plugin Paper2D
LogPluginManager: Mounting plugin AISupport
LogPluginManager: Mounting plugin LightPropagationVolume
LogPluginManager: Mounting plugin CameraShakePreviewer
LogPluginManager: Mounting plugin ActorLayerUtilities
LogPluginManager: Mounting plugin AnimationSharing
LogPluginManager: Mounting plugin CLionSourceCodeAccess
LogPluginManager: Mounting plugin CodeLiteSourceCodeAccess
LogPluginManager: Mounting plugin GitSourceControl
LogPluginManager: Mounting plugin KDevelopSourceCodeAccess
LogPluginManager: Mounting plugin NullSourceCodeAccess
LogPluginManager: Mounting plugin PerforceSourceControl
LogPluginManager: Mounting plugin PlasticSourceControl
LogPluginManager: Mounting plugin RiderLink
LogPluginManager: Mounting plugin RiderSourceCodeAccess
LogPluginManager: Mounting plugin SubversionSourceControl
LogPluginManager: Mounting plugin UObjectPlugin
LogPluginManager: Mounting plugin VisualStudioCodeSourceCodeAccess
LogPluginManager: Mounting plugin VisualStudioSourceCodeAccess
LogPluginManager: Mounting plugin XCodeSourceCodeAccess
LogPluginManager: Mounting plugin AssetManagerEditor
LogPluginManager: Mounting plugin CryptoKeys
LogPluginManager: Mounting plugin CurveEditorTools
LogPluginManager: Mounting plugin DataValidation
LogPluginManager: Mounting plugin EditorScriptingUtilities
LogPluginManager: Mounting plugin FacialAnimation
LogPluginManager: Mounting plugin GameplayTagsEditor
LogPluginManager: Mounting plugin GeometryMode
LogPluginManager: Mounting plugin MacGraphicsSwitching
LogPluginManager: Mounting plugin MaterialAnalyzer
LogPluginManager: Mounting plugin MobileLauncherProfileWizard
LogPluginManager: Mounting plugin PluginBrowser
LogPluginManager: Mounting plugin SpeedTreeImporter
LogPluginManager: Mounting plugin DatasmithContent
LogPluginManager: Mounting plugin VariantManagerContent
LogPluginManager: Mounting plugin AlembicImporter
LogPluginManager: Mounting plugin AutomationUtils
LogPluginManager: Mounting plugin BackChannel
LogPluginManager: Mounting plugin ChaosCloth
LogPluginManager: Mounting plugin ChaosClothEditor
LogPluginManager: Mounting plugin ChaosEditor
LogPluginManager: Mounting plugin ChaosNiagara
LogPluginManager: Mounting plugin ChaosSolverPlugin
LogPluginManager: Mounting plugin CharacterAI
LogPluginManager: Mounting plugin GeometryCache
LogPluginManager: Mounting plugin GeometryCollectionPlugin
LogPluginManager: Mounting plugin GeometryProcessing
LogPluginManager: Mounting plugin PlanarCut
LogPluginManager: Mounting plugin PlatformCrypto
LogPluginManager: Mounting plugin ProxyLODPlugin
LogPluginManager: Mounting plugin SkeletalReduction
LogPluginManager: Mounting plugin Text3D
LogPluginManager: Mounting plugin Niagara
LogPluginManager: Mounting plugin MagicLeap
LogPluginManager: Mounting plugin MagicLeapLightEstimation
LogPluginManager: Mounting plugin MagicLeapMedia
LogPluginManager: Mounting plugin MagicLeapPassableWorld
LogPluginManager: Mounting plugin MLSDK
LogPluginManager: Mounting plugin AndroidMedia
LogPluginManager: Mounting plugin AvfMedia
LogPluginManager: Mounting plugin ImgMedia
LogPluginManager: Mounting plugin MediaCompositing
LogPluginManager: Mounting plugin MediaPlayerEditor
LogPluginManager: Mounting plugin WebMMedia
LogPluginManager: Mounting plugin WmfMedia
LogPluginManager: Mounting plugin MeshPainting
LogPluginManager: Mounting plugin TcpMessaging
LogPluginManager: Mounting plugin UdpMessaging
LogPluginManager: Mounting plugin ActorSequence
LogPluginManager: Mounting plugin LevelSequenceEditor
LogPluginManager: Mounting plugin MatineeToLevelSequence
LogPluginManager: Mounting plugin MovieRenderPipeline
LogPluginManager: Mounting plugin TemplateSequence
LogPluginManager: Mounting plugin NetcodeUnitTest
LogPluginManager: Mounting plugin NUTUnrealEngine4
LogPluginManager: Mounting plugin OnlineSubsystemGooglePlay
LogPluginManager: Mounting plugin OnlineSubsystemIOS
LogPluginManager: Mounting plugin OnlineSubsystem
LogPluginManager: Mounting plugin OnlineSubsystemNull
LogPluginManager: Mounting plugin OnlineSubsystemUtils
LogPluginManager: Mounting plugin LauncherChunkInstaller
LogPluginManager: Mounting plugin AndroidDeviceProfileSelector
LogPluginManager: Mounting plugin AndroidMoviePlayer
LogPluginManager: Mounting plugin AndroidPermission
LogPluginManager: Mounting plugin AppleImageUtils
LogPluginManager: Mounting plugin AppleMoviePlayer
LogPluginManager: Mounting plugin ArchVisCharacter
LogPluginManager: Mounting plugin AssetTags
LogPluginManager: Mounting plugin AudioCapture
LogPluginManager: Mounting plugin CableComponent
LogPluginManager: Mounting plugin CustomMeshComponent
LogPluginManager: Mounting plugin EditableMesh
LogPluginManager: Mounting plugin ExampleDeviceProfileSelector
LogPluginManager: Mounting plugin GoogleCloudMessaging
LogPluginManager: Mounting plugin GooglePAD
LogPluginManager: Mounting plugin IOSDeviceProfileSelector
LogPluginManager: Mounting plugin LinuxDeviceProfileSelector
LogPluginManager: Mounting plugin LocationServicesBPLibrary
LogPluginManager: Mounting plugin MobilePatchingUtils
LogPluginManager: Mounting plugin OculusVR
LogPluginManager: Mounting plugin PhysXVehicles
LogPluginManager: Mounting plugin PostSplashScreen
LogPluginManager: Mounting plugin ProceduralMeshComponent
LogPluginManager: Mounting plugin RuntimePhysXCooking
LogPluginManager: Mounting plugin SignificanceManager
LogPluginManager: Mounting plugin SoundFields
LogPluginManager: Mounting plugin SteamVR
LogPluginManager: Mounting plugin Synthesis
LogPluginManager: Mounting plugin WebMMoviePlayer
LogPluginManager: Mounting plugin WindowsMoviePlayer
LogPluginManager: Mounting plugin ScreenshotTools
LogInit: Using libcurl 7.55.1-DEV
LogInit:  - built for x86_64-pc-win32
LogInit:  - supports SSL with OpenSSL/1.1.1
LogInit:  - supports HTTP deflate (compression) using libz 1.2.8
LogInit:  - other features:
LogInit:      CURL_VERSION_SSL
LogInit:      CURL_VERSION_LIBZ
LogInit:      CURL_VERSION_IPV6
LogInit:      CURL_VERSION_ASYNCHDNS
LogInit:      CURL_VERSION_LARGEFILE
LogInit:      CURL_VERSION_IDN
LogInit:  CurlRequestOptions (configurable via config and command line):
LogInit:  - bVerifyPeer = true  - Libcurl will verify peer certificate
LogInit:  - bUseHttpProxy = false  - Libcurl will NOT use HTTP proxy
LogInit:  - bDontReuseConnections = false  - Libcurl will reuse connections
LogInit:  - MaxHostConnections = 16  - Libcurl will limit the number of connections to a host
LogInit:  - LocalHostAddr = Default
LogInit:  - BufferSize = 65536
LogOnline: OSS: Creating online subsystem instance for: NULL
LogInit: WinSock: version 1.1 (2.2), MaxSocks=32767, MaxUdp=65467
LogOnline: OSS: TryLoadSubsystemAndSetDefault: Loaded subsystem for module [NULL]
LogInit: Build: ++UE4+Release-4.25-CL-14469661
LogInit: Engine Version: 4.25.4-14469661+++UE4+Release-4.25
LogInit: Compatible Engine Version: 4.25.0-13144385+++UE4+Release-4.25
LogInit: Net CL: 13144385
LogInit: OS: Windows 10 (Release 2004) (), CPU: AMD Ryzen 7 2700X Eight-Core Processor         , GPU: NVIDIA GeForce RTX 2060
LogInit: Compiled (64-bit): Oct 11 2020 08:10:49
LogInit: Compiled with Visual C++: 19.24.28315.00
LogInit: Build Configuration: Development
LogInit: Branch Name: ++UE4+Release-4.25
LogInit: Command Line:  -skipcompile
LogInit: Base Directory: E:/epk/UE_4.25/Engine/Binaries/Win64/
LogInit: Allocator: TBB
LogInit: Installed Engine Build: 1
LogDevObjectVersion: Number of dev versions registered: 26
LogDevObjectVersion:   Dev-Blueprints (B0D832E4-1F89-4F0D-ACCF-7EB736FD4AA2): 10
LogDevObjectVersion:   Dev-Build (E1C64328-A22C-4D53-A36C-8E866417BD8C): 0
LogDevObjectVersion:   Dev-Core (375EC13C-06E4-48FB-B500-84F0262A717E): 4
LogDevObjectVersion:   Dev-Editor (E4B068ED-F494-42E9-A231-DA0B2E46BB41): 38
LogDevObjectVersion:   Dev-Framework (CFFC743F-43B0-4480-9391-14DF171D2073): 37
LogDevObjectVersion:   Dev-Mobile (B02B49B5-BB20-44E9-A304-32B752E40360): 2
LogDevObjectVersion:   Dev-Networking (A4E4105C-59A1-49B5-A7C5-40C4547EDFEE): 0
LogDevObjectVersion:   Dev-Online (39C831C9-5AE6-47DC-9A44-9C173E1C8E7C): 0
LogDevObjectVersion:   Dev-Physics (78F01B33-EBEA-4F98-B9B4-84EACCB95AA2): 4
LogDevObjectVersion:   Dev-Platform (6631380F-2D4D-43E0-8009-CF276956A95A): 0
LogDevObjectVersion:   Dev-Rendering (12F88B9F-8875-4AFC-A67C-D90C383ABD29): 43
LogDevObjectVersion:   Dev-Sequencer (7B5AE74C-D270-4C10-A958-57980B212A5A): 12
LogDevObjectVersion:   Dev-VR (D7296918-1DD6-4BDD-9DE2-64A83CC13884): 3
LogDevObjectVersion:   Dev-LoadTimes (C2A15278-BFE7-4AFE-6C17-90FF531DF755): 1
LogDevObjectVersion:   Private-Geometry (6EACA3D4-40EC-4CC1-B786-8BED09428FC5): 3
LogDevObjectVersion:   Dev-AnimPhys (29E575DD-E0A3-4627-9D10-D276232CDCEA): 17
LogDevObjectVersion:   Dev-Anim (AF43A65D-7FD3-4947-9873-3E8ED9C1BB05): 7
LogDevObjectVersion:   Dev-ReflectionCapture (6B266CEC-1EC7-4B8F-A30B-E4D90942FC07): 1
LogDevObjectVersion:   Dev-Automation (0DF73D61-A23F-47EA-B727-89E90C41499A): 1
LogDevObjectVersion:   FortniteMain (601D1886-AC64-4F84-AA16-D3DE0DEAC7D6): 31
LogDevObjectVersion:   Dev-Enterprise (9DFFBCD6-494F-0158-E221-12823C92A888): 10
LogDevObjectVersion:   Dev-Niagara (F2AED0AC-9AFE-416F-8664-AA7FFA26D6FC): 1
LogDevObjectVersion:   Dev-Destruction (174F1F0B-B4C6-45A5-B13F-2EE8D0FB917D): 10
LogDevObjectVersion:   Dev-Physics-Ext (35F94A83-E258-406C-A318-09F59610247C): 37
LogDevObjectVersion:   Dev-PhysicsMaterial-Chaos (B68FC16E-8B1B-42E2-B453-215C058844FE): 1
LogDevObjectVersion:   Dev-CineCamera (B2E18506-4273-CFC2-A54E-F4BB758BBA07): 1
LogInit: Presizing for max 25165824 objects, including 0 objects not considered by GC, pre-allocating 0 bytes for permanent pool.
LogConfig: Applying CVar settings from Section [/Script/Engine.StreamingSettings] File [E:/Github/GEP/GEPProject/Saved/Config/Windows/Engine.ini]
LogConfig: Setting CVar [[s.MinBulkDataSizeForAsyncLoading:131072]]
LogConfig: Setting CVar [[s.AsyncLoadingThreadEnabled:0]]
LogConfig: Setting CVar [[s.EventDrivenLoaderEnabled:1]]
LogConfig: Setting CVar [[s.WarnIfTimeLimitExceeded:0]]
LogConfig: Setting CVar [[s.TimeLimitExceededMultiplier:1.5]]
LogConfig: Setting CVar [[s.TimeLimitExceededMinTime:0.005]]
LogConfig: Setting CVar [[s.UseBackgroundLevelStreaming:1]]
LogConfig: Setting CVar [[s.PriorityAsyncLoadingExtraTime:15.0]]
LogConfig: Setting CVar [[s.LevelStreamingActorsUpdateTimeLimit:5.0]]
LogConfig: Setting CVar [[s.PriorityLevelStreamingActorsUpdateExtraTime:5.0]]
LogConfig: Setting CVar [[s.LevelStreamingComponentsRegistrationGranularity:10]]
LogConfig: Setting CVar [[s.UnregisterComponentsTimeLimit:1.0]]
LogConfig: Setting CVar [[s.LevelStreamingComponentsUnregistrationGranularity:5]]
LogConfig: Setting CVar [[s.FlushStreamingOnExit:1]]
LogInit: Object subsystem initialized
LogConfig: Setting CVar [[con.DebugEarlyDefault:1]]
LogConfig: Setting CVar [[r.setres:1280x720]]
[2021.03.22-15.45.19:443][  0]LogConfig: Setting CVar [[r.VSync:0]]
[2021.03.22-15.45.19:443][  0]LogConfig: Setting CVar [[r.RHICmdBypass:0]]
[2021.03.22-15.45.19:443][  0]LogConfig: Applying CVar settings from Section [/Script/Engine.RendererSettings] File [E:/Github/GEP/GEPProject/Saved/Config/Windows/Engine.ini]
[2021.03.22-15.45.19:443][  0]LogConfig: Setting CVar [[r.GPUCrashDebugging:0]]
[2021.03.22-15.45.19:443][  0]LogConfig: Applying CVar settings from Section [/Script/Engine.RendererOverrideSettings] File [E:/Github/GEP/GEPProject/Saved/Config/Windows/Engine.ini]
[2021.03.22-15.45.19:443][  0]LogConfig: Applying CVar settings from Section [/Script/Engine.StreamingSettings] File [E:/Github/GEP/GEPProject/Saved/Config/Windows/Engine.ini]
[2021.03.22-15.45.19:443][  0]LogConfig: Setting CVar [[s.MinBulkDataSizeForAsyncLoading:131072]]
[2021.03.22-15.45.19:443][  0]LogConfig: Setting CVar [[s.AsyncLoadingThreadEnabled:0]]
[2021.03.22-15.45.19:443][  0]LogConfig: Setting CVar [[s.EventDrivenLoaderEnabled:1]]
[2021.03.22-15.45.19:443][  0]LogConfig: Setting CVar [[s.WarnIfTimeLimitExceeded:0]]
[2021.03.22-15.45.19:443][  0]LogConfig: Setting CVar [[s.TimeLimitExceededMultiplier:1.5]]
[2021.03.22-15.45.19:443][  0]LogConfig: Setting CVar [[s.TimeLimitExceededMinTime:0.005]]
[2021.03.22-15.45.19:443][  0]LogConfig: Setting CVar [[s.UseBackgroundLevelStreaming:1]]
[2021.03.22-15.45.19:443][  0]LogConfig: Setting CVar [[s.PriorityAsyncLoadingExtraTime:15.0]]
[2021.03.22-15.45.19:443][  0]LogConfig: Setting CVar [[s.LevelStreamingActorsUpdateTimeLimit:5.0]]
[2021.03.22-15.45.19:443][  0]LogConfig: Setting CVar [[s.PriorityLevelStreamingActorsUpdateExtraTime:5.0]]
[2021.03.22-15.45.19:443][  0]LogConfig: Setting CVar [[s.LevelStreamingComponentsRegistrationGranularity:10]]
[2021.03.22-15.45.19:443][  0]LogConfig: Setting CVar [[s.UnregisterComponentsTimeLimit:1.0]]
[2021.03.22-15.45.19:443][  0]LogConfig: Setting CVar [[s.LevelStreamingComponentsUnregistrationGranularity:5]]
[2021.03.22-15.45.19:443][  0]LogConfig: Setting CVar [[s.FlushStreamingOnExit:1]]
[2021.03.22-15.45.19:443][  0]LogConfig: Applying CVar settings from Section [/Script/Engine.GarbageCollectionSettings] File [E:/Github/GEP/GEPProject/Saved/Config/Windows/Engine.ini]
[2021.03.22-15.45.19:443][  0]LogConfig: Setting CVar [[gc.MaxObjectsNotConsideredByGC:1]]
[2021.03.22-15.45.19:443][  0]LogConfig: Setting CVar [[gc.SizeOfPermanentObjectPool:0]]
[2021.03.22-15.45.19:443][  0]LogConfig: Setting CVar [[gc.FlushStreamingOnGC:0]]
[2021.03.22-15.45.19:443][  0]LogConfig: Setting CVar [[gc.NumRetriesBeforeForcingGC:10]]
[2021.03.22-15.45.19:443][  0]LogConfig: Setting CVar [[gc.AllowParallelGC:1]]
[2021.03.22-15.45.19:443][  0]LogConfig: Setting CVar [[gc.TimeBetweenPurgingPendingKillObjects:61.1]]
[2021.03.22-15.45.19:443][  0]LogConfig: Setting CVar [[gc.MaxObjectsInEditor:25165824]]
[2021.03.22-15.45.19:443][  0]LogConfig: Setting CVar [[gc.IncrementalBeginDestroyEnabled:1]]
[2021.03.22-15.45.19:443][  0]LogConfig: Setting CVar [[gc.CreateGCClusters:1]]
[2021.03.22-15.45.19:443][  0]LogConfig: Setting CVar [[gc.MinGCClusterSize:5]]
[2021.03.22-15.45.19:443][  0]LogConfig: Setting CVar [[gc.ActorClusteringEnabled:0]]
[2021.03.22-15.45.19:443][  0]LogConfig: Setting CVar [[gc.BlueprintClusteringEnabled:0]]
[2021.03.22-15.45.19:443][  0]LogConfig: Setting CVar [[gc.UseDisregardForGCOnDedicatedServers:0]]
[2021.03.22-15.45.19:443][  0]LogConfig: Applying CVar settings from Section [/Script/Engine.NetworkSettings] File [E:/Github/GEP/GEPProject/Saved/Config/Windows/Engine.ini]
[2021.03.22-15.45.19:443][  0]LogConfig: Applying CVar settings from Section [/Script/UnrealEd.CookerSettings] File [E:/Github/GEP/GEPProject/Saved/Config/Windows/Engine.ini]
[2021.03.22-15.45.19:451][  0]LogConfig: Applying CVar settings from Section [ViewDistanceQuality@3] File [E:/Github/GEP/GEPProject/Saved/Config/Windows/Scalability.ini]
[2021.03.22-15.45.19:451][  0]LogConfig: Setting CVar [[r.SkeletalMeshLODBias:0]]
[2021.03.22-15.45.19:451][  0]LogConfig: Setting CVar [[r.ViewDistanceScale:1.0]]
[2021.03.22-15.45.19:451][  0]LogConfig: Applying CVar settings from Section [AntiAliasingQuality@3] File [E:/Github/GEP/GEPProject/Saved/Config/Windows/Scalability.ini]
[2021.03.22-15.45.19:451][  0]LogConfig: Setting CVar [[r.PostProcessAAQuality:4]]
[2021.03.22-15.45.19:451][  0]LogConfig: Applying CVar settings from Section [ShadowQuality@3] File [E:/Github/GEP/GEPProject/Saved/Config/Windows/Scalability.ini]
[2021.03.22-15.45.19:451][  0]LogConfig: Setting CVar [[r.LightFunctionQuality:1]]
[2021.03.22-15.45.19:451][  0]LogConfig: Setting CVar [[r.ShadowQuality:5]]
[2021.03.22-15.45.19:451][  0]LogConfig: Setting CVar [[r.Shadow.CSM.MaxCascades:10]]
[2021.03.22-15.45.19:451][  0]LogConfig: Setting CVar [[r.Shadow.MaxResolution:2048]]
[2021.03.22-15.45.19:451][  0]LogConfig: Setting CVar [[r.Shadow.MaxCSMResolution:2048]]
[2021.03.22-15.45.19:451][  0]LogConfig: Setting CVar [[r.Shadow.RadiusThreshold:0.01]]
[2021.03.22-15.45.19:451][  0]LogConfig: Setting CVar [[r.Shadow.DistanceScale:1.0]]
[2021.03.22-15.45.19:451][  0]LogConfig: Setting CVar [[r.Shadow.CSM.TransitionScale:1.0]]
[2021.03.22-15.45.19:451][  0]LogConfig: Setting CVar [[r.Shadow.PreShadowResolutionFactor:1.0]]
[2021.03.22-15.45.19:451][  0]LogConfig: Setting CVar [[r.DistanceFieldShadowing:1]]
[2021.03.22-15.45.19:451][  0]LogConfig: Setting CVar [[r.DistanceFieldAO:1]]
[2021.03.22-15.45.19:451][  0]LogConfig: Setting CVar [[r.AOQuality:2]]
[2021.03.22-15.45.19:451][  0]LogConfig: Setting CVar [[r.VolumetricFog:1]]
[2021.03.22-15.45.19:451][  0]LogConfig: Setting CVar [[r.VolumetricFog.GridPixelSize:8]]
[2021.03.22-15.45.19:451][  0]LogConfig: Setting CVar [[r.VolumetricFog.GridSizeZ:128]]
[2021.03.22-15.45.19:451][  0]LogConfig: Setting CVar [[r.VolumetricFog.HistoryMissSupersampleCount:4]]
[2021.03.22-15.45.19:451][  0]LogConfig: Setting CVar [[r.LightMaxDrawDistanceScale:1]]
[2021.03.22-15.45.19:451][  0]LogConfig: Setting CVar [[r.CapsuleShadows:1]]
[2021.03.22-15.45.19:451][  0]LogConfig: Applying CVar settings from Section [PostProcessQuality@3] File [E:/Github/GEP/GEPProject/Saved/Config/Windows/Scalability.ini]
[2021.03.22-15.45.19:451][  0]LogConfig: Setting CVar [[r.MotionBlurQuality:4]]
[2021.03.22-15.45.19:451][  0]LogConfig: Setting CVar [[r.AmbientOcclusionMipLevelFactor:0.4]]
[2021.03.22-15.45.19:451][  0]LogConfig: Setting CVar [[r.AmbientOcclusionMaxQuality:100]]
[2021.03.22-15.45.19:451][  0]LogConfig: Setting CVar [[r.AmbientOcclusionLevels:-1]]
[2021.03.22-15.45.19:451][  0]LogConfig: Setting CVar [[r.AmbientOcclusionRadiusScale:1.0]]
[2021.03.22-15.45.19:451][  0]LogConfig: Setting CVar [[r.DepthOfFieldQuality:2]]
[2021.03.22-15.45.19:451][  0]LogConfig: Setting CVar [[r.RenderTargetPoolMin:400]]
[2021.03.22-15.45.19:451][  0]LogConfig: Setting CVar [[r.LensFlareQuality:2]]
[2021.03.22-15.45.19:451][  0]LogConfig: Setting CVar [[r.SceneColorFringeQuality:1]]
[2021.03.22-15.45.19:451][  0]LogConfig: Setting CVar [[r.EyeAdaptationQuality:2]]
[2021.03.22-15.45.19:451][  0]LogConfig: Setting CVar [[r.BloomQuality:5]]
[2021.03.22-15.45.19:451][  0]LogConfig: Setting CVar [[r.FastBlurThreshold:100]]
[2021.03.22-15.45.19:451][  0]LogConfig: Setting CVar [[r.Upscale.Quality:3]]
[2021.03.22-15.45.19:451][  0]LogConfig: Setting CVar [[r.Tonemapper.GrainQuantization:1]]
[2021.03.22-15.45.19:451][  0]LogConfig: Setting CVar [[r.LightShaftQuality:1]]
[2021.03.22-15.45.19:451][  0]LogConfig: Setting CVar [[r.Filter.SizeScale:1]]
[2021.03.22-15.45.19:451][  0]LogConfig: Setting CVar [[r.Tonemapper.Quality:5]]
[2021.03.22-15.45.19:452][  0]LogConfig: Setting CVar [[r.DOF.Gather.AccumulatorQuality:1        ; higher gathering accumulator quality]]
[2021.03.22-15.45.19:452][  0]LogConfig: Setting CVar [[r.DOF.Gather.PostfilterMethod:1          ; Median3x3 postfilering method]]
[2021.03.22-15.45.19:452][  0]LogConfig: Setting CVar [[r.DOF.Gather.EnableBokehSettings:0       ; no bokeh simulation when gathering]]
[2021.03.22-15.45.19:452][  0]LogConfig: Setting CVar [[r.DOF.Gather.RingCount:4                 ; medium number of samples when gathering]]
[2021.03.22-15.45.19:452][  0]LogConfig: Setting CVar [[r.DOF.Scatter.ForegroundCompositing:1    ; additive foreground scattering]]
[2021.03.22-15.45.19:452][  0]LogConfig: Setting CVar [[r.DOF.Scatter.BackgroundCompositing:2    ; additive background scattering]]
[2021.03.22-15.45.19:452][  0]LogConfig: Setting CVar [[r.DOF.Scatter.EnableBokehSettings:1      ; bokeh simulation when scattering]]
[2021.03.22-15.45.19:452][  0]LogConfig: Setting CVar [[r.DOF.Scatter.MaxSpriteRatio:0.1         ; only a maximum of 10% of scattered bokeh]]
[2021.03.22-15.45.19:452][  0]LogConfig: Setting CVar [[r.DOF.Recombine.Quality:1                ; cheap slight out of focus]]
[2021.03.22-15.45.19:452][  0]LogConfig: Setting CVar [[r.DOF.Recombine.EnableBokehSettings:0    ; no bokeh simulation on slight out of focus]]
[2021.03.22-15.45.19:452][  0]LogConfig: Setting CVar [[r.DOF.TemporalAAQuality:1                ; more stable temporal accumulation]]
[2021.03.22-15.45.19:452][  0]LogConfig: Setting CVar [[r.DOF.Kernel.MaxForegroundRadius:0.025]]
[2021.03.22-15.45.19:452][  0]LogConfig: Setting CVar [[r.DOF.Kernel.MaxBackgroundRadius:0.025]]
[2021.03.22-15.45.19:452][  0]LogConfig: Applying CVar settings from Section [TextureQuality@3] File [E:/Github/GEP/GEPProject/Saved/Config/Windows/Scalability.ini]
[2021.03.22-15.45.19:452][  0]LogConfig: Setting CVar [[r.Streaming.MipBias:0]]
[2021.03.22-15.45.19:452][  0]LogConfig: Setting CVar [[r.Streaming.AmortizeCPUToGPUCopy:0]]
[2021.03.22-15.45.19:452][  0]LogConfig: Setting CVar [[r.Streaming.MaxNumTexturesToStreamPerFrame:0]]
[2021.03.22-15.45.19:452][  0]LogConfig: Setting CVar [[r.Streaming.Boost:1]]
[2021.03.22-15.45.19:452][  0]LogConfig: Setting CVar [[r.MaxAnisotropy:8]]
[2021.03.22-15.45.19:452][  0]LogConfig: Setting CVar [[r.VT.MaxAnisotropy:8]]
[2021.03.22-15.45.19:452][  0]LogConfig: Setting CVar [[r.Streaming.LimitPoolSizeToVRAM:0]]
[2021.03.22-15.45.19:452][  0]LogConfig: Setting CVar [[r.Streaming.PoolSize:1000]]
[2021.03.22-15.45.19:452][  0]LogConfig: Setting CVar [[r.Streaming.MaxEffectiveScreenSize:0]]
[2021.03.22-15.45.19:452][  0]LogConfig: Applying CVar settings from Section [EffectsQuality@3] File [E:/Github/GEP/GEPProject/Saved/Config/Windows/Scalability.ini]
[2021.03.22-15.45.19:452][  0]LogConfig: Setting CVar [[r.TranslucencyLightingVolumeDim:64]]
[2021.03.22-15.45.19:452][  0]LogConfig: Setting CVar [[r.RefractionQuality:2]]
[2021.03.22-15.45.19:452][  0]LogConfig: Setting CVar [[r.SSR.Quality:3]]
[2021.03.22-15.45.19:452][  0]LogConfig: Setting CVar [[r.SSR.HalfResSceneColor:0]]
[2021.03.22-15.45.19:452][  0]LogConfig: Setting CVar [[r.SceneColorFormat:4]]
[2021.03.22-15.45.19:452][  0]LogConfig: Setting CVar [[r.DetailMode:2]]
[2021.03.22-15.45.19:452][  0]LogConfig: Setting CVar [[r.TranslucencyVolumeBlur:1]]
[2021.03.22-15.45.19:452][  0]LogConfig: Setting CVar [[r.MaterialQualityLevel:1 ; High quality]]
[2021.03.22-15.45.19:452][  0]LogConfig: Setting CVar [[r.SSS.Scale:1]]
[2021.03.22-15.45.19:452][  0]LogConfig: Setting CVar [[r.SSS.SampleSet:2]]
[2021.03.22-15.45.19:452][  0]LogConfig: Setting CVar [[r.SSS.Quality:1]]
[2021.03.22-15.45.19:452][  0]LogConfig: Setting CVar [[r.SSS.HalfRes:0]]
[2021.03.22-15.45.19:452][  0]LogConfig: Setting CVar [[r.SSGI.Quality:3]]
[2021.03.22-15.45.19:452][  0]LogConfig: Setting CVar [[r.EmitterSpawnRateScale:1.0]]
[2021.03.22-15.45.19:452][  0]LogConfig: Setting CVar [[r.ParticleLightQuality:2]]
[2021.03.22-15.45.19:452][  0]LogConfig: Setting CVar [[r.SkyAtmosphere.AerialPerspectiveLUT.FastApplyOnOpaque:1 ; Always have FastSkyLUT 1 in this case to avoid wrong sky]]
[2021.03.22-15.45.19:452][  0]LogConfig: Setting CVar [[r.SkyAtmosphere.AerialPerspectiveLUT.SampleCountPerSlice:1]]
[2021.03.22-15.45.19:452][  0]LogConfig: Setting CVar [[r.SkyAtmosphere.AerialPerspectiveLUT.DepthResolution:16.0]]
[2021.03.22-15.45.19:452][  0]LogConfig: Setting CVar [[r.SkyAtmosphere.FastSkyLUT:1]]
[2021.03.22-15.45.19:452][  0]LogConfig: Setting CVar [[r.SkyAtmosphere.FastSkyLUT.SampleCountMin:4.0]]
[2021.03.22-15.45.19:452][  0]LogConfig: Setting CVar [[r.SkyAtmosphere.FastSkyLUT.SampleCountMax:32.0]]
[2021.03.22-15.45.19:452][  0]LogConfig: Setting CVar [[r.SkyAtmosphere.SampleCountMin:4.0]]
[2021.03.22-15.45.19:452][  0]LogConfig: Setting CVar [[r.SkyAtmosphere.SampleCountMax:32.0]]
[2021.03.22-15.45.19:452][  0]LogConfig: Setting CVar [[r.SkyAtmosphere.TransmittanceLUT.UseSmallFormat:0]]
[2021.03.22-15.45.19:452][  0]LogConfig: Setting CVar [[r.SkyAtmosphere.TransmittanceLUT.SampleCount:10.0]]
[2021.03.22-15.45.19:452][  0]LogConfig: Setting CVar [[r.SkyAtmosphere.MultiScatteringLUT.SampleCount:15.0]]
[2021.03.22-15.45.19:452][  0]LogConfig: Applying CVar settings from Section [FoliageQuality@3] File [E:/Github/GEP/GEPProject/Saved/Config/Windows/Scalability.ini]
[2021.03.22-15.45.19:452][  0]LogConfig: Setting CVar [[foliage.DensityScale:1.0]]
[2021.03.22-15.45.19:452][  0]LogConfig: Setting CVar [[grass.DensityScale:1.0]]
[2021.03.22-15.45.19:452][  0]LogConfig: Applying CVar settings from Section [ShadingQuality@3] File [E:/Github/GEP/GEPProject/Saved/Config/Windows/Scalability.ini]
[2021.03.22-15.45.19:452][  0]LogConfig: Setting CVar [[r.HairStrands.SkyLighting.SampleCount:16]]
[2021.03.22-15.45.19:452][  0]LogConfig: Setting CVar [[r.HairStrands.SkyLighting.JitterIntegration:0]]
[2021.03.22-15.45.19:452][  0]LogConfig: Setting CVar [[r.HairStrands.SkyAO.SampleCount:16]]
[2021.03.22-15.45.19:452][  0]LogConfig: Setting CVar [[r.HairStrands.DeepShadow.SuperSampling:0]]
[2021.03.22-15.45.19:452][  0]LogConfig: Setting CVar [[r.HairStrands.VisibilityPPLL:0]]
[2021.03.22-15.45.19:452][  0]LogConfig: Setting CVar [[r.HairStrands.RasterizationScale:0.5]]
[2021.03.22-15.45.19:452][  0]LogConfig: Setting CVar [[r.HairStrands.VelocityRasterizationScale:1]]
[2021.03.22-15.45.19:452][  0]LogInit: Selected Device Profile: [Windows]
[2021.03.22-15.45.19:452][  0]LogInit: Applying CVar settings loaded from the selected device profile: [Windows]
[2021.03.22-15.45.19:452][  0]LogHAL: Display: Platform has ~ 16 GB [17123741696 / 17179869184 / 16], which maps to Larger [LargestMinGB=32, LargerMinGB=12, DefaultMinGB=8, SmallerMinGB=6, SmallestMinGB=0)
[2021.03.22-15.45.19:452][  0]LogInit: Going up to parent DeviceProfile []
[2021.03.22-15.45.19:452][  0]LogConfig: Applying CVar settings from Section [ViewDistanceQuality@3] File [E:/Github/GEP/GEPProject/Saved/Config/Windows/Scalability.ini]
[2021.03.22-15.45.19:452][  0]LogConfig: Setting CVar [[r.SkeletalMeshLODBias:0]]
[2021.03.22-15.45.19:452][  0]LogConfig: Setting CVar [[r.ViewDistanceScale:1.0]]
[2021.03.22-15.45.19:452][  0]LogConfig: Applying CVar settings from Section [AntiAliasingQuality@3] File [E:/Github/GEP/GEPProject/Saved/Config/Windows/Scalability.ini]
[2021.03.22-15.45.19:452][  0]LogConfig: Setting CVar [[r.PostProcessAAQuality:4]]
[2021.03.22-15.45.19:452][  0]LogConfig: Applying CVar settings from Section [ShadowQuality@3] File [E:/Github/GEP/GEPProject/Saved/Config/Windows/Scalability.ini]
[2021.03.22-15.45.19:453][  0]LogConfig: Setting CVar [[r.LightFunctionQuality:1]]
[2021.03.22-15.45.19:453][  0]LogConfig: Setting CVar [[r.ShadowQuality:5]]
[2021.03.22-15.45.19:453][  0]LogConfig: Setting CVar [[r.Shadow.CSM.MaxCascades:10]]
[2021.03.22-15.45.19:453][  0]LogConfig: Setting CVar [[r.Shadow.MaxResolution:2048]]
[2021.03.22-15.45.19:453][  0]LogConfig: Setting CVar [[r.Shadow.MaxCSMResolution:2048]]
[2021.03.22-15.45.19:453][  0]LogConfig: Setting CVar [[r.Shadow.RadiusThreshold:0.01]]
[2021.03.22-15.45.19:453][  0]LogConfig: Setting CVar [[r.Shadow.DistanceScale:1.0]]
[2021.03.22-15.45.19:453][  0]LogConfig: Setting CVar [[r.Shadow.CSM.TransitionScale:1.0]]
[2021.03.22-15.45.19:453][  0]LogConfig: Setting CVar [[r.Shadow.PreShadowResolutionFactor:1.0]]
[2021.03.22-15.45.19:453][  0]LogConfig: Setting CVar [[r.DistanceFieldShadowing:1]]
[2021.03.22-15.45.19:453][  0]LogConfig: Setting CVar [[r.DistanceFieldAO:1]]
[2021.03.22-15.45.19:453][  0]LogConfig: Setting CVar [[r.AOQuality:2]]
[2021.03.22-15.45.19:453][  0]LogConfig: Setting CVar [[r.VolumetricFog:1]]
[2021.03.22-15.45.19:453][  0]LogConfig: Setting CVar [[r.VolumetricFog.GridPixelSize:8]]
[2021.03.22-15.45.19:453][  0]LogConfig: Setting CVar [[r.VolumetricFog.GridSizeZ:128]]
[2021.03.22-15.45.19:453][  0]LogConfig: Setting CVar [[r.VolumetricFog.HistoryMissSupersampleCount:4]]
[2021.03.22-15.45.19:453][  0]LogConfig: Setting CVar [[r.LightMaxDrawDistanceScale:1]]
[2021.03.22-15.45.19:453][  0]LogConfig: Setting CVar [[r.CapsuleShadows:1]]
[2021.03.22-15.45.19:453][  0]LogConfig: Applying CVar settings from Section [PostProcessQuality@3] File [E:/Github/GEP/GEPProject/Saved/Config/Windows/Scalability.ini]
[2021.03.22-15.45.19:453][  0]LogConfig: Setting CVar [[r.MotionBlurQuality:4]]
[2021.03.22-15.45.19:453][  0]LogConfig: Setting CVar [[r.AmbientOcclusionMipLevelFactor:0.4]]
[2021.03.22-15.45.19:453][  0]LogConfig: Setting CVar [[r.AmbientOcclusionMaxQuality:100]]
[2021.03.22-15.45.19:453][  0]LogConfig: Setting CVar [[r.AmbientOcclusionLevels:-1]]
[2021.03.22-15.45.19:453][  0]LogConfig: Setting CVar [[r.AmbientOcclusionRadiusScale:1.0]]
[2021.03.22-15.45.19:453][  0]LogConfig: Setting CVar [[r.DepthOfFieldQuality:2]]
[2021.03.22-15.45.19:453][  0]LogConfig: Setting CVar [[r.RenderTargetPoolMin:400]]
[2021.03.22-15.45.19:453][  0]LogConfig: Setting CVar [[r.LensFlareQuality:2]]
[2021.03.22-15.45.19:453][  0]LogConfig: Setting CVar [[r.SceneColorFringeQuality:1]]
[2021.03.22-15.45.19:453][  0]LogConfig: Setting CVar [[r.EyeAdaptationQuality:2]]
[2021.03.22-15.45.19:453][  0]LogConfig: Setting CVar [[r.BloomQuality:5]]
[2021.03.22-15.45.19:453][  0]LogConfig: Setting CVar [[r.FastBlurThreshold:100]]
[2021.03.22-15.45.19:453][  0]LogConfig: Setting CVar [[r.Upscale.Quality:3]]
[2021.03.22-15.45.19:453][  0]LogConfig: Setting CVar [[r.Tonemapper.GrainQuantization:1]]
[2021.03.22-15.45.19:453][  0]LogConfig: Setting CVar [[r.LightShaftQuality:1]]
[2021.03.22-15.45.19:453][  0]LogConfig: Setting CVar [[r.Filter.SizeScale:1]]
[2021.03.22-15.45.19:453][  0]LogConfig: Setting CVar [[r.Tonemapper.Quality:5]]
[2021.03.22-15.45.19:453][  0]LogConfig: Setting CVar [[r.DOF.Gather.AccumulatorQuality:1        ; higher gathering accumulator quality]]
[2021.03.22-15.45.19:453][  0]LogConfig: Setting CVar [[r.DOF.Gather.PostfilterMethod:1          ; Median3x3 postfilering method]]
[2021.03.22-15.45.19:453][  0]LogConfig: Setting CVar [[r.DOF.Gather.EnableBokehSettings:0       ; no bokeh simulation when gathering]]
[2021.03.22-15.45.19:453][  0]LogConfig: Setting CVar [[r.DOF.Gather.RingCount:4                 ; medium number of samples when gathering]]
[2021.03.22-15.45.19:453][  0]LogConfig: Setting CVar [[r.DOF.Scatter.ForegroundCompositing:1    ; additive foreground scattering]]
[2021.03.22-15.45.19:453][  0]LogConfig: Setting CVar [[r.DOF.Scatter.BackgroundCompositing:2    ; additive background scattering]]
[2021.03.22-15.45.19:453][  0]LogConfig: Setting CVar [[r.DOF.Scatter.EnableBokehSettings:1      ; bokeh simulation when scattering]]
[2021.03.22-15.45.19:453][  0]LogConfig: Setting CVar [[r.DOF.Scatter.MaxSpriteRatio:0.1         ; only a maximum of 10% of scattered bokeh]]
[2021.03.22-15.45.19:453][  0]LogConfig: Setting CVar [[r.DOF.Recombine.Quality:1                ; cheap slight out of focus]]
[2021.03.22-15.45.19:453][  0]LogConfig: Setting CVar [[r.DOF.Recombine.EnableBokehSettings:0    ; no bokeh simulation on slight out of focus]]
[2021.03.22-15.45.19:453][  0]LogConfig: Setting CVar [[r.DOF.TemporalAAQuality:1                ; more stable temporal accumulation]]
[2021.03.22-15.45.19:453][  0]LogConfig: Setting CVar [[r.DOF.Kernel.MaxForegroundRadius:0.025]]
[2021.03.22-15.45.19:453][  0]LogConfig: Setting CVar [[r.DOF.Kernel.MaxBackgroundRadius:0.025]]
[2021.03.22-15.45.19:453][  0]LogConfig: Applying CVar settings from Section [TextureQuality@3] File [E:/Github/GEP/GEPProject/Saved/Config/Windows/Scalability.ini]
[2021.03.22-15.45.19:453][  0]LogConfig: Setting CVar [[r.Streaming.MipBias:0]]
[2021.03.22-15.45.19:453][  0]LogConfig: Setting CVar [[r.Streaming.AmortizeCPUToGPUCopy:0]]
[2021.03.22-15.45.19:453][  0]LogConfig: Setting CVar [[r.Streaming.MaxNumTexturesToStreamPerFrame:0]]
[2021.03.22-15.45.19:453][  0]LogConfig: Setting CVar [[r.Streaming.Boost:1]]
[2021.03.22-15.45.19:453][  0]LogConfig: Setting CVar [[r.MaxAnisotropy:8]]
[2021.03.22-15.45.19:453][  0]LogConfig: Setting CVar [[r.VT.MaxAnisotropy:8]]
[2021.03.22-15.45.19:453][  0]LogConfig: Setting CVar [[r.Streaming.LimitPoolSizeToVRAM:0]]
[2021.03.22-15.45.19:453][  0]LogConfig: Setting CVar [[r.Streaming.PoolSize:1000]]
[2021.03.22-15.45.19:453][  0]LogConfig: Setting CVar [[r.Streaming.MaxEffectiveScreenSize:0]]
[2021.03.22-15.45.19:453][  0]LogConfig: Applying CVar settings from Section [EffectsQuality@3] File [E:/Github/GEP/GEPProject/Saved/Config/Windows/Scalability.ini]
[2021.03.22-15.45.19:453][  0]LogConfig: Setting CVar [[r.TranslucencyLightingVolumeDim:64]]
[2021.03.22-15.45.19:453][  0]LogConfig: Setting CVar [[r.RefractionQuality:2]]
[2021.03.22-15.45.19:453][  0]LogConfig: Setting CVar [[r.SSR.Quality:3]]
[2021.03.22-15.45.19:453][  0]LogConfig: Setting CVar [[r.SSR.HalfResSceneColor:0]]
[2021.03.22-15.45.19:453][  0]LogConfig: Setting CVar [[r.SceneColorFormat:4]]
[2021.03.22-15.45.19:453][  0]LogConfig: Setting CVar [[r.DetailMode:2]]
[2021.03.22-15.45.19:453][  0]LogConfig: Setting CVar [[r.TranslucencyVolumeBlur:1]]
[2021.03.22-15.45.19:453][  0]LogConfig: Setting CVar [[r.MaterialQualityLevel:1 ; High quality]]
[2021.03.22-15.45.19:453][  0]LogConfig: Setting CVar [[r.SSS.Scale:1]]
[2021.03.22-15.45.19:453][  0]LogConfig: Setting CVar [[r.SSS.SampleSet:2]]
[2021.03.22-15.45.19:453][  0]LogConfig: Setting CVar [[r.SSS.Quality:1]]
[2021.03.22-15.45.19:453][  0]LogConfig: Setting CVar [[r.SSS.HalfRes:0]]
[2021.03.22-15.45.19:453][  0]LogConfig: Setting CVar [[r.SSGI.Quality:3]]
[2021.03.22-15.45.19:453][  0]LogConfig: Setting CVar [[r.EmitterSpawnRateScale:1.0]]
[2021.03.22-15.45.19:453][  0]LogConfig: Setting CVar [[r.ParticleLightQuality:2]]
[2021.03.22-15.45.19:453][  0]LogConfig: Setting CVar [[r.SkyAtmosphere.AerialPerspectiveLUT.FastApplyOnOpaque:1 ; Always have FastSkyLUT 1 in this case to avoid wrong sky]]
[2021.03.22-15.45.19:453][  0]LogConfig: Setting CVar [[r.SkyAtmosphere.AerialPerspectiveLUT.SampleCountPerSlice:1]]
[2021.03.22-15.45.19:453][  0]LogConfig: Setting CVar [[r.SkyAtmosphere.AerialPerspectiveLUT.DepthResolution:16.0]]
[2021.03.22-15.45.19:453][  0]LogConfig: Setting CVar [[r.SkyAtmosphere.FastSkyLUT:1]]
[2021.03.22-15.45.19:453][  0]LogConfig: Setting CVar [[r.SkyAtmosphere.FastSkyLUT.SampleCountMin:4.0]]
[2021.03.22-15.45.19:454][  0]LogConfig: Setting CVar [[r.SkyAtmosphere.FastSkyLUT.SampleCountMax:32.0]]
[2021.03.22-15.45.19:454][  0]LogConfig: Setting CVar [[r.SkyAtmosphere.SampleCountMin:4.0]]
[2021.03.22-15.45.19:454][  0]LogConfig: Setting CVar [[r.SkyAtmosphere.SampleCountMax:32.0]]
[2021.03.22-15.45.19:454][  0]LogConfig: Setting CVar [[r.SkyAtmosphere.TransmittanceLUT.UseSmallFormat:0]]
[2021.03.22-15.45.19:454][  0]LogConfig: Setting CVar [[r.SkyAtmosphere.TransmittanceLUT.SampleCount:10.0]]
[2021.03.22-15.45.19:454][  0]LogConfig: Setting CVar [[r.SkyAtmosphere.MultiScatteringLUT.SampleCount:15.0]]
[2021.03.22-15.45.19:454][  0]LogConfig: Applying CVar settings from Section [FoliageQuality@3] File [E:/Github/GEP/GEPProject/Saved/Config/Windows/Scalability.ini]
[2021.03.22-15.45.19:454][  0]LogConfig: Setting CVar [[foliage.DensityScale:1.0]]
[2021.03.22-15.45.19:454][  0]LogConfig: Setting CVar [[grass.DensityScale:1.0]]
[2021.03.22-15.45.19:454][  0]LogConfig: Applying CVar settings from Section [ShadingQuality@3] File [E:/Github/GEP/GEPProject/Saved/Config/Windows/Scalability.ini]
[2021.03.22-15.45.19:454][  0]LogConfig: Setting CVar [[r.HairStrands.SkyLighting.SampleCount:16]]
[2021.03.22-15.45.19:454][  0]LogConfig: Setting CVar [[r.HairStrands.SkyLighting.JitterIntegration:0]]
[2021.03.22-15.45.19:454][  0]LogConfig: Setting CVar [[r.HairStrands.SkyAO.SampleCount:16]]
[2021.03.22-15.45.19:454][  0]LogConfig: Setting CVar [[r.HairStrands.DeepShadow.SuperSampling:0]]
[2021.03.22-15.45.19:454][  0]LogConfig: Setting CVar [[r.HairStrands.VisibilityPPLL:0]]
[2021.03.22-15.45.19:454][  0]LogConfig: Setting CVar [[r.HairStrands.RasterizationScale:0.5]]
[2021.03.22-15.45.19:454][  0]LogConfig: Setting CVar [[r.HairStrands.VelocityRasterizationScale:1]]
[2021.03.22-15.45.19:454][  0]LogConfig: Applying CVar settings from Section [Startup] File [../../../Engine/Config/ConsoleVariables.ini]
[2021.03.22-15.45.19:454][  0]LogConfig: Setting CVar [[net.UseAdaptiveNetUpdateFrequency:0]]
[2021.03.22-15.45.19:454][  0]LogConfig: Setting CVar [[p.chaos.AllowCreatePhysxBodies:1]]
[2021.03.22-15.45.19:454][  0]LogConfig: Setting CVar [[fx.SkipVectorVMBackendOptimizations:1]]
[2021.03.22-15.45.19:454][  0]LogConfig: Applying CVar settings from Section [ConsoleVariables] File [E:/Github/GEP/GEPProject/Saved/Config/Windows/Engine.ini]
[2021.03.22-15.45.19:454][  0]LogInit: Computer: DESKTOP-8MPSU4G
[2021.03.22-15.45.19:454][  0]LogInit: User: cathan
[2021.03.22-15.45.19:454][  0]LogInit: CPU Page size=4096, Cores=8
[2021.03.22-15.45.19:454][  0]LogInit: High frequency timer resolution =10.000000 MHz
[2021.03.22-15.45.19:454][  0]LogMemory: Memory total: Physical=15.9GB (16GB approx)
[2021.03.22-15.45.19:454][  0]LogMemory: Platform Memory Stats for Windows
[2021.03.22-15.45.19:454][  0]LogMemory: Process Physical Memory: 117.70 MB used, 117.70 MB peak
[2021.03.22-15.45.19:454][  0]LogMemory: Process Virtual Memory: 112.26 MB used, 112.26 MB peak
[2021.03.22-15.45.19:454][  0]LogMemory: Physical Memory: 12660.54 MB used,  3669.93 MB free, 16330.47 MB total
[2021.03.22-15.45.19:454][  0]LogMemory: Virtual Memory: 5200.97 MB used,  134212528.00 MB free, 134217728.00 MB total
[2021.03.22-15.45.19:465][  0]LogWindows: WindowsPlatformFeatures enabled
[2021.03.22-15.45.19:527][  0]LogInit: Physics initialised using underlying interface: PhysX
[2021.03.22-15.45.19:528][  0]LogInit: Using OS detected language (en-GB).
[2021.03.22-15.45.19:528][  0]LogInit: Using OS detected locale (en-GB).
[2021.03.22-15.45.19:531][  0]LogTextLocalizationManager: No specific localization for 'en-GB' exists, so the 'en' localization will be used.
[2021.03.22-15.45.19:720][  0]LogInit: Setting process to per monitor DPI aware
[2021.03.22-15.45.19:774][  0]LogSlate: New Slate User Created.  User Index 0, Is Virtual User: 0
[2021.03.22-15.45.19:774][  0]LogSlate: Slate User Registered.  User Index 0, Is Virtual User: 0
[2021.03.22-15.45.20:079][  0]LogHMD: Failed to initialize OpenVR with code 110
[2021.03.22-15.45.20:079][  0]LogD3D11RHI: D3D11 min allowed feature level: 11_0
[2021.03.22-15.45.20:079][  0]LogD3D11RHI: D3D11 max allowed feature level: 11_0
[2021.03.22-15.45.20:079][  0]LogD3D11RHI: D3D11 adapters:
[2021.03.22-15.45.20:204][  0]LogD3D11RHI:    0. 'NVIDIA GeForce RTX 2060' (Feature Level 11_0)
[2021.03.22-15.45.20:204][  0]LogD3D11RHI:       5980/0/8165 MB DedicatedVideo/DedicatedSystem/SharedSystem, Outputs:3, VendorId:0x10de
[2021.03.22-15.45.20:207][  0]LogD3D11RHI:    1. 'Microsoft Basic Render Driver' (Feature Level 11_0)
[2021.03.22-15.45.20:207][  0]LogD3D11RHI:       0/0/8165 MB DedicatedVideo/DedicatedSystem/SharedSystem, Outputs:0, VendorId:0x1414
[2021.03.22-15.45.20:207][  0]LogD3D11RHI: Chosen D3D11 Adapter: 0
[2021.03.22-15.45.20:218][  0]LogD3D11RHI: Creating new Direct3DDevice
[2021.03.22-15.45.20:218][  0]LogD3D11RHI:     GPU DeviceId: 0x1f08 (for the marketing name, search the web for "GPU Device Id")
[2021.03.22-15.45.20:218][  0]LogWindows: EnumDisplayDevices:
[2021.03.22-15.45.20:218][  0]LogWindows:    0. 'NVIDIA GeForce RTX 2060' (P:1 D:1)
[2021.03.22-15.45.20:218][  0]LogWindows:    1. 'NVIDIA GeForce RTX 2060' (P:0 D:1)
[2021.03.22-15.45.20:219][  0]LogWindows:    2. 'NVIDIA GeForce RTX 2060' (P:0 D:1)
[2021.03.22-15.45.20:219][  0]LogWindows:    3. 'NVIDIA GeForce RTX 2060' (P:0 D:0)
[2021.03.22-15.45.20:219][  0]LogWindows: DebugString: FoundDriverCount:4 
[2021.03.22-15.45.20:220][  0]LogD3D11RHI:     Adapter Name: NVIDIA GeForce RTX 2060
[2021.03.22-15.45.20:220][  0]LogD3D11RHI:   Driver Version: 460.79 (internal:27.21.14.6079, unified:460.79)
[2021.03.22-15.45.20:220][  0]LogD3D11RHI:      Driver Date: 12-3-2020
[2021.03.22-15.45.20:220][  0]LogRHI: Texture pool is 4186 MB (70% of 5980 MB)
[2021.03.22-15.45.20:320][  0]LogD3D11RHI: RHI has support for 64 bit atomics
[2021.03.22-15.45.20:320][  0]LogD3D11RHI: Async texture creation enabled
[2021.03.22-15.45.20:320][  0]LogD3D11RHI: Array index from any shader is supported
[2021.03.22-15.45.20:357][  0]LogD3D11RHI: GPU Timing Frequency: 1000.000000 (Debug: 2 1)
[2021.03.22-15.45.20:663][  0]LogTargetPlatformManager: Display: Loaded TargetPlatform 'AllDesktop'
[2021.03.22-15.45.20:687][  0]LogTargetPlatformManager: Display: Loaded TargetPlatform 'Android'
[2021.03.22-15.45.20:687][  0]LogTargetPlatformManager: Display: Loaded TargetPlatform 'Android_ASTC'
[2021.03.22-15.45.20:687][  0]LogTargetPlatformManager: Display: Loaded TargetPlatform 'Android_DXT'
[2021.03.22-15.45.20:687][  0]LogTargetPlatformManager: Display: Loaded TargetPlatform 'Android_ETC2'
[2021.03.22-15.45.20:687][  0]LogTargetPlatformManager: Display: Loaded TargetPlatform 'AndroidClient'
[2021.03.22-15.45.20:687][  0]LogTargetPlatformManager: Display: Loaded TargetPlatform 'Android_ASTCClient'
[2021.03.22-15.45.20:687][  0]LogTargetPlatformManager: Display: Loaded TargetPlatform 'Android_DXTClient'
[2021.03.22-15.45.20:687][  0]LogTargetPlatformManager: Display: Loaded TargetPlatform 'Android_ETC2Client'
[2021.03.22-15.45.20:687][  0]LogTargetPlatformManager: Display: Loaded TargetPlatform 'Android_Multi'
[2021.03.22-15.45.20:687][  0]LogTargetPlatformManager: Display: Loaded TargetPlatform 'Android_MultiClient'
[2021.03.22-15.45.20:715][  0]LogTargetPlatformManager: Display: Loaded TargetPlatform 'IOSClient'
[2021.03.22-15.45.20:715][  0]LogTargetPlatformManager: Display: Loaded TargetPlatform 'IOS'
[2021.03.22-15.45.20:727][  0]LogTargetPlatformManager: Display: Loaded TargetPlatform 'Linux'
[2021.03.22-15.45.20:738][  0]LogTargetPlatformManager: Display: Loaded TargetPlatform 'LinuxNoEditor'
[2021.03.22-15.45.20:749][  0]LogTargetPlatformManager: Display: Loaded TargetPlatform 'LinuxClient'
[2021.03.22-15.45.20:760][  0]LogTargetPlatformManager: Display: Loaded TargetPlatform 'LinuxServer'
[2021.03.22-15.45.20:771][  0]LogTargetPlatformManager: Display: Loaded TargetPlatform 'LinuxAArch64NoEditor'
[2021.03.22-15.45.20:783][  0]LogTargetPlatformManager: Display: Loaded TargetPlatform 'LinuxAArch64Client'
[2021.03.22-15.45.20:794][  0]LogTargetPlatformManager: Display: Loaded TargetPlatform 'LinuxAArch64Server'
[2021.03.22-15.45.20:825][  0]LogTargetPlatformManager: Display: Loaded TargetPlatform 'Lumin'
[2021.03.22-15.45.20:825][  0]LogTargetPlatformManager: Display: Loaded TargetPlatform 'LuminClient'
[2021.03.22-15.45.20:844][  0]LogTargetPlatformManager: Display: Loaded TargetPlatform 'TVOSClient'
[2021.03.22-15.45.20:844][  0]LogTargetPlatformManager: Display: Loaded TargetPlatform 'TVOS'
[2021.03.22-15.45.20:855][  0]LogTargetPlatformManager: Display: Loaded TargetPlatform 'WindowsNoEditor'
[2021.03.22-15.45.20:866][  0]LogTargetPlatformManager: Display: Loaded TargetPlatform 'Windows'
[2021.03.22-15.45.20:877][  0]LogTargetPlatformManager: Display: Loaded TargetPlatform 'WindowsClient'
[2021.03.22-15.45.20:888][  0]LogTargetPlatformManager: Display: Loaded TargetPlatform 'WindowsServer'
[2021.03.22-15.45.20:888][  0]LogTargetPlatformManager: Display: Building Assets For Windows
[2021.03.22-15.45.20:898][  0]LogAudioDebug: Display: Lib vorbis DLL was dynamically loaded.
[2021.03.22-15.45.20:970][  0]LogShaderCompilers: Guid format shader working directory is 9 characters bigger than the processId version (../../../../../Github/GEP/GEPProject/Intermediate/Shaders/WorkingDirectory/319100/).
[2021.03.22-15.45.20:970][  0]LogShaderCompilers: Cleaned the shader compiler working directory 'C:/Users/cathan/AppData/Local/Temp/UnrealShaderWorkingDir/D9BA316849589A94EC34668F85EAF7B8/'.
[2021.03.22-15.45.20:970][  0]LogXGEController: Cleaning working directory: C:/Users/cathan/AppData/Local/Temp/UnrealXGEWorkingDir/
[2021.03.22-15.45.20:971][  0]LogXGEController: Cannot use XGE Controller as Incredibuild is not installed on this machine.
[2021.03.22-15.45.20:971][  0]LogShaderCompilers: Cannot use XGE Shader Compiler as Incredibuild is not installed on this machine.
[2021.03.22-15.45.20:971][  0]LogShaderCompilers: Display: Using Local Shader Compiler.
[2021.03.22-15.45.21:838][  0]LogDerivedDataCache: Display: Max Cache Size: 512 MB
[2021.03.22-15.45.21:901][  0]LogDerivedDataCache: Loaded boot cache 0.06s 76MB C:/Users/cathan/AppData/Local/UnrealEngine/4.25/DerivedDataCache/Boot.ddc.
[2021.03.22-15.45.21:901][  0]LogDerivedDataCache: Display: Loaded Boot cache: C:/Users/cathan/AppData/Local/UnrealEngine/4.25/DerivedDataCache/Boot.ddc
[2021.03.22-15.45.21:901][  0]LogDerivedDataCache: FDerivedDataBackendGraph:  Pak pak cache file ../../../../../Github/GEP/GEPProject/DerivedDataCache/DDC.ddp not found, will not use a pak cache.
[2021.03.22-15.45.21:901][  0]LogDerivedDataCache: Unable to find inner node Pak for hierarchical cache Hierarchy.
[2021.03.22-15.45.21:901][  0]LogDerivedDataCache: FDerivedDataBackendGraph:  CompressedPak pak cache file ../../../../../Github/GEP/GEPProject/DerivedDataCache/Compressed.ddp not found, will not use a pak cache.
[2021.03.22-15.45.21:901][  0]LogDerivedDataCache: Unable to find inner node CompressedPak for hierarchical cache Hierarchy.
[2021.03.22-15.45.21:913][  0]LogDerivedDataCache: Display: Pak cache opened for reading ../../../Engine/DerivedDataCache/Compressed.ddp.
[2021.03.22-15.45.21:913][  0]LogDerivedDataCache: FDerivedDataBackendGraph:  EnterprisePak pak cache file ../../../Enterprise/DerivedDataCache/Compressed.ddp not found, will not use a pak cache.
[2021.03.22-15.45.21:913][  0]LogDerivedDataCache: Unable to find inner node EnterprisePak for hierarchical cache Hierarchy.
[2021.03.22-15.45.21:915][  0]LogDerivedDataCache: Using Local data cache path C:/Users/cathan/AppData/Local/UnrealEngine/Common/DerivedDataCache: Writable
[2021.03.22-15.45.21:915][  0]LogDerivedDataCache: Shared data cache path not found in *engine.ini, will not use an Shared cache.
[2021.03.22-15.45.21:915][  0]LogDerivedDataCache: Unable to find inner node Shared for hierarchical cache Hierarchy.
[2021.03.22-15.45.21:965][  0]LogSlate: Using FreeType 2.10.0
[2021.03.22-15.45.21:966][  0]LogSlate: SlateFontServices - WITH_FREETYPE: 1, WITH_HARFBUZZ: 1
[2021.03.22-15.45.21:991][  0]LogAssetRegistry: FAssetRegistry took 0.0027 seconds to start up
[2021.03.22-15.45.22:284][  0]LogInit: Selected Device Profile: [Windows]
[2021.03.22-15.45.22:413][  0]LogMeshReduction: Using QuadricMeshReduction for automatic static mesh reduction
[2021.03.22-15.45.22:414][  0]LogMeshReduction: Using SimplygonMeshReduction for automatic skeletal mesh reduction
[2021.03.22-15.45.22:414][  0]LogMeshReduction: Using ProxyLODMeshReduction for automatic mesh merging
[2021.03.22-15.45.22:414][  0]LogMeshReduction: No distributed automatic mesh merging module available
[2021.03.22-15.45.22:414][  0]LogMeshMerging: No distributed automatic mesh merging module available
[2021.03.22-15.45.22:438][  0]LogNetVersion: GEPProject 1.0.0, NetCL: 13144385, EngineNetVer: 14, GameNetVer: 0 (Checksum: 386946200)
[2021.03.22-15.45.22:929][  0]LogAISub: UAISubsystem::UAISubsystem AISubsystem (00000218B56A9BC0), frame # 0
[2021.03.22-15.45.22:929][  0]LogAISub: UAISubsystem::UAISubsystem AIPerceptionSystem (00000218B55F6AC0), frame # 0
[2021.03.22-15.45.22:931][  0]LogAISub: UAISubsystem::UAISubsystem EnvQueryManager (00000218B566C800), frame # 0
[2021.03.22-15.45.23:008][  0]LogPackageLocalizationCache: Processed 19 localized package path(s) for 1 prioritized culture(s) in 0.070431 seconds
[2021.03.22-15.45.23:016][  0]LogUObjectArray: 15917 objects as part of root set at end of initial load.
[2021.03.22-15.45.23:016][  0]LogUObjectAllocator: 3965568 out of 0 bytes used by permanent object pool.
[2021.03.22-15.45.23:016][  0]LogUObjectArray: CloseDisregardForGC: 0/0 objects in disregard for GC pool
[2021.03.22-15.45.23:463][  0]LogTcpMessaging: Initializing TcpMessaging bridge
[2021.03.22-15.45.23:468][  0]LogUdpMessaging: Initializing bridge on interface 0.0.0.0:0 to multicast group 230.0.0.1:6666.
[2021.03.22-15.45.23:595][  0]SourceControl: Source control is disabled
[2021.03.22-15.45.23:595][  0]SourceControl: Source control is disabled
[2021.03.22-15.45.23:599][  0]SourceControl: Source control is disabled
[2021.03.22-15.45.23:603][  0]SourceControl: Source control is disabled
[2021.03.22-15.45.23:617][  0]SourceControl: Source control is disabled
[2021.03.22-15.45.23:925][  0]LogAndroidPermission: UAndroidPermissionCallbackProxy::GetInstance
[2021.03.22-15.45.23:951][  0]LogAudioCaptureCore: Display: No Audio Capture implementations found. Audio input will be silent.
[2021.03.22-15.45.23:951][  0]LogAudioCaptureCore: Display: No Audio Capture implementations found. Audio input will be silent.
[2021.03.22-15.45.24:010][  0]LogOcInput: OculusInput pre-init called
[2021.03.22-15.45.24:022][  0]LogWindows: Failed to load 'OVRPlugin.dll' (GetLastError=126)
[2021.03.22-15.45.24:022][  0]LogWindows: File 'OVRPlugin.dll' does not exist
[2021.03.22-15.45.24:097][  0]LogClass: Warning: FUpgrade::upgradeType is not initialized properly
[2021.03.22-15.45.24:098][  0]LogClass: Display: 1 Uninitialized script stuct members found
[2021.03.22-15.45.24:098][  0]LogAutomationTest: Warning: FUpgrade::upgradeType is not initialized properly
[2021.03.22-15.45.24:099][  0]LogEngine: Initializing Engine...
[2021.03.22-15.45.24:101][  0]LogHMD: Failed to initialize OpenVR with code 110
[2021.03.22-15.45.24:101][  0]LogMagicLeap: Warning: VR disabled because ZI is not enabled.  To enable, in the editor, Edit -> Project Settings -> Plugins -> Magic Leap Plugin -> Enable Zero Iteration
[2021.03.22-15.45.24:102][  0]LogStats: UGameplayTagsManager::InitializeManager -  0.000 s
[2021.03.22-15.45.24:239][  0]LogInit: Initializing FReadOnlyCVARCache
[2021.03.22-15.45.24:248][  0]LogAIModule: Creating AISystem for world Untitled
[2021.03.22-15.45.24:248][  0]LogAISub: UAISubsystem::UAISubsystem EnvQueryManager (00000218B99B3C00), frame # 0
[2021.03.22-15.45.24:248][  0]LogAISub: UAISubsystem::UAISubsystem AIPerceptionSystem (00000218B99D3240), frame # 0
[2021.03.22-15.45.24:267][  0]LogAudioMixer: Display: Audio Mixer Platform Settings:
[2021.03.22-15.45.24:267][  0]LogAudioMixer: Display: 	Sample Rate:						  48000
[2021.03.22-15.45.24:267][  0]LogAudioMixer: Display: 	Callback Buffer Frame Size Requested: 1024
[2021.03.22-15.45.24:267][  0]LogAudioMixer: Display: 	Callback Buffer Frame Size To Use:	  1024
[2021.03.22-15.45.24:267][  0]LogAudioMixer: Display: 	Number of buffers to queue:			  2
[2021.03.22-15.45.24:267][  0]LogAudioMixer: Display: 	Max Channels (voices):				  32
[2021.03.22-15.45.24:267][  0]LogAudioMixer: Display: 	Number of Async Source Workers:		  0
[2021.03.22-15.45.24:267][  0]LogAudio: Display: AudioDevice MaxSources: 32
[2021.03.22-15.45.24:267][  0]LogAudio: Display: Using built-in audio occlusion.
[2021.03.22-15.45.24:267][  0]LogAudioMixer: Display: Initializing audio mixer.
[2021.03.22-15.45.24:284][  0]LogAudioMixer: Display: 0: FrontLeft
[2021.03.22-15.45.24:285][  0]LogAudioMixer: Display: 1: FrontRight
[2021.03.22-15.45.24:325][  0]LogAudioMixer: Display: Using Audio Device Speakers (5- Focusrite Usb Audio)
[2021.03.22-15.45.24:327][  0]LogAudioMixer: Display: Initializing Sound Submixes...
[2021.03.22-15.45.24:330][  0]LogAudioMixer: Display: Creating Master Submix 'MasterSubmixDefault'
[2021.03.22-15.45.24:330][  0]LogAudioMixer: Display: Creating Master Submix 'MasterReverbSubmixDefault'
[2021.03.22-15.45.24:332][  0]LogAudioMixer: Display: Creating Master Submix 'MasterEQSubmixDefault'
[2021.03.22-15.45.24:333][  0]LogInit: FAudioDevice initialized.
[2021.03.22-15.45.24:333][  0]LogNetVersion: Set ProjectVersion to 1.0.0.0. Version Checksum will be recalculated on next use.
[2021.03.22-15.45.24:423][  0]LogDerivedDataCache: Saved boot cache 0.09s 76MB C:/Users/cathan/AppData/Local/UnrealEngine/4.25/DerivedDataCache/Boot.ddc.
[2021.03.22-15.45.24:428][  0]LogInit: Texture streaming: Enabled
[2021.03.22-15.45.24:452][  0]LogEngineSessionManager: EngineSessionManager initialized
[2021.03.22-15.45.24:452][  0]LogEngineSessionManager: EngineSessionManager sent abnormal shutdown report. Type=Crashed, SessionId={88E7A667-4315-BF54-B5B2-A094F660FAE9}
[2021.03.22-15.45.24:452][  0]LogEditorSessionSummary: Verbose: Initializing EditorSessionSummaryWriter for editor session tracking
[2021.03.22-15.45.24:454][  0]LogEditorSessionSummary: EditorSessionSummaryWriter initialized
[2021.03.22-15.45.24:543][  0]LogInit: Transaction tracking system initialized
[2021.03.22-15.45.24:569][  0]BlueprintLog: New page: Editor Load
[2021.03.22-15.45.24:654][  0]LocalizationService: Localization service is disabled
[2021.03.22-15.45.24:823][  0]LogCook: Display: Max memory allowance for cook 16384mb min free memory 0mb
[2021.03.22-15.45.24:823][  0]LogCook: Display: Mobile HDR setting 1
[2021.03.22-15.45.25:028][  0]LogFileCache: Scanning file cache for directory 'E:/Github/GEP/GEPProject/Content/' took 0.01s
[2021.03.22-15.45.25:289][  0]SourceControl: Source control is disabled
[2021.03.22-15.45.25:289][  0]LogUnrealEdMisc: Loading editor; pre map load, took 7.996
[2021.03.22-15.45.25:289][  0]Cmd: MAP LOAD FILE="../../../../../Github/GEP/GEPProject/Content/GameLevel.umap" TEMPLATE=0 SHOWPROGRESS=1 FEATURELEVEL=3
[2021.03.22-15.45.25:290][  0]LightingResults: New page: Lighting Build
[2021.03.22-15.45.25:291][  0]LogWorld: UWorld::CleanupWorld for Untitled, bSessionEnded=true, bCleanupResources=true
[2021.03.22-15.45.25:291][  0]LogSlate: InvalidateAllWidgets triggered.  All widgets were invalidated
[2021.03.22-15.45.25:291][  0]MapCheck: New page: Map Check
[2021.03.22-15.45.25:291][  0]LightingResults: New page: Lighting Build
[2021.03.22-15.45.25:304][  0]LogAISub: UAISubsystem::~UAISubsystem EnvQueryManager (00000218B99B3C00), frame # 0
[2021.03.22-15.45.25:304][  0]LogAISub: UAISubsystem::~UAISubsystem AIPerceptionSystem (00000218B99D3240), frame # 0
[2021.03.22-15.45.25:305][  0]LogUObjectHash: Compacting FUObjectHashTables data took   1.10ms
[2021.03.22-15.45.25:690][  0]LogAIModule: Creating AISystem for world GameLevel
[2021.03.22-15.45.25:691][  0]LogAISub: UAISubsystem::UAISubsystem EnvQueryManager (00000218AB323E00), frame # 0
[2021.03.22-15.45.25:691][  0]LogAISub: UAISubsystem::UAISubsystem AIPerceptionSystem (00000218AB35D940), frame # 0
[2021.03.22-15.45.25:704][  0]LogEditorServer: Finished looking for orphan Actors (0.000 secs)
[2021.03.22-15.45.25:723][  0]LogUObjectHash: Compacting FUObjectHashTables data took   1.85ms
[2021.03.22-15.45.25:724][  0]Cmd: MAP CHECKDEP NOCLEARLOG
[2021.03.22-15.45.25:724][  0]MapCheck: Map check complete: 0 Error(s), 0 Warning(s), took 0.212ms to complete.
[2021.03.22-15.45.25:724][  0]LogFileHelpers: Loading map 'GameLevel' took 0.435
[2021.03.22-15.45.25:730][  0]LogUnrealEdMisc: Total Editor Startup Time, took 8.437
[2021.03.22-15.45.25:887][  0]LogSlate: Updating window title bar state: overlay mode, drag disabled, window buttons hidden, title bar hidden
[2021.03.22-15.45.25:896][  0]LogSlate: Updating window title bar state: overlay mode, drag disabled, window buttons hidden, title bar hidden
[2021.03.22-15.45.25:904][  0]LogSlate: Updating window title bar state: overlay mode, drag disabled, window buttons hidden, title bar hidden
[2021.03.22-15.45.25:914][  0]LogSlate: Updating window title bar state: overlay mode, drag disabled, window buttons hidden, title bar hidden
[2021.03.22-15.45.25:922][  0]LogCollectionManager: Loaded 0 collections in 0.001233 seconds
[2021.03.22-15.45.25:941][  0]LogFileCache: Scanning file cache for directory 'E:/Github/GEP/GEPProject/Saved/Collections/' took 0.00s
[2021.03.22-15.45.25:941][  0]LogFileCache: Scanning file cache for directory 'E:/Github/GEP/GEPProject/Content/Developers/cathan/Collections/' took 0.00s
[2021.03.22-15.45.25:941][  0]LogFileCache: Scanning file cache for directory 'E:/Github/GEP/GEPProject/Content/Collections/' took 0.00s
[2021.03.22-15.45.25:941][  0]LogContentBrowser: Native class hierarchy populated in 0.0120 seconds. Added 3467 classes and 834 folders.
[2021.03.22-15.45.25:944][  0]LogContentBrowser: Native class hierarchy updated for 'WidgetCarousel' in 0.0006 seconds. Added 0 classes and 0 folders.
[2021.03.22-15.45.26:033][  0]LogContentBrowser: Native class hierarchy updated for 'AddContentDialog' in 0.0007 seconds. Added 0 classes and 0 folders.
[2021.03.22-15.45.26:055][  0]LogSlate: Took 0.000296 seconds to synchronously load lazily loaded font '../../../Engine/Content/Slate/Fonts/Roboto-Regular.ttf' (155K)
[2021.03.22-15.45.26:061][  0]LogSlate: Took 0.000374 seconds to synchronously load lazily loaded font '../../../Engine/Content/Slate/Fonts/Roboto-Bold.ttf' (160K)
[2021.03.22-15.45.26:064][  0]LogSlate: Took 0.000328 seconds to synchronously load lazily loaded font '../../../Engine/Content/Editor/Slate/Fonts/FontAwesome.ttf' (139K)
[2021.03.22-15.45.26:159][  0]LogRenderer: Reallocating scene render targets to support 1208x572 Format 10 NumSamples 1 (Frame:1).
[2021.03.22-15.45.26:235][  0]LogSlate: Took 0.000315 seconds to synchronously load lazily loaded font '../../../Engine/Content/Slate/Fonts/Roboto-Light.ttf' (167K)
[2021.03.22-15.45.26:302][  0]LogContentBrowser: Native class hierarchy updated for 'HierarchicalLODOutliner' in 0.0006 seconds. Added 0 classes and 0 folders.
[2021.03.22-15.45.26:302][  0]LogLoad: (Engine Initialization) Total time: 9.01 seconds
[2021.03.22-15.45.26:302][  0]LogLoad: (Engine Initialization) Total Blueprint compile time: 0.00 seconds
[2021.03.22-15.45.26:331][  0]LogActor: Warning: BP_TestBlock_C /Engine/Transient.World_0:PersistentLevel.BP_TestBlock_C_0 has natively added scene component(s), but none of them were set as the actor's RootComponent - picking one arbitrarily
[2021.03.22-15.45.26:367][  0]LogAssetRegistry: Asset discovery search completed in 4.3767 seconds
[2021.03.22-15.45.26:372][  0]LogCollectionManager: Fixed up redirectors for 0 collections in 0.000003 seconds (updated 0 objects)
[2021.03.22-15.45.26:374][  0]LogContentStreaming: Texture pool size now 1000 MB
[2021.03.22-15.45.30:376][ 42]LogTemp: Repeating last play command: Selected Viewport
[2021.03.22-15.45.30:402][ 42]LogPlayLevel: PlayLevel: No blueprints needed recompiling
[2021.03.22-15.45.30:402][ 42]PIE: New page: PIE session: GameLevel (22 Mar 2021, 15:45:30)
[2021.03.22-15.45.30:403][ 42]LogOnline: OSS: Creating online subsystem instance for: NULL
[2021.03.22-15.45.30:404][ 42]LogOnline: OSS: TryLoadSubsystemAndSetDefault: Loaded subsystem for module [NULL]
[2021.03.22-15.45.30:404][ 42]LogPlayLevel: Creating play world package: /Game/UEDPIE_0_GameLevel
[2021.03.22-15.45.30:414][ 42]LogPlayLevel: PIE: StaticDuplicateObject took: (0.010007s)
[2021.03.22-15.45.30:415][ 42]LogAIModule: Creating AISystem for world GameLevel
[2021.03.22-15.45.30:415][ 42]LogAISub: UAISubsystem::UAISubsystem EnvQueryManager (00000218EA651A00), frame # 42
[2021.03.22-15.45.30:415][ 42]LogAISub: UAISubsystem::UAISubsystem AIPerceptionSystem (00000218AB2D8180), frame # 42
[2021.03.22-15.45.30:415][ 42]LogPlayLevel: PIE: World Init took: (0.001305s)
[2021.03.22-15.45.30:415][ 42]LogPlayLevel: PIE: Created PIE world by copying editor world from /Game/GameLevel.GameLevel to /Game/UEDPIE_0_GameLevel.GameLevel (0.011494s)
[2021.03.22-15.45.30:428][ 42]LogUObjectHash: Compacting FUObjectHashTables data took   0.65ms
[2021.03.22-15.45.30:432][ 42]LogAudioMixer: Display: Audio Mixer Platform Settings:
[2021.03.22-15.45.30:432][ 42]LogAudioMixer: Display: 	Sample Rate:						  48000
[2021.03.22-15.45.30:432][ 42]LogAudioMixer: Display: 	Callback Buffer Frame Size Requested: 1024
[2021.03.22-15.45.30:432][ 42]LogAudioMixer: Display: 	Callback Buffer Frame Size To Use:	  1024
[2021.03.22-15.45.30:432][ 42]LogAudioMixer: Display: 	Number of buffers to queue:			  2
[2021.03.22-15.45.30:432][ 42]LogAudioMixer: Display: 	Max Channels (voices):				  32
[2021.03.22-15.45.30:432][ 42]LogAudioMixer: Display: 	Number of Async Source Workers:		  0
[2021.03.22-15.45.30:432][ 42]LogAudio: Display: AudioDevice MaxSources: 32
[2021.03.22-15.45.30:433][ 42]LogAudio: Display: Using built-in audio occlusion.
[2021.03.22-15.45.30:433][ 42]LogAudioMixer: Display: Initializing audio mixer.
[2021.03.22-15.45.30:442][ 42]LogAudioMixer: Display: 0: FrontLeft
[2021.03.22-15.45.30:442][ 42]LogAudioMixer: Display: 1: FrontRight
[2021.03.22-15.45.30:458][ 42]LogAudioMixer: Display: Using Audio Device Speakers (5- Focusrite Usb Audio)
[2021.03.22-15.45.30:458][ 42]LogAudioMixer: Display: Initializing Sound Submixes...
[2021.03.22-15.45.30:458][ 42]LogAudioMixer: Display: Creating Master Submix 'MasterSubmixDefault'
[2021.03.22-15.45.30:458][ 42]LogAudioMixer: Display: Creating Master Submix 'MasterReverbSubmixDefault'
[2021.03.22-15.45.30:459][ 42]LogAudioMixer: Display: Creating Master Submix 'MasterEQSubmixDefault'
[2021.03.22-15.45.30:471][ 42]LogInit: FAudioDevice initialized.
[2021.03.22-15.45.30:489][ 42]LogLoad: Game class is 'BP_GEPGamemode_C'
[2021.03.22-15.45.30:489][ 42]LogActor: Warning: BP_GEPGamemode_C /Game/UEDPIE_0_GameLevel.GameLevel:PersistentLevel.BP_GEPGamemode_C_0 has natively added scene component(s), but none of them were set as the actor's RootComponent - picking one arbitrarily
[2021.03.22-15.45.30:492][ 42]LogWorld: Bringing World /Game/UEDPIE_0_GameLevel.GameLevel up for play (max tick rate 0) at 2021.03.22-15.45.30
[2021.03.22-15.45.30:492][ 42]LogWorld: Bringing up level for play took: 0.001920
[2021.03.22-15.45.30:493][ 42]LogOnline: OSS: Creating online subsystem instance for: :Context_2
[2021.03.22-15.45.30:495][ 42]LogOutputDevice: Warning: 

Script Stack (2 frames):
GEPProjectCharacter.Init
GEPPlayerController.Init

[2021.03.22-15.45.30:962][ 42]LogStats: FPlatformStackWalk::StackWalkAndDump -  0.467 s
[2021.03.22-15.45.30:962][ 42]LogOutputDevice: Error: === Handled ensure: ===
[2021.03.22-15.45.30:962][ 42]LogOutputDevice: Error: 
[2021.03.22-15.45.30:962][ 42]LogOutputDevice: Error: Ensure condition failed: ActorHasBegunPlay == EActorBeginPlayState::BeginningPlay [File:D:/Build/++UE4/Sync/Engine/Source/Runtime/Engine/Private/Actor.cpp] [Line: 3421]
[2021.03.22-15.45.30:962][ 42]LogOutputDevice: Error: BeginPlay was called on actor /Game/UEDPIE_0_GameLevel.GameLevel:PersistentLevel.BP_GEPCharacter_C_0 which was in state 0
[2021.03.22-15.45.30:963][ 42]LogOutputDevice: Error: Stack: 
[2021.03.22-15.45.30:963][ 42]LogOutputDevice: Error: [Callstack] 0x00007ffd9fddc730 UE4Editor-Engine.dll!UnknownFunction []
[2021.03.22-15.45.30:963][ 42]LogOutputDevice: Error: [Callstack] 0x00007ffd9e564aa1 UE4Editor-Engine.dll!UnknownFunction []
[2021.03.22-15.45.30:963][ 42]LogOutputDevice: Error: [Callstack] 0x00007ffdadac0b34 UE4Editor-CoreUObject.dll!UnknownFunction []
[2021.03.22-15.45.30:963][ 42]LogOutputDevice: Error: [Callstack] 0x00007ffdadd34753 UE4Editor-CoreUObject.dll!UnknownFunction []
[2021.03.22-15.45.30:963][ 42]LogOutputDevice: Error: [Callstack] 0x00007ffd9e59afe5 UE4Editor-Engine.dll!UnknownFunction []
[2021.03.22-15.45.30:963][ 42]LogOutputDevice: Error: [Callstack] 0x00007ffd8a4f4df3 UE4Editor-GEPProject.dll!AGEPPlayerController::Init_Implementation() [E:\Github\GEP\GEPProject\Source\GEPProject\Player\GEPPlayerController.cpp:46]
[2021.03.22-15.45.30:963][ 42]LogOutputDevice: Error: [Callstack] 0x00007ffdadac0b34 UE4Editor-CoreUObject.dll!UnknownFunction []
[2021.03.22-15.45.30:963][ 42]LogOutputDevice: Error: [Callstack] 0x00007ffdadd34753 UE4Editor-CoreUObject.dll!UnknownFunction []
[2021.03.22-15.45.30:963][ 42]LogOutputDevice: Error: [Callstack] 0x00007ffd9e59afe5 UE4Editor-Engine.dll!UnknownFunction []
[2021.03.22-15.45.30:963][ 42]LogOutputDevice: Error: [Callstack] 0x00007ffd8a4e7b4b UE4Editor-GEPProject.dll!AGEPProjectGameMode::PostLogin() [E:\Github\GEP\GEPProject\Source\GEPProject\GEPProjectGameMode.cpp:43]
[2021.03.22-15.45.30:963][ 42]LogOutputDevice: Error: [Callstack] 0x00007ffd9ee25099 UE4Editor-Engine.dll!UnknownFunction []
[2021.03.22-15.45.30:963][ 42]LogOutputDevice: Error: [Callstack] 0x00007ffd9ee74f9d UE4Editor-Engine.dll!UnknownFunction []
[2021.03.22-15.45.30:963][ 42]LogOutputDevice: Error: [Callstack] 0x00007ffd9ec743b9 UE4Editor-Engine.dll!UnknownFunction []
[2021.03.22-15.45.30:963][ 42]LogOutputDevice: Error: [Callstack] 0x00007ffd9d41595c UE4Editor-UnrealEd.dll!UnknownFunction []
[2021.03.22-15.45.30:963][ 42]LogOutputDevice: Error: [Callstack] 0x00007ffd9d43682c UE4Editor-UnrealEd.dll!UnknownFunction []
[2021.03.22-15.45.30:963][ 42]LogOutputDevice: Error: [Callstack] 0x00007ffd9d416899 UE4Editor-UnrealEd.dll!UnknownFunction []
[2021.03.22-15.45.30:963][ 42]LogOutputDevice: Error: [Callstack] 0x00007ffd9d4523da UE4Editor-UnrealEd.dll!UnknownFunction []
[2021.03.22-15.45.30:963][ 42]LogOutputDevice: Error: [Callstack] 0x00007ffd9d45569d UE4Editor-UnrealEd.dll!UnknownFunction []
[2021.03.22-15.45.30:963][ 42]LogOutputDevice: Error: [Callstack] 0x00007ffd9d455078 UE4Editor-UnrealEd.dll!UnknownFunction []
[2021.03.22-15.45.30:963][ 42]LogOutputDevice: Error: [Callstack] 0x00007ffd9ceda854 UE4Editor-UnrealEd.dll!UnknownFunction []
[2021.03.22-15.45.30:963][ 42]LogOutputDevice: Error: [Callstack] 0x00007ffd9d7b37e6 UE4Editor-UnrealEd.dll!UnknownFunction []
[2021.03.22-15.45.30:963][ 42]LogOutputDevice: Error: [Callstack] 0x00007ff68ad27800 UE4Editor.exe!UnknownFunction []
[2021.03.22-15.45.30:963][ 42]LogOutputDevice: Error: [Callstack] 0x00007ff68ad3ba7c UE4Editor.exe!UnknownFunction []
[2021.03.22-15.45.30:963][ 42]LogOutputDevice: Error: [Callstack] 0x00007ff68ad3bb5a UE4Editor.exe!UnknownFunction []
[2021.03.22-15.45.30:963][ 42]LogOutputDevice: Error: [Callstack] 0x00007ff68ad4e31d UE4Editor.exe!UnknownFunction []
[2021.03.22-15.45.30:963][ 42]LogOutputDevice: Error: [Callstack] 0x00007ff68ad5145a UE4Editor.exe!UnknownFunction []
[2021.03.22-15.45.30:963][ 42]LogOutputDevice: Error: [Callstack] 0x00007ffe66856fd4 KERNEL32.DLL!UnknownFunction []
[2021.03.22-15.45.30:963][ 42]LogOutputDevice: Error: [Callstack] 0x00007ffe6785cec1 ntdll.dll!UnknownFunction []
[2021.03.22-15.45.30:963][ 42]LogOutputDevice: Error: 
[2021.03.22-15.45.30:963][ 42]LogStats:                SubmitErrorReport -  0.000 s
[2021.03.22-15.45.32:728][ 42]LogStats:                    SendNewReport -  1.765 s
[2021.03.22-15.45.32:728][ 42]LogStats:             FDebug::EnsureFailed -  2.233 s
[2021.03.22-15.45.32:730][ 42]LogContentBrowser: Native class hierarchy updated for 'MovieSceneCapture' in 0.0007 seconds. Added 20 classes and 0 folders.
[2021.03.22-15.45.32:735][ 42]PIE: Server logged in
[2021.03.22-15.45.32:737][ 42]PIE: Play in editor total start time 2.336 seconds.
[2021.03.22-15.45.33:225][ 86]LogParticles: Warning: GameplayStatics::SpawnEmitterAtLocation spawned potentially immortal particle system! /Game/UEDPIE_0_GameLevel.GameLevel:PersistentLevel.WorldSettings_1.ParticleSystemComponent_0 (/Game/Particles/P_MuzzleFlash.P_MuzzleFlash) may stay in world despite never spawning particles after burst spawning is over.
[2021.03.22-15.45.33:225][ 86]LogParticles: Warning: GameplayStatics::SpawnEmitterAtLocation spawned potentially immortal particle system! /Game/UEDPIE_0_GameLevel.GameLevel:PersistentLevel.WorldSettings_1.ParticleSystemComponent_1 (/Game/Particles/P_HitParticle.P_HitParticle) may stay in world despite never spawning particles after burst spawning is over.
[2021.03.22-15.45.33:377][103]LogActor: Warning: BP_DefaultEnemyLvl2_C /Game/UEDPIE_0_GameLevel.GameLevel:PersistentLevel.BP_DefaultEnemyLvl2_C_0 has natively added scene component(s), but none of them were set as the actor's RootComponent - picking one arbitrarily
[2021.03.22-15.45.33:678][139]LogActor: Warning: BP_DefaultEnemy_C /Game/UEDPIE_0_GameLevel.GameLevel:PersistentLevel.BP_DefaultEnemy_C_0 has natively added scene component(s), but none of them were set as the actor's RootComponent - picking one arbitrarily
[2021.03.22-15.45.33:979][175]LogActor: Warning: BP_DefaultEnemy_C /Game/UEDPIE_0_GameLevel.GameLevel:PersistentLevel.BP_DefaultEnemy_C_1 has natively added scene component(s), but none of them were set as the actor's RootComponent - picking one arbitrarily
[2021.03.22-15.45.34:138][194]LogParticles: Warning: GameplayStatics::SpawnEmitterAtLocation spawned potentially immortal particle system! /Game/UEDPIE_0_GameLevel.GameLevel:PersistentLevel.WorldSettings_1.ParticleSystemComponent_2 (/Game/Particles/P_MuzzleFlash.P_MuzzleFlash) may stay in world despite never spawning particles after burst spawning is over.
[2021.03.22-15.45.34:138][194]LogParticles: Warning: GameplayStatics::SpawnEmitterAtLocation spawned potentially immortal particle system! /Game/UEDPIE_0_GameLevel.GameLevel:PersistentLevel.WorldSettings_1.ParticleSystemComponent_3 (/Game/Particles/P_HitParticle.P_HitParticle) may stay in world despite never spawning particles after burst spawning is over.
[2021.03.22-15.45.34:282][211]LogActor: Warning: BP_MrStrongBox_C /Game/UEDPIE_0_GameLevel.GameLevel:PersistentLevel.BP_MrStrongBox_C_0 has natively added scene component(s), but none of them were set as the actor's RootComponent - picking one arbitrarily
[2021.03.22-15.45.34:434][229]LogParticles: Warning: GameplayStatics::SpawnEmitterAtLocation spawned potentially immortal particle system! /Game/UEDPIE_0_GameLevel.GameLevel:PersistentLevel.WorldSettings_1.ParticleSystemComponent_4 (/Game/Particles/P_MuzzleFlash.P_MuzzleFlash) may stay in world despite never spawning particles after burst spawning is over.
[2021.03.22-15.45.34:434][229]LogParticles: Warning: GameplayStatics::SpawnEmitterAtLocation spawned potentially immortal particle system! /Game/UEDPIE_0_GameLevel.GameLevel:PersistentLevel.WorldSettings_1.ParticleSystemComponent_5 (/Game/Particles/P_HitParticle.P_HitParticle) may stay in world despite never spawning particles after burst spawning is over.
[2021.03.22-15.45.34:585][247]LogActor: Warning: BP_DefaultEnemy_C /Game/UEDPIE_0_GameLevel.GameLevel:PersistentLevel.BP_DefaultEnemy_C_2 has natively added scene component(s), but none of them were set as the actor's RootComponent - picking one arbitrarily
[2021.03.22-15.45.34:728][264]LogParticles: Warning: GameplayStatics::SpawnEmitterAtLocation spawned potentially immortal particle system! /Game/UEDPIE_0_GameLevel.GameLevel:PersistentLevel.WorldSettings_1.ParticleSystemComponent_6 (/Game/Particles/P_MuzzleFlash.P_MuzzleFlash) may stay in world despite never spawning particles after burst spawning is over.
[2021.03.22-15.45.34:728][264]LogParticles: Warning: GameplayStatics::SpawnEmitterAtLocation spawned potentially immortal particle system! /Game/UEDPIE_0_GameLevel.GameLevel:PersistentLevel.WorldSettings_1.ParticleSystemComponent_7 (/Game/Particles/P_HitParticle.P_HitParticle) may stay in world despite never spawning particles after burst spawning is over.
[2021.03.22-15.45.34:885][283]LogActor: Warning: BP_MrStrongBox_C /Game/UEDPIE_0_GameLevel.GameLevel:PersistentLevel.BP_MrStrongBox_C_1 has natively added scene component(s), but none of them were set as the actor's RootComponent - picking one arbitrarily
[2021.03.22-15.45.35:016][294]LogSlate: Updating window title bar state: overlay mode, drag disabled, window buttons hidden, title bar hidden
[2021.03.22-15.45.35:016][294]LogWorld: BeginTearingDown for /Game/UEDPIE_0_GameLevel
[2021.03.22-15.45.35:017][294]LogWorld: UWorld::CleanupWorld for GameLevel, bSessionEnded=true, bCleanupResources=true
[2021.03.22-15.45.35:018][294]LogSlate: InvalidateAllWidgets triggered.  All widgets were invalidated
[2021.03.22-15.45.35:025][294]LogPlayLevel: Display: Shutting down PIE online subsystems
[2021.03.22-15.45.35:027][294]LogSlate: InvalidateAllWidgets triggered.  All widgets were invalidated
[2021.03.22-15.45.35:042][294]LogSlate: Updating window title bar state: overlay mode, drag disabled, window buttons hidden, title bar hidden
[2021.03.22-15.45.35:059][294]LogAISub: UAISubsystem::~UAISubsystem AIPerceptionSystem (00000218AB2D8180), frame # 294
[2021.03.22-15.45.35:060][294]LogAISub: UAISubsystem::~UAISubsystem EnvQueryManager (00000218EA651A00), frame # 294
[2021.03.22-15.45.35:063][294]LogUObjectHash: Compacting FUObjectHashTables data took   0.77ms
[2021.03.22-15.45.35:108][295]LogPlayLevel: Display: Destroying online subsystem :Context_2
[2021.03.22-15.45.58:309][549]Candidate modules for hot reload:
[2021.03.22-15.45.58:309][549]  GEPProject
[2021.03.22-15.45.58:310][549]Launching UnrealBuildTool... [E:/epk/UE_4.25/Engine/Binaries/DotNET/UnrealBuildTool.exe  -ModuleWithSuffix=GEPProject,2693 GEPProjectEditor Win64 Development -Project="E:/Github/GEP/GEPProject/GEPProject.uproject" "E:/Github/GEP/GEPProject/GEPProject.uproject"  -IgnoreJunk]
[2021.03.22-15.45.58:313][549]Warning: Starting HotReload took  0.0s.
[2021.03.22-15.46.01:736][917]CompilerResultsLog: New page: Compilation - 22 Mar 2021, 15:46:01
[2021.03.22-15.46.01:737][917]CompilerResultsLog: Using 'git status' to determine working set for adaptive non-unity build (E:\Github\GEP).
[2021.03.22-15.46.01:737][917]CompilerResultsLog: Building GEPProjectEditor...
[2021.03.22-15.46.01:737][917]CompilerResultsLog: Using Visual Studio 2019 14.24.28316 toolchain (C:\Program Files (x86)\Microsoft Visual Studio\2019\Community\VC\Tools\MSVC\14.24.28314) and Windows 10.0.18362.0 SDK (C:\Program Files (x86)\Windows Kits\10).
[2021.03.22-15.46.01:737][917]CompilerResultsLog: [Adaptive unity build] Excluded from GEPProject unity file: PlayerEnergyComponent.cpp, GEPProjectGameMode.cpp, GetWeaponBase.cpp, GEPProjectCharacter.cpp, UpgradeSystem.cpp, Weapon_Base.cpp, Weapon_Hitscan.cpp, Weapon_Projectile.cpp, Weapon_Shotgun.cpp
[2021.03.22-15.46.01:737][917]CompilerResultsLog: [Adaptive unity build] Excluded from GEPProject.gen unity file: EUpgradeTypes.gen.cpp, EventSystem.gen.cpp, GEPProject.init.gen.cpp, GEPProjectCharacter.gen.cpp, GEPProjectGameMode.gen.cpp, GEPSaveGame.gen.cpp, GetWeaponBase.gen.cpp, PlayerEnergyComponent.gen.cpp, Upgrade.gen.cpp, Weapon_Base.gen.cpp, Weapon_Hitscan.gen.cpp, Weapon_Hitscan_Auto.gen.cpp, Weapon_Hitscan_Charge.gen.cpp, Weapon_Projectile.gen.cpp, Weapon_Shotgun.gen.cpp
[2021.03.22-15.46.01:737][917]CompilerResultsLog: Building 4 actions with 16 processes...
[2021.03.22-15.46.01:737][917]CompilerResultsLog:   [1/4] Weapon_Hitscan.cpp
[2021.03.22-15.46.01:737][917]CompilerResultsLog:   [2/4] UE4Editor-GEPProject-2693.lib
[2021.03.22-15.46.01:737][917]CompilerResultsLog:      Creating library E:\Github\GEP\GEPProject\Intermediate\Build\Win64\UE4Editor\Development\GEPProject\UE4Editor-GEPProject-2693.lib and object E:\Github\GEP\GEPProject\Intermediate\Build\Win64\UE4Editor\Development\GEPProject\UE4Editor-GEPProject-2693.exp
[2021.03.22-15.46.01:737][917]CompilerResultsLog:   [3/4] UE4Editor-GEPProject-2693.dll
[2021.03.22-15.46.01:737][917]CompilerResultsLog:      Creating library E:\Github\GEP\GEPProject\Intermediate\Build\Win64\UE4Editor\Development\GEPProject\UE4Editor-GEPProject-2693.suppressed.lib and object E:\Github\GEP\GEPProject\Intermediate\Build\Win64\UE4Editor\Development\GEPProject\UE4Editor-GEPProject-2693.suppressed.exp
[2021.03.22-15.46.01:737][917]CompilerResultsLog:   [4/4] GEPProjectEditor.target
[2021.03.22-15.46.01:737][917]CompilerResultsLog: Total time in Parallel executor: 2.39 seconds
[2021.03.22-15.46.01:737][917]CompilerResultsLog: Total execution time: 3.28 seconds
[2021.03.22-15.46.01:737][917]LogMainFrame: MainFrame: Module compiling took 3.434 seconds
[2021.03.22-15.46.01:789][917]LogClass: EUpgradeValueTypes HotReload.
[2021.03.22-15.46.01:789][917]LogClass: EUpgradeTypes HotReload.
[2021.03.22-15.46.01:789][917]LogClass: Upgrade HotReload.
[2021.03.22-15.46.01:808][917]LogContentBrowser: Native class hierarchy updated for 'GEPProject' in 0.0010 seconds. Added 36 classes and 9 folders.
[2021.03.22-15.46.01:810][917]Display: HotReload successful (101 functions remapped  1 scriptstructs remapped)
[2021.03.22-15.46.01:862][917]LogContentBrowser: Native class hierarchy populated in 0.0109 seconds. Added 3467 classes and 834 folders.
[2021.03.22-15.46.01:863][917]Display: HotReload took  3.6s.
[2021.03.22-15.46.03:169][ 70]LogTemp: Repeating last play command: Selected Viewport
[2021.03.22-15.46.03:200][ 70]LogPlayLevel: PlayLevel: No blueprints needed recompiling
[2021.03.22-15.46.03:200][ 70]PIE: New page: PIE session: GameLevel (22 Mar 2021, 15:46:03)
[2021.03.22-15.46.03:223][ 70]LogPlayLevel: Creating play world package: /Game/UEDPIE_0_GameLevel
[2021.03.22-15.46.03:233][ 70]LogPlayLevel: PIE: StaticDuplicateObject took: (0.009372s)
[2021.03.22-15.46.03:234][ 70]LogAIModule: Creating AISystem for world GameLevel
[2021.03.22-15.46.03:234][ 70]LogAISub: UAISubsystem::UAISubsystem EnvQueryManager (00000218C500BC00), frame # 1070
[2021.03.22-15.46.03:234][ 70]LogAISub: UAISubsystem::UAISubsystem AIPerceptionSystem (00000218EA448A40), frame # 1070
[2021.03.22-15.46.03:234][ 70]LogPlayLevel: PIE: World Init took: (0.001128s)
[2021.03.22-15.46.03:234][ 70]LogPlayLevel: PIE: Created PIE world by copying editor world from /Game/GameLevel.GameLevel to /Game/UEDPIE_0_GameLevel.GameLevel (0.010678s)
[2021.03.22-15.46.03:247][ 70]LogUObjectHash: Compacting FUObjectHashTables data took   0.70ms
[2021.03.22-15.46.03:249][ 70]LogAudioMixer: Display: Audio Mixer Platform Settings:
[2021.03.22-15.46.03:249][ 70]LogAudioMixer: Display: 	Sample Rate:						  48000
[2021.03.22-15.46.03:249][ 70]LogAudioMixer: Display: 	Callback Buffer Frame Size Requested: 1024
[2021.03.22-15.46.03:249][ 70]LogAudioMixer: Display: 	Callback Buffer Frame Size To Use:	  1024
[2021.03.22-15.46.03:249][ 70]LogAudioMixer: Display: 	Number of buffers to queue:			  2
[2021.03.22-15.46.03:249][ 70]LogAudioMixer: Display: 	Max Channels (voices):				  32
[2021.03.22-15.46.03:249][ 70]LogAudioMixer: Display: 	Number of Async Source Workers:		  0
[2021.03.22-15.46.03:249][ 70]LogAudio: Display: AudioDevice MaxSources: 32
[2021.03.22-15.46.03:250][ 70]LogAudio: Display: Using built-in audio occlusion.
[2021.03.22-15.46.03:250][ 70]LogAudioMixer: Display: Initializing audio mixer.
[2021.03.22-15.46.03:258][ 70]LogAudioMixer: Display: 0: FrontLeft
[2021.03.22-15.46.03:258][ 70]LogAudioMixer: Display: 1: FrontRight
[2021.03.22-15.46.03:275][ 70]LogAudioMixer: Display: Using Audio Device Speakers (5- Focusrite Usb Audio)
[2021.03.22-15.46.03:275][ 70]LogAudioMixer: Display: Initializing Sound Submixes...
[2021.03.22-15.46.03:275][ 70]LogAudioMixer: Display: Creating Master Submix 'MasterSubmixDefault'
[2021.03.22-15.46.03:275][ 70]LogAudioMixer: Display: Creating Master Submix 'MasterReverbSubmixDefault'
[2021.03.22-15.46.03:276][ 70]LogAudioMixer: Display: Creating Master Submix 'MasterEQSubmixDefault'
[2021.03.22-15.46.03:287][ 70]LogInit: FAudioDevice initialized.
[2021.03.22-15.46.03:294][ 70]LogLoad: Game class is 'BP_GEPGamemode_C'
[2021.03.22-15.46.03:294][ 70]LogActor: Warning: BP_GEPGamemode_C /Game/UEDPIE_0_GameLevel.GameLevel:PersistentLevel.BP_GEPGamemode_C_0 has natively added scene component(s), but none of them were set as the actor's RootComponent - picking one arbitrarily
[2021.03.22-15.46.03:296][ 70]LogWorld: Bringing World /Game/UEDPIE_0_GameLevel.GameLevel up for play (max tick rate 0) at 2021.03.22-15.46.03
[2021.03.22-15.46.03:296][ 70]LogWorld: Bringing up level for play took: 0.001965
[2021.03.22-15.46.03:297][ 70]LogOnline: OSS: Creating online subsystem instance for: :Context_3
[2021.03.22-15.46.03:303][ 70]PIE: Server logged in
[2021.03.22-15.46.03:304][ 70]PIE: Play in editor total start time 0.107 seconds.
[2021.03.22-15.46.03:666][111]LogParticles: Warning: GameplayStatics::SpawnEmitterAtLocation spawned potentially immortal particle system! /Game/UEDPIE_0_GameLevel.GameLevel:PersistentLevel.WorldSettings_1.ParticleSystemComponent_0 (/Game/Particles/P_MuzzleFlash.P_MuzzleFlash) may stay in world despite never spawning particles after burst spawning is over.
[2021.03.22-15.46.03:666][111]LogParticles: Warning: GameplayStatics::SpawnEmitterAtLocation spawned potentially immortal particle system! /Game/UEDPIE_0_GameLevel.GameLevel:PersistentLevel.WorldSettings_1.ParticleSystemComponent_1 (/Game/Particles/P_HitParticle.P_HitParticle) may stay in world despite never spawning particles after burst spawning is over.
[2021.03.22-15.46.05:610][111]LogWindows: Error: === Critical error: ===
[2021.03.22-15.46.05:610][111]LogWindows: Error: 
[2021.03.22-15.46.05:610][111]LogWindows: Error: Unhandled Exception: EXCEPTION_ACCESS_VIOLATION reading address 0x000000c0
[2021.03.22-15.46.05:610][111]LogWindows: Error: 
[2021.03.22-15.46.05:610][111]LogWindows: Error: [Callstack] 0x00007ffd8b1a4e90 UE4Editor-GEPProject-2693.dll!TMulticastScriptDelegate<FWeakObjectPtr>::ProcessMulticastDelegate<UObject>() [E:\epk\UE_4.25\Engine\Source\Runtime\Core\Public\UObject\ScriptDelegates.h:481]
[2021.03.22-15.46.05:610][111]LogWindows: Error: [Callstack] 0x00007ffd8b1a6492 UE4Editor-GEPProject-2693.dll!UPlayerEnergyComponent::UseEnergy() [E:\Github\GEP\GEPProject\Source\GEPProject\Component\PlayerEnergyComponent.cpp:18]
[2021.03.22-15.46.05:610][111]LogWindows: Error: [Callstack] 0x00007ffd8b1badf2 UE4Editor-GEPProject-2693.dll!AGEPProjectCharacter::execUseEnergy() [E:\Github\GEP\GEPProject\Intermediate\Build\Win64\UE4Editor\Inc\GEPProject\GEPProjectCharacter.gen.cpp:262]
[2021.03.22-15.46.05:610][111]LogWindows: Error: [Callstack] 0x00007ffdadac0b34 UE4Editor-CoreUObject.dll!UnknownFunction []
[2021.03.22-15.46.05:610][111]LogWindows: Error: [Callstack] 0x00007ffdadd34753 UE4Editor-CoreUObject.dll!UnknownFunction []
[2021.03.22-15.46.05:610][111]LogWindows: Error: [Callstack] 0x00007ffd9e59afe5 UE4Editor-Engine.dll!UnknownFunction []
[2021.03.22-15.46.05:610][111]LogWindows: Error: [Callstack] 0x00007ffd8b1a505b UE4Editor-GEPProject-2693.dll!TMulticastScriptDelegate<FWeakObjectPtr>::ProcessMulticastDelegate<UObject>() [E:\epk\UE_4.25\Engine\Source\Runtime\Core\Public\UObject\ScriptDelegates.h:488]
[2021.03.22-15.46.05:610][111]LogWindows: Error: [Callstack] 0x00007ffd8b1acd59 UE4Editor-GEPProject-2693.dll!AWeapon_Hitscan::Shoot() [E:\Github\GEP\GEPProject\Source\GEPProject\Weapons\Weapon_Hitscan.cpp:70]
[2021.03.22-15.46.05:610][111]LogWindows: Error: [Callstack] 0x00007ffd8b1ac8e4 UE4Editor-GEPProject-2693.dll!AWeapon_Hitscan::Fire_Implementation() [E:\Github\GEP\GEPProject\Source\GEPProject\Weapons\Weapon_Hitscan.cpp:25]
[2021.03.22-15.46.05:610][111]LogWindows: Error: [Callstack] 0x00007ffd8b1bc9ea UE4Editor-GEPProject-2693.dll!AWeapon_Base::execFire() [E:\Github\GEP\GEPProject\Intermediate\Build\Win64\UE4Editor\Inc\GEPProject\Weapon_Base.gen.cpp:71]
[2021.03.22-15.46.05:610][111]LogWindows: Error: [Callstack] 0x00007ffdadac0b34 UE4Editor-CoreUObject.dll!UnknownFunction []
[2021.03.22-15.46.05:610][111]LogWindows: Error: [Callstack] 0x00007ffdadd34753 UE4Editor-CoreUObject.dll!UnknownFunction []
[2021.03.22-15.46.05:610][111]LogWindows: Error: [Callstack] 0x00007ffd9e59afe5 UE4Editor-Engine.dll!UnknownFunction []
[2021.03.22-15.46.05:610][111]LogWindows: Error: [Callstack] 0x00007ffd8b1c0c87 UE4Editor-GEPProject-2693.dll!IFireable::Execute_Fire() [E:\Github\GEP\GEPProject\Intermediate\Build\Win64\UE4Editor\Inc\GEPProject\Fireable.gen.cpp:151]
[2021.03.22-15.46.05:610][111]LogWindows: Error: [Callstack] 0x00007ffdadac0b34 UE4Editor-CoreUObject.dll!UnknownFunction []
[2021.03.22-15.46.05:610][111]LogWindows: Error: [Callstack] 0x00007ffdadd34753 UE4Editor-CoreUObject.dll!UnknownFunction []
[2021.03.22-15.46.05:611][111]LogWindows: Error: [Callstack] 0x00007ffd9e59afe5 UE4Editor-Engine.dll!UnknownFunction []
[2021.03.22-15.46.05:611][111]LogWindows: Error: [Callstack] 0x00007ffd9f7591fa UE4Editor-Engine.dll!UnknownFunction []
[2021.03.22-15.46.05:611][111]LogWindows: Error: [Callstack] 0x00007ffd9f78514e UE4Editor-Engine.dll!UnknownFunction []
[2021.03.22-15.46.05:611][111]LogWindows: Error: [Callstack] 0x00007ffd9f28b988 UE4Editor-Engine.dll!UnknownFunction []
[2021.03.22-15.46.05:611][111]LogWindows: Error: [Callstack] 0x00007ffd9f29f1b4 UE4Editor-Engine.dll!UnknownFunction []
[2021.03.22-15.46.05:611][111]LogWindows: Error: [Callstack] 0x00007ffd9f289a1b UE4Editor-Engine.dll!UnknownFunction []
[2021.03.22-15.46.05:611][111]LogWindows: Error: [Callstack] 0x00007ffd9f29d681 UE4Editor-Engine.dll!UnknownFunction []
[2021.03.22-15.46.05:611][111]LogWindows: Error: [Callstack] 0x00007ffd9e579f84 UE4Editor-Engine.dll!UnknownFunction []
[2021.03.22-15.46.05:611][111]LogWindows: Error: [Callstack] 0x00007ffd9f63936f UE4Editor-Engine.dll!UnknownFunction []
[2021.03.22-15.46.05:611][111]LogWindows: Error: [Callstack] 0x00007ffd9f63e3c7 UE4Editor-Engine.dll!UnknownFunction []
[2021.03.22-15.46.05:611][111]LogWindows: Error: [Callstack] 0x00007ffda1a687d8 UE4Editor-Core.dll!UnknownFunction []
[2021.03.22-15.46.05:611][111]LogWindows: Error: [Callstack] 0x00007ffda1a68aa3 UE4Editor-Core.dll!UnknownFunction []
[2021.03.22-15.46.05:611][111]LogWindows: Error: [Callstack] 0x00007ffda1a7f027 UE4Editor-Core.dll!UnknownFunction []
[2021.03.22-15.46.05:611][111]LogWindows: Error: [Callstack] 0x00007ffd9f65a402 UE4Editor-Engine.dll!UnknownFunction []
[2021.03.22-15.46.05:611][111]LogWindows: Error: [Callstack] 0x00007ffd9f65f6ca UE4Editor-Engine.dll!UnknownFunction []
[2021.03.22-15.46.05:611][111]LogWindows: Error: [Callstack] 0x00007ffd9ee1d0bf UE4Editor-Engine.dll!UnknownFunction []
[2021.03.22-15.46.05:611][111]LogWindows: Error: [Callstack] 0x00007ffd9ee27957 UE4Editor-Engine.dll!UnknownFunction []
[2021.03.22-15.46.05:611][111]LogWindows: Error: [Callstack] 0x00007ffd9cedaf57 UE4Editor-UnrealEd.dll!UnknownFunction []
[2021.03.22-15.46.05:611][111]LogWindows: Error: [Callstack] 0x00007ffd9d7b37e6 UE4Editor-UnrealEd.dll!UnknownFunction []
[2021.03.22-15.46.05:611][111]LogWindows: Error: [Callstack] 0x00007ff68ad27800 UE4Editor.exe!UnknownFunction []
[2021.03.22-15.46.05:611][111]LogWindows: Error: [Callstack] 0x00007ff68ad3ba7c UE4Editor.exe!UnknownFunction []
[2021.03.22-15.46.05:611][111]LogWindows: Error: [Callstack] 0x00007ff68ad3bb5a UE4Editor.exe!UnknownFunction []
[2021.03.22-15.46.05:611][111]LogWindows: Error: [Callstack] 0x00007ff68ad4e31d UE4Editor.exe!UnknownFunction []
[2021.03.22-15.46.05:611][111]LogWindows: Error: [Callstack] 0x00007ff68ad5145a UE4Editor.exe!UnknownFunction []
[2021.03.22-15.46.05:611][111]LogWindows: Error: [Callstack] 0x00007ffe66856fd4 KERNEL32.DLL!UnknownFunction []
[2021.03.22-15.46.05:611][111]LogWindows: Error: [Callstack] 0x00007ffe6785cec1 ntdll.dll!UnknownFunction []
[2021.03.22-15.46.05:611][111]LogWindows: Error: 
[2021.03.22-15.46.05:627][111]LogExit: Executing StaticShutdownAfterError
[2021.03.22-15.46.05:629][111]LogWindows: FPlatformMisc::RequestExit(1)
[2021.03.22-15.46.05:629][111]LogCore: Engine exit requested (reason: Win RequestExit)
[2021.03.22-15.46.05:640][111]Log file closed, 03/22/21 15:46:05
