Log file open, 03/24/21 17:28:02
LogInit: Display: Running engine for game: GEPProject
LogPlatformFile: Not using cached read wrapper
LogTaskGraph: Started task graph with 5 named threads and 47 total threads with 3 sets of task threads.
LogStats: Stats thread started at 0.305168
LogD3D11RHI: Loaded GFSDK_Aftermath_Lib.x64.dll
LogICUInternationalization: ICU TimeZone Detection - Raw Offset: +0:00, Platform Override: ''
LogPluginManager: Mounting plugin Paper2D
LogPluginManager: Mounting plugin AISupport
LogPluginManager: Mounting plugin LightPropagationVolume
LogPluginManager: Mounting plugin CameraShakePreviewer
LogPluginManager: Mounting plugin ActorLayerUtilities
LogPluginManager: Mounting plugin AnimationSharing
LogPluginManager: Mounting plugin CLionSourceCodeAccess
LogPluginManager: Mounting plugin CodeLiteSourceCodeAccess
LogPluginManager: Mounting plugin GitSourceControl
LogPluginManager: Mounting plugin KDevelopSourceCodeAccess
LogPluginManager: Mounting plugin NullSourceCodeAccess
LogPluginManager: Mounting plugin PerforceSourceControl
LogPluginManager: Mounting plugin PlasticSourceControl
LogPluginManager: Mounting plugin RiderLink
LogPluginManager: Mounting plugin RiderSourceCodeAccess
LogPluginManager: Mounting plugin SubversionSourceControl
LogPluginManager: Mounting plugin UObjectPlugin
LogPluginManager: Mounting plugin VisualStudioCodeSourceCodeAccess
LogPluginManager: Mounting plugin VisualStudioSourceCodeAccess
LogPluginManager: Mounting plugin XCodeSourceCodeAccess
LogPluginManager: Mounting plugin AssetManagerEditor
LogPluginManager: Mounting plugin CryptoKeys
LogPluginManager: Mounting plugin CurveEditorTools
LogPluginManager: Mounting plugin DataValidation
LogPluginManager: Mounting plugin EditorScriptingUtilities
LogPluginManager: Mounting plugin FacialAnimation
LogPluginManager: Mounting plugin GameplayTagsEditor
LogPluginManager: Mounting plugin GeometryMode
LogPluginManager: Mounting plugin MacGraphicsSwitching
LogPluginManager: Mounting plugin MaterialAnalyzer
LogPluginManager: Mounting plugin MobileLauncherProfileWizard
LogPluginManager: Mounting plugin PluginBrowser
LogPluginManager: Mounting plugin SpeedTreeImporter
LogPluginManager: Mounting plugin DatasmithContent
LogPluginManager: Mounting plugin VariantManagerContent
LogPluginManager: Mounting plugin AlembicImporter
LogPluginManager: Mounting plugin AutomationUtils
LogPluginManager: Mounting plugin BackChannel
LogPluginManager: Mounting plugin ChaosCloth
LogPluginManager: Mounting plugin ChaosClothEditor
LogPluginManager: Mounting plugin ChaosEditor
LogPluginManager: Mounting plugin ChaosNiagara
LogPluginManager: Mounting plugin ChaosSolverPlugin
LogPluginManager: Mounting plugin CharacterAI
LogPluginManager: Mounting plugin GeometryCache
LogPluginManager: Mounting plugin GeometryCollectionPlugin
LogPluginManager: Mounting plugin GeometryProcessing
LogPluginManager: Mounting plugin PlanarCut
LogPluginManager: Mounting plugin PlatformCrypto
LogPluginManager: Mounting plugin ProxyLODPlugin
LogPluginManager: Mounting plugin SkeletalReduction
LogPluginManager: Mounting plugin Text3D
LogPluginManager: Mounting plugin Niagara
LogPluginManager: Mounting plugin MagicLeap
LogPluginManager: Mounting plugin MagicLeapLightEstimation
LogPluginManager: Mounting plugin MagicLeapMedia
LogPluginManager: Mounting plugin MagicLeapPassableWorld
LogPluginManager: Mounting plugin MLSDK
LogPluginManager: Mounting plugin AndroidMedia
LogPluginManager: Mounting plugin AvfMedia
LogPluginManager: Mounting plugin ImgMedia
LogPluginManager: Mounting plugin MediaCompositing
LogPluginManager: Mounting plugin MediaPlayerEditor
LogPluginManager: Mounting plugin WebMMedia
LogPluginManager: Mounting plugin WmfMedia
LogPluginManager: Mounting plugin MeshPainting
LogPluginManager: Mounting plugin TcpMessaging
LogPluginManager: Mounting plugin UdpMessaging
LogPluginManager: Mounting plugin ActorSequence
LogPluginManager: Mounting plugin LevelSequenceEditor
LogPluginManager: Mounting plugin MatineeToLevelSequence
LogPluginManager: Mounting plugin MovieRenderPipeline
LogPluginManager: Mounting plugin TemplateSequence
LogPluginManager: Mounting plugin NetcodeUnitTest
LogPluginManager: Mounting plugin NUTUnrealEngine4
LogPluginManager: Mounting plugin OnlineSubsystemGooglePlay
LogPluginManager: Mounting plugin OnlineSubsystemIOS
LogPluginManager: Mounting plugin OnlineSubsystem
LogPluginManager: Mounting plugin OnlineSubsystemNull
LogPluginManager: Mounting plugin OnlineSubsystemUtils
LogPluginManager: Mounting plugin LauncherChunkInstaller
LogPluginManager: Mounting plugin AndroidDeviceProfileSelector
LogPluginManager: Mounting plugin AndroidMoviePlayer
LogPluginManager: Mounting plugin AndroidPermission
LogPluginManager: Mounting plugin AppleImageUtils
LogPluginManager: Mounting plugin AppleMoviePlayer
LogPluginManager: Mounting plugin ArchVisCharacter
LogPluginManager: Mounting plugin AssetTags
LogPluginManager: Mounting plugin AudioCapture
LogPluginManager: Mounting plugin CableComponent
LogPluginManager: Mounting plugin CustomMeshComponent
LogPluginManager: Mounting plugin EditableMesh
LogPluginManager: Mounting plugin ExampleDeviceProfileSelector
LogPluginManager: Mounting plugin GoogleCloudMessaging
LogPluginManager: Mounting plugin GooglePAD
LogPluginManager: Mounting plugin IOSDeviceProfileSelector
LogPluginManager: Mounting plugin LinuxDeviceProfileSelector
LogPluginManager: Mounting plugin LocationServicesBPLibrary
LogPluginManager: Mounting plugin MobilePatchingUtils
LogPluginManager: Mounting plugin OculusVR
LogPluginManager: Mounting plugin PhysXVehicles
LogPluginManager: Mounting plugin PostSplashScreen
LogPluginManager: Mounting plugin ProceduralMeshComponent
LogPluginManager: Mounting plugin RuntimePhysXCooking
LogPluginManager: Mounting plugin SignificanceManager
LogPluginManager: Mounting plugin SoundFields
LogPluginManager: Mounting plugin SteamVR
LogPluginManager: Mounting plugin Synthesis
LogPluginManager: Mounting plugin WebMMoviePlayer
LogPluginManager: Mounting plugin WindowsMoviePlayer
LogPluginManager: Mounting plugin ScreenshotTools
LogInit: Using libcurl 7.55.1-DEV
LogInit:  - built for x86_64-pc-win32
LogInit:  - supports SSL with OpenSSL/1.1.1
LogInit:  - supports HTTP deflate (compression) using libz 1.2.8
LogInit:  - other features:
LogInit:      CURL_VERSION_SSL
LogInit:      CURL_VERSION_LIBZ
LogInit:      CURL_VERSION_IPV6
LogInit:      CURL_VERSION_ASYNCHDNS
LogInit:      CURL_VERSION_LARGEFILE
LogInit:      CURL_VERSION_IDN
LogInit:  CurlRequestOptions (configurable via config and command line):
LogInit:  - bVerifyPeer = true  - Libcurl will verify peer certificate
LogInit:  - bUseHttpProxy = false  - Libcurl will NOT use HTTP proxy
LogInit:  - bDontReuseConnections = false  - Libcurl will reuse connections
LogInit:  - MaxHostConnections = 16  - Libcurl will limit the number of connections to a host
LogInit:  - LocalHostAddr = Default
LogInit:  - BufferSize = 65536
LogOnline: OSS: Creating online subsystem instance for: NULL
LogInit: WinSock: version 1.1 (2.2), MaxSocks=32767, MaxUdp=65467
LogOnline: OSS: TryLoadSubsystemAndSetDefault: Loaded subsystem for module [NULL]
LogInit: Build: ++UE4+Release-4.25-CL-14469661
LogInit: Engine Version: 4.25.4-14469661+++UE4+Release-4.25
LogInit: Compatible Engine Version: 4.25.0-13144385+++UE4+Release-4.25
LogInit: Net CL: 13144385
LogInit: OS: Windows 10 (Release 2004) (), CPU: AMD Ryzen 7 2700X Eight-Core Processor         , GPU: NVIDIA GeForce RTX 2060
LogInit: Compiled (64-bit): Oct 11 2020 08:10:49
LogInit: Compiled with Visual C++: 19.24.28315.00
LogInit: Build Configuration: Development
LogInit: Branch Name: ++UE4+Release-4.25
LogInit: Command Line:  /Game/GameLevel -game -PIEVIACONSOLE -Multiprocess GameUserSettingsINI=E:/Github/GEP/GEPProject/Saved/Config/Windows/PIEGameUserSettings0.ini -MultiprocessSaveConfig -MultiprocessOSS -messaging -SessionName="Play in Standalone Game" -windowed -ResX=1280 -ResY=720
LogInit: Base Directory: E:/epk/UE_4.25/Engine/Binaries/Win64/
LogInit: Allocator: TBB
LogInit: Installed Engine Build: 1
LogDevObjectVersion: Number of dev versions registered: 26
LogDevObjectVersion:   Dev-Blueprints (B0D832E4-1F89-4F0D-ACCF-7EB736FD4AA2): 10
LogDevObjectVersion:   Dev-Build (E1C64328-A22C-4D53-A36C-8E866417BD8C): 0
LogDevObjectVersion:   Dev-Core (375EC13C-06E4-48FB-B500-84F0262A717E): 4
LogDevObjectVersion:   Dev-Editor (E4B068ED-F494-42E9-A231-DA0B2E46BB41): 38
LogDevObjectVersion:   Dev-Framework (CFFC743F-43B0-4480-9391-14DF171D2073): 37
LogDevObjectVersion:   Dev-Mobile (B02B49B5-BB20-44E9-A304-32B752E40360): 2
LogDevObjectVersion:   Dev-Networking (A4E4105C-59A1-49B5-A7C5-40C4547EDFEE): 0
LogDevObjectVersion:   Dev-Online (39C831C9-5AE6-47DC-9A44-9C173E1C8E7C): 0
LogDevObjectVersion:   Dev-Physics (78F01B33-EBEA-4F98-B9B4-84EACCB95AA2): 4
LogDevObjectVersion:   Dev-Platform (6631380F-2D4D-43E0-8009-CF276956A95A): 0
LogDevObjectVersion:   Dev-Rendering (12F88B9F-8875-4AFC-A67C-D90C383ABD29): 43
LogDevObjectVersion:   Dev-Sequencer (7B5AE74C-D270-4C10-A958-57980B212A5A): 12
LogDevObjectVersion:   Dev-VR (D7296918-1DD6-4BDD-9DE2-64A83CC13884): 3
LogDevObjectVersion:   Dev-LoadTimes (C2A15278-BFE7-4AFE-6C17-90FF531DF755): 1
LogDevObjectVersion:   Private-Geometry (6EACA3D4-40EC-4CC1-B786-8BED09428FC5): 3
LogDevObjectVersion:   Dev-AnimPhys (29E575DD-E0A3-4627-9D10-D276232CDCEA): 17
LogDevObjectVersion:   Dev-Anim (AF43A65D-7FD3-4947-9873-3E8ED9C1BB05): 7
LogDevObjectVersion:   Dev-ReflectionCapture (6B266CEC-1EC7-4B8F-A30B-E4D90942FC07): 1
LogDevObjectVersion:   Dev-Automation (0DF73D61-A23F-47EA-B727-89E90C41499A): 1
LogDevObjectVersion:   FortniteMain (601D1886-AC64-4F84-AA16-D3DE0DEAC7D6): 31
LogDevObjectVersion:   Dev-Enterprise (9DFFBCD6-494F-0158-E221-12823C92A888): 10
LogDevObjectVersion:   Dev-Niagara (F2AED0AC-9AFE-416F-8664-AA7FFA26D6FC): 1
LogDevObjectVersion:   Dev-Destruction (174F1F0B-B4C6-45A5-B13F-2EE8D0FB917D): 10
LogDevObjectVersion:   Dev-Physics-Ext (35F94A83-E258-406C-A318-09F59610247C): 37
LogDevObjectVersion:   Dev-PhysicsMaterial-Chaos (B68FC16E-8B1B-42E2-B453-215C058844FE): 1
LogDevObjectVersion:   Dev-CineCamera (B2E18506-4273-CFC2-A54E-F4BB758BBA07): 1
LogInit: Presizing for max 25165824 objects, including 0 objects not considered by GC, pre-allocating 0 bytes for permanent pool.
LogConfig: Applying CVar settings from Section [/Script/Engine.StreamingSettings] File [E:/Github/GEP/GEPProject/Saved/Config/Windows/Engine.ini]
LogConfig: Setting CVar [[s.MinBulkDataSizeForAsyncLoading:131072]]
LogConfig: Setting CVar [[s.AsyncLoadingThreadEnabled:0]]
LogConfig: Setting CVar [[s.EventDrivenLoaderEnabled:1]]
LogConfig: Setting CVar [[s.WarnIfTimeLimitExceeded:0]]
LogConfig: Setting CVar [[s.TimeLimitExceededMultiplier:1.5]]
LogConfig: Setting CVar [[s.TimeLimitExceededMinTime:0.005]]
LogConfig: Setting CVar [[s.UseBackgroundLevelStreaming:1]]
LogConfig: Setting CVar [[s.PriorityAsyncLoadingExtraTime:15.0]]
LogConfig: Setting CVar [[s.LevelStreamingActorsUpdateTimeLimit:5.0]]
LogConfig: Setting CVar [[s.PriorityLevelStreamingActorsUpdateExtraTime:5.0]]
LogConfig: Setting CVar [[s.LevelStreamingComponentsRegistrationGranularity:10]]
LogConfig: Setting CVar [[s.UnregisterComponentsTimeLimit:1.0]]
LogConfig: Setting CVar [[s.LevelStreamingComponentsUnregistrationGranularity:5]]
LogConfig: Setting CVar [[s.FlushStreamingOnExit:1]]
LogInit: Object subsystem initialized
LogConfig: Setting CVar [[con.DebugEarlyDefault:1]]
LogConfig: Setting CVar [[r.setres:1280x720]]
[2021.03.24-17.28.03:024][  0]LogConfig: Setting CVar [[con.DebugEarlyDefault:1]]
[2021.03.24-17.28.03:024][  0]LogConfig: Setting CVar [[r.setres:1280x720]]
[2021.03.24-17.28.03:024][  0]LogConfig: Applying CVar settings from Section [/Script/Engine.RendererSettings] File [E:/Github/GEP/GEPProject/Saved/Config/Windows/Engine.ini]
[2021.03.24-17.28.03:024][  0]LogConfig: Setting CVar [[r.GPUCrashDebugging:0]]
[2021.03.24-17.28.03:024][  0]LogConfig: Setting CVar [[r.CustomDepth:3]]
[2021.03.24-17.28.03:024][  0]LogConfig: Applying CVar settings from Section [/Script/Engine.RendererOverrideSettings] File [E:/Github/GEP/GEPProject/Saved/Config/Windows/Engine.ini]
[2021.03.24-17.28.03:024][  0]LogConfig: Applying CVar settings from Section [/Script/Engine.StreamingSettings] File [E:/Github/GEP/GEPProject/Saved/Config/Windows/Engine.ini]
[2021.03.24-17.28.03:024][  0]LogConfig: Setting CVar [[s.MinBulkDataSizeForAsyncLoading:131072]]
[2021.03.24-17.28.03:024][  0]LogConfig: Setting CVar [[s.AsyncLoadingThreadEnabled:0]]
[2021.03.24-17.28.03:024][  0]LogConfig: Setting CVar [[s.EventDrivenLoaderEnabled:1]]
[2021.03.24-17.28.03:024][  0]LogConfig: Setting CVar [[s.WarnIfTimeLimitExceeded:0]]
[2021.03.24-17.28.03:024][  0]LogConfig: Setting CVar [[s.TimeLimitExceededMultiplier:1.5]]
[2021.03.24-17.28.03:024][  0]LogConfig: Setting CVar [[s.TimeLimitExceededMinTime:0.005]]
[2021.03.24-17.28.03:024][  0]LogConfig: Setting CVar [[s.UseBackgroundLevelStreaming:1]]
[2021.03.24-17.28.03:024][  0]LogConfig: Setting CVar [[s.PriorityAsyncLoadingExtraTime:15.0]]
[2021.03.24-17.28.03:024][  0]LogConfig: Setting CVar [[s.LevelStreamingActorsUpdateTimeLimit:5.0]]
[2021.03.24-17.28.03:024][  0]LogConfig: Setting CVar [[s.PriorityLevelStreamingActorsUpdateExtraTime:5.0]]
[2021.03.24-17.28.03:024][  0]LogConfig: Setting CVar [[s.LevelStreamingComponentsRegistrationGranularity:10]]
[2021.03.24-17.28.03:024][  0]LogConfig: Setting CVar [[s.UnregisterComponentsTimeLimit:1.0]]
[2021.03.24-17.28.03:024][  0]LogConfig: Setting CVar [[s.LevelStreamingComponentsUnregistrationGranularity:5]]
[2021.03.24-17.28.03:024][  0]LogConfig: Setting CVar [[s.FlushStreamingOnExit:1]]
[2021.03.24-17.28.03:024][  0]LogConfig: Applying CVar settings from Section [/Script/Engine.GarbageCollectionSettings] File [E:/Github/GEP/GEPProject/Saved/Config/Windows/Engine.ini]
[2021.03.24-17.28.03:024][  0]LogConfig: Setting CVar [[gc.MaxObjectsNotConsideredByGC:1]]
[2021.03.24-17.28.03:024][  0]LogConfig: Setting CVar [[gc.SizeOfPermanentObjectPool:0]]
[2021.03.24-17.28.03:024][  0]LogConfig: Setting CVar [[gc.FlushStreamingOnGC:0]]
[2021.03.24-17.28.03:024][  0]LogConfig: Setting CVar [[gc.NumRetriesBeforeForcingGC:10]]
[2021.03.24-17.28.03:024][  0]LogConfig: Setting CVar [[gc.AllowParallelGC:1]]
[2021.03.24-17.28.03:025][  0]LogConfig: Setting CVar [[gc.TimeBetweenPurgingPendingKillObjects:61.1]]
[2021.03.24-17.28.03:025][  0]LogConfig: Setting CVar [[gc.MaxObjectsInEditor:25165824]]
[2021.03.24-17.28.03:025][  0]LogConfig: Setting CVar [[gc.IncrementalBeginDestroyEnabled:1]]
[2021.03.24-17.28.03:025][  0]LogConfig: Setting CVar [[gc.CreateGCClusters:1]]
[2021.03.24-17.28.03:025][  0]LogConfig: Setting CVar [[gc.MinGCClusterSize:5]]
[2021.03.24-17.28.03:025][  0]LogConfig: Setting CVar [[gc.ActorClusteringEnabled:0]]
[2021.03.24-17.28.03:025][  0]LogConfig: Setting CVar [[gc.BlueprintClusteringEnabled:0]]
[2021.03.24-17.28.03:025][  0]LogConfig: Setting CVar [[gc.UseDisregardForGCOnDedicatedServers:0]]
[2021.03.24-17.28.03:025][  0]LogConfig: Applying CVar settings from Section [/Script/Engine.NetworkSettings] File [E:/Github/GEP/GEPProject/Saved/Config/Windows/Engine.ini]
[2021.03.24-17.28.03:025][  0]LogConfig: Applying CVar settings from Section [/Script/UnrealEd.CookerSettings] File [E:/Github/GEP/GEPProject/Saved/Config/Windows/Engine.ini]
[2021.03.24-17.28.03:037][  0]LogConfig: Applying CVar settings from Section [ViewDistanceQuality@3] File [E:/Github/GEP/GEPProject/Saved/Config/Windows/Scalability.ini]
[2021.03.24-17.28.03:037][  0]LogConfig: Setting CVar [[r.SkeletalMeshLODBias:0]]
[2021.03.24-17.28.03:037][  0]LogConfig: Setting CVar [[r.ViewDistanceScale:1.0]]
[2021.03.24-17.28.03:037][  0]LogConfig: Applying CVar settings from Section [AntiAliasingQuality@3] File [E:/Github/GEP/GEPProject/Saved/Config/Windows/Scalability.ini]
[2021.03.24-17.28.03:037][  0]LogConfig: Setting CVar [[r.PostProcessAAQuality:4]]
[2021.03.24-17.28.03:037][  0]LogConfig: Applying CVar settings from Section [ShadowQuality@3] File [E:/Github/GEP/GEPProject/Saved/Config/Windows/Scalability.ini]
[2021.03.24-17.28.03:037][  0]LogConfig: Setting CVar [[r.LightFunctionQuality:1]]
[2021.03.24-17.28.03:037][  0]LogConfig: Setting CVar [[r.ShadowQuality:5]]
[2021.03.24-17.28.03:037][  0]LogConfig: Setting CVar [[r.Shadow.CSM.MaxCascades:10]]
[2021.03.24-17.28.03:037][  0]LogConfig: Setting CVar [[r.Shadow.MaxResolution:2048]]
[2021.03.24-17.28.03:037][  0]LogConfig: Setting CVar [[r.Shadow.MaxCSMResolution:2048]]
[2021.03.24-17.28.03:037][  0]LogConfig: Setting CVar [[r.Shadow.RadiusThreshold:0.01]]
[2021.03.24-17.28.03:037][  0]LogConfig: Setting CVar [[r.Shadow.DistanceScale:1.0]]
[2021.03.24-17.28.03:037][  0]LogConfig: Setting CVar [[r.Shadow.CSM.TransitionScale:1.0]]
[2021.03.24-17.28.03:037][  0]LogConfig: Setting CVar [[r.Shadow.PreShadowResolutionFactor:1.0]]
[2021.03.24-17.28.03:037][  0]LogConfig: Setting CVar [[r.DistanceFieldShadowing:1]]
[2021.03.24-17.28.03:037][  0]LogConfig: Setting CVar [[r.DistanceFieldAO:1]]
[2021.03.24-17.28.03:037][  0]LogConfig: Setting CVar [[r.AOQuality:2]]
[2021.03.24-17.28.03:037][  0]LogConfig: Setting CVar [[r.VolumetricFog:1]]
[2021.03.24-17.28.03:037][  0]LogConfig: Setting CVar [[r.VolumetricFog.GridPixelSize:8]]
[2021.03.24-17.28.03:037][  0]LogConfig: Setting CVar [[r.VolumetricFog.GridSizeZ:128]]
[2021.03.24-17.28.03:037][  0]LogConfig: Setting CVar [[r.VolumetricFog.HistoryMissSupersampleCount:4]]
[2021.03.24-17.28.03:037][  0]LogConfig: Setting CVar [[r.LightMaxDrawDistanceScale:1]]
[2021.03.24-17.28.03:037][  0]LogConfig: Setting CVar [[r.CapsuleShadows:1]]
[2021.03.24-17.28.03:037][  0]LogConfig: Applying CVar settings from Section [PostProcessQuality@3] File [E:/Github/GEP/GEPProject/Saved/Config/Windows/Scalability.ini]
[2021.03.24-17.28.03:037][  0]LogConfig: Setting CVar [[r.MotionBlurQuality:4]]
[2021.03.24-17.28.03:037][  0]LogConfig: Setting CVar [[r.AmbientOcclusionMipLevelFactor:0.4]]
[2021.03.24-17.28.03:037][  0]LogConfig: Setting CVar [[r.AmbientOcclusionMaxQuality:100]]
[2021.03.24-17.28.03:037][  0]LogConfig: Setting CVar [[r.AmbientOcclusionLevels:-1]]
[2021.03.24-17.28.03:037][  0]LogConfig: Setting CVar [[r.AmbientOcclusionRadiusScale:1.0]]
[2021.03.24-17.28.03:037][  0]LogConfig: Setting CVar [[r.DepthOfFieldQuality:2]]
[2021.03.24-17.28.03:037][  0]LogConfig: Setting CVar [[r.RenderTargetPoolMin:400]]
[2021.03.24-17.28.03:037][  0]LogConfig: Setting CVar [[r.LensFlareQuality:2]]
[2021.03.24-17.28.03:037][  0]LogConfig: Setting CVar [[r.SceneColorFringeQuality:1]]
[2021.03.24-17.28.03:037][  0]LogConfig: Setting CVar [[r.EyeAdaptationQuality:2]]
[2021.03.24-17.28.03:037][  0]LogConfig: Setting CVar [[r.BloomQuality:5]]
[2021.03.24-17.28.03:037][  0]LogConfig: Setting CVar [[r.FastBlurThreshold:100]]
[2021.03.24-17.28.03:038][  0]LogConfig: Setting CVar [[r.Upscale.Quality:3]]
[2021.03.24-17.28.03:038][  0]LogConfig: Setting CVar [[r.Tonemapper.GrainQuantization:1]]
[2021.03.24-17.28.03:038][  0]LogConfig: Setting CVar [[r.LightShaftQuality:1]]
[2021.03.24-17.28.03:038][  0]LogConfig: Setting CVar [[r.Filter.SizeScale:1]]
[2021.03.24-17.28.03:038][  0]LogConfig: Setting CVar [[r.Tonemapper.Quality:5]]
[2021.03.24-17.28.03:038][  0]LogConfig: Setting CVar [[r.DOF.Gather.AccumulatorQuality:1        ; higher gathering accumulator quality]]
[2021.03.24-17.28.03:038][  0]LogConfig: Setting CVar [[r.DOF.Gather.PostfilterMethod:1          ; Median3x3 postfilering method]]
[2021.03.24-17.28.03:038][  0]LogConfig: Setting CVar [[r.DOF.Gather.EnableBokehSettings:0       ; no bokeh simulation when gathering]]
[2021.03.24-17.28.03:038][  0]LogConfig: Setting CVar [[r.DOF.Gather.RingCount:4                 ; medium number of samples when gathering]]
[2021.03.24-17.28.03:038][  0]LogConfig: Setting CVar [[r.DOF.Scatter.ForegroundCompositing:1    ; additive foreground scattering]]
[2021.03.24-17.28.03:038][  0]LogConfig: Setting CVar [[r.DOF.Scatter.BackgroundCompositing:2    ; additive background scattering]]
[2021.03.24-17.28.03:038][  0]LogConfig: Setting CVar [[r.DOF.Scatter.EnableBokehSettings:1      ; bokeh simulation when scattering]]
[2021.03.24-17.28.03:038][  0]LogConfig: Setting CVar [[r.DOF.Scatter.MaxSpriteRatio:0.1         ; only a maximum of 10% of scattered bokeh]]
[2021.03.24-17.28.03:038][  0]LogConfig: Setting CVar [[r.DOF.Recombine.Quality:1                ; cheap slight out of focus]]
[2021.03.24-17.28.03:038][  0]LogConfig: Setting CVar [[r.DOF.Recombine.EnableBokehSettings:0    ; no bokeh simulation on slight out of focus]]
[2021.03.24-17.28.03:038][  0]LogConfig: Setting CVar [[r.DOF.TemporalAAQuality:1                ; more stable temporal accumulation]]
[2021.03.24-17.28.03:038][  0]LogConfig: Setting CVar [[r.DOF.Kernel.MaxForegroundRadius:0.025]]
[2021.03.24-17.28.03:038][  0]LogConfig: Setting CVar [[r.DOF.Kernel.MaxBackgroundRadius:0.025]]
[2021.03.24-17.28.03:038][  0]LogConfig: Applying CVar settings from Section [TextureQuality@3] File [E:/Github/GEP/GEPProject/Saved/Config/Windows/Scalability.ini]
[2021.03.24-17.28.03:038][  0]LogConfig: Setting CVar [[r.Streaming.MipBias:0]]
[2021.03.24-17.28.03:038][  0]LogConfig: Setting CVar [[r.Streaming.AmortizeCPUToGPUCopy:0]]
[2021.03.24-17.28.03:038][  0]LogConfig: Setting CVar [[r.Streaming.MaxNumTexturesToStreamPerFrame:0]]
[2021.03.24-17.28.03:038][  0]LogConfig: Setting CVar [[r.Streaming.Boost:1]]
[2021.03.24-17.28.03:038][  0]LogConfig: Setting CVar [[r.MaxAnisotropy:8]]
[2021.03.24-17.28.03:038][  0]LogConfig: Setting CVar [[r.VT.MaxAnisotropy:8]]
[2021.03.24-17.28.03:038][  0]LogConfig: Setting CVar [[r.Streaming.LimitPoolSizeToVRAM:0]]
[2021.03.24-17.28.03:038][  0]LogConfig: Setting CVar [[r.Streaming.PoolSize:1000]]
[2021.03.24-17.28.03:038][  0]LogConfig: Setting CVar [[r.Streaming.MaxEffectiveScreenSize:0]]
[2021.03.24-17.28.03:038][  0]LogConfig: Applying CVar settings from Section [EffectsQuality@3] File [E:/Github/GEP/GEPProject/Saved/Config/Windows/Scalability.ini]
[2021.03.24-17.28.03:038][  0]LogConfig: Setting CVar [[r.TranslucencyLightingVolumeDim:64]]
[2021.03.24-17.28.03:038][  0]LogConfig: Setting CVar [[r.RefractionQuality:2]]
[2021.03.24-17.28.03:038][  0]LogConfig: Setting CVar [[r.SSR.Quality:3]]
[2021.03.24-17.28.03:038][  0]LogConfig: Setting CVar [[r.SSR.HalfResSceneColor:0]]
[2021.03.24-17.28.03:038][  0]LogConfig: Setting CVar [[r.SceneColorFormat:4]]
[2021.03.24-17.28.03:038][  0]LogConfig: Setting CVar [[r.DetailMode:2]]
[2021.03.24-17.28.03:038][  0]LogConfig: Setting CVar [[r.TranslucencyVolumeBlur:1]]
[2021.03.24-17.28.03:038][  0]LogConfig: Setting CVar [[r.MaterialQualityLevel:1 ; High quality]]
[2021.03.24-17.28.03:038][  0]LogConfig: Setting CVar [[r.SSS.Scale:1]]
[2021.03.24-17.28.03:039][  0]LogConfig: Setting CVar [[r.SSS.SampleSet:2]]
[2021.03.24-17.28.03:039][  0]LogConfig: Setting CVar [[r.SSS.Quality:1]]
[2021.03.24-17.28.03:039][  0]LogConfig: Setting CVar [[r.SSS.HalfRes:0]]
[2021.03.24-17.28.03:039][  0]LogConfig: Setting CVar [[r.SSGI.Quality:3]]
[2021.03.24-17.28.03:039][  0]LogConfig: Setting CVar [[r.EmitterSpawnRateScale:1.0]]
[2021.03.24-17.28.03:039][  0]LogConfig: Setting CVar [[r.ParticleLightQuality:2]]
[2021.03.24-17.28.03:039][  0]LogConfig: Setting CVar [[r.SkyAtmosphere.AerialPerspectiveLUT.FastApplyOnOpaque:1 ; Always have FastSkyLUT 1 in this case to avoid wrong sky]]
[2021.03.24-17.28.03:039][  0]LogConfig: Setting CVar [[r.SkyAtmosphere.AerialPerspectiveLUT.SampleCountPerSlice:1]]
[2021.03.24-17.28.03:039][  0]LogConfig: Setting CVar [[r.SkyAtmosphere.AerialPerspectiveLUT.DepthResolution:16.0]]
[2021.03.24-17.28.03:039][  0]LogConfig: Setting CVar [[r.SkyAtmosphere.FastSkyLUT:1]]
[2021.03.24-17.28.03:039][  0]LogConfig: Setting CVar [[r.SkyAtmosphere.FastSkyLUT.SampleCountMin:4.0]]
[2021.03.24-17.28.03:039][  0]LogConfig: Setting CVar [[r.SkyAtmosphere.FastSkyLUT.SampleCountMax:32.0]]
[2021.03.24-17.28.03:039][  0]LogConfig: Setting CVar [[r.SkyAtmosphere.SampleCountMin:4.0]]
[2021.03.24-17.28.03:039][  0]LogConfig: Setting CVar [[r.SkyAtmosphere.SampleCountMax:32.0]]
[2021.03.24-17.28.03:039][  0]LogConfig: Setting CVar [[r.SkyAtmosphere.TransmittanceLUT.UseSmallFormat:0]]
[2021.03.24-17.28.03:039][  0]LogConfig: Setting CVar [[r.SkyAtmosphere.TransmittanceLUT.SampleCount:10.0]]
[2021.03.24-17.28.03:039][  0]LogConfig: Setting CVar [[r.SkyAtmosphere.MultiScatteringLUT.SampleCount:15.0]]
[2021.03.24-17.28.03:039][  0]LogConfig: Applying CVar settings from Section [FoliageQuality@3] File [E:/Github/GEP/GEPProject/Saved/Config/Windows/Scalability.ini]
[2021.03.24-17.28.03:039][  0]LogConfig: Setting CVar [[foliage.DensityScale:1.0]]
[2021.03.24-17.28.03:039][  0]LogConfig: Setting CVar [[grass.DensityScale:1.0]]
[2021.03.24-17.28.03:039][  0]LogConfig: Applying CVar settings from Section [ShadingQuality@3] File [E:/Github/GEP/GEPProject/Saved/Config/Windows/Scalability.ini]
[2021.03.24-17.28.03:039][  0]LogConfig: Setting CVar [[r.HairStrands.SkyLighting.SampleCount:16]]
[2021.03.24-17.28.03:039][  0]LogConfig: Setting CVar [[r.HairStrands.SkyLighting.JitterIntegration:0]]
[2021.03.24-17.28.03:040][  0]LogConfig: Setting CVar [[r.HairStrands.SkyAO.SampleCount:16]]
[2021.03.24-17.28.03:040][  0]LogConfig: Setting CVar [[r.HairStrands.DeepShadow.SuperSampling:0]]
[2021.03.24-17.28.03:040][  0]LogConfig: Setting CVar [[r.HairStrands.VisibilityPPLL:0]]
[2021.03.24-17.28.03:040][  0]LogConfig: Setting CVar [[r.HairStrands.RasterizationScale:0.5]]
[2021.03.24-17.28.03:040][  0]LogConfig: Setting CVar [[r.HairStrands.VelocityRasterizationScale:1]]
[2021.03.24-17.28.03:040][  0]LogInit: Selected Device Profile: [Windows]
[2021.03.24-17.28.03:040][  0]LogInit: Applying CVar settings loaded from the selected device profile: [Windows]
[2021.03.24-17.28.03:040][  0]LogHAL: Display: Platform has ~ 16 GB [17123741696 / 17179869184 / 16], which maps to Larger [LargestMinGB=32, LargerMinGB=12, DefaultMinGB=8, SmallerMinGB=6, SmallestMinGB=0)
[2021.03.24-17.28.03:040][  0]LogInit: Going up to parent DeviceProfile []
[2021.03.24-17.28.03:040][  0]LogConfig: Applying CVar settings from Section [ViewDistanceQuality@3] File [E:/Github/GEP/GEPProject/Saved/Config/Windows/Scalability.ini]
[2021.03.24-17.28.03:040][  0]LogConfig: Setting CVar [[r.SkeletalMeshLODBias:0]]
[2021.03.24-17.28.03:040][  0]LogConfig: Setting CVar [[r.ViewDistanceScale:1.0]]
[2021.03.24-17.28.03:041][  0]LogConfig: Applying CVar settings from Section [AntiAliasingQuality@3] File [E:/Github/GEP/GEPProject/Saved/Config/Windows/Scalability.ini]
[2021.03.24-17.28.03:041][  0]LogConfig: Setting CVar [[r.PostProcessAAQuality:4]]
[2021.03.24-17.28.03:041][  0]LogConfig: Applying CVar settings from Section [ShadowQuality@3] File [E:/Github/GEP/GEPProject/Saved/Config/Windows/Scalability.ini]
[2021.03.24-17.28.03:041][  0]LogConfig: Setting CVar [[r.LightFunctionQuality:1]]
[2021.03.24-17.28.03:041][  0]LogConfig: Setting CVar [[r.ShadowQuality:5]]
[2021.03.24-17.28.03:041][  0]LogConfig: Setting CVar [[r.Shadow.CSM.MaxCascades:10]]
[2021.03.24-17.28.03:041][  0]LogConfig: Setting CVar [[r.Shadow.MaxResolution:2048]]
[2021.03.24-17.28.03:041][  0]LogConfig: Setting CVar [[r.Shadow.MaxCSMResolution:2048]]
[2021.03.24-17.28.03:041][  0]LogConfig: Setting CVar [[r.Shadow.RadiusThreshold:0.01]]
[2021.03.24-17.28.03:041][  0]LogConfig: Setting CVar [[r.Shadow.DistanceScale:1.0]]
[2021.03.24-17.28.03:041][  0]LogConfig: Setting CVar [[r.Shadow.CSM.TransitionScale:1.0]]
[2021.03.24-17.28.03:041][  0]LogConfig: Setting CVar [[r.Shadow.PreShadowResolutionFactor:1.0]]
[2021.03.24-17.28.03:041][  0]LogConfig: Setting CVar [[r.DistanceFieldShadowing:1]]
[2021.03.24-17.28.03:041][  0]LogConfig: Setting CVar [[r.DistanceFieldAO:1]]
[2021.03.24-17.28.03:041][  0]LogConfig: Setting CVar [[r.AOQuality:2]]
[2021.03.24-17.28.03:041][  0]LogConfig: Setting CVar [[r.VolumetricFog:1]]
[2021.03.24-17.28.03:041][  0]LogConfig: Setting CVar [[r.VolumetricFog.GridPixelSize:8]]
[2021.03.24-17.28.03:041][  0]LogConfig: Setting CVar [[r.VolumetricFog.GridSizeZ:128]]
[2021.03.24-17.28.03:041][  0]LogConfig: Setting CVar [[r.VolumetricFog.HistoryMissSupersampleCount:4]]
[2021.03.24-17.28.03:041][  0]LogConfig: Setting CVar [[r.LightMaxDrawDistanceScale:1]]
[2021.03.24-17.28.03:041][  0]LogConfig: Setting CVar [[r.CapsuleShadows:1]]
[2021.03.24-17.28.03:041][  0]LogConfig: Applying CVar settings from Section [PostProcessQuality@3] File [E:/Github/GEP/GEPProject/Saved/Config/Windows/Scalability.ini]
[2021.03.24-17.28.03:041][  0]LogConfig: Setting CVar [[r.MotionBlurQuality:4]]
[2021.03.24-17.28.03:041][  0]LogConfig: Setting CVar [[r.AmbientOcclusionMipLevelFactor:0.4]]
[2021.03.24-17.28.03:041][  0]LogConfig: Setting CVar [[r.AmbientOcclusionMaxQuality:100]]
[2021.03.24-17.28.03:041][  0]LogConfig: Setting CVar [[r.AmbientOcclusionLevels:-1]]
[2021.03.24-17.28.03:041][  0]LogConfig: Setting CVar [[r.AmbientOcclusionRadiusScale:1.0]]
[2021.03.24-17.28.03:041][  0]LogConfig: Setting CVar [[r.DepthOfFieldQuality:2]]
[2021.03.24-17.28.03:041][  0]LogConfig: Setting CVar [[r.RenderTargetPoolMin:400]]
[2021.03.24-17.28.03:041][  0]LogConfig: Setting CVar [[r.LensFlareQuality:2]]
[2021.03.24-17.28.03:042][  0]LogConfig: Setting CVar [[r.SceneColorFringeQuality:1]]
[2021.03.24-17.28.03:042][  0]LogConfig: Setting CVar [[r.EyeAdaptationQuality:2]]
[2021.03.24-17.28.03:042][  0]LogConfig: Setting CVar [[r.BloomQuality:5]]
[2021.03.24-17.28.03:042][  0]LogConfig: Setting CVar [[r.FastBlurThreshold:100]]
[2021.03.24-17.28.03:042][  0]LogConfig: Setting CVar [[r.Upscale.Quality:3]]
[2021.03.24-17.28.03:042][  0]LogConfig: Setting CVar [[r.Tonemapper.GrainQuantization:1]]
[2021.03.24-17.28.03:042][  0]LogConfig: Setting CVar [[r.LightShaftQuality:1]]
[2021.03.24-17.28.03:042][  0]LogConfig: Setting CVar [[r.Filter.SizeScale:1]]
[2021.03.24-17.28.03:042][  0]LogConfig: Setting CVar [[r.Tonemapper.Quality:5]]
[2021.03.24-17.28.03:042][  0]LogConfig: Setting CVar [[r.DOF.Gather.AccumulatorQuality:1        ; higher gathering accumulator quality]]
[2021.03.24-17.28.03:042][  0]LogConfig: Setting CVar [[r.DOF.Gather.PostfilterMethod:1          ; Median3x3 postfilering method]]
[2021.03.24-17.28.03:042][  0]LogConfig: Setting CVar [[r.DOF.Gather.EnableBokehSettings:0       ; no bokeh simulation when gathering]]
[2021.03.24-17.28.03:042][  0]LogConfig: Setting CVar [[r.DOF.Gather.RingCount:4                 ; medium number of samples when gathering]]
[2021.03.24-17.28.03:042][  0]LogConfig: Setting CVar [[r.DOF.Scatter.ForegroundCompositing:1    ; additive foreground scattering]]
[2021.03.24-17.28.03:042][  0]LogConfig: Setting CVar [[r.DOF.Scatter.BackgroundCompositing:2    ; additive background scattering]]
[2021.03.24-17.28.03:042][  0]LogConfig: Setting CVar [[r.DOF.Scatter.EnableBokehSettings:1      ; bokeh simulation when scattering]]
[2021.03.24-17.28.03:042][  0]LogConfig: Setting CVar [[r.DOF.Scatter.MaxSpriteRatio:0.1         ; only a maximum of 10% of scattered bokeh]]
[2021.03.24-17.28.03:042][  0]LogConfig: Setting CVar [[r.DOF.Recombine.Quality:1                ; cheap slight out of focus]]
[2021.03.24-17.28.03:042][  0]LogConfig: Setting CVar [[r.DOF.Recombine.EnableBokehSettings:0    ; no bokeh simulation on slight out of focus]]
[2021.03.24-17.28.03:042][  0]LogConfig: Setting CVar [[r.DOF.TemporalAAQuality:1                ; more stable temporal accumulation]]
[2021.03.24-17.28.03:042][  0]LogConfig: Setting CVar [[r.DOF.Kernel.MaxForegroundRadius:0.025]]
[2021.03.24-17.28.03:042][  0]LogConfig: Setting CVar [[r.DOF.Kernel.MaxBackgroundRadius:0.025]]
[2021.03.24-17.28.03:042][  0]LogConfig: Applying CVar settings from Section [TextureQuality@3] File [E:/Github/GEP/GEPProject/Saved/Config/Windows/Scalability.ini]
[2021.03.24-17.28.03:042][  0]LogConfig: Setting CVar [[r.Streaming.MipBias:0]]
[2021.03.24-17.28.03:042][  0]LogConfig: Setting CVar [[r.Streaming.AmortizeCPUToGPUCopy:0]]
[2021.03.24-17.28.03:042][  0]LogConfig: Setting CVar [[r.Streaming.MaxNumTexturesToStreamPerFrame:0]]
[2021.03.24-17.28.03:043][  0]LogConfig: Setting CVar [[r.Streaming.Boost:1]]
[2021.03.24-17.28.03:043][  0]LogConfig: Setting CVar [[r.MaxAnisotropy:8]]
[2021.03.24-17.28.03:043][  0]LogConfig: Setting CVar [[r.VT.MaxAnisotropy:8]]
[2021.03.24-17.28.03:043][  0]LogConfig: Setting CVar [[r.Streaming.LimitPoolSizeToVRAM:0]]
[2021.03.24-17.28.03:043][  0]LogConfig: Setting CVar [[r.Streaming.PoolSize:1000]]
[2021.03.24-17.28.03:043][  0]LogConfig: Setting CVar [[r.Streaming.MaxEffectiveScreenSize:0]]
[2021.03.24-17.28.03:043][  0]LogConfig: Applying CVar settings from Section [EffectsQuality@3] File [E:/Github/GEP/GEPProject/Saved/Config/Windows/Scalability.ini]
[2021.03.24-17.28.03:043][  0]LogConfig: Setting CVar [[r.TranslucencyLightingVolumeDim:64]]
[2021.03.24-17.28.03:043][  0]LogConfig: Setting CVar [[r.RefractionQuality:2]]
[2021.03.24-17.28.03:043][  0]LogConfig: Setting CVar [[r.SSR.Quality:3]]
[2021.03.24-17.28.03:043][  0]LogConfig: Setting CVar [[r.SSR.HalfResSceneColor:0]]
[2021.03.24-17.28.03:043][  0]LogConfig: Setting CVar [[r.SceneColorFormat:4]]
[2021.03.24-17.28.03:043][  0]LogConfig: Setting CVar [[r.DetailMode:2]]
[2021.03.24-17.28.03:043][  0]LogConfig: Setting CVar [[r.TranslucencyVolumeBlur:1]]
[2021.03.24-17.28.03:043][  0]LogConfig: Setting CVar [[r.MaterialQualityLevel:1 ; High quality]]
[2021.03.24-17.28.03:043][  0]LogConfig: Setting CVar [[r.SSS.Scale:1]]
[2021.03.24-17.28.03:043][  0]LogConfig: Setting CVar [[r.SSS.SampleSet:2]]
[2021.03.24-17.28.03:043][  0]LogConfig: Setting CVar [[r.SSS.Quality:1]]
[2021.03.24-17.28.03:043][  0]LogConfig: Setting CVar [[r.SSS.HalfRes:0]]
[2021.03.24-17.28.03:043][  0]LogConfig: Setting CVar [[r.SSGI.Quality:3]]
[2021.03.24-17.28.03:043][  0]LogConfig: Setting CVar [[r.EmitterSpawnRateScale:1.0]]
[2021.03.24-17.28.03:043][  0]LogConfig: Setting CVar [[r.ParticleLightQuality:2]]
[2021.03.24-17.28.03:043][  0]LogConfig: Setting CVar [[r.SkyAtmosphere.AerialPerspectiveLUT.FastApplyOnOpaque:1 ; Always have FastSkyLUT 1 in this case to avoid wrong sky]]
[2021.03.24-17.28.03:043][  0]LogConfig: Setting CVar [[r.SkyAtmosphere.AerialPerspectiveLUT.SampleCountPerSlice:1]]
[2021.03.24-17.28.03:043][  0]LogConfig: Setting CVar [[r.SkyAtmosphere.AerialPerspectiveLUT.DepthResolution:16.0]]
[2021.03.24-17.28.03:043][  0]LogConfig: Setting CVar [[r.SkyAtmosphere.FastSkyLUT:1]]
[2021.03.24-17.28.03:043][  0]LogConfig: Setting CVar [[r.SkyAtmosphere.FastSkyLUT.SampleCountMin:4.0]]
[2021.03.24-17.28.03:043][  0]LogConfig: Setting CVar [[r.SkyAtmosphere.FastSkyLUT.SampleCountMax:32.0]]
[2021.03.24-17.28.03:043][  0]LogConfig: Setting CVar [[r.SkyAtmosphere.SampleCountMin:4.0]]
[2021.03.24-17.28.03:043][  0]LogConfig: Setting CVar [[r.SkyAtmosphere.SampleCountMax:32.0]]
[2021.03.24-17.28.03:043][  0]LogConfig: Setting CVar [[r.SkyAtmosphere.TransmittanceLUT.UseSmallFormat:0]]
[2021.03.24-17.28.03:043][  0]LogConfig: Setting CVar [[r.SkyAtmosphere.TransmittanceLUT.SampleCount:10.0]]
[2021.03.24-17.28.03:043][  0]LogConfig: Setting CVar [[r.SkyAtmosphere.MultiScatteringLUT.SampleCount:15.0]]
[2021.03.24-17.28.03:043][  0]LogConfig: Applying CVar settings from Section [FoliageQuality@3] File [E:/Github/GEP/GEPProject/Saved/Config/Windows/Scalability.ini]
[2021.03.24-17.28.03:043][  0]LogConfig: Setting CVar [[foliage.DensityScale:1.0]]
[2021.03.24-17.28.03:044][  0]LogConfig: Setting CVar [[grass.DensityScale:1.0]]
[2021.03.24-17.28.03:044][  0]LogConfig: Applying CVar settings from Section [ShadingQuality@3] File [E:/Github/GEP/GEPProject/Saved/Config/Windows/Scalability.ini]
[2021.03.24-17.28.03:044][  0]LogConfig: Setting CVar [[r.HairStrands.SkyLighting.SampleCount:16]]
[2021.03.24-17.28.03:044][  0]LogConfig: Setting CVar [[r.HairStrands.SkyLighting.JitterIntegration:0]]
[2021.03.24-17.28.03:044][  0]LogConfig: Setting CVar [[r.HairStrands.SkyAO.SampleCount:16]]
[2021.03.24-17.28.03:044][  0]LogConfig: Setting CVar [[r.HairStrands.DeepShadow.SuperSampling:0]]
[2021.03.24-17.28.03:044][  0]LogConfig: Setting CVar [[r.HairStrands.VisibilityPPLL:0]]
[2021.03.24-17.28.03:044][  0]LogConfig: Setting CVar [[r.HairStrands.RasterizationScale:0.5]]
[2021.03.24-17.28.03:044][  0]LogConfig: Setting CVar [[r.HairStrands.VelocityRasterizationScale:1]]
[2021.03.24-17.28.03:044][  0]LogConfig: Applying CVar settings from Section [Startup] File [../../../Engine/Config/ConsoleVariables.ini]
[2021.03.24-17.28.03:044][  0]LogConfig: Setting CVar [[net.UseAdaptiveNetUpdateFrequency:0]]
[2021.03.24-17.28.03:044][  0]LogConfig: Setting CVar [[p.chaos.AllowCreatePhysxBodies:1]]
[2021.03.24-17.28.03:044][  0]LogConfig: Setting CVar [[fx.SkipVectorVMBackendOptimizations:1]]
[2021.03.24-17.28.03:044][  0]LogConfig: Applying CVar settings from Section [ConsoleVariables] File [E:/Github/GEP/GEPProject/Saved/Config/Windows/Engine.ini]
[2021.03.24-17.28.03:045][  0]LogInit: Computer: DESKTOP-8MPSU4G
[2021.03.24-17.28.03:045][  0]LogInit: User: cathan
[2021.03.24-17.28.03:045][  0]LogInit: CPU Page size=4096, Cores=8
[2021.03.24-17.28.03:045][  0]LogInit: High frequency timer resolution =10.000000 MHz
[2021.03.24-17.28.03:045][  0]LogMemory: Memory total: Physical=15.9GB (16GB approx)
[2021.03.24-17.28.03:045][  0]LogMemory: Platform Memory Stats for Windows
[2021.03.24-17.28.03:045][  0]LogMemory: Process Physical Memory: 118.35 MB used, 118.35 MB peak
[2021.03.24-17.28.03:045][  0]LogMemory: Process Virtual Memory: 112.13 MB used, 112.13 MB peak
[2021.03.24-17.28.03:045][  0]LogMemory: Physical Memory: 13738.52 MB used,  2591.96 MB free, 16330.47 MB total
[2021.03.24-17.28.03:045][  0]LogMemory: Virtual Memory: 5200.97 MB used,  134212528.00 MB free, 134217728.00 MB total
[2021.03.24-17.28.03:062][  0]LogWindows: WindowsPlatformFeatures enabled
[2021.03.24-17.28.03:179][  0]LogInit: Physics initialised using underlying interface: PhysX
[2021.03.24-17.28.03:180][  0]LogInit: Using OS detected language (en-GB).
[2021.03.24-17.28.03:180][  0]LogInit: Using OS detected locale (en-GB).
[2021.03.24-17.28.03:189][  0]LogTextLocalizationManager: No specific localization for 'en-GB' exists, so the 'en' localization will be used.
[2021.03.24-17.28.03:725][  0]LogSlate: New Slate User Created.  User Index 0, Is Virtual User: 0
[2021.03.24-17.28.03:725][  0]LogSlate: Slate User Registered.  User Index 0, Is Virtual User: 0
[2021.03.24-17.28.03:742][  0]LogHMD: Failed to initialize OpenVR with code 110
[2021.03.24-17.28.03:742][  0]LogD3D11RHI: D3D11 min allowed feature level: 11_0
[2021.03.24-17.28.03:742][  0]LogD3D11RHI: D3D11 max allowed feature level: 11_0
[2021.03.24-17.28.03:742][  0]LogD3D11RHI: D3D11 adapters:
[2021.03.24-17.28.03:913][  0]LogD3D11RHI:    0. 'NVIDIA GeForce RTX 2060' (Feature Level 11_0)
[2021.03.24-17.28.03:913][  0]LogD3D11RHI:       5980/0/8165 MB DedicatedVideo/DedicatedSystem/SharedSystem, Outputs:3, VendorId:0x10de
[2021.03.24-17.28.03:919][  0]LogD3D11RHI:    1. 'Microsoft Basic Render Driver' (Feature Level 11_0)
[2021.03.24-17.28.03:919][  0]LogD3D11RHI:       0/0/8165 MB DedicatedVideo/DedicatedSystem/SharedSystem, Outputs:0, VendorId:0x1414
[2021.03.24-17.28.03:919][  0]LogD3D11RHI: Chosen D3D11 Adapter: 0
[2021.03.24-17.28.03:936][  0]LogD3D11RHI: Creating new Direct3DDevice
[2021.03.24-17.28.03:936][  0]LogD3D11RHI:     GPU DeviceId: 0x1f08 (for the marketing name, search the web for "GPU Device Id")
[2021.03.24-17.28.03:937][  0]LogWindows: EnumDisplayDevices:
[2021.03.24-17.28.03:937][  0]LogWindows:    0. 'NVIDIA GeForce RTX 2060' (P:1 D:1)
[2021.03.24-17.28.03:937][  0]LogWindows:    1. 'NVIDIA GeForce RTX 2060' (P:0 D:1)
[2021.03.24-17.28.03:937][  0]LogWindows:    2. 'NVIDIA GeForce RTX 2060' (P:0 D:1)
[2021.03.24-17.28.03:938][  0]LogWindows:    3. 'NVIDIA GeForce RTX 2060' (P:0 D:0)
[2021.03.24-17.28.03:938][  0]LogWindows: DebugString: FoundDriverCount:4 
[2021.03.24-17.28.03:938][  0]LogD3D11RHI:     Adapter Name: NVIDIA GeForce RTX 2060
[2021.03.24-17.28.03:938][  0]LogD3D11RHI:   Driver Version: 460.79 (internal:27.21.14.6079, unified:460.79)
[2021.03.24-17.28.03:938][  0]LogD3D11RHI:      Driver Date: 12-3-2020
[2021.03.24-17.28.03:938][  0]LogRHI: Texture pool is 4186 MB (70% of 5980 MB)
[2021.03.24-17.28.04:054][  0]LogD3D11RHI: RHI has support for 64 bit atomics
[2021.03.24-17.28.04:055][  0]LogD3D11RHI: Async texture creation enabled
[2021.03.24-17.28.04:055][  0]LogD3D11RHI: Array index from any shader is supported
[2021.03.24-17.28.04:116][  0]LogD3D11RHI: GPU Timing Frequency: 1000.000000 (Debug: 2 1)
[2021.03.24-17.28.04:573][  0]LogTargetPlatformManager: Display: Loaded TargetPlatform 'WindowsNoEditor'
[2021.03.24-17.28.04:583][  0]LogTargetPlatformManager: Display: Loaded TargetPlatform 'Windows'
[2021.03.24-17.28.04:599][  0]LogTargetPlatformManager: Display: Loaded TargetPlatform 'WindowsClient'
[2021.03.24-17.28.04:616][  0]LogTargetPlatformManager: Display: Loaded TargetPlatform 'WindowsServer'
[2021.03.24-17.28.04:616][  0]LogTargetPlatformManager: Display: Building Assets For Windows
[2021.03.24-17.28.04:635][  0]LogAudioDebug: Display: Lib vorbis DLL was dynamically loaded.
[2021.03.24-17.28.04:764][  0]LogShaderCompilers: Guid format shader working directory is 9 characters bigger than the processId version (../../../../../Github/GEP/GEPProject/Intermediate/Shaders/WorkingDirectory/371812/).
[2021.03.24-17.28.04:764][  0]LogShaderCompilers: Cleaned the shader compiler working directory 'C:/Users/cathan/AppData/Local/Temp/UnrealShaderWorkingDir/CC40B4874C0A6B4B6C9BC9B3C9DAEDEA/'.
[2021.03.24-17.28.04:766][  0]LogXGEController: Cannot use XGE Controller as Incredibuild is not installed on this machine.
[2021.03.24-17.28.04:766][  0]LogShaderCompilers: Cannot use XGE Shader Compiler as Incredibuild is not installed on this machine.
[2021.03.24-17.28.04:766][  0]LogShaderCompilers: Display: Using Local Shader Compiler.
[2021.03.24-17.28.05:825][  0]LogDerivedDataCache: Display: Max Cache Size: 512 MB
[2021.03.24-17.28.06:058][  0]LogDerivedDataCache: Loaded boot cache 0.23s 76MB C:/Users/cathan/AppData/Local/UnrealEngine/4.25/DerivedDataCache/Boot.ddc.
[2021.03.24-17.28.06:058][  0]LogDerivedDataCache: Display: Loaded Boot cache: C:/Users/cathan/AppData/Local/UnrealEngine/4.25/DerivedDataCache/Boot.ddc
[2021.03.24-17.28.06:058][  0]LogDerivedDataCache: FDerivedDataBackendGraph:  Pak pak cache file ../../../../../Github/GEP/GEPProject/DerivedDataCache/DDC.ddp not found, will not use a pak cache.
[2021.03.24-17.28.06:058][  0]LogDerivedDataCache: Unable to find inner node Pak for hierarchical cache Hierarchy.
[2021.03.24-17.28.06:058][  0]LogDerivedDataCache: FDerivedDataBackendGraph:  CompressedPak pak cache file ../../../../../Github/GEP/GEPProject/DerivedDataCache/Compressed.ddp not found, will not use a pak cache.
[2021.03.24-17.28.06:058][  0]LogDerivedDataCache: Unable to find inner node CompressedPak for hierarchical cache Hierarchy.
[2021.03.24-17.28.06:073][  0]LogDerivedDataCache: Display: Pak cache opened for reading ../../../Engine/DerivedDataCache/Compressed.ddp.
[2021.03.24-17.28.06:073][  0]LogDerivedDataCache: FDerivedDataBackendGraph:  EnterprisePak pak cache file ../../../Enterprise/DerivedDataCache/Compressed.ddp not found, will not use a pak cache.
[2021.03.24-17.28.06:073][  0]LogDerivedDataCache: Unable to find inner node EnterprisePak for hierarchical cache Hierarchy.
[2021.03.24-17.28.06:076][  0]LogDerivedDataCache: Using Local data cache path C:/Users/cathan/AppData/Local/UnrealEngine/Common/DerivedDataCache: Writable
[2021.03.24-17.28.06:076][  0]LogDerivedDataCache: Shared data cache path not found in *engine.ini, will not use an Shared cache.
[2021.03.24-17.28.06:076][  0]LogDerivedDataCache: Unable to find inner node Shared for hierarchical cache Hierarchy.
[2021.03.24-17.28.06:126][  0]LogSlate: Using FreeType 2.10.0
[2021.03.24-17.28.06:129][  0]LogSlate: SlateFontServices - WITH_FREETYPE: 1, WITH_HARFBUZZ: 1
[2021.03.24-17.28.06:246][  0]LogInit: Using OS detected language (en-GB).
[2021.03.24-17.28.06:246][  0]LogInit: Using OS detected locale (en-GB).
[2021.03.24-17.28.06:246][  0]LogTextLocalizationManager: No localization for 'en-GB' exists, so 'en' will be used for the language.
[2021.03.24-17.28.06:246][  0]LogTextLocalizationManager: No localization for 'en-GB' exists, so 'en' will be used for the locale.
[2021.03.24-17.28.06:246][  0]LogSlate: FontCache flush requested. Reason: Culture for localization was changed
[2021.03.24-17.28.06:246][  0]LogSlate: FontCache flush requested. Reason: Culture for localization was changed
[2021.03.24-17.28.06:247][  0]LogTextLocalizationManager: Compacting localization data took   0.01ms
[2021.03.24-17.28.06:252][  0]LogAssetRegistry: FAssetRegistry took 0.0027 seconds to start up
[2021.03.24-17.28.06:499][  0]LogPackageLocalizationCache: Processed 19 localized package path(s) for 1 prioritized culture(s) in 0.001291 seconds
[2021.03.24-17.28.06:563][  0]LogInit: Selected Device Profile: [Windows]
[2021.03.24-17.28.06:715][  0]LogMeshReduction: Using QuadricMeshReduction for automatic static mesh reduction
[2021.03.24-17.28.06:715][  0]LogMeshReduction: Using SimplygonMeshReduction for automatic skeletal mesh reduction
[2021.03.24-17.28.06:715][  0]LogMeshReduction: Using ProxyLODMeshReduction for automatic mesh merging
[2021.03.24-17.28.06:715][  0]LogMeshReduction: No distributed automatic mesh merging module available
[2021.03.24-17.28.06:715][  0]LogMeshMerging: No distributed automatic mesh merging module available
[2021.03.24-17.28.06:745][  0]LogNetVersion: GEPProject 1.0.0, NetCL: 13144385, EngineNetVer: 14, GameNetVer: 0 (Checksum: 386946200)
[2021.03.24-17.28.07:139][  0]LogAISub: UAISubsystem::UAISubsystem AISubsystem (000001B1754FB880), frame # 0
[2021.03.24-17.28.07:139][  0]LogAISub: UAISubsystem::UAISubsystem AIPerceptionSystem (000001B1755307C0), frame # 0
[2021.03.24-17.28.07:141][  0]LogAISub: UAISubsystem::UAISubsystem EnvQueryManager (000001B1754EFC00), frame # 0
[2021.03.24-17.28.07:322][  0]LogCollectionManager: Loaded 0 collections in 0.001497 seconds
[2021.03.24-17.28.07:327][  0]LogFileCache: Scanning file cache for directory 'E:/Github/GEP/GEPProject/Saved/Collections/' took 0.00s
[2021.03.24-17.28.07:327][  0]LogFileCache: Scanning file cache for directory 'E:/Github/GEP/GEPProject/Content/Developers/cathan/Collections/' took 0.00s
[2021.03.24-17.28.07:327][  0]LogFileCache: Scanning file cache for directory 'E:/Github/GEP/GEPProject/Content/Collections/' took 0.00s
[2021.03.24-17.28.07:327][  0]LogCollectionManager: Fixed up redirectors for 0 collections in 0.000004 seconds (updated 0 objects)
[2021.03.24-17.28.07:457][  0]LogMoviePlayer: Initializing movie player
[2021.03.24-17.28.07:760][  0]LogTcpMessaging: Initializing TcpMessaging bridge
[2021.03.24-17.28.07:768][  0]LogUdpMessaging: Initializing bridge on interface 0.0.0.0:0 to multicast group 230.0.0.1:6666.
[2021.03.24-17.28.07:851][  0]SourceControl: Source control is disabled
[2021.03.24-17.28.07:851][  0]SourceControl: Source control is disabled
[2021.03.24-17.28.07:865][  0]SourceControl: Source control is disabled
[2021.03.24-17.28.08:139][  0]LogAndroidPermission: UAndroidPermissionCallbackProxy::GetInstance
[2021.03.24-17.28.08:178][  0]LogAudioCaptureCore: Display: No Audio Capture implementations found. Audio input will be silent.
[2021.03.24-17.28.08:178][  0]LogAudioCaptureCore: Display: No Audio Capture implementations found. Audio input will be silent.
[2021.03.24-17.28.08:256][  0]LogOcInput: OculusInput pre-init called
[2021.03.24-17.28.08:280][  0]LogUObjectArray: 19436 objects as part of root set at end of initial load.
[2021.03.24-17.28.08:280][  0]LogUObjectAllocator: 5206912 out of 0 bytes used by permanent object pool.
[2021.03.24-17.28.08:280][  0]LogUObjectArray: CloseDisregardForGC: 0/0 objects in disregard for GC pool
[2021.03.24-17.28.08:336][  0]LogClass: Warning: FUpgrade::upgradeType is not initialized properly
[2021.03.24-17.28.08:336][  0]LogClass: Display: 1 Uninitialized script stuct members found
[2021.03.24-17.28.08:337][  0]LogAutomationTest: Warning: FUpgrade::upgradeType is not initialized properly
[2021.03.24-17.28.08:337][  0]LogEngine: Initializing Engine...
[2021.03.24-17.28.08:339][  0]LogHMD: Failed to initialize OpenVR with code 110
[2021.03.24-17.28.08:339][  0]LogMagicLeap: Warning: VR disabled because ZI is not enabled.  To enable, in the editor, Edit -> Project Settings -> Plugins -> Magic Leap Plugin -> Enable Zero Iteration
[2021.03.24-17.28.08:341][  0]LogStats: UGameplayTagsManager::InitializeManager -  0.000 s
[2021.03.24-17.28.08:473][  0]LogInit: Initializing FReadOnlyCVARCache
[2021.03.24-17.28.08:484][  0]LogAudioMixer: Display: Audio Mixer Platform Settings:
[2021.03.24-17.28.08:484][  0]LogAudioMixer: Display: 	Sample Rate:						  48000
[2021.03.24-17.28.08:484][  0]LogAudioMixer: Display: 	Callback Buffer Frame Size Requested: 1024
[2021.03.24-17.28.08:484][  0]LogAudioMixer: Display: 	Callback Buffer Frame Size To Use:	  1024
[2021.03.24-17.28.08:484][  0]LogAudioMixer: Display: 	Number of buffers to queue:			  2
[2021.03.24-17.28.08:484][  0]LogAudioMixer: Display: 	Max Channels (voices):				  32
[2021.03.24-17.28.08:484][  0]LogAudioMixer: Display: 	Number of Async Source Workers:		  0
[2021.03.24-17.28.08:484][  0]LogAudio: Display: AudioDevice MaxSources: 32
[2021.03.24-17.28.08:484][  0]LogAudio: Display: Using built-in audio occlusion.
[2021.03.24-17.28.08:484][  0]LogAudioMixer: Display: Initializing audio mixer.
[2021.03.24-17.28.08:509][  0]LogAudioMixer: Display: 0: FrontLeft
[2021.03.24-17.28.08:509][  0]LogAudioMixer: Display: 1: FrontRight
[2021.03.24-17.28.08:555][  0]LogAudioMixer: Display: Using Audio Device Speakers (5- Focusrite Usb Audio)
[2021.03.24-17.28.08:563][  0]LogAudioMixer: Display: Initializing Sound Submixes...
[2021.03.24-17.28.08:566][  0]LogAudioMixer: Display: Creating Master Submix 'MasterSubmixDefault'
[2021.03.24-17.28.08:566][  0]LogAudioMixer: Display: Creating Master Submix 'MasterReverbSubmixDefault'
[2021.03.24-17.28.08:567][  0]LogAudioMixer: Display: Creating Master Submix 'MasterEQSubmixDefault'
[2021.03.24-17.28.08:569][  0]LogInit: FAudioDevice initialized.
[2021.03.24-17.28.08:571][  0]LogNetVersion: Set ProjectVersion to 1.0.0.0. Version Checksum will be recalculated on next use.
[2021.03.24-17.28.08:572][  0]LogInit: Texture streaming: Enabled
[2021.03.24-17.28.08:689][  0]LogSlate: Updating window title bar state: overlay mode, drag disabled, window buttons hidden, title bar hidden
[2021.03.24-17.28.08:690][  0]LogInit: Display: Game Engine Initialized.
[2021.03.24-17.28.08:691][  0]LogNiagaraEditor: Warning: GEditor isn't valid! Particle reset commands will not work for Niagara components!
[2021.03.24-17.28.08:744][  0]LogInit: Display: Starting Game.
[2021.03.24-17.28.08:745][  0]LogNet: Browse: /Game/GameLevel?Name=Player
[2021.03.24-17.28.08:745][  0]LogLoad: LoadMap: /Game/GameLevel?Name=Player
[2021.03.24-17.28.08:745][  0]LogWorld: BeginTearingDown for /Temp/Untitled_0
[2021.03.24-17.28.08:746][  0]LogWorld: UWorld::CleanupWorld for Untitled, bSessionEnded=true, bCleanupResources=true
[2021.03.24-17.28.08:747][  0]LogSlate: InvalidateAllWidgets triggered.  All widgets were invalidated
[2021.03.24-17.28.08:772][  0]LogUObjectHash: Compacting FUObjectHashTables data took   0.82ms
[2021.03.24-17.28.09:326][  0]LogAIModule: Creating AISystem for world GameLevel
[2021.03.24-17.28.09:326][  0]LogAISub: UAISubsystem::UAISubsystem EnvQueryManager (000001B16ACC5600), frame # 0
[2021.03.24-17.28.09:326][  0]LogAISub: UAISubsystem::UAISubsystem AIPerceptionSystem (000001B175F979C0), frame # 0
[2021.03.24-17.28.09:344][  0]LogLoad: Game class is 'BP_GEPGamemode_C'
[2021.03.24-17.28.09:344][  0]LogActor: Warning: BP_GEPGamemode_C /Game/GameLevel.GameLevel:PersistentLevel.BP_GEPGamemode_C_0 has natively added scene component(s), but none of them were set as the actor's RootComponent - picking one arbitrarily
[2021.03.24-17.28.09:352][  0]LogWorld: Bringing World /Game/GameLevel.GameLevel up for play (max tick rate 0) at 2021.03.24-17.28.09
[2021.03.24-17.28.09:353][  0]LogWorld: Bringing up level for play took: 0.007653
[2021.03.24-17.28.09:356][  0]LogOutputDevice: Warning: 

Script Stack (2 frames):
GEPProjectCharacter.Init
GEPPlayerController.Init

[2021.03.24-17.28.09:827][  0]LogStats: FPlatformStackWalk::StackWalkAndDump -  0.471 s
[2021.03.24-17.28.09:827][  0]LogOutputDevice: Error: === Handled ensure: ===
[2021.03.24-17.28.09:827][  0]LogOutputDevice: Error: 
[2021.03.24-17.28.09:827][  0]LogOutputDevice: Error: Ensure condition failed: ActorHasBegunPlay == EActorBeginPlayState::BeginningPlay [File:D:/Build/++UE4/Sync/Engine/Source/Runtime/Engine/Private/Actor.cpp] [Line: 3421]
[2021.03.24-17.28.09:827][  0]LogOutputDevice: Error: BeginPlay was called on actor /Game/GameLevel.GameLevel:PersistentLevel.BP_PlayerCharacter_C_0 which was in state 0
[2021.03.24-17.28.09:827][  0]LogOutputDevice: Error: Stack: 
[2021.03.24-17.28.09:827][  0]LogOutputDevice: Error: [Callstack] 0x00007ff9b47dc730 UE4Editor-Engine.dll!UnknownFunction []
[2021.03.24-17.28.09:827][  0]LogOutputDevice: Error: [Callstack] 0x00007ff9b2f64aa1 UE4Editor-Engine.dll!UnknownFunction []
[2021.03.24-17.28.09:827][  0]LogOutputDevice: Error: [Callstack] 0x00007ff9e4500b34 UE4Editor-CoreUObject.dll!UnknownFunction []
[2021.03.24-17.28.09:827][  0]LogOutputDevice: Error: [Callstack] 0x00007ff9e4774753 UE4Editor-CoreUObject.dll!UnknownFunction []
[2021.03.24-17.28.09:827][  0]LogOutputDevice: Error: [Callstack] 0x00007ff9b2f9afe5 UE4Editor-Engine.dll!UnknownFunction []
[2021.03.24-17.28.09:827][  0]LogOutputDevice: Error: [Callstack] 0x00007ffa64a8910d UE4Editor-GEPProject-6754.dll!AGEPPlayerController::Init_Implementation() [E:\Github\GEP\GEPProject\Source\GEPProject\Player\GEPPlayerController.cpp:45]
[2021.03.24-17.28.09:827][  0]LogOutputDevice: Error: [Callstack] 0x00007ff9e4500b34 UE4Editor-CoreUObject.dll!UnknownFunction []
[2021.03.24-17.28.09:827][  0]LogOutputDevice: Error: [Callstack] 0x00007ff9e4774753 UE4Editor-CoreUObject.dll!UnknownFunction []
[2021.03.24-17.28.09:827][  0]LogOutputDevice: Error: [Callstack] 0x00007ff9b2f9afe5 UE4Editor-Engine.dll!UnknownFunction []
[2021.03.24-17.28.09:827][  0]LogOutputDevice: Error: [Callstack] 0x00007ffa64a8a2bb UE4Editor-GEPProject-6754.dll!AGEPProjectGameMode::PostLogin() [E:\Github\GEP\GEPProject\Source\GEPProject\GEPProjectGameMode.cpp:43]
[2021.03.24-17.28.09:827][  0]LogOutputDevice: Error: [Callstack] 0x00007ff9b3825099 UE4Editor-Engine.dll!UnknownFunction []
[2021.03.24-17.28.09:827][  0]LogOutputDevice: Error: [Callstack] 0x00007ff9b3874f9d UE4Editor-Engine.dll!UnknownFunction []
[2021.03.24-17.28.09:827][  0]LogOutputDevice: Error: [Callstack] 0x00007ff9b40eadf8 UE4Editor-Engine.dll!UnknownFunction []
[2021.03.24-17.28.09:827][  0]LogOutputDevice: Error: [Callstack] 0x00007ff9b4093882 UE4Editor-Engine.dll!UnknownFunction []
[2021.03.24-17.28.09:827][  0]LogOutputDevice: Error: [Callstack] 0x00007ff9b367355d UE4Editor-Engine.dll!UnknownFunction []
[2021.03.24-17.28.09:827][  0]LogOutputDevice: Error: [Callstack] 0x00007ff635092e44 UE4Editor.exe!UnknownFunction []
[2021.03.24-17.28.09:827][  0]LogOutputDevice: Error: [Callstack] 0x00007ff6350ab902 UE4Editor.exe!UnknownFunction []
[2021.03.24-17.28.09:827][  0]LogOutputDevice: Error: [Callstack] 0x00007ff6350abb5a UE4Editor.exe!UnknownFunction []
[2021.03.24-17.28.09:827][  0]LogOutputDevice: Error: [Callstack] 0x00007ff6350be31d UE4Editor.exe!UnknownFunction []
[2021.03.24-17.28.09:827][  0]LogOutputDevice: Error: [Callstack] 0x00007ff6350c145a UE4Editor.exe!UnknownFunction []
[2021.03.24-17.28.09:828][  0]LogOutputDevice: Error: [Callstack] 0x00007ffa76826fd4 KERNEL32.DLL!UnknownFunction []
[2021.03.24-17.28.09:828][  0]LogOutputDevice: Error: [Callstack] 0x00007ffa7755cec1 ntdll.dll!UnknownFunction []
[2021.03.24-17.28.09:828][  0]LogOutputDevice: Error: 
[2021.03.24-17.28.09:837][  0]LogStats:                SubmitErrorReport -  0.000 s
[2021.03.24-17.28.12:019][  0]LogStats:                    SendNewReport -  2.181 s
[2021.03.24-17.28.12:019][  0]LogStats:             FDebug::EnsureFailed -  2.663 s
[2021.03.24-17.28.12:031][  0]LogLoad: Took 3.285277 seconds to LoadMap(/Game/GameLevel)
[2021.03.24-17.28.12:142][  0]LogRenderer: Reallocating scene render targets to support 1280x720 Format 10 NumSamples 1 (Frame:1).
[2021.03.24-17.28.12:142][  0]LogLoad: (Engine Initialization) Total time: 12.57 seconds
[2021.03.24-17.28.12:142][  0]LogLoad: (Engine Initialization) Total Blueprint compile time: 0.00 seconds
[2021.03.24-17.28.12:194][  0]LogContentStreaming: Texture pool size now 1000 MB
[2021.03.24-17.28.12:203][  0]LogSlate: InvalidateAllWidgets triggered.  All widgets were invalidated
[2021.03.24-17.28.13:179][140]LogActor: Warning: BP_DefaultEnemy_C /Game/GameLevel.GameLevel:PersistentLevel.BP_DefaultEnemy_C_0 has natively added scene component(s), but none of them were set as the actor's RootComponent - picking one arbitrarily
[2021.03.24-17.28.14:183][312]LogActor: Warning: BP_DefaultEnemy_C /Game/GameLevel.GameLevel:PersistentLevel.BP_DefaultEnemy_C_1 has natively added scene component(s), but none of them were set as the actor's RootComponent - picking one arbitrarily
[2021.03.24-17.28.15:186][445]LogActor: Warning: BP_DefaultEnemyLv3_C /Game/GameLevel.GameLevel:PersistentLevel.BP_DefaultEnemyLv3_C_0 has natively added scene component(s), but none of them were set as the actor's RootComponent - picking one arbitrarily
[2021.03.24-17.28.16:192][559]LogActor: Warning: BP_DefaultEnemyLvl2_C /Game/GameLevel.GameLevel:PersistentLevel.BP_DefaultEnemyLvl2_C_0 has natively added scene component(s), but none of them were set as the actor's RootComponent - picking one arbitrarily
[2021.03.24-17.28.17:194][674]LogActor: Warning: BP_DefaultEnemyLvl2_C /Game/GameLevel.GameLevel:PersistentLevel.BP_DefaultEnemyLvl2_C_1 has natively added scene component(s), but none of them were set as the actor's RootComponent - picking one arbitrarily
[2021.03.24-17.28.18:198][787]LogActor: Warning: BP_DefaultEnemy_C /Game/GameLevel.GameLevel:PersistentLevel.BP_DefaultEnemy_C_2 has natively added scene component(s), but none of them were set as the actor's RootComponent - picking one arbitrarily
[2021.03.24-17.28.19:204][892]LogActor: Warning: BP_DefaultEnemyLvl2_C /Game/GameLevel.GameLevel:PersistentLevel.BP_DefaultEnemyLvl2_C_2 has natively added scene component(s), but none of them were set as the actor's RootComponent - picking one arbitrarily
[2021.03.24-17.28.20:210][  2]LogActor: Warning: BP_DefaultEnemy_C /Game/GameLevel.GameLevel:PersistentLevel.BP_DefaultEnemy_C_3 has natively added scene component(s), but none of them were set as the actor's RootComponent - picking one arbitrarily
[2021.03.24-17.28.21:211][111]LogActor: Warning: BP_DefaultEnemyLv3_C /Game/GameLevel.GameLevel:PersistentLevel.BP_DefaultEnemyLv3_C_1 has natively added scene component(s), but none of them were set as the actor's RootComponent - picking one arbitrarily
[2021.03.24-17.28.21:355][127]LogParticles: Warning: GameplayStatics::SpawnEmitterAtLocation spawned potentially immortal particle system! /Game/GameLevel.GameLevel:PersistentLevel.WorldSettings_1.ParticleSystemComponent_4 (/Game/Particles/P_MuzzleFlash.P_MuzzleFlash) may stay in world despite never spawning particles after burst spawning is over.
[2021.03.24-17.28.21:355][127]LogParticles: Warning: GameplayStatics::SpawnEmitterAtLocation spawned potentially immortal particle system! /Game/GameLevel.GameLevel:PersistentLevel.WorldSettings_1.ParticleSystemComponent_6 (/Game/Particles/P_HitParticle.P_HitParticle) may stay in world despite never spawning particles after burst spawning is over.
[2021.03.24-17.28.22:215][205]LogActor: Warning: BP_DefaultEnemyLvl2_C /Game/GameLevel.GameLevel:PersistentLevel.BP_DefaultEnemyLvl2_C_3 has natively added scene component(s), but none of them were set as the actor's RootComponent - picking one arbitrarily
[2021.03.24-17.28.22:336][222]LogParticles: Warning: GameplayStatics::SpawnEmitterAtLocation spawned potentially immortal particle system! /Game/GameLevel.GameLevel:PersistentLevel.WorldSettings_1.ParticleSystemComponent_8 (/Game/Particles/P_MuzzleFlash.P_MuzzleFlash) may stay in world despite never spawning particles after burst spawning is over.
[2021.03.24-17.28.22:336][222]LogParticles: Warning: GameplayStatics::SpawnEmitterAtLocation spawned potentially immortal particle system! /Game/GameLevel.GameLevel:PersistentLevel.WorldSettings_1.ParticleSystemComponent_10 (/Game/Particles/P_HitParticle.P_HitParticle) may stay in world despite never spawning particles after burst spawning is over.
[2021.03.24-17.28.23:123][345]LogParticles: Warning: GameplayStatics::SpawnEmitterAtLocation spawned potentially immortal particle system! /Game/GameLevel.GameLevel:PersistentLevel.WorldSettings_1.ParticleSystemComponent_11 (/Game/Particles/P_MuzzleFlash.P_MuzzleFlash) may stay in world despite never spawning particles after burst spawning is over.
[2021.03.24-17.28.23:124][345]LogParticles: Warning: GameplayStatics::SpawnEmitterAtLocation spawned potentially immortal particle system! /Game/GameLevel.GameLevel:PersistentLevel.WorldSettings_1.ParticleSystemComponent_13 (/Game/Particles/P_HitParticle.P_HitParticle) may stay in world despite never spawning particles after burst spawning is over.
[2021.03.24-17.28.23:222][360]LogActor: Warning: BP_DefaultEnemyLv3_C /Game/GameLevel.GameLevel:PersistentLevel.BP_DefaultEnemyLv3_C_2 has natively added scene component(s), but none of them were set as the actor's RootComponent - picking one arbitrarily
[2021.03.24-17.28.24:226][473]LogActor: Warning: BP_DefaultEnemyLv3_C /Game/GameLevel.GameLevel:PersistentLevel.BP_DefaultEnemyLv3_C_3 has natively added scene component(s), but none of them were set as the actor's RootComponent - picking one arbitrarily
[2021.03.24-17.28.25:232][593]LogActor: Warning: BP_DefaultEnemyLv3_C /Game/GameLevel.GameLevel:PersistentLevel.BP_DefaultEnemyLv3_C_4 has natively added scene component(s), but none of them were set as the actor's RootComponent - picking one arbitrarily
[2021.03.24-17.28.26:237][714]LogActor: Warning: BP_DefaultEnemyLv3_C /Game/GameLevel.GameLevel:PersistentLevel.BP_DefaultEnemyLv3_C_5 has natively added scene component(s), but none of them were set as the actor's RootComponent - picking one arbitrarily
[2021.03.24-17.28.27:240][793]LogActor: Warning: BP_DefaultEnemyLvl2_C /Game/GameLevel.GameLevel:PersistentLevel.BP_DefaultEnemyLvl2_C_4 has natively added scene component(s), but none of them were set as the actor's RootComponent - picking one arbitrarily
[2021.03.24-17.28.28:252][873]LogActor: Warning: BP_DefaultEnemy_C /Game/GameLevel.GameLevel:PersistentLevel.BP_DefaultEnemy_C_4 has natively added scene component(s), but none of them were set as the actor's RootComponent - picking one arbitrarily
[2021.03.24-17.28.29:252][961]LogActor: Warning: BP_DefaultEnemyLv3_C /Game/GameLevel.GameLevel:PersistentLevel.BP_DefaultEnemyLv3_C_6 has natively added scene component(s), but none of them were set as the actor's RootComponent - picking one arbitrarily
[2021.03.24-17.28.30:254][ 45]LogActor: Warning: BP_DefaultEnemy_C /Game/GameLevel.GameLevel:PersistentLevel.BP_DefaultEnemy_C_5 has natively added scene component(s), but none of them were set as the actor's RootComponent - picking one arbitrarily
[2021.03.24-17.28.31:255][144]LogActor: Warning: BP_DefaultEnemy_C /Game/GameLevel.GameLevel:PersistentLevel.BP_DefaultEnemy_C_6 has natively added scene component(s), but none of them were set as the actor's RootComponent - picking one arbitrarily
[2021.03.24-17.28.32:264][251]LogActor: Warning: BP_DefaultEnemy_C /Game/GameLevel.GameLevel:PersistentLevel.BP_DefaultEnemy_C_7 has natively added scene component(s), but none of them were set as the actor's RootComponent - picking one arbitrarily
[2021.03.24-17.28.33:266][352]LogActor: Warning: BP_DefaultEnemyLv3_C /Game/GameLevel.GameLevel:PersistentLevel.BP_DefaultEnemyLv3_C_7 has natively added scene component(s), but none of them were set as the actor's RootComponent - picking one arbitrarily
[2021.03.24-17.28.34:271][462]LogActor: Warning: BP_DefaultEnemyLv3_C /Game/GameLevel.GameLevel:PersistentLevel.BP_DefaultEnemyLv3_C_8 has natively added scene component(s), but none of them were set as the actor's RootComponent - picking one arbitrarily
[2021.03.24-17.28.35:277][571]LogActor: Warning: BP_DefaultEnemyLvl2_C /Game/GameLevel.GameLevel:PersistentLevel.BP_DefaultEnemyLvl2_C_5 has natively added scene component(s), but none of them were set as the actor's RootComponent - picking one arbitrarily
[2021.03.24-17.28.36:280][670]LogActor: Warning: BP_DefaultEnemyLvl2_C /Game/GameLevel.GameLevel:PersistentLevel.BP_DefaultEnemyLvl2_C_6 has natively added scene component(s), but none of them were set as the actor's RootComponent - picking one arbitrarily
[2021.03.24-17.28.37:130][753]LogParticles: Warning: GameplayStatics::SpawnEmitterAtLocation spawned potentially immortal particle system! /Game/GameLevel.GameLevel:PersistentLevel.WorldSettings_1.ParticleSystemComponent_25 (/Game/Particles/P_MuzzleFlash.P_MuzzleFlash) may stay in world despite never spawning particles after burst spawning is over.
[2021.03.24-17.28.37:130][753]LogParticles: Warning: GameplayStatics::SpawnEmitterAtLocation spawned potentially immortal particle system! /Game/GameLevel.GameLevel:PersistentLevel.WorldSettings_1.ParticleSystemComponent_26 (/Game/Particles/P_HitParticle.P_HitParticle) may stay in world despite never spawning particles after burst spawning is over.
[2021.03.24-17.28.37:286][768]LogActor: Warning: BP_DefaultEnemy_C /Game/GameLevel.GameLevel:PersistentLevel.BP_DefaultEnemy_C_8 has natively added scene component(s), but none of them were set as the actor's RootComponent - picking one arbitrarily
[2021.03.24-17.28.38:285][876]LogActor: Warning: BP_DefaultEnemyLvl2_C /Game/GameLevel.GameLevel:PersistentLevel.BP_DefaultEnemyLvl2_C_7 has natively added scene component(s), but none of them were set as the actor's RootComponent - picking one arbitrarily
[2021.03.24-17.28.39:285][ 27]LogActor: Warning: BP_DefaultEnemy_C /Game/GameLevel.GameLevel:PersistentLevel.BP_DefaultEnemy_C_9 has natively added scene component(s), but none of them were set as the actor's RootComponent - picking one arbitrarily
[2021.03.24-17.28.40:291][212]LogActor: Warning: BP_DefaultEnemyLvl2_C /Game/GameLevel.GameLevel:PersistentLevel.BP_DefaultEnemyLvl2_C_8 has natively added scene component(s), but none of them were set as the actor's RootComponent - picking one arbitrarily
[2021.03.24-17.28.41:295][388]LogActor: Warning: BP_DefaultEnemy_C /Game/GameLevel.GameLevel:PersistentLevel.BP_DefaultEnemy_C_10 has natively added scene component(s), but none of them were set as the actor's RootComponent - picking one arbitrarily
[2021.03.24-17.28.42:300][568]LogActor: Warning: BP_DefaultEnemyLvl2_C /Game/GameLevel.GameLevel:PersistentLevel.BP_DefaultEnemyLvl2_C_9 has natively added scene component(s), but none of them were set as the actor's RootComponent - picking one arbitrarily
[2021.03.24-17.28.43:301][760]LogActor: Warning: BP_DefaultEnemy_C /Game/GameLevel.GameLevel:PersistentLevel.BP_DefaultEnemy_C_11 has natively added scene component(s), but none of them were set as the actor's RootComponent - picking one arbitrarily
[2021.03.24-17.28.44:301][919]LogActor: Warning: BP_DefaultEnemyLv3_C /Game/GameLevel.GameLevel:PersistentLevel.BP_DefaultEnemyLv3_C_9 has natively added scene component(s), but none of them were set as the actor's RootComponent - picking one arbitrarily
[2021.03.24-17.28.45:306][114]LogActor: Warning: BP_DefaultEnemyLv3_C /Game/GameLevel.GameLevel:PersistentLevel.BP_DefaultEnemyLv3_C_10 has natively added scene component(s), but none of them were set as the actor's RootComponent - picking one arbitrarily
[2021.03.24-17.28.46:307][302]LogActor: Warning: BP_DefaultEnemyLv3_C /Game/GameLevel.GameLevel:PersistentLevel.BP_DefaultEnemyLv3_C_11 has natively added scene component(s), but none of them were set as the actor's RootComponent - picking one arbitrarily
[2021.03.24-17.28.47:308][498]LogActor: Warning: BP_DefaultEnemyLvl2_C /Game/GameLevel.GameLevel:PersistentLevel.BP_DefaultEnemyLvl2_C_10 has natively added scene component(s), but none of them were set as the actor's RootComponent - picking one arbitrarily
[2021.03.24-17.28.48:311][684]LogActor: Warning: BP_DefaultEnemyLv3_C /Game/GameLevel.GameLevel:PersistentLevel.BP_DefaultEnemyLv3_C_12 has natively added scene component(s), but none of them were set as the actor's RootComponent - picking one arbitrarily
[2021.03.24-17.28.49:312][797]LogActor: Warning: BP_DefaultEnemyLv3_C /Game/GameLevel.GameLevel:PersistentLevel.BP_DefaultEnemyLv3_C_13 has natively added scene component(s), but none of them were set as the actor's RootComponent - picking one arbitrarily
[2021.03.24-17.28.50:318][908]LogActor: Warning: BP_DefaultEnemyLv3_C /Game/GameLevel.GameLevel:PersistentLevel.BP_DefaultEnemyLv3_C_14 has natively added scene component(s), but none of them were set as the actor's RootComponent - picking one arbitrarily
[2021.03.24-17.28.51:326][ 26]LogActor: Warning: BP_DefaultEnemy_C /Game/GameLevel.GameLevel:PersistentLevel.BP_DefaultEnemy_C_12 has natively added scene component(s), but none of them were set as the actor's RootComponent - picking one arbitrarily
[2021.03.24-17.28.52:332][139]LogActor: Warning: BP_DefaultEnemyLv3_C /Game/GameLevel.GameLevel:PersistentLevel.BP_DefaultEnemyLv3_C_15 has natively added scene component(s), but none of them were set as the actor's RootComponent - picking one arbitrarily
[2021.03.24-17.28.53:335][254]LogActor: Warning: BP_DefaultEnemyLv3_C /Game/GameLevel.GameLevel:PersistentLevel.BP_DefaultEnemyLv3_C_16 has natively added scene component(s), but none of them were set as the actor's RootComponent - picking one arbitrarily
[2021.03.24-17.28.54:342][370]LogActor: Warning: BP_DefaultEnemy_C /Game/GameLevel.GameLevel:PersistentLevel.BP_DefaultEnemy_C_13 has natively added scene component(s), but none of them were set as the actor's RootComponent - picking one arbitrarily
[2021.03.24-17.28.55:345][486]LogActor: Warning: BP_DefaultEnemyLvl2_C /Game/GameLevel.GameLevel:PersistentLevel.BP_DefaultEnemyLvl2_C_11 has natively added scene component(s), but none of them were set as the actor's RootComponent - picking one arbitrarily
[2021.03.24-17.28.56:354][597]LogActor: Warning: BP_DefaultEnemy_C /Game/GameLevel.GameLevel:PersistentLevel.BP_DefaultEnemy_C_14 has natively added scene component(s), but none of them were set as the actor's RootComponent - picking one arbitrarily
[2021.03.24-17.28.57:357][707]LogActor: Warning: BP_DefaultEnemy_C /Game/GameLevel.GameLevel:PersistentLevel.BP_DefaultEnemy_C_15 has natively added scene component(s), but none of them were set as the actor's RootComponent - picking one arbitrarily
[2021.03.24-17.28.58:363][816]LogActor: Warning: BP_DefaultEnemyLvl2_C /Game/GameLevel.GameLevel:PersistentLevel.BP_DefaultEnemyLvl2_C_12 has natively added scene component(s), but none of them were set as the actor's RootComponent - picking one arbitrarily
[2021.03.24-17.28.58:505][832]LogParticles: Warning: GameplayStatics::SpawnEmitterAtLocation spawned potentially immortal particle system! /Game/GameLevel.GameLevel:PersistentLevel.WorldSettings_1.ParticleSystemComponent_49 (/Game/Particles/P_MuzzleFlash.P_MuzzleFlash) may stay in world despite never spawning particles after burst spawning is over.
[2021.03.24-17.28.58:506][832]LogParticles: Warning: GameplayStatics::SpawnEmitterAtLocation spawned potentially immortal particle system! /Game/GameLevel.GameLevel:PersistentLevel.WorldSettings_1.ParticleSystemComponent_51 (/Game/Particles/P_HitParticle.P_HitParticle) may stay in world despite never spawning particles after burst spawning is over.
[2021.03.24-17.28.59:235][915]LogParticles: Warning: GameplayStatics::SpawnEmitterAtLocation spawned potentially immortal particle system! /Game/GameLevel.GameLevel:PersistentLevel.WorldSettings_1.ParticleSystemComponent_52 (/Game/Particles/P_MuzzleFlash.P_MuzzleFlash) may stay in world despite never spawning particles after burst spawning is over.
[2021.03.24-17.28.59:235][915]LogParticles: Warning: GameplayStatics::SpawnEmitterAtLocation spawned potentially immortal particle system! /Game/GameLevel.GameLevel:PersistentLevel.WorldSettings_1.ParticleSystemComponent_54 (/Game/Particles/P_HitParticle.P_HitParticle) may stay in world despite never spawning particles after burst spawning is over.
[2021.03.24-17.28.59:372][930]LogActor: Warning: BP_DefaultEnemy_C /Game/GameLevel.GameLevel:PersistentLevel.BP_DefaultEnemy_C_16 has natively added scene component(s), but none of them were set as the actor's RootComponent - picking one arbitrarily
[2021.03.24-17.28.59:569][952]LogParticles: Warning: GameplayStatics::SpawnEmitterAtLocation spawned potentially immortal particle system! /Game/GameLevel.GameLevel:PersistentLevel.WorldSettings_1.ParticleSystemComponent_56 (/Game/Particles/P_MuzzleFlash.P_MuzzleFlash) may stay in world despite never spawning particles after burst spawning is over.
[2021.03.24-17.28.59:569][952]LogParticles: Warning: GameplayStatics::SpawnEmitterAtLocation spawned potentially immortal particle system! /Game/GameLevel.GameLevel:PersistentLevel.WorldSettings_1.ParticleSystemComponent_57 (/Game/Particles/P_HitParticle.P_HitParticle) may stay in world despite never spawning particles after burst spawning is over.
[2021.03.24-17.28.59:819][979]LogParticles: Warning: GameplayStatics::SpawnEmitterAtLocation spawned potentially immortal particle system! /Game/GameLevel.GameLevel:PersistentLevel.WorldSettings_1.ParticleSystemComponent_58 (/Game/Particles/P_MuzzleFlash.P_MuzzleFlash) may stay in world despite never spawning particles after burst spawning is over.
[2021.03.24-17.28.59:819][979]LogParticles: Warning: GameplayStatics::SpawnEmitterAtLocation spawned potentially immortal particle system! /Game/GameLevel.GameLevel:PersistentLevel.WorldSettings_1.ParticleSystemComponent_59 (/Game/Particles/P_HitParticle.P_HitParticle) may stay in world despite never spawning particles after burst spawning is over.
[2021.03.24-17.29.00:376][ 45]LogActor: Warning: BP_DefaultEnemyLvl2_C /Game/GameLevel.GameLevel:PersistentLevel.BP_DefaultEnemyLvl2_C_13 has natively added scene component(s), but none of them were set as the actor's RootComponent - picking one arbitrarily
[2021.03.24-17.29.01:381][164]LogActor: Warning: BP_DefaultEnemy_C /Game/GameLevel.GameLevel:PersistentLevel.BP_DefaultEnemy_C_17 has natively added scene component(s), but none of them were set as the actor's RootComponent - picking one arbitrarily
[2021.03.24-17.29.02:388][282]LogActor: Warning: BP_DefaultEnemyLv3_C /Game/GameLevel.GameLevel:PersistentLevel.BP_DefaultEnemyLv3_C_17 has natively added scene component(s), but none of them were set as the actor's RootComponent - picking one arbitrarily
[2021.03.24-17.29.03:393][401]LogActor: Warning: BP_DefaultEnemy_C /Game/GameLevel.GameLevel:PersistentLevel.BP_DefaultEnemy_C_18 has natively added scene component(s), but none of them were set as the actor's RootComponent - picking one arbitrarily
[2021.03.24-17.29.04:401][508]LogActor: Warning: BP_DefaultEnemyLvl2_C /Game/GameLevel.GameLevel:PersistentLevel.BP_DefaultEnemyLvl2_C_14 has natively added scene component(s), but none of them were set as the actor's RootComponent - picking one arbitrarily
[2021.03.24-17.29.05:403][596]LogActor: Warning: BP_DefaultEnemy_C /Game/GameLevel.GameLevel:PersistentLevel.BP_DefaultEnemy_C_19 has natively added scene component(s), but none of them were set as the actor's RootComponent - picking one arbitrarily
[2021.03.24-17.29.06:408][697]LogActor: Warning: BP_DefaultEnemyLv3_C /Game/GameLevel.GameLevel:PersistentLevel.BP_DefaultEnemyLv3_C_18 has natively added scene component(s), but none of them were set as the actor's RootComponent - picking one arbitrarily
[2021.03.24-17.29.07:413][797]LogActor: Warning: BP_DefaultEnemyLvl2_C /Game/GameLevel.GameLevel:PersistentLevel.BP_DefaultEnemyLvl2_C_15 has natively added scene component(s), but none of them were set as the actor's RootComponent - picking one arbitrarily
[2021.03.24-17.29.08:420][909]LogActor: Warning: BP_DefaultEnemy_C /Game/GameLevel.GameLevel:PersistentLevel.BP_DefaultEnemy_C_20 has natively added scene component(s), but none of them were set as the actor's RootComponent - picking one arbitrarily
[2021.03.24-17.29.09:426][  3]LogActor: Warning: BP_DefaultEnemyLv3_C /Game/GameLevel.GameLevel:PersistentLevel.BP_DefaultEnemyLv3_C_19 has natively added scene component(s), but none of them were set as the actor's RootComponent - picking one arbitrarily
[2021.03.24-17.29.10:432][100]LogActor: Warning: BP_DefaultEnemyLv3_C /Game/GameLevel.GameLevel:PersistentLevel.BP_DefaultEnemyLv3_C_20 has natively added scene component(s), but none of them were set as the actor's RootComponent - picking one arbitrarily
[2021.03.24-17.29.11:434][214]LogActor: Warning: BP_DefaultEnemyLvl2_C /Game/GameLevel.GameLevel:PersistentLevel.BP_DefaultEnemyLvl2_C_16 has natively added scene component(s), but none of them were set as the actor's RootComponent - picking one arbitrarily
[2021.03.24-17.29.12:440][323]LogActor: Warning: BP_DefaultEnemy_C /Game/GameLevel.GameLevel:PersistentLevel.BP_DefaultEnemy_C_21 has natively added scene component(s), but none of them were set as the actor's RootComponent - picking one arbitrarily
[2021.03.24-17.29.13:449][423]LogActor: Warning: BP_DefaultEnemy_C /Game/GameLevel.GameLevel:PersistentLevel.BP_DefaultEnemy_C_22 has natively added scene component(s), but none of them were set as the actor's RootComponent - picking one arbitrarily
[2021.03.24-17.29.14:458][532]LogActor: Warning: BP_DefaultEnemy_C /Game/GameLevel.GameLevel:PersistentLevel.BP_DefaultEnemy_C_23 has natively added scene component(s), but none of them were set as the actor's RootComponent - picking one arbitrarily
[2021.03.24-17.29.15:459][644]LogActor: Warning: BP_DefaultEnemy_C /Game/GameLevel.GameLevel:PersistentLevel.BP_DefaultEnemy_C_24 has natively added scene component(s), but none of them were set as the actor's RootComponent - picking one arbitrarily
[2021.03.24-17.29.16:466][755]LogActor: Warning: BP_DefaultEnemyLvl2_C /Game/GameLevel.GameLevel:PersistentLevel.BP_DefaultEnemyLvl2_C_17 has natively added scene component(s), but none of them were set as the actor's RootComponent - picking one arbitrarily
[2021.03.24-17.29.17:469][868]LogActor: Warning: BP_DefaultEnemyLvl2_C /Game/GameLevel.GameLevel:PersistentLevel.BP_DefaultEnemyLvl2_C_18 has natively added scene component(s), but none of them were set as the actor's RootComponent - picking one arbitrarily
[2021.03.24-17.29.18:473][968]LogActor: Warning: BP_DefaultEnemy_C /Game/GameLevel.GameLevel:PersistentLevel.BP_DefaultEnemy_C_25 has natively added scene component(s), but none of them were set as the actor's RootComponent - picking one arbitrarily
[2021.03.24-17.29.19:478][ 79]LogActor: Warning: BP_DefaultEnemy_C /Game/GameLevel.GameLevel:PersistentLevel.BP_DefaultEnemy_C_26 has natively added scene component(s), but none of them were set as the actor's RootComponent - picking one arbitrarily
[2021.03.24-17.29.20:477][191]LogActor: Warning: BP_DefaultEnemyLvl2_C /Game/GameLevel.GameLevel:PersistentLevel.BP_DefaultEnemyLvl2_C_19 has natively added scene component(s), but none of them were set as the actor's RootComponent - picking one arbitrarily
[2021.03.24-17.29.21:478][302]LogActor: Warning: BP_DefaultEnemyLvl2_C /Game/GameLevel.GameLevel:PersistentLevel.BP_DefaultEnemyLvl2_C_20 has natively added scene component(s), but none of them were set as the actor's RootComponent - picking one arbitrarily
[2021.03.24-17.29.22:484][414]LogActor: Warning: BP_DefaultEnemy_C /Game/GameLevel.GameLevel:PersistentLevel.BP_DefaultEnemy_C_27 has natively added scene component(s), but none of them were set as the actor's RootComponent - picking one arbitrarily
[2021.03.24-17.29.23:487][524]LogActor: Warning: BP_DefaultEnemyLvl2_C /Game/GameLevel.GameLevel:PersistentLevel.BP_DefaultEnemyLvl2_C_21 has natively added scene component(s), but none of them were set as the actor's RootComponent - picking one arbitrarily
[2021.03.24-17.29.24:488][634]LogActor: Warning: BP_DefaultEnemyLvl2_C /Game/GameLevel.GameLevel:PersistentLevel.BP_DefaultEnemyLvl2_C_22 has natively added scene component(s), but none of them were set as the actor's RootComponent - picking one arbitrarily
[2021.03.24-17.29.25:490][743]LogActor: Warning: BP_DefaultEnemy_C /Game/GameLevel.GameLevel:PersistentLevel.BP_DefaultEnemy_C_28 has natively added scene component(s), but none of them were set as the actor's RootComponent - picking one arbitrarily
[2021.03.24-17.29.26:492][837]LogActor: Warning: BP_DefaultEnemy_C /Game/GameLevel.GameLevel:PersistentLevel.BP_DefaultEnemy_C_29 has natively added scene component(s), but none of them were set as the actor's RootComponent - picking one arbitrarily
[2021.03.24-17.29.27:495][913]LogActor: Warning: BP_DefaultEnemyLv3_C /Game/GameLevel.GameLevel:PersistentLevel.BP_DefaultEnemyLv3_C_21 has natively added scene component(s), but none of them were set as the actor's RootComponent - picking one arbitrarily
[2021.03.24-17.29.28:534][  6]LogActor: Warning: BP_DefaultEnemy_C /Game/GameLevel.GameLevel:PersistentLevel.BP_DefaultEnemy_C_30 has natively added scene component(s), but none of them were set as the actor's RootComponent - picking one arbitrarily
[2021.03.24-17.29.29:538][102]LogActor: Warning: BP_DefaultEnemy_C /Game/GameLevel.GameLevel:PersistentLevel.BP_DefaultEnemy_C_31 has natively added scene component(s), but none of them were set as the actor's RootComponent - picking one arbitrarily
[2021.03.24-17.29.30:547][212]LogActor: Warning: BP_DefaultEnemy_C /Game/GameLevel.GameLevel:PersistentLevel.BP_DefaultEnemy_C_32 has natively added scene component(s), but none of them were set as the actor's RootComponent - picking one arbitrarily
[2021.03.24-17.29.30:661][224]LogParticles: Warning: GameplayStatics::SpawnEmitterAtLocation spawned potentially immortal particle system! /Game/GameLevel.GameLevel:PersistentLevel.WorldSettings_1.ParticleSystemComponent_89 (/Game/Particles/P_MuzzleFlash.P_MuzzleFlash) may stay in world despite never spawning particles after burst spawning is over.
[2021.03.24-17.29.30:902][248]LogParticles: Warning: GameplayStatics::SpawnEmitterAtLocation spawned potentially immortal particle system! /Game/GameLevel.GameLevel:PersistentLevel.WorldSettings_1.ParticleSystemComponent_90 (/Game/Particles/P_MuzzleFlash.P_MuzzleFlash) may stay in world despite never spawning particles after burst spawning is over.
[2021.03.24-17.29.30:902][248]LogParticles: Warning: GameplayStatics::SpawnEmitterAtLocation spawned potentially immortal particle system! /Game/GameLevel.GameLevel:PersistentLevel.WorldSettings_1.ParticleSystemComponent_91 (/Game/Particles/P_HitParticle.P_HitParticle) may stay in world despite never spawning particles after burst spawning is over.
[2021.03.24-17.29.31:267][284]LogParticles: Warning: GameplayStatics::SpawnEmitterAtLocation spawned potentially immortal particle system! /Game/GameLevel.GameLevel:PersistentLevel.WorldSettings_1.ParticleSystemComponent_92 (/Game/Particles/P_MuzzleFlash.P_MuzzleFlash) may stay in world despite never spawning particles after burst spawning is over.
[2021.03.24-17.29.31:268][284]LogParticles: Warning: GameplayStatics::SpawnEmitterAtLocation spawned potentially immortal particle system! /Game/GameLevel.GameLevel:PersistentLevel.WorldSettings_1.ParticleSystemComponent_93 (/Game/Particles/P_HitParticle.P_HitParticle) may stay in world despite never spawning particles after burst spawning is over.
[2021.03.24-17.29.31:493][308]LogParticles: Warning: GameplayStatics::SpawnEmitterAtLocation spawned potentially immortal particle system! /Game/GameLevel.GameLevel:PersistentLevel.WorldSettings_1.ParticleSystemComponent_95 (/Game/Particles/P_MuzzleFlash.P_MuzzleFlash) may stay in world despite never spawning particles after burst spawning is over.
[2021.03.24-17.29.31:493][308]LogParticles: Warning: GameplayStatics::SpawnEmitterAtLocation spawned potentially immortal particle system! /Game/GameLevel.GameLevel:PersistentLevel.WorldSettings_1.ParticleSystemComponent_96 (/Game/Particles/P_HitParticle.P_HitParticle) may stay in world despite never spawning particles after burst spawning is over.
[2021.03.24-17.29.31:552][314]LogActor: Warning: BP_DefaultEnemy_C /Game/GameLevel.GameLevel:PersistentLevel.BP_DefaultEnemy_C_33 has natively added scene component(s), but none of them were set as the actor's RootComponent - picking one arbitrarily
[2021.03.24-17.29.32:555][428]LogActor: Warning: BP_DefaultEnemyLvl2_C /Game/GameLevel.GameLevel:PersistentLevel.BP_DefaultEnemyLvl2_C_23 has natively added scene component(s), but none of them were set as the actor's RootComponent - picking one arbitrarily
[2021.03.24-17.29.33:578][559]LogActor: Warning: BP_DefaultEnemy_C /Game/GameLevel.GameLevel:PersistentLevel.BP_DefaultEnemy_C_34 has natively added scene component(s), but none of them were set as the actor's RootComponent - picking one arbitrarily
[2021.03.24-17.29.34:573][663]LogActor: Warning: BP_DefaultEnemyLv3_C /Game/GameLevel.GameLevel:PersistentLevel.BP_DefaultEnemyLv3_C_22 has natively added scene component(s), but none of them were set as the actor's RootComponent - picking one arbitrarily
[2021.03.24-17.29.35:579][777]LogActor: Warning: BP_DefaultEnemy_C /Game/GameLevel.GameLevel:PersistentLevel.BP_DefaultEnemy_C_35 has natively added scene component(s), but none of them were set as the actor's RootComponent - picking one arbitrarily
[2021.03.24-17.29.36:582][894]LogActor: Warning: BP_DefaultEnemyLvl2_C /Game/GameLevel.GameLevel:PersistentLevel.BP_DefaultEnemyLvl2_C_24 has natively added scene component(s), but none of them were set as the actor's RootComponent - picking one arbitrarily
[2021.03.24-17.29.37:344][975]LogSlate: Window 'GEPProject (64-bit Development PCD3D_SM5) ' being destroyed
[2021.03.24-17.29.37:345][975]LogWindowsTextInputMethodSystem: Display: IME system now deactivated.
[2021.03.24-17.29.37:352][976]LogSlate: Updating window title bar state: overlay mode, drag disabled, window buttons hidden, title bar hidden
[2021.03.24-17.29.37:352][976]LogEngine: All Windows Closed
[2021.03.24-17.29.37:352][976]LogWindows: FPlatformMisc::RequestExit(0)
[2021.03.24-17.29.37:352][976]LogCore: Engine exit requested (reason: Win RequestExit)
[2021.03.24-17.29.37:354][977]LogCore: Engine exit requested (reason: EngineExit() was called; note: exit was already requested)
[2021.03.24-17.29.37:358][977]LogAudio: Display: Shutting down audio device while 2 references to it are still alive. For more information, compile with INSTRUMENT_AUDIODEVICE_HANDLES.
[2021.03.24-17.29.37:431][977]LogInit: Display: PreExit Game.
[2021.03.24-17.29.37:603][977]LogWorld: BeginTearingDown for /Game/GameLevel
[2021.03.24-17.29.37:603][977]LogWorld: UWorld::CleanupWorld for GameLevel, bSessionEnded=true, bCleanupResources=true
[2021.03.24-17.29.37:605][977]LogSlate: InvalidateAllWidgets triggered.  All widgets were invalidated
[2021.03.24-17.29.38:078][977]LogExit: Preparing to exit.
[2021.03.24-17.29.39:058][977]LogMoviePlayer: Shutting down movie player
[2021.03.24-17.29.39:300][977]LogSlate: Updating window title bar state: overlay mode, drag disabled, window buttons hidden, title bar hidden
[2021.03.24-17.29.39:327][977]LogDemo: Cleaned up 0 splitscreen connections with owner deletion
[2021.03.24-17.29.39:337][977]LogExit: Game engine shut down
[2021.03.24-17.29.39:407][977]LogAISub: UAISubsystem::~UAISubsystem AISubsystem (000001B1754FB880), frame # 9977
[2021.03.24-17.29.39:408][977]LogAISub: UAISubsystem::~UAISubsystem AIPerceptionSystem (000001B1755307C0), frame # 9977
[2021.03.24-17.29.39:409][977]LogAISub: UAISubsystem::~UAISubsystem EnvQueryManager (000001B1754EFC00), frame # 9977
[2021.03.24-17.29.39:430][977]LogAISub: UAISubsystem::~UAISubsystem EnvQueryManager (000001B16ACC5600), frame # 9977
[2021.03.24-17.29.39:430][977]LogAISub: UAISubsystem::~UAISubsystem AIPerceptionSystem (000001B175F979C0), frame # 9977
[2021.03.24-17.29.39:500][977]LogExit: Object subsystem successfully closed.
[2021.03.24-17.29.39:558][977]LogShaderCompilers: Display: Shaders left to compile 0
[2021.03.24-17.29.39:603][977]LogModuleManager: Shutting down and abandoning module SequenceRecorderSections (506)
[2021.03.24-17.29.39:604][977]LogModuleManager: Shutting down and abandoning module SequenceRecorder (504)
[2021.03.24-17.29.39:604][977]LogModuleManager: Shutting down and abandoning module AutomationController (502)
[2021.03.24-17.29.39:605][977]LogModuleManager: Shutting down and abandoning module AutomationWorker (500)
[2021.03.24-17.29.39:605][977]LogModuleManager: Shutting down and abandoning module Voice (498)
[2021.03.24-17.29.39:606][977]LogModuleManager: Shutting down and abandoning module AIModule (496)
[2021.03.24-17.29.39:606][977]LogModuleManager: Shutting down and abandoning module GameplayDebugger (495)
[2021.03.24-17.29.39:606][977]LogModuleManager: Shutting down and abandoning module AITestSuite (493)
[2021.03.24-17.29.39:606][977]LogModuleManager: Shutting down and abandoning module NavigationSystem (491)
[2021.03.24-17.29.39:606][977]LogModuleManager: Shutting down and abandoning module OculusMR (488)
[2021.03.24-17.29.39:606][977]LogModuleManager: Shutting down and abandoning module WmfMediaFactory (486)
[2021.03.24-17.29.39:606][977]LogModuleManager: Shutting down and abandoning module WebMMediaFactory (484)
[2021.03.24-17.29.39:606][977]LogModuleManager: Shutting down and abandoning module WebMMedia (482)
[2021.03.24-17.29.39:607][977]LogModuleManager: Shutting down and abandoning module OpenExrWrapper (480)
[2021.03.24-17.29.39:607][977]LogModuleManager: Shutting down and abandoning module ImgMediaFactory (478)
[2021.03.24-17.29.39:607][977]LogModuleManager: Shutting down and abandoning module AvfMediaFactory (476)
[2021.03.24-17.29.39:607][977]LogModuleManager: Shutting down and abandoning module MagicLeapMediaCodecFactory (474)
[2021.03.24-17.29.39:607][977]LogModuleManager: Shutting down and abandoning module MagicLeapMediaFactory (472)
[2021.03.24-17.29.39:607][977]LogModuleManager: Shutting down and abandoning module PlanarCut (470)
[2021.03.24-17.29.39:608][977]LogModuleManager: Shutting down and abandoning module CharacterAI (468)
[2021.03.24-17.29.39:608][977]LogModuleManager: Shutting down and abandoning module SessionServices (466)
[2021.03.24-17.29.39:608][977]LogModuleManager: Shutting down and abandoning module MovieSceneCapture (464)
[2021.03.24-17.29.39:608][977]LogModuleManager: Shutting down and abandoning module LiveCoding (462)
[2021.03.24-17.29.39:610][977]LogModuleManager: Shutting down and abandoning module LevelSequence (460)
[2021.03.24-17.29.39:610][977]LogModuleManager: Shutting down and abandoning module MovieSceneTracks (458)
[2021.03.24-17.29.39:610][977]LogModuleManager: Shutting down and abandoning module MovieScene (456)
[2021.03.24-17.29.39:610][977]LogModuleManager: Shutting down and abandoning module StreamingPauseRendering (454)
[2021.03.24-17.29.39:610][977]LogModuleManager: Shutting down and abandoning module PortalServices (452)
[2021.03.24-17.29.39:610][977]LogModuleManager: Shutting down and abandoning module PortalRpc (450)
[2021.03.24-17.29.39:610][977]LogModuleManager: Shutting down and abandoning module MessagingRpc (448)
[2021.03.24-17.29.39:610][977]LogModuleManager: Shutting down and abandoning module AudioMixerXAudio2 (446)
[2021.03.24-17.29.39:610][977]LogModuleManager: Shutting down and abandoning module AudioMixerCore (445)
[2021.03.24-17.29.39:610][977]LogModuleManager: Shutting down and abandoning module ProfilerService (442)
[2021.03.24-17.29.39:848][977]LogModuleManager: Shutting down and abandoning module TaskGraph (440)
[2021.03.24-17.29.39:849][977]LogModuleManager: Shutting down and abandoning module Synthesis (438)
[2021.03.24-17.29.39:850][977]LogModuleManager: Shutting down and abandoning module ProceduralMeshComponent (436)
[2021.03.24-17.29.39:850][977]LogModuleManager: Shutting down and abandoning module OculusInput (434)
[2021.03.24-17.29.39:850][977]LogModuleManager: Shutting down and abandoning module MobilePatchingUtils (432)
[2021.03.24-17.29.39:850][977]LogModuleManager: Shutting down and abandoning module GooglePAD (430)
[2021.03.24-17.29.39:850][977]LogModuleManager: Shutting down and abandoning module EditableMesh (428)
[2021.03.24-17.29.39:850][977]LogModuleManager: Shutting down and abandoning module CustomMeshComponent (426)
[2021.03.24-17.29.39:850][977]LogModuleManager: Shutting down and abandoning module CableComponent (424)
[2021.03.24-17.29.39:851][977]LogModuleManager: Shutting down and abandoning module AudioCapture (422)
[2021.03.24-17.29.39:851][977]LogModuleManager: Shutting down and abandoning module AudioCaptureRtAudio (421)
[2021.03.24-17.29.39:851][977]LogModuleManager: Shutting down and abandoning module AssetTags (418)
[2021.03.24-17.29.39:851][977]LogModuleManager: Shutting down and abandoning module ArchVisCharacter (416)
[2021.03.24-17.29.39:851][977]LogModuleManager: Shutting down and abandoning module AppleImageUtilsBlueprintSupport (414)
[2021.03.24-17.29.39:851][977]LogModuleManager: Shutting down and abandoning module AppleImageUtils (412)
[2021.03.24-17.29.39:851][977]LogModuleManager: Shutting down and abandoning module AndroidPermission (410)
[2021.03.24-17.29.39:851][977]LogModuleManager: Shutting down and abandoning module NUTUnrealEngine4 (408)
[2021.03.24-17.29.39:852][977]LogModuleManager: Shutting down and abandoning module NetcodeUnitTest (406)
[2021.03.24-17.29.39:852][977]LogModuleManager: Shutting down and abandoning module TemplateSequence (404)
[2021.03.24-17.29.39:852][977]LogModuleManager: Shutting down and abandoning module MovieRenderPipelineRenderPasses (402)
[2021.03.24-17.29.39:853][977]LogModuleManager: Shutting down and abandoning module MovieRenderPipelineSettings (400)
[2021.03.24-17.29.39:853][977]LogModuleManager: Shutting down and abandoning module MovieRenderPipelineCore (398)
[2021.03.24-17.29.39:853][977]LogModuleManager: Shutting down and abandoning module ImageWriteQueue (397)
[2021.03.24-17.29.39:857][977]LogModuleManager: Shutting down and abandoning module MediaCompositing (394)
[2021.03.24-17.29.39:857][977]LogModuleManager: Shutting down and abandoning module ImgMedia (392)
[2021.03.24-17.29.39:857][977]LogModuleManager: Shutting down and abandoning module MagicLeapSharedWorld (390)
[2021.03.24-17.29.39:857][977]LogModuleManager: Shutting down and abandoning module MagicLeapLightEstimation (388)
[2021.03.24-17.29.39:857][977]LogModuleManager: Shutting down and abandoning module MagicLeapHelperVulkan (386)
[2021.03.24-17.29.39:857][977]LogModuleManager: Shutting down and abandoning module MagicLeapHelperOpenGL (384)
[2021.03.24-17.29.39:857][977]LogModuleManager: Shutting down and abandoning module MagicLeapAudio (382)
[2021.03.24-17.29.39:858][977]LogModuleManager: Shutting down and abandoning module Text3D (380)
[2021.03.24-17.29.39:858][977]LogModuleManager: Shutting down and abandoning module MeshSolverUtilities (378)
[2021.03.24-17.29.39:859][977]LogModuleManager: Shutting down and abandoning module MeshConversion (376)
[2021.03.24-17.29.39:860][977]LogModuleManager: Shutting down and abandoning module DynamicMesh (374)
[2021.03.24-17.29.39:861][977]LogModuleManager: Shutting down and abandoning module GeometryAlgorithms (372)
[2021.03.24-17.29.39:861][977]LogModuleManager: Shutting down and abandoning module GeometricObjects (370)
[2021.03.24-17.29.39:862][977]LogModuleManager: Shutting down and abandoning module GeometryCollectionTracks (368)
[2021.03.24-17.29.39:862][977]LogModuleManager: Shutting down and abandon