Log file open, 03/19/21 15:52:33
LogInit: Display: Running engine for game: GEPProject
LogPlatformFile: Not using cached read wrapper
LogTaskGraph: Started task graph with 5 named threads and 47 total threads with 3 sets of task threads.
LogStats: Stats thread started at 0.576309
LogD3D11RHI: Loaded GFSDK_Aftermath_Lib.x64.dll
LogICUInternationalization: ICU TimeZone Detection - Raw Offset: +0:00, Platform Override: ''
LogPluginManager: Mounting plugin Paper2D
LogPluginManager: Mounting plugin AISupport
LogPluginManager: Mounting plugin LightPropagationVolume
LogPluginManager: Mounting plugin CameraShakePreviewer
LogPluginManager: Mounting plugin ActorLayerUtilities
LogPluginManager: Mounting plugin AnimationSharing
LogPluginManager: Mounting plugin CLionSourceCodeAccess
LogPluginManager: Mounting plugin CodeLiteSourceCodeAccess
LogPluginManager: Mounting plugin GitSourceControl
LogPluginManager: Mounting plugin KDevelopSourceCodeAccess
LogPluginManager: Mounting plugin NullSourceCodeAccess
LogPluginManager: Mounting plugin PerforceSourceControl
LogPluginManager: Mounting plugin PlasticSourceControl
LogPluginManager: Mounting plugin RiderLink
LogPluginManager: Mounting plugin RiderSourceCodeAccess
LogPluginManager: Mounting plugin SubversionSourceControl
LogPluginManager: Mounting plugin UObjectPlugin
LogPluginManager: Mounting plugin VisualStudioCodeSourceCodeAccess
LogPluginManager: Mounting plugin VisualStudioSourceCodeAccess
LogPluginManager: Mounting plugin XCodeSourceCodeAccess
LogPluginManager: Mounting plugin AssetManagerEditor
LogPluginManager: Mounting plugin CryptoKeys
LogPluginManager: Mounting plugin CurveEditorTools
LogPluginManager: Mounting plugin DataValidation
LogPluginManager: Mounting plugin EditorScriptingUtilities
LogPluginManager: Mounting plugin FacialAnimation
LogPluginManager: Mounting plugin GameplayTagsEditor
LogPluginManager: Mounting plugin GeometryMode
LogPluginManager: Mounting plugin MacGraphicsSwitching
LogPluginManager: Mounting plugin MaterialAnalyzer
LogPluginManager: Mounting plugin MobileLauncherProfileWizard
LogPluginManager: Mounting plugin PluginBrowser
LogPluginManager: Mounting plugin SpeedTreeImporter
LogPluginManager: Mounting plugin DatasmithContent
LogPluginManager: Mounting plugin VariantManagerContent
LogPluginManager: Mounting plugin AlembicImporter
LogPluginManager: Mounting plugin AutomationUtils
LogPluginManager: Mounting plugin BackChannel
LogPluginManager: Mounting plugin ChaosCloth
LogPluginManager: Mounting plugin ChaosClothEditor
LogPluginManager: Mounting plugin ChaosEditor
LogPluginManager: Mounting plugin ChaosNiagara
LogPluginManager: Mounting plugin ChaosSolverPlugin
LogPluginManager: Mounting plugin CharacterAI
LogPluginManager: Mounting plugin GeometryCache
LogPluginManager: Mounting plugin GeometryCollectionPlugin
LogPluginManager: Mounting plugin GeometryProcessing
LogPluginManager: Mounting plugin PlanarCut
LogPluginManager: Mounting plugin PlatformCrypto
LogPluginManager: Mounting plugin ProxyLODPlugin
LogPluginManager: Mounting plugin SkeletalReduction
LogPluginManager: Mounting plugin Text3D
LogPluginManager: Mounting plugin Niagara
LogPluginManager: Mounting plugin MagicLeap
LogPluginManager: Mounting plugin MagicLeapLightEstimation
LogPluginManager: Mounting plugin MagicLeapMedia
LogPluginManager: Mounting plugin MagicLeapPassableWorld
LogPluginManager: Mounting plugin MLSDK
LogPluginManager: Mounting plugin AndroidMedia
LogPluginManager: Mounting plugin AvfMedia
LogPluginManager: Mounting plugin ImgMedia
LogPluginManager: Mounting plugin MediaCompositing
LogPluginManager: Mounting plugin MediaPlayerEditor
LogPluginManager: Mounting plugin WebMMedia
LogPluginManager: Mounting plugin WmfMedia
LogPluginManager: Mounting plugin MeshPainting
LogPluginManager: Mounting plugin TcpMessaging
LogPluginManager: Mounting plugin UdpMessaging
LogPluginManager: Mounting plugin ActorSequence
LogPluginManager: Mounting plugin LevelSequenceEditor
LogPluginManager: Mounting plugin MatineeToLevelSequence
LogPluginManager: Mounting plugin MovieRenderPipeline
LogPluginManager: Mounting plugin TemplateSequence
LogPluginManager: Mounting plugin NetcodeUnitTest
LogPluginManager: Mounting plugin NUTUnrealEngine4
LogPluginManager: Mounting plugin OnlineSubsystemGooglePlay
LogPluginManager: Mounting plugin OnlineSubsystemIOS
LogPluginManager: Mounting plugin OnlineSubsystem
LogPluginManager: Mounting plugin OnlineSubsystemNull
LogPluginManager: Mounting plugin OnlineSubsystemUtils
LogPluginManager: Mounting plugin LauncherChunkInstaller
LogPluginManager: Mounting plugin AndroidDeviceProfileSelector
LogPluginManager: Mounting plugin AndroidMoviePlayer
LogPluginManager: Mounting plugin AndroidPermission
LogPluginManager: Mounting plugin AppleImageUtils
LogPluginManager: Mounting plugin AppleMoviePlayer
LogPluginManager: Mounting plugin ArchVisCharacter
LogPluginManager: Mounting plugin AssetTags
LogPluginManager: Mounting plugin AudioCapture
LogPluginManager: Mounting plugin CableComponent
LogPluginManager: Mounting plugin CustomMeshComponent
LogPluginManager: Mounting plugin EditableMesh
LogPluginManager: Mounting plugin ExampleDeviceProfileSelector
LogPluginManager: Mounting plugin GoogleCloudMessaging
LogPluginManager: Mounting plugin GooglePAD
LogPluginManager: Mounting plugin IOSDeviceProfileSelector
LogPluginManager: Mounting plugin LinuxDeviceProfileSelector
LogPluginManager: Mounting plugin LocationServicesBPLibrary
LogPluginManager: Mounting plugin MobilePatchingUtils
LogPluginManager: Mounting plugin OculusVR
LogPluginManager: Mounting plugin PhysXVehicles
LogPluginManager: Mounting plugin PostSplashScreen
LogPluginManager: Mounting plugin ProceduralMeshComponent
LogPluginManager: Mounting plugin RuntimePhysXCooking
LogPluginManager: Mounting plugin SignificanceManager
LogPluginManager: Mounting plugin SoundFields
LogPluginManager: Mounting plugin SteamVR
LogPluginManager: Mounting plugin Synthesis
LogPluginManager: Mounting plugin WebMMoviePlayer
LogPluginManager: Mounting plugin WindowsMoviePlayer
LogPluginManager: Mounting plugin ScreenshotTools
LogInit: Using libcurl 7.55.1-DEV
LogInit:  - built for x86_64-pc-win32
LogInit:  - supports SSL with OpenSSL/1.1.1
LogInit:  - supports HTTP deflate (compression) using libz 1.2.8
LogInit:  - other features:
LogInit:      CURL_VERSION_SSL
LogInit:      CURL_VERSION_LIBZ
LogInit:      CURL_VERSION_IPV6
LogInit:      CURL_VERSION_ASYNCHDNS
LogInit:      CURL_VERSION_LARGEFILE
LogInit:      CURL_VERSION_IDN
LogInit:  CurlRequestOptions (configurable via config and command line):
LogInit:  - bVerifyPeer = true  - Libcurl will verify peer certificate
LogInit:  - bUseHttpProxy = false  - Libcurl will NOT use HTTP proxy
LogInit:  - bDontReuseConnections = false  - Libcurl will reuse connections
LogInit:  - MaxHostConnections = 16  - Libcurl will limit the number of connections to a host
LogInit:  - LocalHostAddr = Default
LogInit:  - BufferSize = 65536
LogOnline: OSS: Creating online subsystem instance for: NULL
LogInit: WinSock: version 1.1 (2.2), MaxSocks=32767, MaxUdp=65467
LogOnline: OSS: TryLoadSubsystemAndSetDefault: Loaded subsystem for module [NULL]
LogInit: Build: ++UE4+Release-4.25-CL-14469661
LogInit: Engine Version: 4.25.4-14469661+++UE4+Release-4.25
LogInit: Compatible Engine Version: 4.25.0-13144385+++UE4+Release-4.25
LogInit: Net CL: 13144385
LogInit: OS: Windows 10 (Release 2004) (), CPU: AMD Ryzen 7 2700X Eight-Core Processor         , GPU: NVIDIA GeForce RTX 2060
LogInit: Compiled (64-bit): Oct 11 2020 08:10:49
LogInit: Compiled with Visual C++: 19.24.28315.00
LogInit: Build Configuration: Development
LogInit: Branch Name: ++UE4+Release-4.25
LogInit: Command Line:  -skipcompile
LogInit: Base Directory: E:/epk/UE_4.25/Engine/Binaries/Win64/
LogInit: Allocator: TBB
LogInit: Installed Engine Build: 1
LogDevObjectVersion: Number of dev versions registered: 26
LogDevObjectVersion:   Dev-Blueprints (B0D832E4-1F89-4F0D-ACCF-7EB736FD4AA2): 10
LogDevObjectVersion:   Dev-Build (E1C64328-A22C-4D53-A36C-8E866417BD8C): 0
LogDevObjectVersion:   Dev-Core (375EC13C-06E4-48FB-B500-84F0262A717E): 4
LogDevObjectVersion:   Dev-Editor (E4B068ED-F494-42E9-A231-DA0B2E46BB41): 38
LogDevObjectVersion:   Dev-Framework (CFFC743F-43B0-4480-9391-14DF171D2073): 37
LogDevObjectVersion:   Dev-Mobile (B02B49B5-BB20-44E9-A304-32B752E40360): 2
LogDevObjectVersion:   Dev-Networking (A4E4105C-59A1-49B5-A7C5-40C4547EDFEE): 0
LogDevObjectVersion:   Dev-Online (39C831C9-5AE6-47DC-9A44-9C173E1C8E7C): 0
LogDevObjectVersion:   Dev-Physics (78F01B33-EBEA-4F98-B9B4-84EACCB95AA2): 4
LogDevObjectVersion:   Dev-Platform (6631380F-2D4D-43E0-8009-CF276956A95A): 0
LogDevObjectVersion:   Dev-Rendering (12F88B9F-8875-4AFC-A67C-D90C383ABD29): 43
LogDevObjectVersion:   Dev-Sequencer (7B5AE74C-D270-4C10-A958-57980B212A5A): 12
LogDevObjectVersion:   Dev-VR (D7296918-1DD6-4BDD-9DE2-64A83CC13884): 3
LogDevObjectVersion:   Dev-LoadTimes (C2A15278-BFE7-4AFE-6C17-90FF531DF755): 1
LogDevObjectVersion:   Private-Geometry (6EACA3D4-40EC-4CC1-B786-8BED09428FC5): 3
LogDevObjectVersion:   Dev-AnimPhys (29E575DD-E0A3-4627-9D10-D276232CDCEA): 17
LogDevObjectVersion:   Dev-Anim (AF43A65D-7FD3-4947-9873-3E8ED9C1BB05): 7
LogDevObjectVersion:   Dev-ReflectionCapture (6B266CEC-1EC7-4B8F-A30B-E4D90942FC07): 1
LogDevObjectVersion:   Dev-Automation (0DF73D61-A23F-47EA-B727-89E90C41499A): 1
LogDevObjectVersion:   FortniteMain (601D1886-AC64-4F84-AA16-D3DE0DEAC7D6): 31
LogDevObjectVersion:   Dev-Enterprise (9DFFBCD6-494F-0158-E221-12823C92A888): 10
LogDevObjectVersion:   Dev-Niagara (F2AED0AC-9AFE-416F-8664-AA7FFA26D6FC): 1
LogDevObjectVersion:   Dev-Destruction (174F1F0B-B4C6-45A5-B13F-2EE8D0FB917D): 10
LogDevObjectVersion:   Dev-Physics-Ext (35F94A83-E258-406C-A318-09F59610247C): 37
LogDevObjectVersion:   Dev-PhysicsMaterial-Chaos (B68FC16E-8B1B-42E2-B453-215C058844FE): 1
LogDevObjectVersion:   Dev-CineCamera (B2E18506-4273-CFC2-A54E-F4BB758BBA07): 1
LogInit: Presizing for max 25165824 objects, including 0 objects not considered by GC, pre-allocating 0 bytes for permanent pool.
LogConfig: Applying CVar settings from Section [/Script/Engine.StreamingSettings] File [E:/Github/GEP/GEPProject/Saved/Config/Windows/Engine.ini]
LogConfig: Setting CVar [[s.MinBulkDataSizeForAsyncLoading:131072]]
LogConfig: Setting CVar [[s.AsyncLoadingThreadEnabled:0]]
LogConfig: Setting CVar [[s.EventDrivenLoaderEnabled:1]]
LogConfig: Setting CVar [[s.WarnIfTimeLimitExceeded:0]]
LogConfig: Setting CVar [[s.TimeLimitExceededMultiplier:1.5]]
LogConfig: Setting CVar [[s.TimeLimitExceededMinTime:0.005]]
LogConfig: Setting CVar [[s.UseBackgroundLevelStreaming:1]]
LogConfig: Setting CVar [[s.PriorityAsyncLoadingExtraTime:15.0]]
LogConfig: Setting CVar [[s.LevelStreamingActorsUpdateTimeLimit:5.0]]
LogConfig: Setting CVar [[s.PriorityLevelStreamingActorsUpdateExtraTime:5.0]]
LogConfig: Setting CVar [[s.LevelStreamingComponentsRegistrationGranularity:10]]
LogConfig: Setting CVar [[s.UnregisterComponentsTimeLimit:1.0]]
LogConfig: Setting CVar [[s.LevelStreamingComponentsUnregistrationGranularity:5]]
LogConfig: Setting CVar [[s.FlushStreamingOnExit:1]]
LogInit: Object subsystem initialized
LogConfig: Setting CVar [[con.DebugEarlyDefault:1]]
LogConfig: Setting CVar [[r.setres:1280x720]]
[2021.03.19-15.52.33:570][  0]LogConfig: Setting CVar [[r.VSync:0]]
[2021.03.19-15.52.33:570][  0]LogConfig: Setting CVar [[r.RHICmdBypass:0]]
[2021.03.19-15.52.33:570][  0]LogConfig: Applying CVar settings from Section [/Script/Engine.RendererSettings] File [E:/Github/GEP/GEPProject/Saved/Config/Windows/Engine.ini]
[2021.03.19-15.52.33:570][  0]LogConfig: Setting CVar [[r.GPUCrashDebugging:0]]
[2021.03.19-15.52.33:570][  0]LogConfig: Applying CVar settings from Section [/Script/Engine.RendererOverrideSettings] File [E:/Github/GEP/GEPProject/Saved/Config/Windows/Engine.ini]
[2021.03.19-15.52.33:570][  0]LogConfig: Applying CVar settings from Section [/Script/Engine.StreamingSettings] File [E:/Github/GEP/GEPProject/Saved/Config/Windows/Engine.ini]
[2021.03.19-15.52.33:570][  0]LogConfig: Setting CVar [[s.MinBulkDataSizeForAsyncLoading:131072]]
[2021.03.19-15.52.33:570][  0]LogConfig: Setting CVar [[s.AsyncLoadingThreadEnabled:0]]
[2021.03.19-15.52.33:570][  0]LogConfig: Setting CVar [[s.EventDrivenLoaderEnabled:1]]
[2021.03.19-15.52.33:570][  0]LogConfig: Setting CVar [[s.WarnIfTimeLimitExceeded:0]]
[2021.03.19-15.52.33:570][  0]LogConfig: Setting CVar [[s.TimeLimitExceededMultiplier:1.5]]
[2021.03.19-15.52.33:570][  0]LogConfig: Setting CVar [[s.TimeLimitExceededMinTime:0.005]]
[2021.03.19-15.52.33:570][  0]LogConfig: Setting CVar [[s.UseBackgroundLevelStreaming:1]]
[2021.03.19-15.52.33:570][  0]LogConfig: Setting CVar [[s.PriorityAsyncLoadingExtraTime:15.0]]
[2021.03.19-15.52.33:570][  0]LogConfig: Setting CVar [[s.LevelStreamingActorsUpdateTimeLimit:5.0]]
[2021.03.19-15.52.33:570][  0]LogConfig: Setting CVar [[s.PriorityLevelStreamingActorsUpdateExtraTime:5.0]]
[2021.03.19-15.52.33:570][  0]LogConfig: Setting CVar [[s.LevelStreamingComponentsRegistrationGranularity:10]]
[2021.03.19-15.52.33:570][  0]LogConfig: Setting CVar [[s.UnregisterComponentsTimeLimit:1.0]]
[2021.03.19-15.52.33:570][  0]LogConfig: Setting CVar [[s.LevelStreamingComponentsUnregistrationGranularity:5]]
[2021.03.19-15.52.33:570][  0]LogConfig: Setting CVar [[s.FlushStreamingOnExit:1]]
[2021.03.19-15.52.33:570][  0]LogConfig: Applying CVar settings from Section [/Script/Engine.GarbageCollectionSettings] File [E:/Github/GEP/GEPProject/Saved/Config/Windows/Engine.ini]
[2021.03.19-15.52.33:570][  0]LogConfig: Setting CVar [[gc.MaxObjectsNotConsideredByGC:1]]
[2021.03.19-15.52.33:570][  0]LogConfig: Setting CVar [[gc.SizeOfPermanentObjectPool:0]]
[2021.03.19-15.52.33:570][  0]LogConfig: Setting CVar [[gc.FlushStreamingOnGC:0]]
[2021.03.19-15.52.33:570][  0]LogConfig: Setting CVar [[gc.NumRetriesBeforeForcingGC:10]]
[2021.03.19-15.52.33:570][  0]LogConfig: Setting CVar [[gc.AllowParallelGC:1]]
[2021.03.19-15.52.33:570][  0]LogConfig: Setting CVar [[gc.TimeBetweenPurgingPendingKillObjects:61.1]]
[2021.03.19-15.52.33:570][  0]LogConfig: Setting CVar [[gc.MaxObjectsInEditor:25165824]]
[2021.03.19-15.52.33:570][  0]LogConfig: Setting CVar [[gc.IncrementalBeginDestroyEnabled:1]]
[2021.03.19-15.52.33:570][  0]LogConfig: Setting CVar [[gc.CreateGCClusters:1]]
[2021.03.19-15.52.33:570][  0]LogConfig: Setting CVar [[gc.MinGCClusterSize:5]]
[2021.03.19-15.52.33:570][  0]LogConfig: Setting CVar [[gc.ActorClusteringEnabled:0]]
[2021.03.19-15.52.33:570][  0]LogConfig: Setting CVar [[gc.BlueprintClusteringEnabled:0]]
[2021.03.19-15.52.33:570][  0]LogConfig: Setting CVar [[gc.UseDisregardForGCOnDedicatedServers:0]]
[2021.03.19-15.52.33:570][  0]LogConfig: Applying CVar settings from Section [/Script/Engine.NetworkSettings] File [E:/Github/GEP/GEPProject/Saved/Config/Windows/Engine.ini]
[2021.03.19-15.52.33:570][  0]LogConfig: Applying CVar settings from Section [/Script/UnrealEd.CookerSettings] File [E:/Github/GEP/GEPProject/Saved/Config/Windows/Engine.ini]
[2021.03.19-15.52.33:575][  0]LogConfig: Applying CVar settings from Section [ViewDistanceQuality@3] File [E:/Github/GEP/GEPProject/Saved/Config/Windows/Scalability.ini]
[2021.03.19-15.52.33:575][  0]LogConfig: Setting CVar [[r.SkeletalMeshLODBias:0]]
[2021.03.19-15.52.33:575][  0]LogConfig: Setting CVar [[r.ViewDistanceScale:1.0]]
[2021.03.19-15.52.33:575][  0]LogConfig: Applying CVar settings from Section [AntiAliasingQuality@3] File [E:/Github/GEP/GEPProject/Saved/Config/Windows/Scalability.ini]
[2021.03.19-15.52.33:575][  0]LogConfig: Setting CVar [[r.PostProcessAAQuality:4]]
[2021.03.19-15.52.33:575][  0]LogConfig: Applying CVar settings from Section [ShadowQuality@3] File [E:/Github/GEP/GEPProject/Saved/Config/Windows/Scalability.ini]
[2021.03.19-15.52.33:575][  0]LogConfig: Setting CVar [[r.LightFunctionQuality:1]]
[2021.03.19-15.52.33:575][  0]LogConfig: Setting CVar [[r.ShadowQuality:5]]
[2021.03.19-15.52.33:575][  0]LogConfig: Setting CVar [[r.Shadow.CSM.MaxCascades:10]]
[2021.03.19-15.52.33:575][  0]LogConfig: Setting CVar [[r.Shadow.MaxResolution:2048]]
[2021.03.19-15.52.33:575][  0]LogConfig: Setting CVar [[r.Shadow.MaxCSMResolution:2048]]
[2021.03.19-15.52.33:575][  0]LogConfig: Setting CVar [[r.Shadow.RadiusThreshold:0.01]]
[2021.03.19-15.52.33:575][  0]LogConfig: Setting CVar [[r.Shadow.DistanceScale:1.0]]
[2021.03.19-15.52.33:575][  0]LogConfig: Setting CVar [[r.Shadow.CSM.TransitionScale:1.0]]
[2021.03.19-15.52.33:575][  0]LogConfig: Setting CVar [[r.Shadow.PreShadowResolutionFactor:1.0]]
[2021.03.19-15.52.33:575][  0]LogConfig: Setting CVar [[r.DistanceFieldShadowing:1]]
[2021.03.19-15.52.33:575][  0]LogConfig: Setting CVar [[r.DistanceFieldAO:1]]
[2021.03.19-15.52.33:575][  0]LogConfig: Setting CVar [[r.AOQuality:2]]
[2021.03.19-15.52.33:575][  0]LogConfig: Setting CVar [[r.VolumetricFog:1]]
[2021.03.19-15.52.33:575][  0]LogConfig: Setting CVar [[r.VolumetricFog.GridPixelSize:8]]
[2021.03.19-15.52.33:575][  0]LogConfig: Setting CVar [[r.VolumetricFog.GridSizeZ:128]]
[2021.03.19-15.52.33:575][  0]LogConfig: Setting CVar [[r.VolumetricFog.HistoryMissSupersampleCount:4]]
[2021.03.19-15.52.33:575][  0]LogConfig: Setting CVar [[r.LightMaxDrawDistanceScale:1]]
[2021.03.19-15.52.33:575][  0]LogConfig: Setting CVar [[r.CapsuleShadows:1]]
[2021.03.19-15.52.33:575][  0]LogConfig: Applying CVar settings from Section [PostProcessQuality@3] File [E:/Github/GEP/GEPProject/Saved/Config/Windows/Scalability.ini]
[2021.03.19-15.52.33:575][  0]LogConfig: Setting CVar [[r.MotionBlurQuality:4]]
[2021.03.19-15.52.33:575][  0]LogConfig: Setting CVar [[r.AmbientOcclusionMipLevelFactor:0.4]]
[2021.03.19-15.52.33:575][  0]LogConfig: Setting CVar [[r.AmbientOcclusionMaxQuality:100]]
[2021.03.19-15.52.33:575][  0]LogConfig: Setting CVar [[r.AmbientOcclusionLevels:-1]]
[2021.03.19-15.52.33:575][  0]LogConfig: Setting CVar [[r.AmbientOcclusionRadiusScale:1.0]]
[2021.03.19-15.52.33:575][  0]LogConfig: Setting CVar [[r.DepthOfFieldQuality:2]]
[2021.03.19-15.52.33:575][  0]LogConfig: Setting CVar [[r.RenderTargetPoolMin:400]]
[2021.03.19-15.52.33:575][  0]LogConfig: Setting CVar [[r.LensFlareQuality:2]]
[2021.03.19-15.52.33:575][  0]LogConfig: Setting CVar [[r.SceneColorFringeQuality:1]]
[2021.03.19-15.52.33:575][  0]LogConfig: Setting CVar [[r.EyeAdaptationQuality:2]]
[2021.03.19-15.52.33:575][  0]LogConfig: Setting CVar [[r.BloomQuality:5]]
[2021.03.19-15.52.33:575][  0]LogConfig: Setting CVar [[r.FastBlurThreshold:100]]
[2021.03.19-15.52.33:575][  0]LogConfig: Setting CVar [[r.Upscale.Quality:3]]
[2021.03.19-15.52.33:575][  0]LogConfig: Setting CVar [[r.Tonemapper.GrainQuantization:1]]
[2021.03.19-15.52.33:575][  0]LogConfig: Setting CVar [[r.LightShaftQuality:1]]
[2021.03.19-15.52.33:575][  0]LogConfig: Setting CVar [[r.Filter.SizeScale:1]]
[2021.03.19-15.52.33:575][  0]LogConfig: Setting CVar [[r.Tonemapper.Quality:5]]
[2021.03.19-15.52.33:575][  0]LogConfig: Setting CVar [[r.DOF.Gather.AccumulatorQuality:1        ; higher gathering accumulator quality]]
[2021.03.19-15.52.33:575][  0]LogConfig: Setting CVar [[r.DOF.Gather.PostfilterMethod:1          ; Median3x3 postfilering method]]
[2021.03.19-15.52.33:575][  0]LogConfig: Setting CVar [[r.DOF.Gather.EnableBokehSettings:0       ; no bokeh simulation when gathering]]
[2021.03.19-15.52.33:575][  0]LogConfig: Setting CVar [[r.DOF.Gather.RingCount:4                 ; medium number of samples when gathering]]
[2021.03.19-15.52.33:575][  0]LogConfig: Setting CVar [[r.DOF.Scatter.ForegroundCompositing:1    ; additive foreground scattering]]
[2021.03.19-15.52.33:575][  0]LogConfig: Setting CVar [[r.DOF.Scatter.BackgroundCompositing:2    ; additive background scattering]]
[2021.03.19-15.52.33:575][  0]LogConfig: Setting CVar [[r.DOF.Scatter.EnableBokehSettings:1      ; bokeh simulation when scattering]]
[2021.03.19-15.52.33:575][  0]LogConfig: Setting CVar [[r.DOF.Scatter.MaxSpriteRatio:0.1         ; only a maximum of 10% of scattered bokeh]]
[2021.03.19-15.52.33:575][  0]LogConfig: Setting CVar [[r.DOF.Recombine.Quality:1                ; cheap slight out of focus]]
[2021.03.19-15.52.33:575][  0]LogConfig: Setting CVar [[r.DOF.Recombine.EnableBokehSettings:0    ; no bokeh simulation on slight out of focus]]
[2021.03.19-15.52.33:575][  0]LogConfig: Setting CVar [[r.DOF.TemporalAAQuality:1                ; more stable temporal accumulation]]
[2021.03.19-15.52.33:575][  0]LogConfig: Setting CVar [[r.DOF.Kernel.MaxForegroundRadius:0.025]]
[2021.03.19-15.52.33:575][  0]LogConfig: Setting CVar [[r.DOF.Kernel.MaxBackgroundRadius:0.025]]
[2021.03.19-15.52.33:575][  0]LogConfig: Applying CVar settings from Section [TextureQuality@3] File [E:/Github/GEP/GEPProject/Saved/Config/Windows/Scalability.ini]
[2021.03.19-15.52.33:575][  0]LogConfig: Setting CVar [[r.Streaming.MipBias:0]]
[2021.03.19-15.52.33:575][  0]LogConfig: Setting CVar [[r.Streaming.AmortizeCPUToGPUCopy:0]]
[2021.03.19-15.52.33:576][  0]LogConfig: Setting CVar [[r.Streaming.MaxNumTexturesToStreamPerFrame:0]]
[2021.03.19-15.52.33:576][  0]LogConfig: Setting CVar [[r.Streaming.Boost:1]]
[2021.03.19-15.52.33:576][  0]LogConfig: Setting CVar [[r.MaxAnisotropy:8]]
[2021.03.19-15.52.33:576][  0]LogConfig: Setting CVar [[r.VT.MaxAnisotropy:8]]
[2021.03.19-15.52.33:576][  0]LogConfig: Setting CVar [[r.Streaming.LimitPoolSizeToVRAM:0]]
[2021.03.19-15.52.33:576][  0]LogConfig: Setting CVar [[r.Streaming.PoolSize:1000]]
[2021.03.19-15.52.33:576][  0]LogConfig: Setting CVar [[r.Streaming.MaxEffectiveScreenSize:0]]
[2021.03.19-15.52.33:576][  0]LogConfig: Applying CVar settings from Section [EffectsQuality@3] File [E:/Github/GEP/GEPProject/Saved/Config/Windows/Scalability.ini]
[2021.03.19-15.52.33:576][  0]LogConfig: Setting CVar [[r.TranslucencyLightingVolumeDim:64]]
[2021.03.19-15.52.33:576][  0]LogConfig: Setting CVar [[r.RefractionQuality:2]]
[2021.03.19-15.52.33:576][  0]LogConfig: Setting CVar [[r.SSR.Quality:3]]
[2021.03.19-15.52.33:576][  0]LogConfig: Setting CVar [[r.SSR.HalfResSceneColor:0]]
[2021.03.19-15.52.33:576][  0]LogConfig: Setting CVar [[r.SceneColorFormat:4]]
[2021.03.19-15.52.33:576][  0]LogConfig: Setting CVar [[r.DetailMode:2]]
[2021.03.19-15.52.33:576][  0]LogConfig: Setting CVar [[r.TranslucencyVolumeBlur:1]]
[2021.03.19-15.52.33:576][  0]LogConfig: Setting CVar [[r.MaterialQualityLevel:1 ; High quality]]
[2021.03.19-15.52.33:576][  0]LogConfig: Setting CVar [[r.SSS.Scale:1]]
[2021.03.19-15.52.33:576][  0]LogConfig: Setting CVar [[r.SSS.SampleSet:2]]
[2021.03.19-15.52.33:576][  0]LogConfig: Setting CVar [[r.SSS.Quality:1]]
[2021.03.19-15.52.33:576][  0]LogConfig: Setting CVar [[r.SSS.HalfRes:0]]
[2021.03.19-15.52.33:576][  0]LogConfig: Setting CVar [[r.SSGI.Quality:3]]
[2021.03.19-15.52.33:576][  0]LogConfig: Setting CVar [[r.EmitterSpawnRateScale:1.0]]
[2021.03.19-15.52.33:576][  0]LogConfig: Setting CVar [[r.ParticleLightQuality:2]]
[2021.03.19-15.52.33:576][  0]LogConfig: Setting CVar [[r.SkyAtmosphere.AerialPerspectiveLUT.FastApplyOnOpaque:1 ; Always have FastSkyLUT 1 in this case to avoid wrong sky]]
[2021.03.19-15.52.33:576][  0]LogConfig: Setting CVar [[r.SkyAtmosphere.AerialPerspectiveLUT.SampleCountPerSlice:1]]
[2021.03.19-15.52.33:576][  0]LogConfig: Setting CVar [[r.SkyAtmosphere.AerialPerspectiveLUT.DepthResolution:16.0]]
[2021.03.19-15.52.33:576][  0]LogConfig: Setting CVar [[r.SkyAtmosphere.FastSkyLUT:1]]
[2021.03.19-15.52.33:576][  0]LogConfig: Setting CVar [[r.SkyAtmosphere.FastSkyLUT.SampleCountMin:4.0]]
[2021.03.19-15.52.33:576][  0]LogConfig: Setting CVar [[r.SkyAtmosphere.FastSkyLUT.SampleCountMax:32.0]]
[2021.03.19-15.52.33:576][  0]LogConfig: Setting CVar [[r.SkyAtmosphere.SampleCountMin:4.0]]
[2021.03.19-15.52.33:576][  0]LogConfig: Setting CVar [[r.SkyAtmosphere.SampleCountMax:32.0]]
[2021.03.19-15.52.33:576][  0]LogConfig: Setting CVar [[r.SkyAtmosphere.TransmittanceLUT.UseSmallFormat:0]]
[2021.03.19-15.52.33:576][  0]LogConfig: Setting CVar [[r.SkyAtmosphere.TransmittanceLUT.SampleCount:10.0]]
[2021.03.19-15.52.33:576][  0]LogConfig: Setting CVar [[r.SkyAtmosphere.MultiScatteringLUT.SampleCount:15.0]]
[2021.03.19-15.52.33:576][  0]LogConfig: Applying CVar settings from Section [FoliageQuality@3] File [E:/Github/GEP/GEPProject/Saved/Config/Windows/Scalability.ini]
[2021.03.19-15.52.33:576][  0]LogConfig: Setting CVar [[foliage.DensityScale:1.0]]
[2021.03.19-15.52.33:576][  0]LogConfig: Setting CVar [[grass.DensityScale:1.0]]
[2021.03.19-15.52.33:576][  0]LogConfig: Applying CVar settings from Section [ShadingQuality@3] File [E:/Github/GEP/GEPProject/Saved/Config/Windows/Scalability.ini]
[2021.03.19-15.52.33:576][  0]LogConfig: Setting CVar [[r.HairStrands.SkyLighting.SampleCount:16]]
[2021.03.19-15.52.33:576][  0]LogConfig: Setting CVar [[r.HairStrands.SkyLighting.JitterIntegration:0]]
[2021.03.19-15.52.33:576][  0]LogConfig: Setting CVar [[r.HairStrands.SkyAO.SampleCount:16]]
[2021.03.19-15.52.33:576][  0]LogConfig: Setting CVar [[r.HairStrands.DeepShadow.SuperSampling:0]]
[2021.03.19-15.52.33:576][  0]LogConfig: Setting CVar [[r.HairStrands.VisibilityPPLL:0]]
[2021.03.19-15.52.33:576][  0]LogConfig: Setting CVar [[r.HairStrands.RasterizationScale:0.5]]
[2021.03.19-15.52.33:576][  0]LogConfig: Setting CVar [[r.HairStrands.VelocityRasterizationScale:1]]
[2021.03.19-15.52.33:576][  0]LogInit: Selected Device Profile: [Windows]
[2021.03.19-15.52.33:576][  0]LogInit: Applying CVar settings loaded from the selected device profile: [Windows]
[2021.03.19-15.52.33:577][  0]LogHAL: Display: Platform has ~ 16 GB [17123741696 / 17179869184 / 16], which maps to Larger [LargestMinGB=32, LargerMinGB=12, DefaultMinGB=8, SmallerMinGB=6, SmallestMinGB=0)
[2021.03.19-15.52.33:577][  0]LogInit: Going up to parent DeviceProfile []
[2021.03.19-15.52.33:577][  0]LogConfig: Applying CVar settings from Section [ViewDistanceQuality@3] File [E:/Github/GEP/GEPProject/Saved/Config/Windows/Scalability.ini]
[2021.03.19-15.52.33:577][  0]LogConfig: Setting CVar [[r.SkeletalMeshLODBias:0]]
[2021.03.19-15.52.33:577][  0]LogConfig: Setting CVar [[r.ViewDistanceScale:1.0]]
[2021.03.19-15.52.33:577][  0]LogConfig: Applying CVar settings from Section [AntiAliasingQuality@3] File [E:/Github/GEP/GEPProject/Saved/Config/Windows/Scalability.ini]
[2021.03.19-15.52.33:577][  0]LogConfig: Setting CVar [[r.PostProcessAAQuality:4]]
[2021.03.19-15.52.33:577][  0]LogConfig: Applying CVar settings from Section [ShadowQuality@3] File [E:/Github/GEP/GEPProject/Saved/Config/Windows/Scalability.ini]
[2021.03.19-15.52.33:577][  0]LogConfig: Setting CVar [[r.LightFunctionQuality:1]]
[2021.03.19-15.52.33:577][  0]LogConfig: Setting CVar [[r.ShadowQuality:5]]
[2021.03.19-15.52.33:577][  0]LogConfig: Setting CVar [[r.Shadow.CSM.MaxCascades:10]]
[2021.03.19-15.52.33:577][  0]LogConfig: Setting CVar [[r.Shadow.MaxResolution:2048]]
[2021.03.19-15.52.33:577][  0]LogConfig: Setting CVar [[r.Shadow.MaxCSMResolution:2048]]
[2021.03.19-15.52.33:577][  0]LogConfig: Setting CVar [[r.Shadow.RadiusThreshold:0.01]]
[2021.03.19-15.52.33:577][  0]LogConfig: Setting CVar [[r.Shadow.DistanceScale:1.0]]
[2021.03.19-15.52.33:577][  0]LogConfig: Setting CVar [[r.Shadow.CSM.TransitionScale:1.0]]
[2021.03.19-15.52.33:577][  0]LogConfig: Setting CVar [[r.Shadow.PreShadowResolutionFactor:1.0]]
[2021.03.19-15.52.33:577][  0]LogConfig: Setting CVar [[r.DistanceFieldShadowing:1]]
[2021.03.19-15.52.33:577][  0]LogConfig: Setting CVar [[r.DistanceFieldAO:1]]
[2021.03.19-15.52.33:577][  0]LogConfig: Setting CVar [[r.AOQuality:2]]
[2021.03.19-15.52.33:577][  0]LogConfig: Setting CVar [[r.VolumetricFog:1]]
[2021.03.19-15.52.33:577][  0]LogConfig: Setting CVar [[r.VolumetricFog.GridPixelSize:8]]
[2021.03.19-15.52.33:577][  0]LogConfig: Setting CVar [[r.VolumetricFog.GridSizeZ:128]]
[2021.03.19-15.52.33:577][  0]LogConfig: Setting CVar [[r.VolumetricFog.HistoryMissSupersampleCount:4]]
[2021.03.19-15.52.33:577][  0]LogConfig: Setting CVar [[r.LightMaxDrawDistanceScale:1]]
[2021.03.19-15.52.33:578][  0]LogConfig: Setting CVar [[r.CapsuleShadows:1]]
[2021.03.19-15.52.33:578][  0]LogConfig: Applying CVar settings from Section [PostProcessQuality@3] File [E:/Github/GEP/GEPProject/Saved/Config/Windows/Scalability.ini]
[2021.03.19-15.52.33:578][  0]LogConfig: Setting CVar [[r.MotionBlurQuality:4]]
[2021.03.19-15.52.33:578][  0]LogConfig: Setting CVar [[r.AmbientOcclusionMipLevelFactor:0.4]]
[2021.03.19-15.52.33:578][  0]LogConfig: Setting CVar [[r.AmbientOcclusionMaxQuality:100]]
[2021.03.19-15.52.33:578][  0]LogConfig: Setting CVar [[r.AmbientOcclusionLevels:-1]]
[2021.03.19-15.52.33:578][  0]LogConfig: Setting CVar [[r.AmbientOcclusionRadiusScale:1.0]]
[2021.03.19-15.52.33:578][  0]LogConfig: Setting CVar [[r.DepthOfFieldQuality:2]]
[2021.03.19-15.52.33:578][  0]LogConfig: Setting CVar [[r.RenderTargetPoolMin:400]]
[2021.03.19-15.52.33:578][  0]LogConfig: Setting CVar [[r.LensFlareQuality:2]]
[2021.03.19-15.52.33:578][  0]LogConfig: Setting CVar [[r.SceneColorFringeQuality:1]]
[2021.03.19-15.52.33:578][  0]LogConfig: Setting CVar [[r.EyeAdaptationQuality:2]]
[2021.03.19-15.52.33:578][  0]LogConfig: Setting CVar [[r.BloomQuality:5]]
[2021.03.19-15.52.33:578][  0]LogConfig: Setting CVar [[r.FastBlurThreshold:100]]
[2021.03.19-15.52.33:578][  0]LogConfig: Setting CVar [[r.Upscale.Quality:3]]
[2021.03.19-15.52.33:578][  0]LogConfig: Setting CVar [[r.Tonemapper.GrainQuantization:1]]
[2021.03.19-15.52.33:578][  0]LogConfig: Setting CVar [[r.LightShaftQuality:1]]
[2021.03.19-15.52.33:578][  0]LogConfig: Setting CVar [[r.Filter.SizeScale:1]]
[2021.03.19-15.52.33:578][  0]LogConfig: Setting CVar [[r.Tonemapper.Quality:5]]
[2021.03.19-15.52.33:578][  0]LogConfig: Setting CVar [[r.DOF.Gather.AccumulatorQuality:1        ; higher gathering accumulator quality]]
[2021.03.19-15.52.33:578][  0]LogConfig: Setting CVar [[r.DOF.Gather.PostfilterMethod:1          ; Median3x3 postfilering method]]
[2021.03.19-15.52.33:578][  0]LogConfig: Setting CVar [[r.DOF.Gather.EnableBokehSettings:0       ; no bokeh simulation when gathering]]
[2021.03.19-15.52.33:578][  0]LogConfig: Setting CVar [[r.DOF.Gather.RingCount:4                 ; medium number of samples when gathering]]
[2021.03.19-15.52.33:578][  0]LogConfig: Setting CVar [[r.DOF.Scatter.ForegroundCompositing:1    ; additive foreground scattering]]
[2021.03.19-15.52.33:578][  0]LogConfig: Setting CVar [[r.DOF.Scatter.BackgroundCompositing:2    ; additive background scattering]]
[2021.03.19-15.52.33:578][  0]LogConfig: Setting CVar [[r.DOF.Scatter.EnableBokehSettings:1      ; bokeh simulation when scattering]]
[2021.03.19-15.52.33:578][  0]LogConfig: Setting CVar [[r.DOF.Scatter.MaxSpriteRatio:0.1         ; only a maximum of 10% of scattered bokeh]]
[2021.03.19-15.52.33:578][  0]LogConfig: Setting CVar [[r.DOF.Recombine.Quality:1                ; cheap slight out of focus]]
[2021.03.19-15.52.33:578][  0]LogConfig: Setting CVar [[r.DOF.Recombine.EnableBokehSettings:0    ; no bokeh simulation on slight out of focus]]
[2021.03.19-15.52.33:578][  0]LogConfig: Setting CVar [[r.DOF.TemporalAAQuality:1                ; more stable temporal accumulation]]
[2021.03.19-15.52.33:578][  0]LogConfig: Setting CVar [[r.DOF.Kernel.MaxForegroundRadius:0.025]]
[2021.03.19-15.52.33:578][  0]LogConfig: Setting CVar [[r.DOF.Kernel.MaxBackgroundRadius:0.025]]
[2021.03.19-15.52.33:578][  0]LogConfig: Applying CVar settings from Section [TextureQuality@3] File [E:/Github/GEP/GEPProject/Saved/Config/Windows/Scalability.ini]
[2021.03.19-15.52.33:578][  0]LogConfig: Setting CVar [[r.Streaming.MipBias:0]]
[2021.03.19-15.52.33:578][  0]LogConfig: Setting CVar [[r.Streaming.AmortizeCPUToGPUCopy:0]]
[2021.03.19-15.52.33:578][  0]LogConfig: Setting CVar [[r.Streaming.MaxNumTexturesToStreamPerFrame:0]]
[2021.03.19-15.52.33:578][  0]LogConfig: Setting CVar [[r.Streaming.Boost:1]]
[2021.03.19-15.52.33:578][  0]LogConfig: Setting CVar [[r.MaxAnisotropy:8]]
[2021.03.19-15.52.33:578][  0]LogConfig: Setting CVar [[r.VT.MaxAnisotropy:8]]
[2021.03.19-15.52.33:578][  0]LogConfig: Setting CVar [[r.Streaming.LimitPoolSizeToVRAM:0]]
[2021.03.19-15.52.33:578][  0]LogConfig: Setting CVar [[r.Streaming.PoolSize:1000]]
[2021.03.19-15.52.33:578][  0]LogConfig: Setting CVar [[r.Streaming.MaxEffectiveScreenSize:0]]
[2021.03.19-15.52.33:578][  0]LogConfig: Applying CVar settings from Section [EffectsQuality@3] File [E:/Github/GEP/GEPProject/Saved/Config/Windows/Scalability.ini]
[2021.03.19-15.52.33:578][  0]LogConfig: Setting CVar [[r.TranslucencyLightingVolumeDim:64]]
[2021.03.19-15.52.33:578][  0]LogConfig: Setting CVar [[r.RefractionQuality:2]]
[2021.03.19-15.52.33:578][  0]LogConfig: Setting CVar [[r.SSR.Quality:3]]
[2021.03.19-15.52.33:578][  0]LogConfig: Setting CVar [[r.SSR.HalfResSceneColor:0]]
[2021.03.19-15.52.33:578][  0]LogConfig: Setting CVar [[r.SceneColorFormat:4]]
[2021.03.19-15.52.33:578][  0]LogConfig: Setting CVar [[r.DetailMode:2]]
[2021.03.19-15.52.33:578][  0]LogConfig: Setting CVar [[r.TranslucencyVolumeBlur:1]]
[2021.03.19-15.52.33:578][  0]LogConfig: Setting CVar [[r.MaterialQualityLevel:1 ; High quality]]
[2021.03.19-15.52.33:578][  0]LogConfig: Setting CVar [[r.SSS.Scale:1]]
[2021.03.19-15.52.33:578][  0]LogConfig: Setting CVar [[r.SSS.SampleSet:2]]
[2021.03.19-15.52.33:578][  0]LogConfig: Setting CVar [[r.SSS.Quality:1]]
[2021.03.19-15.52.33:578][  0]LogConfig: Setting CVar [[r.SSS.HalfRes:0]]
[2021.03.19-15.52.33:578][  0]LogConfig: Setting CVar [[r.SSGI.Quality:3]]
[2021.03.19-15.52.33:578][  0]LogConfig: Setting CVar [[r.EmitterSpawnRateScale:1.0]]
[2021.03.19-15.52.33:578][  0]LogConfig: Setting CVar [[r.ParticleLightQuality:2]]
[2021.03.19-15.52.33:578][  0]LogConfig: Setting CVar [[r.SkyAtmosphere.AerialPerspectiveLUT.FastApplyOnOpaque:1 ; Always have FastSkyLUT 1 in this case to avoid wrong sky]]
[2021.03.19-15.52.33:578][  0]LogConfig: Setting CVar [[r.SkyAtmosphere.AerialPerspectiveLUT.SampleCountPerSlice:1]]
[2021.03.19-15.52.33:578][  0]LogConfig: Setting CVar [[r.SkyAtmosphere.AerialPerspectiveLUT.DepthResolution:16.0]]
[2021.03.19-15.52.33:578][  0]LogConfig: Setting CVar [[r.SkyAtmosphere.FastSkyLUT:1]]
[2021.03.19-15.52.33:578][  0]LogConfig: Setting CVar [[r.SkyAtmosphere.FastSkyLUT.SampleCountMin:4.0]]
[2021.03.19-15.52.33:578][  0]LogConfig: Setting CVar [[r.SkyAtmosphere.FastSkyLUT.SampleCountMax:32.0]]
[2021.03.19-15.52.33:578][  0]LogConfig: Setting CVar [[r.SkyAtmosphere.SampleCountMin:4.0]]
[2021.03.19-15.52.33:578][  0]LogConfig: Setting CVar [[r.SkyAtmosphere.SampleCountMax:32.0]]
[2021.03.19-15.52.33:578][  0]LogConfig: Setting CVar [[r.SkyAtmosphere.TransmittanceLUT.UseSmallFormat:0]]
[2021.03.19-15.52.33:578][  0]LogConfig: Setting CVar [[r.SkyAtmosphere.TransmittanceLUT.SampleCount:10.0]]
[2021.03.19-15.52.33:578][  0]LogConfig: Setting CVar [[r.SkyAtmosphere.MultiScatteringLUT.SampleCount:15.0]]
[2021.03.19-15.52.33:578][  0]LogConfig: Applying CVar settings from Section [FoliageQuality@3] File [E:/Github/GEP/GEPProject/Saved/Config/Windows/Scalability.ini]
[2021.03.19-15.52.33:578][  0]LogConfig: Setting CVar [[foliage.DensityScale:1.0]]
[2021.03.19-15.52.33:578][  0]LogConfig: Setting CVar [[grass.DensityScale:1.0]]
[2021.03.19-15.52.33:578][  0]LogConfig: Applying CVar settings from Section [ShadingQuality@3] File [E:/Github/GEP/GEPProject/Saved/Config/Windows/Scalability.ini]
[2021.03.19-15.52.33:578][  0]LogConfig: Setting CVar [[r.HairStrands.SkyLighting.SampleCount:16]]
[2021.03.19-15.52.33:578][  0]LogConfig: Setting CVar [[r.HairStrands.SkyLighting.JitterIntegration:0]]
[2021.03.19-15.52.33:578][  0]LogConfig: Setting CVar [[r.HairStrands.SkyAO.SampleCount:16]]
[2021.03.19-15.52.33:578][  0]LogConfig: Setting CVar [[r.HairStrands.DeepShadow.SuperSampling:0]]
[2021.03.19-15.52.33:578][  0]LogConfig: Setting CVar [[r.HairStrands.VisibilityPPLL:0]]
[2021.03.19-15.52.33:578][  0]LogConfig: Setting CVar [[r.HairStrands.RasterizationScale:0.5]]
[2021.03.19-15.52.33:578][  0]LogConfig: Setting CVar [[r.HairStrands.VelocityRasterizationScale:1]]
[2021.03.19-15.52.33:578][  0]LogConfig: Applying CVar settings from Section [Startup] File [../../../Engine/Config/ConsoleVariables.ini]
[2021.03.19-15.52.33:579][  0]LogConfig: Setting CVar [[net.UseAdaptiveNetUpdateFrequency:0]]
[2021.03.19-15.52.33:579][  0]LogConfig: Setting CVar [[p.chaos.AllowCreatePhysxBodies:1]]
[2021.03.19-15.52.33:579][  0]LogConfig: Setting CVar [[fx.SkipVectorVMBackendOptimizations:1]]
[2021.03.19-15.52.33:579][  0]LogConfig: Applying CVar settings from Section [ConsoleVariables] File [E:/Github/GEP/GEPProject/Saved/Config/Windows/Engine.ini]
[2021.03.19-15.52.33:580][  0]LogInit: Computer: DESKTOP-8MPSU4G
[2021.03.19-15.52.33:580][  0]LogInit: User: cathan
[2021.03.19-15.52.33:580][  0]LogInit: CPU Page size=4096, Cores=8
[2021.03.19-15.52.33:580][  0]LogInit: High frequency timer resolution =10.000000 MHz
[2021.03.19-15.52.33:580][  0]LogMemory: Memory total: Physical=15.9GB (16GB approx)
[2021.03.19-15.52.33:580][  0]LogMemory: Platform Memory Stats for Windows
[2021.03.19-15.52.33:580][  0]LogMemory: Process Physical Memory: 118.34 MB used, 118.34 MB peak
[2021.03.19-15.52.33:580][  0]LogMemory: Process Virtual Memory: 99.89 MB used, 99.89 MB peak
[2021.03.19-15.52.33:580][  0]LogMemory: Physical Memory: 12439.80 MB used,  3890.68 MB free, 16330.47 MB total
[2021.03.19-15.52.33:580][  0]LogMemory: Virtual Memory: 5188.85 MB used,  134212536.00 MB free, 134217728.00 MB total
[2021.03.19-15.52.33:591][  0]LogWindows: WindowsPlatformFeatures enabled
[2021.03.19-15.52.33:728][  0]LogInit: Physics initialised using underlying interface: PhysX
[2021.03.19-15.52.33:731][  0]LogInit: Using OS detected language (en-GB).
[2021.03.19-15.52.33:731][  0]LogInit: Using OS detected locale (en-GB).
[2021.03.19-15.52.33:753][  0]LogTextLocalizationManager: No specific localization for 'en-GB' exists, so the 'en' localization will be used.
[2021.03.19-15.52.34:116][  0]LogInit: Setting process to per monitor DPI aware
[2021.03.19-15.52.34:232][  0]LogSlate: New Slate User Created.  User Index 0, Is Virtual User: 0
[2021.03.19-15.52.34:232][  0]LogSlate: Slate User Registered.  User Index 0, Is Virtual User: 0
[2021.03.19-15.52.37:721][  0]LogHMD: Failed to initialize OpenVR with code 110
[2021.03.19-15.52.37:722][  0]LogD3D11RHI: D3D11 min allowed feature level: 11_0
[2021.03.19-15.52.37:722][  0]LogD3D11RHI: D3D11 max allowed feature level: 11_0
[2021.03.19-15.52.37:722][  0]LogD3D11RHI: D3D11 adapters:
[2021.03.19-15.52.37:831][  0]LogD3D11RHI:    0. 'NVIDIA GeForce RTX 2060' (Feature Level 11_0)
[2021.03.19-15.52.37:831][  0]LogD3D11RHI:       5980/0/8165 MB DedicatedVideo/DedicatedSystem/SharedSystem, Outputs:2, VendorId:0x10de
[2021.03.19-15.52.37:835][  0]LogD3D11RHI:    1. 'Microsoft Basic Render Driver' (Feature Level 11_0)
[2021.03.19-15.52.37:835][  0]LogD3D11RHI:       0/0/8165 MB DedicatedVideo/DedicatedSystem/SharedSystem, Outputs:0, VendorId:0x1414
[2021.03.19-15.52.37:835][  0]LogD3D11RHI: Chosen D3D11 Adapter: 0
[2021.03.19-15.52.37:846][  0]LogD3D11RHI: Creating new Direct3DDevice
[2021.03.19-15.52.37:846][  0]LogD3D11RHI:     GPU DeviceId: 0x1f08 (for the marketing name, search the web for "GPU Device Id")
[2021.03.19-15.52.37:846][  0]LogWindows: EnumDisplayDevices:
[2021.03.19-15.52.37:846][  0]LogWindows:    0. 'NVIDIA GeForce RTX 2060' (P:1 D:1)
[2021.03.19-15.52.37:846][  0]LogWindows:    1. 'NVIDIA GeForce RTX 2060' (P:0 D:1)
[2021.03.19-15.52.37:847][  0]LogWindows:    2. 'NVIDIA GeForce RTX 2060' (P:0 D:0)
[2021.03.19-15.52.37:847][  0]LogWindows:    3. 'NVIDIA GeForce RTX 2060' (P:0 D:0)
[2021.03.19-15.52.37:847][  0]LogWindows: DebugString: FoundDriverCount:4 
[2021.03.19-15.52.37:847][  0]LogD3D11RHI:     Adapter Name: NVIDIA GeForce RTX 2060
[2021.03.19-15.52.37:847][  0]LogD3D11RHI:   Driver Version: 460.79 (internal:27.21.14.6079, unified:460.79)
[2021.03.19-15.52.37:847][  0]LogD3D11RHI:      Driver Date: 12-3-2020
[2021.03.19-15.52.37:847][  0]LogRHI: Texture pool is 4186 MB (70% of 5980 MB)
[2021.03.19-15.52.37:931][  0]LogD3D11RHI: RHI has support for 64 bit atomics
[2021.03.19-15.52.37:931][  0]LogD3D11RHI: Async texture creation enabled
[2021.03.19-15.52.37:931][  0]LogD3D11RHI: Array index from any shader is supported
[2021.03.19-15.52.37:972][  0]LogD3D11RHI: GPU Timing Frequency: 1000.000000 (Debug: 2 1)
[2021.03.19-15.52.38:271][  0]LogTargetPlatformManager: Display: Loaded TargetPlatform 'AllDesktop'
[2021.03.19-15.52.38:296][  0]LogTargetPlatformManager: Display: Loaded TargetPlatform 'Android'
[2021.03.19-15.52.38:296][  0]LogTargetPlatformManager: Display: Loaded TargetPlatform 'Android_ASTC'
[2021.03.19-15.52.38:296][  0]LogTargetPlatformManager: Display: Loaded TargetPlatform 'Android_DXT'
[2021.03.19-15.52.38:296][  0]LogTargetPlatformManager: Display: Loaded TargetPlatform 'Android_ETC2'
[2021.03.19-15.52.38:296][  0]LogTargetPlatformManager: Display: Loaded TargetPlatform 'AndroidClient'
[2021.03.19-15.52.38:296][  0]LogTargetPlatformManager: Display: Loaded TargetPlatform 'Android_ASTCClient'
[2021.03.19-15.52.38:296][  0]LogTargetPlatformManager: Display: Loaded TargetPlatform 'Android_DXTClient'
[2021.03.19-15.52.38:296][  0]LogTargetPlatformManager: Display: Loaded TargetPlatform 'Android_ETC2Client'
[2021.03.19-15.52.38:296][  0]LogTargetPlatformManager: Display: Loaded TargetPlatform 'Android_Multi'
[2021.03.19-15.52.38:296][  0]LogTargetPlatformManager: Display: Loaded TargetPlatform 'Android_MultiClient'
[2021.03.19-15.52.38:339][  0]LogTargetPlatformManager: Display: Loaded TargetPlatform 'IOSClient'
[2021.03.19-15.52.38:339][  0]LogTargetPlatformManager: Display: Loaded TargetPlatform 'IOS'
[2021.03.19-15.52.38:363][  0]LogTargetPlatformManager: Display: Loaded TargetPlatform 'Linux'
[2021.03.19-15.52.38:374][  0]LogTargetPlatformManager: Display: Loaded TargetPlatform 'LinuxNoEditor'
[2021.03.19-15.52.38:386][  0]LogTargetPlatformManager: Display: Loaded TargetPlatform 'LinuxClient'
[2021.03.19-15.52.38:398][  0]LogTargetPlatformManager: Display: Loaded TargetPlatform 'LinuxServer'
[2021.03.19-15.52.38:409][  0]LogTargetPlatformManager: Display: Loaded TargetPlatform 'LinuxAArch64NoEditor'
[2021.03.19-15.52.38:421][  0]LogTargetPlatformManager: Display: Loaded TargetPlatform 'LinuxAArch64Client'
[2021.03.19-15.52.38:432][  0]LogTargetPlatformManager: Display: Loaded TargetPlatform 'LinuxAArch64Server'
[2021.03.19-15.52.38:466][  0]LogTargetPlatformManager: Display: Loaded TargetPlatform 'Lumin'
[2021.03.19-15.52.38:466][  0]LogTargetPlatformManager: Display: Loaded TargetPlatform 'LuminClient'
[2021.03.19-15.52.38:484][  0]LogTargetPlatformManager: Display: Loaded TargetPlatform 'TVOSClient'
[2021.03.19-15.52.38:484][  0]LogTargetPlatformManager: Display: Loaded TargetPlatform 'TVOS'
[2021.03.19-15.52.38:496][  0]LogTargetPlatformManager: Display: Loaded TargetPlatform 'WindowsNoEditor'
[2021.03.19-15.52.38:507][  0]LogTargetPlatformManager: Display: Loaded TargetPlatform 'Windows'
[2021.03.19-15.52.38:519][  0]LogTargetPlatformManager: Display: Loaded TargetPlatform 'WindowsClient'
[2021.03.19-15.52.38:530][  0]LogTargetPlatformManager: Display: Loaded TargetPlatform 'WindowsServer'
[2021.03.19-15.52.38:530][  0]LogTargetPlatformManager: Display: Building Assets For Windows
[2021.03.19-15.52.38:545][  0]LogAudioDebug: Display: Lib vorbis DLL was dynamically loaded.
[2021.03.19-15.52.38:655][  0]LogShaderCompilers: Guid format shader working directory is 10 characters bigger than the processId version (../../../../../Github/GEP/GEPProject/Intermediate/Shaders/WorkingDirectory/27636/).
[2021.03.19-15.52.38:656][  0]LogShaderCompilers: Cleaned the shader compiler working directory 'C:/Users/cathan/AppData/Local/Temp/UnrealShaderWorkingDir/E242936345B9A7CF8C0088BED5CCC0DB/'.
[2021.03.19-15.52.38:657][  0]LogXGEController: Cleaning working directory: C:/Users/cathan/AppData/Local/Temp/UnrealXGEWorkingDir/
[2021.03.19-15.52.38:657][  0]LogXGEController: Cannot use XGE Controller as Incredibuild is not installed on this machine.
[2021.03.19-15.52.38:657][  0]LogShaderCompilers: Cannot use XGE Shader Compiler as Incredibuild is not installed on this machine.
[2021.03.19-15.52.38:657][  0]LogShaderCompilers: Display: Using Local Shader Compiler.
[2021.03.19-15.52.42:528][  0]LogDerivedDataCache: Display: Max Cache Size: 512 MB
[2021.03.19-15.52.42:721][  0]LogDerivedDataCache: Loaded boot cache 0.19s 76MB C:/Users/cathan/AppData/Local/UnrealEngine/4.25/DerivedDataCache/Boot.ddc.
[2021.03.19-15.52.42:721][  0]LogDerivedDataCache: Display: Loaded Boot cache: C:/Users/cathan/AppData/Local/UnrealEngine/4.25/DerivedDataCache/Boot.ddc
[2021.03.19-15.52.42:721][  0]LogDerivedDataCache: FDerivedDataBackendGraph:  Pak pak cache file ../../../../../Github/GEP/GEPProject/DerivedDataCache/DDC.ddp not found, will not use a pak cache.
[2021.03.19-15.52.42:721][  0]LogDerivedDataCache: Unable to find inner node Pak for hierarchical cache Hierarchy.
[2021.03.19-15.52.42:721][  0]LogDerivedDataCache: FDerivedDataBackendGraph:  CompressedPak pak cache file ../../../../../Github/GEP/GEPProject/DerivedDataCache/Compressed.ddp not found, will not use a pak cache.
[2021.03.19-15.52.42:721][  0]LogDerivedDataCache: Unable to find inner node CompressedPak for hierarchical cache Hierarchy.
[2021.03.19-15.52.42:733][  0]LogDerivedDataCache: Display: Pak cache opened for reading ../../../Engine/DerivedDataCache/Compressed.ddp.
[2021.03.19-15.52.42:733][  0]LogDerivedDataCache: FDerivedDataBackendGraph:  EnterprisePak pak cache file ../../../Enterprise/DerivedDataCache/Compressed.ddp not found, will not use a pak cache.
[2021.03.19-15.52.42:733][  0]LogDerivedDataCache: Unable to find inner node EnterprisePak for hierarchical cache Hierarchy.
[2021.03.19-15.52.42:734][  0]LogDerivedDataCache: Using Local data cache path C:/Users/cathan/AppData/Local/UnrealEngine/Common/DerivedDataCache: Writable
[2021.03.19-15.52.42:734][  0]LogDerivedDataCache: Shared data cache path not found in *engine.ini, will not use an Shared cache.
[2021.03.19-15.52.42:734][  0]LogDerivedDataCache: Unable to find inner node Shared for hierarchical cache Hierarchy.
[2021.03.19-15.52.42:786][  0]LogSlate: Using FreeType 2.10.0
[2021.03.19-15.52.42:804][  0]LogSlate: SlateFontServices - WITH_FREETYPE: 1, WITH_HARFBUZZ: 1
[2021.03.19-15.52.43:226][  0]LogAssetRegistry: FAssetRegistry took 0.0028 seconds to start up
[2021.03.19-15.52.43:591][  0]LogInit: Selected Device Profile: [Windows]
[2021.03.19-15.52.43:766][  0]LogMeshReduction: Using QuadricMeshReduction for automatic static mesh reduction
[2021.03.19-15.52.43:766][  0]LogMeshReduction: Using SimplygonMeshReduction for automatic skeletal mesh reduction
[2021.03.19-15.52.43:766][  0]LogMeshReduction: Using ProxyLODMeshReduction for automatic mesh merging
[2021.03.19-15.52.43:766][  0]LogMeshReduction: No distributed automatic mesh merging module available
[2021.03.19-15.52.43:767][  0]LogMeshMerging: No distributed automatic mesh merging module available
[2021.03.19-15.52.43:795][  0]LogNetVersion: GEPProject 1.0.0, NetCL: 13144385, EngineNetVer: 14, GameNetVer: 0 (Checksum: 386946200)
[2021.03.19-15.52.46:970][  0]LogAISub: UAISubsystem::UAISubsystem AISubsystem (00000220FBB05800), frame # 0
[2021.03.19-15.52.46:970][  0]LogAISub: UAISubsystem::UAISubsystem AIPerceptionSystem (00000220FBA52980), frame # 0
[2021.03.19-15.52.46:973][  0]LogAISub: UAISubsystem::UAISubsystem EnvQueryManager (00000220FBBA6A00), frame # 0
[2021.03.19-15.52.47:083][  0]LogPackageLocalizationCache: Processed 19 localized package path(s) for 1 prioritized culture(s) in 0.089297 seconds
[2021.03.19-15.52.47:089][  0]LogUObjectArray: 15917 objects as part of root set at end of initial load.
[2021.03.19-15.52.47:089][  0]LogUObjectAllocator: 3965568 out of 0 bytes used by permanent object pool.
[2021.03.19-15.52.47:089][  0]LogUObjectArray: CloseDisregardForGC: 0/0 objects in disregard for GC pool
[2021.03.19-15.52.48:028][  0]LogTcpMessaging: Initializing TcpMessaging bridge
[2021.03.19-15.52.48:036][  0]LogUdpMessaging: Initializing bridge on interface 0.0.0.0:0 to multicast group 230.0.0.1:6666.
[2021.03.19-15.52.48:204][  0]SourceControl: Source control is disabled
[2021.03.19-15.52.48:205][  0]SourceControl: Source control is disabled
[2021.03.19-15.52.48:216][  0]SourceControl: Source control is disabled
[2021.03.19-15.52.48:225][  0]SourceControl: Source control is disabled
[2021.03.19-15.52.48:244][  0]SourceControl: Source control is disabled
[2021.03.19-15.52.48:799][  0]LogAndroidPermission: UAndroidPermissionCallbackProxy::GetInstance
[2021.03.19-15.52.48:833][  0]LogAudioCaptureCore: Display: No Audio Capture implementations found. Audio input will be silent.
[2021.03.19-15.52.48:833][  0]LogAudioCaptureCore: Display: No Audio Capture implementations found. Audio input will be silent.
[2021.03.19-15.52.48:911][  0]LogOcInput: OculusInput pre-init called
[2021.03.19-15.52.48:928][  0]LogWindows: Failed to load 'OVRPlugin.dll' (GetLastError=126)
[2021.03.19-15.52.48:928][  0]LogWindows: File 'OVRPlugin.dll' does not exist
[2021.03.19-15.52.49:069][  0]LogEngine: Initializing Engine...
[2021.03.19-15.52.49:071][  0]LogHMD: Failed to initialize OpenVR with code 110
[2021.03.19-15.52.49:071][  0]LogMagicLeap: Warning: VR disabled because ZI is not enabled.  To enable, in the editor, Edit -> Project Settings -> Plugins -> Magic Leap Plugin -> Enable Zero Iteration
[2021.03.19-15.52.49:074][  0]LogStats: UGameplayTagsManager::InitializeManager -  0.001 s
[2021.03.19-15.52.49:202][  0]LogInit: Initializing FReadOnlyCVARCache
[2021.03.19-15.52.49:221][  0]LogAIModule: Creating AISystem for world Untitled
[2021.03.19-15.52.49:221][  0]LogAISub: UAISubsystem::UAISubsystem EnvQueryManager (00000220857FFC00), frame # 0
[2021.03.19-15.52.49:221][  0]LogAISub: UAISubsystem::UAISubsystem AIPerceptionSystem (0000022085807880), frame # 0
[2021.03.19-15.52.49:228][  0]LogAudioMixer: Display: Audio Mixer Platform Settings:
[2021.03.19-15.52.49:228][  0]LogAudioMixer: Display: 	Sample Rate:						  48000
[2021.03.19-15.52.49:229][  0]LogAudioMixer: Display: 	Callback Buffer Frame Size Requested: 1024
[2021.03.19-15.52.49:229][  0]LogAudioMixer: Display: 	Callback Buffer Frame Size To Use:	  1024
[2021.03.19-15.52.49:229][  0]LogAudioMixer: Display: 	Number of buffers to queue:			  2
[2021.03.19-15.52.49:229][  0]LogAudioMixer: Display: 	Max Channels (voices):				  32
[2021.03.19-15.52.49:229][  0]LogAudioMixer: Display: 	Number of Async Source Workers:		  0
[2021.03.19-15.52.49:229][  0]LogAudio: Display: AudioDevice MaxSources: 32
[2021.03.19-15.52.49:229][  0]LogAudio: Display: Using built-in audio occlusion.
[2021.03.19-15.52.49:229][  0]LogAudioMixer: Display: Initializing audio mixer.
[2021.03.19-15.52.49:255][  0]LogAudioMixer: Display: 0: FrontLeft
[2021.03.19-15.52.49:255][  0]LogAudioMixer: Display: 1: FrontRight
[2021.03.19-15.52.49:291][  0]LogAudioMixer: Display: Using Audio Device Speakers (5- Focusrite Usb Audio)
[2021.03.19-15.52.49:297][  0]LogAudioMixer: Display: Initializing Sound Submixes...
[2021.03.19-15.52.49:300][  0]LogAudioMixer: Display: Creating Master Submix 'MasterSubmixDefault'
[2021.03.19-15.52.49:300][  0]LogAudioMixer: Display: Creating Master Submix 'MasterReverbSubmixDefault'
[2021.03.19-15.52.49:302][  0]LogAudioMixer: Display: Creating Master Submix 'MasterEQSubmixDefault'
[2021.03.19-15.52.49:303][  0]LogInit: FAudioDevice initialized.
[2021.03.19-15.52.49:303][  0]LogNetVersion: Set ProjectVersion to 1.0.0.0. Version Checksum will be recalculated on next use.
[2021.03.19-15.52.49:512][  0]LogDerivedDataCache: Saved boot cache 0.21s 76MB C:/Users/cathan/AppData/Local/UnrealEngine/4.25/DerivedDataCache/Boot.ddc.
[2021.03.19-15.52.49:517][  0]LogInit: Texture streaming: Enabled
[2021.03.19-15.52.49:545][  0]LogEngineSessionManager: EngineSessionManager initialized
[2021.03.19-15.52.49:545][  0]LogEditorSessionSummary: Verbose: Initializing EditorSessionSummaryWriter for editor session tracking
[2021.03.19-15.52.49:547][  0]LogEditorSessionSummary: EditorSessionSummaryWriter initialized
[2021.03.19-15.52.49:642][  0]LogInit: Transaction tracking system initialized
[2021.03.19-15.52.49:690][  0]BlueprintLog: New page: Editor Load
[2021.03.19-15.52.49:862][  0]LocalizationService: Localization service is disabled
[2021.03.19-15.52.50:306][  0]LogCook: Display: Max memory allowance for cook 16384mb min free memory 0mb
[2021.03.19-15.52.50:306][  0]LogCook: Display: Mobile HDR setting 1
[2021.03.19-15.52.50:752][  0]LogFileCache: Scanning file cache for directory 'E:/Github/GEP/GEPProject/Content/' took 0.17s
[2021.03.19-15.52.50:963][  0]SourceControl: Source control is disabled
[2021.03.19-15.52.51:095][  0]LogSlate: Took 0.021086 seconds to synchronously load lazily loaded font '../../../Engine/Content/Slate/Fonts/Roboto-Regular.ttf' (155K)
[2021.03.19-15.52.56:172][  0]LogSlate: Window 'Restore Packages' being destroyed
[2021.03.19-15.52.56:173][  0]LogWindowsTextInputMethodSystem: Display: IME system now deactivated.
[2021.03.19-15.52.56:194][  0]LogWindowsTextInputMethodSystem: Display: IME system now deactivated.
[2021.03.19-15.52.57:189][  0]LogSlate: Window 'Unable to Check Out From Source Control!' being destroyed
[2021.03.19-15.52.57:190][  0]LogWindowsTextInputMethodSystem: Display: IME system now deactivated.
[2021.03.19-15.52.57:196][  0]Message dialog closed, result: Ok, title: Unable to Check Out From Source Control!, text: The following assets could not be successfully checked out from source control:
/Game/Props/BP_GrenadeLauncherStand
[2021.03.19-15.52.57:218][  0]LogWindowsTextInputMethodSystem: Display: IME system now deactivated.
[2021.03.19-15.52.57:219][  0]LogUnrealEdMisc: Loading editor; pre map load, took 26.600
[2021.03.19-15.52.57:221][  0]Cmd: MAP LOAD FILE="../../../../../Github/GEP/GEPProject/Content/GameLevel.umap" TEMPLATE=0 SHOWPROGRESS=1 FEATURELEVEL=3
[2021.03.19-15.52.57:222][  0]LightingResults: New page: Lighting Build
[2021.03.19-15.52.57:226][  0]LogWorld: UWorld::CleanupWorld for Untitled, bSessionEnded=true, bCleanupResources=true
[2021.03.19-15.52.57:226][  0]LogSlate: InvalidateAllWidgets triggered.  All widgets were invalidated
[2021.03.19-15.52.57:226][  0]MapCheck: New page: Map Check
[2021.03.19-15.52.57:226][  0]LightingResults: New page: Lighting Build
[2021.03.19-15.52.57:248][  0]LogAISub: UAISubsystem::~UAISubsystem EnvQueryManager (00000220857FFC00), frame # 0
[2021.03.19-15.52.57:248][  0]LogAISub: UAISubsystem::~UAISubsystem AIPerceptionSystem (0000022085807880), frame # 0
[2021.03.19-15.52.57:250][  0]LogUObjectHash: Compacting FUObjectHashTables data took   1.15ms
[2021.03.19-15.52.57:697][  0]LogAIModule: Creating AISystem for world GameLevel
[2021.03.19-15.52.57:697][  0]LogAISub: UAISubsystem::UAISubsystem EnvQueryManager (000002208E64FE00), frame # 0
[2021.03.19-15.52.57:697][  0]LogAISub: UAISubsystem::UAISubsystem AIPerceptionSystem (000002208E672480), frame # 0
[2021.03.19-15.52.57:717][  0]LogEditorServer: Finished looking for orphan Actors (0.000 secs)
[2021.03.19-15.52.57:736][  0]LogUObjectHash: Compacting FUObjectHashTables data took   0.96ms
[2021.03.19-15.52.57:739][  0]Cmd: MAP CHECKDEP NOCLEARLOG
[2021.03.19-15.52.57:739][  0]MapCheck: Map check complete: 0 Error(s), 0 Warning(s), took 0.159ms to complete.
[2021.03.19-15.52.57:739][  0]LogFileHelpers: Loading map 'GameLevel' took 0.519
[2021.03.19-15.52.57:745][  0]LogUnrealEdMisc: Total Editor Startup Time, took 27.126
[2021.03.19-15.52.57:882][  0]LogSlate: Updating window title bar state: overlay mode, drag disabled, window buttons hidden, title bar hidden
[2021.03.19-15.52.57:890][  0]LogSlate: Updating window title bar state: overlay mode, drag disabled, window buttons hidden, title bar hidden
[2021.03.19-15.52.57:899][  0]LogSlate: Updating window title bar state: overlay mode, drag disabled, window buttons hidden, title bar hidden
[2021.03.19-15.52.57:908][  0]LogSlate: Updating window title bar state: overlay mode, drag disabled, window buttons hidden, title bar hidden
[2021.03.19-15.52.57:919][  0]LogCollectionManager: Loaded 0 collections in 0.001102 seconds
[2021.03.19-15.52.57:945][  0]LogFileCache: Scanning file cache for directory 'E:/Github/GEP/GEPProject/Saved/Collections/' took 0.00s
[2021.03.19-15.52.57:945][  0]LogFileCache: Scanning file cache for directory 'E:/Github/GEP/GEPProject/Content/Developers/cathan/Collections/' took 0.00s
[2021.03.19-15.52.57:945][  0]LogFileCache: Scanning file cache for directory 'E:/Github/GEP/GEPProject/Content/Collections/' took 0.00s
[2021.03.19-15.52.57:945][  0]LogContentBrowser: Native class hierarchy populated in 0.0122 seconds. Added 3464 classes and 833 folders.
[2021.03.19-15.52.57:954][  0]LogContentBrowser: Native class hierarchy updated for 'WidgetCarousel' in 0.0006 seconds. Added 0 classes and 0 folders.
[2021.03.19-15.52.58:644][  0]LogContentBrowser: Native class hierarchy updated for 'AddContentDialog' in 0.0008 seconds. Added 0 classes and 0 folders.
[2021.03.19-15.52.58:646][  0]LogContentBrowser: Native class hierarchy updated for 'SceneOutliner' in 0.0006 seconds. Added 2 classes and 0 folders.
[2021.03.19-15.52.58:694][  0]LogSlate: Took 0.021826 seconds to synchronously load lazily loaded font '../../../Engine/Content/Slate/Fonts/Roboto-Bold.ttf' (160K)
[2021.03.19-15.52.58:709][  0]LogSlate: Took 0.010654 seconds to synchronously load lazily loaded font '../../../Engine/Content/Editor/Slate/Fonts/FontAwesome.ttf' (139K)
[2021.03.19-15.52.58:753][  0]LogRenderer: Reallocating scene render targets to support 1208x572 Format 10 NumSamples 1 (Frame:1).
[2021.03.19-15.52.58:841][  0]LogSlate: Took 0.023660 seconds to synchronously load lazily loaded font '../../../Engine/Content/Slate/Fonts/Roboto-Light.ttf' (167K)
[2021.03.19-15.52.58:904][  0]LogContentBrowser: Native class hierarchy updated for 'HierarchicalLODOutliner' in 0.0006 seconds. Added 0 classes and 0 folders.
[2021.03.19-15.52.58:904][  0]LogLoad: (Engine Initialization) Total time: 28.28 seconds
[2021.03.19-15.52.58:904][  0]LogLoad: (Engine Initialization) Total Blueprint compile time: 0.00 seconds
[2021.03.19-15.52.58:945][  0]LogAssetRegistry: Asset discovery search completed in 15.7188 seconds
[2021.03.19-15.52.58:948][  0]LogCollectionManager: Fixed up redirectors for 0 collections in 0.000002 seconds (updated 0 objects)
[2021.03.19-15.52.58:956][  0]LogContentStreaming: Texture pool size now 1000 MB
[2021.03.19-15.53.00:624][189]LogSlate: Took 0.000264 seconds to synchronously load lazily loaded font '../../../Engine/Content/Slate/Fonts/Roboto-Light.ttf' (167K)
[2021.03.19-15.53.00:674][189]LogSlate: WidgetSwitcher ('None') active index changed to -1
[2021.03.19-15.53.00:674][189]LogSlate: WidgetSwitcher ('None') active index changed to 0
[2021.03.19-15.53.00:709][189]LogSlate: Took 0.007565 seconds to synchronously load lazily loaded font '../../../Engine/Content/Slate/Fonts/Roboto-BoldCondensed.ttf' (158K)
[2021.03.19-15.53.12:190][194]LogSlate: WidgetSwitcher ('None') active index changed to 1
[2021.03.19-15.53.17:306][797]Running E:/epk/UE_4.25/Engine/Binaries/DotNET/UnrealBuildTool.exe  -projectfiles -project="E:/Github/GEP/GEPProject/GEPProject.uproject" -game -rocket -progress
[2021.03.19-15.53.17:711][797]Discovering modules, targets and source code for project...
[2021.03.19-15.53.19:613][797]Binding IntelliSense data...
[2021.03.19-15.53.21:560][797]Binding IntelliSense data... 100%
[2021.03.19-15.53.21:560][797]Writing project files...
[2021.03.19-15.53.26:368][797]Writing project files... 100%
[2021.03.19-15.53.26:476][797]Candidate modules for hot reload:
[2021.03.19-15.53.26:476][797]  GEPProject
[2021.03.19-15.53.26:476][797]Launching UnrealBuildTool... [E:/epk/UE_4.25/Engine/Binaries/DotNET/UnrealBuildTool.exe  -ModuleWithSuffix=GEPProject,5634 GEPProjectEditor Win64 Development -Project="E:/Github/GEP/GEPProject/GEPProject.uproject" "E:/Github/GEP/GEPProject/GEPProject.uproject"  -IgnoreJunk]
[2021.03.19-15.53.37:908][797]CompilerResultsLog: New page: Compilation - 19 Mar 2021, 15:53:37
[2021.03.19-15.53.37:908][797]CompilerResultsLog: Using 'git status' to determine working set for adaptive non-unity build (E:\Github\GEP).
[2021.03.19-15.53.37:908][797]CompilerResultsLog: Creating makefile for GEPProjectEditor (no existing makefile)
[2021.03.19-15.53.37:908][797]CompilerResultsLog: Parsing headers for GEPProjectEditor
[2021.03.19-15.53.37:908][797]CompilerResultsLog:   Running UnrealHeaderTool "E:\Github\GEP\GEPProject\GEPProject.uproject" "E:\Github\GEP\GEPProject\Intermediate\Build\Win64\GEPProjectEditor\Development\GEPProjectEditor.uhtmanifest" -LogCmds="loginit warning, logexit warning, logdatabase error" -Unattended -WarningsAsErrors -abslog="C:\Users\cathan\AppData\Local\UnrealBuildTool\Log_UHT.txt" -installed
[2021.03.19-15.53.37:908][797]CompilerResultsLog: LogCompile: Error: Circular dependency detected for filename E:\Github\GEP\GEPProject\Source\GEPProject\EventSystem.h!
[2021.03.19-15.53.37:908][797]CompilerResultsLog: Reflection code generated for GEPProjectEditor in 6.1843909 seconds
[2021.03.19-15.53.37:908][797]CompilerResultsLog: Building GEPProjectEditor...
[2021.03.19-15.53.37:908][797]CompilerResultsLog: Using Visual Studio 2019 14.24.28316 toolchain (C:\Program Files (x86)\Microsoft Visual Studio\2019\Community\VC\Tools\MSVC\14.24.28314) and Windows 10.0.18362.0 SDK (C:\Program Files (x86)\Windows Kits\10).
[2021.03.19-15.53.37:908][797]CompilerResultsLog: [Adaptive unity build] Excluded from GEPProject unity file: UpgradeA.cpp
[2021.03.19-15.53.37:908][797]CompilerResultsLog: Building 5 actions with 16 processes...
[2021.03.19-15.53.37:908][797]CompilerResultsLog:   [1/5] UpgradeA.cpp
[2021.03.19-15.53.37:908][797]CompilerResultsLog:   [2/5] Module.GEPProject.gen.cpp
[2021.03.19-15.53.37:908][797]CompilerResultsLog:   [3/5] UE4Editor-GEPProject-5634.lib
[2021.03.19-15.53.37:908][797]CompilerResultsLog:      Creating library E:\Github\GEP\GEPProject\Intermediate\Build\Win64\UE4Editor\Development\GEPProject\UE4Editor-GEPProject-5634.lib and object E:\Github\GEP\GEPProject\Intermediate\Build\Win64\UE4Editor\Development\GEPProject\UE4Editor-GEPProject-5634.exp
[2021.03.19-15.53.37:908][797]CompilerResultsLog:   [4/5] UE4Editor-GEPProject-5634.dll
[2021.03.19-15.53.37:908][797]CompilerResultsLog:      Creating library E:\Github\GEP\GEPProject\Intermediate\Build\Win64\UE4Editor\Development\GEPProject\UE4Editor-GEPProject-5634.suppressed.lib and object E:\Github\GEP\GEPProject\Intermediate\Build\Win64\UE4Editor\Development\GEPProject\UE4Editor-GEPProject-5634.suppressed.exp
[2021.03.19-15.53.37:908][797]CompilerResultsLog:   [5/5] GEPProjectEditor.target
[2021.03.19-15.53.37:908][797]CompilerResultsLog: Total time in Parallel executor: 3.05 seconds
[2021.03.19-15.53.37:908][797]CompilerResultsLog: Total execution time: 11.29 seconds
[2021.03.19-15.53.37:908][797]LogMainFrame: MainFrame: Module compiling took 11.439 seconds
[2021.03.19-15.53.38:310][797]LogClass: Could not find existing class UpgradeA in package /Script/GEPProject for HotReload, assuming new class
[2021.03.19-15.53.38:334][797]LogContentBrowser: Native class hierarchy updated for 'GEPProject' in 0.0010 seconds. Added 34 classes and 8 folders.
[2021.03.19-15.53.38:338][797]Display: HotReload successful (92 functions remapped  0 scriptstructs remapped)
[2021.03.19-15.53.38:383][797]LogContentBrowser: Native class hierarchy populated in 0.0110 seconds. Added 3465 classes and 833 folders.
[2021.03.19-15.53.38:383][797]Display: HotReload took 11.9s.
[2021.03.19-15.53.38:386][797]Warning: HotReload operation took 11.9s.
[2021.03.19-15.53.38:416][797]LogSlate: Window 'Add C++ Class' being destroyed
[2021.03.19-15.53.38:430][797]LogHotReload: New module detected: UE4Editor-GEPProject-5634.dll
[2021.03.19-15.53.38:503][798]LogHotReload: Starting Hot-Reload from IDE
[2021.03.19-15.53.38:620][798]LogContentBrowser: Native class hierarchy updated for 'GEPProject' in 0.0010 seconds. Added 34 classes and 8 folders.
[2021.03.19-15.53.38:623][798]Display: HotReload successful (0 functions remapped  0 scriptstructs remapped)
[2021.03.19-15.53.38:641][798]LogContentBrowser: Native class hierarchy populated in 0.0120 seconds. Added 3465 classes and 833 folders.
[2021.03.19-15.53.38:648][798]Display: HotReload took  0.1s.
[2021.03.19-15.53.47:267][ 73]LogSlate: WidgetSwitcher ('None') active index changed to -1
[2021.03.19-15.53.47:267][ 73]LogSlate: WidgetSwitcher ('None') active index changed to 0
[2021.03.19-15.53.49:175][226]LogSlate: Warning: Slate: Had to block on waiting for a draw buffer
[2021.03.19-15.54.01:073][563]LogSlate: WidgetSwitcher ('None') active index changed to 1
[2021.03.19-15.54.05:525][ 88]Running E:/epk/UE_4.25/Engine/Binaries/DotNET/UnrealBuildTool.exe  -projectfiles -project="E:/Github/GEP/GEPProject/GEPProject.uproject" -game -rocket -progress
[2021.03.19-15.54.05:928][ 88]Discovering modules, targets and source code for project...
[2021.03.19-15.54.07:730][ 88]Binding IntelliSense data...
[2021.03.19-15.54.09:642][ 88]Binding IntelliSense data... 100%
[2021.03.19-15.54.09:642][ 88]Writing project files...
[2021.03.19-15.54.14:249][ 88]Writing project files... 100%
[2021.03.19-15.54.14:354][ 88]Candidate modules for hot reload:
[2021.03.19-15.54.14:354][ 88]  GEPProject
[2021.03.19-15.54.14:354][ 88]Launching UnrealBuildTool... [E:/epk/UE_4.25/Engine/Binaries/DotNET/UnrealBuildTool.exe  -ModuleWithSuffix=GEPProject,2090 GEPProjectEditor Win64 Development -Project="E:/Github/GEP/GEPProject/GEPProject.uproject" "E:/Github/GEP/GEPProject/GEPProject.uproject"  -IgnoreJunk]
[2021.03.19-15.54.25:917][ 88]CompilerResultsLog: New page: Compilation - 19 Mar 2021, 15:54:25
[2021.03.19-15.54.25:917][ 88]CompilerResultsLog: Using 'git status' to determine working set for adaptive non-unity build (E:\Github\GEP).
[2021.03.19-15.54.25:917][ 88]CompilerResultsLog: Creating makefile for GEPProjectEditor (no existing makefile)
[2021.03.19-15.54.25:917][ 88]CompilerResultsLog: Parsing headers for GEPProjectEditor
[2021.03.19-15.54.25:917][ 88]CompilerResultsLog:   Running UnrealHeaderTool "E:\Github\GEP\GEPProject\GEPProject.uproject" "E:\Github\GEP\GEPProject\Intermediate\Build\Win64\GEPProjectEditor\Development\GEPProjectEditor.uhtmanifest" -LogCmds="loginit warning, logexit warning, logdatabase error" -Unattended -WarningsAsErrors -abslog="C:\Users\cathan\AppData\Local\UnrealBuildTool\Log_UHT.txt" -installed
[2021.03.19-15.54.25:917][ 88]CompilerResultsLog: LogCompile: Error: Circular dependency detected for filename E:\Github\GEP\GEPProject\Source\GEPProject\EventSystem.h!
[2021.03.19-15.54.25:917][ 88]CompilerResultsLog: Reflection code generated for GEPProjectEditor in 6.1528438 seconds
[2021.03.19-15.54.25:917][ 88]CompilerResultsLog: Building GEPProjectEditor...
[2021.03.19-15.54.25:917][ 88]CompilerResultsLog: Using Visual Studio 2019 14.24.28316 toolchain (C:\Program Files (x86)\Microsoft Visual Studio\2019\Community\VC\Tools\MSVC\14.24.28314) and Windows 10.0.18362.0 SDK (C:\Program Files (x86)\Windows Kits\10).
[2021.03.19-15.54.25:917][ 88]CompilerResultsLog: [Adaptive unity build] Excluded from GEPProject unity file: Upgrade.cpp, UpgradeA.cpp
[2021.03.19-15.54.25:917][ 88]CompilerResultsLog: [Adaptive unity build] Excluded from GEPProject.gen unity file: GEPProject.init.gen.cpp, UpgradeA.gen.cpp
[2021.03.19-15.54.25:917][ 88]CompilerResultsLog: Building 7 actions with 16 processes...
[2021.03.19-15.54.25:917][ 88]CompilerResultsLog:   [1/7] Upgrade.cpp
[2021.03.19-15.54.25:917][ 88]CompilerResultsLog:   [2/7] GEPProject.init.gen.cpp
[2021.03.19-15.54.25:917][ 88]CompilerResultsLog:   [3/7] UpgradeA.gen.cpp
[2021.03.19-15.54.25:917][ 88]CompilerResultsLog:   [4/7] Module.GEPProject.gen.cpp
[2021.03.19-15.54.25:917][ 88]CompilerResultsLog:   [5/7] UE4Editor-GEPProject-2090.lib
[2021.03.19-15.54.25:917][ 88]CompilerResultsLog:      Creating library E:\Github\GEP\GEPProject\Intermediate\Build\Win64\UE4Editor\Development\GEPProject\UE4Editor-GEPProject-2090.lib and object E:\Github\GEP\GEPProject\Intermediate\Build\Win64\UE4Editor\Development\GEPProject\UE4Editor-GEPProject-2090.exp
[2021.03.19-15.54.25:917][ 88]CompilerResultsLog:   [6/7] UE4Editor-GEPProject-2090.dll
[2021.03.19-15.54.25:917][ 88]CompilerResultsLog:      Creating library E:\Github\GEP\GEPProject\Intermediate\Build\Win64\UE4Editor\Development\GEPProject\UE4Editor-GEPProject-2090.suppressed.lib and object E:\Github\GEP\GEPProject\Intermediate\Build\Win64\UE4Editor\Development\GEPProject\UE4Editor-GEPProject-2090.suppressed.exp
[2021.03.19-15.54.25:917][ 88]CompilerResultsLog:   [7/7] GEPProjectEditor.target
[2021.03.19-15.54.25:917][ 88]CompilerResultsLog: Total time in Parallel executor: 3.27 seconds
[2021.03.19-15.54.25:917][ 88]CompilerResultsLog: Total execution time: 11.44 seconds
[2021.03.19-15.54.25:917][ 88]LogMainFrame: MainFrame: Module compiling took 11.568 seconds
[2021.03.19-15.54.25:949][ 88]LogClass: Could not find existing class Upgrade in package /Script/GEPProject for HotReload, assuming new class
[2021.03.19-15.54.25:967][ 88]LogContentBrowser: Native class hierarchy updated for 'GEPProject' in 0.0007 seconds. Added 35 classes and 8 folders.
[2021.03.19-15.54.25:968][ 88]Display: HotReload successful (92 functions remapped  0 scriptstructs remapped)
[2021.03.19-15.54.26:005][ 88]LogContentBrowser: Native class hierarchy populated in 0.0115 seconds. Added 3466 classes and 833 folders.
[2021.03.19-15.54.26:005][ 88]Display: HotReload took 11.7s.
[2021.03.19-15.54.26:005][ 88]Warning: HotReload operation took 11.7s.
[2021.03.19-15.54.26:043][ 88]LogSlate: Window 'Add C++ Class' being destroyed
[2021.03.19-15.54.26:055][ 88]LogHotReload: New module detected: UE4Editor-GEPProject-2090.dll
[2021.03.19-15.54.26:130][ 89]LogHotReload: Starting Hot-Reload from IDE
[2021.03.19-15.54.26:236][ 89]LogContentBrowser: Native class hierarchy updated for 'GEPProject' in 0.0007 seconds. Added 35 classes and 8 folders.
[2021.03.19-15.54.26:238][ 89]Display: HotReload successful (0 functions remapped  0 scriptstructs remapped)
[2021.03.19-15.54.26:255][ 89]LogContentBrowser: Native class hierarchy populated in 0.0117 seconds. Added 3466 classes and 833 folders.
[2021.03.19-15.54.26:261][ 89]Display: HotReload took  0.1s.
[2021.03.19-15.55.43:024][865]LogUObjectHash: Compacting FUObjectHashTables data took   0.71ms
[2021.03.19-15.55.43:133][865]LogSlate: Window 'GEPProject - Unreal Editor' being destroyed
[2021.03.19-15.55.43:133][865]LogWindowsTextInputMethodSystem: Display: IME system now deactivated.
[2021.03.19-15.55.43:250][866]Cmd: QUIT_EDITOR
[2021.03.19-15.55.43:250][866]LogCore: Engine exit requested (reason: UUnrealEdEngine::CloseEditor())
[2021.03.19-15.55.43:260][866]LogCore: Engine exit requested (reason: EngineExit() was called; note: exit was already requested)
[2021.03.19-15.55.43:309][866]LogExit: Preparing to exit.
[2021.03.19-15.55.44:343][866]LogDemo: Cleaned up 0 splitscreen connections with owner deletion
[2021.03.19-15.55.44:356][866]LogExit: Editor shut down
[2021.03.19-15.55.44:357][866]LogExit: Transaction tracking system shut down
[2021.03.19-15.55.44:613][866]LogAISub: UAISubsystem::~UAISubsystem AISubsystem (00000220FBB05800), frame # 4866
[2021.03.19-15.55.44:613][866]LogAISub: UAISubsystem::~UAISubsystem AIPerceptionSystem (00000220FBA52980), frame # 4866
[2021.03.19-15.55.44:614][866]LogAISub: UAISubsystem::~UAISubsystem EnvQueryManager (00000220FBBA6A00), frame # 4866
[2021.03.19-15.55.44:618][866]LogAISub: UAISubsystem::~UAISubsystem EnvQueryManager (000002208E64FE00), frame # 4866
[2021.03.19-15.55.44:618][866]LogAISub: UAISubsystem::~UAISubsystem AIPerceptionSystem (000002208E672480), frame # 4866
[2021.03.19-15.55.44:661][866]LogExit: Object subsystem successfully closed.
[2021.03.19-15.55.44:698][866]LogShaderCompilers: Display: Shaders left to compile 0
[2021.03.19-15.55.44:764][866]LogModuleManager: Shutting down and abandoning module GEPProject (808)
[2021.03.19-15.55.44:764][866]LogModuleManager: Shutting down and abandoning module HierarchicalLODOutliner (804)
[2021.03.19-15.55.44:764][866]LogModuleManager: Shutting down and abandoning module SceneOutliner (802)
[2021.03.19-15.55.44:764][866]LogModuleManager: Shutting down and abandoning module AddContentDialog (800)
[2021.03.19-15.55.44:765][866]LogModuleManager: Shutting down and abandoning module WidgetCarousel (799)
[2021.03.19-15.55.44:765][866]LogModuleManager: Shutting down and abandoning module EditorWidgets (796)
[2021.03.19-15.55.44:765][866]LogModuleManager: Shutting down and abandoning module CollectionManager (794)
[2021.03.19-15.55.44:765][866]LogModuleManager: Shutting down and abandoning module StatsViewer (792)
[2021.03.19-15.55.44:766][866]LogModuleManager: Shutting down and abandoning module VirtualTexturingEditor (790)
[2021.03.19-15.55.44:766][866]LogModuleManager: Shutting down and abandoning module FoliageEdit (788)
[2021.03.19-15.55.44:767][866]LogModuleManager: Shutting down and abandoning module LandscapeEditor (786)
[2021.03.19-15.55.44:770][866]LogModuleManager: Shutting down and abandoning module MeshPaintMode (784)
[2021.03.19-15.55.44:770][866]LogModuleManager: Shutting down and abandoning module SceneDepthPickerMode (782)
[2021.03.19-15.55.44:770][866]LogModuleManager: Shutting down and abandoning module ActorPickerMode (780)
[2021.03.19-15.55.44:770][866]LogModuleManager: Shutting down and abandoning module PIEPreviewDeviceProfileSelector (778)
[2021.03.19-15.55.44:771][866]LogModuleManager: Shutting down and abandoning module SequenceRecorderSections (776)
[2021.03.19-15.55.44:772][866]LogModuleManager: Shutting down and abandoning module AutomationWorker (774)
[2021.03.19-15.55.44:772][866]LogModuleManager: Shutting down and abandoning module SteamVREditor (772)
[2021.03.19-15.55.44:772][866]LogModuleManager: Shutting down and abandoning module OculusMR (770)
[2021.03.19-15.55.44:772][866]LogModuleManager: Shutting down and abandoning module GooglePADEditor (768)
[2021.03.19-15.55.44:772][866]LogModuleManager: Shutting down and abandoning module AudioCaptureEditor (766)
[2021.03.19-15.55.44:772][866]LogModuleManager: Shutting down and abandoning module TemplateSequenceEditor (764)
[2021.03.19-15.55.44:773][866]LogModuleManager: Shutting down and abandoning module MatineeToLevelSequence (762)
[2021.03.19-15.55.44:774][866]LogModuleManager: Shutting down and abandoning module LevelSequenceEditor (760)
[2021.03.19-15.55.44:775][866]LogModuleManager: Shutting down and abandoning module ActorSequenceEditor (758)
[2021.03.19-15.55.44:776][866]LogModuleManager: Shutting down and abandoning module WmfMediaFactory (756)
[2021.03.19-15.55.44:776][866]LogModuleManager: Shutting down and abandoning module WmfMediaEditor (754)
[2021.03.19-15.55.44:776][866]LogModuleManager: Shutting down and abandoning module WebMMediaFactory (752)
[2021.03.19-15.55.44:776][866]LogModuleManager: Shutting down and abandoning module WebMMediaEditor (750)
[2021.03.19-15.55.44:776][866]LogModuleManager: Shutting down and abandoning module WebMMedia (748)
[2021.03.19-15.55.44:777][866]LogModuleManager: Shutting down and abandoning module MediaPlayerEditor (746)
[2021.03.19-15.55.44:777][866]LogModuleManager: Shutting down and abandoning module MediaCompositingEditor (744)
[2021.03.19-15.55.44:778][866]LogModuleManager: Shutting down and abandoning module SequenceRecorder (743)
[2021.03.19-15.55.44:778][866]LogModuleManager: Shutting down and abandoning module OpenExrWrapper (740)
[2021.03.19-15.55.44:778][866]LogModuleManager: Shutting down and abandoning module ImgMediaFactory (738)
[2021.03.19-15.55.44:778][866]LogModuleManager: Shutting down and abandoning module ImgMediaEditor (736)
[2021.03.19-15.55.44:778][866]LogModuleManager: Shutting down and abandoning module AvfMediaFactory (734)
[2021.03.19-15.55.44:778][866]LogModuleManager: Shutting down and abandoning module AvfMediaEditor (732)
[2021.03.19-15.55.44:779][866]LogModuleManager: Shutting down and abandoning module AndroidMediaFactory (730)
[2021.03.19-15.55.44:779][866]LogModuleManager: Shutting down and abandoning module AndroidMediaEditor (728)
[2021.03.19-15.55.44:779][866]LogModuleManager: Shutting down and abandoning module MagicLeapMediaCodecFactory (726)
[2021.03.19-15.55.44:779][866]LogModuleManager: Shutting down and abandoning module MagicLeapMediaFactory (724)
[2021.03.19-15.55.44:779][866]LogModuleManager: Shutting down and abandoning module MagicLeapMediaEditor (722)
[2021.03.19-15.55.44:779][866]LogModuleManager: Shutting down and abandoning module PlanarCut (720)
[2021.03.19-15.55.44:779][866]LogModuleManager: Shutting down and abandoning module CharacterAI (718)
[2021.03.19-15.55.44:780][866]LogModuleManager: Shutting down and abandoning module TextureAlignMode (716)
[2021.03.19-15.55.44:780][866]LogModuleManager: Shutting down and abandoning module BspMode (714)
[2021.03.19-15.55.44:780][866]LogModuleManager: Shutting down and abandoning module PlacementMode (713)
[2021.03.19-15.55.44:780][866]LogModuleManager: Shutting down and abandoning module GeometryMode (710)
[2021.03.19-15.55.44:780][866]LogModuleManager: Shutting down and abandoning module CameraShakePreviewer (708)
[2021.03.19-15.55.44:781][866]LogModuleManager: Shutting down and abandoning module SmartSnapping (706)
[2021.03.19-15.55.44:781][866]LogModuleManager: Shutting down and abandoning module SessionServices (704)
[2021.03.19-15.55.44:781][866]LogModuleManager: Shutting down and abandoning module MeshPaint (702)
[2021.03.19-15.55.44:782][866]LogModuleManager: Shutting down and abandoning module ViewportSnapping (700)
[2021.03.19-15.55.44:782][866]LogModuleManager: Shutting down and abandoning module ViewportInteraction (698)
[2021.03.19-15.55.44:782][866]LogModuleManager: Shutting down and abandoning module ClothPainter (696)
[2021.03.19-15.55.44:784][866]LogModuleManager: Shutting down and abandoning module SkeletalMeshEditor (695)
[2021.03.19-15.55.44:785][866]LogModuleManager: Shutting down and abandoning module LogVisualizer (692)
[2021.03.19-15.55.44:787][866]LogModuleManager: Shutting down and abandoning module IntroTutorials (690)
[2021.03.19-15.55.44:787][866]LogModuleManager: Shutting down and abandoning module GameProjectGeneration (689)
[2021.03.19-15.55.44:787][866]LogModuleManager: Shutting down and abandoning module LuminPlatformEditor (686)
[2021.03.19-15.55.44:787][866]LogModuleManager: Shutting down and abandoning module IOSPlatformEditor (684)
[2021.03.19-15.55.44:788][866]LogModuleManager: Shutting down and abandoning module AndroidPlatformEditor (682)
[2021.03.19-15.55.44:788][866]LogModuleManager: Shutting down and abandoning module AndroidDeviceDetection (681)
