Log file open, 03/01/21 15:10:13
LogInit: Display: Running engine for game: GEPProject
LogPlatformFile: Not using cached read wrapper
LogTaskGraph: Started task graph with 5 named threads and 47 total threads with 3 sets of task threads.
LogStats: Stats thread started at 0.234890
LogD3D11RHI: Loaded GFSDK_Aftermath_Lib.x64.dll
LogICUInternationalization: ICU TimeZone Detection - Raw Offset: +0:00, Platform Override: ''
LogPluginManager: Mounting plugin Paper2D
LogPluginManager: Mounting plugin AISupport
LogPluginManager: Mounting plugin LightPropagationVolume
LogPluginManager: Mounting plugin CameraShakePreviewer
LogPluginManager: Mounting plugin ActorLayerUtilities
LogPluginManager: Mounting plugin AnimationSharing
LogPluginManager: Mounting plugin CLionSourceCodeAccess
LogPluginManager: Mounting plugin CodeLiteSourceCodeAccess
LogPluginManager: Mounting plugin GitSourceControl
LogPluginManager: Mounting plugin KDevelopSourceCodeAccess
LogPluginManager: Mounting plugin NullSourceCodeAccess
LogPluginManager: Mounting plugin PerforceSourceControl
LogPluginManager: Mounting plugin PlasticSourceControl
LogPluginManager: Mounting plugin RiderLink
LogPluginManager: Mounting plugin RiderSourceCodeAccess
LogPluginManager: Mounting plugin SubversionSourceControl
LogPluginManager: Mounting plugin UObjectPlugin
LogPluginManager: Mounting plugin VisualStudioCodeSourceCodeAccess
LogPluginManager: Mounting plugin VisualStudioSourceCodeAccess
LogPluginManager: Mounting plugin XCodeSourceCodeAccess
LogPluginManager: Mounting plugin AssetManagerEditor
LogPluginManager: Mounting plugin CryptoKeys
LogPluginManager: Mounting plugin CurveEditorTools
LogPluginManager: Mounting plugin DataValidation
LogPluginManager: Mounting plugin EditorScriptingUtilities
LogPluginManager: Mounting plugin FacialAnimation
LogPluginManager: Mounting plugin GameplayTagsEditor
LogPluginManager: Mounting plugin GeometryMode
LogPluginManager: Mounting plugin MacGraphicsSwitching
LogPluginManager: Mounting plugin MaterialAnalyzer
LogPluginManager: Mounting plugin MobileLauncherProfileWizard
LogPluginManager: Mounting plugin PluginBrowser
LogPluginManager: Mounting plugin SpeedTreeImporter
LogPluginManager: Mounting plugin DatasmithContent
LogPluginManager: Mounting plugin VariantManagerContent
LogPluginManager: Mounting plugin AlembicImporter
LogPluginManager: Mounting plugin AutomationUtils
LogPluginManager: Mounting plugin BackChannel
LogPluginManager: Mounting plugin ChaosCloth
LogPluginManager: Mounting plugin ChaosClothEditor
LogPluginManager: Mounting plugin ChaosEditor
LogPluginManager: Mounting plugin ChaosNiagara
LogPluginManager: Mounting plugin ChaosSolverPlugin
LogPluginManager: Mounting plugin CharacterAI
LogPluginManager: Mounting plugin GeometryCache
LogPluginManager: Mounting plugin GeometryCollectionPlugin
LogPluginManager: Mounting plugin GeometryProcessing
LogPluginManager: Mounting plugin PlanarCut
LogPluginManager: Mounting plugin PlatformCrypto
LogPluginManager: Mounting plugin ProxyLODPlugin
LogPluginManager: Mounting plugin SkeletalReduction
LogPluginManager: Mounting plugin Niagara
LogPluginManager: Mounting plugin MagicLeap
LogPluginManager: Mounting plugin MagicLeapLightEstimation
LogPluginManager: Mounting plugin MagicLeapMedia
LogPluginManager: Mounting plugin MagicLeapPassableWorld
LogPluginManager: Mounting plugin MLSDK
LogPluginManager: Mounting plugin AndroidMedia
LogPluginManager: Mounting plugin AvfMedia
LogPluginManager: Mounting plugin ImgMedia
LogPluginManager: Mounting plugin MediaCompositing
LogPluginManager: Mounting plugin MediaPlayerEditor
LogPluginManager: Mounting plugin WebMMedia
LogPluginManager: Mounting plugin WmfMedia
LogPluginManager: Mounting plugin MeshPainting
LogPluginManager: Mounting plugin TcpMessaging
LogPluginManager: Mounting plugin UdpMessaging
LogPluginManager: Mounting plugin ActorSequence
LogPluginManager: Mounting plugin LevelSequenceEditor
LogPluginManager: Mounting plugin MatineeToLevelSequence
LogPluginManager: Mounting plugin MovieRenderPipeline
LogPluginManager: Mounting plugin TemplateSequence
LogPluginManager: Mounting plugin NetcodeUnitTest
LogPluginManager: Mounting plugin NUTUnrealEngine4
LogPluginManager: Mounting plugin OnlineSubsystemGooglePlay
LogPluginManager: Mounting plugin OnlineSubsystemIOS
LogPluginManager: Mounting plugin OnlineSubsystem
LogPluginManager: Mounting plugin OnlineSubsystemNull
LogPluginManager: Mounting plugin OnlineSubsystemUtils
LogPluginManager: Mounting plugin LauncherChunkInstaller
LogPluginManager: Mounting plugin AndroidDeviceProfileSelector
LogPluginManager: Mounting plugin AndroidMoviePlayer
LogPluginManager: Mounting plugin AndroidPermission
LogPluginManager: Mounting plugin AppleImageUtils
LogPluginManager: Mounting plugin AppleMoviePlayer
LogPluginManager: Mounting plugin ArchVisCharacter
LogPluginManager: Mounting plugin AssetTags
LogPluginManager: Mounting plugin AudioCapture
LogPluginManager: Mounting plugin CableComponent
LogPluginManager: Mounting plugin CustomMeshComponent
LogPluginManager: Mounting plugin EditableMesh
LogPluginManager: Mounting plugin ExampleDeviceProfileSelector
LogPluginManager: Mounting plugin GoogleCloudMessaging
LogPluginManager: Mounting plugin GooglePAD
LogPluginManager: Mounting plugin IOSDeviceProfileSelector
LogPluginManager: Mounting plugin LinuxDeviceProfileSelector
LogPluginManager: Mounting plugin LocationServicesBPLibrary
LogPluginManager: Mounting plugin MobilePatchingUtils
LogPluginManager: Mounting plugin OculusVR
LogPluginManager: Mounting plugin PhysXVehicles
LogPluginManager: Mounting plugin PostSplashScreen
LogPluginManager: Mounting plugin ProceduralMeshComponent
LogPluginManager: Mounting plugin RuntimePhysXCooking
LogPluginManager: Mounting plugin SignificanceManager
LogPluginManager: Mounting plugin SoundFields
LogPluginManager: Mounting plugin SteamVR
LogPluginManager: Mounting plugin Synthesis
LogPluginManager: Mounting plugin WebMMoviePlayer
LogPluginManager: Mounting plugin WindowsMoviePlayer
LogPluginManager: Mounting plugin ScreenshotTools
LogInit: Using libcurl 7.55.1-DEV
LogInit:  - built for x86_64-pc-win32
LogInit:  - supports SSL with OpenSSL/1.1.1
LogInit:  - supports HTTP deflate (compression) using libz 1.2.8
LogInit:  - other features:
LogInit:      CURL_VERSION_SSL
LogInit:      CURL_VERSION_LIBZ
LogInit:      CURL_VERSION_IPV6
LogInit:      CURL_VERSION_ASYNCHDNS
LogInit:      CURL_VERSION_LARGEFILE
LogInit:      CURL_VERSION_IDN
LogInit:  CurlRequestOptions (configurable via config and command line):
LogInit:  - bVerifyPeer = true  - Libcurl will verify peer certificate
LogInit:  - bUseHttpProxy = false  - Libcurl will NOT use HTTP proxy
LogInit:  - bDontReuseConnections = false  - Libcurl will reuse connections
LogInit:  - MaxHostConnections = 16  - Libcurl will limit the number of connections to a host
LogInit:  - LocalHostAddr = Default
LogInit:  - BufferSize = 65536
LogOnline: OSS: Creating online subsystem instance for: NULL
LogInit: WinSock: version 1.1 (2.2), MaxSocks=32767, MaxUdp=65467
LogOnline: OSS: TryLoadSubsystemAndSetDefault: Loaded subsystem for module [NULL]
LogInit: Build: ++UE4+Release-4.25-CL-14469661
LogInit: Engine Version: 4.25.4-14469661+++UE4+Release-4.25
LogInit: Compatible Engine Version: 4.25.0-13144385+++UE4+Release-4.25
LogInit: Net CL: 13144385
LogInit: OS: Windows 10 (Release 2004) (), CPU: AMD Ryzen 7 2700X Eight-Core Processor         , GPU: NVIDIA GeForce RTX 2060
LogInit: Compiled (64-bit): Oct 11 2020 08:10:49
LogInit: Compiled with Visual C++: 19.24.28315.00
LogInit: Build Configuration: Development
LogInit: Branch Name: ++UE4+Release-4.25
LogInit: Command Line:  -skipcompile
LogInit: Base Directory: E:/epk/UE_4.25/Engine/Binaries/Win64/
LogInit: Allocator: TBB
LogInit: Installed Engine Build: 1
LogDevObjectVersion: Number of dev versions registered: 26
LogDevObjectVersion:   Dev-Blueprints (B0D832E4-1F89-4F0D-ACCF-7EB736FD4AA2): 10
LogDevObjectVersion:   Dev-Build (E1C64328-A22C-4D53-A36C-8E866417BD8C): 0
LogDevObjectVersion:   Dev-Core (375EC13C-06E4-48FB-B500-84F0262A717E): 4
LogDevObjectVersion:   Dev-Editor (E4B068ED-F494-42E9-A231-DA0B2E46BB41): 38
LogDevObjectVersion:   Dev-Framework (CFFC743F-43B0-4480-9391-14DF171D2073): 37
LogDevObjectVersion:   Dev-Mobile (B02B49B5-BB20-44E9-A304-32B752E40360): 2
LogDevObjectVersion:   Dev-Networking (A4E4105C-59A1-49B5-A7C5-40C4547EDFEE): 0
LogDevObjectVersion:   Dev-Online (39C831C9-5AE6-47DC-9A44-9C173E1C8E7C): 0
LogDevObjectVersion:   Dev-Physics (78F01B33-EBEA-4F98-B9B4-84EACCB95AA2): 4
LogDevObjectVersion:   Dev-Platform (6631380F-2D4D-43E0-8009-CF276956A95A): 0
LogDevObjectVersion:   Dev-Rendering (12F88B9F-8875-4AFC-A67C-D90C383ABD29): 43
LogDevObjectVersion:   Dev-Sequencer (7B5AE74C-D270-4C10-A958-57980B212A5A): 12
LogDevObjectVersion:   Dev-VR (D7296918-1DD6-4BDD-9DE2-64A83CC13884): 3
LogDevObjectVersion:   Dev-LoadTimes (C2A15278-BFE7-4AFE-6C17-90FF531DF755): 1
LogDevObjectVersion:   Private-Geometry (6EACA3D4-40EC-4CC1-B786-8BED09428FC5): 3
LogDevObjectVersion:   Dev-AnimPhys (29E575DD-E0A3-4627-9D10-D276232CDCEA): 17
LogDevObjectVersion:   Dev-Anim (AF43A65D-7FD3-4947-9873-3E8ED9C1BB05): 7
LogDevObjectVersion:   Dev-ReflectionCapture (6B266CEC-1EC7-4B8F-A30B-E4D90942FC07): 1
LogDevObjectVersion:   Dev-Automation (0DF73D61-A23F-47EA-B727-89E90C41499A): 1
LogDevObjectVersion:   FortniteMain (601D1886-AC64-4F84-AA16-D3DE0DEAC7D6): 31
LogDevObjectVersion:   Dev-Enterprise (9DFFBCD6-494F-0158-E221-12823C92A888): 10
LogDevObjectVersion:   Dev-Niagara (F2AED0AC-9AFE-416F-8664-AA7FFA26D6FC): 1
LogDevObjectVersion:   Dev-Destruction (174F1F0B-B4C6-45A5-B13F-2EE8D0FB917D): 10
LogDevObjectVersion:   Dev-Physics-Ext (35F94A83-E258-406C-A318-09F59610247C): 37
LogDevObjectVersion:   Dev-PhysicsMaterial-Chaos (B68FC16E-8B1B-42E2-B453-215C058844FE): 1
LogDevObjectVersion:   Dev-CineCamera (B2E18506-4273-CFC2-A54E-F4BB758BBA07): 1
LogInit: Presizing for max 25165824 objects, including 0 objects not considered by GC, pre-allocating 0 bytes for permanent pool.
LogConfig: Applying CVar settings from Section [/Script/Engine.StreamingSettings] File [E:/Github/GEP/GEPProject/Saved/Config/Windows/Engine.ini]
LogConfig: Setting CVar [[s.MinBulkDataSizeForAsyncLoading:131072]]
LogConfig: Setting CVar [[s.AsyncLoadingThreadEnabled:0]]
LogConfig: Setting CVar [[s.EventDrivenLoaderEnabled:1]]
LogConfig: Setting CVar [[s.WarnIfTimeLimitExceeded:0]]
LogConfig: Setting CVar [[s.TimeLimitExceededMultiplier:1.5]]
LogConfig: Setting CVar [[s.TimeLimitExceededMinTime:0.005]]
LogConfig: Setting CVar [[s.UseBackgroundLevelStreaming:1]]
LogConfig: Setting CVar [[s.PriorityAsyncLoadingExtraTime:15.0]]
LogConfig: Setting CVar [[s.LevelStreamingActorsUpdateTimeLimit:5.0]]
LogConfig: Setting CVar [[s.PriorityLevelStreamingActorsUpdateExtraTime:5.0]]
LogConfig: Setting CVar [[s.LevelStreamingComponentsRegistrationGranularity:10]]
LogConfig: Setting CVar [[s.UnregisterComponentsTimeLimit:1.0]]
LogConfig: Setting CVar [[s.LevelStreamingComponentsUnregistrationGranularity:5]]
LogConfig: Setting CVar [[s.FlushStreamingOnExit:1]]
LogInit: Object subsystem initialized
LogConfig: Setting CVar [[con.DebugEarlyDefault:1]]
LogConfig: Setting CVar [[r.setres:1280x720]]
[2021.03.01-15.10.13:836][  0]LogConfig: Setting CVar [[r.VSync:0]]
[2021.03.01-15.10.13:836][  0]LogConfig: Setting CVar [[r.RHICmdBypass:0]]
[2021.03.01-15.10.13:836][  0]LogConfig: Applying CVar settings from Section [/Script/Engine.RendererSettings] File [E:/Github/GEP/GEPProject/Saved/Config/Windows/Engine.ini]
[2021.03.01-15.10.13:836][  0]LogConfig: Setting CVar [[r.GPUCrashDebugging:0]]
[2021.03.01-15.10.13:836][  0]LogConfig: Applying CVar settings from Section [/Script/Engine.RendererOverrideSettings] File [E:/Github/GEP/GEPProject/Saved/Config/Windows/Engine.ini]
[2021.03.01-15.10.13:836][  0]LogConfig: Applying CVar settings from Section [/Script/Engine.StreamingSettings] File [E:/Github/GEP/GEPProject/Saved/Config/Windows/Engine.ini]
[2021.03.01-15.10.13:836][  0]LogConfig: Setting CVar [[s.MinBulkDataSizeForAsyncLoading:131072]]
[2021.03.01-15.10.13:836][  0]LogConfig: Setting CVar [[s.AsyncLoadingThreadEnabled:0]]
[2021.03.01-15.10.13:836][  0]LogConfig: Setting CVar [[s.EventDrivenLoaderEnabled:1]]
[2021.03.01-15.10.13:836][  0]LogConfig: Setting CVar [[s.WarnIfTimeLimitExceeded:0]]
[2021.03.01-15.10.13:836][  0]LogConfig: Setting CVar [[s.TimeLimitExceededMultiplier:1.5]]
[2021.03.01-15.10.13:836][  0]LogConfig: Setting CVar [[s.TimeLimitExceededMinTime:0.005]]
[2021.03.01-15.10.13:836][  0]LogConfig: Setting CVar [[s.UseBackgroundLevelStreaming:1]]
[2021.03.01-15.10.13:836][  0]LogConfig: Setting CVar [[s.PriorityAsyncLoadingExtraTime:15.0]]
[2021.03.01-15.10.13:836][  0]LogConfig: Setting CVar [[s.LevelStreamingActorsUpdateTimeLimit:5.0]]
[2021.03.01-15.10.13:836][  0]LogConfig: Setting CVar [[s.PriorityLevelStreamingActorsUpdateExtraTime:5.0]]
[2021.03.01-15.10.13:836][  0]LogConfig: Setting CVar [[s.LevelStreamingComponentsRegistrationGranularity:10]]
[2021.03.01-15.10.13:836][  0]LogConfig: Setting CVar [[s.UnregisterComponentsTimeLimit:1.0]]
[2021.03.01-15.10.13:836][  0]LogConfig: Setting CVar [[s.LevelStreamingComponentsUnregistrationGranularity:5]]
[2021.03.01-15.10.13:836][  0]LogConfig: Setting CVar [[s.FlushStreamingOnExit:1]]
[2021.03.01-15.10.13:836][  0]LogConfig: Applying CVar settings from Section [/Script/Engine.GarbageCollectionSettings] File [E:/Github/GEP/GEPProject/Saved/Config/Windows/Engine.ini]
[2021.03.01-15.10.13:836][  0]LogConfig: Setting CVar [[gc.MaxObjectsNotConsideredByGC:1]]
[2021.03.01-15.10.13:836][  0]LogConfig: Setting CVar [[gc.SizeOfPermanentObjectPool:0]]
[2021.03.01-15.10.13:836][  0]LogConfig: Setting CVar [[gc.FlushStreamingOnGC:0]]
[2021.03.01-15.10.13:836][  0]LogConfig: Setting CVar [[gc.NumRetriesBeforeForcingGC:10]]
[2021.03.01-15.10.13:836][  0]LogConfig: Setting CVar [[gc.AllowParallelGC:1]]
[2021.03.01-15.10.13:836][  0]LogConfig: Setting CVar [[gc.TimeBetweenPurgingPendingKillObjects:61.1]]
[2021.03.01-15.10.13:836][  0]LogConfig: Setting CVar [[gc.MaxObjectsInEditor:25165824]]
[2021.03.01-15.10.13:836][  0]LogConfig: Setting CVar [[gc.IncrementalBeginDestroyEnabled:1]]
[2021.03.01-15.10.13:836][  0]LogConfig: Setting CVar [[gc.CreateGCClusters:1]]
[2021.03.01-15.10.13:836][  0]LogConfig: Setting CVar [[gc.MinGCClusterSize:5]]
[2021.03.01-15.10.13:836][  0]LogConfig: Setting CVar [[gc.ActorClusteringEnabled:0]]
[2021.03.01-15.10.13:836][  0]LogConfig: Setting CVar [[gc.BlueprintClusteringEnabled:0]]
[2021.03.01-15.10.13:836][  0]LogConfig: Setting CVar [[gc.UseDisregardForGCOnDedicatedServers:0]]
[2021.03.01-15.10.13:836][  0]LogConfig: Applying CVar settings from Section [/Script/Engine.NetworkSettings] File [E:/Github/GEP/GEPProject/Saved/Config/Windows/Engine.ini]
[2021.03.01-15.10.13:836][  0]LogConfig: Applying CVar settings from Section [/Script/UnrealEd.CookerSettings] File [E:/Github/GEP/GEPProject/Saved/Config/Windows/Engine.ini]
[2021.03.01-15.10.13:841][  0]LogConfig: Applying CVar settings from Section [ViewDistanceQuality@3] File [E:/Github/GEP/GEPProject/Saved/Config/Windows/Scalability.ini]
[2021.03.01-15.10.13:841][  0]LogConfig: Setting CVar [[r.SkeletalMeshLODBias:0]]
[2021.03.01-15.10.13:841][  0]LogConfig: Setting CVar [[r.ViewDistanceScale:1.0]]
[2021.03.01-15.10.13:841][  0]LogConfig: Applying CVar settings from Section [AntiAliasingQuality@3] File [E:/Github/GEP/GEPProject/Saved/Config/Windows/Scalability.ini]
[2021.03.01-15.10.13:841][  0]LogConfig: Setting CVar [[r.PostProcessAAQuality:4]]
[2021.03.01-15.10.13:841][  0]LogConfig: Applying CVar settings from Section [ShadowQuality@3] File [E:/Github/GEP/GEPProject/Saved/Config/Windows/Scalability.ini]
[2021.03.01-15.10.13:841][  0]LogConfig: Setting CVar [[r.LightFunctionQuality:1]]
[2021.03.01-15.10.13:841][  0]LogConfig: Setting CVar [[r.ShadowQuality:5]]
[2021.03.01-15.10.13:841][  0]LogConfig: Setting CVar [[r.Shadow.CSM.MaxCascades:10]]
[2021.03.01-15.10.13:841][  0]LogConfig: Setting CVar [[r.Shadow.MaxResolution:2048]]
[2021.03.01-15.10.13:841][  0]LogConfig: Setting CVar [[r.Shadow.MaxCSMResolution:2048]]
[2021.03.01-15.10.13:841][  0]LogConfig: Setting CVar [[r.Shadow.RadiusThreshold:0.01]]
[2021.03.01-15.10.13:841][  0]LogConfig: Setting CVar [[r.Shadow.DistanceScale:1.0]]
[2021.03.01-15.10.13:841][  0]LogConfig: Setting CVar [[r.Shadow.CSM.TransitionScale:1.0]]
[2021.03.01-15.10.13:841][  0]LogConfig: Setting CVar [[r.Shadow.PreShadowResolutionFactor:1.0]]
[2021.03.01-15.10.13:841][  0]LogConfig: Setting CVar [[r.DistanceFieldShadowing:1]]
[2021.03.01-15.10.13:841][  0]LogConfig: Setting CVar [[r.DistanceFieldAO:1]]
[2021.03.01-15.10.13:841][  0]LogConfig: Setting CVar [[r.AOQuality:2]]
[2021.03.01-15.10.13:841][  0]LogConfig: Setting CVar [[r.VolumetricFog:1]]
[2021.03.01-15.10.13:841][  0]LogConfig: Setting CVar [[r.VolumetricFog.GridPixelSize:8]]
[2021.03.01-15.10.13:841][  0]LogConfig: Setting CVar [[r.VolumetricFog.GridSizeZ:128]]
[2021.03.01-15.10.13:841][  0]LogConfig: Setting CVar [[r.VolumetricFog.HistoryMissSupersampleCount:4]]
[2021.03.01-15.10.13:841][  0]LogConfig: Setting CVar [[r.LightMaxDrawDistanceScale:1]]
[2021.03.01-15.10.13:841][  0]LogConfig: Setting CVar [[r.CapsuleShadows:1]]
[2021.03.01-15.10.13:841][  0]LogConfig: Applying CVar settings from Section [PostProcessQuality@3] File [E:/Github/GEP/GEPProject/Saved/Config/Windows/Scalability.ini]
[2021.03.01-15.10.13:841][  0]LogConfig: Setting CVar [[r.MotionBlurQuality:4]]
[2021.03.01-15.10.13:841][  0]LogConfig: Setting CVar [[r.AmbientOcclusionMipLevelFactor:0.4]]
[2021.03.01-15.10.13:841][  0]LogConfig: Setting CVar [[r.AmbientOcclusionMaxQuality:100]]
[2021.03.01-15.10.13:841][  0]LogConfig: Setting CVar [[r.AmbientOcclusionLevels:-1]]
[2021.03.01-15.10.13:841][  0]LogConfig: Setting CVar [[r.AmbientOcclusionRadiusScale:1.0]]
[2021.03.01-15.10.13:841][  0]LogConfig: Setting CVar [[r.DepthOfFieldQuality:2]]
[2021.03.01-15.10.13:841][  0]LogConfig: Setting CVar [[r.RenderTargetPoolMin:400]]
[2021.03.01-15.10.13:841][  0]LogConfig: Setting CVar [[r.LensFlareQuality:2]]
[2021.03.01-15.10.13:841][  0]LogConfig: Setting CVar [[r.SceneColorFringeQuality:1]]
[2021.03.01-15.10.13:841][  0]LogConfig: Setting CVar [[r.EyeAdaptationQuality:2]]
[2021.03.01-15.10.13:841][  0]LogConfig: Setting CVar [[r.BloomQuality:5]]
[2021.03.01-15.10.13:841][  0]LogConfig: Setting CVar [[r.FastBlurThreshold:100]]
[2021.03.01-15.10.13:841][  0]LogConfig: Setting CVar [[r.Upscale.Quality:3]]
[2021.03.01-15.10.13:841][  0]LogConfig: Setting CVar [[r.Tonemapper.GrainQuantization:1]]
[2021.03.01-15.10.13:842][  0]LogConfig: Setting CVar [[r.LightShaftQuality:1]]
[2021.03.01-15.10.13:842][  0]LogConfig: Setting CVar [[r.Filter.SizeScale:1]]
[2021.03.01-15.10.13:842][  0]LogConfig: Setting CVar [[r.Tonemapper.Quality:5]]
[2021.03.01-15.10.13:842][  0]LogConfig: Setting CVar [[r.DOF.Gather.AccumulatorQuality:1        ; higher gathering accumulator quality]]
[2021.03.01-15.10.13:842][  0]LogConfig: Setting CVar [[r.DOF.Gather.PostfilterMethod:1          ; Median3x3 postfilering method]]
[2021.03.01-15.10.13:842][  0]LogConfig: Setting CVar [[r.DOF.Gather.EnableBokehSettings:0       ; no bokeh simulation when gathering]]
[2021.03.01-15.10.13:842][  0]LogConfig: Setting CVar [[r.DOF.Gather.RingCount:4                 ; medium number of samples when gathering]]
[2021.03.01-15.10.13:842][  0]LogConfig: Setting CVar [[r.DOF.Scatter.ForegroundCompositing:1    ; additive foreground scattering]]
[2021.03.01-15.10.13:842][  0]LogConfig: Setting CVar [[r.DOF.Scatter.BackgroundCompositing:2    ; additive background scattering]]
[2021.03.01-15.10.13:842][  0]LogConfig: Setting CVar [[r.DOF.Scatter.EnableBokehSettings:1      ; bokeh simulation when scattering]]
[2021.03.01-15.10.13:842][  0]LogConfig: Setting CVar [[r.DOF.Scatter.MaxSpriteRatio:0.1         ; only a maximum of 10% of scattered bokeh]]
[2021.03.01-15.10.13:842][  0]LogConfig: Setting CVar [[r.DOF.Recombine.Quality:1                ; cheap slight out of focus]]
[2021.03.01-15.10.13:842][  0]LogConfig: Setting CVar [[r.DOF.Recombine.EnableBokehSettings:0    ; no bokeh simulation on slight out of focus]]
[2021.03.01-15.10.13:842][  0]LogConfig: Setting CVar [[r.DOF.TemporalAAQuality:1                ; more stable temporal accumulation]]
[2021.03.01-15.10.13:842][  0]LogConfig: Setting CVar [[r.DOF.Kernel.MaxForegroundRadius:0.025]]
[2021.03.01-15.10.13:842][  0]LogConfig: Setting CVar [[r.DOF.Kernel.MaxBackgroundRadius:0.025]]
[2021.03.01-15.10.13:842][  0]LogConfig: Applying CVar settings from Section [TextureQuality@3] File [E:/Github/GEP/GEPProject/Saved/Config/Windows/Scalability.ini]
[2021.03.01-15.10.13:842][  0]LogConfig: Setting CVar [[r.Streaming.MipBias:0]]
[2021.03.01-15.10.13:842][  0]LogConfig: Setting CVar [[r.Streaming.AmortizeCPUToGPUCopy:0]]
[2021.03.01-15.10.13:842][  0]LogConfig: Setting CVar [[r.Streaming.MaxNumTexturesToStreamPerFrame:0]]
[2021.03.01-15.10.13:842][  0]LogConfig: Setting CVar [[r.Streaming.Boost:1]]
[2021.03.01-15.10.13:842][  0]LogConfig: Setting CVar [[r.MaxAnisotropy:8]]
[2021.03.01-15.10.13:842][  0]LogConfig: Setting CVar [[r.VT.MaxAnisotropy:8]]
[2021.03.01-15.10.13:842][  0]LogConfig: Setting CVar [[r.Streaming.LimitPoolSizeToVRAM:0]]
[2021.03.01-15.10.13:842][  0]LogConfig: Setting CVar [[r.Streaming.PoolSize:1000]]
[2021.03.01-15.10.13:842][  0]LogConfig: Setting CVar [[r.Streaming.MaxEffectiveScreenSize:0]]
[2021.03.01-15.10.13:842][  0]LogConfig: Applying CVar settings from Section [EffectsQuality@3] File [E:/Github/GEP/GEPProject/Saved/Config/Windows/Scalability.ini]
[2021.03.01-15.10.13:842][  0]LogConfig: Setting CVar [[r.TranslucencyLightingVolumeDim:64]]
[2021.03.01-15.10.13:842][  0]LogConfig: Setting CVar [[r.RefractionQuality:2]]
[2021.03.01-15.10.13:842][  0]LogConfig: Setting CVar [[r.SSR.Quality:3]]
[2021.03.01-15.10.13:842][  0]LogConfig: Setting CVar [[r.SSR.HalfResSceneColor:0]]
[2021.03.01-15.10.13:842][  0]LogConfig: Setting CVar [[r.SceneColorFormat:4]]
[2021.03.01-15.10.13:842][  0]LogConfig: Setting CVar [[r.DetailMode:2]]
[2021.03.01-15.10.13:842][  0]LogConfig: Setting CVar [[r.TranslucencyVolumeBlur:1]]
[2021.03.01-15.10.13:842][  0]LogConfig: Setting CVar [[r.MaterialQualityLevel:1 ; High quality]]
[2021.03.01-15.10.13:842][  0]LogConfig: Setting CVar [[r.SSS.Scale:1]]
[2021.03.01-15.10.13:842][  0]LogConfig: Setting CVar [[r.SSS.SampleSet:2]]
[2021.03.01-15.10.13:842][  0]LogConfig: Setting CVar [[r.SSS.Quality:1]]
[2021.03.01-15.10.13:842][  0]LogConfig: Setting CVar [[r.SSS.HalfRes:0]]
[2021.03.01-15.10.13:842][  0]LogConfig: Setting CVar [[r.SSGI.Quality:3]]
[2021.03.01-15.10.13:842][  0]LogConfig: Setting CVar [[r.EmitterSpawnRateScale:1.0]]
[2021.03.01-15.10.13:842][  0]LogConfig: Setting CVar [[r.ParticleLightQuality:2]]
[2021.03.01-15.10.13:842][  0]LogConfig: Setting CVar [[r.SkyAtmosphere.AerialPerspectiveLUT.FastApplyOnOpaque:1 ; Always have FastSkyLUT 1 in this case to avoid wrong sky]]
[2021.03.01-15.10.13:842][  0]LogConfig: Setting CVar [[r.SkyAtmosphere.AerialPerspectiveLUT.SampleCountPerSlice:1]]
[2021.03.01-15.10.13:842][  0]LogConfig: Setting CVar [[r.SkyAtmosphere.AerialPerspectiveLUT.DepthResolution:16.0]]
[2021.03.01-15.10.13:842][  0]LogConfig: Setting CVar [[r.SkyAtmosphere.FastSkyLUT:1]]
[2021.03.01-15.10.13:842][  0]LogConfig: Setting CVar [[r.SkyAtmosphere.FastSkyLUT.SampleCountMin:4.0]]
[2021.03.01-15.10.13:842][  0]LogConfig: Setting CVar [[r.SkyAtmosphere.FastSkyLUT.SampleCountMax:32.0]]
[2021.03.01-15.10.13:842][  0]LogConfig: Setting CVar [[r.SkyAtmosphere.SampleCountMin:4.0]]
[2021.03.01-15.10.13:842][  0]LogConfig: Setting CVar [[r.SkyAtmosphere.SampleCountMax:32.0]]
[2021.03.01-15.10.13:842][  0]LogConfig: Setting CVar [[r.SkyAtmosphere.TransmittanceLUT.UseSmallFormat:0]]
[2021.03.01-15.10.13:842][  0]LogConfig: Setting CVar [[r.SkyAtmosphere.TransmittanceLUT.SampleCount:10.0]]
[2021.03.01-15.10.13:842][  0]LogConfig: Setting CVar [[r.SkyAtmosphere.MultiScatteringLUT.SampleCount:15.0]]
[2021.03.01-15.10.13:842][  0]LogConfig: Applying CVar settings from Section [FoliageQuality@3] File [E:/Github/GEP/GEPProject/Saved/Config/Windows/Scalability.ini]
[2021.03.01-15.10.13:842][  0]LogConfig: Setting CVar [[foliage.DensityScale:1.0]]
[2021.03.01-15.10.13:842][  0]LogConfig: Setting CVar [[grass.DensityScale:1.0]]
[2021.03.01-15.10.13:842][  0]LogConfig: Applying CVar settings from Section [ShadingQuality@3] File [E:/Github/GEP/GEPProject/Saved/Config/Windows/Scalability.ini]
[2021.03.01-15.10.13:842][  0]LogConfig: Setting CVar [[r.HairStrands.SkyLighting.SampleCount:16]]
[2021.03.01-15.10.13:842][  0]LogConfig: Setting CVar [[r.HairStrands.SkyLighting.JitterIntegration:0]]
[2021.03.01-15.10.13:842][  0]LogConfig: Setting CVar [[r.HairStrands.SkyAO.SampleCount:16]]
[2021.03.01-15.10.13:842][  0]LogConfig: Setting CVar [[r.HairStrands.DeepShadow.SuperSampling:0]]
[2021.03.01-15.10.13:842][  0]LogConfig: Setting CVar [[r.HairStrands.VisibilityPPLL:0]]
[2021.03.01-15.10.13:842][  0]LogConfig: Setting CVar [[r.HairStrands.RasterizationScale:0.5]]
[2021.03.01-15.10.13:842][  0]LogConfig: Setting CVar [[r.HairStrands.VelocityRasterizationScale:1]]
[2021.03.01-15.10.13:842][  0]LogInit: Selected Device Profile: [Windows]
[2021.03.01-15.10.13:842][  0]LogInit: Applying CVar settings loaded from the selected device profile: [Windows]
[2021.03.01-15.10.13:842][  0]LogHAL: Display: Platform has ~ 16 GB [17123741696 / 17179869184 / 16], which maps to Larger [LargestMinGB=32, LargerMinGB=12, DefaultMinGB=8, SmallerMinGB=6, SmallestMinGB=0)
[2021.03.01-15.10.13:842][  0]LogInit: Going up to parent DeviceProfile []
[2021.03.01-15.10.13:842][  0]LogConfig: Applying CVar settings from Section [ViewDistanceQuality@3] File [E:/Github/GEP/GEPProject/Saved/Config/Windows/Scalability.ini]
[2021.03.01-15.10.13:842][  0]LogConfig: Setting CVar [[r.SkeletalMeshLODBias:0]]
[2021.03.01-15.10.13:842][  0]LogConfig: Setting CVar [[r.ViewDistanceScale:1.0]]
[2021.03.01-15.10.13:842][  0]LogConfig: Applying CVar settings from Section [AntiAliasingQuality@3] File [E:/Github/GEP/GEPProject/Saved/Config/Windows/Scalability.ini]
[2021.03.01-15.10.13:843][  0]LogConfig: Setting CVar [[r.PostProcessAAQuality:4]]
[2021.03.01-15.10.13:843][  0]LogConfig: Applying CVar settings from Section [ShadowQuality@3] File [E:/Github/GEP/GEPProject/Saved/Config/Windows/Scalability.ini]
[2021.03.01-15.10.13:843][  0]LogConfig: Setting CVar [[r.LightFunctionQuality:1]]
[2021.03.01-15.10.13:843][  0]LogConfig: Setting CVar [[r.ShadowQuality:5]]
[2021.03.01-15.10.13:843][  0]LogConfig: Setting CVar [[r.Shadow.CSM.MaxCascades:10]]
[2021.03.01-15.10.13:843][  0]LogConfig: Setting CVar [[r.Shadow.MaxResolution:2048]]
[2021.03.01-15.10.13:843][  0]LogConfig: Setting CVar [[r.Shadow.MaxCSMResolution:2048]]
[2021.03.01-15.10.13:843][  0]LogConfig: Setting CVar [[r.Shadow.RadiusThreshold:0.01]]
[2021.03.01-15.10.13:843][  0]LogConfig: Setting CVar [[r.Shadow.DistanceScale:1.0]]
[2021.03.01-15.10.13:843][  0]LogConfig: Setting CVar [[r.Shadow.CSM.TransitionScale:1.0]]
[2021.03.01-15.10.13:843][  0]LogConfig: Setting CVar [[r.Shadow.PreShadowResolutionFactor:1.0]]
[2021.03.01-15.10.13:843][  0]LogConfig: Setting CVar [[r.DistanceFieldShadowing:1]]
[2021.03.01-15.10.13:843][  0]LogConfig: Setting CVar [[r.DistanceFieldAO:1]]
[2021.03.01-15.10.13:843][  0]LogConfig: Setting CVar [[r.AOQuality:2]]
[2021.03.01-15.10.13:843][  0]LogConfig: Setting CVar [[r.VolumetricFog:1]]
[2021.03.01-15.10.13:843][  0]LogConfig: Setting CVar [[r.VolumetricFog.GridPixelSize:8]]
[2021.03.01-15.10.13:843][  0]LogConfig: Setting CVar [[r.VolumetricFog.GridSizeZ:128]]
[2021.03.01-15.10.13:843][  0]LogConfig: Setting CVar [[r.VolumetricFog.HistoryMissSupersampleCount:4]]
[2021.03.01-15.10.13:843][  0]LogConfig: Setting CVar [[r.LightMaxDrawDistanceScale:1]]
[2021.03.01-15.10.13:843][  0]LogConfig: Setting CVar [[r.CapsuleShadows:1]]
[2021.03.01-15.10.13:843][  0]LogConfig: Applying CVar settings from Section [PostProcessQuality@3] File [E:/Github/GEP/GEPProject/Saved/Config/Windows/Scalability.ini]
[2021.03.01-15.10.13:843][  0]LogConfig: Setting CVar [[r.MotionBlurQuality:4]]
[2021.03.01-15.10.13:843][  0]LogConfig: Setting CVar [[r.AmbientOcclusionMipLevelFactor:0.4]]
[2021.03.01-15.10.13:843][  0]LogConfig: Setting CVar [[r.AmbientOcclusionMaxQuality:100]]
[2021.03.01-15.10.13:843][  0]LogConfig: Setting CVar [[r.AmbientOcclusionLevels:-1]]
[2021.03.01-15.10.13:843][  0]LogConfig: Setting CVar [[r.AmbientOcclusionRadiusScale:1.0]]
[2021.03.01-15.10.13:843][  0]LogConfig: Setting CVar [[r.DepthOfFieldQuality:2]]
[2021.03.01-15.10.13:843][  0]LogConfig: Setting CVar [[r.RenderTargetPoolMin:400]]
[2021.03.01-15.10.13:843][  0]LogConfig: Setting CVar [[r.LensFlareQuality:2]]
[2021.03.01-15.10.13:843][  0]LogConfig: Setting CVar [[r.SceneColorFringeQuality:1]]
[2021.03.01-15.10.13:843][  0]LogConfig: Setting CVar [[r.EyeAdaptationQuality:2]]
[2021.03.01-15.10.13:843][  0]LogConfig: Setting CVar [[r.BloomQuality:5]]
[2021.03.01-15.10.13:843][  0]LogConfig: Setting CVar [[r.FastBlurThreshold:100]]
[2021.03.01-15.10.13:843][  0]LogConfig: Setting CVar [[r.Upscale.Quality:3]]
[2021.03.01-15.10.13:843][  0]LogConfig: Setting CVar [[r.Tonemapper.GrainQuantization:1]]
[2021.03.01-15.10.13:843][  0]LogConfig: Setting CVar [[r.LightShaftQuality:1]]
[2021.03.01-15.10.13:843][  0]LogConfig: Setting CVar [[r.Filter.SizeScale:1]]
[2021.03.01-15.10.13:843][  0]LogConfig: Setting CVar [[r.Tonemapper.Quality:5]]
[2021.03.01-15.10.13:843][  0]LogConfig: Setting CVar [[r.DOF.Gather.AccumulatorQuality:1        ; higher gathering accumulator quality]]
[2021.03.01-15.10.13:843][  0]LogConfig: Setting CVar [[r.DOF.Gather.PostfilterMethod:1          ; Median3x3 postfilering method]]
[2021.03.01-15.10.13:843][  0]LogConfig: Setting CVar [[r.DOF.Gather.EnableBokehSettings:0       ; no bokeh simulation when gathering]]
[2021.03.01-15.10.13:843][  0]LogConfig: Setting CVar [[r.DOF.Gather.RingCount:4                 ; medium number of samples when gathering]]
[2021.03.01-15.10.13:843][  0]LogConfig: Setting CVar [[r.DOF.Scatter.ForegroundCompositing:1    ; additive foreground scattering]]
[2021.03.01-15.10.13:843][  0]LogConfig: Setting CVar [[r.DOF.Scatter.BackgroundCompositing:2    ; additive background scattering]]
[2021.03.01-15.10.13:843][  0]LogConfig: Setting CVar [[r.DOF.Scatter.EnableBokehSettings:1      ; bokeh simulation when scattering]]
[2021.03.01-15.10.13:843][  0]LogConfig: Setting CVar [[r.DOF.Scatter.MaxSpriteRatio:0.1         ; only a maximum of 10% of scattered bokeh]]
[2021.03.01-15.10.13:843][  0]LogConfig: Setting CVar [[r.DOF.Recombine.Quality:1                ; cheap slight out of focus]]
[2021.03.01-15.10.13:843][  0]LogConfig: Setting CVar [[r.DOF.Recombine.EnableBokehSettings:0    ; no bokeh simulation on slight out of focus]]
[2021.03.01-15.10.13:843][  0]LogConfig: Setting CVar [[r.DOF.TemporalAAQuality:1                ; more stable temporal accumulation]]
[2021.03.01-15.10.13:843][  0]LogConfig: Setting CVar [[r.DOF.Kernel.MaxForegroundRadius:0.025]]
[2021.03.01-15.10.13:843][  0]LogConfig: Setting CVar [[r.DOF.Kernel.MaxBackgroundRadius:0.025]]
[2021.03.01-15.10.13:843][  0]LogConfig: Applying CVar settings from Section [TextureQuality@3] File [E:/Github/GEP/GEPProject/Saved/Config/Windows/Scalability.ini]
[2021.03.01-15.10.13:843][  0]LogConfig: Setting CVar [[r.Streaming.MipBias:0]]
[2021.03.01-15.10.13:843][  0]LogConfig: Setting CVar [[r.Streaming.AmortizeCPUToGPUCopy:0]]
[2021.03.01-15.10.13:843][  0]LogConfig: Setting CVar [[r.Streaming.MaxNumTexturesToStreamPerFrame:0]]
[2021.03.01-15.10.13:843][  0]LogConfig: Setting CVar [[r.Streaming.Boost:1]]
[2021.03.01-15.10.13:843][  0]LogConfig: Setting CVar [[r.MaxAnisotropy:8]]
[2021.03.01-15.10.13:843][  0]LogConfig: Setting CVar [[r.VT.MaxAnisotropy:8]]
[2021.03.01-15.10.13:843][  0]LogConfig: Setting CVar [[r.Streaming.LimitPoolSizeToVRAM:0]]
[2021.03.01-15.10.13:843][  0]LogConfig: Setting CVar [[r.Streaming.PoolSize:1000]]
[2021.03.01-15.10.13:843][  0]LogConfig: Setting CVar [[r.Streaming.MaxEffectiveScreenSize:0]]
[2021.03.01-15.10.13:843][  0]LogConfig: Applying CVar settings from Section [EffectsQuality@3] File [E:/Github/GEP/GEPProject/Saved/Config/Windows/Scalability.ini]
[2021.03.01-15.10.13:843][  0]LogConfig: Setting CVar [[r.TranslucencyLightingVolumeDim:64]]
[2021.03.01-15.10.13:843][  0]LogConfig: Setting CVar [[r.RefractionQuality:2]]
[2021.03.01-15.10.13:843][  0]LogConfig: Setting CVar [[r.SSR.Quality:3]]
[2021.03.01-15.10.13:843][  0]LogConfig: Setting CVar [[r.SSR.HalfResSceneColor:0]]
[2021.03.01-15.10.13:843][  0]LogConfig: Setting CVar [[r.SceneColorFormat:4]]
[2021.03.01-15.10.13:843][  0]LogConfig: Setting CVar [[r.DetailMode:2]]
[2021.03.01-15.10.13:843][  0]LogConfig: Setting CVar [[r.TranslucencyVolumeBlur:1]]
[2021.03.01-15.10.13:843][  0]LogConfig: Setting CVar [[r.MaterialQualityLevel:1 ; High quality]]
[2021.03.01-15.10.13:843][  0]LogConfig: Setting CVar [[r.SSS.Scale:1]]
[2021.03.01-15.10.13:843][  0]LogConfig: Setting CVar [[r.SSS.SampleSet:2]]
[2021.03.01-15.10.13:843][  0]LogConfig: Setting CVar [[r.SSS.Quality:1]]
[2021.03.01-15.10.13:843][  0]LogConfig: Setting CVar [[r.SSS.HalfRes:0]]
[2021.03.01-15.10.13:843][  0]LogConfig: Setting CVar [[r.SSGI.Quality:3]]
[2021.03.01-15.10.13:843][  0]LogConfig: Setting CVar [[r.EmitterSpawnRateScale:1.0]]
[2021.03.01-15.10.13:843][  0]LogConfig: Setting CVar [[r.ParticleLightQuality:2]]
[2021.03.01-15.10.13:843][  0]LogConfig: Setting CVar [[r.SkyAtmosphere.AerialPerspectiveLUT.FastApplyOnOpaque:1 ; Always have FastSkyLUT 1 in this case to avoid wrong sky]]
[2021.03.01-15.10.13:843][  0]LogConfig: Setting CVar [[r.SkyAtmosphere.AerialPerspectiveLUT.SampleCountPerSlice:1]]
[2021.03.01-15.10.13:844][  0]LogConfig: Setting CVar [[r.SkyAtmosphere.AerialPerspectiveLUT.DepthResolution:16.0]]
[2021.03.01-15.10.13:844][  0]LogConfig: Setting CVar [[r.SkyAtmosphere.FastSkyLUT:1]]
[2021.03.01-15.10.13:844][  0]LogConfig: Setting CVar [[r.SkyAtmosphere.FastSkyLUT.SampleCountMin:4.0]]
[2021.03.01-15.10.13:844][  0]LogConfig: Setting CVar [[r.SkyAtmosphere.FastSkyLUT.SampleCountMax:32.0]]
[2021.03.01-15.10.13:844][  0]LogConfig: Setting CVar [[r.SkyAtmosphere.SampleCountMin:4.0]]
[2021.03.01-15.10.13:844][  0]LogConfig: Setting CVar [[r.SkyAtmosphere.SampleCountMax:32.0]]
[2021.03.01-15.10.13:844][  0]LogConfig: Setting CVar [[r.SkyAtmosphere.TransmittanceLUT.UseSmallFormat:0]]
[2021.03.01-15.10.13:844][  0]LogConfig: Setting CVar [[r.SkyAtmosphere.TransmittanceLUT.SampleCount:10.0]]
[2021.03.01-15.10.13:844][  0]LogConfig: Setting CVar [[r.SkyAtmosphere.MultiScatteringLUT.SampleCount:15.0]]
[2021.03.01-15.10.13:844][  0]LogConfig: Applying CVar settings from Section [FoliageQuality@3] File [E:/Github/GEP/GEPProject/Saved/Config/Windows/Scalability.ini]
[2021.03.01-15.10.13:844][  0]LogConfig: Setting CVar [[foliage.DensityScale:1.0]]
[2021.03.01-15.10.13:844][  0]LogConfig: Setting CVar [[grass.DensityScale:1.0]]
[2021.03.01-15.10.13:844][  0]LogConfig: Applying CVar settings from Section [ShadingQuality@3] File [E:/Github/GEP/GEPProject/Saved/Config/Windows/Scalability.ini]
[2021.03.01-15.10.13:844][  0]LogConfig: Setting CVar [[r.HairStrands.SkyLighting.SampleCount:16]]
[2021.03.01-15.10.13:844][  0]LogConfig: Setting CVar [[r.HairStrands.SkyLighting.JitterIntegration:0]]
[2021.03.01-15.10.13:844][  0]LogConfig: Setting CVar [[r.HairStrands.SkyAO.SampleCount:16]]
[2021.03.01-15.10.13:844][  0]LogConfig: Setting CVar [[r.HairStrands.DeepShadow.SuperSampling:0]]
[2021.03.01-15.10.13:844][  0]LogConfig: Setting CVar [[r.HairStrands.VisibilityPPLL:0]]
[2021.03.01-15.10.13:844][  0]LogConfig: Setting CVar [[r.HairStrands.RasterizationScale:0.5]]
[2021.03.01-15.10.13:844][  0]LogConfig: Setting CVar [[r.HairStrands.VelocityRasterizationScale:1]]
[2021.03.01-15.10.13:844][  0]LogConfig: Applying CVar settings from Section [Startup] File [../../../Engine/Config/ConsoleVariables.ini]
[2021.03.01-15.10.13:844][  0]LogConfig: Setting CVar [[net.UseAdaptiveNetUpdateFrequency:0]]
[2021.03.01-15.10.13:844][  0]LogConfig: Setting CVar [[p.chaos.AllowCreatePhysxBodies:1]]
[2021.03.01-15.10.13:844][  0]LogConfig: Setting CVar [[fx.SkipVectorVMBackendOptimizations:1]]
[2021.03.01-15.10.13:844][  0]LogConfig: Applying CVar settings from Section [ConsoleVariables] File [E:/Github/GEP/GEPProject/Saved/Config/Windows/Engine.ini]
[2021.03.01-15.10.13:844][  0]LogInit: Computer: DESKTOP-8MPSU4G
[2021.03.01-15.10.13:844][  0]LogInit: User: cathan
[2021.03.01-15.10.13:844][  0]LogInit: CPU Page size=4096, Cores=8
[2021.03.01-15.10.13:844][  0]LogInit: High frequency timer resolution =10.000000 MHz
[2021.03.01-15.10.13:844][  0]LogMemory: Memory total: Physical=15.9GB (16GB approx)
[2021.03.01-15.10.13:844][  0]LogMemory: Platform Memory Stats for Windows
[2021.03.01-15.10.13:844][  0]LogMemory: Process Physical Memory: 117.67 MB used, 117.68 MB peak
[2021.03.01-15.10.13:844][  0]LogMemory: Process Virtual Memory: 100.00 MB used, 100.00 MB peak
[2021.03.01-15.10.13:844][  0]LogMemory: Physical Memory: 13252.64 MB used,  3077.84 MB free, 16330.47 MB total
[2021.03.01-15.10.13:844][  0]LogMemory: Virtual Memory: 5188.85 MB used,  134212536.00 MB free, 134217728.00 MB total
[2021.03.01-15.10.13:851][  0]LogWindows: WindowsPlatformFeatures enabled
[2021.03.01-15.10.13:914][  0]LogInit: Physics initialised using underlying interface: PhysX
[2021.03.01-15.10.13:916][  0]LogInit: Using OS detected language (en-GB).
[2021.03.01-15.10.13:916][  0]LogInit: Using OS detected locale (en-GB).
[2021.03.01-15.10.13:918][  0]LogTextLocalizationManager: No specific localization for 'en-GB' exists, so the 'en' localization will be used.
[2021.03.01-15.10.14:115][  0]LogInit: Setting process to per monitor DPI aware
[2021.03.01-15.10.14:162][  0]LogSlate: New Slate User Created.  User Index 0, Is Virtual User: 0
[2021.03.01-15.10.14:162][  0]LogSlate: Slate User Registered.  User Index 0, Is Virtual User: 0
[2021.03.01-15.10.14:450][  0]LogHMD: Failed to initialize OpenVR with code 110
[2021.03.01-15.10.14:450][  0]LogD3D11RHI: D3D11 min allowed feature level: 11_0
[2021.03.01-15.10.14:450][  0]LogD3D11RHI: D3D11 max allowed feature level: 11_0
[2021.03.01-15.10.14:450][  0]LogD3D11RHI: D3D11 adapters:
[2021.03.01-15.10.14:581][  0]LogD3D11RHI:    0. 'NVIDIA GeForce RTX 2060' (Feature Level 11_0)
[2021.03.01-15.10.14:581][  0]LogD3D11RHI:       5980/0/8165 MB DedicatedVideo/DedicatedSystem/SharedSystem, Outputs:2, VendorId:0x10de
[2021.03.01-15.10.14:585][  0]LogD3D11RHI:    1. 'Microsoft Basic Render Driver' (Feature Level 11_0)
[2021.03.01-15.10.14:585][  0]LogD3D11RHI:       0/0/8165 MB DedicatedVideo/DedicatedSystem/SharedSystem, Outputs:0, VendorId:0x1414
[2021.03.01-15.10.14:585][  0]LogD3D11RHI: Chosen D3D11 Adapter: 0
[2021.03.01-15.10.14:597][  0]LogD3D11RHI: Creating new Direct3DDevice
[2021.03.01-15.10.14:597][  0]LogD3D11RHI:     GPU DeviceId: 0x1f08 (for the marketing name, search the web for "GPU Device Id")
[2021.03.01-15.10.14:597][  0]LogWindows: EnumDisplayDevices:
[2021.03.01-15.10.14:597][  0]LogWindows:    0. 'NVIDIA GeForce RTX 2060' (P:1 D:1)
[2021.03.01-15.10.14:598][  0]LogWindows:    1. 'NVIDIA GeForce RTX 2060' (P:0 D:1)
[2021.03.01-15.10.14:598][  0]LogWindows:    2. 'NVIDIA GeForce RTX 2060' (P:0 D:0)
[2021.03.01-15.10.14:598][  0]LogWindows:    3. 'NVIDIA GeForce RTX 2060' (P:0 D:0)
[2021.03.01-15.10.14:598][  0]LogWindows: DebugString: FoundDriverCount:4 
[2021.03.01-15.10.14:598][  0]LogD3D11RHI:     Adapter Name: NVIDIA GeForce RTX 2060
[2021.03.01-15.10.14:598][  0]LogD3D11RHI:   Driver Version: 460.79 (internal:27.21.14.6079, unified:460.79)
[2021.03.01-15.10.14:598][  0]LogD3D11RHI:      Driver Date: 12-3-2020
[2021.03.01-15.10.14:598][  0]LogRHI: Texture pool is 4186 MB (70% of 5980 MB)
[2021.03.01-15.10.14:691][  0]LogD3D11RHI: RHI has support for 64 bit atomics
[2021.03.01-15.10.14:691][  0]LogD3D11RHI: Async texture creation enabled
[2021.03.01-15.10.14:691][  0]LogD3D11RHI: Array index from any shader is supported
[2021.03.01-15.10.14:727][  0]LogD3D11RHI: GPU Timing Frequency: 1000.000000 (Debug: 2 1)
[2021.03.01-15.10.15:033][  0]LogTargetPlatformManager: Display: Loaded TargetPlatform 'AllDesktop'
[2021.03.01-15.10.15:060][  0]LogTargetPlatformManager: Display: Loaded TargetPlatform 'Android'
[2021.03.01-15.10.15:060][  0]LogTargetPlatformManager: Display: Loaded TargetPlatform 'Android_ASTC'
[2021.03.01-15.10.15:060][  0]LogTargetPlatformManager: Display: Loaded TargetPlatform 'Android_DXT'
[2021.03.01-15.10.15:060][  0]LogTargetPlatformManager: Display: Loaded TargetPlatform 'Android_ETC2'
[2021.03.01-15.10.15:060][  0]LogTargetPlatformManager: Display: Loaded TargetPlatform 'AndroidClient'
[2021.03.01-15.10.15:060][  0]LogTargetPlatformManager: Display: Loaded TargetPlatform 'Android_ASTCClient'
[2021.03.01-15.10.15:060][  0]LogTargetPlatformManager: Display: Loaded TargetPlatform 'Android_DXTClient'
[2021.03.01-15.10.15:060][  0]LogTargetPlatformManager: Display: Loaded TargetPlatform 'Android_ETC2Client'
[2021.03.01-15.10.15:060][  0]LogTargetPlatformManager: Display: Loaded TargetPlatform 'Android_Multi'
[2021.03.01-15.10.15:060][  0]LogTargetPlatformManager: Display: Loaded TargetPlatform 'Android_MultiClient'
[2021.03.01-15.10.15:090][  0]LogTargetPlatformManager: Display: Loaded TargetPlatform 'IOSClient'
[2021.03.01-15.10.15:090][  0]LogTargetPlatformManager: Display: Loaded TargetPlatform 'IOS'
[2021.03.01-15.10.15:101][  0]LogTargetPlatformManager: Display: Loaded TargetPlatform 'Linux'
[2021.03.01-15.10.15:114][  0]LogTargetPlatformManager: Display: Loaded TargetPlatform 'LinuxNoEditor'
[2021.03.01-15.10.15:127][  0]LogTargetPlatformManager: Display: Loaded TargetPlatform 'LinuxClient'
[2021.03.01-15.10.15:140][  0]LogTargetPlatformManager: Display: Loaded TargetPlatform 'LinuxServer'
[2021.03.01-15.10.15:151][  0]LogTargetPlatformManager: Display: Loaded TargetPlatform 'LinuxAArch64NoEditor'
[2021.03.01-15.10.15:162][  0]LogTargetPlatformManager: Display: Loaded TargetPlatform 'LinuxAArch64Client'
[2021.03.01-15.10.15:173][  0]LogTargetPlatformManager: Display: Loaded TargetPlatform 'LinuxAArch64Server'
[2021.03.01-15.10.15:203][  0]LogTargetPlatformManager: Display: Loaded TargetPlatform 'Lumin'
[2021.03.01-15.10.15:203][  0]LogTargetPlatformManager: Display: Loaded TargetPlatform 'LuminClient'
[2021.03.01-15.10.15:221][  0]LogTargetPlatformManager: Display: Loaded TargetPlatform 'TVOSClient'
[2021.03.01-15.10.15:221][  0]LogTargetPlatformManager: Display: Loaded TargetPlatform 'TVOS'
[2021.03.01-15.10.15:232][  0]LogTargetPlatformManager: Display: Loaded TargetPlatform 'WindowsNoEditor'
[2021.03.01-15.10.15:246][  0]LogTargetPlatformManager: Display: Loaded TargetPlatform 'Windows'
[2021.03.01-15.10.15:259][  0]LogTargetPlatformManager: Display: Loaded TargetPlatform 'WindowsClient'
[2021.03.01-15.10.15:269][  0]LogTargetPlatformManager: Display: Loaded TargetPlatform 'WindowsServer'
[2021.03.01-15.10.15:269][  0]LogTargetPlatformManager: Display: Building Assets For Windows
[2021.03.01-15.10.15:281][  0]LogAudioDebug: Display: Lib vorbis DLL was dynamically loaded.
[2021.03.01-15.10.15:358][  0]LogShaderCompilers: Guid format shader working directory is 10 characters bigger than the processId version (../../../../../Github/GEP/GEPProject/Intermediate/Shaders/WorkingDirectory/26784/).
[2021.03.01-15.10.15:359][  0]LogShaderCompilers: Cleaned the shader compiler working directory 'C:/Users/cathan/AppData/Local/Temp/UnrealShaderWorkingDir/44769186479CBE93ABA0C6A6B70396CE/'.
[2021.03.01-15.10.15:359][  0]LogXGEController: Cleaning working directory: C:/Users/cathan/AppData/Local/Temp/UnrealXGEWorkingDir/
[2021.03.01-15.10.15:359][  0]LogXGEController: Cannot use XGE Controller as Incredibuild is not installed on this machine.
[2021.03.01-15.10.15:360][  0]LogShaderCompilers: Cannot use XGE Shader Compiler as Incredibuild is not installed on this machine.
[2021.03.01-15.10.15:360][  0]LogShaderCompilers: Display: Using Local Shader Compiler.
[2021.03.01-15.10.16:163][  0]LogDerivedDataCache: Display: Max Cache Size: 512 MB
[2021.03.01-15.10.16:229][  0]LogDerivedDataCache: Loaded boot cache 0.07s 77MB C:/Users/cathan/AppData/Local/UnrealEngine/4.25/DerivedDataCache/Boot.ddc.
[2021.03.01-15.10.16:229][  0]LogDerivedDataCache: Display: Loaded Boot cache: C:/Users/cathan/AppData/Local/UnrealEngine/4.25/DerivedDataCache/Boot.ddc
[2021.03.01-15.10.16:229][  0]LogDerivedDataCache: FDerivedDataBackendGraph:  Pak pak cache file ../../../../../Github/GEP/GEPProject/DerivedDataCache/DDC.ddp not found, will not use a pak cache.
[2021.03.01-15.10.16:229][  0]LogDerivedDataCache: Unable to find inner node Pak for hierarchical cache Hierarchy.
[2021.03.01-15.10.16:229][  0]LogDerivedDataCache: FDerivedDataBackendGraph:  CompressedPak pak cache file ../../../../../Github/GEP/GEPProject/DerivedDataCache/Compressed.ddp not found, will not use a pak cache.
[2021.03.01-15.10.16:229][  0]LogDerivedDataCache: Unable to find inner node CompressedPak for hierarchical cache Hierarchy.
[2021.03.01-15.10.16:241][  0]LogDerivedDataCache: Display: Pak cache opened for reading ../../../Engine/DerivedDataCache/Compressed.ddp.
[2021.03.01-15.10.16:241][  0]LogDerivedDataCache: FDerivedDataBackendGraph:  EnterprisePak pak cache file ../../../Enterprise/DerivedDataCache/Compressed.ddp not found, will not use a pak cache.
[2021.03.01-15.10.16:241][  0]LogDerivedDataCache: Unable to find inner node EnterprisePak for hierarchical cache Hierarchy.
[2021.03.01-15.10.16:243][  0]LogDerivedDataCache: Using Local data cache path C:/Users/cathan/AppData/Local/UnrealEngine/Common/DerivedDataCache: Writable
[2021.03.01-15.10.16:243][  0]LogDerivedDataCache: Shared data cache path not found in *engine.ini, will not use an Shared cache.
[2021.03.01-15.10.16:243][  0]LogDerivedDataCache: Unable to find inner node Shared for hierarchical cache Hierarchy.
[2021.03.01-15.10.16:299][  0]LogSlate: Using FreeType 2.10.0
[2021.03.01-15.10.16:300][  0]LogSlate: SlateFontServices - WITH_FREETYPE: 1, WITH_HARFBUZZ: 1
[2021.03.01-15.10.16:327][  0]LogAssetRegistry: FAssetRegistry took 0.0026 seconds to start up
[2021.03.01-15.10.16:610][  0]LogInit: Selected Device Profile: [Windows]
[2021.03.01-15.10.16:734][  0]LogMeshReduction: Using QuadricMeshReduction for automatic static mesh reduction
[2021.03.01-15.10.16:734][  0]LogMeshReduction: Using SimplygonMeshReduction for automatic skeletal mesh reduction
[2021.03.01-15.10.16:734][  0]LogMeshReduction: Using ProxyLODMeshReduction for automatic mesh merging
[2021.03.01-15.10.16:734][  0]LogMeshReduction: No distributed automatic mesh merging module available
[2021.03.01-15.10.16:734][  0]LogMeshMerging: No distributed automatic mesh merging module available
[2021.03.01-15.10.16:753][  0]LogNetVersion: GEPProject 1.0.0, NetCL: 13144385, EngineNetVer: 14, GameNetVer: 0 (Checksum: 386946200)
[2021.03.01-15.10.17:236][  0]LogAISub: UAISubsystem::UAISubsystem AISubsystem (000001EA3E758380), frame # 0
[2021.03.01-15.10.17:236][  0]LogAISub: UAISubsystem::UAISubsystem AIPerceptionSystem (000001EA3E68EAC0), frame # 0
[2021.03.01-15.10.17:238][  0]LogAISub: UAISubsystem::UAISubsystem EnvQueryManager (000001EA3E710800), frame # 0
[2021.03.01-15.10.17:322][  0]LogPackageLocalizationCache: Processed 19 localized package path(s) for 1 prioritized culture(s) in 0.075580 seconds
[2021.03.01-15.10.17:327][  0]LogUObjectArray: 15917 objects as part of root set at end of initial load.
[2021.03.01-15.10.17:327][  0]LogUObjectAllocator: 3965568 out of 0 bytes used by permanent object pool.
[2021.03.01-15.10.17:327][  0]LogUObjectArray: CloseDisregardForGC: 0/0 objects in disregard for GC pool
[2021.03.01-15.10.17:817][  0]LogTcpMessaging: Initializing TcpMessaging bridge
[2021.03.01-15.10.17:823][  0]LogUdpMessaging: Initializing bridge on interface 0.0.0.0:0 to multicast group 230.0.0.1:6666.
[2021.03.01-15.10.18:035][  0]SourceControl: Source control is disabled
[2021.03.01-15.10.18:036][  0]SourceControl: Source control is disabled
[2021.03.01-15.10.18:040][  0]SourceControl: Source control is disabled
[2021.03.01-15.10.18:044][  0]SourceControl: Source control is disabled
[2021.03.01-15.10.18:059][  0]SourceControl: Source control is disabled
[2021.03.01-15.10.18:378][  0]LogAndroidPermission: UAndroidPermissionCallbackProxy::GetInstance
[2021.03.01-15.10.18:407][  0]LogAudioCaptureCore: Display: No Audio Capture implementations found. Audio input will be silent.
[2021.03.01-15.10.18:407][  0]LogAudioCaptureCore: Display: No Audio Capture implementations found. Audio input will be silent.
[2021.03.01-15.10.18:471][  0]LogOcInput: OculusInput pre-init called
[2021.03.01-15.10.18:485][  0]LogWindows: Failed to load 'OVRPlugin.dll' (GetLastError=126)
[2021.03.01-15.10.18:485][  0]LogWindows: File 'OVRPlugin.dll' does not exist
[2021.03.01-15.10.18:556][  0]LogEngine: Initializing Engine...
[2021.03.01-15.10.18:558][  0]LogHMD: Failed to initialize OpenVR with code 110
[2021.03.01-15.10.18:558][  0]LogMagicLeap: Warning: VR disabled because ZI is not enabled.  To enable, in the editor, Edit -> Project Settings -> Plugins -> Magic Leap Plugin -> Enable Zero Iteration
[2021.03.01-15.10.18:559][  0]LogStats: UGameplayTagsManager::InitializeManager -  0.000 s
[2021.03.01-15.10.18:749][  0]LogInit: Initializing FReadOnlyCVARCache
[2021.03.01-15.10.18:763][  0]LogAIModule: Creating AISystem for world Untitled
[2021.03.01-15.10.18:763][  0]LogAISub: UAISubsystem::UAISubsystem EnvQueryManager (000001EA46983C00), frame # 0
[2021.03.01-15.10.18:763][  0]LogAISub: UAISubsystem::UAISubsystem AIPerceptionSystem (000001EA469BA840), frame # 0
[2021.03.01-15.10.18:770][  0]LogAudioMixer: Display: Audio Mixer Platform Settings:
[2021.03.01-15.10.18:770][  0]LogAudioMixer: Display: 	Sample Rate:						  48000
[2021.03.01-15.10.18:770][  0]LogAudioMixer: Display: 	Callback Buffer Frame Size Requested: 1024
[2021.03.01-15.10.18:770][  0]LogAudioMixer: Display: 	Callback Buffer Frame Size To Use:	  1024
[2021.03.01-15.10.18:770][  0]LogAudioMixer: Display: 	Number of buffers to queue:			  2
[2021.03.01-15.10.18:770][  0]LogAudioMixer: Display: 	Max Channels (voices):				  32
[2021.03.01-15.10.18:770][  0]LogAudioMixer: Display: 	Number of Async Source Workers:		  0
[2021.03.01-15.10.18:770][  0]LogAudio: Display: AudioDevice MaxSources: 32
[2021.03.01-15.10.18:770][  0]LogAudio: Display: Using built-in audio occlusion.
[2021.03.01-15.10.18:770][  0]LogAudioMixer: Display: Initializing audio mixer.
[2021.03.01-15.10.18:791][  0]LogAudioMixer: Display: 0: FrontLeft
[2021.03.01-15.10.18:791][  0]LogAudioMixer: Display: 1: FrontRight
[2021.03.01-15.10.18:843][  0]LogAudioMixer: Display: Using Audio Device OUT 1-2 (BEHRINGER UMC 202HD 192k)
[2021.03.01-15.10.18:844][  0]LogAudioMixer: Display: Initializing Sound Submixes...
[2021.03.01-15.10.18:847][  0]LogAudioMixer: Display: Creating Master Submix 'MasterSubmixDefault'
[2021.03.01-15.10.18:847][  0]LogAudioMixer: Display: Creating Master Submix 'MasterReverbSubmixDefault'
[2021.03.01-15.10.18:849][  0]LogAudioMixer: Display: Creating Master Submix 'MasterEQSubmixDefault'
[2021.03.01-15.10.18:851][  0]LogInit: FAudioDevice initialized.
[2021.03.01-15.10.18:851][  0]LogNetVersion: Set ProjectVersion to 1.0.0.0. Version Checksum will be recalculated on next use.
[2021.03.01-15.10.18:965][  0]LogDerivedDataCache: Saved boot cache 0.11s 77MB C:/Users/cathan/AppData/Local/UnrealEngine/4.25/DerivedDataCache/Boot.ddc.
[2021.03.01-15.10.18:973][  0]LogInit: Texture streaming: Enabled
[2021.03.01-15.10.19:003][  0]LogEngineSessionManager: EngineSessionManager initialized
[2021.03.01-15.10.19:003][  0]LogEditorSessionSummary: Verbose: Initializing EditorSessionSummaryWriter for editor session tracking
[2021.03.01-15.10.19:007][  0]LogEditorSessionSummary: EditorSessionSummaryWriter initialized
[2021.03.01-15.10.19:110][  0]LogInit: Transaction tracking system initialized
[2021.03.01-15.10.19:146][  0]BlueprintLog: New page: Editor Load
[2021.03.01-15.10.19:252][  0]LocalizationService: Localization service is disabled
[2021.03.01-15.10.19:454][  0]LogCook: Display: Max memory allowance for cook 16384mb min free memory 0mb
[2021.03.01-15.10.19:454][  0]LogCook: Display: Mobile HDR setting 1
[2021.03.01-15.10.19:621][  0]LogFileCache: Scanning file cache for directory 'E:/Github/GEP/GEPProject/Content/' took 0.01s
[2021.03.01-15.10.19:843][  0]SourceControl: Source control is disabled
[2021.03.01-15.10.19:844][  0]LogUnrealEdMisc: Loading editor; pre map load, took 8.284
[2021.03.01-15.10.19:844][  0]Cmd: MAP LOAD FILE="../../../../../Github/GEP/GEPProject/Content/FirstPersonCPP/Maps/FirstPersonExampleMap.umap" TEMPLATE=0 SHOWPROGRESS=1 FEATURELEVEL=3
[2021.03.01-15.10.19:844][  0]LightingResults: New page: Lighting Build
[2021.03.01-15.10.19:845][  0]LogWorld: UWorld::CleanupWorld for Untitled, bSessionEnded=true, bCleanupResources=true
[2021.03.01-15.10.19:845][  0]LogSlate: InvalidateAllWidgets triggered.  All widgets were invalidated
[2021.03.01-15.10.19:845][  0]MapCheck: New page: Map Check
[2021.03.01-15.10.19:845][  0]LightingResults: New page: Lighting Build
[2021.03.01-15.10.19:871][  0]LogAISub: UAISubsystem::~UAISubsystem EnvQueryManager (000001EA46983C00), frame # 0
[2021.03.01-15.10.19:871][  0]LogAISub: UAISubsystem::~UAISubsystem AIPerceptionSystem (000001EA469BA840), frame # 0
[2021.03.01-15.10.19:873][  0]LogUObjectHash: Compacting FUObjectHashTables data took   1.22ms
[2021.03.01-15.10.19:965][  0]LogAIModule: Creating AISystem for world FirstPersonExampleMap
[2021.03.01-15.10.19:965][  0]LogAISub: UAISubsystem::UAISubsystem EnvQueryManager (000001EA355FFE00), frame # 0
[2021.03.01-15.10.19:965][  0]LogAISub: UAISubsystem::UAISubsystem AIPerceptionSystem (000001EA43DA60C0), frame # 0
[2021.03.01-15.10.19:977][  0]LogEditorServer: Finished looking for orphan Actors (0.000 secs)
[2021.03.01-15.10.20:000][  0]LogUObjectHash: Compacting FUObjectHashTables data took   1.77ms
[2021.03.01-15.10.20:001][  0]Cmd: MAP CHECKDEP NOCLEARLOG
[2021.03.01-15.10.20:001][  0]MapCheck: Map check complete: 0 Error(s), 0 Warning(s), took 0.243ms to complete.
[2021.03.01-15.10.20:001][  0]LogFileHelpers: Loading map 'FirstPersonExampleMap' took 0.158
[2021.03.01-15.10.20:005][  0]LogUnrealEdMisc: Total Editor Startup Time, took 8.445
[2021.03.01-15.10.20:146][  0]LogSlate: Updating window title bar state: overlay mode, drag disabled, window buttons hidden, title bar hidden
[2021.03.01-15.10.20:155][  0]LogSlate: Updating window title bar state: overlay mode, drag disabled, window buttons hidden, title bar hidden
[2021.03.01-15.10.20:162][  0]LogSlate: Updating window title bar state: overlay mode, drag disabled, window buttons hidden, title bar hidden
[2021.03.01-15.10.20:170][  0]LogSlate: Updating window title bar state: overlay mode, drag disabled, window buttons hidden, title bar hidden
[2021.03.01-15.10.20:176][  0]LogCollectionManager: Loaded 0 collections in 0.000954 seconds
[2021.03.01-15.10.20:196][  0]LogFileCache: Scanning file cache for directory 'E:/Github/GEP/GEPProject/Saved/Collections/' took 0.00s
[2021.03.01-15.10.20:197][  0]LogFileCache: Scanning file cache for directory 'E:/Github/GEP/GEPProject/Content/Developers/cathan/Collections/' took 0.00s
[2021.03.01-15.10.20:197][  0]LogFileCache: Scanning file cache for directory 'E:/Github/GEP/GEPProject/Content/Collections/' took 0.00s
[2021.03.01-15.10.20:197][  0]LogContentBrowser: Native class hierarchy populated in 0.0130 seconds. Added 3439 classes and 825 folders.
[2021.03.01-15.10.20:201][  0]LogContentBrowser: Native class hierarchy updated for 'WidgetCarousel' in 0.0006 seconds. Added 0 classes and 0 folders.
[2021.03.01-15.10.20:314][  0]LogContentBrowser: Native class hierarchy updated for 'AddContentDialog' in 0.0005 seconds. Added 0 classes and 0 folders.
[2021.03.01-15.10.20:316][  0]LogContentBrowser: Native class hierarchy updated for 'SceneOutliner' in 0.0005 seconds. Added 2 classes and 0 folders.
[2021.03.01-15.10.20:344][  0]LogSlate: Took 0.000375 seconds to synchronously load lazily loaded font '../../../Engine/Content/Slate/Fonts/Roboto-Regular.ttf' (155K)
[2021.03.01-15.10.20:348][  0]LogSlate: Took 0.000848 seconds to synchronously load lazily loaded font '../../../Engine/Content/Slate/Fonts/Roboto-Bold.ttf' (160K)
[2021.03.01-15.10.20:354][  0]LogSlate: Took 0.000455 seconds to synchronously load lazily loaded font '../../../Engine/Content/Editor/Slate/Fonts/FontAwesome.ttf' (139K)
[2021.03.01-15.10.20:447][  0]LogRenderer: Reallocating scene render targets to support 1208x572 Format 10 NumSamples 1 (Frame:1).
[2021.03.01-15.10.20:508][  0]LogSlate: Took 0.000288 seconds to synchronously load lazily loaded font '../../../Engine/Content/Slate/Fonts/Roboto-Light.ttf' (167K)
[2021.03.01-15.10.20:555][  0]LogContentBrowser: Native class hierarchy updated for 'HierarchicalLODOutliner' in 0.0006 seconds. Added 0 classes and 0 folders.
[2021.03.01-15.10.20:555][  0]LogLoad: (Engine Initialization) Total time: 9.00 seconds
[2021.03.01-15.10.20:555][  0]LogLoad: (Engine Initialization) Total Blueprint compile time: 0.00 seconds
[2021.03.01-15.10.20:600][  0]LogActor: Warning: BP_TestBlock_C /Engine/Transient.World_0:PersistentLevel.BP_TestBlock_C_0 has natively added scene component(s), but none of them were set as the actor's RootComponent - picking one arbitrarily
[2021.03.01-15.10.20:629][  0]LogAssetRegistry: Asset discovery search completed in 4.3032 seconds
[2021.03.01-15.10.20:633][  0]LogCollectionManager: Fixed up redirectors for 0 collections in 0.000002 seconds (updated 0 objects)
[2021.03.01-15.10.20:634][  0]LogContentStreaming: Texture pool size now 1000 MB
[2021.03.01-15.11.45:496][354]LogSlate: Took 0.000220 seconds to synchronously load lazily loaded font '../../../Engine/Content/Slate/Fonts/Roboto-Light.ttf' (167K)
[2021.03.01-15.11.56:701][606]LogSlate: Window 'Project Settings' being destroyed
[2021.03.01-15.11.56:707][606]LogSlate: Window 'Project Settings' being destroyed
[2021.03.01-15.11.57:351][674]LogUObjectHash: Compacting FUObjectHashTables data took   0.65ms
[2021.03.01-15.11.57:451][674]LogSlate: Window 'GEPProject - Unreal Editor' being destroyed
[2021.03.01-15.11.57:452][674]LogWindowsTextInputMethodSystem: Display: IME system now deactivated.
[2021.03.01-15.11.57:577][675]Cmd: QUIT_EDITOR
[2021.03.01-15.11.57:577][675]LogCore: Engine exit requested (reason: UUnrealEdEngine::CloseEditor())
[2021.03.01-15.11.57:587][675]LogCore: Engine exit requested (reason: EngineExit() was called; note: exit was already requested)
[2021.03.01-15.11.57:620][675]LogExit: Preparing to exit.
[2021.03.01-15.11.58:071][675]LogActorComponent: UnregisterComponent: (None.None) Not registered. Aborting.
[2021.03.01-15.11.58:071][675]LogActorComponent: UnregisterComponent: (None.None) Not registered. Aborting.
[2021.03.01-15.11.58:071][675]LogWorld: UWorld::CleanupWorld for World_0, bSessionEnded=true, bCleanupResources=true
[2021.03.01-15.11.58:071][675]LogActorComponent: UnregisterComponent: (None.None) Not registered. Aborting.
[2021.03.01-15.11.58:071][675]LogActorComponent: UnregisterComponent: (None.None) Not registered. Aborting.
[2021.03.01-15.11.58:072][675]LogActorComponent: UnregisterComponent: (None.None) Not registered. Aborting.
[2021.03.01-15.11.58:072][675]LogActorComponent: UnregisterComponent: (None.None) Not registered. Aborting.
[2021.03.01-15.11.58:072][675]LogActorComponent: UnregisterComponent: (None.None) Not registered. Aborting.
[2021.03.01-15.11.58:072][675]LogActorComponent: UnregisterComponent: (None.None) Not registered. Aborting.
[2021.03.01-15.11.58:072][675]LogActorComponent: UnregisterComponent: (None.None) Not registered. Aborting.
[2021.03.01-15.11.58:072][675]LogWorld: UWorld::CleanupWorld for None, bSessionEnded=true, bCleanupResources=true
[2021.03.01-15.11.58:083][675]LogDemo: Cleaned up 0 splitscreen connections with owner deletion
[2021.03.01-15.11.58:093][675]LogWorld: UWorld::CleanupWorld for None, bSessionEnded=true, bCleanupResources=true
[2021.03.01-15.11.58:093][675]LogExit: Editor shut down
[2021.03.01-15.11.58:093][675]LogExit: Transaction tracking system shut down
[2021.03.01-15.11.58:202][675]LogAISub: UAISubsystem::~UAISubsystem AISubsystem (000001EA3E758380), frame # 6675
[2021.03.01-15.11.58:202][675]LogAISub: UAISubsystem::~UAISubsystem AIPerceptionSystem (000001EA3E68EAC0), frame # 6675
[2021.03.01-15.11.58:203][675]LogAISub: UAISubsystem::~UAISubsystem EnvQueryManager (000001EA3E710800), frame # 6675
[2021.03.01-15.11.58:207][675]LogAISub: UAISubsystem::~UAISubsystem EnvQueryManager (000001EA355FFE00), frame # 6675
[2021.03.01-15.11.58:207][675]LogAISub: UAISubsystem::~UAISubsystem AIPerceptionSystem (000001EA43DA60C0), frame # 6675
[2021.03.01-15.11.58:237][675]LogExit: Object subsystem successfully closed.
[2021.03.01-15.11.58:270][675]LogShaderCompilers: Display: Shaders left to compile 0
[2021.03.01-15.11.58:283][675]LogModuleManager: Shutting down and abandoning module ExternalImagePicker (804)
[2021.03.01-15.11.58:283][675]LogModuleManager: Shutting down and abandoning module HierarchicalLODOutliner (802)
[2021.03.01-15.11.58:283][675]LogModuleManager: Shutting down and abandoning module SceneOutliner (800)
[2021.03.01-15.11.58:283][675]LogModuleManager: Shutting down and abandoning module AddContentDialog (798)
[2021.03.01-15.11.58:284][675]LogModuleManager: Shutting down and abandoning module WidgetCarousel (797)
[2021.03.01-15.11.58:284][675]LogModuleManager: Shutting down and abandoning module EditorWidgets (794)
[2021.03.01-15.11.58:284][675]LogModuleManager: Shutting down and abandoning module CollectionManager (792)
[2021.03.01-15.11.58:284][675]LogModuleManager: Shutting down and abandoning module StatsViewer (790)
[2021.03.01-15.11.58:284][675]LogModuleManager: Shutting down and abandoning module VirtualTexturingEditor (788)
[2021.03.01-15.11.58:284][675]LogModuleManager: Shutting down and abandoning module FoliageEdit (786)
[2021.03.01-15.11.58:284][675]LogModuleManager: Shutting down and abandoning module LandscapeEditor (784)
[2021.03.01-15.11.58:284][675]LogModuleManager: Shutting down and abandoning module MeshPaintMode (782)
[2021.03.01-15.11.58:284][675]LogModuleManager: Shutting down and abandoning module SceneDepthPickerMode (780)
[2021.03.01-15.11.58:284][675]LogModuleManager: Shutting down and abandoning module ActorPickerMode (778)
[2021.03.01-15.11.58:284][675]LogModuleManager: Shutting down and abandoning module PIEPreviewDeviceProfileSelector (776)
[2021.03.01-15.11.58:284][675]LogModuleManager: Shutting down and abandoning module SequenceRecorderSections (774)
[2021.03.01-15.11.58:284][675]LogModuleManager: Shutting down and abandoning module AutomationWorker (772)
[2021.03.01-15.11.58:284][675]LogModuleManager: Shutting down and abandoning module SteamVREditor (770)
[2021.03.01-15.11.58:285][675]LogModuleManager: Shutting down and abandoning module OculusMR (768)
[2021.03.01-15.11.58:285][675]LogModuleManager: Shutting down and abandoning module GooglePADEditor (766)
[2021.03.01-15.11.58:285][675]LogModuleManager: Shutting down and abandoning module AudioCaptureEditor (764)
[2021.03.01-15.11.58:285][675]LogModuleManager: Shutting down and abandoning module TemplateSequenceEditor (762)
[2021.03.01-15.11.58:285][675]LogModuleManager: Shutting down and abandoning module MatineeToLevelSequence (760)
[2021.03.01-15.11.58:285][675]LogModuleManager: Shutting down and abandoning module LevelSequenceEditor (758)
[2021.03.01-15.11.58:285][675]LogModuleManager: Shutting down and abandoning module ActorSequenceEditor (756)
[2021.03.01-15.11.58:285][675]LogModuleManager: Shutting down and abandoning module WmfMediaFactory (754)
[2021.03.01-15.11.58:285][675]LogModuleManager: Shutting down and abandoning module WmfMediaEditor (752)
[2021.03.01-15.11.58:285][675]LogModuleManager: Shutting down and abandoning module WebMMediaFactory (750)
[2021.03.01-15.11.58:285][675]LogModuleManager: Shutting down and abandoning module WebMMediaEditor (748)
[2021.03.01-15.11.58:285][675]LogModuleManager: Shutting down and abandoning module WebMMedia (746)
[2021.03.01-15.11.58:285][675]LogModuleManager: Shutting down and abandoning module MediaPlayerEditor (744)
[2021.03.01-15.11.58:285][675]LogModuleManager: Shutting down and abandoning module MediaCompositingEditor (742)
[2021.03.01-15.11.58:285][675]LogModuleManager: Shutting down and abandoning module SequenceRecorder (741)
[2021.03.01-15.11.58:285][675]LogModuleManager: Shutting down and abandoning module OpenExrWrapper (738)
[2021.03.01-15.11.58:285][675]LogModuleManager: Shutting down and abandoning module ImgMediaFactory (736)
[2021.03.01-15.11.58:285][675]LogModuleManager: Shutting down and abandoning module ImgMediaEditor (734)
[2021.03.01-15.11.58:285][675]LogModuleManager: Shutting down and abandoning module AvfMediaFactory (732)
[2021.03.01-15.11.58:285][675]LogModuleManager: Shutting down and abandoning module AvfMediaEditor (730)
[2021.03.01-15.11.58:285][675]LogModuleManager: Shutting down and abandoning module AndroidMediaFactory (728)
[2021.03.01-15.11.58:285][675]LogModuleManager: Shutting down and abandoning module AndroidMediaEditor (726)
[2021.03.01-15.11.58:285][675]LogModuleManager: Shutting down and abandoning module MagicLeapMediaCodecFactory (724)
[2021.03.01-15.11.58:285][675]LogModuleManager: Shutting down and abandoning module MagicLeapMediaFactory (722)
[2021.03.01-15.11.58:285][675]LogModuleManager: Shutting down and abandoning module MagicLeapMediaEditor (720)
[2021.03.01-15.11.58:286][675]LogModuleManager: Shutting down and abandoning module PlanarCut (718)
[2021.03.01-15.11.58:286][675]LogModuleManager: Shutting down and abandoning module CharacterAI (716)
[2021.03.01-15.11.58:286][675]LogModuleManager: Shutting down and abandoning module TextureAlignMode (714)
[2021.03.01-15.11.58:286][675]LogModuleManager: Shutting down and abandoning module BspMode (712)
[2021.03.01-15.11.58:286][675]LogModuleManager: Shutting down and abandoning module PlacementMode (711)
[2021.03.01-15.11.58:286][675]LogModuleManager: Shutting down and abandoning module GeometryMode (708)
[2021.03.01-15.11.58:286][675]LogModuleManager: Shutting down and abandoning module CameraShakePreviewer (706)
[2021.03.01-15.11.58:286][675]LogModuleManager: Shutting down and abandoning module SmartSnapping (704)
[2021.03.01-15.11.58:286][675]LogModuleManager: Shutting down and abandoning module SessionServices (702)
[2021.03.01-15.11.58:286][675]LogModuleManager: Shutting down and abandoning module MeshPaint (700)
[2021.03.01-15.11.58:286][675]LogModuleManager: Shutting down and abandoning module ViewportSnapping (698)
[2021.03.01-15.11.58:286][675]LogModuleManager: Shutting down and abandoning module ViewportInteraction (696)
[2021.03.01-15.11.58:286][675]LogModuleManager: Shutting down and abandoning module ClothPainter (694)
[2021.03.01-15.11.58:286][675]LogModuleManager: Shutting down and abandoning module SkeletalMeshEditor (693)
[2021.03.01-15.11.58:286][675]LogModuleManager: Shutting down and abandoning module LogVisualizer (690)
[2021.03.01-15.11.58:286][675]LogModuleManager: Shutting down and abandoning module IntroTutorials (688)
[2021.03.01-15.11.58:286][675]LogModuleManager: Shutting down and abandoning module GameProjectGeneration (687)
[2021.03.01-15.11.58:286][675]LogModuleManager: Shutting down and abandoning module LuminPlatformEditor (684)
[2021.03.01-15.11.58:286][675]LogModuleManager: Shutting down and abandoning module IOSPlatformEditor (682)
[2021.03.01-15.11.58:286][675]LogModuleManager: Shutting down and abandoning module AndroidPlatformEditor (680)
[2021.03.01-15.11.58:286][675]LogModuleManager: Shutting down and abandoning module AndroidDeviceDetection (679)
[2021.03.01-15.11.58:377][675]LogModuleManager: Shutting down and abandoning module WindowsPlatformEditor (676)
[2021.03.01-15.11.58:377][675]LogModuleManager: Shutting down and abandoning module LuminRuntimeSettings (674)
[2021.03.01-15.11.58:377][675]LogModuleManager: Shutting down and abandoning module IOSRuntimeSettings (672)
[2021.03.01-15.11.58:378][675]LogModuleManager: Shutting down and abandoning module AndroidRuntimeSettings (670)
[2021.03.01-15.11.58:378][675]LogModuleManager: Shutting down and abandoning module TraceInsights (668)
[2021.03.01-15.11.58:382][675]LogModuleManager: Shutting down and abandoning module TraceServices (667)
[2021.03.01-15.11.58:384][675]LogModuleManager: Shutting down and abandoning module EditorInteractiveToolsFramework (664)
[2021.03.01-15.11.58:384][675]LogModuleManager: Shutting down and abandoning module TimeManagementEditor (662)
[2021.03.01-15.11.58:384][675]LogModuleManager: Shutting down and abandoning module InputBindingEditor (660)
[2021.03.01-15.11.58:385][675]LogModuleManager: Shutting down and abandoning module MergeActors (658)
[2021.03.01-15.11.58:385][675]LogModuleManager: Shutting down and abandoning module LocalizationDashboard (656)
[2021.03.01-15.11.58:386][675]LogModuleManager: Shutting down and abandoning module LocalizationService (655)
[2021.03.01-15.11.58:387][675]LogModuleManager: Shutting down and abandoning module HardwareTargeting (652)
[2021.03.01-15.11.58:387][675]LogModuleManager: Shutting down and abandoning module DeviceProfileEditor (650)
[2021.03.01-15.11.58:387][675]LogModuleManager: Shutting down and abandoning module UndoHistory (648)
[2021.03.01-15.11.58:387][675]LogModuleManager: Shutting down and abandoning module XmlParser (646)
[2021.03.01-15.11.58:388][675]LogModuleManager: Shutting down and abandoning module Blutility (644)
[2021.03.01-15.11.58:388][675]LogModuleManager: Shutting down and abandoning module ProjectSettingsViewer (642)
[2021.03.01-15.11.58:388][675]LogModuleManager: Shutting down and abandoning module ProjectTargetPlatformEditor (641)
[2021.03.01-15.11.58:389][675]LogModuleManager: Shutting down and abandoning module EditorSettingsViewer (638)
[2021.03.01-15.11.58:389][675]LogModuleManager: Shutting down and abandoning module SettingsEditor (636)
[2021.03.01-15.11.58:389][675]LogModuleManager: Shutting down and abandoning module ProjectLauncher (634)
[2021.03.01-15.11.58:390][675]LogModuleManager: Shutting down and abandoning module SessionFrontend (632)
[2021.03.01-15.11.58:390][675]LogModuleManager: Shutting down and abandoning module ProfilerClient (630)
[2021.03.01-15.11.58:390][675]LogModuleManager: Shutting down and abandoning module DeviceManager (628)
[2021.03.01-15.11.58:392][675]LogModuleManager: Shutting down and abandoning module TargetDeviceServices (627)
[2021.03.01-15.11.58:423][675]LogModuleManager: Shutting down and abandoning module AutomationController (624)
[2021.03.01-15.11.58:424][675]LogModuleManager: Shutting down and abandoning module AutomationWindow (622)
[2021.03.01-15.11.58:425][675]LogModuleManager: Shutting down and abandoning module Layers (620)
[2021.03.01-15.11.58:427][675]LogModuleManager: Shutting down and abandoning module ComponentVisualizers (618)
[2021.03.01-15.11.58:427][675]LogModuleManager: Shutting down and abandoning module DetailCustomizations (616)
[2021.03.01-15.11.58:427][675]LogModuleManager: Shutting down and abandoning module PackagesDialog (614)
[2021.03.01-15.11.58:428][675]LogModuleManager: Shutting down and abandoning module AnimationBlueprintEditor (612)
[2021.03.01-15.11.58:431][675]LogModuleManager: Shutting down and abandoning module Persona (610)
[2021.03.01-15.11.58:432][675]LogModuleManager: Shutting down and abandoning module AdvancedPreviewScene (609)
[2021.03.01-15.11.58:433][675]LogModuleManager: Shutting down and abandoning module AnimGraph (607)
[2021.03.01-15.11.58:433][675]LogModuleManager: Shutting down and abandoning module Kismet (604)
[2021.03.01-15.11.58:434][675]LogModuleManager: Shutting down and abandoning module KismetWidgets (603)
[2021.03.01-15.11.58:435][675]LogModuleManager: Shutting down and abandoning module GraphEditor (600)
[2021.03.01-15.11.58:436][675]LogModuleManager: Shutting down and abandoning module StructViewer (598)
[2021.03.01-15.11.58:436][675]LogModuleManager: Shutting down and abandoning module ClassViewer (596)
[2021.03.01-15.11.58:438][675]LogModuleManager: Shutting down and abandoning module Toolbox (594)
[2021.03.01-15.11.58:438][675]LogModuleManager: Shutting down and abandoning module ModuleUI (592)
[2021.03.01-15.11.58:438][675]LogModuleManager: Shutting down and abandoning module OutputLog (590)
[2021.03.01-15.11.58:439][675]LogModuleManager: Shutting down and abandoning module GammaUI (588)
[2021.03.01-15.11.58:440][675]LogModuleManager: Shutting down and abandoning module Documentation (586)
[2021.03.01-15.11.58:440][675]LogModuleManager: Shutting down and abandoning module LiveCoding (584)
[2021.03.01-15.11.58:441][675]LogModuleManager: Shutting down and abandoning module LevelSequence (582)
[2021.03.01-15.11.58:441][675]LogModuleManager: Shutting down and abandoning module MovieSceneTracks (580)
[2021.03.01-15.11.58:441][675]LogModuleManager: Shutting down and abandoning module MovieScene (578)
[2021.03.01-15.11.58:441][675]LogModuleManager: Shutting down and abandoning module StreamingPauseRendering (576)
[2021.03.01-15.11.58:442][675]LogModuleManager: Shutting down and abandoning module LauncherPlatform (574)
[2021.03.01-15.11.58:442][675]LogModuleManager: Shutting down and abandoning module AnalyticsET (572)
[2021.03.01-15.11.58:442][675]LogModuleManager: Shutting down and abandoning module PortalServices (570)
[2021.03.01-15.11.58:442][675]LogModuleManager: Shutting down and abandoning module PortalRpc (568)
[2021.03.01-15.11.58:442][675]LogModuleManager: Shutting down and abandoning module MessagingRpc (566)
[2021.03.01-15.11.58:442][675]LogModuleManager: Shutting down and abandoning module AudioMixerXAudio2 (564)
[2021.03.01-15.11.58:442][675]LogModuleManager: Shutting down and abandoning module AudioMixerCore (563)
[2021.03.01-15.11.58:442][675]LogModuleManager: Shutting down and abandoning module AIModule (560)
[2021.03.01-15.11.58:442][675]LogModuleManager: Shutting down and abandoning module GameplayDebugger (559)
[2021.03.01-15.11.58:442][675]LogModuleManager: Shutting down and abandoning module AITestSuite (557)
[2021.03.01-15.11.58:443][675]LogModuleManager: Shutting down and abandoning module NavigationSystem (555)
[2021.03.01-15.11.58:443][675]LogModuleManager: Shutting down and abandoning module ProfilerService (552)
[2021.03.01-15.11.58:605][675]LogModuleManager: Shutting down and abandoning module TaskGraph (550)
[2021.03.01-15.11.58:606][675]LogModuleManager: Shutting down and abandoning module ScreenshotTools (548)
[2021.03.01-15.11.58:606][675]LogModuleManager: Shutting down and abandoning module SynthesisEditor (546)
[2021.03.01-15.11.58:606][675]LogModuleManager: Shutting down and abandoning module Synthesis (544)
[2021.03.01-15.11.58:607][675]LogModuleManager: Shutting down and abandoning module ProceduralMeshComponentEditor (542)
[2021.03.01-15.11.58:607][675]LogModuleManager: Shutting down and abandoning module ProceduralMeshComponent (540)
[2021.03.01-15.11.58:608][675]LogModuleManager: Shutting down and abandoning module OculusEditor (538)
[2021.03.01-15.11.58:608][675]LogModuleManager: Shutting down and abandoning module OculusInput (536)
[2021.03.01-15.11.58:608][675]LogModuleManager: Shutting down and abandoning module MobilePatchingUtils (534)
[2021.03.01-15.11.58:608][675]LogModuleManager: Shutting down and abandoning module GooglePAD (532)
[2021.03.01-15.11.58:608][675]LogModuleManager: Shutting down and abandoning module EditableMesh (530)
[2021.03.01-15.11.58:609][675]LogModuleManager: Shutting down and abandoning module CustomMeshComponent (528)
[2021.03.01-15.11.58:609][675]LogModuleManager: Shutting down and abandoning module CableComponent (526)
[2021.03.01-15.11.58:609][675]LogModuleManager: Shutting down and abandoning module AudioCapture (524)
[2021.03.01-15.11.58:609][675]LogModuleManager: Shutting down and abandoning module AudioCaptureRtAudio (523)
[2021.03.01-15.11.58:610][675]LogModuleManager: Shutting down and abandoning module AssetTags (520)
[2021.03.01-15.11.58:610][675]LogModuleManager: Shutting down and abandoning module ArchVisCharacter (518)
[2021.03.01-15.11.58:610][675]LogModuleManager: Shutting down and abandoning module AppleImageUtilsBlueprintSupport (516)
[2021.03.01-15.11.58:610][675]LogModuleManager: Shutting down and abandoning module AppleImageUtils (514)
[2021.03.01-15.11.58:610][675]LogModuleManager: Shutting down and abandoning module AndroidPermission (512)
[2021.03.01-15.11.58:610][675]LogModuleManager: Shutting down and abandoning module NUTUnrealEngine4 (510)
[2021.03.01-15.11.58:610][675]LogModuleManager: Shutting down and abandoning module NetcodeUnitTest (508)
[2021.03.01-15.11.58:611][675]LogModuleManager: Shutting down and abandoning module TemplateSequence (506)
[2021.03.01-15.11.58:611][675]LogModuleManager: Shutting down and abandoning module MovieRenderPipelineEditor (504)
[2021.03.01-15.11.58:612][675]LogModuleManager: Shutting down and abandoning module MovieRenderPipelineRenderPasses (502)
[2021.03.01-15.11.58:613][675]LogModuleManager: Shutting down and abandoning module MovieRenderPipelineSettings (500)
[2021.03.01-15.11.58:613][675]LogModuleManager: Shutting down and abandoning module MovieRenderPipelineCore (498)
[2021.03.01-15.11.58:613][675]LogModuleManager: Shutting down and abandoning module ImageWriteQueue (497)
[2021.03.01-15.11.58:620][675]LogModuleManager: Shutting down and abandoning module MeshPaintingToolset (494)
[2021.03.01-15.11.58:621][675]LogModuleManager: Shutting down and abandoning module MeshPaintEditorMode (492)
[2021.03.01-15.11.58:622][675]LogModuleManager: Shutting down and abandoning module MediaCompositing (490)
[2021.03.01-15.11.58:622][675]LogModuleManager: Shutting down and abandoning module ImgMedia (488)
[2021.03.01-15.11.58:622][675]LogModuleManager: Shutting down and abandoning module MagicLeapSharedWorld (486)
[2021.03.01-15.11.58:622][675]LogModuleManager: Shutting down and abandoning module MagicLeapLightEstimation (484)
[2021.03.01-15.11.58:622][675]LogModuleManager: Shutting down and abandoning module MagicLeapHelperVulkan (482)
[2021.03.01-15.11.58:622][675]LogModuleManager: Shutting down and abandoning module MagicLeapHelperOpenGL (480)
[2021.03.01-15.11.58:622][675]LogModuleManager: Shutting down and abandoning module MagicLeapAudio (478)
[2021.03.01-15.11.58:623][675]LogModuleManager: Shutting down and abandoning module NiagaraEditorWidgets (476)
[2021.03.01-15.11.58:626][675]LogModuleManager: Shutting down and abandoning module MeshSolverUtilities (474)
[2021.03.01-15.11.58:626][675]LogModuleManager: Shutting down and abandoning module MeshConversion (472)
[2021.03.01-15.11.58:627][675]LogModuleManager: Shutting down and abandoning module DynamicMesh (470)
[2021.03.01-15.11.58:628][675]LogModuleManager: Shutting down and abandoning module GeometryAlgorithms (468)
[2021.03.01-15.11.58:628][675]LogModuleManager: Shutting down and abandoning module GeometricObjects (466)
[2021.03.01-15.11.58:628][675]LogModuleManager: Shutting down and abandoning module GeometryCollectionTracks (464)
[2021.03.01-15.11.58:628][675]LogModuleManager: Shutting down and abandoning module GeometryCollectionSequencer (463)
[2021.03.01-15.11.58:628][675]LogModuleManager: Shutting down and abandoning module GeometryCollectionEditor (460)
[2021.03.01-15.11.58:628][675]LogModuleManager: Shutting down and abandoning module GeometryCacheTracks (458)
[2021.03.01-15.11.58:628][675]LogModuleManager: Shutting down and abandoning module GeometryCacheSequencer (456)
[2021.03.01-15.11.58:628][675]LogModuleManager: Shutting down and abandoning module ChaosSolverEditor (454)
[2021.03.01-15.11.58:628][675]LogModuleManager: Shutting down and abandoning module ChaosNiagara (452)
[2021.03.01-15.11.58:628][675]LogModuleManager: Shutting down and abandoning module FractureEditor (450)
[2021.03.01-15.11.58:629][675]LogModuleManager: Shutting down and abandoning module ChaosClothEditor (448)
[2021.03.01-15.11.58:629][675]LogModuleManager: Shutting down and abandoning module ChaosCloth (446)
[2021.03.01-15.11.58:630][675]LogModuleManager: Shutting down and abandoning module BackChannel (444)
[2021.03.01-15.11.58:630][675]LogModuleManager: Shutting down and abandoning module AutomationUtilsEditor (442)
[2021.03.01-15.11.58:630][675]LogModuleManager: Shutting down and abandoning module AutomationUtils (440)
[2021.03.01-15.11.58:631][675]LogModuleManager: Shutting down and abandoning module AlembicImporter (438)
[2021.03.01-15.11.58:631][675]LogModuleManager: Shutting down and abandoning module AlembicLibrary (437)
[2021.03.01-15.11.58:631][675]LogModuleManager: Shutting down and abandoning module GeometryCache (436)
[2021.03.01-15.11.58:631][675]LogModuleManager: Shutting down and abandoning module GeometryCacheEd (435)
[2021.03.01-15.11.58:631][675]LogModuleManager: Shutting down and abandoning module VariantManagerContentEditor (430)
[2021.03.01-15.11.58:631][675]LogModuleManager: Shutting down and abandoning module DatasmithContentEditor (428)
[2021.03.01-15.11.58:632][675]LogModuleManager: Shutting down and abandoning module SpeedTreeImporter (426)
[2021.03.01-15.11.58:632][675]LogModuleManager: Shutting down and abandoning module PluginBrowser (424)
[2021.03.01-15.11.58:634][675]LogModuleManager: Shutting down and abandoning module MobileLauncherProfileWizard (422)
[2021.03.01-15.11.58:635][675]LogModuleManager: Shutting down and abandoning module MaterialAnalyzer (420)
[2021.03.01-15.11.58:636][675]LogModuleManager: Shutting down and abandoning module EditorScriptingUtilities (418)
[2021.03.01-15.11.58:636][675]LogModuleManager: Shutting down and abandoning module CurveEditorTools (416)
[2021.03.01-15.11.58:637][675]LogModuleManager: Shutting down and abandoning module CryptoKeysOpenSSL (414)
[2021.03.01-15.11.58:637][675]LogModuleManager: Shutting down and abandoning module CryptoKeys (412)
[2021.03.01-15.11.58:637][675]LogModuleManager: Shutting down and abandoning module VisualStudioSourceCodeAccess (410)
[2021.03.01-15.11.58:638][675]LogModuleManager: Shutting down and abandoning module VisualStudioCodeSourceCodeAccess (408)
[2021.03.01-15.11.58:638][675]LogModuleManager: Shutting down and abandoning module UObjectPlugin (406)
[2021.03.01-15.11.58:638][675]LogModuleManager: Shutting down and abandoning module SubversionSourceControl (404)
[2021.03.01-15.11.58:639][675]LogModuleManager: Shutting down and abandoning module RiderSourceCodeAccess (402)
[2021.03.01-15.11.58:639][675]LogModuleManager: Shutting down and abandoning module RiderGameControlExtension (400)
[2021.03.01-15.11.58:639][675]LogModuleManager: Shutting down and abandoning module RiderBlueprintExtension (398)
[2021.03.01-15.11.58:639][675]LogModuleManager: Shutting down and abandoning module PlasticSourceControl (396)
[2021.03.01-15.11.58:641][675]LogModuleManager: Shutting down and abandoning module PerforceSourceControl (394)
[2021.03.01-15.11.58:642][675]LogModuleManager: Shutting down and abandoning module GitSourceControl (392)
[2021.03.01-15.11.58:643][675]LogModuleManager: Shutting down and abandoning module SourceControl (391)
[2021.03.01-15.11.58:644][675]LogModuleManager: Shutting down and abandoning module CLionSourceCodeAccess (388)
[2021.03.01-15.11.58:645][675]LogModuleManager: Shutting down and abandoning module AnimationSharingEd (386)
[2021.03.01-15.11.58:645][675]LogModuleManager: Shutting down and abandoning module ActorLayerUtilitiesEditor (384)
[2021.03.01-15.11.58:645][675]LogModuleManager: Shutting down and abandoning module ActorLayerUtilities (382)
[2021.03.01-15.11.58:645][675]LogModuleManager: Shutting down and abandoning module LightPropagationVolumeEditor (380)
[2021.03.01-15.11.58:645][675]LogModuleManager: Shutting down and abandoning module PaperTiledImporter (378)
[2021.03.01-15.11.58:645][675]LogModuleManager: Shutting down and abandoning module PaperSpriteSheetImporter (376)
[2021.03.01-15.11.58:645][675]LogModuleManager: Shutting down and abandoning module Paper2DEditor (374)
[2021.03.01-15.11.58:647][675]LogModuleManager: Shutting down and abandoning module GEPProject (372)
[2021.03.01-15.11.58:647][675]LogModuleManager: Shutting down and abandoning module SoundFields (370)
[2021.03.01-15.11.58:647][675]LogModuleManager: Shutting down and abandoning module SignificanceManager (368)
[2021.03.01-15.11.58:647][675]LogModuleManager: Shutting down and abandoning module RuntimePhysXCooking (366)
[2021.03.01-15.11.58:647][675]LogModuleManager: Shutting down and abandoning module PhysXVehiclesEditor (364)
[2021.03.01-15.11.58:647][675]LogModuleManager: Shutting down and abandoning module LocationServicesBPLibrary (360)
[2021.03.01-15.11.58:647][675]LogModuleManager: Shutting down and abandoning module ActorSequence (358)
[2021.03.01-15.11.58:647][675]LogModuleManager: Shutting down and abandoning module UdpMessaging (356)
[2021.03.01-15.11.58:747][675]LogModuleManager: Shutting down and abandoning module TcpMessaging (354)
[2021.03.01-15.11.58:852][675]LogModuleManager: Shutting down and abandoning module MagicLeapARPin (352)
[2021.03.01-15.11.58:852][675]LogModuleManager: Shutting down and abandoning module MagicLeapHandMeshing (350)
[2021.03.01-15.11.58:852][675]LogModuleManager: Shutting down and abandoning module MagicLeapSecureStorage (348)
[2021.03.01-15.11.58:852][675]LogModuleManager: Shutting down and abandoning module MagicLeapPrivileges (346)
[2021.03.01-15.11.58:852][675]LogModuleManager: Shutting down and abandoning module MagicLeapPlanes (344)
[2021.03.01-15.11.58:852][675]LogMagicLeapPlanes: Planes tracker already destroyed.
[2021.03.01-15.11.58:853][675]LogModuleManager: Shutting down and abandoning module MagicLeapImageTracker (342)
[2021.03.01-15.11.58:853][675]LogModuleManager: Shutting down and abandoning module MagicLeapIdentity (340)
[2021.03.01-15.11.58:853][675]LogModuleManager: Shutting down and abandoning module MagicLeapHandTracking (338)
[2021.03.01-15.11.58:853][675]LogModuleManager: Shutting down and abandoning module MagicLeapEyeTracker (336)
[2021.03.01-15.11.58:853][675]LogModuleManager: Shutting down and abandoning module MagicLeapController (334)
[2021.03.01-15.11.58:854][675]LogSlate: Slate User Destroyed.  User Index 0, Is Virtual User: 0
[2021.03.01-15.11.58:854][675]LogModuleManager: Shutting down and abandoning module MagicLeapARPinImpl (332)
[2021.03.01-15.11.58:854][675]LogModuleManager: Shutting down and abandoning module MagicLeapAR (330)
[2021.03.01-15.11.58:854][675]LogModuleManager: Shutting down and abandoning module AugmentedReality (329)
[2021.03.01-15.11.58:855][675]LogModuleManager: Shutting down and abandoning module NiagaraAnimNotifies (326)
[2021.03.01-15.11.58:855][675]LogModuleManager: Shutting down and abandoning module Niagara (324)
[2021.03.01-15.11.58:856][675]LogModuleManager: Shutting down and abandoning module SignalProcessing (323)
[2021.03.01-15.11.58:856][675]LogModuleManager: Shutting down and abandoning module NiagaraEditor (321)
[2021.03.01-15.11.58:859][675]LogModuleManager: Shutting down and abandoning module NiagaraCore (318)
[2021.03.01-15.11.58:859][675]LogModuleManager: Shutting down and abandoning module GameplayTagsEditor (316)
[2021.03.01-15.11.58:859][675]LogModuleManager: Shutting down and abandoning module FacialAnimationEditor (314)
[2021.03.01-15.11.58:859][675]LogModuleManager: Shutting down and abandoning module FacialAnimation (312)
[2021.03.01-15.11.58:859][675]LogModuleManager: Shutting down and abandoning module DataValidation (310)
[2021.03.01-15.11.58:859][675]LogModuleManager: Shutting down and abandoning module AssetManagerEditor (308)
[2021.03.01-15.11.58:862][675]LogModuleManager: Shutting down and abandoning module LevelEditor (307)
[2021.03.01-15.11.58:863][675]LogModuleManager: Shutting down and abandoning module PixelInspectorModule (306)
[2021.03.01-15.11.58:864][675]LogModuleManager: Shutting down and abandoning module CommonMenuExtensions (304)
[2021.03.01-15.11.58:864][675]LogModuleManager: Shutting down and abandoning module MainFrame (302)
[2021.03.01-15.11.58:864][675]LogModuleManager: Shutting down and abandoning module HotReload (301)
[2021.03.01-15.11.58:865][675]LogModuleManager: Shutting down and abandoning module ToolMenus (297)
[2021.03.01-15.11.58:865][675]LogModuleManager: Shutting down and abandoning module TreeMap (295)
[2021.03.01-15.11.58:866][675]LogModuleManager: Shutting down and abandoning module RiderLoggingExtension (292)
[2021.03.01-15.11.58:867][675]LogModuleManager: Shutting down and abandoning module RiderLink (290)
