Log file open, 03/12/21 15:08:30
LogInit: Display: Running engine for game: GEPProject
LogPlatformFile: Not using cached read wrapper
LogTaskGraph: Started task graph with 5 named threads and 47 total threads with 3 sets of task threads.
LogStats: Stats thread started at 1.002361
LogD3D11RHI: Loaded GFSDK_Aftermath_Lib.x64.dll
LogICUInternationalization: ICU TimeZone Detection - Raw Offset: +0:00, Platform Override: ''
LogPluginManager: Mounting plugin Paper2D
LogPluginManager: Mounting plugin AISupport
LogPluginManager: Mounting plugin LightPropagationVolume
LogPluginManager: Mounting plugin CameraShakePreviewer
LogPluginManager: Mounting plugin ActorLayerUtilities
LogPluginManager: Mounting plugin AnimationSharing
LogPluginManager: Mounting plugin CLionSourceCodeAccess
LogPluginManager: Mounting plugin CodeLiteSourceCodeAccess
LogPluginManager: Mounting plugin GitSourceControl
LogPluginManager: Mounting plugin KDevelopSourceCodeAccess
LogPluginManager: Mounting plugin NullSourceCodeAccess
LogPluginManager: Mounting plugin PerforceSourceControl
LogPluginManager: Mounting plugin PlasticSourceControl
LogPluginManager: Mounting plugin RiderLink
LogPluginManager: Mounting plugin RiderSourceCodeAccess
LogPluginManager: Mounting plugin SubversionSourceControl
LogPluginManager: Mounting plugin UObjectPlugin
LogPluginManager: Mounting plugin VisualStudioCodeSourceCodeAccess
LogPluginManager: Mounting plugin VisualStudioSourceCodeAccess
LogPluginManager: Mounting plugin XCodeSourceCodeAccess
LogPluginManager: Mounting plugin AssetManagerEditor
LogPluginManager: Mounting plugin CryptoKeys
LogPluginManager: Mounting plugin CurveEditorTools
LogPluginManager: Mounting plugin DataValidation
LogPluginManager: Mounting plugin EditorScriptingUtilities
LogPluginManager: Mounting plugin FacialAnimation
LogPluginManager: Mounting plugin GameplayTagsEditor
LogPluginManager: Mounting plugin GeometryMode
LogPluginManager: Mounting plugin MacGraphicsSwitching
LogPluginManager: Mounting plugin MaterialAnalyzer
LogPluginManager: Mounting plugin MobileLauncherProfileWizard
LogPluginManager: Mounting plugin PluginBrowser
LogPluginManager: Mounting plugin SpeedTreeImporter
LogPluginManager: Mounting plugin DatasmithContent
LogPluginManager: Mounting plugin VariantManagerContent
LogPluginManager: Mounting plugin AlembicImporter
LogPluginManager: Mounting plugin AutomationUtils
LogPluginManager: Mounting plugin BackChannel
LogPluginManager: Mounting plugin ChaosCloth
LogPluginManager: Mounting plugin ChaosClothEditor
LogPluginManager: Mounting plugin ChaosEditor
LogPluginManager: Mounting plugin ChaosNiagara
LogPluginManager: Mounting plugin ChaosSolverPlugin
LogPluginManager: Mounting plugin CharacterAI
LogPluginManager: Mounting plugin GeometryCache
LogPluginManager: Mounting plugin GeometryCollectionPlugin
LogPluginManager: Mounting plugin GeometryProcessing
LogPluginManager: Mounting plugin PlanarCut
LogPluginManager: Mounting plugin PlatformCrypto
LogPluginManager: Mounting plugin ProxyLODPlugin
LogPluginManager: Mounting plugin SkeletalReduction
LogPluginManager: Mounting plugin Niagara
LogPluginManager: Mounting plugin MagicLeap
LogPluginManager: Mounting plugin MagicLeapLightEstimation
LogPluginManager: Mounting plugin MagicLeapMedia
LogPluginManager: Mounting plugin MagicLeapPassableWorld
LogPluginManager: Mounting plugin MLSDK
LogPluginManager: Mounting plugin AndroidMedia
LogPluginManager: Mounting plugin AvfMedia
LogPluginManager: Mounting plugin ImgMedia
LogPluginManager: Mounting plugin MediaCompositing
LogPluginManager: Mounting plugin MediaPlayerEditor
LogPluginManager: Mounting plugin WebMMedia
LogPluginManager: Mounting plugin WmfMedia
LogPluginManager: Mounting plugin MeshPainting
LogPluginManager: Mounting plugin TcpMessaging
LogPluginManager: Mounting plugin UdpMessaging
LogPluginManager: Mounting plugin ActorSequence
LogPluginManager: Mounting plugin LevelSequenceEditor
LogPluginManager: Mounting plugin MatineeToLevelSequence
LogPluginManager: Mounting plugin MovieRenderPipeline
LogPluginManager: Mounting plugin TemplateSequence
LogPluginManager: Mounting plugin NetcodeUnitTest
LogPluginManager: Mounting plugin NUTUnrealEngine4
LogPluginManager: Mounting plugin OnlineSubsystemGooglePlay
LogPluginManager: Mounting plugin OnlineSubsystemIOS
LogPluginManager: Mounting plugin OnlineSubsystem
LogPluginManager: Mounting plugin OnlineSubsystemNull
LogPluginManager: Mounting plugin OnlineSubsystemUtils
LogPluginManager: Mounting plugin LauncherChunkInstaller
LogPluginManager: Mounting plugin AndroidDeviceProfileSelector
LogPluginManager: Mounting plugin AndroidMoviePlayer
LogPluginManager: Mounting plugin AndroidPermission
LogPluginManager: Mounting plugin AppleImageUtils
LogPluginManager: Mounting plugin AppleMoviePlayer
LogPluginManager: Mounting plugin ArchVisCharacter
LogPluginManager: Mounting plugin AssetTags
LogPluginManager: Mounting plugin AudioCapture
LogPluginManager: Mounting plugin CableComponent
LogPluginManager: Mounting plugin CustomMeshComponent
LogPluginManager: Mounting plugin EditableMesh
LogPluginManager: Mounting plugin ExampleDeviceProfileSelector
LogPluginManager: Mounting plugin GoogleCloudMessaging
LogPluginManager: Mounting plugin GooglePAD
LogPluginManager: Mounting plugin IOSDeviceProfileSelector
LogPluginManager: Mounting plugin LinuxDeviceProfileSelector
LogPluginManager: Mounting plugin LocationServicesBPLibrary
LogPluginManager: Mounting plugin MobilePatchingUtils
LogPluginManager: Mounting plugin OculusVR
LogPluginManager: Mounting plugin PhysXVehicles
LogPluginManager: Mounting plugin PostSplashScreen
LogPluginManager: Mounting plugin ProceduralMeshComponent
LogPluginManager: Mounting plugin RuntimePhysXCooking
LogPluginManager: Mounting plugin SignificanceManager
LogPluginManager: Mounting plugin SoundFields
LogPluginManager: Mounting plugin SteamVR
LogPluginManager: Mounting plugin Synthesis
LogPluginManager: Mounting plugin WebMMoviePlayer
LogPluginManager: Mounting plugin WindowsMoviePlayer
LogPluginManager: Mounting plugin ScreenshotTools
LogInit: Using libcurl 7.55.1-DEV
LogInit:  - built for x86_64-pc-win32
LogInit:  - supports SSL with OpenSSL/1.1.1
LogInit:  - supports HTTP deflate (compression) using libz 1.2.8
LogInit:  - other features:
LogInit:      CURL_VERSION_SSL
LogInit:      CURL_VERSION_LIBZ
LogInit:      CURL_VERSION_IPV6
LogInit:      CURL_VERSION_ASYNCHDNS
LogInit:      CURL_VERSION_LARGEFILE
LogInit:      CURL_VERSION_IDN
LogInit:  CurlRequestOptions (configurable via config and command line):
LogInit:  - bVerifyPeer = true  - Libcurl will verify peer certificate
LogInit:  - bUseHttpProxy = false  - Libcurl will NOT use HTTP proxy
LogInit:  - bDontReuseConnections = false  - Libcurl will reuse connections
LogInit:  - MaxHostConnections = 16  - Libcurl will limit the number of connections to a host
LogInit:  - LocalHostAddr = Default
LogInit:  - BufferSize = 65536
LogOnline: OSS: Creating online subsystem instance for: NULL
LogInit: WinSock: version 1.1 (2.2), MaxSocks=32767, MaxUdp=65467
LogOnline: OSS: TryLoadSubsystemAndSetDefault: Loaded subsystem for module [NULL]
LogInit: Build: ++UE4+Release-4.25-CL-14469661
LogInit: Engine Version: 4.25.4-14469661+++UE4+Release-4.25
LogInit: Compatible Engine Version: 4.25.0-13144385+++UE4+Release-4.25
LogInit: Net CL: 13144385
LogInit: OS: Windows 10 (Release 2004) (), CPU: AMD Ryzen 7 2700X Eight-Core Processor         , GPU: NVIDIA GeForce RTX 2060
LogInit: Compiled (64-bit): Oct 11 2020 08:10:49
LogInit: Compiled with Visual C++: 19.24.28315.00
LogInit: Build Configuration: Development
LogInit: Branch Name: ++UE4+Release-4.25
LogInit: Command Line:  -skipcompile
LogInit: Base Directory: E:/epk/UE_4.25/Engine/Binaries/Win64/
LogInit: Allocator: TBB
LogInit: Installed Engine Build: 1
LogDevObjectVersion: Number of dev versions registered: 26
LogDevObjectVersion:   Dev-Blueprints (B0D832E4-1F89-4F0D-ACCF-7EB736FD4AA2): 10
LogDevObjectVersion:   Dev-Build (E1C64328-A22C-4D53-A36C-8E866417BD8C): 0
LogDevObjectVersion:   Dev-Core (375EC13C-06E4-48FB-B500-84F0262A717E): 4
LogDevObjectVersion:   Dev-Editor (E4B068ED-F494-42E9-A231-DA0B2E46BB41): 38
LogDevObjectVersion:   Dev-Framework (CFFC743F-43B0-4480-9391-14DF171D2073): 37
LogDevObjectVersion:   Dev-Mobile (B02B49B5-BB20-44E9-A304-32B752E40360): 2
LogDevObjectVersion:   Dev-Networking (A4E4105C-59A1-49B5-A7C5-40C4547EDFEE): 0
LogDevObjectVersion:   Dev-Online (39C831C9-5AE6-47DC-9A44-9C173E1C8E7C): 0
LogDevObjectVersion:   Dev-Physics (78F01B33-EBEA-4F98-B9B4-84EACCB95AA2): 4
LogDevObjectVersion:   Dev-Platform (6631380F-2D4D-43E0-8009-CF276956A95A): 0
LogDevObjectVersion:   Dev-Rendering (12F88B9F-8875-4AFC-A67C-D90C383ABD29): 43
LogDevObjectVersion:   Dev-Sequencer (7B5AE74C-D270-4C10-A958-57980B212A5A): 12
LogDevObjectVersion:   Dev-VR (D7296918-1DD6-4BDD-9DE2-64A83CC13884): 3
LogDevObjectVersion:   Dev-LoadTimes (C2A15278-BFE7-4AFE-6C17-90FF531DF755): 1
LogDevObjectVersion:   Private-Geometry (6EACA3D4-40EC-4CC1-B786-8BED09428FC5): 3
LogDevObjectVersion:   Dev-AnimPhys (29E575DD-E0A3-4627-9D10-D276232CDCEA): 17
LogDevObjectVersion:   Dev-Anim (AF43A65D-7FD3-4947-9873-3E8ED9C1BB05): 7
LogDevObjectVersion:   Dev-ReflectionCapture (6B266CEC-1EC7-4B8F-A30B-E4D90942FC07): 1
LogDevObjectVersion:   Dev-Automation (0DF73D61-A23F-47EA-B727-89E90C41499A): 1
LogDevObjectVersion:   FortniteMain (601D1886-AC64-4F84-AA16-D3DE0DEAC7D6): 31
LogDevObjectVersion:   Dev-Enterprise (9DFFBCD6-494F-0158-E221-12823C92A888): 10
LogDevObjectVersion:   Dev-Niagara (F2AED0AC-9AFE-416F-8664-AA7FFA26D6FC): 1
LogDevObjectVersion:   Dev-Destruction (174F1F0B-B4C6-45A5-B13F-2EE8D0FB917D): 10
LogDevObjectVersion:   Dev-Physics-Ext (35F94A83-E258-406C-A318-09F59610247C): 37
LogDevObjectVersion:   Dev-PhysicsMaterial-Chaos (B68FC16E-8B1B-42E2-B453-215C058844FE): 1
LogDevObjectVersion:   Dev-CineCamera (B2E18506-4273-CFC2-A54E-F4BB758BBA07): 1
LogInit: Presizing for max 25165824 objects, including 0 objects not considered by GC, pre-allocating 0 bytes for permanent pool.
LogConfig: Applying CVar settings from Section [/Script/Engine.StreamingSettings] File [E:/Github/GEP/GEPProject/Saved/Config/Windows/Engine.ini]
LogConfig: Setting CVar [[s.MinBulkDataSizeForAsyncLoading:131072]]
LogConfig: Setting CVar [[s.AsyncLoadingThreadEnabled:0]]
LogConfig: Setting CVar [[s.EventDrivenLoaderEnabled:1]]
LogConfig: Setting CVar [[s.WarnIfTimeLimitExceeded:0]]
LogConfig: Setting CVar [[s.TimeLimitExceededMultiplier:1.5]]
LogConfig: Setting CVar [[s.TimeLimitExceededMinTime:0.005]]
LogConfig: Setting CVar [[s.UseBackgroundLevelStreaming:1]]
LogConfig: Setting CVar [[s.PriorityAsyncLoadingExtraTime:15.0]]
LogConfig: Setting CVar [[s.LevelStreamingActorsUpdateTimeLimit:5.0]]
LogConfig: Setting CVar [[s.PriorityLevelStreamingActorsUpdateExtraTime:5.0]]
LogConfig: Setting CVar [[s.LevelStreamingComponentsRegistrationGranularity:10]]
LogConfig: Setting CVar [[s.UnregisterComponentsTimeLimit:1.0]]
LogConfig: Setting CVar [[s.LevelStreamingComponentsUnregistrationGranularity:5]]
LogConfig: Setting CVar [[s.FlushStreamingOnExit:1]]
LogInit: Object subsystem initialized
LogConfig: Setting CVar [[con.DebugEarlyDefault:1]]
LogConfig: Setting CVar [[r.setres:1280x720]]
[2021.03.12-15.08.31:288][  0]LogConfig: Setting CVar [[r.VSync:0]]
[2021.03.12-15.08.31:288][  0]LogConfig: Setting CVar [[r.RHICmdBypass:0]]
[2021.03.12-15.08.31:289][  0]LogConfig: Applying CVar settings from Section [/Script/Engine.RendererSettings] File [E:/Github/GEP/GEPProject/Saved/Config/Windows/Engine.ini]
[2021.03.12-15.08.31:289][  0]LogConfig: Setting CVar [[r.GPUCrashDebugging:0]]
[2021.03.12-15.08.31:289][  0]LogConfig: Applying CVar settings from Section [/Script/Engine.RendererOverrideSettings] File [E:/Github/GEP/GEPProject/Saved/Config/Windows/Engine.ini]
[2021.03.12-15.08.31:289][  0]LogConfig: Applying CVar settings from Section [/Script/Engine.StreamingSettings] File [E:/Github/GEP/GEPProject/Saved/Config/Windows/Engine.ini]
[2021.03.12-15.08.31:289][  0]LogConfig: Setting CVar [[s.MinBulkDataSizeForAsyncLoading:131072]]
[2021.03.12-15.08.31:289][  0]LogConfig: Setting CVar [[s.AsyncLoadingThreadEnabled:0]]
[2021.03.12-15.08.31:289][  0]LogConfig: Setting CVar [[s.EventDrivenLoaderEnabled:1]]
[2021.03.12-15.08.31:289][  0]LogConfig: Setting CVar [[s.WarnIfTimeLimitExceeded:0]]
[2021.03.12-15.08.31:289][  0]LogConfig: Setting CVar [[s.TimeLimitExceededMultiplier:1.5]]
[2021.03.12-15.08.31:289][  0]LogConfig: Setting CVar [[s.TimeLimitExceededMinTime:0.005]]
[2021.03.12-15.08.31:289][  0]LogConfig: Setting CVar [[s.UseBackgroundLevelStreaming:1]]
[2021.03.12-15.08.31:289][  0]LogConfig: Setting CVar [[s.PriorityAsyncLoadingExtraTime:15.0]]
[2021.03.12-15.08.31:289][  0]LogConfig: Setting CVar [[s.LevelStreamingActorsUpdateTimeLimit:5.0]]
[2021.03.12-15.08.31:289][  0]LogConfig: Setting CVar [[s.PriorityLevelStreamingActorsUpdateExtraTime:5.0]]
[2021.03.12-15.08.31:289][  0]LogConfig: Setting CVar [[s.LevelStreamingComponentsRegistrationGranularity:10]]
[2021.03.12-15.08.31:289][  0]LogConfig: Setting CVar [[s.UnregisterComponentsTimeLimit:1.0]]
[2021.03.12-15.08.31:289][  0]LogConfig: Setting CVar [[s.LevelStreamingComponentsUnregistrationGranularity:5]]
[2021.03.12-15.08.31:289][  0]LogConfig: Setting CVar [[s.FlushStreamingOnExit:1]]
[2021.03.12-15.08.31:289][  0]LogConfig: Applying CVar settings from Section [/Script/Engine.GarbageCollectionSettings] File [E:/Github/GEP/GEPProject/Saved/Config/Windows/Engine.ini]
[2021.03.12-15.08.31:289][  0]LogConfig: Setting CVar [[gc.MaxObjectsNotConsideredByGC:1]]
[2021.03.12-15.08.31:289][  0]LogConfig: Setting CVar [[gc.SizeOfPermanentObjectPool:0]]
[2021.03.12-15.08.31:289][  0]LogConfig: Setting CVar [[gc.FlushStreamingOnGC:0]]
[2021.03.12-15.08.31:289][  0]LogConfig: Setting CVar [[gc.NumRetriesBeforeForcingGC:10]]
[2021.03.12-15.08.31:289][  0]LogConfig: Setting CVar [[gc.AllowParallelGC:1]]
[2021.03.12-15.08.31:289][  0]LogConfig: Setting CVar [[gc.TimeBetweenPurgingPendingKillObjects:61.1]]
[2021.03.12-15.08.31:289][  0]LogConfig: Setting CVar [[gc.MaxObjectsInEditor:25165824]]
[2021.03.12-15.08.31:289][  0]LogConfig: Setting CVar [[gc.IncrementalBeginDestroyEnabled:1]]
[2021.03.12-15.08.31:289][  0]LogConfig: Setting CVar [[gc.CreateGCClusters:1]]
[2021.03.12-15.08.31:289][  0]LogConfig: Setting CVar [[gc.MinGCClusterSize:5]]
[2021.03.12-15.08.31:289][  0]LogConfig: Setting CVar [[gc.ActorClusteringEnabled:0]]
[2021.03.12-15.08.31:289][  0]LogConfig: Setting CVar [[gc.BlueprintClusteringEnabled:0]]
[2021.03.12-15.08.31:289][  0]LogConfig: Setting CVar [[gc.UseDisregardForGCOnDedicatedServers:0]]
[2021.03.12-15.08.31:289][  0]LogConfig: Applying CVar settings from Section [/Script/Engine.NetworkSettings] File [E:/Github/GEP/GEPProject/Saved/Config/Windows/Engine.ini]
[2021.03.12-15.08.31:289][  0]LogConfig: Applying CVar settings from Section [/Script/UnrealEd.CookerSettings] File [E:/Github/GEP/GEPProject/Saved/Config/Windows/Engine.ini]
[2021.03.12-15.08.31:297][  0]LogConfig: Applying CVar settings from Section [ViewDistanceQuality@3] File [E:/Github/GEP/GEPProject/Saved/Config/Windows/Scalability.ini]
[2021.03.12-15.08.31:297][  0]LogConfig: Setting CVar [[r.SkeletalMeshLODBias:0]]
[2021.03.12-15.08.31:297][  0]LogConfig: Setting CVar [[r.ViewDistanceScale:1.0]]
[2021.03.12-15.08.31:297][  0]LogConfig: Applying CVar settings from Section [AntiAliasingQuality@3] File [E:/Github/GEP/GEPProject/Saved/Config/Windows/Scalability.ini]
[2021.03.12-15.08.31:297][  0]LogConfig: Setting CVar [[r.PostProcessAAQuality:4]]
[2021.03.12-15.08.31:297][  0]LogConfig: Applying CVar settings from Section [ShadowQuality@3] File [E:/Github/GEP/GEPProject/Saved/Config/Windows/Scalability.ini]
[2021.03.12-15.08.31:297][  0]LogConfig: Setting CVar [[r.LightFunctionQuality:1]]
[2021.03.12-15.08.31:297][  0]LogConfig: Setting CVar [[r.ShadowQuality:5]]
[2021.03.12-15.08.31:297][  0]LogConfig: Setting CVar [[r.Shadow.CSM.MaxCascades:10]]
[2021.03.12-15.08.31:297][  0]LogConfig: Setting CVar [[r.Shadow.MaxResolution:2048]]
[2021.03.12-15.08.31:297][  0]LogConfig: Setting CVar [[r.Shadow.MaxCSMResolution:2048]]
[2021.03.12-15.08.31:297][  0]LogConfig: Setting CVar [[r.Shadow.RadiusThreshold:0.01]]
[2021.03.12-15.08.31:297][  0]LogConfig: Setting CVar [[r.Shadow.DistanceScale:1.0]]
[2021.03.12-15.08.31:297][  0]LogConfig: Setting CVar [[r.Shadow.CSM.TransitionScale:1.0]]
[2021.03.12-15.08.31:297][  0]LogConfig: Setting CVar [[r.Shadow.PreShadowResolutionFactor:1.0]]
[2021.03.12-15.08.31:297][  0]LogConfig: Setting CVar [[r.DistanceFieldShadowing:1]]
[2021.03.12-15.08.31:297][  0]LogConfig: Setting CVar [[r.DistanceFieldAO:1]]
[2021.03.12-15.08.31:297][  0]LogConfig: Setting CVar [[r.AOQuality:2]]
[2021.03.12-15.08.31:297][  0]LogConfig: Setting CVar [[r.VolumetricFog:1]]
[2021.03.12-15.08.31:297][  0]LogConfig: Setting CVar [[r.VolumetricFog.GridPixelSize:8]]
[2021.03.12-15.08.31:297][  0]LogConfig: Setting CVar [[r.VolumetricFog.GridSizeZ:128]]
[2021.03.12-15.08.31:297][  0]LogConfig: Setting CVar [[r.VolumetricFog.HistoryMissSupersampleCount:4]]
[2021.03.12-15.08.31:297][  0]LogConfig: Setting CVar [[r.LightMaxDrawDistanceScale:1]]
[2021.03.12-15.08.31:297][  0]LogConfig: Setting CVar [[r.CapsuleShadows:1]]
[2021.03.12-15.08.31:297][  0]LogConfig: Applying CVar settings from Section [PostProcessQuality@3] File [E:/Github/GEP/GEPProject/Saved/Config/Windows/Scalability.ini]
[2021.03.12-15.08.31:297][  0]LogConfig: Setting CVar [[r.MotionBlurQuality:4]]
[2021.03.12-15.08.31:297][  0]LogConfig: Setting CVar [[r.AmbientOcclusionMipLevelFactor:0.4]]
[2021.03.12-15.08.31:297][  0]LogConfig: Setting CVar [[r.AmbientOcclusionMaxQuality:100]]
[2021.03.12-15.08.31:297][  0]LogConfig: Setting CVar [[r.AmbientOcclusionLevels:-1]]
[2021.03.12-15.08.31:297][  0]LogConfig: Setting CVar [[r.AmbientOcclusionRadiusScale:1.0]]
[2021.03.12-15.08.31:297][  0]LogConfig: Setting CVar [[r.DepthOfFieldQuality:2]]
[2021.03.12-15.08.31:297][  0]LogConfig: Setting CVar [[r.RenderTargetPoolMin:400]]
[2021.03.12-15.08.31:297][  0]LogConfig: Setting CVar [[r.LensFlareQuality:2]]
[2021.03.12-15.08.31:297][  0]LogConfig: Setting CVar [[r.SceneColorFringeQuality:1]]
[2021.03.12-15.08.31:297][  0]LogConfig: Setting CVar [[r.EyeAdaptationQuality:2]]
[2021.03.12-15.08.31:298][  0]LogConfig: Setting CVar [[r.BloomQuality:5]]
[2021.03.12-15.08.31:298][  0]LogConfig: Setting CVar [[r.FastBlurThreshold:100]]
[2021.03.12-15.08.31:298][  0]LogConfig: Setting CVar [[r.Upscale.Quality:3]]
[2021.03.12-15.08.31:298][  0]LogConfig: Setting CVar [[r.Tonemapper.GrainQuantization:1]]
[2021.03.12-15.08.31:298][  0]LogConfig: Setting CVar [[r.LightShaftQuality:1]]
[2021.03.12-15.08.31:298][  0]LogConfig: Setting CVar [[r.Filter.SizeScale:1]]
[2021.03.12-15.08.31:298][  0]LogConfig: Setting CVar [[r.Tonemapper.Quality:5]]
[2021.03.12-15.08.31:298][  0]LogConfig: Setting CVar [[r.DOF.Gather.AccumulatorQuality:1        ; higher gathering accumulator quality]]
[2021.03.12-15.08.31:298][  0]LogConfig: Setting CVar [[r.DOF.Gather.PostfilterMethod:1          ; Median3x3 postfilering method]]
[2021.03.12-15.08.31:298][  0]LogConfig: Setting CVar [[r.DOF.Gather.EnableBokehSettings:0       ; no bokeh simulation when gathering]]
[2021.03.12-15.08.31:298][  0]LogConfig: Setting CVar [[r.DOF.Gather.RingCount:4                 ; medium number of samples when gathering]]
[2021.03.12-15.08.31:298][  0]LogConfig: Setting CVar [[r.DOF.Scatter.ForegroundCompositing:1    ; additive foreground scattering]]
[2021.03.12-15.08.31:298][  0]LogConfig: Setting CVar [[r.DOF.Scatter.BackgroundCompositing:2    ; additive background scattering]]
[2021.03.12-15.08.31:298][  0]LogConfig: Setting CVar [[r.DOF.Scatter.EnableBokehSettings:1      ; bokeh simulation when scattering]]
[2021.03.12-15.08.31:298][  0]LogConfig: Setting CVar [[r.DOF.Scatter.MaxSpriteRatio:0.1         ; only a maximum of 10% of scattered bokeh]]
[2021.03.12-15.08.31:298][  0]LogConfig: Setting CVar [[r.DOF.Recombine.Quality:1                ; cheap slight out of focus]]
[2021.03.12-15.08.31:298][  0]LogConfig: Setting CVar [[r.DOF.Recombine.EnableBokehSettings:0    ; no bokeh simulation on slight out of focus]]
[2021.03.12-15.08.31:298][  0]LogConfig: Setting CVar [[r.DOF.TemporalAAQuality:1                ; more stable temporal accumulation]]
[2021.03.12-15.08.31:298][  0]LogConfig: Setting CVar [[r.DOF.Kernel.MaxForegroundRadius:0.025]]
[2021.03.12-15.08.31:298][  0]LogConfig: Setting CVar [[r.DOF.Kernel.MaxBackgroundRadius:0.025]]
[2021.03.12-15.08.31:298][  0]LogConfig: Applying CVar settings from Section [TextureQuality@3] File [E:/Github/GEP/GEPProject/Saved/Config/Windows/Scalability.ini]
[2021.03.12-15.08.31:298][  0]LogConfig: Setting CVar [[r.Streaming.MipBias:0]]
[2021.03.12-15.08.31:298][  0]LogConfig: Setting CVar [[r.Streaming.AmortizeCPUToGPUCopy:0]]
[2021.03.12-15.08.31:298][  0]LogConfig: Setting CVar [[r.Streaming.MaxNumTexturesToStreamPerFrame:0]]
[2021.03.12-15.08.31:298][  0]LogConfig: Setting CVar [[r.Streaming.Boost:1]]
[2021.03.12-15.08.31:298][  0]LogConfig: Setting CVar [[r.MaxAnisotropy:8]]
[2021.03.12-15.08.31:298][  0]LogConfig: Setting CVar [[r.VT.MaxAnisotropy:8]]
[2021.03.12-15.08.31:298][  0]LogConfig: Setting CVar [[r.Streaming.LimitPoolSizeToVRAM:0]]
[2021.03.12-15.08.31:298][  0]LogConfig: Setting CVar [[r.Streaming.PoolSize:1000]]
[2021.03.12-15.08.31:298][  0]LogConfig: Setting CVar [[r.Streaming.MaxEffectiveScreenSize:0]]
[2021.03.12-15.08.31:298][  0]LogConfig: Applying CVar settings from Section [EffectsQuality@3] File [E:/Github/GEP/GEPProject/Saved/Config/Windows/Scalability.ini]
[2021.03.12-15.08.31:298][  0]LogConfig: Setting CVar [[r.TranslucencyLightingVolumeDim:64]]
[2021.03.12-15.08.31:298][  0]LogConfig: Setting CVar [[r.RefractionQuality:2]]
[2021.03.12-15.08.31:298][  0]LogConfig: Setting CVar [[r.SSR.Quality:3]]
[2021.03.12-15.08.31:298][  0]LogConfig: Setting CVar [[r.SSR.HalfResSceneColor:0]]
[2021.03.12-15.08.31:298][  0]LogConfig: Setting CVar [[r.SceneColorFormat:4]]
[2021.03.12-15.08.31:298][  0]LogConfig: Setting CVar [[r.DetailMode:2]]
[2021.03.12-15.08.31:298][  0]LogConfig: Setting CVar [[r.TranslucencyVolumeBlur:1]]
[2021.03.12-15.08.31:298][  0]LogConfig: Setting CVar [[r.MaterialQualityLevel:1 ; High quality]]
[2021.03.12-15.08.31:298][  0]LogConfig: Setting CVar [[r.SSS.Scale:1]]
[2021.03.12-15.08.31:298][  0]LogConfig: Setting CVar [[r.SSS.SampleSet:2]]
[2021.03.12-15.08.31:298][  0]LogConfig: Setting CVar [[r.SSS.Quality:1]]
[2021.03.12-15.08.31:298][  0]LogConfig: Setting CVar [[r.SSS.HalfRes:0]]
[2021.03.12-15.08.31:298][  0]LogConfig: Setting CVar [[r.SSGI.Quality:3]]
[2021.03.12-15.08.31:298][  0]LogConfig: Setting CVar [[r.EmitterSpawnRateScale:1.0]]
[2021.03.12-15.08.31:298][  0]LogConfig: Setting CVar [[r.ParticleLightQuality:2]]
[2021.03.12-15.08.31:298][  0]LogConfig: Setting CVar [[r.SkyAtmosphere.AerialPerspectiveLUT.FastApplyOnOpaque:1 ; Always have FastSkyLUT 1 in this case to avoid wrong sky]]
[2021.03.12-15.08.31:298][  0]LogConfig: Setting CVar [[r.SkyAtmosphere.AerialPerspectiveLUT.SampleCountPerSlice:1]]
[2021.03.12-15.08.31:298][  0]LogConfig: Setting CVar [[r.SkyAtmosphere.AerialPerspectiveLUT.DepthResolution:16.0]]
[2021.03.12-15.08.31:298][  0]LogConfig: Setting CVar [[r.SkyAtmosphere.FastSkyLUT:1]]
[2021.03.12-15.08.31:298][  0]LogConfig: Setting CVar [[r.SkyAtmosphere.FastSkyLUT.SampleCountMin:4.0]]
[2021.03.12-15.08.31:298][  0]LogConfig: Setting CVar [[r.SkyAtmosphere.FastSkyLUT.SampleCountMax:32.0]]
[2021.03.12-15.08.31:298][  0]LogConfig: Setting CVar [[r.SkyAtmosphere.SampleCountMin:4.0]]
[2021.03.12-15.08.31:298][  0]LogConfig: Setting CVar [[r.SkyAtmosphere.SampleCountMax:32.0]]
[2021.03.12-15.08.31:298][  0]LogConfig: Setting CVar [[r.SkyAtmosphere.TransmittanceLUT.UseSmallFormat:0]]
[2021.03.12-15.08.31:299][  0]LogConfig: Setting CVar [[r.SkyAtmosphere.TransmittanceLUT.SampleCount:10.0]]
[2021.03.12-15.08.31:299][  0]LogConfig: Setting CVar [[r.SkyAtmosphere.MultiScatteringLUT.SampleCount:15.0]]
[2021.03.12-15.08.31:299][  0]LogConfig: Applying CVar settings from Section [FoliageQuality@3] File [E:/Github/GEP/GEPProject/Saved/Config/Windows/Scalability.ini]
[2021.03.12-15.08.31:299][  0]LogConfig: Setting CVar [[foliage.DensityScale:1.0]]
[2021.03.12-15.08.31:299][  0]LogConfig: Setting CVar [[grass.DensityScale:1.0]]
[2021.03.12-15.08.31:299][  0]LogConfig: Applying CVar settings from Section [ShadingQuality@3] File [E:/Github/GEP/GEPProject/Saved/Config/Windows/Scalability.ini]
[2021.03.12-15.08.31:299][  0]LogConfig: Setting CVar [[r.HairStrands.SkyLighting.SampleCount:16]]
[2021.03.12-15.08.31:299][  0]LogConfig: Setting CVar [[r.HairStrands.SkyLighting.JitterIntegration:0]]
[2021.03.12-15.08.31:299][  0]LogConfig: Setting CVar [[r.HairStrands.SkyAO.SampleCount:16]]
[2021.03.12-15.08.31:299][  0]LogConfig: Setting CVar [[r.HairStrands.DeepShadow.SuperSampling:0]]
[2021.03.12-15.08.31:299][  0]LogConfig: Setting CVar [[r.HairStrands.VisibilityPPLL:0]]
[2021.03.12-15.08.31:299][  0]LogConfig: Setting CVar [[r.HairStrands.RasterizationScale:0.5]]
[2021.03.12-15.08.31:299][  0]LogConfig: Setting CVar [[r.HairStrands.VelocityRasterizationScale:1]]
[2021.03.12-15.08.31:299][  0]LogInit: Selected Device Profile: [Windows]
[2021.03.12-15.08.31:299][  0]LogInit: Applying CVar settings loaded from the selected device profile: [Windows]
[2021.03.12-15.08.31:300][  0]LogHAL: Display: Platform has ~ 16 GB [17123741696 / 17179869184 / 16], which maps to Larger [LargestMinGB=32, LargerMinGB=12, DefaultMinGB=8, SmallerMinGB=6, SmallestMinGB=0)
[2021.03.12-15.08.31:301][  0]LogInit: Going up to parent DeviceProfile []
[2021.03.12-15.08.31:301][  0]LogConfig: Applying CVar settings from Section [ViewDistanceQuality@3] File [E:/Github/GEP/GEPProject/Saved/Config/Windows/Scalability.ini]
[2021.03.12-15.08.31:301][  0]LogConfig: Setting CVar [[r.SkeletalMeshLODBias:0]]
[2021.03.12-15.08.31:301][  0]LogConfig: Setting CVar [[r.ViewDistanceScale:1.0]]
[2021.03.12-15.08.31:301][  0]LogConfig: Applying CVar settings from Section [AntiAliasingQuality@3] File [E:/Github/GEP/GEPProject/Saved/Config/Windows/Scalability.ini]
[2021.03.12-15.08.31:301][  0]LogConfig: Setting CVar [[r.PostProcessAAQuality:4]]
[2021.03.12-15.08.31:301][  0]LogConfig: Applying CVar settings from Section [ShadowQuality@3] File [E:/Github/GEP/GEPProject/Saved/Config/Windows/Scalability.ini]
[2021.03.12-15.08.31:301][  0]LogConfig: Setting CVar [[r.LightFunctionQuality:1]]
[2021.03.12-15.08.31:301][  0]LogConfig: Setting CVar [[r.ShadowQuality:5]]
[2021.03.12-15.08.31:301][  0]LogConfig: Setting CVar [[r.Shadow.CSM.MaxCascades:10]]
[2021.03.12-15.08.31:301][  0]LogConfig: Setting CVar [[r.Shadow.MaxResolution:2048]]
[2021.03.12-15.08.31:301][  0]LogConfig: Setting CVar [[r.Shadow.MaxCSMResolution:2048]]
[2021.03.12-15.08.31:301][  0]LogConfig: Setting CVar [[r.Shadow.RadiusThreshold:0.01]]
[2021.03.12-15.08.31:301][  0]LogConfig: Setting CVar [[r.Shadow.DistanceScale:1.0]]
[2021.03.12-15.08.31:301][  0]LogConfig: Setting CVar [[r.Shadow.CSM.TransitionScale:1.0]]
[2021.03.12-15.08.31:301][  0]LogConfig: Setting CVar [[r.Shadow.PreShadowResolutionFactor:1.0]]
[2021.03.12-15.08.31:301][  0]LogConfig: Setting CVar [[r.DistanceFieldShadowing:1]]
[2021.03.12-15.08.31:301][  0]LogConfig: Setting CVar [[r.DistanceFieldAO:1]]
[2021.03.12-15.08.31:301][  0]LogConfig: Setting CVar [[r.AOQuality:2]]
[2021.03.12-15.08.31:301][  0]LogConfig: Setting CVar [[r.VolumetricFog:1]]
[2021.03.12-15.08.31:301][  0]LogConfig: Setting CVar [[r.VolumetricFog.GridPixelSize:8]]
[2021.03.12-15.08.31:301][  0]LogConfig: Setting CVar [[r.VolumetricFog.GridSizeZ:128]]
[2021.03.12-15.08.31:301][  0]LogConfig: Setting CVar [[r.VolumetricFog.HistoryMissSupersampleCount:4]]
[2021.03.12-15.08.31:301][  0]LogConfig: Setting CVar [[r.LightMaxDrawDistanceScale:1]]
[2021.03.12-15.08.31:301][  0]LogConfig: Setting CVar [[r.CapsuleShadows:1]]
[2021.03.12-15.08.31:301][  0]LogConfig: Applying CVar settings from Section [PostProcessQuality@3] File [E:/Github/GEP/GEPProject/Saved/Config/Windows/Scalability.ini]
[2021.03.12-15.08.31:301][  0]LogConfig: Setting CVar [[r.MotionBlurQuality:4]]
[2021.03.12-15.08.31:301][  0]LogConfig: Setting CVar [[r.AmbientOcclusionMipLevelFactor:0.4]]
[2021.03.12-15.08.31:301][  0]LogConfig: Setting CVar [[r.AmbientOcclusionMaxQuality:100]]
[2021.03.12-15.08.31:301][  0]LogConfig: Setting CVar [[r.AmbientOcclusionLevels:-1]]
[2021.03.12-15.08.31:301][  0]LogConfig: Setting CVar [[r.AmbientOcclusionRadiusScale:1.0]]
[2021.03.12-15.08.31:301][  0]LogConfig: Setting CVar [[r.DepthOfFieldQuality:2]]
[2021.03.12-15.08.31:301][  0]LogConfig: Setting CVar [[r.RenderTargetPoolMin:400]]
[2021.03.12-15.08.31:301][  0]LogConfig: Setting CVar [[r.LensFlareQuality:2]]
[2021.03.12-15.08.31:301][  0]LogConfig: Setting CVar [[r.SceneColorFringeQuality:1]]
[2021.03.12-15.08.31:301][  0]LogConfig: Setting CVar [[r.EyeAdaptationQuality:2]]
[2021.03.12-15.08.31:301][  0]LogConfig: Setting CVar [[r.BloomQuality:5]]
[2021.03.12-15.08.31:301][  0]LogConfig: Setting CVar [[r.FastBlurThreshold:100]]
[2021.03.12-15.08.31:301][  0]LogConfig: Setting CVar [[r.Upscale.Quality:3]]
[2021.03.12-15.08.31:301][  0]LogConfig: Setting CVar [[r.Tonemapper.GrainQuantization:1]]
[2021.03.12-15.08.31:301][  0]LogConfig: Setting CVar [[r.LightShaftQuality:1]]
[2021.03.12-15.08.31:301][  0]LogConfig: Setting CVar [[r.Filter.SizeScale:1]]
[2021.03.12-15.08.31:301][  0]LogConfig: Setting CVar [[r.Tonemapper.Quality:5]]
[2021.03.12-15.08.31:301][  0]LogConfig: Setting CVar [[r.DOF.Gather.AccumulatorQuality:1        ; higher gathering accumulator quality]]
[2021.03.12-15.08.31:301][  0]LogConfig: Setting CVar [[r.DOF.Gather.PostfilterMethod:1          ; Median3x3 postfilering method]]
[2021.03.12-15.08.31:301][  0]LogConfig: Setting CVar [[r.DOF.Gather.EnableBokehSettings:0       ; no bokeh simulation when gathering]]
[2021.03.12-15.08.31:301][  0]LogConfig: Setting CVar [[r.DOF.Gather.RingCount:4                 ; medium number of samples when gathering]]
[2021.03.12-15.08.31:301][  0]LogConfig: Setting CVar [[r.DOF.Scatter.ForegroundCompositing:1    ; additive foreground scattering]]
[2021.03.12-15.08.31:301][  0]LogConfig: Setting CVar [[r.DOF.Scatter.BackgroundCompositing:2    ; additive background scattering]]
[2021.03.12-15.08.31:301][  0]LogConfig: Setting CVar [[r.DOF.Scatter.EnableBokehSettings:1      ; bokeh simulation when scattering]]
[2021.03.12-15.08.31:302][  0]LogConfig: Setting CVar [[r.DOF.Scatter.MaxSpriteRatio:0.1         ; only a maximum of 10% of scattered bokeh]]
[2021.03.12-15.08.31:302][  0]LogConfig: Setting CVar [[r.DOF.Recombine.Quality:1                ; cheap slight out of focus]]
[2021.03.12-15.08.31:302][  0]LogConfig: Setting CVar [[r.DOF.Recombine.EnableBokehSettings:0    ; no bokeh simulation on slight out of focus]]
[2021.03.12-15.08.31:302][  0]LogConfig: Setting CVar [[r.DOF.TemporalAAQuality:1                ; more stable temporal accumulation]]
[2021.03.12-15.08.31:302][  0]LogConfig: Setting CVar [[r.DOF.Kernel.MaxForegroundRadius:0.025]]
[2021.03.12-15.08.31:302][  0]LogConfig: Setting CVar [[r.DOF.Kernel.MaxBackgroundRadius:0.025]]
[2021.03.12-15.08.31:302][  0]LogConfig: Applying CVar settings from Section [TextureQuality@3] File [E:/Github/GEP/GEPProject/Saved/Config/Windows/Scalability.ini]
[2021.03.12-15.08.31:302][  0]LogConfig: Setting CVar [[r.Streaming.MipBias:0]]
[2021.03.12-15.08.31:302][  0]LogConfig: Setting CVar [[r.Streaming.AmortizeCPUToGPUCopy:0]]
[2021.03.12-15.08.31:302][  0]LogConfig: Setting CVar [[r.Streaming.MaxNumTexturesToStreamPerFrame:0]]
[2021.03.12-15.08.31:302][  0]LogConfig: Setting CVar [[r.Streaming.Boost:1]]
[2021.03.12-15.08.31:302][  0]LogConfig: Setting CVar [[r.MaxAnisotropy:8]]
[2021.03.12-15.08.31:302][  0]LogConfig: Setting CVar [[r.VT.MaxAnisotropy:8]]
[2021.03.12-15.08.31:302][  0]LogConfig: Setting CVar [[r.Streaming.LimitPoolSizeToVRAM:0]]
[2021.03.12-15.08.31:302][  0]LogConfig: Setting CVar [[r.Streaming.PoolSize:1000]]
[2021.03.12-15.08.31:302][  0]LogConfig: Setting CVar [[r.Streaming.MaxEffectiveScreenSize:0]]
[2021.03.12-15.08.31:302][  0]LogConfig: Applying CVar settings from Section [EffectsQuality@3] File [E:/Github/GEP/GEPProject/Saved/Config/Windows/Scalability.ini]
[2021.03.12-15.08.31:302][  0]LogConfig: Setting CVar [[r.TranslucencyLightingVolumeDim:64]]
[2021.03.12-15.08.31:302][  0]LogConfig: Setting CVar [[r.RefractionQuality:2]]
[2021.03.12-15.08.31:302][  0]LogConfig: Setting CVar [[r.SSR.Quality:3]]
[2021.03.12-15.08.31:302][  0]LogConfig: Setting CVar [[r.SSR.HalfResSceneColor:0]]
[2021.03.12-15.08.31:302][  0]LogConfig: Setting CVar [[r.SceneColorFormat:4]]
[2021.03.12-15.08.31:302][  0]LogConfig: Setting CVar [[r.DetailMode:2]]
[2021.03.12-15.08.31:302][  0]LogConfig: Setting CVar [[r.TranslucencyVolumeBlur:1]]
[2021.03.12-15.08.31:302][  0]LogConfig: Setting CVar [[r.MaterialQualityLevel:1 ; High quality]]
[2021.03.12-15.08.31:302][  0]LogConfig: Setting CVar [[r.SSS.Scale:1]]
[2021.03.12-15.08.31:302][  0]LogConfig: Setting CVar [[r.SSS.SampleSet:2]]
[2021.03.12-15.08.31:302][  0]LogConfig: Setting CVar [[r.SSS.Quality:1]]
[2021.03.12-15.08.31:302][  0]LogConfig: Setting CVar [[r.SSS.HalfRes:0]]
[2021.03.12-15.08.31:302][  0]LogConfig: Setting CVar [[r.SSGI.Quality:3]]
[2021.03.12-15.08.31:302][  0]LogConfig: Setting CVar [[r.EmitterSpawnRateScale:1.0]]
[2021.03.12-15.08.31:302][  0]LogConfig: Setting CVar [[r.ParticleLightQuality:2]]
[2021.03.12-15.08.31:302][  0]LogConfig: Setting CVar [[r.SkyAtmosphere.AerialPerspectiveLUT.FastApplyOnOpaque:1 ; Always have FastSkyLUT 1 in this case to avoid wrong sky]]
[2021.03.12-15.08.31:302][  0]LogConfig: Setting CVar [[r.SkyAtmosphere.AerialPerspectiveLUT.SampleCountPerSlice:1]]
[2021.03.12-15.08.31:302][  0]LogConfig: Setting CVar [[r.SkyAtmosphere.AerialPerspectiveLUT.DepthResolution:16.0]]
[2021.03.12-15.08.31:302][  0]LogConfig: Setting CVar [[r.SkyAtmosphere.FastSkyLUT:1]]
[2021.03.12-15.08.31:302][  0]LogConfig: Setting CVar [[r.SkyAtmosphere.FastSkyLUT.SampleCountMin:4.0]]
[2021.03.12-15.08.31:302][  0]LogConfig: Setting CVar [[r.SkyAtmosphere.FastSkyLUT.SampleCountMax:32.0]]
[2021.03.12-15.08.31:302][  0]LogConfig: Setting CVar [[r.SkyAtmosphere.SampleCountMin:4.0]]
[2021.03.12-15.08.31:302][  0]LogConfig: Setting CVar [[r.SkyAtmosphere.SampleCountMax:32.0]]
[2021.03.12-15.08.31:302][  0]LogConfig: Setting CVar [[r.SkyAtmosphere.TransmittanceLUT.UseSmallFormat:0]]
[2021.03.12-15.08.31:302][  0]LogConfig: Setting CVar [[r.SkyAtmosphere.TransmittanceLUT.SampleCount:10.0]]
[2021.03.12-15.08.31:302][  0]LogConfig: Setting CVar [[r.SkyAtmosphere.MultiScatteringLUT.SampleCount:15.0]]
[2021.03.12-15.08.31:302][  0]LogConfig: Applying CVar settings from Section [FoliageQuality@3] File [E:/Github/GEP/GEPProject/Saved/Config/Windows/Scalability.ini]
[2021.03.12-15.08.31:302][  0]LogConfig: Setting CVar [[foliage.DensityScale:1.0]]
[2021.03.12-15.08.31:302][  0]LogConfig: Setting CVar [[grass.DensityScale:1.0]]
[2021.03.12-15.08.31:302][  0]LogConfig: Applying CVar settings from Section [ShadingQuality@3] File [E:/Github/GEP/GEPProject/Saved/Config/Windows/Scalability.ini]
[2021.03.12-15.08.31:302][  0]LogConfig: Setting CVar [[r.HairStrands.SkyLighting.SampleCount:16]]
[2021.03.12-15.08.31:302][  0]LogConfig: Setting CVar [[r.HairStrands.SkyLighting.JitterIntegration:0]]
[2021.03.12-15.08.31:302][  0]LogConfig: Setting CVar [[r.HairStrands.SkyAO.SampleCount:16]]
[2021.03.12-15.08.31:302][  0]LogConfig: Setting CVar [[r.HairStrands.DeepShadow.SuperSampling:0]]
[2021.03.12-15.08.31:302][  0]LogConfig: Setting CVar [[r.HairStrands.VisibilityPPLL:0]]
[2021.03.12-15.08.31:302][  0]LogConfig: Setting CVar [[r.HairStrands.RasterizationScale:0.5]]
[2021.03.12-15.08.31:302][  0]LogConfig: Setting CVar [[r.HairStrands.VelocityRasterizationScale:1]]
[2021.03.12-15.08.31:302][  0]LogConfig: Applying CVar settings from Section [Startup] File [../../../Engine/Config/ConsoleVariables.ini]
[2021.03.12-15.08.31:303][  0]LogConfig: Setting CVar [[net.UseAdaptiveNetUpdateFrequency:0]]
[2021.03.12-15.08.31:303][  0]LogConfig: Setting CVar [[p.chaos.AllowCreatePhysxBodies:1]]
[2021.03.12-15.08.31:303][  0]LogConfig: Setting CVar [[fx.SkipVectorVMBackendOptimizations:1]]
[2021.03.12-15.08.31:303][  0]LogConfig: Applying CVar settings from Section [ConsoleVariables] File [E:/Github/GEP/GEPProject/Saved/Config/Windows/Engine.ini]
[2021.03.12-15.08.31:303][  0]LogInit: Computer: DESKTOP-8MPSU4G
[2021.03.12-15.08.31:303][  0]LogInit: User: cathan
[2021.03.12-15.08.31:303][  0]LogInit: CPU Page size=4096, Cores=8
[2021.03.12-15.08.31:303][  0]LogInit: High frequency timer resolution =10.000000 MHz
[2021.03.12-15.08.31:303][  0]LogMemory: Memory total: Physical=15.9GB (16GB approx)
[2021.03.12-15.08.31:303][  0]LogMemory: Platform Memory Stats for Windows
[2021.03.12-15.08.31:303][  0]LogMemory: Process Physical Memory: 118.58 MB used, 118.59 MB peak
[2021.03.12-15.08.31:303][  0]LogMemory: Process Virtual Memory: 106.17 MB used, 106.17 MB peak
[2021.03.12-15.08.31:303][  0]LogMemory: Physical Memory: 13935.87 MB used,  2394.61 MB free, 16330.47 MB total
[2021.03.12-15.08.31:303][  0]LogMemory: Virtual Memory: 5195.04 MB used,  134212536.00 MB free, 134217728.00 MB total
[2021.03.12-15.08.31:311][  0]LogWindows: WindowsPlatformFeatures enabled
[2021.03.12-15.08.31:476][  0]LogInit: Physics initialised using underlying interface: PhysX
[2021.03.12-15.08.31:478][  0]LogInit: Using OS detected language (en-GB).
[2021.03.12-15.08.31:478][  0]LogInit: Using OS detected locale (en-GB).
[2021.03.12-15.08.31:496][  0]LogTextLocalizationManager: No specific localization for 'en-GB' exists, so the 'en' localization will be used.
[2021.03.12-15.08.31:868][  0]LogInit: Setting process to per monitor DPI aware
[2021.03.12-15.08.32:001][  0]LogSlate: New Slate User Created.  User Index 0, Is Virtual User: 0
[2021.03.12-15.08.32:001][  0]LogSlate: Slate User Registered.  User Index 0, Is Virtual User: 0
[2021.03.12-15.08.36:331][  0]LogHMD: Failed to initialize OpenVR with code 110
[2021.03.12-15.08.36:331][  0]LogD3D11RHI: D3D11 min allowed feature level: 11_0
[2021.03.12-15.08.36:331][  0]LogD3D11RHI: D3D11 max allowed feature level: 11_0
[2021.03.12-15.08.36:331][  0]LogD3D11RHI: D3D11 adapters:
[2021.03.12-15.08.36:468][  0]LogD3D11RHI:    0. 'NVIDIA GeForce RTX 2060' (Feature Level 11_0)
[2021.03.12-15.08.36:468][  0]LogD3D11RHI:       5980/0/8165 MB DedicatedVideo/DedicatedSystem/SharedSystem, Outputs:2, VendorId:0x10de
[2021.03.12-15.08.36:472][  0]LogD3D11RHI:    1. 'Microsoft Basic Render Driver' (Feature Level 11_0)
[2021.03.12-15.08.36:472][  0]LogD3D11RHI:       0/0/8165 MB DedicatedVideo/DedicatedSystem/SharedSystem, Outputs:0, VendorId:0x1414
[2021.03.12-15.08.36:472][  0]LogD3D11RHI: Chosen D3D11 Adapter: 0
[2021.03.12-15.08.36:487][  0]LogD3D11RHI: Creating new Direct3DDevice
[2021.03.12-15.08.36:487][  0]LogD3D11RHI:     GPU DeviceId: 0x1f08 (for the marketing name, search the web for "GPU Device Id")
[2021.03.12-15.08.36:488][  0]LogWindows: EnumDisplayDevices:
[2021.03.12-15.08.36:488][  0]LogWindows:    0. 'NVIDIA GeForce RTX 2060' (P:1 D:1)
[2021.03.12-15.08.36:488][  0]LogWindows:    1. 'NVIDIA GeForce RTX 2060' (P:0 D:1)
[2021.03.12-15.08.36:488][  0]LogWindows:    2. 'NVIDIA GeForce RTX 2060' (P:0 D:0)
[2021.03.12-15.08.36:489][  0]LogWindows:    3. 'NVIDIA GeForce RTX 2060' (P:0 D:0)
[2021.03.12-15.08.36:489][  0]LogWindows: DebugString: FoundDriverCount:4 
[2021.03.12-15.08.36:489][  0]LogD3D11RHI:     Adapter Name: NVIDIA GeForce RTX 2060
[2021.03.12-15.08.36:489][  0]LogD3D11RHI:   Driver Version: 460.79 (internal:27.21.14.6079, unified:460.79)
[2021.03.12-15.08.36:489][  0]LogD3D11RHI:      Driver Date: 12-3-2020
[2021.03.12-15.08.36:489][  0]LogRHI: Texture pool is 4186 MB (70% of 5980 MB)
[2021.03.12-15.08.36:584][  0]LogD3D11RHI: RHI has support for 64 bit atomics
[2021.03.12-15.08.36:585][  0]LogD3D11RHI: Async texture creation enabled
[2021.03.12-15.08.36:585][  0]LogD3D11RHI: Array index from any shader is supported
[2021.03.12-15.08.36:657][  0]LogD3D11RHI: GPU Timing Frequency: 1000.000000 (Debug: 2 1)
[2021.03.12-15.08.36:985][  0]LogTargetPlatformManager: Display: Loaded TargetPlatform 'AllDesktop'
[2021.03.12-15.08.37:012][  0]LogTargetPlatformManager: Display: Loaded TargetPlatform 'Android'
[2021.03.12-15.08.37:012][  0]LogTargetPlatformManager: Display: Loaded TargetPlatform 'Android_ASTC'
[2021.03.12-15.08.37:012][  0]LogTargetPlatformManager: Display: Loaded TargetPlatform 'Android_DXT'
[2021.03.12-15.08.37:012][  0]LogTargetPlatformManager: Display: Loaded TargetPlatform 'Android_ETC2'
[2021.03.12-15.08.37:012][  0]LogTargetPlatformManager: Display: Loaded TargetPlatform 'AndroidClient'
[2021.03.12-15.08.37:012][  0]LogTargetPlatformManager: Display: Loaded TargetPlatform 'Android_ASTCClient'
[2021.03.12-15.08.37:012][  0]LogTargetPlatformManager: Display: Loaded TargetPlatform 'Android_DXTClient'
[2021.03.12-15.08.37:012][  0]LogTargetPlatformManager: Display: Loaded TargetPlatform 'Android_ETC2Client'
[2021.03.12-15.08.37:012][  0]LogTargetPlatformManager: Display: Loaded TargetPlatform 'Android_Multi'
[2021.03.12-15.08.37:012][  0]LogTargetPlatformManager: Display: Loaded TargetPlatform 'Android_MultiClient'
[2021.03.12-15.08.37:058][  0]LogTargetPlatformManager: Display: Loaded TargetPlatform 'IOSClient'
[2021.03.12-15.08.37:058][  0]LogTargetPlatformManager: Display: Loaded TargetPlatform 'IOS'
[2021.03.12-15.08.37:084][  0]LogTargetPlatformManager: Display: Loaded TargetPlatform 'Linux'
[2021.03.12-15.08.37:097][  0]LogTargetPlatformManager: Display: Loaded TargetPlatform 'LinuxNoEditor'
[2021.03.12-15.08.37:110][  0]LogTargetPlatformManager: Display: Loaded TargetPlatform 'LinuxClient'
[2021.03.12-15.08.37:123][  0]LogTargetPlatformManager: Display: Loaded TargetPlatform 'LinuxServer'
[2021.03.12-15.08.37:135][  0]LogTargetPlatformManager: Display: Loaded TargetPlatform 'LinuxAArch64NoEditor'
[2021.03.12-15.08.37:148][  0]LogTargetPlatformManager: Display: Loaded TargetPlatform 'LinuxAArch64Client'
[2021.03.12-15.08.37:161][  0]LogTargetPlatformManager: Display: Loaded TargetPlatform 'LinuxAArch64Server'
[2021.03.12-15.08.37:198][  0]LogTargetPlatformManager: Display: Loaded TargetPlatform 'Lumin'
[2021.03.12-15.08.37:198][  0]LogTargetPlatformManager: Display: Loaded TargetPlatform 'LuminClient'
[2021.03.12-15.08.37:216][  0]LogTargetPlatformManager: Display: Loaded TargetPlatform 'TVOSClient'
[2021.03.12-15.08.37:216][  0]LogTargetPlatformManager: Display: Loaded TargetPlatform 'TVOS'
[2021.03.12-15.08.37:229][  0]LogTargetPlatformManager: Display: Loaded TargetPlatform 'WindowsNoEditor'
[2021.03.12-15.08.37:242][  0]LogTargetPlatformManager: Display: Loaded TargetPlatform 'Windows'
[2021.03.12-15.08.37:255][  0]LogTargetPlatformManager: Display: Loaded TargetPlatform 'WindowsClient'
[2021.03.12-15.08.37:267][  0]LogTargetPlatformManager: Display: Loaded TargetPlatform 'WindowsServer'
[2021.03.12-15.08.37:267][  0]LogTargetPlatformManager: Display: Building Assets For Windows
[2021.03.12-15.08.37:284][  0]LogAudioDebug: Display: Lib vorbis DLL was dynamically loaded.
[2021.03.12-15.08.37:426][  0]LogShaderCompilers: Guid format shader working directory is 10 characters bigger than the processId version (../../../../../Github/GEP/GEPProject/Intermediate/Shaders/WorkingDirectory/13860/).
[2021.03.12-15.08.37:426][  0]LogShaderCompilers: Cleaned the shader compiler working directory 'C:/Users/cathan/AppData/Local/Temp/UnrealShaderWorkingDir/D6888AFA47530CBC35648098EBE2005D/'.
[2021.03.12-15.08.37:429][  0]LogXGEController: Cleaning working directory: C:/Users/cathan/AppData/Local/Temp/UnrealXGEWorkingDir/
[2021.03.12-15.08.37:429][  0]LogXGEController: Cannot use XGE Controller as Incredibuild is not installed on this machine.
[2021.03.12-15.08.37:429][  0]LogShaderCompilers: Cannot use XGE Shader Compiler as Incredibuild is not installed on this machine.
[2021.03.12-15.08.37:429][  0]LogShaderCompilers: Display: Using Local Shader Compiler.
[2021.03.12-15.08.41:866][  0]LogDerivedDataCache: Display: Max Cache Size: 512 MB
[2021.03.12-15.08.42:077][  0]LogDerivedDataCache: Loaded boot cache 0.21s 77MB C:/Users/cathan/AppData/Local/UnrealEngine/4.25/DerivedDataCache/Boot.ddc.
[2021.03.12-15.08.42:077][  0]LogDerivedDataCache: Display: Loaded Boot cache: C:/Users/cathan/AppData/Local/UnrealEngine/4.25/DerivedDataCache/Boot.ddc
[2021.03.12-15.08.42:077][  0]LogDerivedDataCache: FDerivedDataBackendGraph:  Pak pak cache file ../../../../../Github/GEP/GEPProject/DerivedDataCache/DDC.ddp not found, will not use a pak cache.
[2021.03.12-15.08.42:077][  0]LogDerivedDataCache: Unable to find inner node Pak for hierarchical cache Hierarchy.
[2021.03.12-15.08.42:077][  0]LogDerivedDataCache: FDerivedDataBackendGraph:  CompressedPak pak cache file ../../../../../Github/GEP/GEPProject/DerivedDataCache/Compressed.ddp not found, will not use a pak cache.
[2021.03.12-15.08.42:077][  0]LogDerivedDataCache: Unable to find inner node CompressedPak for hierarchical cache Hierarchy.
[2021.03.12-15.08.42:095][  0]LogDerivedDataCache: Display: Pak cache opened for reading ../../../Engine/DerivedDataCache/Compressed.ddp.
[2021.03.12-15.08.42:095][  0]LogDerivedDataCache: FDerivedDataBackendGraph:  EnterprisePak pak cache file ../../../Enterprise/DerivedDataCache/Compressed.ddp not found, will not use a pak cache.
[2021.03.12-15.08.42:095][  0]LogDerivedDataCache: Unable to find inner node EnterprisePak for hierarchical cache Hierarchy.
[2021.03.12-15.08.42:097][  0]LogDerivedDataCache: Using Local data cache path C:/Users/cathan/AppData/Local/UnrealEngine/Common/DerivedDataCache: Writable
[2021.03.12-15.08.42:097][  0]LogDerivedDataCache: Shared data cache path not found in *engine.ini, will not use an Shared cache.
[2021.03.12-15.08.42:097][  0]LogDerivedDataCache: Unable to find inner node Shared for hierarchical cache Hierarchy.
[2021.03.12-15.08.42:166][  0]LogSlate: Using FreeType 2.10.0
[2021.03.12-15.08.42:191][  0]LogSlate: SlateFontServices - WITH_FREETYPE: 1, WITH_HARFBUZZ: 1
[2021.03.12-15.08.42:632][  0]LogAssetRegistry: FAssetRegistry took 0.0076 seconds to start up
[2021.03.12-15.08.43:260][  0]LogInit: Selected Device Profile: [Windows]
[2021.03.12-15.08.43:526][  0]LogMeshReduction: Using QuadricMeshReduction for automatic static mesh reduction
[2021.03.12-15.08.43:526][  0]LogMeshReduction: Using SimplygonMeshReduction for automatic skeletal mesh reduction
[2021.03.12-15.08.43:526][  0]LogMeshReduction: Using ProxyLODMeshReduction for automatic mesh merging
[2021.03.12-15.08.43:526][  0]LogMeshReduction: No distributed automatic mesh merging module available
[2021.03.12-15.08.43:527][  0]LogMeshMerging: No distributed automatic mesh merging module available
[2021.03.12-15.08.43:594][  0]LogNetVersion: GEPProject 1.0.0, NetCL: 13144385, EngineNetVer: 14, GameNetVer: 0 (Checksum: 386946200)
[2021.03.12-15.08.47:602][  0]LogAISub: UAISubsystem::UAISubsystem AISubsystem (000002E310F61800), frame # 0
[2021.03.12-15.08.47:602][  0]LogAISub: UAISubsystem::UAISubsystem AIPerceptionSystem (000002E310E7E980), frame # 0
[2021.03.12-15.08.47:610][  0]LogAISub: UAISubsystem::UAISubsystem EnvQueryManager (000002E310FDAA00), frame # 0
[2021.03.12-15.08.47:734][  0]LogPackageLocalizationCache: Processed 19 localized package path(s) for 1 prioritized culture(s) in 0.084868 seconds
[2021.03.12-15.08.47:741][  0]LogUObjectArray: 15917 objects as part of root set at end of initial load.
[2021.03.12-15.08.47:741][  0]LogUObjectAllocator: 3965568 out of 0 bytes used by permanent object pool.
[2021.03.12-15.08.47:741][  0]LogUObjectArray: CloseDisregardForGC: 0/0 objects in disregard for GC pool
[2021.03.12-15.08.48:855][  0]LogTcpMessaging: Initializing TcpMessaging bridge
[2021.03.12-15.08.48:865][  0]LogUdpMessaging: Initializing bridge on interface 0.0.0.0:0 to multicast group 230.0.0.1:6666.
[2021.03.12-15.08.49:063][  0]SourceControl: Source control is disabled
[2021.03.12-15.08.49:065][  0]SourceControl: Source control is disabled
[2021.03.12-15.08.49:080][  0]SourceControl: Source control is disabled
[2021.03.12-15.08.49:088][  0]SourceControl: Source control is disabled
[2021.03.12-15.08.49:114][  0]SourceControl: Source control is disabled
[2021.03.12-15.08.49:879][  0]LogAndroidPermission: UAndroidPermissionCallbackProxy::GetInstance
[2021.03.12-15.08.49:916][  0]LogAudioCaptureCore: Display: No Audio Capture implementations found. Audio input will be silent.
[2021.03.12-15.08.49:916][  0]LogAudioCaptureCore: Display: No Audio Capture implementations found. Audio input will be silent.
[2021.03.12-15.08.50:011][  0]LogOcInput: OculusInput pre-init called
[2021.03.12-15.08.50:034][  0]LogWindows: Failed to load 'OVRPlugin.dll' (GetLastError=126)
[2021.03.12-15.08.50:034][  0]LogWindows: File 'OVRPlugin.dll' does not exist
[2021.03.12-15.08.50:252][  0]LogEngine: Initializing Engine...
[2021.03.12-15.08.50:260][  0]LogHMD: Failed to initialize OpenVR with code 110
[2021.03.12-15.08.50:260][  0]LogMagicLeap: Warning: VR disabled because ZI is not enabled.  To enable, in the editor, Edit -> Project Settings -> Plugins -> Magic Leap Plugin -> Enable Zero Iteration
[2021.03.12-15.08.50:265][  0]LogStats: UGameplayTagsManager::InitializeManager -  0.002 s
[2021.03.12-15.08.50:421][  0]LogInit: Initializing FReadOnlyCVARCache
[2021.03.12-15.08.50:490][  0]LogAIModule: Creating AISystem for world Untitled
[2021.03.12-15.08.50:491][  0]LogAISub: UAISubsystem::UAISubsystem EnvQueryManager (000002E3190DBC00), frame # 0
[2021.03.12-15.08.50:491][  0]LogAISub: UAISubsystem::UAISubsystem AIPerceptionSystem (000002E31918DA80), frame # 0
[2021.03.12-15.08.50:519][  0]LogAudioMixer: Display: Audio Mixer Platform Settings:
[2021.03.12-15.08.50:520][  0]LogAudioMixer: Display: 	Sample Rate:						  48000
[2021.03.12-15.08.50:520][  0]LogAudioMixer: Display: 	Callback Buffer Frame Size Requested: 1024
[2021.03.12-15.08.50:520][  0]LogAudioMixer: Display: 	Callback Buffer Frame Size To Use:	  1024
[2021.03.12-15.08.50:520][  0]LogAudioMixer: Display: 	Number of buffers to queue:			  2
[2021.03.12-15.08.50:520][  0]LogAudioMixer: Display: 	Max Channels (voices):				  32
[2021.03.12-15.08.50:520][  0]LogAudioMixer: Display: 	Number of Async Source Workers:		  0
[2021.03.12-15.08.50:520][  0]LogAudio: Display: AudioDevice MaxSources: 32
[2021.03.12-15.08.50:523][  0]LogAudio: Display: Using built-in audio occlusion.
[2021.03.12-15.08.50:523][  0]LogAudioMixer: Display: Initializing audio mixer.
[2021.03.12-15.08.50:562][  0]LogAudioMixer: Display: 0: FrontLeft
[2021.03.12-15.08.50:562][  0]LogAudioMixer: Display: 1: FrontRight
[2021.03.12-15.08.50:608][  0]LogAudioMixer: Display: Using Audio Device OUT 1-2 (BEHRINGER UMC 202HD 192k)
[2021.03.12-15.08.50:613][  0]LogAudioMixer: Display: Initializing Sound Submixes...
[2021.03.12-15.08.50:616][  0]LogAudioMixer: Display: Creating Master Submix 'MasterSubmixDefault'
[2021.03.12-15.08.50:617][  0]LogAudioMixer: Display: Creating Master Submix 'MasterReverbSubmixDefault'
[2021.03.12-15.08.50:620][  0]LogAudioMixer: Display: Creating Master Submix 'MasterEQSubmixDefault'
[2021.03.12-15.08.50:622][  0]LogInit: FAudioDevice initialized.
[2021.03.12-15.08.50:624][  0]LogNetVersion: Set ProjectVersion to 1.0.0.0. Version Checksum will be recalculated on next use.
[2021.03.12-15.08.50:717][  0]LogDerivedDataCache: Saved boot cache 0.09s 77MB C:/Users/cathan/AppData/Local/UnrealEngine/4.25/DerivedDataCache/Boot.ddc.
[2021.03.12-15.08.50:723][  0]LogInit: Texture streaming: Enabled
[2021.03.12-15.08.50:762][  0]LogEngineSessionManager: EngineSessionManager initialized
[2021.03.12-15.08.50:762][  0]LogEditorSessionSummary: Verbose: Initializing EditorSessionSummaryWriter for editor session tracking
[2021.03.12-15.08.50:772][  0]LogEditorSessionSummary: EditorSessionSummaryWriter initialized
[2021.03.12-15.08.50:889][  0]LogInit: Transaction tracking system initialized
[2021.03.12-15.08.50:952][  0]BlueprintLog: New page: Editor Load
[2021.03.12-15.08.51:176][  0]LocalizationService: Localization service is disabled
[2021.03.12-15.08.51:536][  0]LogCook: Display: Max memory allowance for cook 16384mb min free memory 0mb
[2021.03.12-15.08.51:536][  0]LogCook: Display: Mobile HDR setting 1
[2021.03.12-15.08.52:043][  0]LogFileCache: Scanning file cache for directory 'E:/Github/GEP/GEPProject/Content/' took 0.01s
[2021.03.12-15.08.52:299][  0]SourceControl: Source control is disabled
[2021.03.12-15.08.52:300][  0]LogUnrealEdMisc: Loading editor; pre map load, took 24.476
[2021.03.12-15.08.52:301][  0]Cmd: MAP LOAD FILE="../../../../../Github/GEP/GEPProject/Content/FirstPersonCPP/Maps/FirstPersonExampleMap.umap" TEMPLATE=0 SHOWPROGRESS=1 FEATURELEVEL=3
[2021.03.12-15.08.52:302][  0]LightingResults: New page: Lighting Build
[2021.03.12-15.08.52:310][  0]LogWorld: UWorld::CleanupWorld for Untitled, bSessionEnded=true, bCleanupResources=true
[2021.03.12-15.08.52:311][  0]LogSlate: InvalidateAllWidgets triggered.  All widgets were invalidated
[2021.03.12-15.08.52:314][  0]MapCheck: New page: Map Check
[2021.03.12-15.08.52:314][  0]LightingResults: New page: Lighting Build
[2021.03.12-15.08.52:344][  0]LogAISub: UAISubsystem::~UAISubsystem EnvQueryManager (000002E3190DBC00), frame # 0
[2021.03.12-15.08.52:344][  0]LogAISub: UAISubsystem::~UAISubsystem AIPerceptionSystem (000002E31918DA80), frame # 0
[2021.03.12-15.08.52:346][  0]LogUObjectHash: Compacting FUObjectHashTables data took   0.73ms
[2021.03.12-15.08.52:842][  0]LogAIModule: Creating AISystem for world FirstPersonExampleMap
[2021.03.12-15.08.52:842][  0]LogAISub: UAISubsystem::UAISubsystem EnvQueryManager (000002E30387BC00), frame # 0
[2021.03.12-15.08.52:842][  0]LogAISub: UAISubsystem::UAISubsystem AIPerceptionSystem (000002E3037F3880), frame # 0
[2021.03.12-15.08.52:875][  0]LogEditorServer: Finished looking for orphan Actors (0.000 secs)
[2021.03.12-15.08.53:001][  0]LogUObjectHash: Compacting FUObjectHashTables data took   0.84ms
[2021.03.12-15.08.53:002][  0]Cmd: MAP CHECKDEP NOCLEARLOG
[2021.03.12-15.08.53:002][  0]MapCheck: Map check complete: 0 Error(s), 0 Warning(s), took 0.145ms to complete.
[2021.03.12-15.08.53:002][  0]LogFileHelpers: Loading map 'FirstPersonExampleMap' took 0.702
[2021.03.12-15.08.53:047][  0]LogUnrealEdMisc: Total Editor Startup Time, took 25.223
[2021.03.12-15.08.53:229][  0]LogSlate: Updating window title bar state: overlay mode, drag disabled, window buttons hidden, title bar hidden
[2021.03.12-15.08.53:238][  0]LogSlate: Updating window title bar state: overlay mode, drag disabled, window buttons hidden, title bar hidden
[2021.03.12-15.08.53:245][  0]LogSlate: Updating window title bar state: overlay mode, drag disabled, window buttons hidden, title bar hidden
[2021.03.12-15.08.53:253][  0]LogSlate: Updating window title bar state: overlay mode, drag disabled, window buttons hidden, title bar hidden
[2021.03.12-15.08.53:272][  0]LogCollectionManager: Loaded 0 collections in 0.001109 seconds
[2021.03.12-15.08.53:319][  0]LogFileCache: Scanning file cache for directory 'E:/Github/GEP/GEPProject/Saved/Collections/' took 0.00s
[2021.03.12-15.08.53:319][  0]LogFileCache: Scanning file cache for directory 'E:/Github/GEP/GEPProject/Content/Developers/cathan/Collections/' took 0.00s
[2021.03.12-15.08.53:319][  0]LogFileCache: Scanning file cache for directory 'E:/Github/GEP/GEPProject/Content/Collections/' took 0.00s
[2021.03.12-15.08.53:319][  0]LogContentBrowser: Native class hierarchy populated in 0.0133 seconds. Added 3443 classes and 825 folders.
[2021.03.12-15.08.53:333][  0]LogContentBrowser: Native class hierarchy updated for 'WidgetCarousel' in 0.0004 seconds. Added 0 classes and 0 folders.
[2021.03.12-15.08.54:128][  0]LogContentBrowser: Native class hierarchy updated for 'AddContentDialog' in 0.0005 seconds. Added 0 classes and 0 folders.
[2021.03.12-15.08.54:135][  0]LogContentBrowser: Native class hierarchy updated for 'SceneOutliner' in 0.0005 seconds. Added 2 classes and 0 folders.
[2021.03.12-15.08.54:313][  0]LogSlate: Took 0.077862 seconds to synchronously load lazily loaded font '../../../Engine/Content/Slate/Fonts/Roboto-Regular.ttf' (155K)
[2021.03.12-15.08.54:324][  0]LogSlate: Took 0.008068 seconds to synchronously load lazily loaded font '../../../Engine/Content/Slate/Fonts/Roboto-Bold.ttf' (160K)
[2021.03.12-15.08.54:437][  0]LogSlate: Took 0.104573 seconds to synchronously load lazily loaded font '../../../Engine/Content/Editor/Slate/Fonts/FontAwesome.ttf' (139K)
[2021.03.12-15.08.54:544][  0]LogRenderer: Reallocating scene render targets to support 1208x572 Format 10 NumSamples 1 (Frame:1).
[2021.03.12-15.08.54:675][  0]LogSlate: Took 0.009554 seconds to synchronously load lazily loaded font '../../../Engine/Content/Slate/Fonts/Roboto-Light.ttf' (167K)
[2021.03.12-15.08.54:746][  0]LogContentBrowser: Native class hierarchy updated for 'HierarchicalLODOutliner' in 0.0006 seconds. Added 0 classes and 0 folders.
[2021.03.12-15.08.54:746][  0]LogLoad: (Engine Initialization) Total time: 26.92 seconds
[2021.03.12-15.08.54:746][  0]LogLoad: (Engine Initialization) Total Blueprint compile time: 0.00 seconds
[2021.03.12-15.08.54:776][  0]LogActor: Warning: BP_TestBlock_C /Engine/Transient.World_0:PersistentLevel.BP_TestBlock_C_0 has natively added scene component(s), but none of them were set as the actor's RootComponent - picking one arbitrarily
[2021.03.12-15.08.54:813][  0]LogAssetRegistry: Asset discovery search completed in 12.1836 seconds
[2021.03.12-15.08.54:818][  0]LogCollectionManager: Fixed up redirectors for 0 collections in 0.000360 seconds (updated 0 objects)
[2021.03.12-15.08.54:831][  0]LogContentStreaming: Texture pool size now 1000 MB
[2021.03.12-15.09.03:612][ 13]LogEditorViewport: Clicking on Actor (LMB): StaticMeshActor (Floor)
[2021.03.12-15.09.04:159][ 54]LogEditorViewport: Clicking on Actor (LMB): PlayerStart (NetworkPlayerStart)
[2021.03.12-15.09.06:153][273]LogTemp: Repeating last play command: Selected Viewport
[2021.03.12-15.09.06:178][273]LogPlayLevel: PlayLevel: No blueprints needed recompiling
[2021.03.12-15.09.06:190][273]PIE: New page: PIE session: FirstPersonExampleMap (12 Mar 2021, 15:09:06)
[2021.03.12-15.09.06:196][273]LogOnline: OSS: Creating online subsystem instance for: NULL
[2021.03.12-15.09.06:198][273]LogOnline: OSS: TryLoadSubsystemAndSetDefault: Loaded subsystem for module [NULL]
[2021.03.12-15.09.06:199][273]LogPlayLevel: Creating play world package: /Game/FirstPersonCPP/Maps/UEDPIE_0_FirstPersonExampleMap
[2021.03.12-15.09.06:217][273]LogPlayLevel: PIE: StaticDuplicateObject took: (0.018426s)
[2021.03.12-15.09.06:218][273]LogAIModule: Creating AISystem for world FirstPersonExampleMap
[2021.03.12-15.09.06:219][273]LogAISub: UAISubsystem::UAISubsystem EnvQueryManager (000002E33D671000), frame # 1273
[2021.03.12-15.09.06:219][273]LogAISub: UAISubsystem::UAISubsystem AIPerceptionSystem (000002E310765BC0), frame # 1273
[2021.03.12-15.09.06:219][273]LogPlayLevel: PIE: World Init took: (0.001593s)
[2021.03.12-15.09.06:219][273]LogPlayLevel: PIE: Created PIE world by copying editor world from /Game/FirstPersonCPP/Maps/FirstPersonExampleMap.FirstPersonExampleMap to /Game/FirstPersonCPP/Maps/UEDPIE_0_FirstPersonExampleMap.FirstPersonExampleMap (0.020256s)
[2021.03.12-15.09.06:233][273]LogUObjectHash: Compacting FUObjectHashTables data took   0.73ms
[2021.03.12-15.09.06:237][273]LogAudioMixer: Display: Audio Mixer Platform Settings:
[2021.03.12-15.09.06:237][273]LogAudioMixer: Display: 	Sample Rate:						  48000
[2021.03.12-15.09.06:237][273]LogAudioMixer: Display: 	Callback Buffer Frame Size Requested: 1024
[2021.03.12-15.09.06:237][273]LogAudioMixer: Display: 	Callback Buffer Frame Size To Use:	  1024
[2021.03.12-15.09.06:237][273]LogAudioMixer: Display: 	Number of buffers to queue:			  2
[2021.03.12-15.09.06:237][273]LogAudioMixer: Display: 	Max Channels (voices):				  32
[2021.03.12-15.09.06:237][273]LogAudioMixer: Display: 	Number of Async Source Workers:		  0
[2021.03.12-15.09.06:237][273]LogAudio: Display: AudioDevice MaxSources: 32
[2021.03.12-15.09.06:237][273]LogAudio: Display: Using built-in audio occlusion.
[2021.03.12-15.09.06:238][273]LogAudioMixer: Display: Initializing audio mixer.
[2021.03.12-15.09.06:246][273]LogAudioMixer: Display: 0: FrontLeft
[2021.03.12-15.09.06:246][273]LogAudioMixer: Display: 1: FrontRight
[2021.03.12-15.09.06:494][273]LogAudioMixer: Display: Using Audio Device OUT 1-2 (BEHRINGER UMC 202HD 192k)
[2021.03.12-15.09.06:494][273]LogAudioMixer: Display: Initializing Sound Submixes...
[2021.03.12-15.09.06:494][273]LogAudioMixer: Display: Creating Master Submix 'MasterSubmixDefault'
[2021.03.12-15.09.06:494][273]LogAudioMixer: Display: Creating Master Submix 'MasterReverbSubmixDefault'
[2021.03.12-15.09.06:495][273]LogAudioMixer: Display: Creating Master Submix 'MasterEQSubmixDefault'
[2021.03.12-15.09.06:508][273]LogInit: FAudioDevice initialized.
[2021.03.12-15.09.06:519][273]LogLoad: Game class is 'GEPProjectGameMode'
[2021.03.12-15.09.06:528][273]LogWorld: Bringing World /Game/FirstPersonCPP/Maps/UEDPIE_0_FirstPersonExampleMap.FirstPersonExampleMap up for play (max tick rate 0) at 2021.03.12-15.09.06
[2021.03.12-15.09.06:539][273]LogWorld: Bringing up level for play took: 0.012188
[2021.03.12-15.09.06:541][273]LogOnline: OSS: Creating online subsystem instance for: :Context_4
[2021.03.12-15.09.06:554][273]LogContentBrowser: Native class hierarchy updated for 'MovieSceneCapture' in 0.0006 seconds. Added 20 classes and 0 folders.
[2021.03.12-15.09.06:564][273]PIE: Server logged in
[2021.03.12-15.09.06:565][273]PIE: Play in editor total start time 0.392 seconds.
[2021.03.12-15.09.10:890][772]LogSlate: Updating window title bar state: overlay mode, drag disabled, window buttons hidden, title bar hidden
[2021.03.12-15.09.10:890][772]LogWorld: BeginTearingDown for /Game/FirstPersonCPP/Maps/UEDPIE_0_FirstPersonExampleMap
[2021.03.12-15.09.10:892][772]LogWorld: UWorld::CleanupWorld for FirstPersonExampleMap, bSessionEnded=true, bCleanupResources=true
[2021.03.12-15.09.10:893][772]LogSlate: InvalidateAllWidgets triggered.  All widgets were invalidated
[2021.03.12-15.09.10:904][772]LogPlayLevel: Display: Shutting down PIE online subsystems
[2021.03.12-15.09.10:908][772]LogSlate: InvalidateAllWidgets triggered.  All widgets were invalidated
[2021.03.12-15.09.10:941][772]LogSlate: Updating window title bar state: overlay mode, drag disabled, window buttons hidden, title bar hidden
[2021.03.12-15.09.10:947][772]LogAISub: UAISubsystem::~UAISubsystem AIPerceptionSystem (000002E310765BC0), frame # 1772
[2021.03.12-15.09.10:947][772]LogAISub: UAISubsystem::~UAISubsystem EnvQueryManager (000002E33D671000), frame # 1772
[2021.03.12-15.09.10:950][772]LogUObjectHash: Compacting FUObjectHashTables data took   0.69ms
[2021.03.12-15.09.10:986][773]LogPlayLevel: Display: Destroying online subsystem :Context_4
[2021.03.12-15.09.18:739][655]LogSlate: Took 0.000293 seconds to synchronously load lazily loaded font '../../../Engine/Content/Slate/Fonts/Roboto-Light.ttf' (167K)
[2021.03.12-15.09.18:759][655]LogAssetEditorSubsystem: Opening Asset editor for Blueprint /Game/BP_GEPPlayerController.BP_GEPPlayerController
[2021.03.12-15.09.19:036][655]LogContentBrowser: Native class hierarchy updated for 'BlueprintGraph' in 0.0009 seconds. Added 125 classes and 0 folders.
[2021.03.12-15.09.24:785][137]LogSlate: Window 'BP_GEPPlayerController' being destroyed
[2021.03.12-15.09.24:792][137]LogSlate: Window 'BP_GEPPlayerController' being destroyed
[2021.03.12-15.09.24:826][137]LogWorld: UWorld::CleanupWorld for World_3, bSessionEnded=true, bCleanupResources=true
[2021.03.12-15.09.24:826][137]LogSlate: InvalidateAllWidgets triggered.  All widgets were invalidated
[2021.03.12-15.09.55:847][196]LogSlate: Window 'Project Settings' being destroyed
[2021.03.12-15.09.55:853][196]LogSlate: Window 'Project Settings' being destroyed
[2021.03.12-15.10.02:288][883]LogAssetEditorSubsystem: Opening Asset editor for World /Game/FirstPersonCPP/Maps/FirstPersonExampleMap.FirstPersonExampleMap
[2021.03.12-15.10.02:358][883]LogUObjectHash: Compacting FUObjectHashTables data took   3.57ms
[2021.03.12-15.10.02:360][883]Cmd: MAP LOAD FILE="../../../../../Github/GEP/GEPProject/Content/FirstPersonCPP/Maps/FirstPersonExampleMap.umap" TEMPLATE=0 SHOWPROGRESS=1 FEATURELEVEL=3
[2021.03.12-15.10.02:360][883]LightingResults: New page: Lighting Build
[2021.03.12-15.10.02:361][883]LoadErrors: New page: Loading map: FirstPersonExampleMap.umap
[2021.03.12-15.10.02:363][883]LogWorld: UWorld::CleanupWorld for FirstPersonExampleMap, bSessionEnded=true, bCleanupResources=true
[2021.03.12-15.10.02:363][883]LogSlate: InvalidateAllWidgets triggered.  All widgets were invalidated
[2021.03.12-15.10.02:363][883]MapCheck: New page: Map Check
[2021.03.12-15.10.02:363][883]LightingResults: New page: Lighting Build
[2021.03.12-15.10.02:390][883]LogAISub: UAISubsystem::~UAISubsystem EnvQueryManager (000002E30387BC00), frame # 4883
[2021.03.12-15.10.02:390][883]LogAISub: UAISubsystem::~UAISubsystem AIPerceptionSystem (000002E3037F3880), frame # 4883
[2021.03.12-15.10.02:411][883]LogUObjectHash: Compacting FUObjectHashTables data took   2.83ms
[2021.03.12-15.10.02:433][883]LogAIModule: Creating AISystem for world FirstPersonExampleMap
[2021.03.12-15.10.02:433][883]LogAISub: UAISubsystem::UAISubsystem EnvQueryManager (000002E38A6FAA00), frame # 4883
[2021.03.12-15.10.02:433][883]LogAISub: UAISubsystem::UAISubsystem AIPerceptionSystem (000002E38A598400), frame # 4883
[2021.03.12-15.10.02:458][883]LogEditorServer: Finished looking for orphan Actors (0.000 secs)
[2021.03.12-15.10.02:476][883]LogUObjectHash: Compacting FUObjectHashTables data took   1.56ms
[2021.03.12-15.10.02:513][883]Cmd: MAP CHECKDEP NOCLEARLOG
[2021.03.12-15.10.02:514][883]MapCheck: Map check complete: 0 Error(s), 0 Warning(s), took 1.142ms to complete.
[2021.03.12-15.10.02:515][883]LogFileHelpers: Loading map 'FirstPersonExampleMap' took 0.154
[2021.03.12-15.10.12:455][909]LogSlate: Window 'Project Settings' being destroyed
[2021.03.12-15.10.12:460][909]LogSlate: Window 'Project Settings' being destroyed
[2021.03.12-15.10.21:470][954]LogTemp: Repeating last play command: Selected Viewport
[2021.03.12-15.10.21:490][954]LogPlayLevel: PlayLevel: No blueprints needed recompiling
[2021.03.12-15.10.21:490][954]PIE: New page: PIE session: FirstPersonExampleMap (12 Mar 2021, 15:10:21)
[2021.03.12-15.10.21:491][954]LogPlayLevel: Creating play world package: /Game/FirstPersonCPP/Maps/UEDPIE_0_FirstPersonExampleMap
[2021.03.12-15.10.21:504][954]LogPlayLevel: PIE: StaticDuplicateObject took: (0.013546s)
[2021.03.12-15.10.21:505][954]LogAIModule: Creating AISystem for world FirstPersonExampleMap
[2021.03.12-15.10.21:505][954]LogAISub: UAISubsystem::UAISubsystem EnvQueryManager (000002E38A6F8A00), frame # 6954
[2021.03.12-15.10.21:505][954]LogAISub: UAISubsystem::UAISubsystem AIPerceptionSystem (000002E389A1C400), frame # 6954
[2021.03.12-15.10.21:505][954]LogPlayLevel: PIE: World Init took: (0.001135s)
[2021.03.12-15.10.21:505][954]LogPlayLevel: PIE: Created PIE world by copying editor world from /Game/FirstPersonCPP/Maps/FirstPersonExampleMap.FirstPersonExampleMap to /Game/FirstPersonCPP/Maps/UEDPIE_0_FirstPersonExampleMap.FirstPersonExampleMap (0.014861s)
[2021.03.12-15.10.21:522][954]LogUObjectHash: Compacting FUObjectHashTables data took   1.57ms
[2021.03.12-15.10.21:527][954]LogAudioMixer: Display: Audio Mixer Platform Settings:
[2021.03.12-15.10.21:527][954]LogAudioMixer: Display: 	Sample Rate:						  48000
[2021.03.12-15.10.21:527][954]LogAudioMixer: Display: 	Callback Buffer Frame Size Requested: 1024
[2021.03.12-15.10.21:527][954]LogAudioMixer: Display: 	Callback Buffer Frame Size To Use:	  1024
[2021.03.12-15.10.21:527][954]LogAudioMixer: Display: 	Number of buffers to queue:			  2
[2021.03.12-15.10.21:527][954]LogAudioMixer: Display: 	Max Channels (voices):				  32
[2021.03.12-15.10.21:527][954]LogAudioMixer: Display: 	Number of Async Source Workers:		  0
[2021.03.12-15.10.21:528][954]LogAudio: Display: AudioDevice MaxSources: 32
[2021.03.12-15.10.21:528][954]LogAudio: Display: Using built-in audio occlusion.
[2021.03.12-15.10.21:528][954]LogAudioMixer: Display: Initializing audio mixer.
[2021.03.12-15.10.21:535][954]LogAudioMixer: Display: 0: FrontLeft
[2021.03.12-15.10.21:535][954]LogAudioMixer: Display: 1: FrontRight
[2021.03.12-15.10.21:555][954]LogAudioMixer: Display: Using Audio Device OUT 1-2 (BEHRINGER UMC 202HD 192k)
[2021.03.12-15.10.21:556][954]LogAudioMixer: Display: Initializing Sound Submixes...
[2021.03.12-15.10.21:556][954]LogAudioMixer: Display: Creating Master Submix 'MasterSubmixDefault'
[2021.03.12-15.10.21:556][954]LogAudioMixer: Display: Creating Master Submix 'MasterReverbSubmixDefault'
[2021.03.12-15.10.21:557][954]LogAudioMixer: Display: Creating Master Submix 'MasterEQSubmixDefault'
[2021.03.12-15.10.21:571][954]LogInit: FAudioDevice initialized.
[2021.03.12-15.10.21:580][954]LogLoad: Game class is 'GEPProjectGameMode'
[2021.03.12-15.10.21:582][954]LogWorld: Bringing World /Game/FirstPersonCPP/Maps/UEDPIE_0_FirstPersonExampleMap.FirstPersonExampleMap up for play (max tick rate 0) at 2021.03.12-15.10.21
[2021.03.12-15.10.21:582][954]LogWorld: Bringing up level for play took: 0.001680
[2021.03.12-15.10.21:582][954]LogOnline: OSS: Creating online subsystem instance for: :Context_8
[2021.03.12-15.10.21:586][954]PIE: Server logged in
[2021.03.12-15.10.21:587][954]PIE: Play in editor total start time 0.098 seconds.
[2021.03.12-15.10.37:912][812]LogSlate: Took 0.001283 seconds to synchronously load lazily loaded font '../../../Engine/Content/Slate/Fonts/Roboto-Italic.ttf' (157K)
[2021.03.12-15.11.01:723][519]LogSlate: Updating window title bar state: overlay mode, drag disabled, window buttons hidden, title bar hidden
[2021.03.12-15.11.01:723][519]LogWorld: BeginTearingDown for /Game/FirstPersonCPP/Maps/UEDPIE_0_FirstPersonExampleMap
[2021.03.12-15.11.01:723][519]LogWorld: UWorld::CleanupWorld for FirstPersonExampleMap, bSessionEnded=true, bCleanupResources=true
[2021.03.12-15.11.01:724][519]LogSlate: InvalidateAllWidgets triggered.  All widgets were invalidated
[2021.03.12-15.11.01:740][519]LogPlayLevel: Display: Shutting down PIE online subsystems
[2021.03.12-15.11.01:743][519]LogSlate: InvalidateAllWidgets triggered.  All widgets were invalidated
[2021.03.12-15.11.01:773][519]LogSlate: Updating window title bar state: overlay mode, drag disabled, window buttons hidden, title bar hidden
[2021.03.12-15.11.01:774][519]LogAISub: UAISubsystem::~UAISubsystem AIPerceptionSystem (000002E389A1C400), frame # 11519
[2021.03.12-15.11.01:774][519]LogAISub: UAISubsystem::~UAISubsystem EnvQueryManager (000002E38A6F8A00), frame # 11519
[2021.03.12-15.11.01:776][519]LogUObjectHash: Compacting FUObjectHashTables data took   1.66ms
[2021.03.12-15.11.01:820][520]LogPlayLevel: Display: Destroying online subsystem :Context_8
[2021.03.12-15.11.23:342][468]LogSlate: Window 'Create New Blueprint' being destroyed
[2021.03.12-15.11.40:624][968]LogSlate: Prevented a slow task dialog from being summoned while a context menu was open
[2021.03.12-15.11.44:015][123]LogSlate: Prevented a slow task dialog from being summoned while a context menu was open
[2021.03.12-15.12.43:041][649]LogSlate: Window 'Project Settings' being destroyed
[2021.03.12-15.12.43:043][649]LogSlate: Window 'Project Settings' being destroyed
[2021.03.12-15.12.44:644][757]Candidate modules for hot reload:
[2021.03.12-15.12.44:644][757]  GEPProject
[2021.03.12-15.12.44:645][757]Launching UnrealBuildTool... [E:/epk/UE_4.25/Engine/Binaries/DotNET/UnrealBuildTool.exe  -ModuleWithSuffix=GEPProject,855 GEPProjectEditor Win64 Development -Project="E:/Github/GEP/GEPProject/GEPProject.uproject" "E:/Github/GEP/GEPProject/GEPProject.uproject"  -IgnoreJunk]
[2021.03.12-15.12.44:649][757]Warning: Starting HotReload took  0.0s.
[2021.03.12-15.14.04:080][734]CompilerResultsLog: New page: Compilation - 12 Mar 2021, 15:14:04
[2021.03.12-15.14.04:080][734]CompilerResultsLog: Using 'git status' to determine working set for adaptive non-unity build (E:\Github\GEP).
[2021.03.12-15.14.04:080][734]CompilerResultsLog: Parsing headers for GEPProjectEditor
[2021.03.12-15.14.04:080][734]CompilerResultsLog:   Running UnrealHeaderTool "E:\Github\GEP\GEPProject\GEPProject.uproject" "E:\Github\GEP\GEPProject\Intermediate\Build\Win64\GEPProjectEditor\Development\GEPProjectEditor.uhtmanifest" -LogCmds="loginit warning, logexit warning, logdatabase error" -Unattended -WarningsAsErrors -abslog="C:\Users\cathan\AppData\Local\UnrealBuildTool\Log_UHT.txt" -installed
[2021.03.12-15.14.04:080][734]CompilerResultsLog: Reflection code generated for GEPProjectEditor in 41.0701715 seconds
[2021.03.12-15.14.04:080][734]CompilerResultsLog: Building GEPProjectEditor...
[2021.03.12-15.14.04:080][734]CompilerResultsLog: Using Visual Studio 2019 14.24.28316 toolchain (C:\Program Files (x86)\Microsoft Visual Studio\2019\Community\VC\Tools\MSVC\14.24.28314) and Windows 10.0.18362.0 SDK (C:\Program Files (x86)\Windows Kits\10).
[2021.03.12-15.14.04:080][734]CompilerResultsLog: Building 6 actions with 16 processes...
[2021.03.12-15.14.04:080][734]CompilerResultsLog:   [1/6] GEPProject.init.gen.cpp
[2021.03.12-15.14.04:080][734]CompilerResultsLog:   [2/6] GEPProjectGameMode.cpp
[2021.03.12-15.14.04:080][734]CompilerResultsLog:   [3/6] GEPProjectGameMode.gen.cpp
[2021.03.12-15.14.04:080][734]CompilerResultsLog:   [4/6] UE4Editor-GEPProject-0855.lib
[2021.03.12-15.14.04:080][734]CompilerResultsLog:      Creating library E:\Github\GEP\GEPProject\Intermediate\Build\Win64\UE4Editor\Development\GEPProject\UE4Editor-GEPProject-0855.lib and object E:\Github\GEP\GEPProject\Intermediate\Build\Win64\UE4Editor\Development\GEPProject\UE4Editor-GEPProject-0855.exp
[2021.03.12-15.14.04:081][734]CompilerResultsLog:   [5/6] UE4Editor-GEPProject-0855.dll
[2021.03.12-15.14.04:081][734]CompilerResultsLog:      Creating library E:\Github\GEP\GEPProject\Intermediate\Build\Win64\UE4Editor\Development\GEPProject\UE4Editor-GEPProject-0855.suppressed.lib and object E:\Github\GEP\GEPProject\Intermediate\Build\Win64\UE4Editor\Development\GEPProject\UE4Editor-GEPProject-0855.suppressed.exp
[2021.03.12-15.14.04:081][734]CompilerResultsLog:   [6/6] GEPProjectEditor.target
[2021.03.12-15.14.04:081][734]CompilerResultsLog: Total time in Parallel executor: 37.13 seconds
[2021.03.12-15.14.04:081][734]CompilerResultsLog: Total execution time: 79.18 seconds
[2021.03.12-15.14.04:081][734]LogMainFrame: MainFrame: Module compiling took 79.445 seconds
[2021.03.12-15.14.04:099][734]LogContentBrowser: Native class hierarchy populated in 0.0106 seconds. Added 3443 classes and 825 folders.
[2021.03.12-15.14.04:101][734]Display: HotReload took 79.5s.
[2021.03.12-15.14.13:046][226]LogSlate: Prevented a slow task dialog from being summoned while a context menu was open
[2021.03.12-15.14.57:963][673]LogAssetEditorSubsystem: Opening Asset editor for Class /Script/GEPProject.GEPProjectGameMode
[2021.03.12-15.15.17:257][597]LogSlate: Window 'Project Settings' being destroyed
[2021.03.12-15.15.17:264][597]LogSlate: Window 'Project Settings' being destroyed
[2021.03.12-15.15.23:695][322]LogSlate: WidgetSwitcher ('None') active index changed to -1
[2021.03.12-15.15.23:696][322]LogSlate: WidgetSwitcher ('None') active index changed to 1
[2021.03.12-15.15.23:737][322]LogSlate: Took 0.009852 seconds to synchronously load lazily loaded font '../../../Engine/Content/Slate/Fonts/Roboto-BoldCondensed.ttf' (158K)
[2021.03.12-15.15.31:717][273]LogAssetEditorSubsystem: Opening Asset editor for Blueprint /Game/BP_GEPGamemode.BP_GEPGamemode
[2021.03.12-15.15.32:200][273]LogSlate: Window 'Add Blueprint Class' being destroyed
[2021.03.12-15.15.32:279][273]LogRenderer: Reallocating scene render targets to support 1208x588 Format 10 NumSamples 1 (Frame:1).
[2021.03.12-15.15.46:182][675]LogSlate: Prevented a slow task dialog from being summoned while a context menu was open
[2021.03.12-15.15.53:285][321]BlueprintLog: New page: Compile BP_GEPGamemode
[2021.03.12-15.15.53:389][321]LogUObjectHash: Compacting FUObjectHashTables data took   4.40ms
[2021.03.12-15.15.53:426][321]LogSlate: Took 0.010946 seconds to synchronously load lazily loaded font '../../../Engine/Content/Slate/Fonts/DroidSansMono.ttf' (77K)
[2021.03.12-15.15.53:772][351]Cmd: OBJ SAVEPACKAGE PACKAGE="/Game/BP_GEPGamemode" FILE="../../../../../Github/GEP/GEPProject/Content/BP_GEPGamemode.uasset" SILENT=true
[2021.03.12-15.15.53:796][351]LogSavePackage: Moving '../../../../../Github/GEP/GEPProject/Saved/BP_GEPGamemode7FC8948E420B1BD5FD0CD39B699AF4C5.tmp' to '../../../../../Github/GEP/GEPProject/Content/BP_GEPGamemode.uasset'
[2021.03.12-15.15.53:821][351]AssetCheck: New page: Asset Save: BP_GEPGamemode
[2021.03.12-15.15.53:821][351]LogContentValidation: Display: Validating Blueprint /Game/BP_GEPGamemode.BP_GEPGamemode
[2021.03.12-15.15.55:030][449]LogSlate: Window 'BP_GEPGamemode' being destroyed
[2021.03.12-15.15.55:063][449]LogWorld: UWorld::CleanupWorld for World_6, bSessionEnded=true, bCleanupResources=true
[2021.03.12-15.15.55:064][449]LogSlate: InvalidateAllWidgets triggered.  All widgets were invalidated
[2021.03.12-15.15.59:557][850]LogSlate: Prevented a slow task dialog from being summoned while a context menu was open
[2021.03.12-15.16.01:926][ 50]LogSlate: Window 'Project Settings' being destroyed
[2021.03.12-15.16.01:932][ 50]LogSlate: Window 'Project Settings' being destroyed
[2021.03.12-15.16.02:417][ 97]LogTemp: Repeating last play command: Selected Viewport
[2021.03.12-15.16.02:443][ 97]LogPlayLevel: PlayLevel: No blueprints needed recompiling
[2021.03.12-15.16.02:443][ 97]PIE: New page: PIE session: FirstPersonExampleMap (12 Mar 2021, 15:16:02)
[2021.03.12-15.16.02:444][ 97]LogPlayLevel: Creating play world package: /Game/FirstPersonCPP/Maps/UEDPIE_0_FirstPersonExampleMap
[2021.03.12-15.16.02:455][ 97]LogPlayLevel: PIE: StaticDuplicateObject took: (0.011544s)
[2021.03.12-15.16.02:456][ 97]LogAIModule: Creating AISystem for world FirstPersonExampleMap
[2021.03.12-15.16.02:456][ 97]LogAISub: UAISubsystem::UAISubsystem EnvQueryManager (000002E39BEF0800), frame # 27097
[2021.03.12-15.16.02:456][ 97]LogAISub: UAISubsystem::UAISubsystem AIPerceptionSystem (000002E33E0D5080), frame # 27097
[2021.03.12-15.16.02:456][ 97]LogPlayLevel: PIE: World Init took: (0.001177s)
[2021.03.12-15.16.02:456][ 97]LogPlayLevel: PIE: Created PIE world by copying editor world from /Game/FirstPersonCPP/Maps/FirstPersonExampleMap.FirstPersonExampleMap to /Game/FirstPersonCPP/Maps/UEDPIE_0_FirstPersonExampleMap.FirstPersonExampleMap (0.012864s)
[2021.03.12-15.16.02:504][ 97]LogUObjectHash: Compacting FUObjectHashTables data took   3.44ms
[2021.03.12-15.16.02:507][ 97]LogAudioMixer: Display: Audio Mixer Platform Settings:
[2021.03.12-15.16.02:507][ 97]LogAudioMixer: Display: 	Sample Rate:						  48000
[2021.03.12-15.16.02:507][ 97]LogAudioMixer: Display: 	Callback Buffer Frame Size Requested: 1024
[2021.03.12-15.16.02:507][ 97]LogAudioMixer: Display: 	Callback Buffer Frame Size To Use:	  1024
[2021.03.12-15.16.02:507][ 97]LogAudioMixer: Display: 	Number of buffers to queue:			  2
[2021.03.12-15.16.02:507][ 97]LogAudioMixer: Display: 	Max Channels (voices):				  32
[2021.03.12-15.16.02:507][ 97]LogAudioMixer: Display: 	Number of Async Source Workers:		  0
[2021.03.12-15.16.02:507][ 97]LogAudio: Display: AudioDevice MaxSources: 32
[2021.03.12-15.16.02:507][ 97]LogAudio: Display: Using built-in audio occlusion.
[2021.03.12-15.16.02:507][ 97]LogAudioMixer: Display: Initializing audio mixer.
[2021.03.12-15.16.02:515][ 97]LogAudioMixer: Display: 0: FrontLeft
[2021.03.12-15.16.02:515][ 97]LogAudioMixer: Display: 1: FrontRight
[2021.03.12-15.16.02:537][ 97]LogAudioMixer: Display: Using Audio Device OUT 1-2 (BEHRINGER UMC 202HD 192k)
[2021.03.12-15.16.02:537][ 97]LogAudioMixer: Display: Initializing Sound Submixes...
[2021.03.12-15.16.02:538][ 97]LogAudioMixer: Display: Creating Master Submix 'MasterSubmixDefault'
[2021.03.12-15.16.02:538][ 97]LogAudioMixer: Display: Creating Master Submix 'MasterReverbSubmixDefault'
[2021.03.12-15.16.02:538][ 97]LogAudioMixer: Display: Creating Master Submix 'MasterEQSubmixDefault'
[2021.03.12-15.16.02:549][ 97]LogInit: FAudioDevice initialized.
[2021.03.12-15.16.02:558][ 97]LogLoad: Game class is 'BP_GEPGamemode_C'
[2021.03.12-15.16.02:560][ 97]LogWorld: Bringing World /Game/FirstPersonCPP/Maps/UEDPIE_0_FirstPersonExampleMap.FirstPersonExampleMap up for play (max tick rate 0) at 2021.03.12-15.16.02
[2021.03.12-15.16.02:560][ 97]LogWorld: Bringing up level for play took: 0.001562
[2021.03.12-15.16.02:560][ 97]LogOnline: OSS: Creating online subsystem instance for: :Context_10
[2021.03.12-15.16.02:564][ 97]LogOutputDevice: Warning: 

Script Stack (2 frames):
GEPProjectCharacter.Init
GEPPlayerController.Init

[2021.03.12-15.16.03:298][ 97]LogStats: FPlatformStackWalk::StackWalkAndDump -  0.734 s
[2021.03.12-15.16.03:299][ 97]LogOutputDevice: Error: === Handled ensure: ===
[2021.03.12-15.16.03:299][ 97]LogOutputDevice: Error: 
[2021.03.12-15.16.03:299][ 97]LogOutputDevice: Error: Ensure condition failed: ActorHasBegunPlay == EActorBeginPlayState::BeginningPlay [File:D:/Build/++UE4/Sync/Engine/Source/Runtime/Engine/Private/Actor.cpp] [Line: 3421]
[2021.03.12-15.16.03:299][ 97]LogOutputDevice: Error: BeginPlay was called on actor /Game/FirstPersonCPP/Maps/UEDPIE_0_FirstPersonExampleMap.FirstPersonExampleMap:PersistentLevel.GEPProjectCharacter_0 which was in state 0
[2021.03.12-15.16.03:299][ 97]LogOutputDevice: Error: Stack: 
[2021.03.12-15.16.03:299][ 97]LogOutputDevice: Error: [Callstack] 0x00007ffa2814c730 UE4Editor-Engine.dll!UnknownFunction []
[2021.03.12-15.16.03:299][ 97]LogOutputDevice: Error: [Callstack] 0x00007ffa268d4aa1 UE4Editor-Engine.dll!UnknownFunction []
[2021.03.12-15.16.03:299][ 97]LogOutputDevice: Error: [Callstack] 0x00007ffa2c670b34 UE4Editor-CoreUObject.dll!UnknownFunction []
[2021.03.12-15.16.03:299][ 97]LogOutputDevice: Error: [Callstack] 0x00007ffa2c8e4753 UE4Editor-CoreUObject.dll!UnknownFunction []
[2021.03.12-15.16.03:299][ 97]LogOutputDevice: Error: [Callstack] 0x00007ffa2690afe5 UE4Editor-Engine.dll!UnknownFunction []
[2021.03.12-15.16.03:299][ 97]LogOutputDevice: Error: [Callstack] 0x00007ffa106a6fdd UE4Editor-GEPProject.dll!AGEPPlayerController::Init_Implementation() [E:\Github\GEP\GEPProject\Source\GEPProject\GEPPlayerController.cpp:44]
[2021.03.12-15.16.03:299][ 97]LogOutputDevice: Error: [Callstack] 0x00007ffa2c670b34 UE4Editor-CoreUObject.dll!UnknownFunction []
[2021.03.12-15.16.03:299][ 97]LogOutputDevice: Error: [Callstack] 0x00007ffa2c8e4753 UE4Editor-CoreUObject.dll!UnknownFunction []
[2021.03.12-15.16.03:299][ 97]LogOutputDevice: Error: [Callstack] 0x00007ffa2690afe5 UE4Editor-Engine.dll!UnknownFunction []
[2021.03.12-15.16.03:299][ 97]LogOutputDevice: Error: [Callstack] 0x00007ffa106a8cbb UE4Editor-GEPProject.dll!AGEPProjectGameMode::PostLogin() [E:\Github\GEP\GEPProject\Source\GEPProject\GEPProjectGameMode.cpp:40]
[2021.03.12-15.16.03:299][ 97]LogOutputDevice: Error: [Callstack] 0x00007ffa27195099 UE4Editor-Engine.dll!UnknownFunction []
[2021.03.12-15.16.03:299][ 97]LogOutputDevice: Error: [Callstack] 0x00007ffa271e4f9d UE4Editor-Engine.dll!UnknownFunction []
[2021.03.12-15.16.03:299][ 97]LogOutputDevice: Error: [Callstack] 0x00007ffa26fe43b9 UE4Editor-Engine.dll!UnknownFunction []
[2021.03.12-15.16.03:299][ 97]LogOutputDevice: Error: [Callstack] 0x00007ffa2578595c UE4Editor-UnrealEd.dll!UnknownFunction []
[2021.03.12-15.16.03:299][ 97]LogOutputDevice: Error: [Callstack] 0x00007ffa257a682c UE4Editor-UnrealEd.dll!UnknownFunction []
[2021.03.12-15.16.03:299][ 97]LogOutputDevice: Error: [Callstack] 0x00007ffa25786899 UE4Editor-UnrealEd.dll!UnknownFunction []
[2021.03.12-15.16.03:299][ 97]LogOutputDevice: Error: [Callstack] 0x00007ffa257c23da UE4Editor-UnrealEd.dll!UnknownFunction []
[2021.03.12-15.16.03:299][ 97]LogOutputDevice: Error: [Callstack] 0x00007ffa257c569d UE4Editor-UnrealEd.dll!UnknownFunction []
[2021.03.12-15.16.03:299][ 97]LogOutputDevice: Error: [Callstack] 0x00007ffa257c5078 UE4Editor-UnrealEd.dll!UnknownFunction []
[2021.03.12-15.16.03:299][ 97]LogOutputDevice: Error: [Callstack] 0x00007ffa2524a854 UE4Editor-UnrealEd.dll!UnknownFunction []
[2021.03.12-15.16.03:299][ 97]LogOutputDevice: Error: [Callstack] 0x00007ffa25b237e6 UE4Editor-UnrealEd.dll!UnknownFunction []
[2021.03.12-15.16.03:299][ 97]LogOutputDevice: Error: [Callstack] 0x00007ff6aca77800 UE4Editor.exe!UnknownFunction []
[2021.03.12-15.16.03:299][ 97]LogOutputDevice: Error: [Callstack] 0x00007ff6aca8ba7c UE4Editor.exe!UnknownFunction []
[2021.03.12-15.16.03:299][ 97]LogOutputDevice: Error: [Callstack] 0x00007ff6aca8bb5a UE4Editor.exe!UnknownFunction []
[2021.03.12-15.16.03:299][ 97]LogOutputDevice: Error: [Callstack] 0x00007ff6aca9e31d UE4Editor.exe!UnknownFunction []
[2021.03.12-15.16.03:299][ 97]LogOutputDevice: Error: [Callstack] 0x00007ff6acaa145a UE4Editor.exe!UnknownFunction []
[2021.03.12-15.16.03:299][ 97]LogOutputDevice: Error: [Callstack] 0x00007ffaedbb6fd4 KERNEL32.DLL!UnknownFunction []
[2021.03.12-15.16.03:299][ 97]LogOutputDevice: Error: [Callstack] 0x00007ffaefafcec1 ntdll.dll!UnknownFunction []
[2021.03.12-15.16.03:299][ 97]LogOutputDevice: Error: 
[2021.03.12-15.16.03:303][ 97]LogStats:                SubmitErrorReport -  0.000 s
[2021.03.12-15.16.05:831][ 97]LogStats:                    SendNewReport -  2.528 s
[2021.03.12-15.16.05:831][ 97]LogStats:             FDebug::EnsureFailed -  3.267 s
[2021.03.12-15.16.05:836][ 97]PIE: Server logged in
[2021.03.12-15.16.05:837][ 97]PIE: Play in editor total start time 3.397 seconds.
[2021.03.12-15.16.05:842][ 97]LogTemp: Resetting audio stream to device id 
[2021.03.12-15.16.05:864][ 97]LogAudioMixer: Display: 0: FrontLeft
[2021.03.12-15.16.05:864][ 97]LogAudioMixer: Display: 1: FrontRight
[2021.03.12-15.16.11:693][175]LogWindows: Error: === Critical error: ===
[2021.03.12-15.16.11:693][175]LogWindows: Error: 
[2021.03.12-15.16.11:693][175]LogWindows: Error: Unhandled Exception: EXCEPTION_ACCESS_VIOLATION reading address 0x00000010
[2021.03.12-15.16.11:693][175]LogWindows: Error: 
[2021.03.12-15.16.11:693][175]LogWindows: Error: [Callstack] 0x00007ffa106a80f6 UE4Editor-GEPProject.dll!AGEPProjectCharacter::FirePressed_Implementation() [E:\Github\GEP\GEPProject\Source\GEPProject\GEPProjectCharacter.cpp:70]
[2021.03.12-15.16.11:693][175]LogWindows: Error: [Callstack] 0x00007ffa2c670b34 UE4Editor-CoreUObject.dll!UnknownFunction []
[2021.03.12-15.16.11:693][175]LogWindows: Error: [Callstack] 0x00007ffa2c8e4753 UE4Editor-CoreUObject.dll!UnknownFunction []
[2021.03.12-15.16.11:693][175]LogWindows: Error: [Callstack] 0x00007ffa2690afe5 UE4Editor-Engine.dll!UnknownFunction []
[2021.03.12-15.16.11:693][175]LogWindows: Error: [Callstack] 0x00007ffa27ac91fa UE4Editor-Engine.dll!UnknownFunction []
[2021.03.12-15.16.11:693][175]LogWindows: Error: [Callstack] 0x00007ffa27af514e UE4Editor-Engine.dll!UnknownFunction []
[2021.03.12-15.16.11:693][175]LogWindows: Error: [Callstack] 0x00007ffa275fb988 UE4Editor-Engine.dll!UnknownFunction []
[2021.03.12-15.16.11:693][175]LogWindows: Error: [Callstack] 0x00007ffa2760f1b4 UE4Editor-Engine.dll!UnknownFunction []
[2021.03.12-15.16.11:693][175]LogWindows: Error: [Callstack] 0x00007ffa275f9a1b UE4Editor-Engine.dll!UnknownFunction []
[2021.03.12-15.16.11:693][175]LogWindows: Error: [Callstack] 0x00007ffa2760d681 UE4Editor-Engine.dll!UnknownFunction []
[2021.03.12-15.16.11:693][175]LogWindows: Error: [Callstack] 0x00007ffa268e9f84 UE4Editor-Engine.dll!UnknownFunction []
[2021.03.12-15.16.11:693][175]LogWindows: Error: [Callstack] 0x00007ffa279a936f UE4Editor-Engine.dll!UnknownFunction []
[2021.03.12-15.16.11:693][175]LogWindows: Error: [Callstack] 0x00007ffa279ae3c7 UE4Editor-Engine.dll!UnknownFunction []
[2021.03.12-15.16.11:693][175]LogWindows: Error: [Callstack] 0x00007ffa2b7e87d8 UE4Editor-Core.dll!UnknownFunction []
[2021.03.12-15.16.11:693][175]LogWindows: Error: [Callstack] 0x00007ffa2b7e8aa3 UE4Editor-Core.dll!UnknownFunction []
[2021.03.12-15.16.11:693][175]LogWindows: Error: [Callstack] 0x00007ffa2b7ff027 UE4Editor-Core.dll!UnknownFunction []
[2021.03.12-15.16.11:693][175]LogWindows: Error: [Callstack] 0x00007ffa279ca402 UE4Editor-Engine.dll!UnknownFunction []
[2021.03.12-15.16.11:693][175]LogWindows: Error: [Callstack] 0x00007ffa279cf6ca UE4Editor-Engine.dll!UnknownFunction []
[2021.03.12-15.16.11:693][175]LogWindows: Error: [Callstack] 0x00007ffa2718d0bf UE4Editor-Engine.dll!UnknownFunction []
[2021.03.12-15.16.11:693][175]LogWindows: Error: [Callstack] 0x00007ffa27197957 UE4Editor-Engine.dll!UnknownFunction []
[2021.03.12-15.16.11:693][175]LogWindows: Error: [Callstack] 0x00007ffa2524af57 UE4Editor-UnrealEd.dll!UnknownFunction []
[2021.03.12-15.16.11:693][175]LogWindows: Error: [Callstack] 0x00007ffa25b237e6 UE4Editor-UnrealEd.dll!UnknownFunction []
[2021.03.12-15.16.11:693][175]LogWindows: Error: [Callstack] 0x00007ff6aca77800 UE4Editor.exe!UnknownFunction []
[2021.03.12-15.16.11:694][175]LogWindows: Error: [Callstack] 0x00007ff6aca8ba7c UE4Editor.exe!UnknownFunction []
[2021.03.12-15.16.11:694][175]LogWindows: Error: [Callstack] 0x00007ff6aca8bb5a UE4Editor.exe!UnknownFunction []
[2021.03.12-15.16.11:694][175]LogWindows: Error: [Callstack] 0x00007ff6aca9e31d UE4Editor.exe!UnknownFunction []
[2021.03.12-15.16.11:694][175]LogWindows: Error: [Callstack] 0x00007ff6acaa145a UE4Editor.exe!UnknownFunction []
[2021.03.12-15.16.11:694][175]LogWindows: Error: [Callstack] 0x00007ffaedbb6fd4 KERNEL32.DLL!UnknownFunction []
[2021.03.12-15.16.11:694][175]LogWindows: Error: [Callstack] 0x00007ffaefafcec1 ntdll.dll!UnknownFunction []
[2021.03.12-15.16.11:694][175]LogWindows: Error: 
[2021.03.12-15.16.11:709][175]LogExit: Executing StaticShutdownAfterError
[2021.03.12-15.16.11:726][175]LogWindows: FPlatformMisc::RequestExit(1)
[2021.03.12-15.16.11:726][175]LogCore: Engine exit requested (reason: Win RequestExit)
[2021.03.12-15.16.11:737][175]Log file closed, 03/12/21 15:16:11
