Log file open, 03/13/21 14:52:54
LogInit: Display: Running engine for game: GEPProject
LogPlatformFile: Not using cached read wrapper
LogTaskGraph: Started task graph with 5 named threads and 47 total threads with 3 sets of task threads.
LogStats: Stats thread started at 0.228473
LogD3D11RHI: Loaded GFSDK_Aftermath_Lib.x64.dll
LogICUInternationalization: ICU TimeZone Detection - Raw Offset: +0:00, Platform Override: ''
LogPluginManager: Mounting plugin Paper2D
LogPluginManager: Mounting plugin AISupport
LogPluginManager: Mounting plugin LightPropagationVolume
LogPluginManager: Mounting plugin CameraShakePreviewer
LogPluginManager: Mounting plugin ActorLayerUtilities
LogPluginManager: Mounting plugin AnimationSharing
LogPluginManager: Mounting plugin CLionSourceCodeAccess
LogPluginManager: Mounting plugin CodeLiteSourceCodeAccess
LogPluginManager: Mounting plugin GitSourceControl
LogPluginManager: Mounting plugin KDevelopSourceCodeAccess
LogPluginManager: Mounting plugin NullSourceCodeAccess
LogPluginManager: Mounting plugin PerforceSourceControl
LogPluginManager: Mounting plugin PlasticSourceControl
LogPluginManager: Mounting plugin RiderLink
LogPluginManager: Mounting plugin RiderSourceCodeAccess
LogPluginManager: Mounting plugin SubversionSourceControl
LogPluginManager: Mounting plugin UObjectPlugin
LogPluginManager: Mounting plugin VisualStudioCodeSourceCodeAccess
LogPluginManager: Mounting plugin VisualStudioSourceCodeAccess
LogPluginManager: Mounting plugin XCodeSourceCodeAccess
LogPluginManager: Mounting plugin AssetManagerEditor
LogPluginManager: Mounting plugin CryptoKeys
LogPluginManager: Mounting plugin CurveEditorTools
LogPluginManager: Mounting plugin DataValidation
LogPluginManager: Mounting plugin EditorScriptingUtilities
LogPluginManager: Mounting plugin FacialAnimation
LogPluginManager: Mounting plugin GameplayTagsEditor
LogPluginManager: Mounting plugin GeometryMode
LogPluginManager: Mounting plugin MacGraphicsSwitching
LogPluginManager: Mounting plugin MaterialAnalyzer
LogPluginManager: Mounting plugin MobileLauncherProfileWizard
LogPluginManager: Mounting plugin PluginBrowser
LogPluginManager: Mounting plugin SpeedTreeImporter
LogPluginManager: Mounting plugin DatasmithContent
LogPluginManager: Mounting plugin VariantManagerContent
LogPluginManager: Mounting plugin AlembicImporter
LogPluginManager: Mounting plugin AutomationUtils
LogPluginManager: Mounting plugin BackChannel
LogPluginManager: Mounting plugin ChaosCloth
LogPluginManager: Mounting plugin ChaosClothEditor
LogPluginManager: Mounting plugin ChaosEditor
LogPluginManager: Mounting plugin ChaosNiagara
LogPluginManager: Mounting plugin ChaosSolverPlugin
LogPluginManager: Mounting plugin CharacterAI
LogPluginManager: Mounting plugin GeometryCache
LogPluginManager: Mounting plugin GeometryCollectionPlugin
LogPluginManager: Mounting plugin GeometryProcessing
LogPluginManager: Mounting plugin PlanarCut
LogPluginManager: Mounting plugin PlatformCrypto
LogPluginManager: Mounting plugin ProxyLODPlugin
LogPluginManager: Mounting plugin SkeletalReduction
LogPluginManager: Mounting plugin Niagara
LogPluginManager: Mounting plugin MagicLeap
LogPluginManager: Mounting plugin MagicLeapLightEstimation
LogPluginManager: Mounting plugin MagicLeapMedia
LogPluginManager: Mounting plugin MagicLeapPassableWorld
LogPluginManager: Mounting plugin MLSDK
LogPluginManager: Mounting plugin AndroidMedia
LogPluginManager: Mounting plugin AvfMedia
LogPluginManager: Mounting plugin ImgMedia
LogPluginManager: Mounting plugin MediaCompositing
LogPluginManager: Mounting plugin MediaPlayerEditor
LogPluginManager: Mounting plugin WebMMedia
LogPluginManager: Mounting plugin WmfMedia
LogPluginManager: Mounting plugin MeshPainting
LogPluginManager: Mounting plugin TcpMessaging
LogPluginManager: Mounting plugin UdpMessaging
LogPluginManager: Mounting plugin ActorSequence
LogPluginManager: Mounting plugin LevelSequenceEditor
LogPluginManager: Mounting plugin MatineeToLevelSequence
LogPluginManager: Mounting plugin MovieRenderPipeline
LogPluginManager: Mounting plugin TemplateSequence
LogPluginManager: Mounting plugin NetcodeUnitTest
LogPluginManager: Mounting plugin NUTUnrealEngine4
LogPluginManager: Mounting plugin OnlineSubsystemGooglePlay
LogPluginManager: Mounting plugin OnlineSubsystemIOS
LogPluginManager: Mounting plugin OnlineSubsystem
LogPluginManager: Mounting plugin OnlineSubsystemNull
LogPluginManager: Mounting plugin OnlineSubsystemUtils
LogPluginManager: Mounting plugin LauncherChunkInstaller
LogPluginManager: Mounting plugin AndroidDeviceProfileSelector
LogPluginManager: Mounting plugin AndroidMoviePlayer
LogPluginManager: Mounting plugin AndroidPermission
LogPluginManager: Mounting plugin AppleImageUtils
LogPluginManager: Mounting plugin AppleMoviePlayer
LogPluginManager: Mounting plugin ArchVisCharacter
LogPluginManager: Mounting plugin AssetTags
LogPluginManager: Mounting plugin AudioCapture
LogPluginManager: Mounting plugin CableComponent
LogPluginManager: Mounting plugin CustomMeshComponent
LogPluginManager: Mounting plugin EditableMesh
LogPluginManager: Mounting plugin ExampleDeviceProfileSelector
LogPluginManager: Mounting plugin GoogleCloudMessaging
LogPluginManager: Mounting plugin GooglePAD
LogPluginManager: Mounting plugin IOSDeviceProfileSelector
LogPluginManager: Mounting plugin LinuxDeviceProfileSelector
LogPluginManager: Mounting plugin LocationServicesBPLibrary
LogPluginManager: Mounting plugin MobilePatchingUtils
LogPluginManager: Mounting plugin OculusVR
LogPluginManager: Mounting plugin PhysXVehicles
LogPluginManager: Mounting plugin PostSplashScreen
LogPluginManager: Mounting plugin ProceduralMeshComponent
LogPluginManager: Mounting plugin RuntimePhysXCooking
LogPluginManager: Mounting plugin SignificanceManager
LogPluginManager: Mounting plugin SoundFields
LogPluginManager: Mounting plugin SteamVR
LogPluginManager: Mounting plugin Synthesis
LogPluginManager: Mounting plugin WebMMoviePlayer
LogPluginManager: Mounting plugin WindowsMoviePlayer
LogPluginManager: Mounting plugin ScreenshotTools
LogInit: Using libcurl 7.55.1-DEV
LogInit:  - built for x86_64-pc-win32
LogInit:  - supports SSL with OpenSSL/1.1.1
LogInit:  - supports HTTP deflate (compression) using libz 1.2.8
LogInit:  - other features:
LogInit:      CURL_VERSION_SSL
LogInit:      CURL_VERSION_LIBZ
LogInit:      CURL_VERSION_IPV6
LogInit:      CURL_VERSION_ASYNCHDNS
LogInit:      CURL_VERSION_LARGEFILE
LogInit:      CURL_VERSION_IDN
LogInit:  CurlRequestOptions (configurable via config and command line):
LogInit:  - bVerifyPeer = true  - Libcurl will verify peer certificate
LogInit:  - bUseHttpProxy = false  - Libcurl will NOT use HTTP proxy
LogInit:  - bDontReuseConnections = false  - Libcurl will reuse connections
LogInit:  - MaxHostConnections = 16  - Libcurl will limit the number of connections to a host
LogInit:  - LocalHostAddr = Default
LogInit:  - BufferSize = 65536
LogOnline: OSS: Creating online subsystem instance for: NULL
LogInit: WinSock: version 1.1 (2.2), MaxSocks=32767, MaxUdp=65467
LogOnline: OSS: TryLoadSubsystemAndSetDefault: Loaded subsystem for module [NULL]
LogInit: Build: ++UE4+Release-4.25-CL-14469661
LogInit: Engine Version: 4.25.4-14469661+++UE4+Release-4.25
LogInit: Compatible Engine Version: 4.25.0-13144385+++UE4+Release-4.25
LogInit: Net CL: 13144385
LogInit: OS: Windows 10 (Release 2004) (), CPU: AMD Ryzen 7 2700X Eight-Core Processor         , GPU: NVIDIA GeForce RTX 2060
LogInit: Compiled (64-bit): Oct 11 2020 08:10:49
LogInit: Compiled with Visual C++: 19.24.28315.00
LogInit: Build Configuration: Development
LogInit: Branch Name: ++UE4+Release-4.25
LogInit: Command Line:  -skipcompile
LogInit: Base Directory: E:/epk/UE_4.25/Engine/Binaries/Win64/
LogInit: Allocator: TBB
LogInit: Installed Engine Build: 1
LogDevObjectVersion: Number of dev versions registered: 26
LogDevObjectVersion:   Dev-Blueprints (B0D832E4-1F89-4F0D-ACCF-7EB736FD4AA2): 10
LogDevObjectVersion:   Dev-Build (E1C64328-A22C-4D53-A36C-8E866417BD8C): 0
LogDevObjectVersion:   Dev-Core (375EC13C-06E4-48FB-B500-84F0262A717E): 4
LogDevObjectVersion:   Dev-Editor (E4B068ED-F494-42E9-A231-DA0B2E46BB41): 38
LogDevObjectVersion:   Dev-Framework (CFFC743F-43B0-4480-9391-14DF171D2073): 37
LogDevObjectVersion:   Dev-Mobile (B02B49B5-BB20-44E9-A304-32B752E40360): 2
LogDevObjectVersion:   Dev-Networking (A4E4105C-59A1-49B5-A7C5-40C4547EDFEE): 0
LogDevObjectVersion:   Dev-Online (39C831C9-5AE6-47DC-9A44-9C173E1C8E7C): 0
LogDevObjectVersion:   Dev-Physics (78F01B33-EBEA-4F98-B9B4-84EACCB95AA2): 4
LogDevObjectVersion:   Dev-Platform (6631380F-2D4D-43E0-8009-CF276956A95A): 0
LogDevObjectVersion:   Dev-Rendering (12F88B9F-8875-4AFC-A67C-D90C383ABD29): 43
LogDevObjectVersion:   Dev-Sequencer (7B5AE74C-D270-4C10-A958-57980B212A5A): 12
LogDevObjectVersion:   Dev-VR (D7296918-1DD6-4BDD-9DE2-64A83CC13884): 3
LogDevObjectVersion:   Dev-LoadTimes (C2A15278-BFE7-4AFE-6C17-90FF531DF755): 1
LogDevObjectVersion:   Private-Geometry (6EACA3D4-40EC-4CC1-B786-8BED09428FC5): 3
LogDevObjectVersion:   Dev-AnimPhys (29E575DD-E0A3-4627-9D10-D276232CDCEA): 17
LogDevObjectVersion:   Dev-Anim (AF43A65D-7FD3-4947-9873-3E8ED9C1BB05): 7
LogDevObjectVersion:   Dev-ReflectionCapture (6B266CEC-1EC7-4B8F-A30B-E4D90942FC07): 1
LogDevObjectVersion:   Dev-Automation (0DF73D61-A23F-47EA-B727-89E90C41499A): 1
LogDevObjectVersion:   FortniteMain (601D1886-AC64-4F84-AA16-D3DE0DEAC7D6): 31
LogDevObjectVersion:   Dev-Enterprise (9DFFBCD6-494F-0158-E221-12823C92A888): 10
LogDevObjectVersion:   Dev-Niagara (F2AED0AC-9AFE-416F-8664-AA7FFA26D6FC): 1
LogDevObjectVersion:   Dev-Destruction (174F1F0B-B4C6-45A5-B13F-2EE8D0FB917D): 10
LogDevObjectVersion:   Dev-Physics-Ext (35F94A83-E258-406C-A318-09F59610247C): 37
LogDevObjectVersion:   Dev-PhysicsMaterial-Chaos (B68FC16E-8B1B-42E2-B453-215C058844FE): 1
LogDevObjectVersion:   Dev-CineCamera (B2E18506-4273-CFC2-A54E-F4BB758BBA07): 1
LogInit: Presizing for max 25165824 objects, including 0 objects not considered by GC, pre-allocating 0 bytes for permanent pool.
LogConfig: Applying CVar settings from Section [/Script/Engine.StreamingSettings] File [E:/Github/GEP/GEPProject/Saved/Config/Windows/Engine.ini]
LogConfig: Setting CVar [[s.MinBulkDataSizeForAsyncLoading:131072]]
LogConfig: Setting CVar [[s.AsyncLoadingThreadEnabled:0]]
LogConfig: Setting CVar [[s.EventDrivenLoaderEnabled:1]]
LogConfig: Setting CVar [[s.WarnIfTimeLimitExceeded:0]]
LogConfig: Setting CVar [[s.TimeLimitExceededMultiplier:1.5]]
LogConfig: Setting CVar [[s.TimeLimitExceededMinTime:0.005]]
LogConfig: Setting CVar [[s.UseBackgroundLevelStreaming:1]]
LogConfig: Setting CVar [[s.PriorityAsyncLoadingExtraTime:15.0]]
LogConfig: Setting CVar [[s.LevelStreamingActorsUpdateTimeLimit:5.0]]
LogConfig: Setting CVar [[s.PriorityLevelStreamingActorsUpdateExtraTime:5.0]]
LogConfig: Setting CVar [[s.LevelStreamingComponentsRegistrationGranularity:10]]
LogConfig: Setting CVar [[s.UnregisterComponentsTimeLimit:1.0]]
LogConfig: Setting CVar [[s.LevelStreamingComponentsUnregistrationGranularity:5]]
LogConfig: Setting CVar [[s.FlushStreamingOnExit:1]]
LogInit: Object subsystem initialized
LogConfig: Setting CVar [[con.DebugEarlyDefault:1]]
LogConfig: Setting CVar [[r.setres:1280x720]]
[2021.03.13-14.52.54:629][  0]LogConfig: Setting CVar [[r.VSync:0]]
[2021.03.13-14.52.54:629][  0]LogConfig: Setting CVar [[r.RHICmdBypass:0]]
[2021.03.13-14.52.54:629][  0]LogConfig: Applying CVar settings from Section [/Script/Engine.RendererSettings] File [E:/Github/GEP/GEPProject/Saved/Config/Windows/Engine.ini]
[2021.03.13-14.52.54:629][  0]LogConfig: Setting CVar [[r.GPUCrashDebugging:0]]
[2021.03.13-14.52.54:629][  0]LogConfig: Applying CVar settings from Section [/Script/Engine.RendererOverrideSettings] File [E:/Github/GEP/GEPProject/Saved/Config/Windows/Engine.ini]
[2021.03.13-14.52.54:629][  0]LogConfig: Applying CVar settings from Section [/Script/Engine.StreamingSettings] File [E:/Github/GEP/GEPProject/Saved/Config/Windows/Engine.ini]
[2021.03.13-14.52.54:629][  0]LogConfig: Setting CVar [[s.MinBulkDataSizeForAsyncLoading:131072]]
[2021.03.13-14.52.54:629][  0]LogConfig: Setting CVar [[s.AsyncLoadingThreadEnabled:0]]
[2021.03.13-14.52.54:629][  0]LogConfig: Setting CVar [[s.EventDrivenLoaderEnabled:1]]
[2021.03.13-14.52.54:629][  0]LogConfig: Setting CVar [[s.WarnIfTimeLimitExceeded:0]]
[2021.03.13-14.52.54:629][  0]LogConfig: Setting CVar [[s.TimeLimitExceededMultiplier:1.5]]
[2021.03.13-14.52.54:629][  0]LogConfig: Setting CVar [[s.TimeLimitExceededMinTime:0.005]]
[2021.03.13-14.52.54:629][  0]LogConfig: Setting CVar [[s.UseBackgroundLevelStreaming:1]]
[2021.03.13-14.52.54:629][  0]LogConfig: Setting CVar [[s.PriorityAsyncLoadingExtraTime:15.0]]
[2021.03.13-14.52.54:629][  0]LogConfig: Setting CVar [[s.LevelStreamingActorsUpdateTimeLimit:5.0]]
[2021.03.13-14.52.54:629][  0]LogConfig: Setting CVar [[s.PriorityLevelStreamingActorsUpdateExtraTime:5.0]]
[2021.03.13-14.52.54:629][  0]LogConfig: Setting CVar [[s.LevelStreamingComponentsRegistrationGranularity:10]]
[2021.03.13-14.52.54:629][  0]LogConfig: Setting CVar [[s.UnregisterComponentsTimeLimit:1.0]]
[2021.03.13-14.52.54:629][  0]LogConfig: Setting CVar [[s.LevelStreamingComponentsUnregistrationGranularity:5]]
[2021.03.13-14.52.54:629][  0]LogConfig: Setting CVar [[s.FlushStreamingOnExit:1]]
[2021.03.13-14.52.54:629][  0]LogConfig: Applying CVar settings from Section [/Script/Engine.GarbageCollectionSettings] File [E:/Github/GEP/GEPProject/Saved/Config/Windows/Engine.ini]
[2021.03.13-14.52.54:629][  0]LogConfig: Setting CVar [[gc.MaxObjectsNotConsideredByGC:1]]
[2021.03.13-14.52.54:629][  0]LogConfig: Setting CVar [[gc.SizeOfPermanentObjectPool:0]]
[2021.03.13-14.52.54:629][  0]LogConfig: Setting CVar [[gc.FlushStreamingOnGC:0]]
[2021.03.13-14.52.54:629][  0]LogConfig: Setting CVar [[gc.NumRetriesBeforeForcingGC:10]]
[2021.03.13-14.52.54:629][  0]LogConfig: Setting CVar [[gc.AllowParallelGC:1]]
[2021.03.13-14.52.54:629][  0]LogConfig: Setting CVar [[gc.TimeBetweenPurgingPendingKillObjects:61.1]]
[2021.03.13-14.52.54:629][  0]LogConfig: Setting CVar [[gc.MaxObjectsInEditor:25165824]]
[2021.03.13-14.52.54:629][  0]LogConfig: Setting CVar [[gc.IncrementalBeginDestroyEnabled:1]]
[2021.03.13-14.52.54:629][  0]LogConfig: Setting CVar [[gc.CreateGCClusters:1]]
[2021.03.13-14.52.54:629][  0]LogConfig: Setting CVar [[gc.MinGCClusterSize:5]]
[2021.03.13-14.52.54:629][  0]LogConfig: Setting CVar [[gc.ActorClusteringEnabled:0]]
[2021.03.13-14.52.54:629][  0]LogConfig: Setting CVar [[gc.BlueprintClusteringEnabled:0]]
[2021.03.13-14.52.54:629][  0]LogConfig: Setting CVar [[gc.UseDisregardForGCOnDedicatedServers:0]]
[2021.03.13-14.52.54:629][  0]LogConfig: Applying CVar settings from Section [/Script/Engine.NetworkSettings] File [E:/Github/GEP/GEPProject/Saved/Config/Windows/Engine.ini]
[2021.03.13-14.52.54:629][  0]LogConfig: Applying CVar settings from Section [/Script/UnrealEd.CookerSettings] File [E:/Github/GEP/GEPProject/Saved/Config/Windows/Engine.ini]
[2021.03.13-14.52.54:635][  0]LogConfig: Applying CVar settings from Section [ViewDistanceQuality@3] File [E:/Github/GEP/GEPProject/Saved/Config/Windows/Scalability.ini]
[2021.03.13-14.52.54:635][  0]LogConfig: Setting CVar [[r.SkeletalMeshLODBias:0]]
[2021.03.13-14.52.54:635][  0]LogConfig: Setting CVar [[r.ViewDistanceScale:1.0]]
[2021.03.13-14.52.54:635][  0]LogConfig: Applying CVar settings from Section [AntiAliasingQuality@3] File [E:/Github/GEP/GEPProject/Saved/Config/Windows/Scalability.ini]
[2021.03.13-14.52.54:635][  0]LogConfig: Setting CVar [[r.PostProcessAAQuality:4]]
[2021.03.13-14.52.54:635][  0]LogConfig: Applying CVar settings from Section [ShadowQuality@3] File [E:/Github/GEP/GEPProject/Saved/Config/Windows/Scalability.ini]
[2021.03.13-14.52.54:635][  0]LogConfig: Setting CVar [[r.LightFunctionQuality:1]]
[2021.03.13-14.52.54:635][  0]LogConfig: Setting CVar [[r.ShadowQuality:5]]
[2021.03.13-14.52.54:635][  0]LogConfig: Setting CVar [[r.Shadow.CSM.MaxCascades:10]]
[2021.03.13-14.52.54:635][  0]LogConfig: Setting CVar [[r.Shadow.MaxResolution:2048]]
[2021.03.13-14.52.54:635][  0]LogConfig: Setting CVar [[r.Shadow.MaxCSMResolution:2048]]
[2021.03.13-14.52.54:635][  0]LogConfig: Setting CVar [[r.Shadow.RadiusThreshold:0.01]]
[2021.03.13-14.52.54:635][  0]LogConfig: Setting CVar [[r.Shadow.DistanceScale:1.0]]
[2021.03.13-14.52.54:635][  0]LogConfig: Setting CVar [[r.Shadow.CSM.TransitionScale:1.0]]
[2021.03.13-14.52.54:635][  0]LogConfig: Setting CVar [[r.Shadow.PreShadowResolutionFactor:1.0]]
[2021.03.13-14.52.54:635][  0]LogConfig: Setting CVar [[r.DistanceFieldShadowing:1]]
[2021.03.13-14.52.54:635][  0]LogConfig: Setting CVar [[r.DistanceFieldAO:1]]
[2021.03.13-14.52.54:635][  0]LogConfig: Setting CVar [[r.AOQuality:2]]
[2021.03.13-14.52.54:635][  0]LogConfig: Setting CVar [[r.VolumetricFog:1]]
[2021.03.13-14.52.54:635][  0]LogConfig: Setting CVar [[r.VolumetricFog.GridPixelSize:8]]
[2021.03.13-14.52.54:635][  0]LogConfig: Setting CVar [[r.VolumetricFog.GridSizeZ:128]]
[2021.03.13-14.52.54:635][  0]LogConfig: Setting CVar [[r.VolumetricFog.HistoryMissSupersampleCount:4]]
[2021.03.13-14.52.54:635][  0]LogConfig: Setting CVar [[r.LightMaxDrawDistanceScale:1]]
[2021.03.13-14.52.54:635][  0]LogConfig: Setting CVar [[r.CapsuleShadows:1]]
[2021.03.13-14.52.54:635][  0]LogConfig: Applying CVar settings from Section [PostProcessQuality@3] File [E:/Github/GEP/GEPProject/Saved/Config/Windows/Scalability.ini]
[2021.03.13-14.52.54:635][  0]LogConfig: Setting CVar [[r.MotionBlurQuality:4]]
[2021.03.13-14.52.54:635][  0]LogConfig: Setting CVar [[r.AmbientOcclusionMipLevelFactor:0.4]]
[2021.03.13-14.52.54:635][  0]LogConfig: Setting CVar [[r.AmbientOcclusionMaxQuality:100]]
[2021.03.13-14.52.54:635][  0]LogConfig: Setting CVar [[r.AmbientOcclusionLevels:-1]]
[2021.03.13-14.52.54:635][  0]LogConfig: Setting CVar [[r.AmbientOcclusionRadiusScale:1.0]]
[2021.03.13-14.52.54:635][  0]LogConfig: Setting CVar [[r.DepthOfFieldQuality:2]]
[2021.03.13-14.52.54:635][  0]LogConfig: Setting CVar [[r.RenderTargetPoolMin:400]]
[2021.03.13-14.52.54:635][  0]LogConfig: Setting CVar [[r.LensFlareQuality:2]]
[2021.03.13-14.52.54:635][  0]LogConfig: Setting CVar [[r.SceneColorFringeQuality:1]]
[2021.03.13-14.52.54:635][  0]LogConfig: Setting CVar [[r.EyeAdaptationQuality:2]]
[2021.03.13-14.52.54:635][  0]LogConfig: Setting CVar [[r.BloomQuality:5]]
[2021.03.13-14.52.54:635][  0]LogConfig: Setting CVar [[r.FastBlurThreshold:100]]
[2021.03.13-14.52.54:635][  0]LogConfig: Setting CVar [[r.Upscale.Quality:3]]
[2021.03.13-14.52.54:635][  0]LogConfig: Setting CVar [[r.Tonemapper.GrainQuantization:1]]
[2021.03.13-14.52.54:635][  0]LogConfig: Setting CVar [[r.LightShaftQuality:1]]
[2021.03.13-14.52.54:635][  0]LogConfig: Setting CVar [[r.Filter.SizeScale:1]]
[2021.03.13-14.52.54:635][  0]LogConfig: Setting CVar [[r.Tonemapper.Quality:5]]
[2021.03.13-14.52.54:635][  0]LogConfig: Setting CVar [[r.DOF.Gather.AccumulatorQuality:1        ; higher gathering accumulator quality]]
[2021.03.13-14.52.54:635][  0]LogConfig: Setting CVar [[r.DOF.Gather.PostfilterMethod:1          ; Median3x3 postfilering method]]
[2021.03.13-14.52.54:635][  0]LogConfig: Setting CVar [[r.DOF.Gather.EnableBokehSettings:0       ; no bokeh simulation when gathering]]
[2021.03.13-14.52.54:635][  0]LogConfig: Setting CVar [[r.DOF.Gather.RingCount:4                 ; medium number of samples when gathering]]
[2021.03.13-14.52.54:635][  0]LogConfig: Setting CVar [[r.DOF.Scatter.ForegroundCompositing:1    ; additive foreground scattering]]
[2021.03.13-14.52.54:635][  0]LogConfig: Setting CVar [[r.DOF.Scatter.BackgroundCompositing:2    ; additive background scattering]]
[2021.03.13-14.52.54:635][  0]LogConfig: Setting CVar [[r.DOF.Scatter.EnableBokehSettings:1      ; bokeh simulation when scattering]]
[2021.03.13-14.52.54:635][  0]LogConfig: Setting CVar [[r.DOF.Scatter.MaxSpriteRatio:0.1         ; only a maximum of 10% of scattered bokeh]]
[2021.03.13-14.52.54:635][  0]LogConfig: Setting CVar [[r.DOF.Recombine.Quality:1                ; cheap slight out of focus]]
[2021.03.13-14.52.54:635][  0]LogConfig: Setting CVar [[r.DOF.Recombine.EnableBokehSettings:0    ; no bokeh simulation on slight out of focus]]
[2021.03.13-14.52.54:635][  0]LogConfig: Setting CVar [[r.DOF.TemporalAAQuality:1                ; more stable temporal accumulation]]
[2021.03.13-14.52.54:635][  0]LogConfig: Setting CVar [[r.DOF.Kernel.MaxForegroundRadius:0.025]]
[2021.03.13-14.52.54:635][  0]LogConfig: Setting CVar [[r.DOF.Kernel.MaxBackgroundRadius:0.025]]
[2021.03.13-14.52.54:635][  0]LogConfig: Applying CVar settings from Section [TextureQuality@3] File [E:/Github/GEP/GEPProject/Saved/Config/Windows/Scalability.ini]
[2021.03.13-14.52.54:635][  0]LogConfig: Setting CVar [[r.Streaming.MipBias:0]]
[2021.03.13-14.52.54:635][  0]LogConfig: Setting CVar [[r.Streaming.AmortizeCPUToGPUCopy:0]]
[2021.03.13-14.52.54:635][  0]LogConfig: Setting CVar [[r.Streaming.MaxNumTexturesToStreamPerFrame:0]]
[2021.03.13-14.52.54:635][  0]LogConfig: Setting CVar [[r.Streaming.Boost:1]]
[2021.03.13-14.52.54:635][  0]LogConfig: Setting CVar [[r.MaxAnisotropy:8]]
[2021.03.13-14.52.54:636][  0]LogConfig: Setting CVar [[r.VT.MaxAnisotropy:8]]
[2021.03.13-14.52.54:636][  0]LogConfig: Setting CVar [[r.Streaming.LimitPoolSizeToVRAM:0]]
[2021.03.13-14.52.54:636][  0]LogConfig: Setting CVar [[r.Streaming.PoolSize:1000]]
[2021.03.13-14.52.54:636][  0]LogConfig: Setting CVar [[r.Streaming.MaxEffectiveScreenSize:0]]
[2021.03.13-14.52.54:636][  0]LogConfig: Applying CVar settings from Section [EffectsQuality@3] File [E:/Github/GEP/GEPProject/Saved/Config/Windows/Scalability.ini]
[2021.03.13-14.52.54:636][  0]LogConfig: Setting CVar [[r.TranslucencyLightingVolumeDim:64]]
[2021.03.13-14.52.54:636][  0]LogConfig: Setting CVar [[r.RefractionQuality:2]]
[2021.03.13-14.52.54:636][  0]LogConfig: Setting CVar [[r.SSR.Quality:3]]
[2021.03.13-14.52.54:636][  0]LogConfig: Setting CVar [[r.SSR.HalfResSceneColor:0]]
[2021.03.13-14.52.54:636][  0]LogConfig: Setting CVar [[r.SceneColorFormat:4]]
[2021.03.13-14.52.54:636][  0]LogConfig: Setting CVar [[r.DetailMode:2]]
[2021.03.13-14.52.54:636][  0]LogConfig: Setting CVar [[r.TranslucencyVolumeBlur:1]]
[2021.03.13-14.52.54:636][  0]LogConfig: Setting CVar [[r.MaterialQualityLevel:1 ; High quality]]
[2021.03.13-14.52.54:636][  0]LogConfig: Setting CVar [[r.SSS.Scale:1]]
[2021.03.13-14.52.54:636][  0]LogConfig: Setting CVar [[r.SSS.SampleSet:2]]
[2021.03.13-14.52.54:636][  0]LogConfig: Setting CVar [[r.SSS.Quality:1]]
[2021.03.13-14.52.54:636][  0]LogConfig: Setting CVar [[r.SSS.HalfRes:0]]
[2021.03.13-14.52.54:636][  0]LogConfig: Setting CVar [[r.SSGI.Quality:3]]
[2021.03.13-14.52.54:636][  0]LogConfig: Setting CVar [[r.EmitterSpawnRateScale:1.0]]
[2021.03.13-14.52.54:636][  0]LogConfig: Setting CVar [[r.ParticleLightQuality:2]]
[2021.03.13-14.52.54:636][  0]LogConfig: Setting CVar [[r.SkyAtmosphere.AerialPerspectiveLUT.FastApplyOnOpaque:1 ; Always have FastSkyLUT 1 in this case to avoid wrong sky]]
[2021.03.13-14.52.54:636][  0]LogConfig: Setting CVar [[r.SkyAtmosphere.AerialPerspectiveLUT.SampleCountPerSlice:1]]
[2021.03.13-14.52.54:636][  0]LogConfig: Setting CVar [[r.SkyAtmosphere.AerialPerspectiveLUT.DepthResolution:16.0]]
[2021.03.13-14.52.54:636][  0]LogConfig: Setting CVar [[r.SkyAtmosphere.FastSkyLUT:1]]
[2021.03.13-14.52.54:636][  0]LogConfig: Setting CVar [[r.SkyAtmosphere.FastSkyLUT.SampleCountMin:4.0]]
[2021.03.13-14.52.54:636][  0]LogConfig: Setting CVar [[r.SkyAtmosphere.FastSkyLUT.SampleCountMax:32.0]]
[2021.03.13-14.52.54:636][  0]LogConfig: Setting CVar [[r.SkyAtmosphere.SampleCountMin:4.0]]
[2021.03.13-14.52.54:636][  0]LogConfig: Setting CVar [[r.SkyAtmosphere.SampleCountMax:32.0]]
[2021.03.13-14.52.54:636][  0]LogConfig: Setting CVar [[r.SkyAtmosphere.TransmittanceLUT.UseSmallFormat:0]]
[2021.03.13-14.52.54:636][  0]LogConfig: Setting CVar [[r.SkyAtmosphere.TransmittanceLUT.SampleCount:10.0]]
[2021.03.13-14.52.54:636][  0]LogConfig: Setting CVar [[r.SkyAtmosphere.MultiScatteringLUT.SampleCount:15.0]]
[2021.03.13-14.52.54:636][  0]LogConfig: Applying CVar settings from Section [FoliageQuality@3] File [E:/Github/GEP/GEPProject/Saved/Config/Windows/Scalability.ini]
[2021.03.13-14.52.54:636][  0]LogConfig: Setting CVar [[foliage.DensityScale:1.0]]
[2021.03.13-14.52.54:636][  0]LogConfig: Setting CVar [[grass.DensityScale:1.0]]
[2021.03.13-14.52.54:636][  0]LogConfig: Applying CVar settings from Section [ShadingQuality@3] File [E:/Github/GEP/GEPProject/Saved/Config/Windows/Scalability.ini]
[2021.03.13-14.52.54:636][  0]LogConfig: Setting CVar [[r.HairStrands.SkyLighting.SampleCount:16]]
[2021.03.13-14.52.54:636][  0]LogConfig: Setting CVar [[r.HairStrands.SkyLighting.JitterIntegration:0]]
[2021.03.13-14.52.54:636][  0]LogConfig: Setting CVar [[r.HairStrands.SkyAO.SampleCount:16]]
[2021.03.13-14.52.54:636][  0]LogConfig: Setting CVar [[r.HairStrands.DeepShadow.SuperSampling:0]]
[2021.03.13-14.52.54:636][  0]LogConfig: Setting CVar [[r.HairStrands.VisibilityPPLL:0]]
[2021.03.13-14.52.54:636][  0]LogConfig: Setting CVar [[r.HairStrands.RasterizationScale:0.5]]
[2021.03.13-14.52.54:636][  0]LogConfig: Setting CVar [[r.HairStrands.VelocityRasterizationScale:1]]
[2021.03.13-14.52.54:636][  0]LogInit: Selected Device Profile: [Windows]
[2021.03.13-14.52.54:636][  0]LogInit: Applying CVar settings loaded from the selected device profile: [Windows]
[2021.03.13-14.52.54:636][  0]LogHAL: Display: Platform has ~ 16 GB [17123741696 / 17179869184 / 16], which maps to Larger [LargestMinGB=32, LargerMinGB=12, DefaultMinGB=8, SmallerMinGB=6, SmallestMinGB=0)
[2021.03.13-14.52.54:636][  0]LogInit: Going up to parent DeviceProfile []
[2021.03.13-14.52.54:636][  0]LogConfig: Applying CVar settings from Section [ViewDistanceQuality@3] File [E:/Github/GEP/GEPProject/Saved/Config/Windows/Scalability.ini]
[2021.03.13-14.52.54:636][  0]LogConfig: Setting CVar [[r.SkeletalMeshLODBias:0]]
[2021.03.13-14.52.54:636][  0]LogConfig: Setting CVar [[r.ViewDistanceScale:1.0]]
[2021.03.13-14.52.54:636][  0]LogConfig: Applying CVar settings from Section [AntiAliasingQuality@3] File [E:/Github/GEP/GEPProject/Saved/Config/Windows/Scalability.ini]
[2021.03.13-14.52.54:636][  0]LogConfig: Setting CVar [[r.PostProcessAAQuality:4]]
[2021.03.13-14.52.54:636][  0]LogConfig: Applying CVar settings from Section [ShadowQuality@3] File [E:/Github/GEP/GEPProject/Saved/Config/Windows/Scalability.ini]
[2021.03.13-14.52.54:636][  0]LogConfig: Setting CVar [[r.LightFunctionQuality:1]]
[2021.03.13-14.52.54:636][  0]LogConfig: Setting CVar [[r.ShadowQuality:5]]
[2021.03.13-14.52.54:636][  0]LogConfig: Setting CVar [[r.Shadow.CSM.MaxCascades:10]]
[2021.03.13-14.52.54:636][  0]LogConfig: Setting CVar [[r.Shadow.MaxResolution:2048]]
[2021.03.13-14.52.54:636][  0]LogConfig: Setting CVar [[r.Shadow.MaxCSMResolution:2048]]
[2021.03.13-14.52.54:636][  0]LogConfig: Setting CVar [[r.Shadow.RadiusThreshold:0.01]]
[2021.03.13-14.52.54:636][  0]LogConfig: Setting CVar [[r.Shadow.DistanceScale:1.0]]
[2021.03.13-14.52.54:636][  0]LogConfig: Setting CVar [[r.Shadow.CSM.TransitionScale:1.0]]
[2021.03.13-14.52.54:636][  0]LogConfig: Setting CVar [[r.Shadow.PreShadowResolutionFactor:1.0]]
[2021.03.13-14.52.54:636][  0]LogConfig: Setting CVar [[r.DistanceFieldShadowing:1]]
[2021.03.13-14.52.54:636][  0]LogConfig: Setting CVar [[r.DistanceFieldAO:1]]
[2021.03.13-14.52.54:636][  0]LogConfig: Setting CVar [[r.AOQuality:2]]
[2021.03.13-14.52.54:636][  0]LogConfig: Setting CVar [[r.VolumetricFog:1]]
[2021.03.13-14.52.54:636][  0]LogConfig: Setting CVar [[r.VolumetricFog.GridPixelSize:8]]
[2021.03.13-14.52.54:636][  0]LogConfig: Setting CVar [[r.VolumetricFog.GridSizeZ:128]]
[2021.03.13-14.52.54:636][  0]LogConfig: Setting CVar [[r.VolumetricFog.HistoryMissSupersampleCount:4]]
[2021.03.13-14.52.54:636][  0]LogConfig: Setting CVar [[r.LightMaxDrawDistanceScale:1]]
[2021.03.13-14.52.54:636][  0]LogConfig: Setting CVar [[r.CapsuleShadows:1]]
[2021.03.13-14.52.54:636][  0]LogConfig: Applying CVar settings from Section [PostProcessQuality@3] File [E:/Github/GEP/GEPProject/Saved/Config/Windows/Scalability.ini]
[2021.03.13-14.52.54:636][  0]LogConfig: Setting CVar [[r.MotionBlurQuality:4]]
[2021.03.13-14.52.54:636][  0]LogConfig: Setting CVar [[r.AmbientOcclusionMipLevelFactor:0.4]]
[2021.03.13-14.52.54:637][  0]LogConfig: Setting CVar [[r.AmbientOcclusionMaxQuality:100]]
[2021.03.13-14.52.54:637][  0]LogConfig: Setting CVar [[r.AmbientOcclusionLevels:-1]]
[2021.03.13-14.52.54:637][  0]LogConfig: Setting CVar [[r.AmbientOcclusionRadiusScale:1.0]]
[2021.03.13-14.52.54:637][  0]LogConfig: Setting CVar [[r.DepthOfFieldQuality:2]]
[2021.03.13-14.52.54:637][  0]LogConfig: Setting CVar [[r.RenderTargetPoolMin:400]]
[2021.03.13-14.52.54:637][  0]LogConfig: Setting CVar [[r.LensFlareQuality:2]]
[2021.03.13-14.52.54:637][  0]LogConfig: Setting CVar [[r.SceneColorFringeQuality:1]]
[2021.03.13-14.52.54:637][  0]LogConfig: Setting CVar [[r.EyeAdaptationQuality:2]]
[2021.03.13-14.52.54:637][  0]LogConfig: Setting CVar [[r.BloomQuality:5]]
[2021.03.13-14.52.54:637][  0]LogConfig: Setting CVar [[r.FastBlurThreshold:100]]
[2021.03.13-14.52.54:637][  0]LogConfig: Setting CVar [[r.Upscale.Quality:3]]
[2021.03.13-14.52.54:637][  0]LogConfig: Setting CVar [[r.Tonemapper.GrainQuantization:1]]
[2021.03.13-14.52.54:637][  0]LogConfig: Setting CVar [[r.LightShaftQuality:1]]
[2021.03.13-14.52.54:637][  0]LogConfig: Setting CVar [[r.Filter.SizeScale:1]]
[2021.03.13-14.52.54:637][  0]LogConfig: Setting CVar [[r.Tonemapper.Quality:5]]
[2021.03.13-14.52.54:637][  0]LogConfig: Setting CVar [[r.DOF.Gather.AccumulatorQuality:1        ; higher gathering accumulator quality]]
[2021.03.13-14.52.54:637][  0]LogConfig: Setting CVar [[r.DOF.Gather.PostfilterMethod:1          ; Median3x3 postfilering method]]
[2021.03.13-14.52.54:637][  0]LogConfig: Setting CVar [[r.DOF.Gather.EnableBokehSettings:0       ; no bokeh simulation when gathering]]
[2021.03.13-14.52.54:637][  0]LogConfig: Setting CVar [[r.DOF.Gather.RingCount:4                 ; medium number of samples when gathering]]
[2021.03.13-14.52.54:637][  0]LogConfig: Setting CVar [[r.DOF.Scatter.ForegroundCompositing:1    ; additive foreground scattering]]
[2021.03.13-14.52.54:637][  0]LogConfig: Setting CVar [[r.DOF.Scatter.BackgroundCompositing:2    ; additive background scattering]]
[2021.03.13-14.52.54:637][  0]LogConfig: Setting CVar [[r.DOF.Scatter.EnableBokehSettings:1      ; bokeh simulation when scattering]]
[2021.03.13-14.52.54:637][  0]LogConfig: Setting CVar [[r.DOF.Scatter.MaxSpriteRatio:0.1         ; only a maximum of 10% of scattered bokeh]]
[2021.03.13-14.52.54:637][  0]LogConfig: Setting CVar [[r.DOF.Recombine.Quality:1                ; cheap slight out of focus]]
[2021.03.13-14.52.54:637][  0]LogConfig: Setting CVar [[r.DOF.Recombine.EnableBokehSettings:0    ; no bokeh simulation on slight out of focus]]
[2021.03.13-14.52.54:637][  0]LogConfig: Setting CVar [[r.DOF.TemporalAAQuality:1                ; more stable temporal accumulation]]
[2021.03.13-14.52.54:637][  0]LogConfig: Setting CVar [[r.DOF.Kernel.MaxForegroundRadius:0.025]]
[2021.03.13-14.52.54:637][  0]LogConfig: Setting CVar [[r.DOF.Kernel.MaxBackgroundRadius:0.025]]
[2021.03.13-14.52.54:637][  0]LogConfig: Applying CVar settings from Section [TextureQuality@3] File [E:/Github/GEP/GEPProject/Saved/Config/Windows/Scalability.ini]
[2021.03.13-14.52.54:637][  0]LogConfig: Setting CVar [[r.Streaming.MipBias:0]]
[2021.03.13-14.52.54:637][  0]LogConfig: Setting CVar [[r.Streaming.AmortizeCPUToGPUCopy:0]]
[2021.03.13-14.52.54:637][  0]LogConfig: Setting CVar [[r.Streaming.MaxNumTexturesToStreamPerFrame:0]]
[2021.03.13-14.52.54:637][  0]LogConfig: Setting CVar [[r.Streaming.Boost:1]]
[2021.03.13-14.52.54:637][  0]LogConfig: Setting CVar [[r.MaxAnisotropy:8]]
[2021.03.13-14.52.54:637][  0]LogConfig: Setting CVar [[r.VT.MaxAnisotropy:8]]
[2021.03.13-14.52.54:637][  0]LogConfig: Setting CVar [[r.Streaming.LimitPoolSizeToVRAM:0]]
[2021.03.13-14.52.54:637][  0]LogConfig: Setting CVar [[r.Streaming.PoolSize:1000]]
[2021.03.13-14.52.54:637][  0]LogConfig: Setting CVar [[r.Streaming.MaxEffectiveScreenSize:0]]
[2021.03.13-14.52.54:637][  0]LogConfig: Applying CVar settings from Section [EffectsQuality@3] File [E:/Github/GEP/GEPProject/Saved/Config/Windows/Scalability.ini]
[2021.03.13-14.52.54:637][  0]LogConfig: Setting CVar [[r.TranslucencyLightingVolumeDim:64]]
[2021.03.13-14.52.54:637][  0]LogConfig: Setting CVar [[r.RefractionQuality:2]]
[2021.03.13-14.52.54:637][  0]LogConfig: Setting CVar [[r.SSR.Quality:3]]
[2021.03.13-14.52.54:637][  0]LogConfig: Setting CVar [[r.SSR.HalfResSceneColor:0]]
[2021.03.13-14.52.54:637][  0]LogConfig: Setting CVar [[r.SceneColorFormat:4]]
[2021.03.13-14.52.54:637][  0]LogConfig: Setting CVar [[r.DetailMode:2]]
[2021.03.13-14.52.54:637][  0]LogConfig: Setting CVar [[r.TranslucencyVolumeBlur:1]]
[2021.03.13-14.52.54:637][  0]LogConfig: Setting CVar [[r.MaterialQualityLevel:1 ; High quality]]
[2021.03.13-14.52.54:637][  0]LogConfig: Setting CVar [[r.SSS.Scale:1]]
[2021.03.13-14.52.54:637][  0]LogConfig: Setting CVar [[r.SSS.SampleSet:2]]
[2021.03.13-14.52.54:637][  0]LogConfig: Setting CVar [[r.SSS.Quality:1]]
[2021.03.13-14.52.54:637][  0]LogConfig: Setting CVar [[r.SSS.HalfRes:0]]
[2021.03.13-14.52.54:637][  0]LogConfig: Setting CVar [[r.SSGI.Quality:3]]
[2021.03.13-14.52.54:637][  0]LogConfig: Setting CVar [[r.EmitterSpawnRateScale:1.0]]
[2021.03.13-14.52.54:637][  0]LogConfig: Setting CVar [[r.ParticleLightQuality:2]]
[2021.03.13-14.52.54:637][  0]LogConfig: Setting CVar [[r.SkyAtmosphere.AerialPerspectiveLUT.FastApplyOnOpaque:1 ; Always have FastSkyLUT 1 in this case to avoid wrong sky]]
[2021.03.13-14.52.54:637][  0]LogConfig: Setting CVar [[r.SkyAtmosphere.AerialPerspectiveLUT.SampleCountPerSlice:1]]
[2021.03.13-14.52.54:637][  0]LogConfig: Setting CVar [[r.SkyAtmosphere.AerialPerspectiveLUT.DepthResolution:16.0]]
[2021.03.13-14.52.54:637][  0]LogConfig: Setting CVar [[r.SkyAtmosphere.FastSkyLUT:1]]
[2021.03.13-14.52.54:637][  0]LogConfig: Setting CVar [[r.SkyAtmosphere.FastSkyLUT.SampleCountMin:4.0]]
[2021.03.13-14.52.54:637][  0]LogConfig: Setting CVar [[r.SkyAtmosphere.FastSkyLUT.SampleCountMax:32.0]]
[2021.03.13-14.52.54:637][  0]LogConfig: Setting CVar [[r.SkyAtmosphere.SampleCountMin:4.0]]
[2021.03.13-14.52.54:637][  0]LogConfig: Setting CVar [[r.SkyAtmosphere.SampleCountMax:32.0]]
[2021.03.13-14.52.54:637][  0]LogConfig: Setting CVar [[r.SkyAtmosphere.TransmittanceLUT.UseSmallFormat:0]]
[2021.03.13-14.52.54:637][  0]LogConfig: Setting CVar [[r.SkyAtmosphere.TransmittanceLUT.SampleCount:10.0]]
[2021.03.13-14.52.54:637][  0]LogConfig: Setting CVar [[r.SkyAtmosphere.MultiScatteringLUT.SampleCount:15.0]]
[2021.03.13-14.52.54:637][  0]LogConfig: Applying CVar settings from Section [FoliageQuality@3] File [E:/Github/GEP/GEPProject/Saved/Config/Windows/Scalability.ini]
[2021.03.13-14.52.54:637][  0]LogConfig: Setting CVar [[foliage.DensityScale:1.0]]
[2021.03.13-14.52.54:637][  0]LogConfig: Setting CVar [[grass.DensityScale:1.0]]
[2021.03.13-14.52.54:637][  0]LogConfig: Applying CVar settings from Section [ShadingQuality@3] File [E:/Github/GEP/GEPProject/Saved/Config/Windows/Scalability.ini]
[2021.03.13-14.52.54:637][  0]LogConfig: Setting CVar [[r.HairStrands.SkyLighting.SampleCount:16]]
[2021.03.13-14.52.54:637][  0]LogConfig: Setting CVar [[r.HairStrands.SkyLighting.JitterIntegration:0]]
[2021.03.13-14.52.54:637][  0]LogConfig: Setting CVar [[r.HairStrands.SkyAO.SampleCount:16]]
[2021.03.13-14.52.54:637][  0]LogConfig: Setting CVar [[r.HairStrands.DeepShadow.SuperSampling:0]]
[2021.03.13-14.52.54:637][  0]LogConfig: Setting CVar [[r.HairStrands.VisibilityPPLL:0]]
[2021.03.13-14.52.54:637][  0]LogConfig: Setting CVar [[r.HairStrands.RasterizationScale:0.5]]
[2021.03.13-14.52.54:637][  0]LogConfig: Setting CVar [[r.HairStrands.VelocityRasterizationScale:1]]
[2021.03.13-14.52.54:637][  0]LogConfig: Applying CVar settings from Section [Startup] File [../../../Engine/Config/ConsoleVariables.ini]
[2021.03.13-14.52.54:638][  0]LogConfig: Setting CVar [[net.UseAdaptiveNetUpdateFrequency:0]]
[2021.03.13-14.52.54:638][  0]LogConfig: Setting CVar [[p.chaos.AllowCreatePhysxBodies:1]]
[2021.03.13-14.52.54:638][  0]LogConfig: Setting CVar [[fx.SkipVectorVMBackendOptimizations:1]]
[2021.03.13-14.52.54:638][  0]LogConfig: Applying CVar settings from Section [ConsoleVariables] File [E:/Github/GEP/GEPProject/Saved/Config/Windows/Engine.ini]
[2021.03.13-14.52.54:638][  0]LogInit: Computer: DESKTOP-8MPSU4G
[2021.03.13-14.52.54:638][  0]LogInit: User: cathan
[2021.03.13-14.52.54:638][  0]LogInit: CPU Page size=4096, Cores=8
[2021.03.13-14.52.54:638][  0]LogInit: High frequency timer resolution =10.000000 MHz
[2021.03.13-14.52.54:638][  0]LogMemory: Memory total: Physical=15.9GB (16GB approx)
[2021.03.13-14.52.54:638][  0]LogMemory: Platform Memory Stats for Windows
[2021.03.13-14.52.54:638][  0]LogMemory: Process Physical Memory: 117.96 MB used, 117.97 MB peak
[2021.03.13-14.52.54:638][  0]LogMemory: Process Virtual Memory: 106.34 MB used, 106.34 MB peak
[2021.03.13-14.52.54:638][  0]LogMemory: Physical Memory: 13067.09 MB used,  3263.39 MB free, 16330.47 MB total
[2021.03.13-14.52.54:638][  0]LogMemory: Virtual Memory: 5195.04 MB used,  134212536.00 MB free, 134217728.00 MB total
[2021.03.13-14.52.54:648][  0]LogWindows: WindowsPlatformFeatures enabled
[2021.03.13-14.52.54:711][  0]LogInit: Physics initialised using underlying interface: PhysX
[2021.03.13-14.52.54:712][  0]LogInit: Using OS detected language (en-GB).
[2021.03.13-14.52.54:712][  0]LogInit: Using OS detected locale (en-GB).
[2021.03.13-14.52.54:715][  0]LogTextLocalizationManager: No specific localization for 'en-GB' exists, so the 'en' localization will be used.
[2021.03.13-14.52.54:896][  0]LogInit: Setting process to per monitor DPI aware
[2021.03.13-14.52.54:935][  0]LogSlate: New Slate User Created.  User Index 0, Is Virtual User: 0
[2021.03.13-14.52.54:935][  0]LogSlate: Slate User Registered.  User Index 0, Is Virtual User: 0
[2021.03.13-14.52.55:165][  0]LogHMD: Failed to initialize OpenVR with code 110
[2021.03.13-14.52.55:165][  0]LogD3D11RHI: D3D11 min allowed feature level: 11_0
[2021.03.13-14.52.55:165][  0]LogD3D11RHI: D3D11 max allowed feature level: 11_0
[2021.03.13-14.52.55:165][  0]LogD3D11RHI: D3D11 adapters:
[2021.03.13-14.52.55:289][  0]LogD3D11RHI:    0. 'NVIDIA GeForce RTX 2060' (Feature Level 11_0)
[2021.03.13-14.52.55:289][  0]LogD3D11RHI:       5980/0/8165 MB DedicatedVideo/DedicatedSystem/SharedSystem, Outputs:2, VendorId:0x10de
[2021.03.13-14.52.55:292][  0]LogD3D11RHI:    1. 'Microsoft Basic Render Driver' (Feature Level 11_0)
[2021.03.13-14.52.55:292][  0]LogD3D11RHI:       0/0/8165 MB DedicatedVideo/DedicatedSystem/SharedSystem, Outputs:0, VendorId:0x1414
[2021.03.13-14.52.55:292][  0]LogD3D11RHI: Chosen D3D11 Adapter: 0
[2021.03.13-14.52.55:306][  0]LogD3D11RHI: Creating new Direct3DDevice
[2021.03.13-14.52.55:306][  0]LogD3D11RHI:     GPU DeviceId: 0x1f08 (for the marketing name, search the web for "GPU Device Id")
[2021.03.13-14.52.55:306][  0]LogWindows: EnumDisplayDevices:
[2021.03.13-14.52.55:306][  0]LogWindows:    0. 'NVIDIA GeForce RTX 2060' (P:1 D:1)
[2021.03.13-14.52.55:307][  0]LogWindows:    1. 'NVIDIA GeForce RTX 2060' (P:0 D:1)
[2021.03.13-14.52.55:307][  0]LogWindows:    2. 'NVIDIA GeForce RTX 2060' (P:0 D:0)
[2021.03.13-14.52.55:307][  0]LogWindows:    3. 'NVIDIA GeForce RTX 2060' (P:0 D:0)
[2021.03.13-14.52.55:307][  0]LogWindows: DebugString: FoundDriverCount:4 
[2021.03.13-14.52.55:307][  0]LogD3D11RHI:     Adapter Name: NVIDIA GeForce RTX 2060
[2021.03.13-14.52.55:307][  0]LogD3D11RHI:   Driver Version: 460.79 (internal:27.21.14.6079, unified:460.79)
[2021.03.13-14.52.55:307][  0]LogD3D11RHI:      Driver Date: 12-3-2020
[2021.03.13-14.52.55:307][  0]LogRHI: Texture pool is 4186 MB (70% of 5980 MB)
[2021.03.13-14.52.55:399][  0]LogD3D11RHI: RHI has support for 64 bit atomics
[2021.03.13-14.52.55:399][  0]LogD3D11RHI: Async texture creation enabled
[2021.03.13-14.52.55:399][  0]LogD3D11RHI: Array index from any shader is supported
[2021.03.13-14.52.55:433][  0]LogD3D11RHI: GPU Timing Frequency: 1000.000000 (Debug: 2 1)
[2021.03.13-14.52.55:720][  0]LogTargetPlatformManager: Display: Loaded TargetPlatform 'AllDesktop'
[2021.03.13-14.52.55:744][  0]LogTargetPlatformManager: Display: Loaded TargetPlatform 'Android'
[2021.03.13-14.52.55:744][  0]LogTargetPlatformManager: Display: Loaded TargetPlatform 'Android_ASTC'
[2021.03.13-14.52.55:744][  0]LogTargetPlatformManager: Display: Loaded TargetPlatform 'Android_DXT'
[2021.03.13-14.52.55:744][  0]LogTargetPlatformManager: Display: Loaded TargetPlatform 'Android_ETC2'
[2021.03.13-14.52.55:744][  0]LogTargetPlatformManager: Display: Loaded TargetPlatform 'AndroidClient'
[2021.03.13-14.52.55:744][  0]LogTargetPlatformManager: Display: Loaded TargetPlatform 'Android_ASTCClient'
[2021.03.13-14.52.55:744][  0]LogTargetPlatformManager: Display: Loaded TargetPlatform 'Android_DXTClient'
[2021.03.13-14.52.55:744][  0]LogTargetPlatformManager: Display: Loaded TargetPlatform 'Android_ETC2Client'
[2021.03.13-14.52.55:744][  0]LogTargetPlatformManager: Display: Loaded TargetPlatform 'Android_Multi'
[2021.03.13-14.52.55:744][  0]LogTargetPlatformManager: Display: Loaded TargetPlatform 'Android_MultiClient'
[2021.03.13-14.52.55:771][  0]LogTargetPlatformManager: Display: Loaded TargetPlatform 'IOSClient'
[2021.03.13-14.52.55:771][  0]LogTargetPlatformManager: Display: Loaded TargetPlatform 'IOS'
[2021.03.13-14.52.55:783][  0]LogTargetPlatformManager: Display: Loaded TargetPlatform 'Linux'
[2021.03.13-14.52.55:794][  0]LogTargetPlatformManager: Display: Loaded TargetPlatform 'LinuxNoEditor'
[2021.03.13-14.52.55:805][  0]LogTargetPlatformManager: Display: Loaded TargetPlatform 'LinuxClient'
[2021.03.13-14.52.55:816][  0]LogTargetPlatformManager: Display: Loaded TargetPlatform 'LinuxServer'
[2021.03.13-14.52.55:826][  0]LogTargetPlatformManager: Display: Loaded TargetPlatform 'LinuxAArch64NoEditor'
[2021.03.13-14.52.55:836][  0]LogTargetPlatformManager: Display: Loaded TargetPlatform 'LinuxAArch64Client'
[2021.03.13-14.52.55:846][  0]LogTargetPlatformManager: Display: Loaded TargetPlatform 'LinuxAArch64Server'
[2021.03.13-14.52.55:873][  0]LogTargetPlatformManager: Display: Loaded TargetPlatform 'Lumin'
[2021.03.13-14.52.55:873][  0]LogTargetPlatformManager: Display: Loaded TargetPlatform 'LuminClient'
[2021.03.13-14.52.55:889][  0]LogTargetPlatformManager: Display: Loaded TargetPlatform 'TVOSClient'
[2021.03.13-14.52.55:890][  0]LogTargetPlatformManager: Display: Loaded TargetPlatform 'TVOS'
[2021.03.13-14.52.55:901][  0]LogTargetPlatformManager: Display: Loaded TargetPlatform 'WindowsNoEditor'
[2021.03.13-14.52.55:912][  0]LogTargetPlatformManager: Display: Loaded TargetPlatform 'Windows'
[2021.03.13-14.52.55:923][  0]LogTargetPlatformManager: Display: Loaded TargetPlatform 'WindowsClient'
[2021.03.13-14.52.55:934][  0]LogTargetPlatformManager: Display: Loaded TargetPlatform 'WindowsServer'
[2021.03.13-14.52.55:934][  0]LogTargetPlatformManager: Display: Building Assets For Windows
[2021.03.13-14.52.55:945][  0]LogAudioDebug: Display: Lib vorbis DLL was dynamically loaded.
[2021.03.13-14.52.56:016][  0]LogShaderCompilers: Guid format shader working directory is 9 characters bigger than the processId version (../../../../../Github/GEP/GEPProject/Intermediate/Shaders/WorkingDirectory/391528/).
[2021.03.13-14.52.56:016][  0]LogShaderCompilers: Cleaned the shader compiler working directory 'C:/Users/cathan/AppData/Local/Temp/UnrealShaderWorkingDir/6DDB97CE4071FFE3A3BFD39F65F56607/'.
[2021.03.13-14.52.56:016][  0]LogXGEController: Cleaning working directory: C:/Users/cathan/AppData/Local/Temp/UnrealXGEWorkingDir/
[2021.03.13-14.52.56:016][  0]LogXGEController: Cannot use XGE Controller as Incredibuild is not installed on this machine.
[2021.03.13-14.52.56:017][  0]LogShaderCompilers: Cannot use XGE Shader Compiler as Incredibuild is not installed on this machine.
[2021.03.13-14.52.56:017][  0]LogShaderCompilers: Display: Using Local Shader Compiler.
[2021.03.13-14.52.56:773][  0]LogDerivedDataCache: Display: Max Cache Size: 512 MB
[2021.03.13-14.52.56:823][  0]LogDerivedDataCache: Loaded boot cache 0.05s 76MB C:/Users/cathan/AppData/Local/UnrealEngine/4.25/DerivedDataCache/Boot.ddc.
[2021.03.13-14.52.56:823][  0]LogDerivedDataCache: Display: Loaded Boot cache: C:/Users/cathan/AppData/Local/UnrealEngine/4.25/DerivedDataCache/Boot.ddc
[2021.03.13-14.52.56:823][  0]LogDerivedDataCache: FDerivedDataBackendGraph:  Pak pak cache file ../../../../../Github/GEP/GEPProject/DerivedDataCache/DDC.ddp not found, will not use a pak cache.
[2021.03.13-14.52.56:823][  0]LogDerivedDataCache: Unable to find inner node Pak for hierarchical cache Hierarchy.
[2021.03.13-14.52.56:824][  0]LogDerivedDataCache: FDerivedDataBackendGraph:  CompressedPak pak cache file ../../../../../Github/GEP/GEPProject/DerivedDataCache/Compressed.ddp not found, will not use a pak cache.
[2021.03.13-14.52.56:824][  0]LogDerivedDataCache: Unable to find inner node CompressedPak for hierarchical cache Hierarchy.
[2021.03.13-14.52.56:834][  0]LogDerivedDataCache: Display: Pak cache opened for reading ../../../Engine/DerivedDataCache/Compressed.ddp.
[2021.03.13-14.52.56:834][  0]LogDerivedDataCache: FDerivedDataBackendGraph:  EnterprisePak pak cache file ../../../Enterprise/DerivedDataCache/Compressed.ddp not found, will not use a pak cache.
[2021.03.13-14.52.56:834][  0]LogDerivedDataCache: Unable to find inner node EnterprisePak for hierarchical cache Hierarchy.
[2021.03.13-14.52.56:836][  0]LogDerivedDataCache: Using Local data cache path C:/Users/cathan/AppData/Local/UnrealEngine/Common/DerivedDataCache: Writable
[2021.03.13-14.52.56:836][  0]LogDerivedDataCache: Shared data cache path not found in *engine.ini, will not use an Shared cache.
[2021.03.13-14.52.56:836][  0]LogDerivedDataCache: Unable to find inner node Shared for hierarchical cache Hierarchy.
[2021.03.13-14.52.56:888][  0]LogSlate: Using FreeType 2.10.0
[2021.03.13-14.52.56:889][  0]LogSlate: SlateFontServices - WITH_FREETYPE: 1, WITH_HARFBUZZ: 1
[2021.03.13-14.52.56:914][  0]LogAssetRegistry: FAssetRegistry took 0.0029 seconds to start up
[2021.03.13-14.52.57:151][  0]LogInit: Selected Device Profile: [Windows]
[2021.03.13-14.52.57:267][  0]LogMeshReduction: Using QuadricMeshReduction for automatic static mesh reduction
[2021.03.13-14.52.57:267][  0]LogMeshReduction: Using SimplygonMeshReduction for automatic skeletal mesh reduction
[2021.03.13-14.52.57:267][  0]LogMeshReduction: Using ProxyLODMeshReduction for automatic mesh merging
[2021.03.13-14.52.57:267][  0]LogMeshReduction: No distributed automatic mesh merging module available
[2021.03.13-14.52.57:267][  0]LogMeshMerging: No distributed automatic mesh merging module available
[2021.03.13-14.52.57:285][  0]LogNetVersion: GEPProject 1.0.0, NetCL: 13144385, EngineNetVer: 14, GameNetVer: 0 (Checksum: 386946200)
[2021.03.13-14.52.57:685][  0]LogAISub: UAISubsystem::UAISubsystem AISubsystem (000001C0068010C0), frame # 0
[2021.03.13-14.52.57:685][  0]LogAISub: UAISubsystem::UAISubsystem AIPerceptionSystem (000001C008736AC0), frame # 0
[2021.03.13-14.52.57:686][  0]LogAISub: UAISubsystem::UAISubsystem EnvQueryManager (000001C0087B4800), frame # 0
[2021.03.13-14.52.57:746][  0]LogPackageLocalizationCache: Processed 19 localized package path(s) for 1 prioritized culture(s) in 0.053575 seconds
[2021.03.13-14.52.57:752][  0]LogUObjectArray: 15917 objects as part of root set at end of initial load.
[2021.03.13-14.52.57:752][  0]LogUObjectAllocator: 3965568 out of 0 bytes used by permanent object pool.
[2021.03.13-14.52.57:752][  0]LogUObjectArray: CloseDisregardForGC: 0/0 objects in disregard for GC pool
[2021.03.13-14.52.58:173][  0]LogTcpMessaging: Initializing TcpMessaging bridge
[2021.03.13-14.52.58:179][  0]LogUdpMessaging: Initializing bridge on interface 0.0.0.0:0 to multicast group 230.0.0.1:6666.
[2021.03.13-14.52.58:300][  0]SourceControl: Source control is disabled
[2021.03.13-14.52.58:300][  0]SourceControl: Source control is disabled
[2021.03.13-14.52.58:305][  0]SourceControl: Source control is disabled
[2021.03.13-14.52.58:309][  0]SourceControl: Source control is disabled
[2021.03.13-14.52.58:322][  0]SourceControl: Source control is disabled
[2021.03.13-14.52.58:609][  0]LogAndroidPermission: UAndroidPermissionCallbackProxy::GetInstance
[2021.03.13-14.52.58:636][  0]LogAudioCaptureCore: Display: No Audio Capture implementations found. Audio input will be silent.
[2021.03.13-14.52.58:636][  0]LogAudioCaptureCore: Display: No Audio Capture implementations found. Audio input will be silent.
[2021.03.13-14.52.58:695][  0]LogOcInput: OculusInput pre-init called
[2021.03.13-14.52.58:708][  0]LogWindows: Failed to load 'OVRPlugin.dll' (GetLastError=126)
[2021.03.13-14.52.58:708][  0]LogWindows: File 'OVRPlugin.dll' does not exist
[2021.03.13-14.52.58:778][  0]LogEngine: Initializing Engine...
[2021.03.13-14.52.58:779][  0]LogHMD: Failed to initialize OpenVR with code 110
[2021.03.13-14.52.58:779][  0]LogMagicLeap: Warning: VR disabled because ZI is not enabled.  To enable, in the editor, Edit -> Project Settings -> Plugins -> Magic Leap Plugin -> Enable Zero Iteration
[2021.03.13-14.52.58:780][  0]LogStats: UGameplayTagsManager::InitializeManager -  0.000 s
[2021.03.13-14.52.58:898][  0]LogInit: Initializing FReadOnlyCVARCache
[2021.03.13-14.52.58:910][  0]LogAIModule: Creating AISystem for world Untitled
[2021.03.13-14.52.58:910][  0]LogAISub: UAISubsystem::UAISubsystem EnvQueryManager (000001C010CE3C00), frame # 0
[2021.03.13-14.52.58:910][  0]LogAISub: UAISubsystem::UAISubsystem AIPerceptionSystem (000001C010DA0F40), frame # 0
[2021.03.13-14.52.58:925][  0]LogAudioMixer: Display: Audio Mixer Platform Settings:
[2021.03.13-14.52.58:925][  0]LogAudioMixer: Display: 	Sample Rate:						  48000
[2021.03.13-14.52.58:925][  0]LogAudioMixer: Display: 	Callback Buffer Frame Size Requested: 1024
[2021.03.13-14.52.58:925][  0]LogAudioMixer: Display: 	Callback Buffer Frame Size To Use:	  1024
[2021.03.13-14.52.58:925][  0]LogAudioMixer: Display: 	Number of buffers to queue:			  2
[2021.03.13-14.52.58:925][  0]LogAudioMixer: Display: 	Max Channels (voices):				  32
[2021.03.13-14.52.58:925][  0]LogAudioMixer: Display: 	Number of Async Source Workers:		  0
[2021.03.13-14.52.58:925][  0]LogAudio: Display: AudioDevice MaxSources: 32
[2021.03.13-14.52.58:925][  0]LogAudio: Display: Using built-in audio occlusion.
[2021.03.13-14.52.58:925][  0]LogAudioMixer: Display: Initializing audio mixer.
[2021.03.13-14.52.58:940][  0]LogAudioMixer: Display: 0: FrontLeft
[2021.03.13-14.52.58:940][  0]LogAudioMixer: Display: 1: FrontRight
[2021.03.13-14.52.58:982][  0]LogAudioMixer: Display: Using Audio Device OUT 1-2 (BEHRINGER UMC 202HD 192k)
[2021.03.13-14.52.58:985][  0]LogAudioMixer: Display: Initializing Sound Submixes...
[2021.03.13-14.52.58:988][  0]LogAudioMixer: Display: Creating Master Submix 'MasterSubmixDefault'
[2021.03.13-14.52.58:988][  0]LogAudioMixer: Display: Creating Master Submix 'MasterReverbSubmixDefault'
[2021.03.13-14.52.58:989][  0]LogAudioMixer: Display: Creating Master Submix 'MasterEQSubmixDefault'
[2021.03.13-14.52.58:990][  0]LogInit: FAudioDevice initialized.
[2021.03.13-14.52.58:990][  0]LogNetVersion: Set ProjectVersion to 1.0.0.0. Version Checksum will be recalculated on next use.
[2021.03.13-14.52.59:074][  0]LogDerivedDataCache: Saved boot cache 0.08s 76MB C:/Users/cathan/AppData/Local/UnrealEngine/4.25/DerivedDataCache/Boot.ddc.
[2021.03.13-14.52.59:080][  0]LogInit: Texture streaming: Enabled
[2021.03.13-14.52.59:100][  0]LogEngineSessionManager: EngineSessionManager initialized
[2021.03.13-14.52.59:100][  0]LogEngineSessionManager: EngineSessionManager sent abnormal shutdown report. Type=Crashed, SessionId={AD90F325-4422-248E-3624-57B491C4648C}
[2021.03.13-14.52.59:100][  0]LogEditorSessionSummary: Verbose: Initializing EditorSessionSummaryWriter for editor session tracking
[2021.03.13-14.52.59:102][  0]LogEditorSessionSummary: EditorSessionSummaryWriter initialized
[2021.03.13-14.52.59:183][  0]LogInit: Transaction tracking system initialized
[2021.03.13-14.52.59:210][  0]BlueprintLog: New page: Editor Load
[2021.03.13-14.52.59:289][  0]LocalizationService: Localization service is disabled
[2021.03.13-14.52.59:456][  0]LogCook: Display: Max memory allowance for cook 16384mb min free memory 0mb
[2021.03.13-14.52.59:456][  0]LogCook: Display: Mobile HDR setting 1
[2021.03.13-14.52.59:604][  0]LogFileCache: Scanning file cache for directory 'E:/Github/GEP/GEPProject/Content/' took 0.01s
[2021.03.13-14.52.59:787][  0]SourceControl: Source control is disabled
[2021.03.13-14.52.59:787][  0]LogUnrealEdMisc: Loading editor; pre map load, took 7.298
[2021.03.13-14.52.59:787][  0]Cmd: MAP LOAD FILE="../../../../../Github/GEP/GEPProject/Content/FirstPersonCPP/Maps/FirstPersonExampleMap.umap" TEMPLATE=0 SHOWPROGRESS=1 FEATURELEVEL=3
[2021.03.13-14.52.59:787][  0]LightingResults: New page: Lighting Build
[2021.03.13-14.52.59:788][  0]LogWorld: UWorld::CleanupWorld for Untitled, bSessionEnded=true, bCleanupResources=true
[2021.03.13-14.52.59:788][  0]LogSlate: InvalidateAllWidgets triggered.  All widgets were invalidated
[2021.03.13-14.52.59:788][  0]MapCheck: New page: Map Check
[2021.03.13-14.52.59:788][  0]LightingResults: New page: Lighting Build
[2021.03.13-14.52.59:809][  0]LogAISub: UAISubsystem::~UAISubsystem EnvQueryManager (000001C010CE3C00), frame # 0
[2021.03.13-14.52.59:809][  0]LogAISub: UAISubsystem::~UAISubsystem AIPerceptionSystem (000001C010DA0F40), frame # 0
[2021.03.13-14.52.59:810][  0]LogUObjectHash: Compacting FUObjectHashTables data took   0.69ms
[2021.03.13-14.52.59:900][  0]LogAIModule: Creating AISystem for world FirstPersonExampleMap
[2021.03.13-14.52.59:900][  0]LogAISub: UAISubsystem::UAISubsystem EnvQueryManager (000001C01936E400), frame # 0
[2021.03.13-14.52.59:900][  0]LogAISub: UAISubsystem::UAISubsystem AIPerceptionSystem (000001C007CDB380), frame # 0
[2021.03.13-14.52.59:918][  0]LogEditorServer: Finished looking for orphan Actors (0.000 secs)
[2021.03.13-14.52.59:941][  0]LogUObjectHash: Compacting FUObjectHashTables data took   0.79ms
[2021.03.13-14.52.59:941][  0]Cmd: MAP CHECKDEP NOCLEARLOG
[2021.03.13-14.52.59:941][  0]MapCheck: Map check complete: 0 Error(s), 0 Warning(s), took 0.172ms to complete.
[2021.03.13-14.52.59:941][  0]LogFileHelpers: Loading map 'FirstPersonExampleMap' took 0.155
[2021.03.13-14.52.59:945][  0]LogUnrealEdMisc: Total Editor Startup Time, took 7.457
[2021.03.13-14.53.00:070][  0]LogSlate: Updating window title bar state: overlay mode, drag disabled, window buttons hidden, title bar hidden
[2021.03.13-14.53.00:077][  0]LogSlate: Updating window title bar state: overlay mode, drag disabled, window buttons hidden, title bar hidden
[2021.03.13-14.53.00:084][  0]LogSlate: Updating window title bar state: overlay mode, drag disabled, window buttons hidden, title bar hidden
[2021.03.13-14.53.00:091][  0]LogSlate: Updating window title bar state: overlay mode, drag disabled, window buttons hidden, title bar hidden
[2021.03.13-14.53.00:097][  0]LogCollectionManager: Loaded 0 collections in 0.001042 seconds
[2021.03.13-14.53.00:115][  0]LogFileCache: Scanning file cache for directory 'E:/Github/GEP/GEPProject/Saved/Collections/' took 0.00s
[2021.03.13-14.53.00:115][  0]LogFileCache: Scanning file cache for directory 'E:/Github/GEP/GEPProject/Content/Developers/cathan/Collections/' took 0.00s
[2021.03.13-14.53.00:115][  0]LogFileCache: Scanning file cache for directory 'E:/Github/GEP/GEPProject/Content/Collections/' took 0.00s
[2021.03.13-14.53.00:115][  0]LogContentBrowser: Native class hierarchy populated in 0.0107 seconds. Added 3448 classes and 827 folders.
[2021.03.13-14.53.00:118][  0]LogContentBrowser: Native class hierarchy updated for 'WidgetCarousel' in 0.0005 seconds. Added 0 classes and 0 folders.
[2021.03.13-14.53.00:202][  0]LogContentBrowser: Native class hierarchy updated for 'AddContentDialog' in 0.0007 seconds. Added 0 classes and 0 folders.
[2021.03.13-14.53.00:204][  0]LogContentBrowser: Native class hierarchy updated for 'SceneOutliner' in 0.0006 seconds. Added 2 classes and 0 folders.
[2021.03.13-14.53.00:229][  0]LogSlate: Took 0.000296 seconds to synchronously load lazily loaded font '../../../Engine/Content/Slate/Fonts/Roboto-Regular.ttf' (155K)
[2021.03.13-14.53.00:231][  0]LogSlate: Took 0.000296 seconds to synchronously load lazily loaded font '../../../Engine/Content/Slate/Fonts/Roboto-Bold.ttf' (160K)
[2021.03.13-14.53.00:237][  0]LogSlate: Took 0.000442 seconds to synchronously load lazily loaded font '../../../Engine/Content/Editor/Slate/Fonts/FontAwesome.ttf' (139K)
[2021.03.13-14.53.00:299][  0]LogRenderer: Reallocating scene render targets to support 1208x572 Format 10 NumSamples 1 (Frame:1).
[2021.03.13-14.53.00:350][  0]LogSlate: Took 0.000236 seconds to synchronously load lazily loaded font '../../../Engine/Content/Slate/Fonts/Roboto-Light.ttf' (167K)
[2021.03.13-14.53.00:429][  0]LogContentBrowser: Native class hierarchy updated for 'HierarchicalLODOutliner' in 0.0009 seconds. Added 0 classes and 0 folders.
[2021.03.13-14.53.00:429][  0]LogLoad: (Engine Initialization) Total time: 7.94 seconds
[2021.03.13-14.53.00:430][  0]LogLoad: (Engine Initialization) Total Blueprint compile time: 0.00 seconds
[2021.03.13-14.53.00:460][  0]LogActor: Warning: BP_TestBlock_C /Engine/Transient.World_0:PersistentLevel.BP_TestBlock_C_0 has natively added scene component(s), but none of them were set as the actor's RootComponent - picking one arbitrarily
[2021.03.13-14.53.00:488][  0]LogAssetRegistry: Asset discovery search completed in 3.5749 seconds
[2021.03.13-14.53.00:491][  0]LogCollectionManager: Fixed up redirectors for 0 collections in 0.000002 seconds (updated 0 objects)
[2021.03.13-14.53.00:493][  0]LogContentStreaming: Texture pool size now 1000 MB
[2021.03.13-14.53.06:818][ 19]LogTemp: Repeating last play command: Selected Viewport
[2021.03.13-14.53.06:839][ 19]LogPlayLevel: PlayLevel: No blueprints needed recompiling
[2021.03.13-14.53.06:839][ 19]PIE: New page: PIE session: FirstPersonExampleMap (13 Mar 2021, 14:53:06)
[2021.03.13-14.53.06:840][ 19]LogOnline: OSS: Creating online subsystem instance for: NULL
[2021.03.13-14.53.06:841][ 19]LogOnline: OSS: TryLoadSubsystemAndSetDefault: Loaded subsystem for module [NULL]
[2021.03.13-14.53.06:842][ 19]LogPlayLevel: Creating play world package: /Game/FirstPersonCPP/Maps/UEDPIE_0_FirstPersonExampleMap
[2021.03.13-14.53.06:859][ 19]LogPlayLevel: PIE: StaticDuplicateObject took: (0.016934s)
[2021.03.13-14.53.06:860][ 19]LogAIModule: Creating AISystem for world FirstPersonExampleMap
[2021.03.13-14.53.06:860][ 19]LogAISub: UAISubsystem::UAISubsystem EnvQueryManager (000001C044148800), frame # 19
[2021.03.13-14.53.06:860][ 19]LogAISub: UAISubsystem::UAISubsystem AIPerceptionSystem (000001C048F5D800), frame # 19
[2021.03.13-14.53.06:860][ 19]LogPlayLevel: PIE: World Init took: (0.001675s)
[2021.03.13-14.53.06:860][ 19]LogPlayLevel: PIE: Created PIE world by copying editor world from /Game/FirstPersonCPP/Maps/FirstPersonExampleMap.FirstPersonExampleMap to /Game/FirstPersonCPP/Maps/UEDPIE_0_FirstPersonExampleMap.FirstPersonExampleMap (0.018827s)
[2021.03.13-14.53.06:874][ 19]LogUObjectHash: Compacting FUObjectHashTables data took   0.74ms
[2021.03.13-14.53.06:878][ 19]LogAudioMixer: Display: Audio Mixer Platform Settings:
[2021.03.13-14.53.06:878][ 19]LogAudioMixer: Display: 	Sample Rate:						  48000
[2021.03.13-14.53.06:878][ 19]LogAudioMixer: Display: 	Callback Buffer Frame Size Requested: 1024
[2021.03.13-14.53.06:878][ 19]LogAudioMixer: Display: 	Callback Buffer Frame Size To Use:	  1024
[2021.03.13-14.53.06:878][ 19]LogAudioMixer: Display: 	Number of buffers to queue:			  2
[2021.03.13-14.53.06:878][ 19]LogAudioMixer: Display: 	Max Channels (voices):				  32
[2021.03.13-14.53.06:878][ 19]LogAudioMixer: Display: 	Number of Async Source Workers:		  0
[2021.03.13-14.53.06:878][ 19]LogAudio: Display: AudioDevice MaxSources: 32
[2021.03.13-14.53.06:879][ 19]LogAudio: Display: Using built-in audio occlusion.
[2021.03.13-14.53.06:879][ 19]LogAudioMixer: Display: Initializing audio mixer.
[2021.03.13-14.53.06:886][ 19]LogAudioMixer: Display: 0: FrontLeft
[2021.03.13-14.53.06:886][ 19]LogAudioMixer: Display: 1: FrontRight
[2021.03.13-14.53.06:908][ 19]LogAudioMixer: Display: Using Audio Device OUT 1-2 (BEHRINGER UMC 202HD 192k)
[2021.03.13-14.53.06:908][ 19]LogAudioMixer: Display: Initializing Sound Submixes...
[2021.03.13-14.53.06:908][ 19]LogAudioMixer: Display: Creating Master Submix 'MasterSubmixDefault'
[2021.03.13-14.53.06:908][ 19]LogAudioMixer: Display: Creating Master Submix 'MasterReverbSubmixDefault'
[2021.03.13-14.53.06:909][ 19]LogAudioMixer: Display: Creating Master Submix 'MasterEQSubmixDefault'
[2021.03.13-14.53.06:920][ 19]LogInit: FAudioDevice initialized.
[2021.03.13-14.53.07:016][ 19]LogLoad: Game class is 'BP_GEPGamemode_C'
[2021.03.13-14.53.07:018][ 19]LogWorld: Bringing World /Game/FirstPersonCPP/Maps/UEDPIE_0_FirstPersonExampleMap.FirstPersonExampleMap up for play (max tick rate 0) at 2021.03.13-14.53.07
[2021.03.13-14.53.07:018][ 19]LogWorld: Bringing up level for play took: 0.001599
[2021.03.13-14.53.07:018][ 19]LogOnline: OSS: Creating online subsystem instance for: :Context_2
[2021.03.13-14.53.07:021][ 19]LogOutputDevice: Warning: 

Script Stack (2 frames):
GEPProjectCharacter.Init
GEPPlayerController.Init

[2021.03.13-14.53.07:457][ 19]LogStats: FPlatformStackWalk::StackWalkAndDump -  0.436 s
[2021.03.13-14.53.07:457][ 19]LogOutputDevice: Error: === Handled ensure: ===
[2021.03.13-14.53.07:457][ 19]LogOutputDevice: Error: 
[2021.03.13-14.53.07:457][ 19]LogOutputDevice: Error: Ensure condition failed: ActorHasBegunPlay == EActorBeginPlayState::BeginningPlay [File:D:/Build/++UE4/Sync/Engine/Source/Runtime/Engine/Private/Actor.cpp] [Line: 3421]
[2021.03.13-14.53.07:457][ 19]LogOutputDevice: Error: BeginPlay was called on actor /Game/FirstPersonCPP/Maps/UEDPIE_0_FirstPersonExampleMap.FirstPersonExampleMap:PersistentLevel.FirstPersonCharacter_C_0 which was in state 0
[2021.03.13-14.53.07:457][ 19]LogOutputDevice: Error: Stack: 
[2021.03.13-14.53.07:457][ 19]LogOutputDevice: Error: [Callstack] 0x00007ffa2777c730 UE4Editor-Engine.dll!UnknownFunction []
[2021.03.13-14.53.07:457][ 19]LogOutputDevice: Error: [Callstack] 0x00007ffa25f04aa1 UE4Editor-Engine.dll!UnknownFunction []
[2021.03.13-14.53.07:457][ 19]LogOutputDevice: Error: [Callstack] 0x00007ffaabcb0b34 UE4Editor-CoreUObject.dll!UnknownFunction []
[2021.03.13-14.53.07:457][ 19]LogOutputDevice: Error: [Callstack] 0x00007ffaabf24753 UE4Editor-CoreUObject.dll!UnknownFunction []
[2021.03.13-14.53.07:457][ 19]LogOutputDevice: Error: [Callstack] 0x00007ffa25f3afe5 UE4Editor-Engine.dll!UnknownFunction []
[2021.03.13-14.53.07:457][ 19]LogOutputDevice: Error: [Callstack] 0x00007ffa0df57d1d UE4Editor-GEPProject.dll!AGEPPlayerController::Init_Implementation() [E:\Github\GEP\GEPProject\Source\GEPProject\Player\GEPPlayerController.cpp:44]
[2021.03.13-14.53.07:457][ 19]LogOutputDevice: Error: [Callstack] 0x00007ffaabcb0b34 UE4Editor-CoreUObject.dll!UnknownFunction []
[2021.03.13-14.53.07:457][ 19]LogOutputDevice: Error: [Callstack] 0x00007ffaabf24753 UE4Editor-CoreUObject.dll!UnknownFunction []
[2021.03.13-14.53.07:457][ 19]LogOutputDevice: Error: [Callstack] 0x00007ffa25f3afe5 UE4Editor-Engine.dll!UnknownFunction []
[2021.03.13-14.53.07:457][ 19]LogOutputDevice: Error: [Callstack] 0x00007ffa0df5b12b UE4Editor-GEPProject.dll!AGEPProjectGameMode::PostLogin() [E:\Github\GEP\GEPProject\Source\GEPProject\GEPProjectGameMode.cpp:40]
[2021.03.13-14.53.07:457][ 19]LogOutputDevice: Error: [Callstack] 0x00007ffa267c5099 UE4Editor-Engine.dll!UnknownFunction []
[2021.03.13-14.53.07:457][ 19]LogOutputDevice: Error: [Callstack] 0x00007ffa26814f9d UE4Editor-Engine.dll!UnknownFunction []
[2021.03.13-14.53.07:457][ 19]LogOutputDevice: Error: [Callstack] 0x00007ffa266143b9 UE4Editor-Engine.dll!UnknownFunction []
[2021.03.13-14.53.07:457][ 19]LogOutputDevice: Error: [Callstack] 0x00007ffa248a595c UE4Editor-UnrealEd.dll!UnknownFunction []
[2021.03.13-14.53.07:457][ 19]LogOutputDevice: Error: [Callstack] 0x00007ffa248c682c UE4Editor-UnrealEd.dll!UnknownFunction []
[2021.03.13-14.53.07:458][ 19]LogOutputDevice: Error: [Callstack] 0x00007ffa248a6899 UE4Editor-UnrealEd.dll!UnknownFunction []
[2021.03.13-14.53.07:458][ 19]LogOutputDevice: Error: [Callstack] 0x00007ffa248e23da UE4Editor-UnrealEd.dll!UnknownFunction []
[2021.03.13-14.53.07:458][ 19]LogOutputDevice: Error: [Callstack] 0x00007ffa248e569d UE4Editor-UnrealEd.dll!UnknownFunction []
[2021.03.13-14.53.07:458][ 19]LogOutputDevice: Error: [Callstack] 0x00007ffa248e5078 UE4Editor-UnrealEd.dll!UnknownFunction []
[2021.03.13-14.53.07:458][ 19]LogOutputDevice: Error: [Callstack] 0x00007ffa2436a854 UE4Editor-UnrealEd.dll!UnknownFunction []
[2021.03.13-14.53.07:458][ 19]LogOutputDevice: Error: [Callstack] 0x00007ffa24c437e6 UE4Editor-UnrealEd.dll!UnknownFunction []
[2021.03.13-14.53.07:458][ 19]LogOutputDevice: Error: [Callstack] 0x00007ff7bdce7800 UE4Editor.exe!UnknownFunction []
[2021.03.13-14.53.07:458][ 19]LogOutputDevice: Error: [Callstack] 0x00007ff7bdcfba7c UE4Editor.exe!UnknownFunction []
[2021.03.13-14.53.07:458][ 19]LogOutputDevice: Error: [Callstack] 0x00007ff7bdcfbb5a UE4Editor.exe!UnknownFunction []
[2021.03.13-14.53.07:458][ 19]LogOutputDevice: Error: [Callstack] 0x00007ff7bdd0e31d UE4Editor.exe!UnknownFunction []
[2021.03.13-14.53.07:458][ 19]LogOutputDevice: Error: [Callstack] 0x00007ff7bdd1145a UE4Editor.exe!UnknownFunction []
[2021.03.13-14.53.07:458][ 19]LogOutputDevice: Error: [Callstack] 0x00007ffaedbb6fd4 KERNEL32.DLL!UnknownFunction []
[2021.03.13-14.53.07:458][ 19]LogOutputDevice: Error: [Callstack] 0x00007ffaefafcec1 ntdll.dll!UnknownFunction []
[2021.03.13-14.53.07:458][ 19]LogOutputDevice: Error: 
[2021.03.13-14.53.07:461][ 19]LogStats:                SubmitErrorReport -  0.000 s
[2021.03.13-14.53.09:166][ 19]LogStats:                    SendNewReport -  1.706 s
[2021.03.13-14.53.09:166][ 19]LogStats:             FDebug::EnsureFailed -  2.145 s
[2021.03.13-14.53.09:171][ 19]LogContentBrowser: Native class hierarchy updated for 'MovieSceneCapture' in 0.0008 seconds. Added 20 classes and 0 folders.
[2021.03.13-14.53.09:176][ 19]PIE: Server logged in
[2021.03.13-14.53.09:177][ 19]PIE: Play in editor total start time 2.339 seconds.
[2021.03.13-14.53.10:682][168]LogSlate: Updating window title bar state: overlay mode, drag disabled, window buttons hidden, title bar hidden
[2021.03.13-14.53.10:682][168]LogWorld: BeginTearingDown for /Game/FirstPersonCPP/Maps/UEDPIE_0_FirstPersonExampleMap
[2021.03.13-14.53.10:683][168]LogWorld: UWorld::CleanupWorld for FirstPersonExampleMap, bSessionEnded=true, bCleanupResources=true
[2021.03.13-14.53.10:683][168]LogSlate: InvalidateAllWidgets triggered.  All widgets were invalidated
[2021.03.13-14.53.10:690][168]LogPlayLevel: Display: Shutting down PIE online subsystems
[2021.03.13-14.53.10:692][168]LogSlate: InvalidateAllWidgets triggered.  All widgets were invalidated
[2021.03.13-14.53.10:724][168]LogSlate: Updating window title bar state: overlay mode, drag disabled, window buttons hidden, title bar hidden
[2021.03.13-14.53.10:727][168]LogAISub: UAISubsystem::~UAISubsystem EnvQueryManager (000001C044148800), frame # 168
[2021.03.13-14.53.10:727][168]LogAISub: UAISubsystem::~UAISubsystem AIPerceptionSystem (000001C048F5D800), frame # 168
[2021.03.13-14.53.10:728][168]LogUObjectHash: Compacting FUObjectHashTables data took   0.96ms
[2021.03.13-14.53.10:764][169]LogPlayLevel: Display: Destroying online subsystem :Context_2
[2021.03.13-14.53.12:379][351]LogSlate: Took 0.000224 seconds to synchronously load lazily loaded font '../../../Engine/Content/Slate/Fonts/Roboto-Light.ttf' (167K)
[2021.03.13-14.53.12:421][351]LogAssetEditorSubsystem: Opening Asset editor for World /Game/GameLevel.GameLevel
[2021.03.13-14.53.12:434][351]LogUObjectHash: Compacting FUObjectHashTables data took   0.71ms
[2021.03.13-14.53.12:436][351]Cmd: MAP LOAD FILE="../../../../../Github/GEP/GEPProject/Content/GameLevel.umap" TEMPLATE=0 SHOWPROGRESS=1 FEATURELEVEL=3
[2021.03.13-14.53.12:436][351]LightingResults: New page: Lighting Build
[2021.03.13-14.53.12:436][351]LoadErrors: New page: Loading map: GameLevel.umap
[2021.03.13-14.53.12:482][351]LogWorld: UWorld::CleanupWorld for FirstPersonExampleMap, bSessionEnded=true, bCleanupResources=true
[2021.03.13-14.53.12:482][351]LogSlate: InvalidateAllWidgets triggered.  All widgets were invalidated
[2021.03.13-14.53.12:482][351]MapCheck: New page: Map Check
[2021.03.13-14.53.12:482][351]LightingResults: New page: Lighting Build
[2021.03.13-14.53.12:495][351]LogAISub: UAISubsystem::~UAISubsystem EnvQueryManager (000001C01936E400), frame # 351
[2021.03.13-14.53.12:495][351]LogAISub: UAISubsystem::~UAISubsystem AIPerceptionSystem (000001C007CDB380), frame # 351
[2021.03.13-14.53.12:496][351]LogUObjectHash: Compacting FUObjectHashTables data took   0.73ms
[2021.03.13-14.53.12:500][351]LogEditorServer: Finished looking for orphan Actors (0.000 secs)
[2021.03.13-14.53.12:500][351]LogAIModule: Creating AISystem for world GameLevel
[2021.03.13-14.53.12:500][351]LogAISub: UAISubsystem::UAISubsystem EnvQueryManager (000001C01936E600), frame # 351
[2021.03.13-14.53.12:500][351]LogAISub: UAISubsystem::UAISubsystem AIPerceptionSystem (000001C005E8AD40), frame # 351
[2021.03.13-14.53.12:515][351]LogUObjectHash: Compacting FUObjectHashTables data took   0.60ms
[2021.03.13-14.53.12:553][351]Cmd: MAP CHECKDEP NOCLEARLOG
[2021.03.13-14.53.12:553][351]MapCheck: Map check complete: 0 Error(s), 0 Warning(s), took 0.107ms to complete.
[2021.03.13-14.53.12:553][351]LogFileHelpers: Loading map 'GameLevel' took 0.117
[2021.03.13-14.53.13:795][491]LogTemp: Repeating last play command: Selected Viewport
[2021.03.13-14.53.13:814][491]LogPlayLevel: PlayLevel: No blueprints needed recompiling
[2021.03.13-14.53.13:814][491]PIE: New page: PIE session: GameLevel (13 Mar 2021, 14:53:13)
[2021.03.13-14.53.13:814][491]LogPlayLevel: Creating play world package: /Game/UEDPIE_0_GameLevel
[2021.03.13-14.53.13:819][491]LogPlayLevel: PIE: StaticDuplicateObject took: (0.005156s)
[2021.03.13-14.53.13:820][491]LogAIModule: Creating AISystem for world GameLevel
[2021.03.13-14.53.13:820][491]LogAISub: UAISubsystem::UAISubsystem EnvQueryManager (000001C04463EE00), frame # 491
[2021.03.13-14.53.13:820][491]LogAISub: UAISubsystem::UAISubsystem AIPerceptionSystem (000001C011982980), frame # 491
[2021.03.13-14.53.13:821][491]LogPlayLevel: PIE: World Init took: (0.001320s)
[2021.03.13-14.53.13:821][491]LogPlayLevel: PIE: Created PIE world by copying editor world from /Game/GameLevel.GameLevel to /Game/UEDPIE_0_GameLevel.GameLevel (0.006646s)
[2021.03.13-14.53.13:833][491]LogUObjectHash: Compacting FUObjectHashTables data took   0.65ms
[2021.03.13-14.53.13:835][491]LogAudioMixer: Display: Audio Mixer Platform Settings:
[2021.03.13-14.53.13:835][491]LogAudioMixer: Display: 	Sample Rate:						  48000
[2021.03.13-14.53.13:835][491]LogAudioMixer: Display: 	Callback Buffer Frame Size Requested: 1024
[2021.03.13-14.53.13:835][491]LogAudioMixer: Display: 	Callback Buffer Frame Size To Use:	  1024
[2021.03.13-14.53.13:835][491]LogAudioMixer: Display: 	Number of buffers to queue:			  2
[2021.03.13-14.53.13:835][491]LogAudioMixer: Display: 	Max Channels (voices):				  32
[2021.03.13-14.53.13:835][491]LogAudioMixer: Display: 	Number of Async Source Workers:		  0
[2021.03.13-14.53.13:835][491]LogAudio: Display: AudioDevice MaxSources: 32
[2021.03.13-14.53.13:836][491]LogAudio: Display: Using built-in audio occlusion.
[2021.03.13-14.53.13:836][491]LogAudioMixer: Display: Initializing audio mixer.
[2021.03.13-14.53.13:844][491]LogAudioMixer: Display: 0: FrontLeft
[2021.03.13-14.53.13:844][491]LogAudioMixer: Display: 1: FrontRight
[2021.03.13-14.53.13:865][491]LogAudioMixer: Display: Using Audio Device OUT 1-2 (BEHRINGER UMC 202HD 192k)
[2021.03.13-14.53.13:865][491]LogAudioMixer: Display: Initializing Sound Submixes...
[2021.03.13-14.53.13:865][491]LogAudioMixer: Display: Creating Master Submix 'MasterSubmixDefault'
[2021.03.13-14.53.13:865][491]LogAudioMixer: Display: Creating Master Submix 'MasterReverbSubmixDefault'
[2021.03.13-14.53.13:866][491]LogAudioMixer: Display: Creating Master Submix 'MasterEQSubmixDefault'
[2021.03.13-14.53.13:878][491]LogInit: FAudioDevice initialized.
[2021.03.13-14.53.13:889][491]LogLoad: Game class is 'BP_GEPGamemode_C'
[2021.03.13-14.53.13:890][491]LogWorld: Bringing World /Game/UEDPIE_0_GameLevel.GameLevel up for play (max tick rate 0) at 2021.03.13-14.53.13
[2021.03.13-14.53.13:890][491]LogWorld: Bringing up level for play took: 0.000712
[2021.03.13-14.53.13:890][491]LogOnline: OSS: Creating online subsystem instance for: :Context_3
[2021.03.13-14.53.13:895][491]PIE: Server logged in
[2021.03.13-14.53.13:896][491]PIE: Play in editor total start time 0.083 seconds.
[2021.03.13-14.53.16:796][837]LogActor: Warning: BP_DefaultEnemy_C /Game/UEDPIE_0_GameLevel.GameLevel:PersistentLevel.BP_DefaultEnemy_C_0 has natively added scene component(s), but none of them were set as the actor's RootComponent - picking one arbitrarily
[2021.03.13-14.53.16:796][837]LogPhysics: Warning: UWorld::FindTeleportSpot called with an actor that is intersecting geometry. Failed to find new location likely due to  actor's root component not being a collider component.
[2021.03.13-14.53.16:796][837]LogOutputDevice: Warning: 

Script Stack (0 frames):

[2021.03.13-14.53.16:796][837]LogWindows: Windows GetLastError: The operation completed successfully. (0)
[2021.03.13-14.53.18:540][837]LogWindows: Error: === Critical error: ===
[2021.03.13-14.53.18:540][837]LogWindows: Error: 
[2021.03.13-14.53.18:540][837]LogWindows: Error: Fatal error: [File:D:/Build/++UE4/Sync/Engine/Source/Runtime/CoreUObject/Private/Templates/Casts.cpp] [Line: 10] 
[2021.03.13-14.53.18:540][837]LogWindows: Error: Cast of BP_DefaultEnemy_C /Game/UEDPIE_0_GameLevel.GameLevel:PersistentLevel.BP_DefaultEnemy_C_0 to Pawn failed
[2021.03.13-14.53.18:540][837]LogWindows: Error: 
[2021.03.13-14.53.18:540][837]LogWindows: Error: 
[2021.03.13-14.53.18:540][837]LogWindows: Error: [Callstack] 0x00007ffaed393e49 KERNELBASE.dll!UnknownFunction []
[2021.03.13-14.53.18:540][837]LogWindows: Error: [Callstack] 0x00007ffa4caeec66 UE4Editor-Core.dll!UnknownFunction []
[2021.03.13-14.53.18:540][837]LogWindows: Error: [Callstack] 0x00007ffa4caf2048 UE4Editor-Core.dll!UnknownFunction []
[2021.03.13-14.53.18:540][837]LogWindows: Error: [Callstack] 0x00007ffa4c87e52d UE4Editor-Core.dll!UnknownFunction []
[2021.03.13-14.53.18:540][837]LogWindows: Error: [Callstack] 0x00007ffaabc993aa UE4Editor-CoreUObject.dll!UnknownFunction []
[2021.03.13-14.53.18:540][837]LogWindows: Error: [Callstack] 0x00007ffa0df54c55 UE4Editor-GEPProject.dll!AEnemySpawner::SpawnEnemy() [E:\Github\GEP\GEPProject\Source\GEPProject\Enemy\EnemySpawner.cpp:39]
[2021.03.13-14.53.18:540][837]LogWindows: Error: [Callstack] 0x00007ffa270521cb UE4Editor-Engine.dll!UnknownFunction []
[2021.03.13-14.53.18:540][837]LogWindows: Error: [Callstack] 0x00007ffa270abf39 UE4Editor-Engine.dll!UnknownFunction []
[2021.03.13-14.53.18:540][837]LogWindows: Error: [Callstack] 0x00007ffa267c8e94 UE4Editor-Engine.dll!UnknownFunction []
[2021.03.13-14.53.18:540][837]LogWindows: Error: [Callstack] 0x00007ffa2436af57 UE4Editor-UnrealEd.dll!UnknownFunction []
[2021.03.13-14.53.18:540][837]LogWindows: Error: [Callstack] 0x00007ffa24c437e6 UE4Editor-UnrealEd.dll!UnknownFunction []
[2021.03.13-14.53.18:540][837]LogWindows: Error: [Callstack] 0x00007ff7bdce7800 UE4Editor.exe!UnknownFunction []
[2021.03.13-14.53.18:540][837]LogWindows: Error: [Callstack] 0x00007ff7bdcfba7c UE4Editor.exe!UnknownFunction []
[2021.03.13-14.53.18:540][837]LogWindows: Error: [Callstack] 0x00007ff7bdcfbb5a UE4Editor.exe!UnknownFunction []
[2021.03.13-14.53.18:540][837]LogWindows: Error: [Callstack] 0x00007ff7bdd0e31d UE4Editor.exe!UnknownFunction []
[2021.03.13-14.53.18:540][837]LogWindows: Error: [Callstack] 0x00007ff7bdd1145a UE4Editor.exe!UnknownFunction []
[2021.03.13-14.53.18:540][837]LogWindows: Error: [Callstack] 0x00007ffaedbb6fd4 KERNEL32.DLL!UnknownFunction []
[2021.03.13-14.53.18:540][837]LogWindows: Error: [Callstack] 0x00007ffaefafcec1 ntdll.dll!UnknownFunction []
[2021.03.13-14.53.18:540][837]LogWindows: Error: 
[2021.03.13-14.53.18:551][837]LogExit: Executing StaticShutdownAfterError
[2021.03.13-14.53.18:552][837]LogWindows: FPlatformMisc::RequestExit(1)
[2021.03.13-14.53.18:552][837]LogCore: Engine exit requested (reason: Win RequestExit)
[2021.03.13-14.53.18:564][837]Log file closed, 03/13/21 14:53:18
