Log file open, 03/15/21 15:26:10
LogInit: Display: Running engine for game: GEPProject
LogPlatformFile: Not using cached read wrapper
LogTaskGraph: Started task graph with 5 named threads and 47 total threads with 3 sets of task threads.
LogStats: Stats thread started at 1.024194
LogD3D11RHI: Loaded GFSDK_Aftermath_Lib.x64.dll
LogICUInternationalization: ICU TimeZone Detection - Raw Offset: +0:00, Platform Override: ''
LogPluginManager: Mounting plugin Paper2D
LogPluginManager: Mounting plugin AISupport
LogPluginManager: Mounting plugin LightPropagationVolume
LogPluginManager: Mounting plugin CameraShakePreviewer
LogPluginManager: Mounting plugin ActorLayerUtilities
LogPluginManager: Mounting plugin AnimationSharing
LogPluginManager: Mounting plugin CLionSourceCodeAccess
LogPluginManager: Mounting plugin CodeLiteSourceCodeAccess
LogPluginManager: Mounting plugin GitSourceControl
LogPluginManager: Mounting plugin KDevelopSourceCodeAccess
LogPluginManager: Mounting plugin NullSourceCodeAccess
LogPluginManager: Mounting plugin PerforceSourceControl
LogPluginManager: Mounting plugin PlasticSourceControl
LogPluginManager: Mounting plugin RiderLink
LogPluginManager: Mounting plugin RiderSourceCodeAccess
LogPluginManager: Mounting plugin SubversionSourceControl
LogPluginManager: Mounting plugin UObjectPlugin
LogPluginManager: Mounting plugin VisualStudioCodeSourceCodeAccess
LogPluginManager: Mounting plugin VisualStudioSourceCodeAccess
LogPluginManager: Mounting plugin XCodeSourceCodeAccess
LogPluginManager: Mounting plugin AssetManagerEditor
LogPluginManager: Mounting plugin CryptoKeys
LogPluginManager: Mounting plugin CurveEditorTools
LogPluginManager: Mounting plugin DataValidation
LogPluginManager: Mounting plugin EditorScriptingUtilities
LogPluginManager: Mounting plugin FacialAnimation
LogPluginManager: Mounting plugin GameplayTagsEditor
LogPluginManager: Mounting plugin GeometryMode
LogPluginManager: Mounting plugin MacGraphicsSwitching
LogPluginManager: Mounting plugin MaterialAnalyzer
LogPluginManager: Mounting plugin MobileLauncherProfileWizard
LogPluginManager: Mounting plugin PluginBrowser
LogPluginManager: Mounting plugin SpeedTreeImporter
LogPluginManager: Mounting plugin DatasmithContent
LogPluginManager: Mounting plugin VariantManagerContent
LogPluginManager: Mounting plugin AlembicImporter
LogPluginManager: Mounting plugin AutomationUtils
LogPluginManager: Mounting plugin BackChannel
LogPluginManager: Mounting plugin ChaosCloth
LogPluginManager: Mounting plugin ChaosClothEditor
LogPluginManager: Mounting plugin ChaosEditor
LogPluginManager: Mounting plugin ChaosNiagara
LogPluginManager: Mounting plugin ChaosSolverPlugin
LogPluginManager: Mounting plugin CharacterAI
LogPluginManager: Mounting plugin GeometryCache
LogPluginManager: Mounting plugin GeometryCollectionPlugin
LogPluginManager: Mounting plugin GeometryProcessing
LogPluginManager: Mounting plugin PlanarCut
LogPluginManager: Mounting plugin PlatformCrypto
LogPluginManager: Mounting plugin ProxyLODPlugin
LogPluginManager: Mounting plugin SkeletalReduction
LogPluginManager: Mounting plugin Niagara
LogPluginManager: Mounting plugin MagicLeap
LogPluginManager: Mounting plugin MagicLeapLightEstimation
LogPluginManager: Mounting plugin MagicLeapMedia
LogPluginManager: Mounting plugin MagicLeapPassableWorld
LogPluginManager: Mounting plugin MLSDK
LogPluginManager: Mounting plugin AndroidMedia
LogPluginManager: Mounting plugin AvfMedia
LogPluginManager: Mounting plugin ImgMedia
LogPluginManager: Mounting plugin MediaCompositing
LogPluginManager: Mounting plugin MediaPlayerEditor
LogPluginManager: Mounting plugin WebMMedia
LogPluginManager: Mounting plugin WmfMedia
LogPluginManager: Mounting plugin MeshPainting
LogPluginManager: Mounting plugin TcpMessaging
LogPluginManager: Mounting plugin UdpMessaging
LogPluginManager: Mounting plugin ActorSequence
LogPluginManager: Mounting plugin LevelSequenceEditor
LogPluginManager: Mounting plugin MatineeToLevelSequence
LogPluginManager: Mounting plugin MovieRenderPipeline
LogPluginManager: Mounting plugin TemplateSequence
LogPluginManager: Mounting plugin NetcodeUnitTest
LogPluginManager: Mounting plugin NUTUnrealEngine4
LogPluginManager: Mounting plugin OnlineSubsystemGooglePlay
LogPluginManager: Mounting plugin OnlineSubsystemIOS
LogPluginManager: Mounting plugin OnlineSubsystem
LogPluginManager: Mounting plugin OnlineSubsystemNull
LogPluginManager: Mounting plugin OnlineSubsystemUtils
LogPluginManager: Mounting plugin LauncherChunkInstaller
LogPluginManager: Mounting plugin AndroidDeviceProfileSelector
LogPluginManager: Mounting plugin AndroidMoviePlayer
LogPluginManager: Mounting plugin AndroidPermission
LogPluginManager: Mounting plugin AppleImageUtils
LogPluginManager: Mounting plugin AppleMoviePlayer
LogPluginManager: Mounting plugin ArchVisCharacter
LogPluginManager: Mounting plugin AssetTags
LogPluginManager: Mounting plugin AudioCapture
LogPluginManager: Mounting plugin CableComponent
LogPluginManager: Mounting plugin CustomMeshComponent
LogPluginManager: Mounting plugin EditableMesh
LogPluginManager: Mounting plugin ExampleDeviceProfileSelector
LogPluginManager: Mounting plugin GoogleCloudMessaging
LogPluginManager: Mounting plugin GooglePAD
LogPluginManager: Mounting plugin IOSDeviceProfileSelector
LogPluginManager: Mounting plugin LinuxDeviceProfileSelector
LogPluginManager: Mounting plugin LocationServicesBPLibrary
LogPluginManager: Mounting plugin MobilePatchingUtils
LogPluginManager: Mounting plugin OculusVR
LogPluginManager: Mounting plugin PhysXVehicles
LogPluginManager: Mounting plugin PostSplashScreen
LogPluginManager: Mounting plugin ProceduralMeshComponent
LogPluginManager: Mounting plugin RuntimePhysXCooking
LogPluginManager: Mounting plugin SignificanceManager
LogPluginManager: Mounting plugin SoundFields
LogPluginManager: Mounting plugin SteamVR
LogPluginManager: Mounting plugin Synthesis
LogPluginManager: Mounting plugin WebMMoviePlayer
LogPluginManager: Mounting plugin WindowsMoviePlayer
LogPluginManager: Mounting plugin ScreenshotTools
LogInit: Using libcurl 7.55.1-DEV
LogInit:  - built for x86_64-pc-win32
LogInit:  - supports SSL with OpenSSL/1.1.1
LogInit:  - supports HTTP deflate (compression) using libz 1.2.8
LogInit:  - other features:
LogInit:      CURL_VERSION_SSL
LogInit:      CURL_VERSION_LIBZ
LogInit:      CURL_VERSION_IPV6
LogInit:      CURL_VERSION_ASYNCHDNS
LogInit:      CURL_VERSION_LARGEFILE
LogInit:      CURL_VERSION_IDN
LogInit:  CurlRequestOptions (configurable via config and command line):
LogInit:  - bVerifyPeer = true  - Libcurl will verify peer certificate
LogInit:  - bUseHttpProxy = false  - Libcurl will NOT use HTTP proxy
LogInit:  - bDontReuseConnections = false  - Libcurl will reuse connections
LogInit:  - MaxHostConnections = 16  - Libcurl will limit the number of connections to a host
LogInit:  - LocalHostAddr = Default
LogInit:  - BufferSize = 65536
LogOnline: OSS: Creating online subsystem instance for: NULL
LogInit: WinSock: version 1.1 (2.2), MaxSocks=32767, MaxUdp=65467
LogOnline: OSS: TryLoadSubsystemAndSetDefault: Loaded subsystem for module [NULL]
LogInit: Build: ++UE4+Release-4.25-CL-14469661
LogInit: Engine Version: 4.25.4-14469661+++UE4+Release-4.25
LogInit: Compatible Engine Version: 4.25.0-13144385+++UE4+Release-4.25
LogInit: Net CL: 13144385
LogInit: OS: Windows 10 (Release 2004) (), CPU: AMD Ryzen 7 2700X Eight-Core Processor         , GPU: NVIDIA GeForce RTX 2060
LogInit: Compiled (64-bit): Oct 11 2020 08:10:49
LogInit: Compiled with Visual C++: 19.24.28315.00
LogInit: Build Configuration: Development
LogInit: Branch Name: ++UE4+Release-4.25
LogInit: Command Line:  -skipcompile
LogInit: Base Directory: E:/epk/UE_4.25/Engine/Binaries/Win64/
LogInit: Allocator: TBB
LogInit: Installed Engine Build: 1
LogDevObjectVersion: Number of dev versions registered: 26
LogDevObjectVersion:   Dev-Blueprints (B0D832E4-1F89-4F0D-ACCF-7EB736FD4AA2): 10
LogDevObjectVersion:   Dev-Build (E1C64328-A22C-4D53-A36C-8E866417BD8C): 0
LogDevObjectVersion:   Dev-Core (375EC13C-06E4-48FB-B500-84F0262A717E): 4
LogDevObjectVersion:   Dev-Editor (E4B068ED-F494-42E9-A231-DA0B2E46BB41): 38
LogDevObjectVersion:   Dev-Framework (CFFC743F-43B0-4480-9391-14DF171D2073): 37
LogDevObjectVersion:   Dev-Mobile (B02B49B5-BB20-44E9-A304-32B752E40360): 2
LogDevObjectVersion:   Dev-Networking (A4E4105C-59A1-49B5-A7C5-40C4547EDFEE): 0
LogDevObjectVersion:   Dev-Online (39C831C9-5AE6-47DC-9A44-9C173E1C8E7C): 0
LogDevObjectVersion:   Dev-Physics (78F01B33-EBEA-4F98-B9B4-84EACCB95AA2): 4
LogDevObjectVersion:   Dev-Platform (6631380F-2D4D-43E0-8009-CF276956A95A): 0
LogDevObjectVersion:   Dev-Rendering (12F88B9F-8875-4AFC-A67C-D90C383ABD29): 43
LogDevObjectVersion:   Dev-Sequencer (7B5AE74C-D270-4C10-A958-57980B212A5A): 12
LogDevObjectVersion:   Dev-VR (D7296918-1DD6-4BDD-9DE2-64A83CC13884): 3
LogDevObjectVersion:   Dev-LoadTimes (C2A15278-BFE7-4AFE-6C17-90FF531DF755): 1
LogDevObjectVersion:   Private-Geometry (6EACA3D4-40EC-4CC1-B786-8BED09428FC5): 3
LogDevObjectVersion:   Dev-AnimPhys (29E575DD-E0A3-4627-9D10-D276232CDCEA): 17
LogDevObjectVersion:   Dev-Anim (AF43A65D-7FD3-4947-9873-3E8ED9C1BB05): 7
LogDevObjectVersion:   Dev-ReflectionCapture (6B266CEC-1EC7-4B8F-A30B-E4D90942FC07): 1
LogDevObjectVersion:   Dev-Automation (0DF73D61-A23F-47EA-B727-89E90C41499A): 1
LogDevObjectVersion:   FortniteMain (601D1886-AC64-4F84-AA16-D3DE0DEAC7D6): 31
LogDevObjectVersion:   Dev-Enterprise (9DFFBCD6-494F-0158-E221-12823C92A888): 10
LogDevObjectVersion:   Dev-Niagara (F2AED0AC-9AFE-416F-8664-AA7FFA26D6FC): 1
LogDevObjectVersion:   Dev-Destruction (174F1F0B-B4C6-45A5-B13F-2EE8D0FB917D): 10
LogDevObjectVersion:   Dev-Physics-Ext (35F94A83-E258-406C-A318-09F59610247C): 37
LogDevObjectVersion:   Dev-PhysicsMaterial-Chaos (B68FC16E-8B1B-42E2-B453-215C058844FE): 1
LogDevObjectVersion:   Dev-CineCamera (B2E18506-4273-CFC2-A54E-F4BB758BBA07): 1
LogInit: Presizing for max 25165824 objects, including 0 objects not considered by GC, pre-allocating 0 bytes for permanent pool.
LogConfig: Applying CVar settings from Section [/Script/Engine.StreamingSettings] File [E:/Github/GEP/GEPProject/Saved/Config/Windows/Engine.ini]
LogConfig: Setting CVar [[s.MinBulkDataSizeForAsyncLoading:131072]]
LogConfig: Setting CVar [[s.AsyncLoadingThreadEnabled:0]]
LogConfig: Setting CVar [[s.EventDrivenLoaderEnabled:1]]
LogConfig: Setting CVar [[s.WarnIfTimeLimitExceeded:0]]
LogConfig: Setting CVar [[s.TimeLimitExceededMultiplier:1.5]]
LogConfig: Setting CVar [[s.TimeLimitExceededMinTime:0.005]]
LogConfig: Setting CVar [[s.UseBackgroundLevelStreaming:1]]
LogConfig: Setting CVar [[s.PriorityAsyncLoadingExtraTime:15.0]]
LogConfig: Setting CVar [[s.LevelStreamingActorsUpdateTimeLimit:5.0]]
LogConfig: Setting CVar [[s.PriorityLevelStreamingActorsUpdateExtraTime:5.0]]
LogConfig: Setting CVar [[s.LevelStreamingComponentsRegistrationGranularity:10]]
LogConfig: Setting CVar [[s.UnregisterComponentsTimeLimit:1.0]]
LogConfig: Setting CVar [[s.LevelStreamingComponentsUnregistrationGranularity:5]]
LogConfig: Setting CVar [[s.FlushStreamingOnExit:1]]
LogInit: Object subsystem initialized
LogConfig: Setting CVar [[con.DebugEarlyDefault:1]]
LogConfig: Setting CVar [[r.setres:1280x720]]
[2021.03.15-15.26.12:527][  0]LogConfig: Setting CVar [[r.VSync:0]]
[2021.03.15-15.26.12:527][  0]LogConfig: Setting CVar [[r.RHICmdBypass:0]]
[2021.03.15-15.26.12:528][  0]LogConfig: Applying CVar settings from Section [/Script/Engine.RendererSettings] File [E:/Github/GEP/GEPProject/Saved/Config/Windows/Engine.ini]
[2021.03.15-15.26.12:528][  0]LogConfig: Setting CVar [[r.GPUCrashDebugging:0]]
[2021.03.15-15.26.12:528][  0]LogConfig: Applying CVar settings from Section [/Script/Engine.RendererOverrideSettings] File [E:/Github/GEP/GEPProject/Saved/Config/Windows/Engine.ini]
[2021.03.15-15.26.12:528][  0]LogConfig: Applying CVar settings from Section [/Script/Engine.StreamingSettings] File [E:/Github/GEP/GEPProject/Saved/Config/Windows/Engine.ini]
[2021.03.15-15.26.12:528][  0]LogConfig: Setting CVar [[s.MinBulkDataSizeForAsyncLoading:131072]]
[2021.03.15-15.26.12:528][  0]LogConfig: Setting CVar [[s.AsyncLoadingThreadEnabled:0]]
[2021.03.15-15.26.12:528][  0]LogConfig: Setting CVar [[s.EventDrivenLoaderEnabled:1]]
[2021.03.15-15.26.12:528][  0]LogConfig: Setting CVar [[s.WarnIfTimeLimitExceeded:0]]
[2021.03.15-15.26.12:528][  0]LogConfig: Setting CVar [[s.TimeLimitExceededMultiplier:1.5]]
[2021.03.15-15.26.12:528][  0]LogConfig: Setting CVar [[s.TimeLimitExceededMinTime:0.005]]
[2021.03.15-15.26.12:528][  0]LogConfig: Setting CVar [[s.UseBackgroundLevelStreaming:1]]
[2021.03.15-15.26.12:528][  0]LogConfig: Setting CVar [[s.PriorityAsyncLoadingExtraTime:15.0]]
[2021.03.15-15.26.12:528][  0]LogConfig: Setting CVar [[s.LevelStreamingActorsUpdateTimeLimit:5.0]]
[2021.03.15-15.26.12:528][  0]LogConfig: Setting CVar [[s.PriorityLevelStreamingActorsUpdateExtraTime:5.0]]
[2021.03.15-15.26.12:528][  0]LogConfig: Setting CVar [[s.LevelStreamingComponentsRegistrationGranularity:10]]
[2021.03.15-15.26.12:528][  0]LogConfig: Setting CVar [[s.UnregisterComponentsTimeLimit:1.0]]
[2021.03.15-15.26.12:528][  0]LogConfig: Setting CVar [[s.LevelStreamingComponentsUnregistrationGranularity:5]]
[2021.03.15-15.26.12:528][  0]LogConfig: Setting CVar [[s.FlushStreamingOnExit:1]]
[2021.03.15-15.26.12:528][  0]LogConfig: Applying CVar settings from Section [/Script/Engine.GarbageCollectionSettings] File [E:/Github/GEP/GEPProject/Saved/Config/Windows/Engine.ini]
[2021.03.15-15.26.12:528][  0]LogConfig: Setting CVar [[gc.MaxObjectsNotConsideredByGC:1]]
[2021.03.15-15.26.12:528][  0]LogConfig: Setting CVar [[gc.SizeOfPermanentObjectPool:0]]
[2021.03.15-15.26.12:528][  0]LogConfig: Setting CVar [[gc.FlushStreamingOnGC:0]]
[2021.03.15-15.26.12:528][  0]LogConfig: Setting CVar [[gc.NumRetriesBeforeForcingGC:10]]
[2021.03.15-15.26.12:528][  0]LogConfig: Setting CVar [[gc.AllowParallelGC:1]]
[2021.03.15-15.26.12:528][  0]LogConfig: Setting CVar [[gc.TimeBetweenPurgingPendingKillObjects:61.1]]
[2021.03.15-15.26.12:528][  0]LogConfig: Setting CVar [[gc.MaxObjectsInEditor:25165824]]
[2021.03.15-15.26.12:528][  0]LogConfig: Setting CVar [[gc.IncrementalBeginDestroyEnabled:1]]
[2021.03.15-15.26.12:528][  0]LogConfig: Setting CVar [[gc.CreateGCClusters:1]]
[2021.03.15-15.26.12:528][  0]LogConfig: Setting CVar [[gc.MinGCClusterSize:5]]
[2021.03.15-15.26.12:528][  0]LogConfig: Setting CVar [[gc.ActorClusteringEnabled:0]]
[2021.03.15-15.26.12:528][  0]LogConfig: Setting CVar [[gc.BlueprintClusteringEnabled:0]]
[2021.03.15-15.26.12:528][  0]LogConfig: Setting CVar [[gc.UseDisregardForGCOnDedicatedServers:0]]
[2021.03.15-15.26.12:528][  0]LogConfig: Applying CVar settings from Section [/Script/Engine.NetworkSettings] File [E:/Github/GEP/GEPProject/Saved/Config/Windows/Engine.ini]
[2021.03.15-15.26.12:528][  0]LogConfig: Applying CVar settings from Section [/Script/UnrealEd.CookerSettings] File [E:/Github/GEP/GEPProject/Saved/Config/Windows/Engine.ini]
[2021.03.15-15.26.12:537][  0]LogConfig: Applying CVar settings from Section [ViewDistanceQuality@3] File [E:/Github/GEP/GEPProject/Saved/Config/Windows/Scalability.ini]
[2021.03.15-15.26.12:537][  0]LogConfig: Setting CVar [[r.SkeletalMeshLODBias:0]]
[2021.03.15-15.26.12:537][  0]LogConfig: Setting CVar [[r.ViewDistanceScale:1.0]]
[2021.03.15-15.26.12:537][  0]LogConfig: Applying CVar settings from Section [AntiAliasingQuality@3] File [E:/Github/GEP/GEPProject/Saved/Config/Windows/Scalability.ini]
[2021.03.15-15.26.12:537][  0]LogConfig: Setting CVar [[r.PostProcessAAQuality:4]]
[2021.03.15-15.26.12:537][  0]LogConfig: Applying CVar settings from Section [ShadowQuality@3] File [E:/Github/GEP/GEPProject/Saved/Config/Windows/Scalability.ini]
[2021.03.15-15.26.12:537][  0]LogConfig: Setting CVar [[r.LightFunctionQuality:1]]
[2021.03.15-15.26.12:537][  0]LogConfig: Setting CVar [[r.ShadowQuality:5]]
[2021.03.15-15.26.12:537][  0]LogConfig: Setting CVar [[r.Shadow.CSM.MaxCascades:10]]
[2021.03.15-15.26.12:537][  0]LogConfig: Setting CVar [[r.Shadow.MaxResolution:2048]]
[2021.03.15-15.26.12:537][  0]LogConfig: Setting CVar [[r.Shadow.MaxCSMResolution:2048]]
[2021.03.15-15.26.12:537][  0]LogConfig: Setting CVar [[r.Shadow.RadiusThreshold:0.01]]
[2021.03.15-15.26.12:537][  0]LogConfig: Setting CVar [[r.Shadow.DistanceScale:1.0]]
[2021.03.15-15.26.12:537][  0]LogConfig: Setting CVar [[r.Shadow.CSM.TransitionScale:1.0]]
[2021.03.15-15.26.12:537][  0]LogConfig: Setting CVar [[r.Shadow.PreShadowResolutionFactor:1.0]]
[2021.03.15-15.26.12:537][  0]LogConfig: Setting CVar [[r.DistanceFieldShadowing:1]]
[2021.03.15-15.26.12:537][  0]LogConfig: Setting CVar [[r.DistanceFieldAO:1]]
[2021.03.15-15.26.12:537][  0]LogConfig: Setting CVar [[r.AOQuality:2]]
[2021.03.15-15.26.12:537][  0]LogConfig: Setting CVar [[r.VolumetricFog:1]]
[2021.03.15-15.26.12:537][  0]LogConfig: Setting CVar [[r.VolumetricFog.GridPixelSize:8]]
[2021.03.15-15.26.12:537][  0]LogConfig: Setting CVar [[r.VolumetricFog.GridSizeZ:128]]
[2021.03.15-15.26.12:537][  0]LogConfig: Setting CVar [[r.VolumetricFog.HistoryMissSupersampleCount:4]]
[2021.03.15-15.26.12:537][  0]LogConfig: Setting CVar [[r.LightMaxDrawDistanceScale:1]]
[2021.03.15-15.26.12:537][  0]LogConfig: Setting CVar [[r.CapsuleShadows:1]]
[2021.03.15-15.26.12:537][  0]LogConfig: Applying CVar settings from Section [PostProcessQuality@3] File [E:/Github/GEP/GEPProject/Saved/Config/Windows/Scalability.ini]
[2021.03.15-15.26.12:537][  0]LogConfig: Setting CVar [[r.MotionBlurQuality:4]]
[2021.03.15-15.26.12:537][  0]LogConfig: Setting CVar [[r.AmbientOcclusionMipLevelFactor:0.4]]
[2021.03.15-15.26.12:537][  0]LogConfig: Setting CVar [[r.AmbientOcclusionMaxQuality:100]]
[2021.03.15-15.26.12:537][  0]LogConfig: Setting CVar [[r.AmbientOcclusionLevels:-1]]
[2021.03.15-15.26.12:537][  0]LogConfig: Setting CVar [[r.AmbientOcclusionRadiusScale:1.0]]
[2021.03.15-15.26.12:537][  0]LogConfig: Setting CVar [[r.DepthOfFieldQuality:2]]
[2021.03.15-15.26.12:537][  0]LogConfig: Setting CVar [[r.RenderTargetPoolMin:400]]
[2021.03.15-15.26.12:537][  0]LogConfig: Setting CVar [[r.LensFlareQuality:2]]
[2021.03.15-15.26.12:537][  0]LogConfig: Setting CVar [[r.SceneColorFringeQuality:1]]
[2021.03.15-15.26.12:537][  0]LogConfig: Setting CVar [[r.EyeAdaptationQuality:2]]
[2021.03.15-15.26.12:537][  0]LogConfig: Setting CVar [[r.BloomQuality:5]]
[2021.03.15-15.26.12:537][  0]LogConfig: Setting CVar [[r.FastBlurThreshold:100]]
[2021.03.15-15.26.12:537][  0]LogConfig: Setting CVar [[r.Upscale.Quality:3]]
[2021.03.15-15.26.12:537][  0]LogConfig: Setting CVar [[r.Tonemapper.GrainQuantization:1]]
[2021.03.15-15.26.12:538][  0]LogConfig: Setting CVar [[r.LightShaftQuality:1]]
[2021.03.15-15.26.12:538][  0]LogConfig: Setting CVar [[r.Filter.SizeScale:1]]
[2021.03.15-15.26.12:538][  0]LogConfig: Setting CVar [[r.Tonemapper.Quality:5]]
[2021.03.15-15.26.12:538][  0]LogConfig: Setting CVar [[r.DOF.Gather.AccumulatorQuality:1        ; higher gathering accumulator quality]]
[2021.03.15-15.26.12:538][  0]LogConfig: Setting CVar [[r.DOF.Gather.PostfilterMethod:1          ; Median3x3 postfilering method]]
[2021.03.15-15.26.12:538][  0]LogConfig: Setting CVar [[r.DOF.Gather.EnableBokehSettings:0       ; no bokeh simulation when gathering]]
[2021.03.15-15.26.12:538][  0]LogConfig: Setting CVar [[r.DOF.Gather.RingCount:4                 ; medium number of samples when gathering]]
[2021.03.15-15.26.12:538][  0]LogConfig: Setting CVar [[r.DOF.Scatter.ForegroundCompositing:1    ; additive foreground scattering]]
[2021.03.15-15.26.12:538][  0]LogConfig: Setting CVar [[r.DOF.Scatter.BackgroundCompositing:2    ; additive background scattering]]
[2021.03.15-15.26.12:538][  0]LogConfig: Setting CVar [[r.DOF.Scatter.EnableBokehSettings:1      ; bokeh simulation when scattering]]
[2021.03.15-15.26.12:538][  0]LogConfig: Setting CVar [[r.DOF.Scatter.MaxSpriteRatio:0.1         ; only a maximum of 10% of scattered bokeh]]
[2021.03.15-15.26.12:538][  0]LogConfig: Setting CVar [[r.DOF.Recombine.Quality:1                ; cheap slight out of focus]]
[2021.03.15-15.26.12:538][  0]LogConfig: Setting CVar [[r.DOF.Recombine.EnableBokehSettings:0    ; no bokeh simulation on slight out of focus]]
[2021.03.15-15.26.12:538][  0]LogConfig: Setting CVar [[r.DOF.TemporalAAQuality:1                ; more stable temporal accumulation]]
[2021.03.15-15.26.12:538][  0]LogConfig: Setting CVar [[r.DOF.Kernel.MaxForegroundRadius:0.025]]
[2021.03.15-15.26.12:538][  0]LogConfig: Setting CVar [[r.DOF.Kernel.MaxBackgroundRadius:0.025]]
[2021.03.15-15.26.12:538][  0]LogConfig: Applying CVar settings from Section [TextureQuality@3] File [E:/Github/GEP/GEPProject/Saved/Config/Windows/Scalability.ini]
[2021.03.15-15.26.12:538][  0]LogConfig: Setting CVar [[r.Streaming.MipBias:0]]
[2021.03.15-15.26.12:538][  0]LogConfig: Setting CVar [[r.Streaming.AmortizeCPUToGPUCopy:0]]
[2021.03.15-15.26.12:538][  0]LogConfig: Setting CVar [[r.Streaming.MaxNumTexturesToStreamPerFrame:0]]
[2021.03.15-15.26.12:538][  0]LogConfig: Setting CVar [[r.Streaming.Boost:1]]
[2021.03.15-15.26.12:538][  0]LogConfig: Setting CVar [[r.MaxAnisotropy:8]]
[2021.03.15-15.26.12:538][  0]LogConfig: Setting CVar [[r.VT.MaxAnisotropy:8]]
[2021.03.15-15.26.12:538][  0]LogConfig: Setting CVar [[r.Streaming.LimitPoolSizeToVRAM:0]]
[2021.03.15-15.26.12:538][  0]LogConfig: Setting CVar [[r.Streaming.PoolSize:1000]]
[2021.03.15-15.26.12:538][  0]LogConfig: Setting CVar [[r.Streaming.MaxEffectiveScreenSize:0]]
[2021.03.15-15.26.12:538][  0]LogConfig: Applying CVar settings from Section [EffectsQuality@3] File [E:/Github/GEP/GEPProject/Saved/Config/Windows/Scalability.ini]
[2021.03.15-15.26.12:538][  0]LogConfig: Setting CVar [[r.TranslucencyLightingVolumeDim:64]]
[2021.03.15-15.26.12:538][  0]LogConfig: Setting CVar [[r.RefractionQuality:2]]
[2021.03.15-15.26.12:538][  0]LogConfig: Setting CVar [[r.SSR.Quality:3]]
[2021.03.15-15.26.12:538][  0]LogConfig: Setting CVar [[r.SSR.HalfResSceneColor:0]]
[2021.03.15-15.26.12:538][  0]LogConfig: Setting CVar [[r.SceneColorFormat:4]]
[2021.03.15-15.26.12:538][  0]LogConfig: Setting CVar [[r.DetailMode:2]]
[2021.03.15-15.26.12:538][  0]LogConfig: Setting CVar [[r.TranslucencyVolumeBlur:1]]
[2021.03.15-15.26.12:538][  0]LogConfig: Setting CVar [[r.MaterialQualityLevel:1 ; High quality]]
[2021.03.15-15.26.12:538][  0]LogConfig: Setting CVar [[r.SSS.Scale:1]]
[2021.03.15-15.26.12:538][  0]LogConfig: Setting CVar [[r.SSS.SampleSet:2]]
[2021.03.15-15.26.12:538][  0]LogConfig: Setting CVar [[r.SSS.Quality:1]]
[2021.03.15-15.26.12:538][  0]LogConfig: Setting CVar [[r.SSS.HalfRes:0]]
[2021.03.15-15.26.12:538][  0]LogConfig: Setting CVar [[r.SSGI.Quality:3]]
[2021.03.15-15.26.12:538][  0]LogConfig: Setting CVar [[r.EmitterSpawnRateScale:1.0]]
[2021.03.15-15.26.12:538][  0]LogConfig: Setting CVar [[r.ParticleLightQuality:2]]
[2021.03.15-15.26.12:538][  0]LogConfig: Setting CVar [[r.SkyAtmosphere.AerialPerspectiveLUT.FastApplyOnOpaque:1 ; Always have FastSkyLUT 1 in this case to avoid wrong sky]]
[2021.03.15-15.26.12:538][  0]LogConfig: Setting CVar [[r.SkyAtmosphere.AerialPerspectiveLUT.SampleCountPerSlice:1]]
[2021.03.15-15.26.12:538][  0]LogConfig: Setting CVar [[r.SkyAtmosphere.AerialPerspectiveLUT.DepthResolution:16.0]]
[2021.03.15-15.26.12:538][  0]LogConfig: Setting CVar [[r.SkyAtmosphere.FastSkyLUT:1]]
[2021.03.15-15.26.12:538][  0]LogConfig: Setting CVar [[r.SkyAtmosphere.FastSkyLUT.SampleCountMin:4.0]]
[2021.03.15-15.26.12:538][  0]LogConfig: Setting CVar [[r.SkyAtmosphere.FastSkyLUT.SampleCountMax:32.0]]
[2021.03.15-15.26.12:538][  0]LogConfig: Setting CVar [[r.SkyAtmosphere.SampleCountMin:4.0]]
[2021.03.15-15.26.12:538][  0]LogConfig: Setting CVar [[r.SkyAtmosphere.SampleCountMax:32.0]]
[2021.03.15-15.26.12:538][  0]LogConfig: Setting CVar [[r.SkyAtmosphere.TransmittanceLUT.UseSmallFormat:0]]
[2021.03.15-15.26.12:538][  0]LogConfig: Setting CVar [[r.SkyAtmosphere.TransmittanceLUT.SampleCount:10.0]]
[2021.03.15-15.26.12:538][  0]LogConfig: Setting CVar [[r.SkyAtmosphere.MultiScatteringLUT.SampleCount:15.0]]
[2021.03.15-15.26.12:538][  0]LogConfig: Applying CVar settings from Section [FoliageQuality@3] File [E:/Github/GEP/GEPProject/Saved/Config/Windows/Scalability.ini]
[2021.03.15-15.26.12:538][  0]LogConfig: Setting CVar [[foliage.DensityScale:1.0]]
[2021.03.15-15.26.12:538][  0]LogConfig: Setting CVar [[grass.DensityScale:1.0]]
[2021.03.15-15.26.12:538][  0]LogConfig: Applying CVar settings from Section [ShadingQuality@3] File [E:/Github/GEP/GEPProject/Saved/Config/Windows/Scalability.ini]
[2021.03.15-15.26.12:538][  0]LogConfig: Setting CVar [[r.HairStrands.SkyLighting.SampleCount:16]]
[2021.03.15-15.26.12:538][  0]LogConfig: Setting CVar [[r.HairStrands.SkyLighting.JitterIntegration:0]]
[2021.03.15-15.26.12:538][  0]LogConfig: Setting CVar [[r.HairStrands.SkyAO.SampleCount:16]]
[2021.03.15-15.26.12:538][  0]LogConfig: Setting CVar [[r.HairStrands.DeepShadow.SuperSampling:0]]
[2021.03.15-15.26.12:538][  0]LogConfig: Setting CVar [[r.HairStrands.VisibilityPPLL:0]]
[2021.03.15-15.26.12:538][  0]LogConfig: Setting CVar [[r.HairStrands.RasterizationScale:0.5]]
[2021.03.15-15.26.12:538][  0]LogConfig: Setting CVar [[r.HairStrands.VelocityRasterizationScale:1]]
[2021.03.15-15.26.12:539][  0]LogInit: Selected Device Profile: [Windows]
[2021.03.15-15.26.12:540][  0]LogInit: Applying CVar settings loaded from the selected device profile: [Windows]
[2021.03.15-15.26.12:541][  0]LogHAL: Display: Platform has ~ 16 GB [17123741696 / 17179869184 / 16], which maps to Larger [LargestMinGB=32, LargerMinGB=12, DefaultMinGB=8, SmallerMinGB=6, SmallestMinGB=0)
[2021.03.15-15.26.12:541][  0]LogInit: Going up to parent DeviceProfile []
[2021.03.15-15.26.12:542][  0]LogConfig: Applying CVar settings from Section [ViewDistanceQuality@3] File [E:/Github/GEP/GEPProject/Saved/Config/Windows/Scalability.ini]
[2021.03.15-15.26.12:542][  0]LogConfig: Setting CVar [[r.SkeletalMeshLODBias:0]]
[2021.03.15-15.26.12:542][  0]LogConfig: Setting CVar [[r.ViewDistanceScale:1.0]]
[2021.03.15-15.26.12:542][  0]LogConfig: Applying CVar settings from Section [AntiAliasingQuality@3] File [E:/Github/GEP/GEPProject/Saved/Config/Windows/Scalability.ini]
[2021.03.15-15.26.12:542][  0]LogConfig: Setting CVar [[r.PostProcessAAQuality:4]]
[2021.03.15-15.26.12:542][  0]LogConfig: Applying CVar settings from Section [ShadowQuality@3] File [E:/Github/GEP/GEPProject/Saved/Config/Windows/Scalability.ini]
[2021.03.15-15.26.12:542][  0]LogConfig: Setting CVar [[r.LightFunctionQuality:1]]
[2021.03.15-15.26.12:542][  0]LogConfig: Setting CVar [[r.ShadowQuality:5]]
[2021.03.15-15.26.12:542][  0]LogConfig: Setting CVar [[r.Shadow.CSM.MaxCascades:10]]
[2021.03.15-15.26.12:542][  0]LogConfig: Setting CVar [[r.Shadow.MaxResolution:2048]]
[2021.03.15-15.26.12:542][  0]LogConfig: Setting CVar [[r.Shadow.MaxCSMResolution:2048]]
[2021.03.15-15.26.12:542][  0]LogConfig: Setting CVar [[r.Shadow.RadiusThreshold:0.01]]
[2021.03.15-15.26.12:542][  0]LogConfig: Setting CVar [[r.Shadow.DistanceScale:1.0]]
[2021.03.15-15.26.12:542][  0]LogConfig: Setting CVar [[r.Shadow.CSM.TransitionScale:1.0]]
[2021.03.15-15.26.12:542][  0]LogConfig: Setting CVar [[r.Shadow.PreShadowResolutionFactor:1.0]]
[2021.03.15-15.26.12:542][  0]LogConfig: Setting CVar [[r.DistanceFieldShadowing:1]]
[2021.03.15-15.26.12:542][  0]LogConfig: Setting CVar [[r.DistanceFieldAO:1]]
[2021.03.15-15.26.12:542][  0]LogConfig: Setting CVar [[r.AOQuality:2]]
[2021.03.15-15.26.12:542][  0]LogConfig: Setting CVar [[r.VolumetricFog:1]]
[2021.03.15-15.26.12:542][  0]LogConfig: Setting CVar [[r.VolumetricFog.GridPixelSize:8]]
[2021.03.15-15.26.12:542][  0]LogConfig: Setting CVar [[r.VolumetricFog.GridSizeZ:128]]
[2021.03.15-15.26.12:542][  0]LogConfig: Setting CVar [[r.VolumetricFog.HistoryMissSupersampleCount:4]]
[2021.03.15-15.26.12:542][  0]LogConfig: Setting CVar [[r.LightMaxDrawDistanceScale:1]]
[2021.03.15-15.26.12:542][  0]LogConfig: Setting CVar [[r.CapsuleShadows:1]]
[2021.03.15-15.26.12:542][  0]LogConfig: Applying CVar settings from Section [PostProcessQuality@3] File [E:/Github/GEP/GEPProject/Saved/Config/Windows/Scalability.ini]
[2021.03.15-15.26.12:542][  0]LogConfig: Setting CVar [[r.MotionBlurQuality:4]]
[2021.03.15-15.26.12:542][  0]LogConfig: Setting CVar [[r.AmbientOcclusionMipLevelFactor:0.4]]
[2021.03.15-15.26.12:542][  0]LogConfig: Setting CVar [[r.AmbientOcclusionMaxQuality:100]]
[2021.03.15-15.26.12:542][  0]LogConfig: Setting CVar [[r.AmbientOcclusionLevels:-1]]
[2021.03.15-15.26.12:542][  0]LogConfig: Setting CVar [[r.AmbientOcclusionRadiusScale:1.0]]
[2021.03.15-15.26.12:542][  0]LogConfig: Setting CVar [[r.DepthOfFieldQuality:2]]
[2021.03.15-15.26.12:542][  0]LogConfig: Setting CVar [[r.RenderTargetPoolMin:400]]
[2021.03.15-15.26.12:542][  0]LogConfig: Setting CVar [[r.LensFlareQuality:2]]
[2021.03.15-15.26.12:542][  0]LogConfig: Setting CVar [[r.SceneColorFringeQuality:1]]
[2021.03.15-15.26.12:542][  0]LogConfig: Setting CVar [[r.EyeAdaptationQuality:2]]
[2021.03.15-15.26.12:542][  0]LogConfig: Setting CVar [[r.BloomQuality:5]]
[2021.03.15-15.26.12:542][  0]LogConfig: Setting CVar [[r.FastBlurThreshold:100]]
[2021.03.15-15.26.12:542][  0]LogConfig: Setting CVar [[r.Upscale.Quality:3]]
[2021.03.15-15.26.12:542][  0]LogConfig: Setting CVar [[r.Tonemapper.GrainQuantization:1]]
[2021.03.15-15.26.12:542][  0]LogConfig: Setting CVar [[r.LightShaftQuality:1]]
[2021.03.15-15.26.12:542][  0]LogConfig: Setting CVar [[r.Filter.SizeScale:1]]
[2021.03.15-15.26.12:542][  0]LogConfig: Setting CVar [[r.Tonemapper.Quality:5]]
[2021.03.15-15.26.12:542][  0]LogConfig: Setting CVar [[r.DOF.Gather.AccumulatorQuality:1        ; higher gathering accumulator quality]]
[2021.03.15-15.26.12:542][  0]LogConfig: Setting CVar [[r.DOF.Gather.PostfilterMethod:1          ; Median3x3 postfilering method]]
[2021.03.15-15.26.12:542][  0]LogConfig: Setting CVar [[r.DOF.Gather.EnableBokehSettings:0       ; no bokeh simulation when gathering]]
[2021.03.15-15.26.12:542][  0]LogConfig: Setting CVar [[r.DOF.Gather.RingCount:4                 ; medium number of samples when gathering]]
[2021.03.15-15.26.12:542][  0]LogConfig: Setting CVar [[r.DOF.Scatter.ForegroundCompositing:1    ; additive foreground scattering]]
[2021.03.15-15.26.12:542][  0]LogConfig: Setting CVar [[r.DOF.Scatter.BackgroundCompositing:2    ; additive background scattering]]
[2021.03.15-15.26.12:542][  0]LogConfig: Setting CVar [[r.DOF.Scatter.EnableBokehSettings:1      ; bokeh simulation when scattering]]
[2021.03.15-15.26.12:542][  0]LogConfig: Setting CVar [[r.DOF.Scatter.MaxSpriteRatio:0.1         ; only a maximum of 10% of scattered bokeh]]
[2021.03.15-15.26.12:542][  0]LogConfig: Setting CVar [[r.DOF.Recombine.Quality:1                ; cheap slight out of focus]]
[2021.03.15-15.26.12:542][  0]LogConfig: Setting CVar [[r.DOF.Recombine.EnableBokehSettings:0    ; no bokeh simulation on slight out of focus]]
[2021.03.15-15.26.12:542][  0]LogConfig: Setting CVar [[r.DOF.TemporalAAQuality:1                ; more stable temporal accumulation]]
[2021.03.15-15.26.12:542][  0]LogConfig: Setting CVar [[r.DOF.Kernel.MaxForegroundRadius:0.025]]
[2021.03.15-15.26.12:542][  0]LogConfig: Setting CVar [[r.DOF.Kernel.MaxBackgroundRadius:0.025]]
[2021.03.15-15.26.12:542][  0]LogConfig: Applying CVar settings from Section [TextureQuality@3] File [E:/Github/GEP/GEPProject/Saved/Config/Windows/Scalability.ini]
[2021.03.15-15.26.12:542][  0]LogConfig: Setting CVar [[r.Streaming.MipBias:0]]
[2021.03.15-15.26.12:542][  0]LogConfig: Setting CVar [[r.Streaming.AmortizeCPUToGPUCopy:0]]
[2021.03.15-15.26.12:542][  0]LogConfig: Setting CVar [[r.Streaming.MaxNumTexturesToStreamPerFrame:0]]
[2021.03.15-15.26.12:542][  0]LogConfig: Setting CVar [[r.Streaming.Boost:1]]
[2021.03.15-15.26.12:542][  0]LogConfig: Setting CVar [[r.MaxAnisotropy:8]]
[2021.03.15-15.26.12:542][  0]LogConfig: Setting CVar [[r.VT.MaxAnisotropy:8]]
[2021.03.15-15.26.12:542][  0]LogConfig: Setting CVar [[r.Streaming.LimitPoolSizeToVRAM:0]]
[2021.03.15-15.26.12:542][  0]LogConfig: Setting CVar [[r.Streaming.PoolSize:1000]]
[2021.03.15-15.26.12:542][  0]LogConfig: Setting CVar [[r.Streaming.MaxEffectiveScreenSize:0]]
[2021.03.15-15.26.12:542][  0]LogConfig: Applying CVar settings from Section [EffectsQuality@3] File [E:/Github/GEP/GEPProject/Saved/Config/Windows/Scalability.ini]
[2021.03.15-15.26.12:542][  0]LogConfig: Setting CVar [[r.TranslucencyLightingVolumeDim:64]]
[2021.03.15-15.26.12:542][  0]LogConfig: Setting CVar [[r.RefractionQuality:2]]
[2021.03.15-15.26.12:542][  0]LogConfig: Setting CVar [[r.SSR.Quality:3]]
[2021.03.15-15.26.12:542][  0]LogConfig: Setting CVar [[r.SSR.HalfResSceneColor:0]]
[2021.03.15-15.26.12:542][  0]LogConfig: Setting CVar [[r.SceneColorFormat:4]]
[2021.03.15-15.26.12:542][  0]LogConfig: Setting CVar [[r.DetailMode:2]]
[2021.03.15-15.26.12:542][  0]LogConfig: Setting CVar [[r.TranslucencyVolumeBlur:1]]
[2021.03.15-15.26.12:542][  0]LogConfig: Setting CVar [[r.MaterialQualityLevel:1 ; High quality]]
[2021.03.15-15.26.12:542][  0]LogConfig: Setting CVar [[r.SSS.Scale:1]]
[2021.03.15-15.26.12:542][  0]LogConfig: Setting CVar [[r.SSS.SampleSet:2]]
[2021.03.15-15.26.12:542][  0]LogConfig: Setting CVar [[r.SSS.Quality:1]]
[2021.03.15-15.26.12:542][  0]LogConfig: Setting CVar [[r.SSS.HalfRes:0]]
[2021.03.15-15.26.12:542][  0]LogConfig: Setting CVar [[r.SSGI.Quality:3]]
[2021.03.15-15.26.12:542][  0]LogConfig: Setting CVar [[r.EmitterSpawnRateScale:1.0]]
[2021.03.15-15.26.12:542][  0]LogConfig: Setting CVar [[r.ParticleLightQuality:2]]
[2021.03.15-15.26.12:542][  0]LogConfig: Setting CVar [[r.SkyAtmosphere.AerialPerspectiveLUT.FastApplyOnOpaque:1 ; Always have FastSkyLUT 1 in this case to avoid wrong sky]]
[2021.03.15-15.26.12:543][  0]LogConfig: Setting CVar [[r.SkyAtmosphere.AerialPerspectiveLUT.SampleCountPerSlice:1]]
[2021.03.15-15.26.12:543][  0]LogConfig: Setting CVar [[r.SkyAtmosphere.AerialPerspectiveLUT.DepthResolution:16.0]]
[2021.03.15-15.26.12:543][  0]LogConfig: Setting CVar [[r.SkyAtmosphere.FastSkyLUT:1]]
[2021.03.15-15.26.12:543][  0]LogConfig: Setting CVar [[r.SkyAtmosphere.FastSkyLUT.SampleCountMin:4.0]]
[2021.03.15-15.26.12:543][  0]LogConfig: Setting CVar [[r.SkyAtmosphere.FastSkyLUT.SampleCountMax:32.0]]
[2021.03.15-15.26.12:543][  0]LogConfig: Setting CVar [[r.SkyAtmosphere.SampleCountMin:4.0]]
[2021.03.15-15.26.12:543][  0]LogConfig: Setting CVar [[r.SkyAtmosphere.SampleCountMax:32.0]]
[2021.03.15-15.26.12:543][  0]LogConfig: Setting CVar [[r.SkyAtmosphere.TransmittanceLUT.UseSmallFormat:0]]
[2021.03.15-15.26.12:543][  0]LogConfig: Setting CVar [[r.SkyAtmosphere.TransmittanceLUT.SampleCount:10.0]]
[2021.03.15-15.26.12:543][  0]LogConfig: Setting CVar [[r.SkyAtmosphere.MultiScatteringLUT.SampleCount:15.0]]
[2021.03.15-15.26.12:543][  0]LogConfig: Applying CVar settings from Section [FoliageQuality@3] File [E:/Github/GEP/GEPProject/Saved/Config/Windows/Scalability.ini]
[2021.03.15-15.26.12:543][  0]LogConfig: Setting CVar [[foliage.DensityScale:1.0]]
[2021.03.15-15.26.12:543][  0]LogConfig: Setting CVar [[grass.DensityScale:1.0]]
[2021.03.15-15.26.12:543][  0]LogConfig: Applying CVar settings from Section [ShadingQuality@3] File [E:/Github/GEP/GEPProject/Saved/Config/Windows/Scalability.ini]
[2021.03.15-15.26.12:543][  0]LogConfig: Setting CVar [[r.HairStrands.SkyLighting.SampleCount:16]]
[2021.03.15-15.26.12:543][  0]LogConfig: Setting CVar [[r.HairStrands.SkyLighting.JitterIntegration:0]]
[2021.03.15-15.26.12:543][  0]LogConfig: Setting CVar [[r.HairStrands.SkyAO.SampleCount:16]]
[2021.03.15-15.26.12:543][  0]LogConfig: Setting CVar [[r.HairStrands.DeepShadow.SuperSampling:0]]
[2021.03.15-15.26.12:543][  0]LogConfig: Setting CVar [[r.HairStrands.VisibilityPPLL:0]]
[2021.03.15-15.26.12:543][  0]LogConfig: Setting CVar [[r.HairStrands.RasterizationScale:0.5]]
[2021.03.15-15.26.12:543][  0]LogConfig: Setting CVar [[r.HairStrands.VelocityRasterizationScale:1]]
[2021.03.15-15.26.12:543][  0]LogConfig: Applying CVar settings from Section [Startup] File [../../../Engine/Config/ConsoleVariables.ini]
[2021.03.15-15.26.12:550][  0]LogConfig: Setting CVar [[net.UseAdaptiveNetUpdateFrequency:0]]
[2021.03.15-15.26.12:550][  0]LogConfig: Setting CVar [[p.chaos.AllowCreatePhysxBodies:1]]
[2021.03.15-15.26.12:550][  0]LogConfig: Setting CVar [[fx.SkipVectorVMBackendOptimizations:1]]
[2021.03.15-15.26.12:550][  0]LogConfig: Applying CVar settings from Section [ConsoleVariables] File [E:/Github/GEP/GEPProject/Saved/Config/Windows/Engine.ini]
[2021.03.15-15.26.12:551][  0]LogInit: Computer: DESKTOP-8MPSU4G
[2021.03.15-15.26.12:551][  0]LogInit: User: cathan
[2021.03.15-15.26.12:551][  0]LogInit: CPU Page size=4096, Cores=8
[2021.03.15-15.26.12:551][  0]LogInit: High frequency timer resolution =10.000000 MHz
[2021.03.15-15.26.12:551][  0]LogMemory: Memory total: Physical=15.9GB (16GB approx)
[2021.03.15-15.26.12:551][  0]LogMemory: Platform Memory Stats for Windows
[2021.03.15-15.26.12:551][  0]LogMemory: Process Physical Memory: 117.86 MB used, 117.87 MB peak
[2021.03.15-15.26.12:551][  0]LogMemory: Process Virtual Memory: 105.99 MB used, 105.99 MB peak
[2021.03.15-15.26.12:551][  0]LogMemory: Physical Memory: 13958.14 MB used,  2372.33 MB free, 16330.47 MB total
[2021.03.15-15.26.12:551][  0]LogMemory: Virtual Memory: 5195.04 MB used,  134212536.00 MB free, 134217728.00 MB total
[2021.03.15-15.26.12:562][  0]LogWindows: WindowsPlatformFeatures enabled
[2021.03.15-15.26.12:950][  0]LogInit: Physics initialised using underlying interface: PhysX
[2021.03.15-15.26.12:954][  0]LogInit: Using OS detected language (en-GB).
[2021.03.15-15.26.12:954][  0]LogInit: Using OS detected locale (en-GB).
[2021.03.15-15.26.12:970][  0]LogTextLocalizationManager: No specific localization for 'en-GB' exists, so the 'en' localization will be used.
[2021.03.15-15.26.13:295][  0]LogInit: Setting process to per monitor DPI aware
[2021.03.15-15.26.13:415][  0]LogSlate: New Slate User Created.  User Index 0, Is Virtual User: 0
[2021.03.15-15.26.13:415][  0]LogSlate: Slate User Registered.  User Index 0, Is Virtual User: 0
[2021.03.15-15.26.13:818][  0]LogHMD: Failed to initialize OpenVR with code 110
[2021.03.15-15.26.13:818][  0]LogD3D11RHI: D3D11 min allowed feature level: 11_0
[2021.03.15-15.26.13:818][  0]LogD3D11RHI: D3D11 max allowed feature level: 11_0
[2021.03.15-15.26.13:818][  0]LogD3D11RHI: D3D11 adapters:
[2021.03.15-15.26.13:952][  0]LogD3D11RHI:    0. 'NVIDIA GeForce RTX 2060' (Feature Level 11_0)
[2021.03.15-15.26.13:952][  0]LogD3D11RHI:       5980/0/8165 MB DedicatedVideo/DedicatedSystem/SharedSystem, Outputs:2, VendorId:0x10de
[2021.03.15-15.26.13:956][  0]LogD3D11RHI:    1. 'Microsoft Basic Render Driver' (Feature Level 11_0)
[2021.03.15-15.26.13:956][  0]LogD3D11RHI:       0/0/8165 MB DedicatedVideo/DedicatedSystem/SharedSystem, Outputs:0, VendorId:0x1414
[2021.03.15-15.26.13:956][  0]LogD3D11RHI: Chosen D3D11 Adapter: 0
[2021.03.15-15.26.13:972][  0]LogD3D11RHI: Creating new Direct3DDevice
[2021.03.15-15.26.13:972][  0]LogD3D11RHI:     GPU DeviceId: 0x1f08 (for the marketing name, search the web for "GPU Device Id")
[2021.03.15-15.26.13:972][  0]LogWindows: EnumDisplayDevices:
[2021.03.15-15.26.13:972][  0]LogWindows:    0. 'NVIDIA GeForce RTX 2060' (P:1 D:1)
[2021.03.15-15.26.13:973][  0]LogWindows:    1. 'NVIDIA GeForce RTX 2060' (P:0 D:1)
[2021.03.15-15.26.13:973][  0]LogWindows:    2. 'NVIDIA GeForce RTX 2060' (P:0 D:0)
[2021.03.15-15.26.13:973][  0]LogWindows:    3. 'NVIDIA GeForce RTX 2060' (P:0 D:0)
[2021.03.15-15.26.13:973][  0]LogWindows: DebugString: FoundDriverCount:4 
[2021.03.15-15.26.13:973][  0]LogD3D11RHI:     Adapter Name: NVIDIA GeForce RTX 2060
[2021.03.15-15.26.13:973][  0]LogD3D11RHI:   Driver Version: 460.79 (internal:27.21.14.6079, unified:460.79)
[2021.03.15-15.26.13:973][  0]LogD3D11RHI:      Driver Date: 12-3-2020
[2021.03.15-15.26.13:973][  0]LogRHI: Texture pool is 4186 MB (70% of 5980 MB)
[2021.03.15-15.26.14:072][  0]LogD3D11RHI: RHI has support for 64 bit atomics
[2021.03.15-15.26.14:073][  0]LogD3D11RHI: Async texture creation enabled
[2021.03.15-15.26.14:073][  0]LogD3D11RHI: Array index from any shader is supported
[2021.03.15-15.26.14:151][  0]LogD3D11RHI: GPU Timing Frequency: 1000.000000 (Debug: 2 1)
[2021.03.15-15.26.14:508][  0]LogTargetPlatformManager: Display: Loaded TargetPlatform 'AllDesktop'
[2021.03.15-15.26.14:552][  0]LogTargetPlatformManager: Display: Loaded TargetPlatform 'Android'
[2021.03.15-15.26.14:552][  0]LogTargetPlatformManager: Display: Loaded TargetPlatform 'Android_ASTC'
[2021.03.15-15.26.14:552][  0]LogTargetPlatformManager: Display: Loaded TargetPlatform 'Android_DXT'
[2021.03.15-15.26.14:552][  0]LogTargetPlatformManager: Display: Loaded TargetPlatform 'Android_ETC2'
[2021.03.15-15.26.14:552][  0]LogTargetPlatformManager: Display: Loaded TargetPlatform 'AndroidClient'
[2021.03.15-15.26.14:552][  0]LogTargetPlatformManager: Display: Loaded TargetPlatform 'Android_ASTCClient'
[2021.03.15-15.26.14:552][  0]LogTargetPlatformManager: Display: Loaded TargetPlatform 'Android_DXTClient'
[2021.03.15-15.26.14:552][  0]LogTargetPlatformManager: Display: Loaded TargetPlatform 'Android_ETC2Client'
[2021.03.15-15.26.14:552][  0]LogTargetPlatformManager: Display: Loaded TargetPlatform 'Android_Multi'
[2021.03.15-15.26.14:552][  0]LogTargetPlatformManager: Display: Loaded TargetPlatform 'Android_MultiClient'
[2021.03.15-15.26.14:642][  0]LogTargetPlatformManager: Display: Loaded TargetPlatform 'IOSClient'
[2021.03.15-15.26.14:642][  0]LogTargetPlatformManager: Display: Loaded TargetPlatform 'IOS'
[2021.03.15-15.26.14:685][  0]LogTargetPlatformManager: Display: Loaded TargetPlatform 'Linux'
[2021.03.15-15.26.14:713][  0]LogTargetPlatformManager: Display: Loaded TargetPlatform 'LinuxNoEditor'
[2021.03.15-15.26.14:746][  0]LogTargetPlatformManager: Display: Loaded TargetPlatform 'LinuxClient'
[2021.03.15-15.26.14:775][  0]LogTargetPlatformManager: Display: Loaded TargetPlatform 'LinuxServer'
[2021.03.15-15.26.14:804][  0]LogTargetPlatformManager: Display: Loaded TargetPlatform 'LinuxAArch64NoEditor'
[2021.03.15-15.26.14:832][  0]LogTargetPlatformManager: Display: Loaded TargetPlatform 'LinuxAArch64Client'
[2021.03.15-15.26.14:861][  0]LogTargetPlatformManager: Display: Loaded TargetPlatform 'LinuxAArch64Server'
[2021.03.15-15.26.14:918][  0]LogTargetPlatformManager: Display: Loaded TargetPlatform 'Lumin'
[2021.03.15-15.26.14:918][  0]LogTargetPlatformManager: Display: Loaded TargetPlatform 'LuminClient'
[2021.03.15-15.26.14:957][  0]LogTargetPlatformManager: Display: Loaded TargetPlatform 'TVOSClient'
[2021.03.15-15.26.14:957][  0]LogTargetPlatformManager: Display: Loaded TargetPlatform 'TVOS'
[2021.03.15-15.26.14:989][  0]LogTargetPlatformManager: Display: Loaded TargetPlatform 'WindowsNoEditor'
[2021.03.15-15.26.15:024][  0]LogTargetPlatformManager: Display: Loaded TargetPlatform 'Windows'
[2021.03.15-15.26.15:055][  0]LogTargetPlatformManager: Display: Loaded TargetPlatform 'WindowsClient'
[2021.03.15-15.26.15:083][  0]LogTargetPlatformManager: Display: Loaded TargetPlatform 'WindowsServer'
[2021.03.15-15.26.15:083][  0]LogTargetPlatformManager: Display: Building Assets For Windows
[2021.03.15-15.26.15:173][  0]LogAudioDebug: Display: Lib vorbis DLL was dynamically loaded.
[2021.03.15-15.26.15:612][  0]LogShaderCompilers: Guid format shader working directory is 9 characters bigger than the processId version (../../../../../Github/GEP/GEPProject/Intermediate/Shaders/WorkingDirectory/424296/).
[2021.03.15-15.26.15:613][  0]LogShaderCompilers: Cleaned the shader compiler working directory 'C:/Users/cathan/AppData/Local/Temp/UnrealShaderWorkingDir/43EEE3F148864FC2FFCA8081E4E58659/'.
[2021.03.15-15.26.15:615][  0]LogXGEController: Cleaning working directory: C:/Users/cathan/AppData/Local/Temp/UnrealXGEWorkingDir/
[2021.03.15-15.26.15:615][  0]LogXGEController: Cannot use XGE Controller as Incredibuild is not installed on this machine.
[2021.03.15-15.26.15:615][  0]LogShaderCompilers: Cannot use XGE Shader Compiler as Incredibuild is not installed on this machine.
[2021.03.15-15.26.15:615][  0]LogShaderCompilers: Display: Using Local Shader Compiler.
[2021.03.15-15.26.16:588][  0]LogDerivedDataCache: Display: Max Cache Size: 512 MB
[2021.03.15-15.26.16:792][  0]LogDerivedDataCache: Loaded boot cache 0.20s 76MB C:/Users/cathan/AppData/Local/UnrealEngine/4.25/DerivedDataCache/Boot.ddc.
[2021.03.15-15.26.16:792][  0]LogDerivedDataCache: Display: Loaded Boot cache: C:/Users/cathan/AppData/Local/UnrealEngine/4.25/DerivedDataCache/Boot.ddc
[2021.03.15-15.26.16:792][  0]LogDerivedDataCache: FDerivedDataBackendGraph:  Pak pak cache file ../../../../../Github/GEP/GEPProject/DerivedDataCache/DDC.ddp not found, will not use a pak cache.
[2021.03.15-15.26.16:792][  0]LogDerivedDataCache: Unable to find inner node Pak for hierarchical cache Hierarchy.
[2021.03.15-15.26.16:792][  0]LogDerivedDataCache: FDerivedDataBackendGraph:  CompressedPak pak cache file ../../../../../Github/GEP/GEPProject/DerivedDataCache/Compressed.ddp not found, will not use a pak cache.
[2021.03.15-15.26.16:792][  0]LogDerivedDataCache: Unable to find inner node CompressedPak for hierarchical cache Hierarchy.
[2021.03.15-15.26.16:815][  0]LogDerivedDataCache: Display: Pak cache opened for reading ../../../Engine/DerivedDataCache/Compressed.ddp.
[2021.03.15-15.26.16:815][  0]LogDerivedDataCache: FDerivedDataBackendGraph:  EnterprisePak pak cache file ../../../Enterprise/DerivedDataCache/Compressed.ddp not found, will not use a pak cache.
[2021.03.15-15.26.16:815][  0]LogDerivedDataCache: Unable to find inner node EnterprisePak for hierarchical cache Hierarchy.
[2021.03.15-15.26.16:817][  0]LogDerivedDataCache: Using Local data cache path C:/Users/cathan/AppData/Local/UnrealEngine/Common/DerivedDataCache: Writable
[2021.03.15-15.26.16:817][  0]LogDerivedDataCache: Shared data cache path not found in *engine.ini, will not use an Shared cache.
[2021.03.15-15.26.16:817][  0]LogDerivedDataCache: Unable to find inner node Shared for hierarchical cache Hierarchy.
[2021.03.15-15.26.16:878][  0]LogSlate: Using FreeType 2.10.0
[2021.03.15-15.26.16:882][  0]LogSlate: SlateFontServices - WITH_FREETYPE: 1, WITH_HARFBUZZ: 1
[2021.03.15-15.26.17:241][  0]LogAssetRegistry: FAssetRegistry took 0.0062 seconds to start up
[2021.03.15-15.26.17:838][  0]LogInit: Selected Device Profile: [Windows]
[2021.03.15-15.26.18:486][  0]LogMeshReduction: Using QuadricMeshReduction for automatic static mesh reduction
[2021.03.15-15.26.18:486][  0]LogMeshReduction: Using SimplygonMeshReduction for automatic skeletal mesh reduction
[2021.03.15-15.26.18:486][  0]LogMeshReduction: Using ProxyLODMeshReduction for automatic mesh merging
[2021.03.15-15.26.18:486][  0]LogMeshReduction: No distributed automatic mesh merging module available
[2021.03.15-15.26.18:487][  0]LogMeshMerging: No distributed automatic mesh merging module available
[2021.03.15-15.26.18:593][  0]LogNetVersion: GEPProject 1.0.0, NetCL: 13144385, EngineNetVer: 14, GameNetVer: 0 (Checksum: 386946200)
[2021.03.15-15.26.22:914][  0]LogAISub: UAISubsystem::UAISubsystem AISubsystem (000001E36B27A980), frame # 0
[2021.03.15-15.26.22:914][  0]LogAISub: UAISubsystem::UAISubsystem AIPerceptionSystem (000001E36B1251C0), frame # 0
[2021.03.15-15.26.22:921][  0]LogAISub: UAISubsystem::UAISubsystem EnvQueryManager (000001E36B282A00), frame # 0
[2021.03.15-15.26.25:760][  0]LogPackageLocalizationCache: Processed 19 localized package path(s) for 1 prioritized culture(s) in 0.377245 seconds
[2021.03.15-15.26.25:793][  0]LogUObjectArray: 15917 objects as part of root set at end of initial load.
[2021.03.15-15.26.25:824][  0]LogUObjectAllocator: 3965568 out of 0 bytes used by permanent object pool.
[2021.03.15-15.26.25:824][  0]LogUObjectArray: CloseDisregardForGC: 0/0 objects in disregard for GC pool
[2021.03.15-15.26.36:902][  0]LogTcpMessaging: Initializing TcpMessaging bridge
[2021.03.15-15.26.36:929][  0]LogUdpMessaging: Initializing bridge on interface 0.0.0.0:0 to multicast group 230.0.0.1:6666.
[2021.03.15-15.26.37:477][  0]SourceControl: Source control is disabled
[2021.03.15-15.26.37:477][  0]SourceControl: Source control is disabled
[2021.03.15-15.26.37:508][  0]SourceControl: Source control is disabled
[2021.03.15-15.26.37:532][  0]SourceControl: Source control is disabled
[2021.03.15-15.26.37:603][  0]SourceControl: Source control is disabled
[2021.03.15-15.26.39:203][  0]LogAndroidPermission: UAndroidPermissionCallbackProxy::GetInstance
[2021.03.15-15.26.39:327][  0]LogAudioCaptureCore: Display: No Audio Capture implementations found. Audio input will be silent.
[2021.03.15-15.26.39:327][  0]LogAudioCaptureCore: Display: No Audio Capture implementations found. Audio input will be silent.
[2021.03.15-15.26.39:580][  0]LogOcInput: OculusInput pre-init called
[2021.03.15-15.26.39:630][  0]LogWindows: Failed to load 'OVRPlugin.dll' (GetLastError=126)
[2021.03.15-15.26.39:630][  0]LogWindows: File 'OVRPlugin.dll' does not exist
[2021.03.15-15.26.39:997][  0]LogEngine: Initializing Engine...
[2021.03.15-15.26.40:005][  0]LogHMD: Failed to initialize OpenVR with code 110
[2021.03.15-15.26.40:005][  0]LogMagicLeap: Warning: VR disabled because ZI is not enabled.  To enable, in the editor, Edit -> Project Settings -> Plugins -> Magic Leap Plugin -> Enable Zero Iteration
[2021.03.15-15.26.40:011][  0]LogStats: UGameplayTagsManager::InitializeManager -  0.002 s
[2021.03.15-15.26.40:397][  0]LogInit: Initializing FReadOnlyCVARCache
[2021.03.15-15.26.40:486][  0]LogAIModule: Creating AISystem for world Untitled
[2021.03.15-15.26.40:486][  0]LogAISub: UAISubsystem::UAISubsystem EnvQueryManager (000001E37339FC00), frame # 0
[2021.03.15-15.26.40:487][  0]LogAISub: UAISubsystem::UAISubsystem AIPerceptionSystem (000001E3733AB880), frame # 0
[2021.03.15-15.26.40:531][  0]LogAudioMixer: Display: Audio Mixer Platform Settings:
[2021.03.15-15.26.40:531][  0]LogAudioMixer: Display: 	Sample Rate:						  48000
[2021.03.15-15.26.40:531][  0]LogAudioMixer: Display: 	Callback Buffer Frame Size Requested: 1024
[2021.03.15-15.26.40:531][  0]LogAudioMixer: Display: 	Callback Buffer Frame Size To Use:	  1024
[2021.03.15-15.26.40:531][  0]LogAudioMixer: Display: 	Number of buffers to queue:			  2
[2021.03.15-15.26.40:531][  0]LogAudioMixer: Display: 	Max Channels (voices):				  32
[2021.03.15-15.26.40:531][  0]LogAudioMixer: Display: 	Number of Async Source Workers:		  0
[2021.03.15-15.26.40:531][  0]LogAudio: Display: AudioDevice MaxSources: 32
[2021.03.15-15.26.40:535][  0]LogAudio: Display: Using built-in audio occlusion.
[2021.03.15-15.26.40:535][  0]LogAudioMixer: Display: Initializing audio mixer.
[2021.03.15-15.26.40:584][  0]LogAudioMixer: Display: 0: FrontLeft
[2021.03.15-15.26.40:584][  0]LogAudioMixer: Display: 1: FrontRight
[2021.03.15-15.26.40:635][  0]LogAudioMixer: Display: Using Audio Device OUT 1-2 (BEHRINGER UMC 202HD 192k)
[2021.03.15-15.26.40:638][  0]LogAudioMixer: Display: Initializing Sound Submixes...
[2021.03.15-15.26.40:678][  0]LogAudioMixer: Display: Creating Master Submix 'MasterSubmixDefault'
[2021.03.15-15.26.40:678][  0]LogAudioMixer: Display: Creating Master Submix 'MasterReverbSubmixDefault'
[2021.03.15-15.26.40:681][  0]LogAudioMixer: Display: Creating Master Submix 'MasterEQSubmixDefault'
[2021.03.15-15.26.40:683][  0]LogInit: FAudioDevice initialized.
[2021.03.15-15.26.40:685][  0]LogNetVersion: Set ProjectVersion to 1.0.0.0. Version Checksum will be recalculated on next use.
[2021.03.15-15.26.40:773][  0]LogDerivedDataCache: Saved boot cache 0.09s 76MB C:/Users/cathan/AppData/Local/UnrealEngine/4.25/DerivedDataCache/Boot.ddc.
[2021.03.15-15.26.40:779][  0]LogInit: Texture streaming: Enabled
[2021.03.15-15.26.40:875][  0]LogEngineSessionManager: EngineSessionManager initialized
[2021.03.15-15.26.40:876][  0]LogEditorSessionSummary: Verbose: Initializing EditorSessionSummaryWriter for editor session tracking
[2021.03.15-15.26.40:884][  0]LogEditorSessionSummary: EditorSessionSummaryWriter initialized
[2021.03.15-15.26.41:047][  0]LogInit: Transaction tracking system initialized
[2021.03.15-15.26.41:214][  0]BlueprintLog: New page: Editor Load
[2021.03.15-15.26.41:712][  0]LocalizationService: Localization service is disabled
[2021.03.15-15.26.42:659][  0]LogCook: Display: Max memory allowance for cook 16384mb min free memory 0mb
[2021.03.15-15.26.42:659][  0]LogCook: Display: Mobile HDR setting 1
[2021.03.15-15.26.43:224][  0]LogFileCache: Scanning file cache for directory 'E:/Github/GEP/GEPProject/Content/' took 0.01s
[2021.03.15-15.26.43:959][  0]SourceControl: Source control is disabled
[2021.03.15-15.26.43:960][  0]LogUnrealEdMisc: Loading editor; pre map load, took 36.421
[2021.03.15-15.26.43:962][  0]Cmd: MAP LOAD FILE="../../../../../Github/GEP/GEPProject/Content/GameLevel.umap" TEMPLATE=0 SHOWPROGRESS=1 FEATURELEVEL=3
[2021.03.15-15.26.43:972][  0]LightingResults: New page: Lighting Build
[2021.03.15-15.26.43:982][  0]LogWorld: UWorld::CleanupWorld for Untitled, bSessionEnded=true, bCleanupResources=true
[2021.03.15-15.26.43:983][  0]LogSlate: InvalidateAllWidgets triggered.  All widgets were invalidated
[2021.03.15-15.26.43:986][  0]MapCheck: New page: Map Check
[2021.03.15-15.26.43:986][  0]LightingResults: New page: Lighting Build
[2021.03.15-15.26.44:018][  0]LogAISub: UAISubsystem::~UAISubsystem EnvQueryManager (000001E37339FC00), frame # 0
[2021.03.15-15.26.44:018][  0]LogAISub: UAISubsystem::~UAISubsystem AIPerceptionSystem (000001E3733AB880), frame # 0
[2021.03.15-15.26.44:020][  0]LogUObjectHash: Compacting FUObjectHashTables data took   0.86ms
[2021.03.15-15.26.45:019][  0]LogAIModule: Creating AISystem for world GameLevel
[2021.03.15-15.26.45:019][  0]LogAISub: UAISubsystem::UAISubsystem EnvQueryManager (000001E362C99800), frame # 0
[2021.03.15-15.26.45:019][  0]LogAISub: UAISubsystem::UAISubsystem AIPerceptionSystem (000001E362D11D00), frame # 0
[2021.03.15-15.26.45:094][  0]LogEditorServer: Finished looking for orphan Actors (0.000 secs)
[2021.03.15-15.26.45:125][  0]LogUObjectHash: Compacting FUObjectHashTables data took   1.13ms
[2021.03.15-15.26.45:127][  0]Cmd: MAP CHECKDEP NOCLEARLOG
[2021.03.15-15.26.45:127][  0]MapCheck: Map check complete: 0 Error(s), 0 Warning(s), took 0.14ms to complete.
[2021.03.15-15.26.45:127][  0]LogFileHelpers: Loading map 'GameLevel' took 1.167
[2021.03.15-15.26.45:192][  0]LogUnrealEdMisc: Total Editor Startup Time, took 37.654
[2021.03.15-15.26.45:447][  0]LogSlate: Updating window title bar state: overlay mode, drag disabled, window buttons hidden, title bar hidden
[2021.03.15-15.26.45:461][  0]LogSlate: Updating window title bar state: overlay mode, drag disabled, window buttons hidden, title bar hidden
[2021.03.15-15.26.45:471][  0]LogSlate: Updating window title bar state: overlay mode, drag disabled, window buttons hidden, title bar hidden
[2021.03.15-15.26.45:480][  0]LogSlate: Updating window title bar state: overlay mode, drag disabled, window buttons hidden, title bar hidden
[2021.03.15-15.26.45:532][  0]LogCollectionManager: Loaded 0 collections in 0.001864 seconds
[2021.03.15-15.26.45:594][  0]LogFileCache: Scanning file cache for directory 'E:/Github/GEP/GEPProject/Saved/Collections/' took 0.00s
[2021.03.15-15.26.45:594][  0]LogFileCache: Scanning file cache for directory 'E:/Github/GEP/GEPProject/Content/Developers/cathan/Collections/' took 0.00s
[2021.03.15-15.26.45:594][  0]LogFileCache: Scanning file cache for directory 'E:/Github/GEP/GEPProject/Content/Collections/' took 0.00s
[2021.03.15-15.26.45:594][  0]LogContentBrowser: Native class hierarchy populated in 0.0163 seconds. Added 3453 classes and 827 folders.
[2021.03.15-15.26.45:612][  0]LogContentBrowser: Native class hierarchy updated for 'WidgetCarousel' in 0.0006 seconds. Added 0 classes and 0 folders.
[2021.03.15-15.26.46:015][  0]LogContentBrowser: Native class hierarchy updated for 'AddContentDialog' in 0.0006 seconds. Added 0 classes and 0 folders.
[2021.03.15-15.26.46:022][  0]LogContentBrowser: Native class hierarchy updated for 'SceneOutliner' in 0.0007 seconds. Added 2 classes and 0 folders.
[2021.03.15-15.26.46:125][  0]LogSlate: Took 0.001117 seconds to synchronously load lazily loaded font '../../../Engine/Content/Slate/Fonts/Roboto-Regular.ttf' (155K)
[2021.03.15-15.26.46:131][  0]LogSlate: Took 0.001254 seconds to synchronously load lazily loaded font '../../../Engine/Content/Slate/Fonts/Roboto-Bold.ttf' (160K)
[2021.03.15-15.26.46:149][  0]LogSlate: Took 0.008369 seconds to synchronously load lazily loaded font '../../../Engine/Content/Editor/Slate/Fonts/FontAwesome.ttf' (139K)
[2021.03.15-15.26.46:280][  0]LogRenderer: Reallocating scene render targets to support 1208x572 Format 10 NumSamples 1 (Frame:1).
[2021.03.15-15.26.46:400][  0]LogSlate: Took 0.007200 seconds to synchronously load lazily loaded font '../../../Engine/Content/Slate/Fonts/Roboto-Light.ttf' (167K)
[2021.03.15-15.26.46:498][  0]LogContentBrowser: Native class hierarchy updated for 'HierarchicalLODOutliner' in 0.0008 seconds. Added 0 classes and 0 folders.
[2021.03.15-15.26.46:498][  0]LogLoad: (Engine Initialization) Total time: 38.96 seconds
[2021.03.15-15.26.46:498][  0]LogLoad: (Engine Initialization) Total Blueprint compile time: 0.00 seconds
[2021.03.15-15.26.46:527][  0]LogActor: Warning: BP_TestBlock_C /Engine/Transient.World_0:PersistentLevel.BP_TestBlock_C_0 has natively added scene component(s), but none of them were set as the actor's RootComponent - picking one arbitrarily
[2021.03.15-15.26.46:561][  0]LogAssetRegistry: Asset discovery search completed in 29.3233 seconds
[2021.03.15-15.26.46:566][  0]LogCollectionManager: Fixed up redirectors for 0 collections in 0.000358 seconds (updated 0 objects)
[2021.03.15-15.26.46:579][  0]LogContentStreaming: Texture pool size now 1000 MB
[2021.03.15-15.28.02:662][415]LogActor: Warning: BP_DefaultEnemy_C /Engine/Transient.World_1:PersistentLevel.BP_DefaultEnemy_C_0 has natively added scene component(s), but none of them were set as the actor's RootComponent - picking one arbitrarily
[2021.03.15-15.28.09:590][223]LogEditor: Attempting to add actor of class 'AbstractNavData' to level at 1540.00,530.00,1000.00
[2021.03.15-15.28.10:421][308]LogEditor: Attempting to add actor of class 'AbstractNavData' to level at -1020.00,1090.00,100.00
[2021.03.15-15.28.10:438][308]LogNavigation: Warning: NavData RegistrationFailed_AgentAlreadySupported, specified agent type already has its navmesh implemented.
[2021.03.15-15.28.10:438][308]LogNavigation: Warning: NavData RegistrationFailed_DataPendingKill.
[2021.03.15-15.28.22:119][668]LogEditor: Attempting to add actor of class 'AbstractNavData' to level at -4800.00,3130.00,470.00
[2021.03.15-15.28.24:681][944]LogEditor: Attempting to add actor of class 'AbstractNavData' to level at 1110.00,-4440.00,100.00
[2021.03.15-15.28.25:193][993]LogEditor: Attempting to add actor of class 'AbstractNavData' to level at -750.00,-1660.00,100.00
[2021.03.15-15.28.25:195][993]LogNavigation: Warning: NavData RegistrationFailed_AgentAlreadySupported, specified agent type already has its navmesh implemented.
[2021.03.15-15.28.25:195][993]LogNavigation: Warning: NavData RegistrationFailed_DataPendingKill.
[2021.03.15-15.28.25:195][993]LogNavigation: Warning: NavData RegistrationFailed_DataPendingKill.
[2021.03.15-15.28.35:114][134]LogActor: Warning: BP_DefaultEnemyLv3_C /Engine/Transient.World_3:PersistentLevel.BP_DefaultEnemyLv3_C_0 has natively added scene component(s), but none of them were set as the actor's RootComponent - picking one arbitrarily
[2021.03.15-15.28.35:299][156]LogActor: Warning: BP_DefaultEnemyLvl2_C /Engine/Transient.World_4:PersistentLevel.BP_DefaultEnemyLvl2_C_0 has natively added scene component(s), but none of them were set as the actor's RootComponent - picking one arbitrarily
[2021.03.15-15.29.27:404][264]LogEditorViewport: Clicking on Actor (LMB): NavMeshBoundsVolume (NavMeshBoundsVolume)
[2021.03.15-15.30.52:108][239]LogSlate: Took 0.000279 seconds to synchronously load lazily loaded font '../../../Engine/Content/Slate/Fonts/Roboto-Light.ttf' (167K)
[2021.03.15-15.31.42:227][132]Cmd: DELETE
[2021.03.15-15.31.42:227][132]Cmd: ACTOR DELETE
[2021.03.15-15.31.42:250][132]LogEditorActor: Deleted Actor: NavMeshBoundsVolume
[2021.03.15-15.31.42:272][132]LogUObjectHash: Compacting FUObjectHashTables data took   0.73ms
[2021.03.15-15.31.42:275][132]LogEditorActor: Deleted 1 Actors (0.038 secs)
[2021.03.15-15.31.42:278][132]LogNavigation: Warning: ConstructTiledNavMesh: Failed to create navmesh of size 0.
[2021.03.15-15.31.51:692][202]LogNavigation: Warning: ConstructTiledNavMesh: Failed to create navmesh of size 0.
[2021.03.15-15.31.54:344][517]LogNavigation: Warning: ConstructTiledNavMesh: Failed to create navmesh of size 0.
[2021.03.15-15.31.57:707][901]LogNavigation: Warning: ConstructTiledNavMesh: Failed to create navmesh of size 0.
[2021.03.15-15.32.21:920][732]Cmd: DELETE
[2021.03.15-15.32.21:920][732]Cmd: ACTOR DELETE
[2021.03.15-15.32.21:922][732]LogEditorActor: Deleted Actor: NavModifierVolume
[2021.03.15-15.32.21:936][732]LogUObjectHash: Compacting FUObjectHashTables data took   0.64ms
[2021.03.15-15.32.21:938][732]LogEditorActor: Deleted 1 Actors (0.018 secs)
[2021.03.15-15.32.21:940][732]LogNavigation: Warning: ConstructTiledNavMesh: Failed to create navmesh of size 0.
[2021.03.15-15.33.04:972][802]Cmd: DELETE
[2021.03.15-15.33.04:972][802]Cmd: ACTOR DELETE
[2021.03.15-15.33.04:974][802]LogEditorActor: Deleted Actor: RecastNavMesh
[2021.03.15-15.33.04:976][802]LogCrowdFollowing: Error: Unable to find RecastNavMesh instance while trying to create UCrowdManager instance
[2021.03.15-15.33.04:989][802]LogUObjectHash: Compacting FUObjectHashTables data took   0.75ms
[2021.03.15-15.33.04:992][802]LogEditorActor: Deleted 1 Actors (0.019 secs)
[2021.03.15-15.33.05:887][902]Cmd: DELETE
[2021.03.15-15.33.05:887][902]Cmd: ACTOR DELETE
[2021.03.15-15.33.05:889][902]LogEditorActor: Deleted Actor: NavMeshBoundsVolume
[2021.03.15-15.33.05:902][902]LogUObjectHash: Compacting FUObjectHashTables data took   0.27ms
[2021.03.15-15.33.05:903][902]LogEditorActor: Deleted 1 Actors (0.016 secs)
[2021.03.15-15.33.05:904][902]LogNavigation: Warning: ConstructTiledNavMesh: Failed to create navmesh of size 0.
[2021.03.15-15.33.07:358][ 71]Cmd: DELETE
[2021.03.15-15.33.07:358][ 71]Cmd: ACTOR DELETE
[2021.03.15-15.33.07:360][ 71]LogEditorActor: Deleted Actor: RecastNavMesh
[2021.03.15-15.33.07:360][ 71]LogCrowdFollowing: Error: Unable to find RecastNavMesh instance while trying to create UCrowdManager instance
[2021.03.15-15.33.07:371][ 71]LogUObjectHash: Compacting FUObjectHashTables data took   0.28ms
[2021.03.15-15.33.07:373][ 71]LogEditorActor: Deleted 1 Actors (0.015 secs)
[2021.03.15-15.33.08:690][227]Cmd: TRANSACTION UNDO
[2021.03.15-15.33.08:690][227]LogEditorTransaction: Undo Delete Actors
[2021.03.15-15.33.08:709][227]LogNavigation: Warning: ConstructTiledNavMesh: Failed to create navmesh of size 0.
[2021.03.15-15.33.08:962][239]Cmd: TRANSACTION UNDO
[2021.03.15-15.33.08:962][239]LogEditorTransaction: Undo Clicking on Actors
[2021.03.15-15.33.09:217][252]Cmd: TRANSACTION UNDO
[2021.03.15-15.33.09:217][252]LogEditorTransaction: Undo Delete Actors
[2021.03.15-15.33.12:069][252]LogWindows: Error: === Critical error: ===
[2021.03.15-15.33.12:069][252]LogWindows: Error: 
[2021.03.15-15.33.12:069][252]LogWindows: Error: Fatal error!
[2021.03.15-15.33.12:069][252]LogWindows: Error: 
[2021.03.15-15.33.12:069][252]LogWindows: Error: Unhandled Exception: EXCEPTION_ACCESS_VIOLATION reading address 0x00000008
[2021.03.15-15.33.12:069][252]LogWindows: Error: 
[2021.03.15-15.33.12:069][252]LogWindows: Error: [Callstack] 0x00007ffa1b282cff UE4Editor-NavigationSystem.dll!UnknownFunction []
[2021.03.15-15.33.12:069][252]LogWindows: Error: [Callstack] 0x00007ffa1b2196e8 UE4Editor-NavigationSystem.dll!UnknownFunction []
[2021.03.15-15.33.12:070][252]LogWindows: Error: [Callstack] 0x00007ffa1b236345 UE4Editor-NavigationSystem.dll!UnknownFunction []
[2021.03.15-15.33.12:070][252]LogWindows: Error: [Callstack] 0x00007ffa230e6859 UE4Editor-Engine.dll!UnknownFunction []
[2021.03.15-15.33.12:070][252]LogWindows: Error: [Callstack] 0x00007ffa2119a338 UE4Editor-UnrealEd.dll!UnknownFunction []
[2021.03.15-15.33.12:070][252]LogWindows: Error: [Callstack] 0x00007ffa21a737e6 UE4Editor-UnrealEd.dll!UnknownFunction []
[2021.03.15-15.33.12:070][252]LogWindows: Error: [Callstack] 0x00007ff78c9f7800 UE4Editor.exe!UnknownFunction []
[2021.03.15-15.33.12:070][252]LogWindows: Error: [Callstack] 0x00007ff78ca0ba7c UE4Editor.exe!UnknownFunction []
[2021.03.15-15.33.12:070][252]LogWindows: Error: [Callstack] 0x00007ff78ca0bb5a UE4Editor.exe!UnknownFunction []
[2021.03.15-15.33.12:070][252]LogWindows: Error: [Callstack] 0x00007ff78ca1e31d UE4Editor.exe!UnknownFunction []
[2021.03.15-15.33.12:070][252]LogWindows: Error: [Callstack] 0x00007ff78ca2145a UE4Editor.exe!UnknownFunction []
[2021.03.15-15.33.12:070][252]LogWindows: Error: [Callstack] 0x00007ffaedbb6fd4 KERNEL32.DLL!UnknownFunction []
[2021.03.15-15.33.12:070][252]LogWindows: Error: [Callstack] 0x00007ffaefafcec1 ntdll.dll!UnknownFunction []
[2021.03.15-15.33.12:070][252]LogWindows: Error: 
[2021.03.15-15.33.12:087][252]LogExit: Executing StaticShutdownAfterError
[2021.03.15-15.33.12:102][252]LogWindows: FPlatformMisc::RequestExit(1)
[2021.03.15-15.33.12:102][252]LogCore: Engine exit requested (reason: Win RequestExit)
[2021.03.15-15.33.12:115][252]Log file closed, 03/15/21 15:33:12
