Log file open, 03/01/21 14:12:50
LogInit: Display: Running engine for game: GEPProject
LogPlatformFile: Not using cached read wrapper
LogTaskGraph: Started task graph with 5 named threads and 47 total threads with 3 sets of task threads.
LogStats: Stats thread started at 0.203979
LogD3D11RHI: Loaded GFSDK_Aftermath_Lib.x64.dll
LogICUInternationalization: ICU TimeZone Detection - Raw Offset: +0:00, Platform Override: ''
LogPluginManager: Mounting plugin Paper2D
LogPluginManager: Mounting plugin AISupport
LogPluginManager: Mounting plugin LightPropagationVolume
LogPluginManager: Mounting plugin CameraShakePreviewer
LogPluginManager: Mounting plugin ActorLayerUtilities
LogPluginManager: Mounting plugin AnimationSharing
LogPluginManager: Mounting plugin CLionSourceCodeAccess
LogPluginManager: Mounting plugin CodeLiteSourceCodeAccess
LogPluginManager: Mounting plugin GitSourceControl
LogPluginManager: Mounting plugin KDevelopSourceCodeAccess
LogPluginManager: Mounting plugin NullSourceCodeAccess
LogPluginManager: Mounting plugin PerforceSourceControl
LogPluginManager: Mounting plugin PlasticSourceControl
LogPluginManager: Mounting plugin RiderLink
LogPluginManager: Mounting plugin RiderSourceCodeAccess
LogPluginManager: Mounting plugin SubversionSourceControl
LogPluginManager: Mounting plugin UObjectPlugin
LogPluginManager: Mounting plugin VisualStudioCodeSourceCodeAccess
LogPluginManager: Mounting plugin VisualStudioSourceCodeAccess
LogPluginManager: Mounting plugin XCodeSourceCodeAccess
LogPluginManager: Mounting plugin AssetManagerEditor
LogPluginManager: Mounting plugin CryptoKeys
LogPluginManager: Mounting plugin CurveEditorTools
LogPluginManager: Mounting plugin DataValidation
LogPluginManager: Mounting plugin EditorScriptingUtilities
LogPluginManager: Mounting plugin FacialAnimation
LogPluginManager: Mounting plugin GameplayTagsEditor
LogPluginManager: Mounting plugin GeometryMode
LogPluginManager: Mounting plugin MacGraphicsSwitching
LogPluginManager: Mounting plugin MaterialAnalyzer
LogPluginManager: Mounting plugin MobileLauncherProfileWizard
LogPluginManager: Mounting plugin PluginBrowser
LogPluginManager: Mounting plugin SpeedTreeImporter
LogPluginManager: Mounting plugin DatasmithContent
LogPluginManager: Mounting plugin VariantManagerContent
LogPluginManager: Mounting plugin AlembicImporter
LogPluginManager: Mounting plugin AutomationUtils
LogPluginManager: Mounting plugin BackChannel
LogPluginManager: Mounting plugin ChaosCloth
LogPluginManager: Mounting plugin ChaosClothEditor
LogPluginManager: Mounting plugin ChaosEditor
LogPluginManager: Mounting plugin ChaosNiagara
LogPluginManager: Mounting plugin ChaosSolverPlugin
LogPluginManager: Mounting plugin CharacterAI
LogPluginManager: Mounting plugin GeometryCache
LogPluginManager: Mounting plugin GeometryCollectionPlugin
LogPluginManager: Mounting plugin GeometryProcessing
LogPluginManager: Mounting plugin PlanarCut
LogPluginManager: Mounting plugin PlatformCrypto
LogPluginManager: Mounting plugin ProxyLODPlugin
LogPluginManager: Mounting plugin SkeletalReduction
LogPluginManager: Mounting plugin Niagara
LogPluginManager: Mounting plugin MagicLeap
LogPluginManager: Mounting plugin MagicLeapLightEstimation
LogPluginManager: Mounting plugin MagicLeapMedia
LogPluginManager: Mounting plugin MagicLeapPassableWorld
LogPluginManager: Mounting plugin MLSDK
LogPluginManager: Mounting plugin AndroidMedia
LogPluginManager: Mounting plugin AvfMedia
LogPluginManager: Mounting plugin ImgMedia
LogPluginManager: Mounting plugin MediaCompositing
LogPluginManager: Mounting plugin MediaPlayerEditor
LogPluginManager: Mounting plugin WebMMedia
LogPluginManager: Mounting plugin WmfMedia
LogPluginManager: Mounting plugin MeshPainting
LogPluginManager: Mounting plugin TcpMessaging
LogPluginManager: Mounting plugin UdpMessaging
LogPluginManager: Mounting plugin ActorSequence
LogPluginManager: Mounting plugin LevelSequenceEditor
LogPluginManager: Mounting plugin MatineeToLevelSequence
LogPluginManager: Mounting plugin MovieRenderPipeline
LogPluginManager: Mounting plugin TemplateSequence
LogPluginManager: Mounting plugin NetcodeUnitTest
LogPluginManager: Mounting plugin NUTUnrealEngine4
LogPluginManager: Mounting plugin OnlineSubsystemGooglePlay
LogPluginManager: Mounting plugin OnlineSubsystemIOS
LogPluginManager: Mounting plugin OnlineSubsystem
LogPluginManager: Mounting plugin OnlineSubsystemNull
LogPluginManager: Mounting plugin OnlineSubsystemUtils
LogPluginManager: Mounting plugin LauncherChunkInstaller
LogPluginManager: Mounting plugin AndroidDeviceProfileSelector
LogPluginManager: Mounting plugin AndroidMoviePlayer
LogPluginManager: Mounting plugin AndroidPermission
LogPluginManager: Mounting plugin AppleImageUtils
LogPluginManager: Mounting plugin AppleMoviePlayer
LogPluginManager: Mounting plugin ArchVisCharacter
LogPluginManager: Mounting plugin AssetTags
LogPluginManager: Mounting plugin AudioCapture
LogPluginManager: Mounting plugin CableComponent
LogPluginManager: Mounting plugin CustomMeshComponent
LogPluginManager: Mounting plugin EditableMesh
LogPluginManager: Mounting plugin ExampleDeviceProfileSelector
LogPluginManager: Mounting plugin GoogleCloudMessaging
LogPluginManager: Mounting plugin GooglePAD
LogPluginManager: Mounting plugin IOSDeviceProfileSelector
LogPluginManager: Mounting plugin LinuxDeviceProfileSelector
LogPluginManager: Mounting plugin LocationServicesBPLibrary
LogPluginManager: Mounting plugin MobilePatchingUtils
LogPluginManager: Mounting plugin OculusVR
LogPluginManager: Mounting plugin PhysXVehicles
LogPluginManager: Mounting plugin PostSplashScreen
LogPluginManager: Mounting plugin ProceduralMeshComponent
LogPluginManager: Mounting plugin RuntimePhysXCooking
LogPluginManager: Mounting plugin SignificanceManager
LogPluginManager: Mounting plugin SoundFields
LogPluginManager: Mounting plugin SteamVR
LogPluginManager: Mounting plugin Synthesis
LogPluginManager: Mounting plugin WebMMoviePlayer
LogPluginManager: Mounting plugin WindowsMoviePlayer
LogPluginManager: Mounting plugin ScreenshotTools
LogInit: Using libcurl 7.55.1-DEV
LogInit:  - built for x86_64-pc-win32
LogInit:  - supports SSL with OpenSSL/1.1.1
LogInit:  - supports HTTP deflate (compression) using libz 1.2.8
LogInit:  - other features:
LogInit:      CURL_VERSION_SSL
LogInit:      CURL_VERSION_LIBZ
LogInit:      CURL_VERSION_IPV6
LogInit:      CURL_VERSION_ASYNCHDNS
LogInit:      CURL_VERSION_LARGEFILE
LogInit:      CURL_VERSION_IDN
LogInit:  CurlRequestOptions (configurable via config and command line):
LogInit:  - bVerifyPeer = true  - Libcurl will verify peer certificate
LogInit:  - bUseHttpProxy = false  - Libcurl will NOT use HTTP proxy
LogInit:  - bDontReuseConnections = false  - Libcurl will reuse connections
LogInit:  - MaxHostConnections = 16  - Libcurl will limit the number of connections to a host
LogInit:  - LocalHostAddr = Default
LogInit:  - BufferSize = 65536
LogOnline: OSS: Creating online subsystem instance for: NULL
LogInit: WinSock: version 1.1 (2.2), MaxSocks=32767, MaxUdp=65467
LogOnline: OSS: TryLoadSubsystemAndSetDefault: Loaded subsystem for module [NULL]
LogInit: Build: ++UE4+Release-4.25-CL-14469661
LogInit: Engine Version: 4.25.4-14469661+++UE4+Release-4.25
LogInit: Compatible Engine Version: 4.25.0-13144385+++UE4+Release-4.25
LogInit: Net CL: 13144385
LogInit: OS: Windows 10 (Release 2004) (), CPU: AMD Ryzen 7 2700X Eight-Core Processor         , GPU: NVIDIA GeForce RTX 2060
LogInit: Compiled (64-bit): Oct 11 2020 08:10:49
LogInit: Compiled with Visual C++: 19.24.28315.00
LogInit: Build Configuration: Development
LogInit: Branch Name: ++UE4+Release-4.25
LogInit: Command Line:  -skipcompile
LogInit: Base Directory: E:/epk/UE_4.25/Engine/Binaries/Win64/
LogInit: Allocator: TBB
LogInit: Installed Engine Build: 1
LogDevObjectVersion: Number of dev versions registered: 26
LogDevObjectVersion:   Dev-Blueprints (B0D832E4-1F89-4F0D-ACCF-7EB736FD4AA2): 10
LogDevObjectVersion:   Dev-Build (E1C64328-A22C-4D53-A36C-8E866417BD8C): 0
LogDevObjectVersion:   Dev-Core (375EC13C-06E4-48FB-B500-84F0262A717E): 4
LogDevObjectVersion:   Dev-Editor (E4B068ED-F494-42E9-A231-DA0B2E46BB41): 38
LogDevObjectVersion:   Dev-Framework (CFFC743F-43B0-4480-9391-14DF171D2073): 37
LogDevObjectVersion:   Dev-Mobile (B02B49B5-BB20-44E9-A304-32B752E40360): 2
LogDevObjectVersion:   Dev-Networking (A4E4105C-59A1-49B5-A7C5-40C4547EDFEE): 0
LogDevObjectVersion:   Dev-Online (39C831C9-5AE6-47DC-9A44-9C173E1C8E7C): 0
LogDevObjectVersion:   Dev-Physics (78F01B33-EBEA-4F98-B9B4-84EACCB95AA2): 4
LogDevObjectVersion:   Dev-Platform (6631380F-2D4D-43E0-8009-CF276956A95A): 0
LogDevObjectVersion:   Dev-Rendering (12F88B9F-8875-4AFC-A67C-D90C383ABD29): 43
LogDevObjectVersion:   Dev-Sequencer (7B5AE74C-D270-4C10-A958-57980B212A5A): 12
LogDevObjectVersion:   Dev-VR (D7296918-1DD6-4BDD-9DE2-64A83CC13884): 3
LogDevObjectVersion:   Dev-LoadTimes (C2A15278-BFE7-4AFE-6C17-90FF531DF755): 1
LogDevObjectVersion:   Private-Geometry (6EACA3D4-40EC-4CC1-B786-8BED09428FC5): 3
LogDevObjectVersion:   Dev-AnimPhys (29E575DD-E0A3-4627-9D10-D276232CDCEA): 17
LogDevObjectVersion:   Dev-Anim (AF43A65D-7FD3-4947-9873-3E8ED9C1BB05): 7
LogDevObjectVersion:   Dev-ReflectionCapture (6B266CEC-1EC7-4B8F-A30B-E4D90942FC07): 1
LogDevObjectVersion:   Dev-Automation (0DF73D61-A23F-47EA-B727-89E90C41499A): 1
LogDevObjectVersion:   FortniteMain (601D1886-AC64-4F84-AA16-D3DE0DEAC7D6): 31
LogDevObjectVersion:   Dev-Enterprise (9DFFBCD6-494F-0158-E221-12823C92A888): 10
LogDevObjectVersion:   Dev-Niagara (F2AED0AC-9AFE-416F-8664-AA7FFA26D6FC): 1
LogDevObjectVersion:   Dev-Destruction (174F1F0B-B4C6-45A5-B13F-2EE8D0FB917D): 10
LogDevObjectVersion:   Dev-Physics-Ext (35F94A83-E258-406C-A318-09F59610247C): 37
LogDevObjectVersion:   Dev-PhysicsMaterial-Chaos (B68FC16E-8B1B-42E2-B453-215C058844FE): 1
LogDevObjectVersion:   Dev-CineCamera (B2E18506-4273-CFC2-A54E-F4BB758BBA07): 1
LogInit: Presizing for max 25165824 objects, including 0 objects not considered by GC, pre-allocating 0 bytes for permanent pool.
LogConfig: Applying CVar settings from Section [/Script/Engine.StreamingSettings] File [E:/Github/GEP/GEPProject/Saved/Config/Windows/Engine.ini]
LogConfig: Setting CVar [[s.MinBulkDataSizeForAsyncLoading:131072]]
LogConfig: Setting CVar [[s.AsyncLoadingThreadEnabled:0]]
LogConfig: Setting CVar [[s.EventDrivenLoaderEnabled:1]]
LogConfig: Setting CVar [[s.WarnIfTimeLimitExceeded:0]]
LogConfig: Setting CVar [[s.TimeLimitExceededMultiplier:1.5]]
LogConfig: Setting CVar [[s.TimeLimitExceededMinTime:0.005]]
LogConfig: Setting CVar [[s.UseBackgroundLevelStreaming:1]]
LogConfig: Setting CVar [[s.PriorityAsyncLoadingExtraTime:15.0]]
LogConfig: Setting CVar [[s.LevelStreamingActorsUpdateTimeLimit:5.0]]
LogConfig: Setting CVar [[s.PriorityLevelStreamingActorsUpdateExtraTime:5.0]]
LogConfig: Setting CVar [[s.LevelStreamingComponentsRegistrationGranularity:10]]
LogConfig: Setting CVar [[s.UnregisterComponentsTimeLimit:1.0]]
LogConfig: Setting CVar [[s.LevelStreamingComponentsUnregistrationGranularity:5]]
LogConfig: Setting CVar [[s.FlushStreamingOnExit:1]]
LogInit: Object subsystem initialized
LogConfig: Setting CVar [[con.DebugEarlyDefault:1]]
LogConfig: Setting CVar [[r.setres:1280x720]]
[2021.03.01-14.12.50:337][  0]LogConfig: Setting CVar [[r.VSync:0]]
[2021.03.01-14.12.50:337][  0]LogConfig: Setting CVar [[r.RHICmdBypass:0]]
[2021.03.01-14.12.50:337][  0]LogConfig: Applying CVar settings from Section [/Script/Engine.RendererSettings] File [E:/Github/GEP/GEPProject/Saved/Config/Windows/Engine.ini]
[2021.03.01-14.12.50:337][  0]LogConfig: Setting CVar [[r.GPUCrashDebugging:0]]
[2021.03.01-14.12.50:337][  0]LogConfig: Applying CVar settings from Section [/Script/Engine.RendererOverrideSettings] File [E:/Github/GEP/GEPProject/Saved/Config/Windows/Engine.ini]
[2021.03.01-14.12.50:337][  0]LogConfig: Applying CVar settings from Section [/Script/Engine.StreamingSettings] File [E:/Github/GEP/GEPProject/Saved/Config/Windows/Engine.ini]
[2021.03.01-14.12.50:337][  0]LogConfig: Setting CVar [[s.MinBulkDataSizeForAsyncLoading:131072]]
[2021.03.01-14.12.50:337][  0]LogConfig: Setting CVar [[s.AsyncLoadingThreadEnabled:0]]
[2021.03.01-14.12.50:337][  0]LogConfig: Setting CVar [[s.EventDrivenLoaderEnabled:1]]
[2021.03.01-14.12.50:337][  0]LogConfig: Setting CVar [[s.WarnIfTimeLimitExceeded:0]]
[2021.03.01-14.12.50:337][  0]LogConfig: Setting CVar [[s.TimeLimitExceededMultiplier:1.5]]
[2021.03.01-14.12.50:337][  0]LogConfig: Setting CVar [[s.TimeLimitExceededMinTime:0.005]]
[2021.03.01-14.12.50:337][  0]LogConfig: Setting CVar [[s.UseBackgroundLevelStreaming:1]]
[2021.03.01-14.12.50:337][  0]LogConfig: Setting CVar [[s.PriorityAsyncLoadingExtraTime:15.0]]
[2021.03.01-14.12.50:337][  0]LogConfig: Setting CVar [[s.LevelStreamingActorsUpdateTimeLimit:5.0]]
[2021.03.01-14.12.50:338][  0]LogConfig: Setting CVar [[s.PriorityLevelStreamingActorsUpdateExtraTime:5.0]]
[2021.03.01-14.12.50:338][  0]LogConfig: Setting CVar [[s.LevelStreamingComponentsRegistrationGranularity:10]]
[2021.03.01-14.12.50:338][  0]LogConfig: Setting CVar [[s.UnregisterComponentsTimeLimit:1.0]]
[2021.03.01-14.12.50:338][  0]LogConfig: Setting CVar [[s.LevelStreamingComponentsUnregistrationGranularity:5]]
[2021.03.01-14.12.50:338][  0]LogConfig: Setting CVar [[s.FlushStreamingOnExit:1]]
[2021.03.01-14.12.50:338][  0]LogConfig: Applying CVar settings from Section [/Script/Engine.GarbageCollectionSettings] File [E:/Github/GEP/GEPProject/Saved/Config/Windows/Engine.ini]
[2021.03.01-14.12.50:338][  0]LogConfig: Setting CVar [[gc.MaxObjectsNotConsideredByGC:1]]
[2021.03.01-14.12.50:338][  0]LogConfig: Setting CVar [[gc.SizeOfPermanentObjectPool:0]]
[2021.03.01-14.12.50:338][  0]LogConfig: Setting CVar [[gc.FlushStreamingOnGC:0]]
[2021.03.01-14.12.50:338][  0]LogConfig: Setting CVar [[gc.NumRetriesBeforeForcingGC:10]]
[2021.03.01-14.12.50:338][  0]LogConfig: Setting CVar [[gc.AllowParallelGC:1]]
[2021.03.01-14.12.50:338][  0]LogConfig: Setting CVar [[gc.TimeBetweenPurgingPendingKillObjects:61.1]]
[2021.03.01-14.12.50:338][  0]LogConfig: Setting CVar [[gc.MaxObjectsInEditor:25165824]]
[2021.03.01-14.12.50:338][  0]LogConfig: Setting CVar [[gc.IncrementalBeginDestroyEnabled:1]]
[2021.03.01-14.12.50:338][  0]LogConfig: Setting CVar [[gc.CreateGCClusters:1]]
[2021.03.01-14.12.50:338][  0]LogConfig: Setting CVar [[gc.MinGCClusterSize:5]]
[2021.03.01-14.12.50:338][  0]LogConfig: Setting CVar [[gc.ActorClusteringEnabled:0]]
[2021.03.01-14.12.50:338][  0]LogConfig: Setting CVar [[gc.BlueprintClusteringEnabled:0]]
[2021.03.01-14.12.50:338][  0]LogConfig: Setting CVar [[gc.UseDisregardForGCOnDedicatedServers:0]]
[2021.03.01-14.12.50:338][  0]LogConfig: Applying CVar settings from Section [/Script/Engine.NetworkSettings] File [E:/Github/GEP/GEPProject/Saved/Config/Windows/Engine.ini]
[2021.03.01-14.12.50:338][  0]LogConfig: Applying CVar settings from Section [/Script/UnrealEd.CookerSettings] File [E:/Github/GEP/GEPProject/Saved/Config/Windows/Engine.ini]
[2021.03.01-14.12.50:342][  0]LogConfig: Applying CVar settings from Section [ViewDistanceQuality@3] File [E:/Github/GEP/GEPProject/Saved/Config/Windows/Scalability.ini]
[2021.03.01-14.12.50:342][  0]LogConfig: Setting CVar [[r.SkeletalMeshLODBias:0]]
[2021.03.01-14.12.50:342][  0]LogConfig: Setting CVar [[r.ViewDistanceScale:1.0]]
[2021.03.01-14.12.50:342][  0]LogConfig: Applying CVar settings from Section [AntiAliasingQuality@3] File [E:/Github/GEP/GEPProject/Saved/Config/Windows/Scalability.ini]
[2021.03.01-14.12.50:342][  0]LogConfig: Setting CVar [[r.PostProcessAAQuality:4]]
[2021.03.01-14.12.50:342][  0]LogConfig: Applying CVar settings from Section [ShadowQuality@3] File [E:/Github/GEP/GEPProject/Saved/Config/Windows/Scalability.ini]
[2021.03.01-14.12.50:342][  0]LogConfig: Setting CVar [[r.LightFunctionQuality:1]]
[2021.03.01-14.12.50:342][  0]LogConfig: Setting CVar [[r.ShadowQuality:5]]
[2021.03.01-14.12.50:342][  0]LogConfig: Setting CVar [[r.Shadow.CSM.MaxCascades:10]]
[2021.03.01-14.12.50:342][  0]LogConfig: Setting CVar [[r.Shadow.MaxResolution:2048]]
[2021.03.01-14.12.50:342][  0]LogConfig: Setting CVar [[r.Shadow.MaxCSMResolution:2048]]
[2021.03.01-14.12.50:342][  0]LogConfig: Setting CVar [[r.Shadow.RadiusThreshold:0.01]]
[2021.03.01-14.12.50:342][  0]LogConfig: Setting CVar [[r.Shadow.DistanceScale:1.0]]
[2021.03.01-14.12.50:342][  0]LogConfig: Setting CVar [[r.Shadow.CSM.TransitionScale:1.0]]
[2021.03.01-14.12.50:342][  0]LogConfig: Setting CVar [[r.Shadow.PreShadowResolutionFactor:1.0]]
[2021.03.01-14.12.50:342][  0]LogConfig: Setting CVar [[r.DistanceFieldShadowing:1]]
[2021.03.01-14.12.50:342][  0]LogConfig: Setting CVar [[r.DistanceFieldAO:1]]
[2021.03.01-14.12.50:342][  0]LogConfig: Setting CVar [[r.AOQuality:2]]
[2021.03.01-14.12.50:342][  0]LogConfig: Setting CVar [[r.VolumetricFog:1]]
[2021.03.01-14.12.50:342][  0]LogConfig: Setting CVar [[r.VolumetricFog.GridPixelSize:8]]
[2021.03.01-14.12.50:342][  0]LogConfig: Setting CVar [[r.VolumetricFog.GridSizeZ:128]]
[2021.03.01-14.12.50:342][  0]LogConfig: Setting CVar [[r.VolumetricFog.HistoryMissSupersampleCount:4]]
[2021.03.01-14.12.50:342][  0]LogConfig: Setting CVar [[r.LightMaxDrawDistanceScale:1]]
[2021.03.01-14.12.50:342][  0]LogConfig: Setting CVar [[r.CapsuleShadows:1]]
[2021.03.01-14.12.50:342][  0]LogConfig: Applying CVar settings from Section [PostProcessQuality@3] File [E:/Github/GEP/GEPProject/Saved/Config/Windows/Scalability.ini]
[2021.03.01-14.12.50:342][  0]LogConfig: Setting CVar [[r.MotionBlurQuality:4]]
[2021.03.01-14.12.50:342][  0]LogConfig: Setting CVar [[r.AmbientOcclusionMipLevelFactor:0.4]]
[2021.03.01-14.12.50:342][  0]LogConfig: Setting CVar [[r.AmbientOcclusionMaxQuality:100]]
[2021.03.01-14.12.50:343][  0]LogConfig: Setting CVar [[r.AmbientOcclusionLevels:-1]]
[2021.03.01-14.12.50:343][  0]LogConfig: Setting CVar [[r.AmbientOcclusionRadiusScale:1.0]]
[2021.03.01-14.12.50:343][  0]LogConfig: Setting CVar [[r.DepthOfFieldQuality:2]]
[2021.03.01-14.12.50:343][  0]LogConfig: Setting CVar [[r.RenderTargetPoolMin:400]]
[2021.03.01-14.12.50:343][  0]LogConfig: Setting CVar [[r.LensFlareQuality:2]]
[2021.03.01-14.12.50:343][  0]LogConfig: Setting CVar [[r.SceneColorFringeQuality:1]]
[2021.03.01-14.12.50:343][  0]LogConfig: Setting CVar [[r.EyeAdaptationQuality:2]]
[2021.03.01-14.12.50:343][  0]LogConfig: Setting CVar [[r.BloomQuality:5]]
[2021.03.01-14.12.50:343][  0]LogConfig: Setting CVar [[r.FastBlurThreshold:100]]
[2021.03.01-14.12.50:343][  0]LogConfig: Setting CVar [[r.Upscale.Quality:3]]
[2021.03.01-14.12.50:343][  0]LogConfig: Setting CVar [[r.Tonemapper.GrainQuantization:1]]
[2021.03.01-14.12.50:343][  0]LogConfig: Setting CVar [[r.LightShaftQuality:1]]
[2021.03.01-14.12.50:343][  0]LogConfig: Setting CVar [[r.Filter.SizeScale:1]]
[2021.03.01-14.12.50:343][  0]LogConfig: Setting CVar [[r.Tonemapper.Quality:5]]
[2021.03.01-14.12.50:343][  0]LogConfig: Setting CVar [[r.DOF.Gather.AccumulatorQuality:1        ; higher gathering accumulator quality]]
[2021.03.01-14.12.50:343][  0]LogConfig: Setting CVar [[r.DOF.Gather.PostfilterMethod:1          ; Median3x3 postfilering method]]
[2021.03.01-14.12.50:343][  0]LogConfig: Setting CVar [[r.DOF.Gather.EnableBokehSettings:0       ; no bokeh simulation when gathering]]
[2021.03.01-14.12.50:343][  0]LogConfig: Setting CVar [[r.DOF.Gather.RingCount:4                 ; medium number of samples when gathering]]
[2021.03.01-14.12.50:343][  0]LogConfig: Setting CVar [[r.DOF.Scatter.ForegroundCompositing:1    ; additive foreground scattering]]
[2021.03.01-14.12.50:343][  0]LogConfig: Setting CVar [[r.DOF.Scatter.BackgroundCompositing:2    ; additive background scattering]]
[2021.03.01-14.12.50:343][  0]LogConfig: Setting CVar [[r.DOF.Scatter.EnableBokehSettings:1      ; bokeh simulation when scattering]]
[2021.03.01-14.12.50:343][  0]LogConfig: Setting CVar [[r.DOF.Scatter.MaxSpriteRatio:0.1         ; only a maximum of 10% of scattered bokeh]]
[2021.03.01-14.12.50:343][  0]LogConfig: Setting CVar [[r.DOF.Recombine.Quality:1                ; cheap slight out of focus]]
[2021.03.01-14.12.50:343][  0]LogConfig: Setting CVar [[r.DOF.Recombine.EnableBokehSettings:0    ; no bokeh simulation on slight out of focus]]
[2021.03.01-14.12.50:343][  0]LogConfig: Setting CVar [[r.DOF.TemporalAAQuality:1                ; more stable temporal accumulation]]
[2021.03.01-14.12.50:343][  0]LogConfig: Setting CVar [[r.DOF.Kernel.MaxForegroundRadius:0.025]]
[2021.03.01-14.12.50:343][  0]LogConfig: Setting CVar [[r.DOF.Kernel.MaxBackgroundRadius:0.025]]
[2021.03.01-14.12.50:343][  0]LogConfig: Applying CVar settings from Section [TextureQuality@3] File [E:/Github/GEP/GEPProject/Saved/Config/Windows/Scalability.ini]
[2021.03.01-14.12.50:343][  0]LogConfig: Setting CVar [[r.Streaming.MipBias:0]]
[2021.03.01-14.12.50:343][  0]LogConfig: Setting CVar [[r.Streaming.AmortizeCPUToGPUCopy:0]]
[2021.03.01-14.12.50:343][  0]LogConfig: Setting CVar [[r.Streaming.MaxNumTexturesToStreamPerFrame:0]]
[2021.03.01-14.12.50:343][  0]LogConfig: Setting CVar [[r.Streaming.Boost:1]]
[2021.03.01-14.12.50:343][  0]LogConfig: Setting CVar [[r.MaxAnisotropy:8]]
[2021.03.01-14.12.50:343][  0]LogConfig: Setting CVar [[r.VT.MaxAnisotropy:8]]
[2021.03.01-14.12.50:343][  0]LogConfig: Setting CVar [[r.Streaming.LimitPoolSizeToVRAM:0]]
[2021.03.01-14.12.50:343][  0]LogConfig: Setting CVar [[r.Streaming.PoolSize:1000]]
[2021.03.01-14.12.50:343][  0]LogConfig: Setting CVar [[r.Streaming.MaxEffectiveScreenSize:0]]
[2021.03.01-14.12.50:343][  0]LogConfig: Applying CVar settings from Section [EffectsQuality@3] File [E:/Github/GEP/GEPProject/Saved/Config/Windows/Scalability.ini]
[2021.03.01-14.12.50:343][  0]LogConfig: Setting CVar [[r.TranslucencyLightingVolumeDim:64]]
[2021.03.01-14.12.50:343][  0]LogConfig: Setting CVar [[r.RefractionQuality:2]]
[2021.03.01-14.12.50:343][  0]LogConfig: Setting CVar [[r.SSR.Quality:3]]
[2021.03.01-14.12.50:343][  0]LogConfig: Setting CVar [[r.SSR.HalfResSceneColor:0]]
[2021.03.01-14.12.50:343][  0]LogConfig: Setting CVar [[r.SceneColorFormat:4]]
[2021.03.01-14.12.50:343][  0]LogConfig: Setting CVar [[r.DetailMode:2]]
[2021.03.01-14.12.50:343][  0]LogConfig: Setting CVar [[r.TranslucencyVolumeBlur:1]]
[2021.03.01-14.12.50:343][  0]LogConfig: Setting CVar [[r.MaterialQualityLevel:1 ; High quality]]
[2021.03.01-14.12.50:343][  0]LogConfig: Setting CVar [[r.SSS.Scale:1]]
[2021.03.01-14.12.50:343][  0]LogConfig: Setting CVar [[r.SSS.SampleSet:2]]
[2021.03.01-14.12.50:343][  0]LogConfig: Setting CVar [[r.SSS.Quality:1]]
[2021.03.01-14.12.50:343][  0]LogConfig: Setting CVar [[r.SSS.HalfRes:0]]
[2021.03.01-14.12.50:343][  0]LogConfig: Setting CVar [[r.SSGI.Quality:3]]
[2021.03.01-14.12.50:343][  0]LogConfig: Setting CVar [[r.EmitterSpawnRateScale:1.0]]
[2021.03.01-14.12.50:343][  0]LogConfig: Setting CVar [[r.ParticleLightQuality:2]]
[2021.03.01-14.12.50:343][  0]LogConfig: Setting CVar [[r.SkyAtmosphere.AerialPerspectiveLUT.FastApplyOnOpaque:1 ; Always have FastSkyLUT 1 in this case to avoid wrong sky]]
[2021.03.01-14.12.50:343][  0]LogConfig: Setting CVar [[r.SkyAtmosphere.AerialPerspectiveLUT.SampleCountPerSlice:1]]
[2021.03.01-14.12.50:343][  0]LogConfig: Setting CVar [[r.SkyAtmosphere.AerialPerspectiveLUT.DepthResolution:16.0]]
[2021.03.01-14.12.50:343][  0]LogConfig: Setting CVar [[r.SkyAtmosphere.FastSkyLUT:1]]
[2021.03.01-14.12.50:343][  0]LogConfig: Setting CVar [[r.SkyAtmosphere.FastSkyLUT.SampleCountMin:4.0]]
[2021.03.01-14.12.50:343][  0]LogConfig: Setting CVar [[r.SkyAtmosphere.FastSkyLUT.SampleCountMax:32.0]]
[2021.03.01-14.12.50:343][  0]LogConfig: Setting CVar [[r.SkyAtmosphere.SampleCountMin:4.0]]
[2021.03.01-14.12.50:343][  0]LogConfig: Setting CVar [[r.SkyAtmosphere.SampleCountMax:32.0]]
[2021.03.01-14.12.50:343][  0]LogConfig: Setting CVar [[r.SkyAtmosphere.TransmittanceLUT.UseSmallFormat:0]]
[2021.03.01-14.12.50:343][  0]LogConfig: Setting CVar [[r.SkyAtmosphere.TransmittanceLUT.SampleCount:10.0]]
[2021.03.01-14.12.50:343][  0]LogConfig: Setting CVar [[r.SkyAtmosphere.MultiScatteringLUT.SampleCount:15.0]]
[2021.03.01-14.12.50:343][  0]LogConfig: Applying CVar settings from Section [FoliageQuality@3] File [E:/Github/GEP/GEPProject/Saved/Config/Windows/Scalability.ini]
[2021.03.01-14.12.50:343][  0]LogConfig: Setting CVar [[foliage.DensityScale:1.0]]
[2021.03.01-14.12.50:343][  0]LogConfig: Setting CVar [[grass.DensityScale:1.0]]
[2021.03.01-14.12.50:343][  0]LogConfig: Applying CVar settings from Section [ShadingQuality@3] File [E:/Github/GEP/GEPProject/Saved/Config/Windows/Scalability.ini]
[2021.03.01-14.12.50:343][  0]LogConfig: Setting CVar [[r.HairStrands.SkyLighting.SampleCount:16]]
[2021.03.01-14.12.50:343][  0]LogConfig: Setting CVar [[r.HairStrands.SkyLighting.JitterIntegration:0]]
[2021.03.01-14.12.50:343][  0]LogConfig: Setting CVar [[r.HairStrands.SkyAO.SampleCount:16]]
[2021.03.01-14.12.50:343][  0]LogConfig: Setting CVar [[r.HairStrands.DeepShadow.SuperSampling:0]]
[2021.03.01-14.12.50:343][  0]LogConfig: Setting CVar [[r.HairStrands.VisibilityPPLL:0]]
[2021.03.01-14.12.50:343][  0]LogConfig: Setting CVar [[r.HairStrands.RasterizationScale:0.5]]
[2021.03.01-14.12.50:344][  0]LogConfig: Setting CVar [[r.HairStrands.VelocityRasterizationScale:1]]
[2021.03.01-14.12.50:344][  0]LogInit: Selected Device Profile: [Windows]
[2021.03.01-14.12.50:344][  0]LogInit: Applying CVar settings loaded from the selected device profile: [Windows]
[2021.03.01-14.12.50:344][  0]LogHAL: Display: Platform has ~ 16 GB [17123741696 / 17179869184 / 16], which maps to Larger [LargestMinGB=32, LargerMinGB=12, DefaultMinGB=8, SmallerMinGB=6, SmallestMinGB=0)
[2021.03.01-14.12.50:344][  0]LogInit: Going up to parent DeviceProfile []
[2021.03.01-14.12.50:344][  0]LogConfig: Applying CVar settings from Section [ViewDistanceQuality@3] File [E:/Github/GEP/GEPProject/Saved/Config/Windows/Scalability.ini]
[2021.03.01-14.12.50:344][  0]LogConfig: Setting CVar [[r.SkeletalMeshLODBias:0]]
[2021.03.01-14.12.50:344][  0]LogConfig: Setting CVar [[r.ViewDistanceScale:1.0]]
[2021.03.01-14.12.50:344][  0]LogConfig: Applying CVar settings from Section [AntiAliasingQuality@3] File [E:/Github/GEP/GEPProject/Saved/Config/Windows/Scalability.ini]
[2021.03.01-14.12.50:344][  0]LogConfig: Setting CVar [[r.PostProcessAAQuality:4]]
[2021.03.01-14.12.50:344][  0]LogConfig: Applying CVar settings from Section [ShadowQuality@3] File [E:/Github/GEP/GEPProject/Saved/Config/Windows/Scalability.ini]
[2021.03.01-14.12.50:344][  0]LogConfig: Setting CVar [[r.LightFunctionQuality:1]]
[2021.03.01-14.12.50:344][  0]LogConfig: Setting CVar [[r.ShadowQuality:5]]
[2021.03.01-14.12.50:344][  0]LogConfig: Setting CVar [[r.Shadow.CSM.MaxCascades:10]]
[2021.03.01-14.12.50:344][  0]LogConfig: Setting CVar [[r.Shadow.MaxResolution:2048]]
[2021.03.01-14.12.50:344][  0]LogConfig: Setting CVar [[r.Shadow.MaxCSMResolution:2048]]
[2021.03.01-14.12.50:344][  0]LogConfig: Setting CVar [[r.Shadow.RadiusThreshold:0.01]]
[2021.03.01-14.12.50:344][  0]LogConfig: Setting CVar [[r.Shadow.DistanceScale:1.0]]
[2021.03.01-14.12.50:344][  0]LogConfig: Setting CVar [[r.Shadow.CSM.TransitionScale:1.0]]
[2021.03.01-14.12.50:344][  0]LogConfig: Setting CVar [[r.Shadow.PreShadowResolutionFactor:1.0]]
[2021.03.01-14.12.50:344][  0]LogConfig: Setting CVar [[r.DistanceFieldShadowing:1]]
[2021.03.01-14.12.50:344][  0]LogConfig: Setting CVar [[r.DistanceFieldAO:1]]
[2021.03.01-14.12.50:344][  0]LogConfig: Setting CVar [[r.AOQuality:2]]
[2021.03.01-14.12.50:344][  0]LogConfig: Setting CVar [[r.VolumetricFog:1]]
[2021.03.01-14.12.50:344][  0]LogConfig: Setting CVar [[r.VolumetricFog.GridPixelSize:8]]
[2021.03.01-14.12.50:344][  0]LogConfig: Setting CVar [[r.VolumetricFog.GridSizeZ:128]]
[2021.03.01-14.12.50:344][  0]LogConfig: Setting CVar [[r.VolumetricFog.HistoryMissSupersampleCount:4]]
[2021.03.01-14.12.50:344][  0]LogConfig: Setting CVar [[r.LightMaxDrawDistanceScale:1]]
[2021.03.01-14.12.50:344][  0]LogConfig: Setting CVar [[r.CapsuleShadows:1]]
[2021.03.01-14.12.50:344][  0]LogConfig: Applying CVar settings from Section [PostProcessQuality@3] File [E:/Github/GEP/GEPProject/Saved/Config/Windows/Scalability.ini]
[2021.03.01-14.12.50:344][  0]LogConfig: Setting CVar [[r.MotionBlurQuality:4]]
[2021.03.01-14.12.50:344][  0]LogConfig: Setting CVar [[r.AmbientOcclusionMipLevelFactor:0.4]]
[2021.03.01-14.12.50:344][  0]LogConfig: Setting CVar [[r.AmbientOcclusionMaxQuality:100]]
[2021.03.01-14.12.50:344][  0]LogConfig: Setting CVar [[r.AmbientOcclusionLevels:-1]]
[2021.03.01-14.12.50:344][  0]LogConfig: Setting CVar [[r.AmbientOcclusionRadiusScale:1.0]]
[2021.03.01-14.12.50:344][  0]LogConfig: Setting CVar [[r.DepthOfFieldQuality:2]]
[2021.03.01-14.12.50:344][  0]LogConfig: Setting CVar [[r.RenderTargetPoolMin:400]]
[2021.03.01-14.12.50:344][  0]LogConfig: Setting CVar [[r.LensFlareQuality:2]]
[2021.03.01-14.12.50:344][  0]LogConfig: Setting CVar [[r.SceneColorFringeQuality:1]]
[2021.03.01-14.12.50:344][  0]LogConfig: Setting CVar [[r.EyeAdaptationQuality:2]]
[2021.03.01-14.12.50:344][  0]LogConfig: Setting CVar [[r.BloomQuality:5]]
[2021.03.01-14.12.50:344][  0]LogConfig: Setting CVar [[r.FastBlurThreshold:100]]
[2021.03.01-14.12.50:344][  0]LogConfig: Setting CVar [[r.Upscale.Quality:3]]
[2021.03.01-14.12.50:344][  0]LogConfig: Setting CVar [[r.Tonemapper.GrainQuantization:1]]
[2021.03.01-14.12.50:344][  0]LogConfig: Setting CVar [[r.LightShaftQuality:1]]
[2021.03.01-14.12.50:344][  0]LogConfig: Setting CVar [[r.Filter.SizeScale:1]]
[2021.03.01-14.12.50:344][  0]LogConfig: Setting CVar [[r.Tonemapper.Quality:5]]
[2021.03.01-14.12.50:344][  0]LogConfig: Setting CVar [[r.DOF.Gather.AccumulatorQuality:1        ; higher gathering accumulator quality]]
[2021.03.01-14.12.50:344][  0]LogConfig: Setting CVar [[r.DOF.Gather.PostfilterMethod:1          ; Median3x3 postfilering method]]
[2021.03.01-14.12.50:344][  0]LogConfig: Setting CVar [[r.DOF.Gather.EnableBokehSettings:0       ; no bokeh simulation when gathering]]
[2021.03.01-14.12.50:344][  0]LogConfig: Setting CVar [[r.DOF.Gather.RingCount:4                 ; medium number of samples when gathering]]
[2021.03.01-14.12.50:344][  0]LogConfig: Setting CVar [[r.DOF.Scatter.ForegroundCompositing:1    ; additive foreground scattering]]
[2021.03.01-14.12.50:344][  0]LogConfig: Setting CVar [[r.DOF.Scatter.BackgroundCompositing:2    ; additive background scattering]]
[2021.03.01-14.12.50:344][  0]LogConfig: Setting CVar [[r.DOF.Scatter.EnableBokehSettings:1      ; bokeh simulation when scattering]]
[2021.03.01-14.12.50:344][  0]LogConfig: Setting CVar [[r.DOF.Scatter.MaxSpriteRatio:0.1         ; only a maximum of 10% of scattered bokeh]]
[2021.03.01-14.12.50:344][  0]LogConfig: Setting CVar [[r.DOF.Recombine.Quality:1                ; cheap slight out of focus]]
[2021.03.01-14.12.50:344][  0]LogConfig: Setting CVar [[r.DOF.Recombine.EnableBokehSettings:0    ; no bokeh simulation on slight out of focus]]
[2021.03.01-14.12.50:344][  0]LogConfig: Setting CVar [[r.DOF.TemporalAAQuality:1                ; more stable temporal accumulation]]
[2021.03.01-14.12.50:344][  0]LogConfig: Setting CVar [[r.DOF.Kernel.MaxForegroundRadius:0.025]]
[2021.03.01-14.12.50:344][  0]LogConfig: Setting CVar [[r.DOF.Kernel.MaxBackgroundRadius:0.025]]
[2021.03.01-14.12.50:344][  0]LogConfig: Applying CVar settings from Section [TextureQuality@3] File [E:/Github/GEP/GEPProject/Saved/Config/Windows/Scalability.ini]
[2021.03.01-14.12.50:344][  0]LogConfig: Setting CVar [[r.Streaming.MipBias:0]]
[2021.03.01-14.12.50:344][  0]LogConfig: Setting CVar [[r.Streaming.AmortizeCPUToGPUCopy:0]]
[2021.03.01-14.12.50:344][  0]LogConfig: Setting CVar [[r.Streaming.MaxNumTexturesToStreamPerFrame:0]]
[2021.03.01-14.12.50:344][  0]LogConfig: Setting CVar [[r.Streaming.Boost:1]]
[2021.03.01-14.12.50:344][  0]LogConfig: Setting CVar [[r.MaxAnisotropy:8]]
[2021.03.01-14.12.50:344][  0]LogConfig: Setting CVar [[r.VT.MaxAnisotropy:8]]
[2021.03.01-14.12.50:344][  0]LogConfig: Setting CVar [[r.Streaming.LimitPoolSizeToVRAM:0]]
[2021.03.01-14.12.50:344][  0]LogConfig: Setting CVar [[r.Streaming.PoolSize:1000]]
[2021.03.01-14.12.50:344][  0]LogConfig: Setting CVar [[r.Streaming.MaxEffectiveScreenSize:0]]
[2021.03.01-14.12.50:344][  0]LogConfig: Applying CVar settings from Section [EffectsQuality@3] File [E:/Github/GEP/GEPProject/Saved/Config/Windows/Scalability.ini]
[2021.03.01-14.12.50:344][  0]LogConfig: Setting CVar [[r.TranslucencyLightingVolumeDim:64]]
[2021.03.01-14.12.50:344][  0]LogConfig: Setting CVar [[r.RefractionQuality:2]]
[2021.03.01-14.12.50:345][  0]LogConfig: Setting CVar [[r.SSR.Quality:3]]
[2021.03.01-14.12.50:345][  0]LogConfig: Setting CVar [[r.SSR.HalfResSceneColor:0]]
[2021.03.01-14.12.50:345][  0]LogConfig: Setting CVar [[r.SceneColorFormat:4]]
[2021.03.01-14.12.50:345][  0]LogConfig: Setting CVar [[r.DetailMode:2]]
[2021.03.01-14.12.50:345][  0]LogConfig: Setting CVar [[r.TranslucencyVolumeBlur:1]]
[2021.03.01-14.12.50:345][  0]LogConfig: Setting CVar [[r.MaterialQualityLevel:1 ; High quality]]
[2021.03.01-14.12.50:345][  0]LogConfig: Setting CVar [[r.SSS.Scale:1]]
[2021.03.01-14.12.50:345][  0]LogConfig: Setting CVar [[r.SSS.SampleSet:2]]
[2021.03.01-14.12.50:345][  0]LogConfig: Setting CVar [[r.SSS.Quality:1]]
[2021.03.01-14.12.50:345][  0]LogConfig: Setting CVar [[r.SSS.HalfRes:0]]
[2021.03.01-14.12.50:345][  0]LogConfig: Setting CVar [[r.SSGI.Quality:3]]
[2021.03.01-14.12.50:345][  0]LogConfig: Setting CVar [[r.EmitterSpawnRateScale:1.0]]
[2021.03.01-14.12.50:345][  0]LogConfig: Setting CVar [[r.ParticleLightQuality:2]]
[2021.03.01-14.12.50:345][  0]LogConfig: Setting CVar [[r.SkyAtmosphere.AerialPerspectiveLUT.FastApplyOnOpaque:1 ; Always have FastSkyLUT 1 in this case to avoid wrong sky]]
[2021.03.01-14.12.50:345][  0]LogConfig: Setting CVar [[r.SkyAtmosphere.AerialPerspectiveLUT.SampleCountPerSlice:1]]
[2021.03.01-14.12.50:345][  0]LogConfig: Setting CVar [[r.SkyAtmosphere.AerialPerspectiveLUT.DepthResolution:16.0]]
[2021.03.01-14.12.50:345][  0]LogConfig: Setting CVar [[r.SkyAtmosphere.FastSkyLUT:1]]
[2021.03.01-14.12.50:345][  0]LogConfig: Setting CVar [[r.SkyAtmosphere.FastSkyLUT.SampleCountMin:4.0]]
[2021.03.01-14.12.50:345][  0]LogConfig: Setting CVar [[r.SkyAtmosphere.FastSkyLUT.SampleCountMax:32.0]]
[2021.03.01-14.12.50:345][  0]LogConfig: Setting CVar [[r.SkyAtmosphere.SampleCountMin:4.0]]
[2021.03.01-14.12.50:345][  0]LogConfig: Setting CVar [[r.SkyAtmosphere.SampleCountMax:32.0]]
[2021.03.01-14.12.50:345][  0]LogConfig: Setting CVar [[r.SkyAtmosphere.TransmittanceLUT.UseSmallFormat:0]]
[2021.03.01-14.12.50:345][  0]LogConfig: Setting CVar [[r.SkyAtmosphere.TransmittanceLUT.SampleCount:10.0]]
[2021.03.01-14.12.50:345][  0]LogConfig: Setting CVar [[r.SkyAtmosphere.MultiScatteringLUT.SampleCount:15.0]]
[2021.03.01-14.12.50:345][  0]LogConfig: Applying CVar settings from Section [FoliageQuality@3] File [E:/Github/GEP/GEPProject/Saved/Config/Windows/Scalability.ini]
[2021.03.01-14.12.50:345][  0]LogConfig: Setting CVar [[foliage.DensityScale:1.0]]
[2021.03.01-14.12.50:345][  0]LogConfig: Setting CVar [[grass.DensityScale:1.0]]
[2021.03.01-14.12.50:345][  0]LogConfig: Applying CVar settings from Section [ShadingQuality@3] File [E:/Github/GEP/GEPProject/Saved/Config/Windows/Scalability.ini]
[2021.03.01-14.12.50:345][  0]LogConfig: Setting CVar [[r.HairStrands.SkyLighting.SampleCount:16]]
[2021.03.01-14.12.50:345][  0]LogConfig: Setting CVar [[r.HairStrands.SkyLighting.JitterIntegration:0]]
[2021.03.01-14.12.50:345][  0]LogConfig: Setting CVar [[r.HairStrands.SkyAO.SampleCount:16]]
[2021.03.01-14.12.50:345][  0]LogConfig: Setting CVar [[r.HairStrands.DeepShadow.SuperSampling:0]]
[2021.03.01-14.12.50:345][  0]LogConfig: Setting CVar [[r.HairStrands.VisibilityPPLL:0]]
[2021.03.01-14.12.50:345][  0]LogConfig: Setting CVar [[r.HairStrands.RasterizationScale:0.5]]
[2021.03.01-14.12.50:345][  0]LogConfig: Setting CVar [[r.HairStrands.VelocityRasterizationScale:1]]
[2021.03.01-14.12.50:345][  0]LogConfig: Applying CVar settings from Section [Startup] File [../../../Engine/Config/ConsoleVariables.ini]
[2021.03.01-14.12.50:345][  0]LogConfig: Setting CVar [[net.UseAdaptiveNetUpdateFrequency:0]]
[2021.03.01-14.12.50:345][  0]LogConfig: Setting CVar [[p.chaos.AllowCreatePhysxBodies:1]]
[2021.03.01-14.12.50:345][  0]LogConfig: Setting CVar [[fx.SkipVectorVMBackendOptimizations:1]]
[2021.03.01-14.12.50:345][  0]LogConfig: Applying CVar settings from Section [ConsoleVariables] File [E:/Github/GEP/GEPProject/Saved/Config/Windows/Engine.ini]
[2021.03.01-14.12.50:345][  0]LogInit: Computer: DESKTOP-8MPSU4G
[2021.03.01-14.12.50:345][  0]LogInit: User: cathan
[2021.03.01-14.12.50:345][  0]LogInit: CPU Page size=4096, Cores=8
[2021.03.01-14.12.50:345][  0]LogInit: High frequency timer resolution =10.000000 MHz
[2021.03.01-14.12.50:346][  0]LogMemory: Memory total: Physical=15.9GB (16GB approx)
[2021.03.01-14.12.50:346][  0]LogMemory: Platform Memory Stats for Windows
[2021.03.01-14.12.50:346][  0]LogMemory: Process Physical Memory: 117.54 MB used, 117.54 MB peak
[2021.03.01-14.12.50:346][  0]LogMemory: Process Virtual Memory: 106.13 MB used, 106.13 MB peak
[2021.03.01-14.12.50:346][  0]LogMemory: Physical Memory: 13802.00 MB used,  2528.47 MB free, 16330.47 MB total
[2021.03.01-14.12.50:346][  0]LogMemory: Virtual Memory: 5195.04 MB used,  134212536.00 MB free, 134217728.00 MB total
[2021.03.01-14.12.50:352][  0]LogWindows: WindowsPlatformFeatures enabled
[2021.03.01-14.12.50:412][  0]LogInit: Physics initialised using underlying interface: PhysX
[2021.03.01-14.12.50:413][  0]LogInit: Using OS detected language (en-GB).
[2021.03.01-14.12.50:413][  0]LogInit: Using OS detected locale (en-GB).
[2021.03.01-14.12.50:415][  0]LogTextLocalizationManager: No specific localization for 'en-GB' exists, so the 'en' localization will be used.
[2021.03.01-14.12.50:605][  0]LogInit: Setting process to per monitor DPI aware
[2021.03.01-14.12.50:655][  0]LogSlate: New Slate User Created.  User Index 0, Is Virtual User: 0
[2021.03.01-14.12.50:655][  0]LogSlate: Slate User Registered.  User Index 0, Is Virtual User: 0
[2021.03.01-14.12.50:891][  0]LogHMD: Failed to initialize OpenVR with code 110
[2021.03.01-14.12.50:891][  0]LogD3D11RHI: D3D11 min allowed feature level: 11_0
[2021.03.01-14.12.50:891][  0]LogD3D11RHI: D3D11 max allowed feature level: 11_0
[2021.03.01-14.12.50:891][  0]LogD3D11RHI: D3D11 adapters:
[2021.03.01-14.12.51:027][  0]LogD3D11RHI:    0. 'NVIDIA GeForce RTX 2060' (Feature Level 11_0)
[2021.03.01-14.12.51:027][  0]LogD3D11RHI:       5980/0/8165 MB DedicatedVideo/DedicatedSystem/SharedSystem, Outputs:2, VendorId:0x10de
[2021.03.01-14.12.51:030][  0]LogD3D11RHI:    1. 'Microsoft Basic Render Driver' (Feature Level 11_0)
[2021.03.01-14.12.51:030][  0]LogD3D11RHI:       0/0/8165 MB DedicatedVideo/DedicatedSystem/SharedSystem, Outputs:0, VendorId:0x1414
[2021.03.01-14.12.51:030][  0]LogD3D11RHI: Chosen D3D11 Adapter: 0
[2021.03.01-14.12.51:043][  0]LogD3D11RHI: Creating new Direct3DDevice
[2021.03.01-14.12.51:043][  0]LogD3D11RHI:     GPU DeviceId: 0x1f08 (for the marketing name, search the web for "GPU Device Id")
[2021.03.01-14.12.51:043][  0]LogWindows: EnumDisplayDevices:
[2021.03.01-14.12.51:044][  0]LogWindows:    0. 'NVIDIA GeForce RTX 2060' (P:1 D:1)
[2021.03.01-14.12.51:044][  0]LogWindows:    1. 'NVIDIA GeForce RTX 2060' (P:0 D:1)
[2021.03.01-14.12.51:044][  0]LogWindows:    2. 'NVIDIA GeForce RTX 2060' (P:0 D:0)
[2021.03.01-14.12.51:044][  0]LogWindows:    3. 'NVIDIA GeForce RTX 2060' (P:0 D:0)
[2021.03.01-14.12.51:044][  0]LogWindows: DebugString: FoundDriverCount:4 
[2021.03.01-14.12.51:044][  0]LogD3D11RHI:     Adapter Name: NVIDIA GeForce RTX 2060
[2021.03.01-14.12.51:044][  0]LogD3D11RHI:   Driver Version: 460.79 (internal:27.21.14.6079, unified:460.79)
[2021.03.01-14.12.51:044][  0]LogD3D11RHI:      Driver Date: 12-3-2020
[2021.03.01-14.12.51:045][  0]LogRHI: Texture pool is 4186 MB (70% of 5980 MB)
[2021.03.01-14.12.51:152][  0]LogD3D11RHI: RHI has support for 64 bit atomics
[2021.03.01-14.12.51:152][  0]LogD3D11RHI: Async texture creation enabled
[2021.03.01-14.12.51:152][  0]LogD3D11RHI: Array index from any shader is supported
[2021.03.01-14.12.51:175][  0]LogD3D11RHI: GPU Timing Frequency: 1000.000000 (Debug: 2 1)
[2021.03.01-14.12.51:482][  0]LogTargetPlatformManager: Display: Loaded TargetPlatform 'AllDesktop'
[2021.03.01-14.12.51:506][  0]LogTargetPlatformManager: Display: Loaded TargetPlatform 'Android'
[2021.03.01-14.12.51:506][  0]LogTargetPlatformManager: Display: Loaded TargetPlatform 'Android_ASTC'
[2021.03.01-14.12.51:506][  0]LogTargetPlatformManager: Display: Loaded TargetPlatform 'Android_DXT'
[2021.03.01-14.12.51:506][  0]LogTargetPlatformManager: Display: Loaded TargetPlatform 'Android_ETC2'
[2021.03.01-14.12.51:506][  0]LogTargetPlatformManager: Display: Loaded TargetPlatform 'AndroidClient'
[2021.03.01-14.12.51:506][  0]LogTargetPlatformManager: Display: Loaded TargetPlatform 'Android_ASTCClient'
[2021.03.01-14.12.51:506][  0]LogTargetPlatformManager: Display: Loaded TargetPlatform 'Android_DXTClient'
[2021.03.01-14.12.51:506][  0]LogTargetPlatformManager: Display: Loaded TargetPlatform 'Android_ETC2Client'
[2021.03.01-14.12.51:506][  0]LogTargetPlatformManager: Display: Loaded TargetPlatform 'Android_Multi'
[2021.03.01-14.12.51:506][  0]LogTargetPlatformManager: Display: Loaded TargetPlatform 'Android_MultiClient'
[2021.03.01-14.12.51:534][  0]LogTargetPlatformManager: Display: Loaded TargetPlatform 'IOSClient'
[2021.03.01-14.12.51:534][  0]LogTargetPlatformManager: Display: Loaded TargetPlatform 'IOS'
[2021.03.01-14.12.51:546][  0]LogTargetPlatformManager: Display: Loaded TargetPlatform 'Linux'
[2021.03.01-14.12.51:558][  0]LogTargetPlatformManager: Display: Loaded TargetPlatform 'LinuxNoEditor'
[2021.03.01-14.12.51:571][  0]LogTargetPlatformManager: Display: Loaded TargetPlatform 'LinuxClient'
[2021.03.01-14.12.51:583][  0]LogTargetPlatformManager: Display: Loaded TargetPlatform 'LinuxServer'
[2021.03.01-14.12.51:594][  0]LogTargetPlatformManager: Display: Loaded TargetPlatform 'LinuxAArch64NoEditor'
[2021.03.01-14.12.51:605][  0]LogTargetPlatformManager: Display: Loaded TargetPlatform 'LinuxAArch64Client'
[2021.03.01-14.12.51:615][  0]LogTargetPlatformManager: Display: Loaded TargetPlatform 'LinuxAArch64Server'
[2021.03.01-14.12.51:645][  0]LogTargetPlatformManager: Display: Loaded TargetPlatform 'Lumin'
[2021.03.01-14.12.51:645][  0]LogTargetPlatformManager: Display: Loaded TargetPlatform 'LuminClient'
[2021.03.01-14.12.51:663][  0]LogTargetPlatformManager: Display: Loaded TargetPlatform 'TVOSClient'
[2021.03.01-14.12.51:663][  0]LogTargetPlatformManager: Display: Loaded TargetPlatform 'TVOS'
[2021.03.01-14.12.51:674][  0]LogTargetPlatformManager: Display: Loaded TargetPlatform 'WindowsNoEditor'
[2021.03.01-14.12.51:689][  0]LogTargetPlatformManager: Display: Loaded TargetPlatform 'Windows'
[2021.03.01-14.12.51:701][  0]LogTargetPlatformManager: Display: Loaded TargetPlatform 'WindowsClient'
[2021.03.01-14.12.51:711][  0]LogTargetPlatformManager: Display: Loaded TargetPlatform 'WindowsServer'
[2021.03.01-14.12.51:712][  0]LogTargetPlatformManager: Display: Building Assets For Windows
[2021.03.01-14.12.51:722][  0]LogAudioDebug: Display: Lib vorbis DLL was dynamically loaded.
[2021.03.01-14.12.51:798][  0]LogShaderCompilers: Guid format shader working directory is 10 characters bigger than the processId version (../../../../../Github/GEP/GEPProject/Intermediate/Shaders/WorkingDirectory/13048/).
[2021.03.01-14.12.51:799][  0]LogShaderCompilers: Cleaned the shader compiler working directory 'C:/Users/cathan/AppData/Local/Temp/UnrealShaderWorkingDir/BCF53F8A420985D22D8E78848D055595/'.
[2021.03.01-14.12.51:799][  0]LogXGEController: Cleaning working directory: C:/Users/cathan/AppData/Local/Temp/UnrealXGEWorkingDir/
[2021.03.01-14.12.51:800][  0]LogXGEController: Cannot use XGE Controller as Incredibuild is not installed on this machine.
[2021.03.01-14.12.51:800][  0]LogShaderCompilers: Cannot use XGE Shader Compiler as Incredibuild is not installed on this machine.
[2021.03.01-14.12.51:800][  0]LogShaderCompilers: Display: Using Local Shader Compiler.
[2021.03.01-14.12.59:074][  0]LogDerivedDataCache: Display: Max Cache Size: 512 MB
[2021.03.01-14.12.59:274][  0]LogDerivedDataCache: Loaded boot cache 0.20s 77MB C:/Users/cathan/AppData/Local/UnrealEngine/4.25/DerivedDataCache/Boot.ddc.
[2021.03.01-14.12.59:274][  0]LogDerivedDataCache: Display: Loaded Boot cache: C:/Users/cathan/AppData/Local/UnrealEngine/4.25/DerivedDataCache/Boot.ddc
[2021.03.01-14.12.59:274][  0]LogDerivedDataCache: FDerivedDataBackendGraph:  Pak pak cache file ../../../../../Github/GEP/GEPProject/DerivedDataCache/DDC.ddp not found, will not use a pak cache.
[2021.03.01-14.12.59:274][  0]LogDerivedDataCache: Unable to find inner node Pak for hierarchical cache Hierarchy.
[2021.03.01-14.12.59:274][  0]LogDerivedDataCache: FDerivedDataBackendGraph:  CompressedPak pak cache file ../../../../../Github/GEP/GEPProject/DerivedDataCache/Compressed.ddp not found, will not use a pak cache.
[2021.03.01-14.12.59:274][  0]LogDerivedDataCache: Unable to find inner node CompressedPak for hierarchical cache Hierarchy.
[2021.03.01-14.12.59:285][  0]LogDerivedDataCache: Display: Pak cache opened for reading ../../../Engine/DerivedDataCache/Compressed.ddp.
[2021.03.01-14.12.59:285][  0]LogDerivedDataCache: FDerivedDataBackendGraph:  EnterprisePak pak cache file ../../../Enterprise/DerivedDataCache/Compressed.ddp not found, will not use a pak cache.
[2021.03.01-14.12.59:285][  0]LogDerivedDataCache: Unable to find inner node EnterprisePak for hierarchical cache Hierarchy.
[2021.03.01-14.12.59:286][  0]LogDerivedDataCache: Using Local data cache path C:/Users/cathan/AppData/Local/UnrealEngine/Common/DerivedDataCache: Writable
[2021.03.01-14.12.59:286][  0]LogDerivedDataCache: Shared data cache path not found in *engine.ini, will not use an Shared cache.
[2021.03.01-14.12.59:286][  0]LogDerivedDataCache: Unable to find inner node Shared for hierarchical cache Hierarchy.
[2021.03.01-14.12.59:338][  0]LogSlate: Using FreeType 2.10.0
[2021.03.01-14.12.59:340][  0]LogSlate: SlateFontServices - WITH_FREETYPE: 1, WITH_HARFBUZZ: 1
[2021.03.01-14.12.59:420][  0]LogAssetRegistry: FAssetRegistry took 0.0025 seconds to start up
[2021.03.01-14.12.59:673][  0]LogInit: Selected Device Profile: [Windows]
[2021.03.01-14.12.59:812][  0]LogMeshReduction: Using QuadricMeshReduction for automatic static mesh reduction
[2021.03.01-14.12.59:812][  0]LogMeshReduction: Using SimplygonMeshReduction for automatic skeletal mesh reduction
[2021.03.01-14.12.59:812][  0]LogMeshReduction: Using ProxyLODMeshReduction for automatic mesh merging
[2021.03.01-14.12.59:812][  0]LogMeshReduction: No distributed automatic mesh merging module available
[2021.03.01-14.12.59:812][  0]LogMeshMerging: No distributed automatic mesh merging module available
[2021.03.01-14.12.59:833][  0]LogNetVersion: GEPProject 1.0.0, NetCL: 13144385, EngineNetVer: 14, GameNetVer: 0 (Checksum: 386946200)
[2021.03.01-14.13.00:357][  0]LogAISub: UAISubsystem::UAISubsystem AISubsystem (000002607F18C2C0), frame # 0
[2021.03.01-14.13.00:357][  0]LogAISub: UAISubsystem::UAISubsystem AIPerceptionSystem (000002607F0D6AC0), frame # 0
[2021.03.01-14.13.00:358][  0]LogAISub: UAISubsystem::UAISubsystem EnvQueryManager (000002607F150800), frame # 0
[2021.03.01-14.13.00:437][  0]LogPackageLocalizationCache: Processed 19 localized package path(s) for 1 prioritized culture(s) in 0.070930 seconds
[2021.03.01-14.13.00:443][  0]LogUObjectArray: 15917 objects as part of root set at end of initial load.
[2021.03.01-14.13.00:443][  0]LogUObjectAllocator: 3965568 out of 0 bytes used by permanent object pool.
[2021.03.01-14.13.00:443][  0]LogUObjectArray: CloseDisregardForGC: 0/0 objects in disregard for GC pool
[2021.03.01-14.13.00:987][  0]LogTcpMessaging: Initializing TcpMessaging bridge
[2021.03.01-14.13.00:995][  0]LogUdpMessaging: Initializing bridge on interface 0.0.0.0:0 to multicast group 230.0.0.1:6666.
[2021.03.01-14.13.01:258][  0]SourceControl: Source control is disabled
[2021.03.01-14.13.01:259][  0]SourceControl: Source control is disabled
[2021.03.01-14.13.01:265][  0]SourceControl: Source control is disabled
[2021.03.01-14.13.01:270][  0]SourceControl: Source control is disabled
[2021.03.01-14.13.01:287][  0]SourceControl: Source control is disabled
[2021.03.01-14.13.01:676][  0]LogAndroidPermission: UAndroidPermissionCallbackProxy::GetInstance
[2021.03.01-14.13.01:708][  0]LogAudioCaptureCore: Display: No Audio Capture implementations found. Audio input will be silent.
[2021.03.01-14.13.01:708][  0]LogAudioCaptureCore: Display: No Audio Capture implementations found. Audio input will be silent.
[2021.03.01-14.13.01:778][  0]LogOcInput: OculusInput pre-init called
[2021.03.01-14.13.01:793][  0]LogWindows: Failed to load 'OVRPlugin.dll' (GetLastError=126)
[2021.03.01-14.13.01:793][  0]LogWindows: File 'OVRPlugin.dll' does not exist
[2021.03.01-14.13.01:872][  0]LogEngine: Initializing Engine...
[2021.03.01-14.13.01:873][  0]LogHMD: Failed to initialize OpenVR with code 110
[2021.03.01-14.13.01:873][  0]LogMagicLeap: Warning: VR disabled because ZI is not enabled.  To enable, in the editor, Edit -> Project Settings -> Plugins -> Magic Leap Plugin -> Enable Zero Iteration
[2021.03.01-14.13.01:874][  0]LogStats: UGameplayTagsManager::InitializeManager -  0.000 s
[2021.03.01-14.13.02:014][  0]LogInit: Initializing FReadOnlyCVARCache
[2021.03.01-14.13.02:029][  0]LogAIModule: Creating AISystem for world Untitled
[2021.03.01-14.13.02:029][  0]LogAISub: UAISubsystem::UAISubsystem EnvQueryManager (000002600724E400), frame # 0
[2021.03.01-14.13.02:029][  0]LogAISub: UAISubsystem::UAISubsystem AIPerceptionSystem (000002600728AE80), frame # 0
[2021.03.01-14.13.02:042][  0]LogAudioMixer: Display: Audio Mixer Platform Settings:
[2021.03.01-14.13.02:042][  0]LogAudioMixer: Display: 	Sample Rate:						  48000
[2021.03.01-14.13.02:042][  0]LogAudioMixer: Display: 	Callback Buffer Frame Size Requested: 1024
[2021.03.01-14.13.02:042][  0]LogAudioMixer: Display: 	Callback Buffer Frame Size To Use:	  1024
[2021.03.01-14.13.02:042][  0]LogAudioMixer: Display: 	Number of buffers to queue:			  2
[2021.03.01-14.13.02:042][  0]LogAudioMixer: Display: 	Max Channels (voices):				  32
[2021.03.01-14.13.02:042][  0]LogAudioMixer: Display: 	Number of Async Source Workers:		  0
[2021.03.01-14.13.02:042][  0]LogAudio: Display: AudioDevice MaxSources: 32
[2021.03.01-14.13.02:043][  0]LogAudio: Display: Using built-in audio occlusion.
[2021.03.01-14.13.02:043][  0]LogAudioMixer: Display: Initializing audio mixer.
[2021.03.01-14.13.02:063][  0]LogAudioMixer: Display: 0: FrontLeft
[2021.03.01-14.13.02:063][  0]LogAudioMixer: Display: 1: FrontRight
[2021.03.01-14.13.02:105][  0]LogAudioMixer: Display: Using Audio Device OUT 1-2 (BEHRINGER UMC 202HD 192k)
[2021.03.01-14.13.02:109][  0]LogAudioMixer: Display: Initializing Sound Submixes...
[2021.03.01-14.13.02:112][  0]LogAudioMixer: Display: Creating Master Submix 'MasterSubmixDefault'
[2021.03.01-14.13.02:112][  0]LogAudioMixer: Display: Creating Master Submix 'MasterReverbSubmixDefault'
[2021.03.01-14.13.02:115][  0]LogAudioMixer: Display: Creating Master Submix 'MasterEQSubmixDefault'
[2021.03.01-14.13.02:116][  0]LogInit: FAudioDevice initialized.
[2021.03.01-14.13.02:116][  0]LogNetVersion: Set ProjectVersion to 1.0.0.0. Version Checksum will be recalculated on next use.
[2021.03.01-14.13.02:211][  0]LogDerivedDataCache: Saved boot cache 0.09s 77MB C:/Users/cathan/AppData/Local/UnrealEngine/4.25/DerivedDataCache/Boot.ddc.
[2021.03.01-14.13.02:221][  0]LogInit: Texture streaming: Enabled
[2021.03.01-14.13.02:248][  0]LogEngineSessionManager: EngineSessionManager initialized
[2021.03.01-14.13.02:248][  0]LogEditorSessionSummary: Verbose: Initializing EditorSessionSummaryWriter for editor session tracking
[2021.03.01-14.13.02:255][  0]LogEditorSessionSummary: EditorSessionSummaryWriter initialized
[2021.03.01-14.13.02:354][  0]LogInit: Transaction tracking system initialized
[2021.03.01-14.13.02:394][  0]BlueprintLog: New page: Editor Load
[2021.03.01-14.13.02:507][  0]LocalizationService: Localization service is disabled
[2021.03.01-14.13.02:720][  0]LogCook: Display: Max memory allowance for cook 16384mb min free memory 0mb
[2021.03.01-14.13.02:720][  0]LogCook: Display: Mobile HDR setting 1
[2021.03.01-14.13.02:806][  0]LogFileCache: Scanning file cache for directory 'E:/Github/GEP/GEPProject/Content/' took 0.01s
[2021.03.01-14.13.03:178][  0]SourceControl: Source control is disabled
[2021.03.01-14.13.03:178][  0]LogUnrealEdMisc: Loading editor; pre map load, took 15.011
[2021.03.01-14.13.03:179][  0]Cmd: MAP LOAD FILE="../../../../../Github/GEP/GEPProject/Content/FirstPersonCPP/Maps/FirstPersonExampleMap.umap" TEMPLATE=0 SHOWPROGRESS=1 FEATURELEVEL=3
[2021.03.01-14.13.03:179][  0]LightingResults: New page: Lighting Build
[2021.03.01-14.13.03:181][  0]LogWorld: UWorld::CleanupWorld for Untitled, bSessionEnded=true, bCleanupResources=true
[2021.03.01-14.13.03:181][  0]LogSlate: InvalidateAllWidgets triggered.  All widgets were invalidated
[2021.03.01-14.13.03:181][  0]MapCheck: New page: Map Check
[2021.03.01-14.13.03:181][  0]LightingResults: New page: Lighting Build
[2021.03.01-14.13.03:203][  0]LogAISub: UAISubsystem::~UAISubsystem EnvQueryManager (000002600724E400), frame # 0
[2021.03.01-14.13.03:203][  0]LogAISub: UAISubsystem::~UAISubsystem AIPerceptionSystem (000002600728AE80), frame # 0
[2021.03.01-14.13.03:204][  0]LogUObjectHash: Compacting FUObjectHashTables data took   0.88ms
[2021.03.01-14.13.03:303][  0]LogAIModule: Creating AISystem for world FirstPersonExampleMap
[2021.03.01-14.13.03:303][  0]LogAISub: UAISubsystem::UAISubsystem EnvQueryManager (000002600F593E00), frame # 0
[2021.03.01-14.13.03:304][  0]LogAISub: UAISubsystem::UAISubsystem AIPerceptionSystem (0000026004DD60C0), frame # 0
[2021.03.01-14.13.03:309][  0]LogEditorServer: Finished looking for orphan Actors (0.000 secs)
[2021.03.01-14.13.03:332][  0]LogUObjectHash: Compacting FUObjectHashTables data took   0.89ms
[2021.03.01-14.13.03:333][  0]Cmd: MAP CHECKDEP NOCLEARLOG
[2021.03.01-14.13.03:333][  0]MapCheck: Map check complete: 0 Error(s), 0 Warning(s), took 0.177ms to complete.
[2021.03.01-14.13.03:333][  0]LogFileHelpers: Loading map 'FirstPersonExampleMap' took 0.154
[2021.03.01-14.13.03:337][  0]LogUnrealEdMisc: Total Editor Startup Time, took 15.169
[2021.03.01-14.13.03:459][  0]LogSlate: Updating window title bar state: overlay mode, drag disabled, window buttons hidden, title bar hidden
[2021.03.01-14.13.03:469][  0]LogSlate: Updating window title bar state: overlay mode, drag disabled, window buttons hidden, title bar hidden
[2021.03.01-14.13.03:478][  0]LogSlate: Updating window title bar state: overlay mode, drag disabled, window buttons hidden, title bar hidden
[2021.03.01-14.13.03:487][  0]LogSlate: Updating window title bar state: overlay mode, drag disabled, window buttons hidden, title bar hidden
[2021.03.01-14.13.03:496][  0]LogCollectionManager: Loaded 0 collections in 0.001095 seconds
[2021.03.01-14.13.03:516][  0]LogFileCache: Scanning file cache for directory 'E:/Github/GEP/GEPProject/Saved/Collections/' took 0.00s
[2021.03.01-14.13.03:516][  0]LogFileCache: Scanning file cache for directory 'E:/Github/GEP/GEPProject/Content/Developers/cathan/Collections/' took 0.00s
[2021.03.01-14.13.03:516][  0]LogFileCache: Scanning file cache for directory 'E:/Github/GEP/GEPProject/Content/Collections/' took 0.00s
[2021.03.01-14.13.03:516][  0]LogContentBrowser: Native class hierarchy populated in 0.0121 seconds. Added 3439 classes and 825 folders.
[2021.03.01-14.13.03:521][  0]LogContentBrowser: Native class hierarchy updated for 'WidgetCarousel' in 0.0005 seconds. Added 0 classes and 0 folders.
[2021.03.01-14.13.03:683][  0]LogContentBrowser: Native class hierarchy updated for 'AddContentDialog' in 0.0008 seconds. Added 0 classes and 0 folders.
[2021.03.01-14.13.03:685][  0]LogContentBrowser: Native class hierarchy updated for 'SceneOutliner' in 0.0006 seconds. Added 2 classes and 0 folders.
[2021.03.01-14.13.03:728][  0]LogSlate: Took 0.001628 seconds to synchronously load lazily loaded font '../../../Engine/Content/Slate/Fonts/Roboto-Regular.ttf' (155K)
[2021.03.01-14.13.03:733][  0]LogSlate: Took 0.002004 seconds to synchronously load lazily loaded font '../../../Engine/Content/Slate/Fonts/Roboto-Bold.ttf' (160K)
[2021.03.01-14.13.03:744][  0]LogSlate: Took 0.001289 seconds to synchronously load lazily loaded font '../../../Engine/Content/Editor/Slate/Fonts/FontAwesome.ttf' (139K)
[2021.03.01-14.13.03:838][  0]LogRenderer: Reallocating scene render targets to support 1208x572 Format 10 NumSamples 1 (Frame:1).
[2021.03.01-14.13.03:919][  0]LogSlate: Took 0.001138 seconds to synchronously load lazily loaded font '../../../Engine/Content/Slate/Fonts/Roboto-Light.ttf' (167K)
[2021.03.01-14.13.03:981][  0]LogContentBrowser: Native class hierarchy updated for 'HierarchicalLODOutliner' in 0.0005 seconds. Added 0 classes and 0 folders.
[2021.03.01-14.13.03:981][  0]LogLoad: (Engine Initialization) Total time: 15.81 seconds
[2021.03.01-14.13.03:981][  0]LogLoad: (Engine Initialization) Total Blueprint compile time: 0.00 seconds
[2021.03.01-14.13.04:006][  0]LogActor: Warning: BP_TestBlock_C /Engine/Transient.World_0:PersistentLevel.BP_TestBlock_C_0 has natively added scene component(s), but none of them were set as the actor's RootComponent - picking one arbitrarily
[2021.03.01-14.13.04:040][  0]LogAssetRegistry: Asset discovery search completed in 4.6213 seconds
[2021.03.01-14.13.04:046][  0]LogCollectionManager: Fixed up redirectors for 0 collections in 0.000003 seconds (updated 0 objects)
[2021.03.01-14.13.04:052][  0]LogContentStreaming: Texture pool size now 1000 MB
[2021.03.01-14.13.13:178][ 21]LogSlate: Took 0.000257 seconds to synchronously load lazily loaded font '../../../Engine/Content/Slate/Fonts/Roboto-Light.ttf' (167K)
[2021.03.01-14.13.13:236][ 21]LogSlate: WidgetSwitcher ('None') active index changed to -1
[2021.03.01-14.13.13:236][ 21]LogSlate: WidgetSwitcher ('None') active index changed to 0
[2021.03.01-14.13.13:309][ 21]LogSlate: Took 0.001119 seconds to synchronously load lazily loaded font '../../../Engine/Content/Slate/Fonts/Roboto-BoldCondensed.ttf' (158K)
[2021.03.01-14.13.21:649][903]LogSlate: WidgetSwitcher ('None') active index changed to 1
[2021.03.01-14.13.26:550][482]Running E:/epk/UE_4.25/Engine/Binaries/DotNET/UnrealBuildTool.exe  -projectfiles -project="E:/Github/GEP/GEPProject/GEPProject.uproject" -game -rocket -progress
[2021.03.01-14.13.26:955][482]Discovering modules, targets and source code for project...
[2021.03.01-14.13.28:857][482]Binding IntelliSense data...
[2021.03.01-14.13.30:876][482]Binding IntelliSense data... 100%
[2021.03.01-14.13.30:876][482]Writing project files...
[2021.03.01-14.13.36:384][482]Writing project files... 100%
[2021.03.01-14.13.36:493][482]Candidate modules for hot reload:
[2021.03.01-14.13.36:493][482]  GEPProject
[2021.03.01-14.13.36:493][482]Launching UnrealBuildTool... [E:/epk/UE_4.25/Engine/Binaries/DotNET/UnrealBuildTool.exe  -ModuleWithSuffix=GEPProject,1291 GEPProjectEditor Win64 Development -Project="E:/Github/GEP/GEPProject/GEPProject.uproject" "E:/Github/GEP/GEPProject/GEPProject.uproject"  -IgnoreJunk]
[2021.03.01-14.14.05:252][482]CompilerResultsLog: New page: Compilation - 1 Mar 2021, 14:14:05
[2021.03.01-14.14.05:253][482]CompilerResultsLog: Using 'git status' to determine working set for adaptive non-unity build (E:\Github\GEP).
[2021.03.01-14.14.05:253][482]CompilerResultsLog: Creating makefile for GEPProjectEditor (no existing makefile)
[2021.03.01-14.14.05:253][482]CompilerResultsLog: Parsing headers for GEPProjectEditor
[2021.03.01-14.14.05:253][482]CompilerResultsLog:   Running UnrealHeaderTool "E:\Github\GEP\GEPProject\GEPProject.uproject" "E:\Github\GEP\GEPProject\Intermediate\Build\Win64\GEPProjectEditor\Development\GEPProjectEditor.uhtmanifest" -LogCmds="loginit warning, logexit warning, logdatabase error" -Unattended -WarningsAsErrors -abslog="C:\Users\cathan\AppData\Local\UnrealBuildTool\Log_UHT.txt" -installed
[2021.03.01-14.14.05:253][482]CompilerResultsLog: Reflection code generated for GEPProjectEditor in 7.8455525 seconds
[2021.03.01-14.14.05:253][482]CompilerResultsLog: Building GEPProjectEditor...
[2021.03.01-14.14.05:253][482]CompilerResultsLog: Using Visual Studio 2019 14.24.28316 toolchain (C:\Program Files (x86)\Microsoft Visual Studio\2019\Community\VC\Tools\MSVC\14.24.28314) and Windows 10.0.18362.0 SDK (C:\Program Files (x86)\Windows Kits\10).
[2021.03.01-14.14.05:253][482]CompilerResultsLog: Building 6 actions with 16 processes...
[2021.03.01-14.14.05:253][482]CompilerResultsLog:   [1/6] GEPGameInstance.cpp
[2021.03.01-14.14.05:253][482]CompilerResultsLog:   [2/6] GEPProject.init.gen.cpp
[2021.03.01-14.14.05:253][482]CompilerResultsLog:   [3/6] GEPGameInstance.gen.cpp
[2021.03.01-14.14.05:253][482]CompilerResultsLog:   [4/6] UE4Editor-GEPProject-1291.lib
[2021.03.01-14.14.05:253][482]CompilerResultsLog:      Creating library E:\Github\GEP\GEPProject\Intermediate\Build\Win64\UE4Editor\Development\GEPProject\UE4Editor-GEPProject-1291.lib and object E:\Github\GEP\GEPProject\Intermediate\Build\Win64\UE4Editor\Development\GEPProject\UE4Editor-GEPProject-1291.exp
[2021.03.01-14.14.05:253][482]CompilerResultsLog:   [5/6] UE4Editor-GEPProject-1291.dll
[2021.03.01-14.14.05:253][482]CompilerResultsLog:      Creating library E:\Github\GEP\GEPProject\Intermediate\Build\Win64\UE4Editor\Development\GEPProject\UE4Editor-GEPProject-1291.suppressed.lib and object E:\Github\GEP\GEPProject\Intermediate\Build\Win64\UE4Editor\Development\GEPProject\UE4Editor-GEPProject-1291.suppressed.exp
[2021.03.01-14.14.05:253][482]CompilerResultsLog:   [6/6] GEPProjectEditor.target
[2021.03.01-14.14.05:253][482]CompilerResultsLog: Total time in Parallel executor: 18.49 seconds
[2021.03.01-14.14.05:253][482]CompilerResultsLog: Total execution time: 28.63 seconds
[2021.03.01-14.14.05:253][482]LogMainFrame: MainFrame: Module compiling took 28.768 seconds
[2021.03.01-14.14.05:293][482]LogClass: Could not find existing class GEPGameInstance in package /Script/GEPProject for HotReload, assuming new class
[2021.03.01-14.14.05:310][482]LogContentBrowser: Native class hierarchy updated for 'GEPProject' in 0.0007 seconds. Added 13 classes and 4 folders.
[2021.03.01-14.14.05:313][482]Display: HotReload successful (9 functions remapped  0 scriptstructs remapped)
[2021.03.01-14.14.05:375][482]LogContentBrowser: Native class hierarchy populated in 0.0147 seconds. Added 3440 classes and 825 folders.
[2021.03.01-14.14.05:375][482]Display: HotReload took 28.9s.
[2021.03.01-14.14.05:375][482]Warning: HotReload operation took 28.9s.
[2021.03.01-14.14.05:420][482]LogSlate: Window 'Add C++ Class' being destroyed
[2021.03.01-14.14.05:439][482]LogHotReload: New module detected: UE4Editor-GEPProject-1291.dll
[2021.03.01-14.14.05:516][483]LogHotReload: Starting Hot-Reload from IDE
[2021.03.01-14.14.05:628][483]LogContentBrowser: Native class hierarchy updated for 'GEPProject' in 0.0005 seconds. Added 13 classes and 4 folders.
[2021.03.01-14.14.05:630][483]Display: HotReload successful (0 functions remapped  0 scriptstructs remapped)
[2021.03.01-14.14.05:648][483]LogContentBrowser: Native class hierarchy populated in 0.0130 seconds. Added 3440 classes and 825 folders.
[2021.03.01-14.14.05:656][483]Display: HotReload took  0.1s.
[2021.03.01-14.14.26:190][287]LogSlate: Prevented a slow task dialog from being summoned while a context menu was open
[2021.03.01-14.14.28:718][546]LogSlate: Window 'Project Settings' being destroyed
[2021.03.01-14.14.28:725][546]LogSlate: Window 'Project Settings' being destroyed
[2021.03.01-14.14.29:748][655]LogTemp: Repeating last play command: Selected Viewport
[2021.03.01-14.14.29:777][655]LogPlayLevel: PlayLevel: No blueprints needed recompiling
[2021.03.01-14.14.29:778][655]PIE: New page: PIE session: FirstPersonExampleMap (1 Mar 2021, 14:14:29)
[2021.03.01-14.14.29:784][655]LogOnline: OSS: Creating online subsystem instance for: NULL
[2021.03.01-14.14.29:786][655]LogOnline: OSS: TryLoadSubsystemAndSetDefault: Loaded subsystem for module [NULL]
[2021.03.01-14.14.29:788][655]LogPlayLevel: Creating play world package: /Game/FirstPersonCPP/Maps/UEDPIE_0_FirstPersonExampleMap
[2021.03.01-14.14.29:806][655]LogPlayLevel: PIE: StaticDuplicateObject took: (0.018146s)
[2021.03.01-14.14.29:808][655]LogAIModule: Creating AISystem for world FirstPersonExampleMap
[2021.03.01-14.14.29:808][655]LogAISub: UAISubsystem::UAISubsystem EnvQueryManager (000002603296C400), frame # 3655
[2021.03.01-14.14.29:808][655]LogAISub: UAISubsystem::UAISubsystem AIPerceptionSystem (000002602E630F40), frame # 3655
[2021.03.01-14.14.29:809][655]LogPlayLevel: PIE: World Init took: (0.002411s)
[2021.03.01-14.14.29:809][655]LogPlayLevel: PIE: Created PIE world by copying editor world from /Game/FirstPersonCPP/Maps/FirstPersonExampleMap.FirstPersonExampleMap to /Game/FirstPersonCPP/Maps/UEDPIE_0_FirstPersonExampleMap.FirstPersonExampleMap (0.021131s)
[2021.03.01-14.14.29:825][655]LogUObjectHash: Compacting FUObjectHashTables data took   0.66ms
[2021.03.01-14.14.29:831][655]LogAudioMixer: Display: Audio Mixer Platform Settings:
[2021.03.01-14.14.29:831][655]LogAudioMixer: Display: 	Sample Rate:						  48000
[2021.03.01-14.14.29:831][655]LogAudioMixer: Display: 	Callback Buffer Frame Size Requested: 1024
[2021.03.01-14.14.29:831][655]LogAudioMixer: Display: 	Callback Buffer Frame Size To Use:	  1024
[2021.03.01-14.14.29:831][655]LogAudioMixer: Display: 	Number of buffers to queue:			  2
[2021.03.01-14.14.29:831][655]LogAudioMixer: Display: 	Max Channels (voices):				  32
[2021.03.01-14.14.29:831][655]LogAudioMixer: Display: 	Number of Async Source Workers:		  0
[2021.03.01-14.14.29:831][655]LogAudio: Display: AudioDevice MaxSources: 32
[2021.03.01-14.14.29:831][655]LogAudio: Display: Using built-in audio occlusion.
[2021.03.01-14.14.29:831][655]LogAudioMixer: Display: Initializing audio mixer.
[2021.03.01-14.14.29:839][655]LogAudioMixer: Display: 0: FrontLeft
[2021.03.01-14.14.29:839][655]LogAudioMixer: Display: 1: FrontRight
[2021.03.01-14.14.29:860][655]LogAudioMixer: Display: Using Audio Device OUT 1-2 (BEHRINGER UMC 202HD 192k)
[2021.03.01-14.14.29:860][655]LogAudioMixer: Display: Initializing Sound Submixes...
[2021.03.01-14.14.29:860][655]LogAudioMixer: Display: Creating Master Submix 'MasterSubmixDefault'
[2021.03.01-14.14.29:860][655]LogAudioMixer: Display: Creating Master Submix 'MasterReverbSubmixDefault'
[2021.03.01-14.14.29:861][655]LogAudioMixer: Display: Creating Master Submix 'MasterEQSubmixDefault'
[2021.03.01-14.14.29:876][655]LogInit: FAudioDevice initialized.
[2021.03.01-14.14.29:892][655]LogLoad: Game class is 'GEPProjectGameMode'
[2021.03.01-14.14.29:903][655]LogWorld: Bringing World /Game/FirstPersonCPP/Maps/UEDPIE_0_FirstPersonExampleMap.FirstPersonExampleMap up for play (max tick rate 0) at 2021.03.01-14.14.29
[2021.03.01-14.14.29:905][655]LogWorld: Bringing up level for play took: 0.003937
[2021.03.01-14.14.29:906][655]LogOnline: OSS: Creating online subsystem instance for: :Context_3
[2021.03.01-14.14.29:930][655]LogContentBrowser: Native class hierarchy updated for 'MovieSceneCapture' in 0.0005 seconds. Added 20 classes and 0 folders.
[2021.03.01-14.14.29:935][655]PIE: Server logged in
[2021.03.01-14.14.29:937][655]PIE: Play in editor total start time 0.168 seconds.
[2021.03.01-14.14.33:377][ 57]LogSlate: Updating window title bar state: overlay mode, drag disabled, window buttons hidden, title bar hidden
[2021.03.01-14.14.33:377][ 57]LogWorld: BeginTearingDown for /Game/FirstPersonCPP/Maps/UEDPIE_0_FirstPersonExampleMap
[2021.03.01-14.14.33:378][ 57]LogWorld: UWorld::CleanupWorld for FirstPersonExampleMap, bSessionEnded=true, bCleanupResources=true
[2021.03.01-14.14.33:379][ 57]LogSlate: InvalidateAllWidgets triggered.  All widgets were invalidated
[2021.03.01-14.14.33:390][ 57]LogPlayLevel: Display: Shutting down PIE online subsystems
[2021.03.01-14.14.33:392][ 57]LogSlate: InvalidateAllWidgets triggered.  All widgets were invalidated
[2021.03.01-14.14.33:428][ 57]LogSlate: Updating window title bar state: overlay mode, drag disabled, window buttons hidden, title bar hidden
[2021.03.01-14.14.33:432][ 57]LogAISub: UAISubsystem::~UAISubsystem EnvQueryManager (000002603296C400), frame # 4057
[2021.03.01-14.14.33:432][ 57]LogAISub: UAISubsystem::~UAISubsystem AIPerceptionSystem (000002602E630F40), frame # 4057
[2021.03.01-14.14.33:433][ 57]LogUObjectHash: Compacting FUObjectHashTables data took   0.64ms
[2021.03.01-14.14.33:471][ 58]LogPlayLevel: Display: Destroying online subsystem :Context_3
[2021.03.01-14.14.34:158][135]Candidate modules for hot reload:
[2021.03.01-14.14.34:158][135]  GEPProject
[2021.03.01-14.14.34:158][135]Launching UnrealBuildTool... [E:/epk/UE_4.25/Engine/Binaries/DotNET/UnrealBuildTool.exe  -ModuleWithSuffix=GEPProject,4159 GEPProjectEditor Win64 Development -Project="E:/Github/GEP/GEPProject/GEPProject.uproject" "E:/Github/GEP/GEPProject/GEPProject.uproject"  -IgnoreJunk]
[2021.03.01-14.14.34:161][135]Warning: Starting HotReload took  0.0s.
[2021.03.01-14.14.36:441][371]CompilerResultsLog: New page: Compilation - 1 Mar 2021, 14:14:36
[2021.03.01-14.14.36:442][371]CompilerResultsLog: Using 'git status' to determine working set for adaptive non-unity build (E:\Github\GEP).
[2021.03.01-14.14.36:442][371]CompilerResultsLog: Building GEPProjectEditor...
[2021.03.01-14.14.36:442][371]CompilerResultsLog: Using Visual Studio 2019 14.24.28316 toolchain (C:\Program Files (x86)\Microsoft Visual Studio\2019\Community\VC\Tools\MSVC\14.24.28314) and Windows 10.0.18362.0 SDK (C:\Program Files (x86)\Windows Kits\10).
[2021.03.01-14.14.36:442][371]CompilerResultsLog: Building 3 actions with 16 processes...
[2021.03.01-14.14.36:442][371]CompilerResultsLog:   [1/3] UE4Editor-GEPProject-4159.lib
[2021.03.01-14.14.36:442][371]CompilerResultsLog:      Creating library E:\Github\GEP\GEPProject\Intermediate\Build\Win64\UE4Editor\Development\GEPProject\UE4Editor-GEPProject-4159.lib and object E:\Github\GEP\GEPProject\Intermediate\Build\Win64\UE4Editor\Development\GEPProject\UE4Editor-GEPProject-4159.exp
[2021.03.01-14.14.36:442][371]CompilerResultsLog:   [2/3] UE4Editor-GEPProject-4159.dll
[2021.03.01-14.14.36:442][371]CompilerResultsLog:      Creating library E:\Github\GEP\GEPProject\Intermediate\Build\Win64\UE4Editor\Development\GEPProject\UE4Editor-GEPProject-4159.suppressed.lib and object E:\Github\GEP\GEPProject\Intermediate\Build\Win64\UE4Editor\Development\GEPProject\UE4Editor-GEPProject-4159.suppressed.exp
[2021.03.01-14.14.36:442][371]CompilerResultsLog:   [3/3] GEPProjectEditor.target
[2021.03.01-14.14.36:442][371]CompilerResultsLog: Total time in Parallel executor: 1.34 seconds
[2021.03.01-14.14.36:442][371]CompilerResultsLog: Total execution time: 2.17 seconds
[2021.03.01-14.14.36:442][371]LogMainFrame: MainFrame: Module compiling took 2.289 seconds
[2021.03.01-14.14.36:494][371]LogContentBrowser: Native class hierarchy updated for 'GEPProject' in 0.0007 seconds. Added 13 classes and 4 folders.
[2021.03.01-14.14.36:496][371]Display: HotReload successful (9 functions remapped  0 scriptstructs remapped)
[2021.03.01-14.14.36:540][371]LogContentBrowser: Native class hierarchy populated in 0.0119 seconds. Added 3440 classes and 825 folders.
[2021.03.01-14.14.36:540][371]Display: HotReload took  2.4s.
[2021.03.01-14.14.38:596][613]LogTemp: Repeating last play command: Selected Viewport
[2021.03.01-14.14.38:621][613]LogPlayLevel: PlayLevel: No blueprints needed recompiling
[2021.03.01-14.14.38:621][613]PIE: New page: PIE session: FirstPersonExampleMap (1 Mar 2021, 14:14:38)
[2021.03.01-14.14.38:646][613]LogPlayLevel: Creating play world package: /Game/FirstPersonCPP/Maps/UEDPIE_0_FirstPersonExampleMap
[2021.03.01-14.14.38:657][613]LogPlayLevel: PIE: StaticDuplicateObject took: (0.010768s)
[2021.03.01-14.14.38:658][613]LogAIModule: Creating AISystem for world FirstPersonExampleMap
[2021.03.01-14.14.38:658][613]LogAISub: UAISubsystem::UAISubsystem EnvQueryManager (000002602219A800), frame # 4613
[2021.03.01-14.14.38:659][613]LogAISub: UAISubsystem::UAISubsystem AIPerceptionSystem (0000026086722840), frame # 4613
[2021.03.01-14.14.38:659][613]LogPlayLevel: PIE: World Init took: (0.002029s)
[2021.03.01-14.14.38:659][613]LogPlayLevel: PIE: Created PIE world by copying editor world from /Game/FirstPersonCPP/Maps/FirstPersonExampleMap.FirstPersonExampleMap to /Game/FirstPersonCPP/Maps/UEDPIE_0_FirstPersonExampleMap.FirstPersonExampleMap (0.013039s)
[2021.03.01-14.14.38:674][613]LogUObjectHash: Compacting FUObjectHashTables data took   0.70ms
[2021.03.01-14.14.38:679][613]LogAudioMixer: Display: Audio Mixer Platform Settings:
[2021.03.01-14.14.38:679][613]LogAudioMixer: Display: 	Sample Rate:						  48000
[2021.03.01-14.14.38:679][613]LogAudioMixer: Display: 	Callback Buffer Frame Size Requested: 1024
[2021.03.01-14.14.38:679][613]LogAudioMixer: Display: 	Callback Buffer Frame Size To Use:	  1024
[2021.03.01-14.14.38:679][613]LogAudioMixer: Display: 	Number of buffers to queue:			  2
[2021.03.01-14.14.38:679][613]LogAudioMixer: Display: 	Max Channels (voices):				  32
[2021.03.01-14.14.38:679][613]LogAudioMixer: Display: 	Number of Async Source Workers:		  0
[2021.03.01-14.14.38:679][613]LogAudio: Display: AudioDevice MaxSources: 32
[2021.03.01-14.14.38:680][613]LogAudio: Display: Using built-in audio occlusion.
[2021.03.01-14.14.38:680][613]LogAudioMixer: Display: Initializing audio mixer.
[2021.03.01-14.14.38:688][613]LogAudioMixer: Display: 0: FrontLeft
[2021.03.01-14.14.38:688][613]LogAudioMixer: Display: 1: FrontRight
[2021.03.01-14.14.38:708][613]LogAudioMixer: Display: Using Audio Device OUT 1-2 (BEHRINGER UMC 202HD 192k)
[2021.03.01-14.14.38:708][613]LogAudioMixer: Display: Initializing Sound Submixes...
[2021.03.01-14.14.38:708][613]LogAudioMixer: Display: Creating Master Submix 'MasterSubmixDefault'
[2021.03.01-14.14.38:708][613]LogAudioMixer: Display: Creating Master Submix 'MasterReverbSubmixDefault'
[2021.03.01-14.14.38:709][613]LogAudioMixer: Display: Creating Master Submix 'MasterEQSubmixDefault'
[2021.03.01-14.14.38:721][613]LogInit: FAudioDevice initialized.
[2021.03.01-14.14.38:729][613]LogLoad: Game class is 'GEPProjectGameMode'
[2021.03.01-14.14.38:731][613]LogWorld: Bringing World /Game/FirstPersonCPP/Maps/UEDPIE_0_FirstPersonExampleMap.FirstPersonExampleMap up for play (max tick rate 0) at 2021.03.01-14.14.38
[2021.03.01-14.14.38:731][613]LogWorld: Bringing up level for play took: 0.001480
[2021.03.01-14.14.38:732][613]LogOnline: OSS: Creating online subsystem instance for: :Context_4
[2021.03.01-14.14.38:734][613]PIE: Server logged in
[2021.03.01-14.14.38:735][613]PIE: Play in editor total start time 0.118 seconds.
[2021.03.01-14.14.40:748][848]LogSlate: Updating window title bar state: overlay mode, drag disabled, window buttons hidden, title bar hidden
[2021.03.01-14.14.40:748][848]LogWorld: BeginTearingDown for /Game/FirstPersonCPP/Maps/UEDPIE_0_FirstPersonExampleMap
[2021.03.01-14.14.40:748][848]LogWorld: UWorld::CleanupWorld for FirstPersonExampleMap, bSessionEnded=true, bCleanupResources=true
[2021.03.01-14.14.40:749][848]LogSlate: InvalidateAllWidgets triggered.  All widgets were invalidated
[2021.03.01-14.14.40:759][848]LogPlayLevel: Display: Shutting down PIE online subsystems
[2021.03.01-14.14.40:761][848]LogSlate: InvalidateAllWidgets triggered.  All widgets were invalidated
[2021.03.01-14.14.40:790][848]LogSlate: Updating window title bar state: overlay mode, drag disabled, window buttons hidden, title bar hidden
[2021.03.01-14.14.40:791][848]LogAISub: UAISubsystem::~UAISubsystem AIPerceptionSystem (0000026086722840), frame # 4848
[2021.03.01-14.14.40:791][848]LogAISub: UAISubsystem::~UAISubsystem EnvQueryManager (000002602219A800), frame # 4848
[2021.03.01-14.14.40:792][848]LogUObjectHash: Compacting FUObjectHashTables data took   0.71ms
[2021.03.01-14.14.40:826][849]LogPlayLevel: Display: Destroying online subsystem :Context_4
[2021.03.01-14.22.59:194][712]LogSlate: WidgetSwitcher ('None') active index changed to -1
[2021.03.01-14.22.59:194][712]LogSlate: WidgetSwitcher ('None') active index changed to 0
[2021.03.01-14.23.05:956][422]LogSlate: WidgetSwitcher ('None') active index changed to 1
[2021.03.01-14.23.09:921][890]Running E:/epk/UE_4.25/Engine/Binaries/DotNET/UnrealBuildTool.exe  -projectfiles -project="E:/Github/GEP/GEPProject/GEPProject.uproject" -game -rocket -progress
[2021.03.01-14.23.10:325][890]Discovering modules, targets and source code for project...
[2021.03.01-14.23.12:928][890]Binding IntelliSense data...
[2021.03.01-14.23.19:248][890]Binding IntelliSense data... 100%
[2021.03.01-14.23.19:248][890]Writing project files...
[2021.03.01-14.23.32:867][890]Writing project files... 67%
[2021.03.01-14.23.32:867][890]Writing project files... 100%
[2021.03.01-14.23.32:975][890]Candidate modules for hot reload:
[2021.03.01-14.23.32:975][890]  GEPProject
[2021.03.01-14.23.32:975][890]Launching UnrealBuildTool... [E:/epk/UE_4.25/Engine/Binaries/DotNET/UnrealBuildTool.exe  -ModuleWithSuffix=GEPProject,2432 GEPProjectEditor Win64 Development -Project="E:/Github/GEP/GEPProject/GEPProject.uproject" "E:/Github/GEP/GEPProject/GEPProject.uproject"  -IgnoreJunk]
[2021.03.01-14.25.08:209][890]CompilerResultsLog: New page: Compilation - 1 Mar 2021, 14:25:08
[2021.03.01-14.25.08:210][890]CompilerResultsLog: Using 'git status' to determine working set for adaptive non-unity build (E:\Github\GEP).
[2021.03.01-14.25.08:210][890]CompilerResultsLog: Creating makefile for GEPProjectEditor (no existing makefile)
[2021.03.01-14.25.08:210][890]CompilerResultsLog: Parsing headers for GEPProjectEditor
[2021.03.01-14.25.08:210][890]CompilerResultsLog:   Running UnrealHeaderTool "E:\Github\GEP\GEPProject\GEPProject.uproject" "E:\Github\GEP\GEPProject\Intermediate\Build\Win64\GEPProjectEditor\Development\GEPProjectEditor.uhtmanifest" -LogCmds="loginit warning, logexit warning, logdatabase error" -Unattended -WarningsAsErrors -abslog="C:\Users\cathan\AppData\Local\UnrealBuildTool\Log_UHT.txt" -installed
[2021.03.01-14.25.08:210][890]CompilerResultsLog: Reflection code generated for GEPProjectEditor in 7.2285049 seconds
[2021.03.01-14.25.08:210][890]CompilerResultsLog: Building GEPProjectEditor...
[2021.03.01-14.25.08:210][890]CompilerResultsLog: Using Visual Studio 2019 14.24.28316 toolchain (C:\Program Files (x86)\Microsoft Visual Studio\2019\Community\VC\Tools\MSVC\14.24.28314) and Windows 10.0.18362.0 SDK (C:\Program Files (x86)\Windows Kits\10).
[2021.03.01-14.25.08:210][890]CompilerResultsLog: Building 8 actions with 16 processes...
[2021.03.01-14.25.08:210][890]CompilerResultsLog:   [1/8] GEPProject.init.gen.cpp
[2021.03.01-14.25.08:210][890]CompilerResultsLog:   [2/8] EventSystem.cpp
[2021.03.01-14.25.08:210][890]CompilerResultsLog:   [3/8] GEPGameInstance.cpp
[2021.03.01-14.25.08:210][890]CompilerResultsLog:   [4/8] TestBlock.cpp
[2021.03.01-14.25.08:210][890]CompilerResultsLog:   [5/8] GEPGameInstance.gen.cpp
[2021.03.01-14.25.08:210][890]CompilerResultsLog:   [6/8] UE4Editor-GEPProject-2432.lib
[2021.03.01-14.25.08:210][890]CompilerResultsLog:      Creating library E:\Github\GEP\GEPProject\Intermediate\Build\Win64\UE4Editor\Development\GEPProject\UE4Editor-GEPProject-2432.lib and object E:\Github\GEP\GEPProject\Intermediate\Build\Win64\UE4Editor\Development\GEPProject\UE4Editor-GEPProject-2432.exp
[2021.03.01-14.25.08:210][890]CompilerResultsLog:   [7/8] UE4Editor-GEPProject-2432.dll
[2021.03.01-14.25.08:210][890]CompilerResultsLog:      Creating library E:\Github\GEP\GEPProject\Intermediate\Build\Win64\UE4Editor\Development\GEPProject\UE4Editor-GEPProject-2432.suppressed.lib and object E:\Github\GEP\GEPProject\Intermediate\Build\Win64\UE4Editor\Development\GEPProject\UE4Editor-GEPProject-2432.suppressed.exp
[2021.03.01-14.25.08:210][890]CompilerResultsLog:   [8/8] GEPProjectEditor.target
[2021.03.01-14.25.08:210][890]CompilerResultsLog: Total time in Parallel executor: 85.64 seconds
[2021.03.01-14.25.08:210][890]CompilerResultsLog: Total execution time: 95.10 seconds
[2021.03.01-14.25.08:210][890]LogMainFrame: MainFrame: Module compiling took 95.241 seconds
[2021.03.01-14.25.08:272][890]LogClass: Could not find existing class GEPGameInstance in package /Script/GEPProject for HotReload, assuming new class
[2021.03.01-14.25.08:301][890]LogHotReload: Re-instancing GEPGameInstance after hot-reload.
[2021.03.01-14.25.08:324][890]LogContentBrowser: Native class hierarchy updated for 'GEPProject' in 0.0009 seconds. Added 13 classes and 4 folders.
[2021.03.01-14.25.08:328][890]Display: HotReload successful (9 functions remapped  0 scriptstructs remapped)
[2021.03.01-14.25.08:390][890]LogContentBrowser: Native class hierarchy populated in 0.0176 seconds. Added 3440 classes and 825 folders.
[2021.03.01-14.25.08:390][890]Display: HotReload took 95.4s.
[2021.03.01-14.25.08:399][890]Warning: HotReload operation took 95.4s.
[2021.03.01-14.25.08:441][890]LogSlate: Window 'Add C++ Class' being destroyed
[2021.03.01-14.25.08:460][890]LogHotReload: New module detected: UE4Editor-GEPProject-2432.dll
[2021.03.01-14.25.08:539][891]LogHotReload: Starting Hot-Reload from IDE
[2021.03.01-14.25.08:681][891]LogContentBrowser: Native class hierarchy updated for 'GEPProject' in 0.0020 seconds. Added 13 classes and 4 folders.
[2021.03.01-14.25.08:686][891]Display: HotReload successful (0 functions remapped  0 scriptstructs remapped)
[2021.03.01-14.25.08:719][891]LogContentBrowser: Native class hierarchy populated in 0.0207 seconds. Added 3440 classes and 825 folders.
[2021.03.01-14.25.08:729][891]Display: HotReload took  0.2s.
